[2021-10-24 22:55:13,120] {processor.py:163} INFO - Started process (PID=49) to work on /home/airflow/.local/lib/python3.6/site-packages/airflow/example_dags/example_branch_day_of_week_operator.py
[2021-10-24 22:55:13,121] {processor.py:620} INFO - Processing file /home/airflow/.local/lib/python3.6/site-packages/airflow/example_dags/example_branch_day_of_week_operator.py for tasks to queue
[2021-10-24 22:55:13,122] {logging_mixin.py:109} INFO - [2021-10-24 22:55:13,122] {dagbag.py:500} INFO - Filling up the DagBag from /home/airflow/.local/lib/python3.6/site-packages/airflow/example_dags/example_branch_day_of_week_operator.py
[2021-10-24 22:55:13,153] {processor.py:632} INFO - DAG(s) dict_keys(['example_weekday_branch_operator']) retrieved from /home/airflow/.local/lib/python3.6/site-packages/airflow/example_dags/example_branch_day_of_week_operator.py
[2021-10-24 22:55:13,168] {logging_mixin.py:109} INFO - [2021-10-24 22:55:13,168] {dag.py:2389} INFO - Sync 1 DAGs
[2021-10-24 22:55:13,193] {logging_mixin.py:109} INFO - [2021-10-24 22:55:13,193] {dag.py:2914} INFO - Setting next_dagrun for example_weekday_branch_operator to 2021-10-23 00:00:00+00:00
[2021-10-24 22:55:13,202] {processor.py:171} INFO - Processing /home/airflow/.local/lib/python3.6/site-packages/airflow/example_dags/example_branch_day_of_week_operator.py took 0.085 seconds
[2021-10-24 22:55:44,197] {processor.py:163} INFO - Started process (PID=113) to work on /home/airflow/.local/lib/python3.6/site-packages/airflow/example_dags/example_branch_day_of_week_operator.py
[2021-10-24 22:55:44,198] {processor.py:620} INFO - Processing file /home/airflow/.local/lib/python3.6/site-packages/airflow/example_dags/example_branch_day_of_week_operator.py for tasks to queue
[2021-10-24 22:55:44,199] {logging_mixin.py:109} INFO - [2021-10-24 22:55:44,199] {dagbag.py:500} INFO - Filling up the DagBag from /home/airflow/.local/lib/python3.6/site-packages/airflow/example_dags/example_branch_day_of_week_operator.py
[2021-10-24 22:55:44,234] {processor.py:632} INFO - DAG(s) dict_keys(['example_weekday_branch_operator']) retrieved from /home/airflow/.local/lib/python3.6/site-packages/airflow/example_dags/example_branch_day_of_week_operator.py
[2021-10-24 22:55:44,247] {logging_mixin.py:109} INFO - [2021-10-24 22:55:44,247] {dag.py:2389} INFO - Sync 1 DAGs
[2021-10-24 22:55:44,269] {logging_mixin.py:109} INFO - [2021-10-24 22:55:44,269] {dag.py:2914} INFO - Setting next_dagrun for example_weekday_branch_operator to 2021-10-23 00:00:00+00:00
[2021-10-24 22:55:44,279] {processor.py:171} INFO - Processing /home/airflow/.local/lib/python3.6/site-packages/airflow/example_dags/example_branch_day_of_week_operator.py took 0.084 seconds
[2021-10-24 22:56:14,567] {processor.py:163} INFO - Started process (PID=187) to work on /home/airflow/.local/lib/python3.6/site-packages/airflow/example_dags/example_branch_day_of_week_operator.py
[2021-10-24 22:56:14,569] {processor.py:620} INFO - Processing file /home/airflow/.local/lib/python3.6/site-packages/airflow/example_dags/example_branch_day_of_week_operator.py for tasks to queue
[2021-10-24 22:56:14,570] {logging_mixin.py:109} INFO - [2021-10-24 22:56:14,570] {dagbag.py:500} INFO - Filling up the DagBag from /home/airflow/.local/lib/python3.6/site-packages/airflow/example_dags/example_branch_day_of_week_operator.py
[2021-10-24 22:56:14,606] {processor.py:632} INFO - DAG(s) dict_keys(['example_weekday_branch_operator']) retrieved from /home/airflow/.local/lib/python3.6/site-packages/airflow/example_dags/example_branch_day_of_week_operator.py
[2021-10-24 22:56:14,618] {logging_mixin.py:109} INFO - [2021-10-24 22:56:14,618] {dag.py:2389} INFO - Sync 1 DAGs
[2021-10-24 22:56:14,642] {logging_mixin.py:109} INFO - [2021-10-24 22:56:14,642] {dag.py:2914} INFO - Setting next_dagrun for example_weekday_branch_operator to 2021-10-23 00:00:00+00:00
[2021-10-24 22:56:14,652] {processor.py:171} INFO - Processing /home/airflow/.local/lib/python3.6/site-packages/airflow/example_dags/example_branch_day_of_week_operator.py took 0.094 seconds
[2021-10-24 22:57:26,201] {processor.py:163} INFO - Started process (PID=56) to work on /home/airflow/.local/lib/python3.6/site-packages/airflow/example_dags/example_branch_day_of_week_operator.py
[2021-10-24 22:57:26,203] {processor.py:620} INFO - Processing file /home/airflow/.local/lib/python3.6/site-packages/airflow/example_dags/example_branch_day_of_week_operator.py for tasks to queue
[2021-10-24 22:57:26,204] {logging_mixin.py:109} INFO - [2021-10-24 22:57:26,203] {dagbag.py:500} INFO - Filling up the DagBag from /home/airflow/.local/lib/python3.6/site-packages/airflow/example_dags/example_branch_day_of_week_operator.py
[2021-10-24 22:57:26,246] {processor.py:632} INFO - DAG(s) dict_keys(['example_weekday_branch_operator']) retrieved from /home/airflow/.local/lib/python3.6/site-packages/airflow/example_dags/example_branch_day_of_week_operator.py
[2021-10-24 22:57:26,258] {logging_mixin.py:109} INFO - [2021-10-24 22:57:26,258] {dag.py:2389} INFO - Sync 1 DAGs
[2021-10-24 22:57:26,280] {logging_mixin.py:109} INFO - [2021-10-24 22:57:26,280] {dag.py:2914} INFO - Setting next_dagrun for example_weekday_branch_operator to 2021-10-23 00:00:00+00:00
[2021-10-24 22:57:26,289] {processor.py:171} INFO - Processing /home/airflow/.local/lib/python3.6/site-packages/airflow/example_dags/example_branch_day_of_week_operator.py took 0.092 seconds
[2021-10-24 22:57:57,107] {processor.py:163} INFO - Started process (PID=112) to work on /home/airflow/.local/lib/python3.6/site-packages/airflow/example_dags/example_branch_day_of_week_operator.py
[2021-10-24 22:57:57,108] {processor.py:620} INFO - Processing file /home/airflow/.local/lib/python3.6/site-packages/airflow/example_dags/example_branch_day_of_week_operator.py for tasks to queue
[2021-10-24 22:57:57,109] {logging_mixin.py:109} INFO - [2021-10-24 22:57:57,109] {dagbag.py:500} INFO - Filling up the DagBag from /home/airflow/.local/lib/python3.6/site-packages/airflow/example_dags/example_branch_day_of_week_operator.py
[2021-10-24 22:57:57,132] {processor.py:632} INFO - DAG(s) dict_keys(['example_weekday_branch_operator']) retrieved from /home/airflow/.local/lib/python3.6/site-packages/airflow/example_dags/example_branch_day_of_week_operator.py
[2021-10-24 22:57:57,142] {logging_mixin.py:109} INFO - [2021-10-24 22:57:57,142] {dag.py:2389} INFO - Sync 1 DAGs
[2021-10-24 22:57:57,159] {logging_mixin.py:109} INFO - [2021-10-24 22:57:57,158] {dag.py:2914} INFO - Setting next_dagrun for example_weekday_branch_operator to 2021-10-23 00:00:00+00:00
[2021-10-24 22:57:57,167] {processor.py:171} INFO - Processing /home/airflow/.local/lib/python3.6/site-packages/airflow/example_dags/example_branch_day_of_week_operator.py took 0.063 seconds
[2021-10-24 22:58:27,777] {processor.py:163} INFO - Started process (PID=187) to work on /home/airflow/.local/lib/python3.6/site-packages/airflow/example_dags/example_branch_day_of_week_operator.py
[2021-10-24 22:58:27,778] {processor.py:620} INFO - Processing file /home/airflow/.local/lib/python3.6/site-packages/airflow/example_dags/example_branch_day_of_week_operator.py for tasks to queue
[2021-10-24 22:58:27,779] {logging_mixin.py:109} INFO - [2021-10-24 22:58:27,779] {dagbag.py:500} INFO - Filling up the DagBag from /home/airflow/.local/lib/python3.6/site-packages/airflow/example_dags/example_branch_day_of_week_operator.py
[2021-10-24 22:58:27,844] {processor.py:632} INFO - DAG(s) dict_keys(['example_weekday_branch_operator']) retrieved from /home/airflow/.local/lib/python3.6/site-packages/airflow/example_dags/example_branch_day_of_week_operator.py
[2021-10-24 22:58:27,857] {logging_mixin.py:109} INFO - [2021-10-24 22:58:27,857] {dag.py:2389} INFO - Sync 1 DAGs
[2021-10-24 22:58:27,880] {logging_mixin.py:109} INFO - [2021-10-24 22:58:27,880] {dag.py:2914} INFO - Setting next_dagrun for example_weekday_branch_operator to 2021-10-23 00:00:00+00:00
[2021-10-24 22:58:27,892] {processor.py:171} INFO - Processing /home/airflow/.local/lib/python3.6/site-packages/airflow/example_dags/example_branch_day_of_week_operator.py took 0.120 seconds
[2021-10-24 22:58:57,972] {processor.py:163} INFO - Started process (PID=251) to work on /home/airflow/.local/lib/python3.6/site-packages/airflow/example_dags/example_branch_day_of_week_operator.py
[2021-10-24 22:58:57,973] {processor.py:620} INFO - Processing file /home/airflow/.local/lib/python3.6/site-packages/airflow/example_dags/example_branch_day_of_week_operator.py for tasks to queue
[2021-10-24 22:58:57,974] {logging_mixin.py:109} INFO - [2021-10-24 22:58:57,974] {dagbag.py:500} INFO - Filling up the DagBag from /home/airflow/.local/lib/python3.6/site-packages/airflow/example_dags/example_branch_day_of_week_operator.py
[2021-10-24 22:58:58,004] {processor.py:632} INFO - DAG(s) dict_keys(['example_weekday_branch_operator']) retrieved from /home/airflow/.local/lib/python3.6/site-packages/airflow/example_dags/example_branch_day_of_week_operator.py
[2021-10-24 22:58:58,016] {logging_mixin.py:109} INFO - [2021-10-24 22:58:58,016] {dag.py:2389} INFO - Sync 1 DAGs
[2021-10-24 22:58:58,036] {logging_mixin.py:109} INFO - [2021-10-24 22:58:58,036] {dag.py:2914} INFO - Setting next_dagrun for example_weekday_branch_operator to 2021-10-23 00:00:00+00:00
[2021-10-24 22:58:58,054] {processor.py:171} INFO - Processing /home/airflow/.local/lib/python3.6/site-packages/airflow/example_dags/example_branch_day_of_week_operator.py took 0.085 seconds
[2021-10-24 22:59:28,754] {processor.py:163} INFO - Started process (PID=327) to work on /home/airflow/.local/lib/python3.6/site-packages/airflow/example_dags/example_branch_day_of_week_operator.py
[2021-10-24 22:59:28,755] {processor.py:620} INFO - Processing file /home/airflow/.local/lib/python3.6/site-packages/airflow/example_dags/example_branch_day_of_week_operator.py for tasks to queue
[2021-10-24 22:59:28,756] {logging_mixin.py:109} INFO - [2021-10-24 22:59:28,756] {dagbag.py:500} INFO - Filling up the DagBag from /home/airflow/.local/lib/python3.6/site-packages/airflow/example_dags/example_branch_day_of_week_operator.py
[2021-10-24 22:59:28,793] {processor.py:632} INFO - DAG(s) dict_keys(['example_weekday_branch_operator']) retrieved from /home/airflow/.local/lib/python3.6/site-packages/airflow/example_dags/example_branch_day_of_week_operator.py
[2021-10-24 22:59:28,813] {logging_mixin.py:109} INFO - [2021-10-24 22:59:28,812] {dag.py:2389} INFO - Sync 1 DAGs
[2021-10-24 22:59:28,836] {logging_mixin.py:109} INFO - [2021-10-24 22:59:28,836] {dag.py:2914} INFO - Setting next_dagrun for example_weekday_branch_operator to 2021-10-23 00:00:00+00:00
[2021-10-24 22:59:28,849] {processor.py:171} INFO - Processing /home/airflow/.local/lib/python3.6/site-packages/airflow/example_dags/example_branch_day_of_week_operator.py took 0.100 seconds
[2021-10-24 23:47:48,754] {processor.py:163} INFO - Started process (PID=56) to work on /home/airflow/.local/lib/python3.6/site-packages/airflow/example_dags/example_branch_day_of_week_operator.py
[2021-10-24 23:47:48,756] {processor.py:620} INFO - Processing file /home/airflow/.local/lib/python3.6/site-packages/airflow/example_dags/example_branch_day_of_week_operator.py for tasks to queue
[2021-10-24 23:47:48,757] {logging_mixin.py:109} INFO - [2021-10-24 23:47:48,757] {dagbag.py:500} INFO - Filling up the DagBag from /home/airflow/.local/lib/python3.6/site-packages/airflow/example_dags/example_branch_day_of_week_operator.py
[2021-10-24 23:47:48,800] {processor.py:632} INFO - DAG(s) dict_keys(['example_weekday_branch_operator']) retrieved from /home/airflow/.local/lib/python3.6/site-packages/airflow/example_dags/example_branch_day_of_week_operator.py
[2021-10-24 23:47:48,814] {logging_mixin.py:109} INFO - [2021-10-24 23:47:48,814] {dag.py:2389} INFO - Sync 1 DAGs
[2021-10-24 23:47:48,838] {logging_mixin.py:109} INFO - [2021-10-24 23:47:48,838] {dag.py:2914} INFO - Setting next_dagrun for example_weekday_branch_operator to 2021-10-23 00:00:00+00:00
[2021-10-24 23:47:48,849] {processor.py:171} INFO - Processing /home/airflow/.local/lib/python3.6/site-packages/airflow/example_dags/example_branch_day_of_week_operator.py took 0.100 seconds
[2021-10-24 23:48:19,352] {processor.py:163} INFO - Started process (PID=113) to work on /home/airflow/.local/lib/python3.6/site-packages/airflow/example_dags/example_branch_day_of_week_operator.py
[2021-10-24 23:48:19,353] {processor.py:620} INFO - Processing file /home/airflow/.local/lib/python3.6/site-packages/airflow/example_dags/example_branch_day_of_week_operator.py for tasks to queue
[2021-10-24 23:48:19,354] {logging_mixin.py:109} INFO - [2021-10-24 23:48:19,354] {dagbag.py:500} INFO - Filling up the DagBag from /home/airflow/.local/lib/python3.6/site-packages/airflow/example_dags/example_branch_day_of_week_operator.py
[2021-10-24 23:48:19,410] {processor.py:632} INFO - DAG(s) dict_keys(['example_weekday_branch_operator']) retrieved from /home/airflow/.local/lib/python3.6/site-packages/airflow/example_dags/example_branch_day_of_week_operator.py
[2021-10-24 23:48:19,424] {logging_mixin.py:109} INFO - [2021-10-24 23:48:19,424] {dag.py:2389} INFO - Sync 1 DAGs
[2021-10-24 23:48:19,458] {logging_mixin.py:109} INFO - [2021-10-24 23:48:19,458] {dag.py:2914} INFO - Setting next_dagrun for example_weekday_branch_operator to 2021-10-23 00:00:00+00:00
[2021-10-24 23:48:19,476] {processor.py:171} INFO - Processing /home/airflow/.local/lib/python3.6/site-packages/airflow/example_dags/example_branch_day_of_week_operator.py took 0.131 seconds
[2021-10-24 23:48:49,845] {processor.py:163} INFO - Started process (PID=179) to work on /home/airflow/.local/lib/python3.6/site-packages/airflow/example_dags/example_branch_day_of_week_operator.py
[2021-10-24 23:48:49,847] {processor.py:620} INFO - Processing file /home/airflow/.local/lib/python3.6/site-packages/airflow/example_dags/example_branch_day_of_week_operator.py for tasks to queue
[2021-10-24 23:48:49,848] {logging_mixin.py:109} INFO - [2021-10-24 23:48:49,848] {dagbag.py:500} INFO - Filling up the DagBag from /home/airflow/.local/lib/python3.6/site-packages/airflow/example_dags/example_branch_day_of_week_operator.py
[2021-10-24 23:48:49,886] {processor.py:632} INFO - DAG(s) dict_keys(['example_weekday_branch_operator']) retrieved from /home/airflow/.local/lib/python3.6/site-packages/airflow/example_dags/example_branch_day_of_week_operator.py
[2021-10-24 23:48:49,904] {logging_mixin.py:109} INFO - [2021-10-24 23:48:49,904] {dag.py:2389} INFO - Sync 1 DAGs
[2021-10-24 23:48:49,930] {logging_mixin.py:109} INFO - [2021-10-24 23:48:49,930] {dag.py:2914} INFO - Setting next_dagrun for example_weekday_branch_operator to 2021-10-23 00:00:00+00:00
[2021-10-24 23:48:49,946] {processor.py:171} INFO - Processing /home/airflow/.local/lib/python3.6/site-packages/airflow/example_dags/example_branch_day_of_week_operator.py took 0.104 seconds
[2021-10-24 23:49:20,093] {processor.py:163} INFO - Started process (PID=244) to work on /home/airflow/.local/lib/python3.6/site-packages/airflow/example_dags/example_branch_day_of_week_operator.py
[2021-10-24 23:49:20,095] {processor.py:620} INFO - Processing file /home/airflow/.local/lib/python3.6/site-packages/airflow/example_dags/example_branch_day_of_week_operator.py for tasks to queue
[2021-10-24 23:49:20,096] {logging_mixin.py:109} INFO - [2021-10-24 23:49:20,096] {dagbag.py:500} INFO - Filling up the DagBag from /home/airflow/.local/lib/python3.6/site-packages/airflow/example_dags/example_branch_day_of_week_operator.py
[2021-10-24 23:49:20,142] {processor.py:632} INFO - DAG(s) dict_keys(['example_weekday_branch_operator']) retrieved from /home/airflow/.local/lib/python3.6/site-packages/airflow/example_dags/example_branch_day_of_week_operator.py
[2021-10-24 23:49:20,161] {logging_mixin.py:109} INFO - [2021-10-24 23:49:20,161] {dag.py:2389} INFO - Sync 1 DAGs
[2021-10-24 23:49:20,192] {logging_mixin.py:109} INFO - [2021-10-24 23:49:20,192] {dag.py:2914} INFO - Setting next_dagrun for example_weekday_branch_operator to 2021-10-23 00:00:00+00:00
[2021-10-24 23:49:20,203] {processor.py:171} INFO - Processing /home/airflow/.local/lib/python3.6/site-packages/airflow/example_dags/example_branch_day_of_week_operator.py took 0.116 seconds
[2021-10-24 23:49:50,303] {processor.py:163} INFO - Started process (PID=308) to work on /home/airflow/.local/lib/python3.6/site-packages/airflow/example_dags/example_branch_day_of_week_operator.py
[2021-10-24 23:49:50,310] {processor.py:620} INFO - Processing file /home/airflow/.local/lib/python3.6/site-packages/airflow/example_dags/example_branch_day_of_week_operator.py for tasks to queue
[2021-10-24 23:49:50,311] {logging_mixin.py:109} INFO - [2021-10-24 23:49:50,311] {dagbag.py:500} INFO - Filling up the DagBag from /home/airflow/.local/lib/python3.6/site-packages/airflow/example_dags/example_branch_day_of_week_operator.py
[2021-10-24 23:49:50,373] {processor.py:632} INFO - DAG(s) dict_keys(['example_weekday_branch_operator']) retrieved from /home/airflow/.local/lib/python3.6/site-packages/airflow/example_dags/example_branch_day_of_week_operator.py
[2021-10-24 23:49:50,394] {logging_mixin.py:109} INFO - [2021-10-24 23:49:50,394] {dag.py:2389} INFO - Sync 1 DAGs
[2021-10-24 23:49:50,442] {logging_mixin.py:109} INFO - [2021-10-24 23:49:50,441] {dag.py:2914} INFO - Setting next_dagrun for example_weekday_branch_operator to 2021-10-23 00:00:00+00:00
[2021-10-24 23:49:50,464] {processor.py:171} INFO - Processing /home/airflow/.local/lib/python3.6/site-packages/airflow/example_dags/example_branch_day_of_week_operator.py took 0.167 seconds
[2021-10-24 23:50:21,019] {processor.py:163} INFO - Started process (PID=372) to work on /home/airflow/.local/lib/python3.6/site-packages/airflow/example_dags/example_branch_day_of_week_operator.py
[2021-10-24 23:50:21,021] {processor.py:620} INFO - Processing file /home/airflow/.local/lib/python3.6/site-packages/airflow/example_dags/example_branch_day_of_week_operator.py for tasks to queue
[2021-10-24 23:50:21,022] {logging_mixin.py:109} INFO - [2021-10-24 23:50:21,022] {dagbag.py:500} INFO - Filling up the DagBag from /home/airflow/.local/lib/python3.6/site-packages/airflow/example_dags/example_branch_day_of_week_operator.py
[2021-10-24 23:50:21,078] {processor.py:632} INFO - DAG(s) dict_keys(['example_weekday_branch_operator']) retrieved from /home/airflow/.local/lib/python3.6/site-packages/airflow/example_dags/example_branch_day_of_week_operator.py
[2021-10-24 23:50:21,097] {logging_mixin.py:109} INFO - [2021-10-24 23:50:21,097] {dag.py:2389} INFO - Sync 1 DAGs
[2021-10-24 23:50:21,132] {logging_mixin.py:109} INFO - [2021-10-24 23:50:21,132] {dag.py:2914} INFO - Setting next_dagrun for example_weekday_branch_operator to 2021-10-23 00:00:00+00:00
[2021-10-24 23:50:21,152] {processor.py:171} INFO - Processing /home/airflow/.local/lib/python3.6/site-packages/airflow/example_dags/example_branch_day_of_week_operator.py took 0.139 seconds
[2021-10-24 23:50:51,377] {processor.py:163} INFO - Started process (PID=446) to work on /home/airflow/.local/lib/python3.6/site-packages/airflow/example_dags/example_branch_day_of_week_operator.py
[2021-10-24 23:50:51,381] {processor.py:620} INFO - Processing file /home/airflow/.local/lib/python3.6/site-packages/airflow/example_dags/example_branch_day_of_week_operator.py for tasks to queue
[2021-10-24 23:50:51,382] {logging_mixin.py:109} INFO - [2021-10-24 23:50:51,382] {dagbag.py:500} INFO - Filling up the DagBag from /home/airflow/.local/lib/python3.6/site-packages/airflow/example_dags/example_branch_day_of_week_operator.py
[2021-10-24 23:50:51,460] {processor.py:632} INFO - DAG(s) dict_keys(['example_weekday_branch_operator']) retrieved from /home/airflow/.local/lib/python3.6/site-packages/airflow/example_dags/example_branch_day_of_week_operator.py
[2021-10-24 23:50:51,494] {logging_mixin.py:109} INFO - [2021-10-24 23:50:51,493] {dag.py:2389} INFO - Sync 1 DAGs
[2021-10-24 23:50:51,554] {logging_mixin.py:109} INFO - [2021-10-24 23:50:51,554] {dag.py:2914} INFO - Setting next_dagrun for example_weekday_branch_operator to 2021-10-23 00:00:00+00:00
[2021-10-24 23:50:51,579] {processor.py:171} INFO - Processing /home/airflow/.local/lib/python3.6/site-packages/airflow/example_dags/example_branch_day_of_week_operator.py took 0.206 seconds
[2021-10-24 23:51:22,375] {processor.py:163} INFO - Started process (PID=518) to work on /home/airflow/.local/lib/python3.6/site-packages/airflow/example_dags/example_branch_day_of_week_operator.py
[2021-10-24 23:51:22,376] {processor.py:620} INFO - Processing file /home/airflow/.local/lib/python3.6/site-packages/airflow/example_dags/example_branch_day_of_week_operator.py for tasks to queue
[2021-10-24 23:51:22,377] {logging_mixin.py:109} INFO - [2021-10-24 23:51:22,377] {dagbag.py:500} INFO - Filling up the DagBag from /home/airflow/.local/lib/python3.6/site-packages/airflow/example_dags/example_branch_day_of_week_operator.py
[2021-10-24 23:51:22,419] {processor.py:632} INFO - DAG(s) dict_keys(['example_weekday_branch_operator']) retrieved from /home/airflow/.local/lib/python3.6/site-packages/airflow/example_dags/example_branch_day_of_week_operator.py
[2021-10-24 23:51:22,443] {logging_mixin.py:109} INFO - [2021-10-24 23:51:22,443] {dag.py:2389} INFO - Sync 1 DAGs
[2021-10-24 23:51:22,482] {logging_mixin.py:109} INFO - [2021-10-24 23:51:22,481] {dag.py:2914} INFO - Setting next_dagrun for example_weekday_branch_operator to 2021-10-23 00:00:00+00:00
[2021-10-24 23:51:22,503] {processor.py:171} INFO - Processing /home/airflow/.local/lib/python3.6/site-packages/airflow/example_dags/example_branch_day_of_week_operator.py took 0.133 seconds
[2021-10-24 23:51:53,524] {processor.py:163} INFO - Started process (PID=583) to work on /home/airflow/.local/lib/python3.6/site-packages/airflow/example_dags/example_branch_day_of_week_operator.py
[2021-10-24 23:51:53,526] {processor.py:620} INFO - Processing file /home/airflow/.local/lib/python3.6/site-packages/airflow/example_dags/example_branch_day_of_week_operator.py for tasks to queue
[2021-10-24 23:51:53,527] {logging_mixin.py:109} INFO - [2021-10-24 23:51:53,527] {dagbag.py:500} INFO - Filling up the DagBag from /home/airflow/.local/lib/python3.6/site-packages/airflow/example_dags/example_branch_day_of_week_operator.py
[2021-10-24 23:51:53,582] {processor.py:632} INFO - DAG(s) dict_keys(['example_weekday_branch_operator']) retrieved from /home/airflow/.local/lib/python3.6/site-packages/airflow/example_dags/example_branch_day_of_week_operator.py
[2021-10-24 23:51:53,602] {logging_mixin.py:109} INFO - [2021-10-24 23:51:53,602] {dag.py:2389} INFO - Sync 1 DAGs
[2021-10-24 23:51:53,639] {logging_mixin.py:109} INFO - [2021-10-24 23:51:53,639] {dag.py:2914} INFO - Setting next_dagrun for example_weekday_branch_operator to 2021-10-23 00:00:00+00:00
[2021-10-24 23:51:53,655] {processor.py:171} INFO - Processing /home/airflow/.local/lib/python3.6/site-packages/airflow/example_dags/example_branch_day_of_week_operator.py took 0.135 seconds
[2021-10-24 23:52:24,303] {processor.py:163} INFO - Started process (PID=647) to work on /home/airflow/.local/lib/python3.6/site-packages/airflow/example_dags/example_branch_day_of_week_operator.py
[2021-10-24 23:52:24,308] {processor.py:620} INFO - Processing file /home/airflow/.local/lib/python3.6/site-packages/airflow/example_dags/example_branch_day_of_week_operator.py for tasks to queue
[2021-10-24 23:52:24,309] {logging_mixin.py:109} INFO - [2021-10-24 23:52:24,309] {dagbag.py:500} INFO - Filling up the DagBag from /home/airflow/.local/lib/python3.6/site-packages/airflow/example_dags/example_branch_day_of_week_operator.py
[2021-10-24 23:52:24,359] {processor.py:632} INFO - DAG(s) dict_keys(['example_weekday_branch_operator']) retrieved from /home/airflow/.local/lib/python3.6/site-packages/airflow/example_dags/example_branch_day_of_week_operator.py
[2021-10-24 23:52:24,380] {logging_mixin.py:109} INFO - [2021-10-24 23:52:24,380] {dag.py:2389} INFO - Sync 1 DAGs
[2021-10-24 23:52:24,407] {logging_mixin.py:109} INFO - [2021-10-24 23:52:24,407] {dag.py:2914} INFO - Setting next_dagrun for example_weekday_branch_operator to 2021-10-23 00:00:00+00:00
[2021-10-24 23:52:24,425] {processor.py:171} INFO - Processing /home/airflow/.local/lib/python3.6/site-packages/airflow/example_dags/example_branch_day_of_week_operator.py took 0.127 seconds
[2021-10-24 23:52:54,767] {processor.py:163} INFO - Started process (PID=712) to work on /home/airflow/.local/lib/python3.6/site-packages/airflow/example_dags/example_branch_day_of_week_operator.py
[2021-10-24 23:52:54,769] {processor.py:620} INFO - Processing file /home/airflow/.local/lib/python3.6/site-packages/airflow/example_dags/example_branch_day_of_week_operator.py for tasks to queue
[2021-10-24 23:52:54,769] {logging_mixin.py:109} INFO - [2021-10-24 23:52:54,769] {dagbag.py:500} INFO - Filling up the DagBag from /home/airflow/.local/lib/python3.6/site-packages/airflow/example_dags/example_branch_day_of_week_operator.py
[2021-10-24 23:52:54,824] {processor.py:632} INFO - DAG(s) dict_keys(['example_weekday_branch_operator']) retrieved from /home/airflow/.local/lib/python3.6/site-packages/airflow/example_dags/example_branch_day_of_week_operator.py
[2021-10-24 23:52:54,848] {logging_mixin.py:109} INFO - [2021-10-24 23:52:54,848] {dag.py:2389} INFO - Sync 1 DAGs
[2021-10-24 23:52:54,885] {logging_mixin.py:109} INFO - [2021-10-24 23:52:54,885] {dag.py:2914} INFO - Setting next_dagrun for example_weekday_branch_operator to 2021-10-23 00:00:00+00:00
[2021-10-24 23:52:54,902] {processor.py:171} INFO - Processing /home/airflow/.local/lib/python3.6/site-packages/airflow/example_dags/example_branch_day_of_week_operator.py took 0.138 seconds
[2021-10-24 23:53:25,885] {processor.py:163} INFO - Started process (PID=777) to work on /home/airflow/.local/lib/python3.6/site-packages/airflow/example_dags/example_branch_day_of_week_operator.py
[2021-10-24 23:53:25,886] {processor.py:620} INFO - Processing file /home/airflow/.local/lib/python3.6/site-packages/airflow/example_dags/example_branch_day_of_week_operator.py for tasks to queue
[2021-10-24 23:53:25,887] {logging_mixin.py:109} INFO - [2021-10-24 23:53:25,887] {dagbag.py:500} INFO - Filling up the DagBag from /home/airflow/.local/lib/python3.6/site-packages/airflow/example_dags/example_branch_day_of_week_operator.py
[2021-10-24 23:53:25,919] {processor.py:632} INFO - DAG(s) dict_keys(['example_weekday_branch_operator']) retrieved from /home/airflow/.local/lib/python3.6/site-packages/airflow/example_dags/example_branch_day_of_week_operator.py
[2021-10-24 23:53:25,934] {logging_mixin.py:109} INFO - [2021-10-24 23:53:25,933] {dag.py:2389} INFO - Sync 1 DAGs
[2021-10-24 23:53:25,961] {logging_mixin.py:109} INFO - [2021-10-24 23:53:25,961] {dag.py:2914} INFO - Setting next_dagrun for example_weekday_branch_operator to 2021-10-23 00:00:00+00:00
[2021-10-24 23:53:25,979] {processor.py:171} INFO - Processing /home/airflow/.local/lib/python3.6/site-packages/airflow/example_dags/example_branch_day_of_week_operator.py took 0.097 seconds
[2021-10-24 23:53:56,568] {processor.py:163} INFO - Started process (PID=841) to work on /home/airflow/.local/lib/python3.6/site-packages/airflow/example_dags/example_branch_day_of_week_operator.py
[2021-10-24 23:53:56,571] {processor.py:620} INFO - Processing file /home/airflow/.local/lib/python3.6/site-packages/airflow/example_dags/example_branch_day_of_week_operator.py for tasks to queue
[2021-10-24 23:53:56,572] {logging_mixin.py:109} INFO - [2021-10-24 23:53:56,572] {dagbag.py:500} INFO - Filling up the DagBag from /home/airflow/.local/lib/python3.6/site-packages/airflow/example_dags/example_branch_day_of_week_operator.py
[2021-10-24 23:53:56,637] {processor.py:632} INFO - DAG(s) dict_keys(['example_weekday_branch_operator']) retrieved from /home/airflow/.local/lib/python3.6/site-packages/airflow/example_dags/example_branch_day_of_week_operator.py
[2021-10-24 23:53:56,661] {logging_mixin.py:109} INFO - [2021-10-24 23:53:56,661] {dag.py:2389} INFO - Sync 1 DAGs
[2021-10-24 23:53:56,695] {logging_mixin.py:109} INFO - [2021-10-24 23:53:56,695] {dag.py:2914} INFO - Setting next_dagrun for example_weekday_branch_operator to 2021-10-23 00:00:00+00:00
[2021-10-24 23:53:56,715] {processor.py:171} INFO - Processing /home/airflow/.local/lib/python3.6/site-packages/airflow/example_dags/example_branch_day_of_week_operator.py took 0.162 seconds
[2021-10-24 23:54:27,100] {processor.py:163} INFO - Started process (PID=911) to work on /home/airflow/.local/lib/python3.6/site-packages/airflow/example_dags/example_branch_day_of_week_operator.py
[2021-10-24 23:54:27,101] {processor.py:620} INFO - Processing file /home/airflow/.local/lib/python3.6/site-packages/airflow/example_dags/example_branch_day_of_week_operator.py for tasks to queue
[2021-10-24 23:54:27,102] {logging_mixin.py:109} INFO - [2021-10-24 23:54:27,102] {dagbag.py:500} INFO - Filling up the DagBag from /home/airflow/.local/lib/python3.6/site-packages/airflow/example_dags/example_branch_day_of_week_operator.py
[2021-10-24 23:54:27,132] {processor.py:632} INFO - DAG(s) dict_keys(['example_weekday_branch_operator']) retrieved from /home/airflow/.local/lib/python3.6/site-packages/airflow/example_dags/example_branch_day_of_week_operator.py
[2021-10-24 23:54:27,143] {logging_mixin.py:109} INFO - [2021-10-24 23:54:27,142] {dag.py:2389} INFO - Sync 1 DAGs
[2021-10-24 23:54:27,164] {logging_mixin.py:109} INFO - [2021-10-24 23:54:27,164] {dag.py:2914} INFO - Setting next_dagrun for example_weekday_branch_operator to 2021-10-23 00:00:00+00:00
[2021-10-24 23:54:27,174] {processor.py:171} INFO - Processing /home/airflow/.local/lib/python3.6/site-packages/airflow/example_dags/example_branch_day_of_week_operator.py took 0.078 seconds
[2021-10-24 23:54:57,294] {processor.py:163} INFO - Started process (PID=986) to work on /home/airflow/.local/lib/python3.6/site-packages/airflow/example_dags/example_branch_day_of_week_operator.py
[2021-10-24 23:54:57,297] {processor.py:620} INFO - Processing file /home/airflow/.local/lib/python3.6/site-packages/airflow/example_dags/example_branch_day_of_week_operator.py for tasks to queue
[2021-10-24 23:54:57,297] {logging_mixin.py:109} INFO - [2021-10-24 23:54:57,297] {dagbag.py:500} INFO - Filling up the DagBag from /home/airflow/.local/lib/python3.6/site-packages/airflow/example_dags/example_branch_day_of_week_operator.py
[2021-10-24 23:54:57,322] {processor.py:632} INFO - DAG(s) dict_keys(['example_weekday_branch_operator']) retrieved from /home/airflow/.local/lib/python3.6/site-packages/airflow/example_dags/example_branch_day_of_week_operator.py
[2021-10-24 23:54:57,332] {logging_mixin.py:109} INFO - [2021-10-24 23:54:57,332] {dag.py:2389} INFO - Sync 1 DAGs
[2021-10-24 23:54:57,350] {logging_mixin.py:109} INFO - [2021-10-24 23:54:57,350] {dag.py:2914} INFO - Setting next_dagrun for example_weekday_branch_operator to 2021-10-23 00:00:00+00:00
[2021-10-24 23:54:57,362] {processor.py:171} INFO - Processing /home/airflow/.local/lib/python3.6/site-packages/airflow/example_dags/example_branch_day_of_week_operator.py took 0.070 seconds
[2021-10-24 23:55:27,421] {processor.py:163} INFO - Started process (PID=1050) to work on /home/airflow/.local/lib/python3.6/site-packages/airflow/example_dags/example_branch_day_of_week_operator.py
[2021-10-24 23:55:27,424] {processor.py:620} INFO - Processing file /home/airflow/.local/lib/python3.6/site-packages/airflow/example_dags/example_branch_day_of_week_operator.py for tasks to queue
[2021-10-24 23:55:27,425] {logging_mixin.py:109} INFO - [2021-10-24 23:55:27,425] {dagbag.py:500} INFO - Filling up the DagBag from /home/airflow/.local/lib/python3.6/site-packages/airflow/example_dags/example_branch_day_of_week_operator.py
[2021-10-24 23:55:27,465] {processor.py:632} INFO - DAG(s) dict_keys(['example_weekday_branch_operator']) retrieved from /home/airflow/.local/lib/python3.6/site-packages/airflow/example_dags/example_branch_day_of_week_operator.py
[2021-10-24 23:55:27,481] {logging_mixin.py:109} INFO - [2021-10-24 23:55:27,481] {dag.py:2389} INFO - Sync 1 DAGs
[2021-10-24 23:55:27,516] {logging_mixin.py:109} INFO - [2021-10-24 23:55:27,516] {dag.py:2914} INFO - Setting next_dagrun for example_weekday_branch_operator to 2021-10-23 00:00:00+00:00
[2021-10-24 23:55:27,532] {processor.py:171} INFO - Processing /home/airflow/.local/lib/python3.6/site-packages/airflow/example_dags/example_branch_day_of_week_operator.py took 0.118 seconds
[2021-10-24 23:55:57,597] {processor.py:163} INFO - Started process (PID=1114) to work on /home/airflow/.local/lib/python3.6/site-packages/airflow/example_dags/example_branch_day_of_week_operator.py
[2021-10-24 23:55:57,598] {processor.py:620} INFO - Processing file /home/airflow/.local/lib/python3.6/site-packages/airflow/example_dags/example_branch_day_of_week_operator.py for tasks to queue
[2021-10-24 23:55:57,599] {logging_mixin.py:109} INFO - [2021-10-24 23:55:57,599] {dagbag.py:500} INFO - Filling up the DagBag from /home/airflow/.local/lib/python3.6/site-packages/airflow/example_dags/example_branch_day_of_week_operator.py
[2021-10-24 23:55:57,627] {processor.py:632} INFO - DAG(s) dict_keys(['example_weekday_branch_operator']) retrieved from /home/airflow/.local/lib/python3.6/site-packages/airflow/example_dags/example_branch_day_of_week_operator.py
[2021-10-24 23:55:57,637] {logging_mixin.py:109} INFO - [2021-10-24 23:55:57,637] {dag.py:2389} INFO - Sync 1 DAGs
[2021-10-24 23:55:57,654] {logging_mixin.py:109} INFO - [2021-10-24 23:55:57,654] {dag.py:2914} INFO - Setting next_dagrun for example_weekday_branch_operator to 2021-10-23 00:00:00+00:00
[2021-10-24 23:55:57,663] {processor.py:171} INFO - Processing /home/airflow/.local/lib/python3.6/site-packages/airflow/example_dags/example_branch_day_of_week_operator.py took 0.069 seconds
[2021-10-24 23:56:28,037] {processor.py:163} INFO - Started process (PID=1189) to work on /home/airflow/.local/lib/python3.6/site-packages/airflow/example_dags/example_branch_day_of_week_operator.py
[2021-10-24 23:56:28,040] {processor.py:620} INFO - Processing file /home/airflow/.local/lib/python3.6/site-packages/airflow/example_dags/example_branch_day_of_week_operator.py for tasks to queue
[2021-10-24 23:56:28,041] {logging_mixin.py:109} INFO - [2021-10-24 23:56:28,040] {dagbag.py:500} INFO - Filling up the DagBag from /home/airflow/.local/lib/python3.6/site-packages/airflow/example_dags/example_branch_day_of_week_operator.py
[2021-10-24 23:56:28,064] {processor.py:632} INFO - DAG(s) dict_keys(['example_weekday_branch_operator']) retrieved from /home/airflow/.local/lib/python3.6/site-packages/airflow/example_dags/example_branch_day_of_week_operator.py
[2021-10-24 23:56:28,075] {logging_mixin.py:109} INFO - [2021-10-24 23:56:28,075] {dag.py:2389} INFO - Sync 1 DAGs
[2021-10-24 23:56:28,096] {logging_mixin.py:109} INFO - [2021-10-24 23:56:28,096] {dag.py:2914} INFO - Setting next_dagrun for example_weekday_branch_operator to 2021-10-23 00:00:00+00:00
[2021-10-24 23:56:28,105] {processor.py:171} INFO - Processing /home/airflow/.local/lib/python3.6/site-packages/airflow/example_dags/example_branch_day_of_week_operator.py took 0.070 seconds
[2021-10-24 23:56:58,346] {processor.py:163} INFO - Started process (PID=1253) to work on /home/airflow/.local/lib/python3.6/site-packages/airflow/example_dags/example_branch_day_of_week_operator.py
[2021-10-24 23:56:58,349] {processor.py:620} INFO - Processing file /home/airflow/.local/lib/python3.6/site-packages/airflow/example_dags/example_branch_day_of_week_operator.py for tasks to queue
[2021-10-24 23:56:58,350] {logging_mixin.py:109} INFO - [2021-10-24 23:56:58,350] {dagbag.py:500} INFO - Filling up the DagBag from /home/airflow/.local/lib/python3.6/site-packages/airflow/example_dags/example_branch_day_of_week_operator.py
[2021-10-24 23:56:58,377] {processor.py:632} INFO - DAG(s) dict_keys(['example_weekday_branch_operator']) retrieved from /home/airflow/.local/lib/python3.6/site-packages/airflow/example_dags/example_branch_day_of_week_operator.py
[2021-10-24 23:56:58,388] {logging_mixin.py:109} INFO - [2021-10-24 23:56:58,388] {dag.py:2389} INFO - Sync 1 DAGs
[2021-10-24 23:56:58,404] {logging_mixin.py:109} INFO - [2021-10-24 23:56:58,404] {dag.py:2914} INFO - Setting next_dagrun for example_weekday_branch_operator to 2021-10-23 00:00:00+00:00
[2021-10-24 23:56:58,413] {processor.py:171} INFO - Processing /home/airflow/.local/lib/python3.6/site-packages/airflow/example_dags/example_branch_day_of_week_operator.py took 0.070 seconds
[2021-10-24 23:57:29,077] {processor.py:163} INFO - Started process (PID=1328) to work on /home/airflow/.local/lib/python3.6/site-packages/airflow/example_dags/example_branch_day_of_week_operator.py
[2021-10-24 23:57:29,079] {processor.py:620} INFO - Processing file /home/airflow/.local/lib/python3.6/site-packages/airflow/example_dags/example_branch_day_of_week_operator.py for tasks to queue
[2021-10-24 23:57:29,080] {logging_mixin.py:109} INFO - [2021-10-24 23:57:29,080] {dagbag.py:500} INFO - Filling up the DagBag from /home/airflow/.local/lib/python3.6/site-packages/airflow/example_dags/example_branch_day_of_week_operator.py
[2021-10-24 23:57:29,119] {processor.py:632} INFO - DAG(s) dict_keys(['example_weekday_branch_operator']) retrieved from /home/airflow/.local/lib/python3.6/site-packages/airflow/example_dags/example_branch_day_of_week_operator.py
[2021-10-24 23:57:29,133] {logging_mixin.py:109} INFO - [2021-10-24 23:57:29,133] {dag.py:2389} INFO - Sync 1 DAGs
[2021-10-24 23:57:29,158] {logging_mixin.py:109} INFO - [2021-10-24 23:57:29,158] {dag.py:2914} INFO - Setting next_dagrun for example_weekday_branch_operator to 2021-10-23 00:00:00+00:00
[2021-10-24 23:57:29,171] {processor.py:171} INFO - Processing /home/airflow/.local/lib/python3.6/site-packages/airflow/example_dags/example_branch_day_of_week_operator.py took 0.098 seconds
[2021-10-24 23:57:59,246] {processor.py:163} INFO - Started process (PID=1394) to work on /home/airflow/.local/lib/python3.6/site-packages/airflow/example_dags/example_branch_day_of_week_operator.py
[2021-10-24 23:57:59,248] {processor.py:620} INFO - Processing file /home/airflow/.local/lib/python3.6/site-packages/airflow/example_dags/example_branch_day_of_week_operator.py for tasks to queue
[2021-10-24 23:57:59,248] {logging_mixin.py:109} INFO - [2021-10-24 23:57:59,248] {dagbag.py:500} INFO - Filling up the DagBag from /home/airflow/.local/lib/python3.6/site-packages/airflow/example_dags/example_branch_day_of_week_operator.py
[2021-10-24 23:57:59,282] {processor.py:632} INFO - DAG(s) dict_keys(['example_weekday_branch_operator']) retrieved from /home/airflow/.local/lib/python3.6/site-packages/airflow/example_dags/example_branch_day_of_week_operator.py
[2021-10-24 23:57:59,294] {logging_mixin.py:109} INFO - [2021-10-24 23:57:59,294] {dag.py:2389} INFO - Sync 1 DAGs
[2021-10-24 23:57:59,317] {logging_mixin.py:109} INFO - [2021-10-24 23:57:59,317] {dag.py:2914} INFO - Setting next_dagrun for example_weekday_branch_operator to 2021-10-23 00:00:00+00:00
[2021-10-24 23:57:59,327] {processor.py:171} INFO - Processing /home/airflow/.local/lib/python3.6/site-packages/airflow/example_dags/example_branch_day_of_week_operator.py took 0.084 seconds
[2021-10-24 23:58:29,735] {processor.py:163} INFO - Started process (PID=1461) to work on /home/airflow/.local/lib/python3.6/site-packages/airflow/example_dags/example_branch_day_of_week_operator.py
[2021-10-24 23:58:29,737] {processor.py:620} INFO - Processing file /home/airflow/.local/lib/python3.6/site-packages/airflow/example_dags/example_branch_day_of_week_operator.py for tasks to queue
[2021-10-24 23:58:29,738] {logging_mixin.py:109} INFO - [2021-10-24 23:58:29,737] {dagbag.py:500} INFO - Filling up the DagBag from /home/airflow/.local/lib/python3.6/site-packages/airflow/example_dags/example_branch_day_of_week_operator.py
[2021-10-24 23:58:29,773] {processor.py:632} INFO - DAG(s) dict_keys(['example_weekday_branch_operator']) retrieved from /home/airflow/.local/lib/python3.6/site-packages/airflow/example_dags/example_branch_day_of_week_operator.py
[2021-10-24 23:58:29,789] {logging_mixin.py:109} INFO - [2021-10-24 23:58:29,789] {dag.py:2389} INFO - Sync 1 DAGs
[2021-10-24 23:58:29,812] {logging_mixin.py:109} INFO - [2021-10-24 23:58:29,811] {dag.py:2914} INFO - Setting next_dagrun for example_weekday_branch_operator to 2021-10-23 00:00:00+00:00
[2021-10-24 23:58:29,823] {processor.py:171} INFO - Processing /home/airflow/.local/lib/python3.6/site-packages/airflow/example_dags/example_branch_day_of_week_operator.py took 0.094 seconds
[2021-10-24 23:59:00,173] {processor.py:163} INFO - Started process (PID=1526) to work on /home/airflow/.local/lib/python3.6/site-packages/airflow/example_dags/example_branch_day_of_week_operator.py
[2021-10-24 23:59:00,176] {processor.py:620} INFO - Processing file /home/airflow/.local/lib/python3.6/site-packages/airflow/example_dags/example_branch_day_of_week_operator.py for tasks to queue
[2021-10-24 23:59:00,177] {logging_mixin.py:109} INFO - [2021-10-24 23:59:00,177] {dagbag.py:500} INFO - Filling up the DagBag from /home/airflow/.local/lib/python3.6/site-packages/airflow/example_dags/example_branch_day_of_week_operator.py
[2021-10-24 23:59:00,202] {processor.py:632} INFO - DAG(s) dict_keys(['example_weekday_branch_operator']) retrieved from /home/airflow/.local/lib/python3.6/site-packages/airflow/example_dags/example_branch_day_of_week_operator.py
[2021-10-24 23:59:00,214] {logging_mixin.py:109} INFO - [2021-10-24 23:59:00,214] {dag.py:2389} INFO - Sync 1 DAGs
[2021-10-24 23:59:00,234] {logging_mixin.py:109} INFO - [2021-10-24 23:59:00,234] {dag.py:2914} INFO - Setting next_dagrun for example_weekday_branch_operator to 2021-10-23 00:00:00+00:00
[2021-10-24 23:59:00,242] {processor.py:171} INFO - Processing /home/airflow/.local/lib/python3.6/site-packages/airflow/example_dags/example_branch_day_of_week_operator.py took 0.072 seconds
[2021-10-24 23:59:30,476] {processor.py:163} INFO - Started process (PID=1603) to work on /home/airflow/.local/lib/python3.6/site-packages/airflow/example_dags/example_branch_day_of_week_operator.py
[2021-10-24 23:59:30,478] {processor.py:620} INFO - Processing file /home/airflow/.local/lib/python3.6/site-packages/airflow/example_dags/example_branch_day_of_week_operator.py for tasks to queue
[2021-10-24 23:59:30,479] {logging_mixin.py:109} INFO - [2021-10-24 23:59:30,479] {dagbag.py:500} INFO - Filling up the DagBag from /home/airflow/.local/lib/python3.6/site-packages/airflow/example_dags/example_branch_day_of_week_operator.py
[2021-10-24 23:59:30,524] {processor.py:632} INFO - DAG(s) dict_keys(['example_weekday_branch_operator']) retrieved from /home/airflow/.local/lib/python3.6/site-packages/airflow/example_dags/example_branch_day_of_week_operator.py
[2021-10-24 23:59:30,543] {logging_mixin.py:109} INFO - [2021-10-24 23:59:30,543] {dag.py:2389} INFO - Sync 1 DAGs
[2021-10-24 23:59:30,579] {logging_mixin.py:109} INFO - [2021-10-24 23:59:30,579] {dag.py:2914} INFO - Setting next_dagrun for example_weekday_branch_operator to 2021-10-23 00:00:00+00:00
[2021-10-24 23:59:30,594] {processor.py:171} INFO - Processing /home/airflow/.local/lib/python3.6/site-packages/airflow/example_dags/example_branch_day_of_week_operator.py took 0.122 seconds
