[2021-10-24 22:55:17,418] {processor.py:163} INFO - Started process (PID=80) to work on /home/airflow/.local/lib/python3.6/site-packages/airflow/example_dags/example_trigger_controller_dag.py
[2021-10-24 22:55:17,419] {processor.py:620} INFO - Processing file /home/airflow/.local/lib/python3.6/site-packages/airflow/example_dags/example_trigger_controller_dag.py for tasks to queue
[2021-10-24 22:55:17,420] {logging_mixin.py:109} INFO - [2021-10-24 22:55:17,420] {dagbag.py:500} INFO - Filling up the DagBag from /home/airflow/.local/lib/python3.6/site-packages/airflow/example_dags/example_trigger_controller_dag.py
[2021-10-24 22:55:17,448] {processor.py:632} INFO - DAG(s) dict_keys(['example_trigger_controller_dag']) retrieved from /home/airflow/.local/lib/python3.6/site-packages/airflow/example_dags/example_trigger_controller_dag.py
[2021-10-24 22:55:17,458] {logging_mixin.py:109} INFO - [2021-10-24 22:55:17,458] {dag.py:2389} INFO - Sync 1 DAGs
[2021-10-24 22:55:17,473] {logging_mixin.py:109} INFO - [2021-10-24 22:55:17,473] {dag.py:2914} INFO - Setting next_dagrun for example_trigger_controller_dag to 2021-01-01T00:00:00+00:00
[2021-10-24 22:55:17,481] {processor.py:171} INFO - Processing /home/airflow/.local/lib/python3.6/site-packages/airflow/example_dags/example_trigger_controller_dag.py took 0.066 seconds
[2021-10-24 22:55:48,634] {processor.py:163} INFO - Started process (PID=155) to work on /home/airflow/.local/lib/python3.6/site-packages/airflow/example_dags/example_trigger_controller_dag.py
[2021-10-24 22:55:48,635] {processor.py:620} INFO - Processing file /home/airflow/.local/lib/python3.6/site-packages/airflow/example_dags/example_trigger_controller_dag.py for tasks to queue
[2021-10-24 22:55:48,636] {logging_mixin.py:109} INFO - [2021-10-24 22:55:48,636] {dagbag.py:500} INFO - Filling up the DagBag from /home/airflow/.local/lib/python3.6/site-packages/airflow/example_dags/example_trigger_controller_dag.py
[2021-10-24 22:55:48,658] {processor.py:632} INFO - DAG(s) dict_keys(['example_trigger_controller_dag']) retrieved from /home/airflow/.local/lib/python3.6/site-packages/airflow/example_dags/example_trigger_controller_dag.py
[2021-10-24 22:55:48,667] {logging_mixin.py:109} INFO - [2021-10-24 22:55:48,667] {dag.py:2389} INFO - Sync 1 DAGs
[2021-10-24 22:55:48,681] {logging_mixin.py:109} INFO - [2021-10-24 22:55:48,681] {dag.py:2914} INFO - Setting next_dagrun for example_trigger_controller_dag to 2021-01-01T00:00:00+00:00
[2021-10-24 22:55:48,689] {processor.py:171} INFO - Processing /home/airflow/.local/lib/python3.6/site-packages/airflow/example_dags/example_trigger_controller_dag.py took 0.058 seconds
[2021-10-24 22:56:19,368] {processor.py:163} INFO - Started process (PID=219) to work on /home/airflow/.local/lib/python3.6/site-packages/airflow/example_dags/example_trigger_controller_dag.py
[2021-10-24 22:56:19,370] {processor.py:620} INFO - Processing file /home/airflow/.local/lib/python3.6/site-packages/airflow/example_dags/example_trigger_controller_dag.py for tasks to queue
[2021-10-24 22:56:19,371] {logging_mixin.py:109} INFO - [2021-10-24 22:56:19,370] {dagbag.py:500} INFO - Filling up the DagBag from /home/airflow/.local/lib/python3.6/site-packages/airflow/example_dags/example_trigger_controller_dag.py
[2021-10-24 22:56:19,398] {processor.py:632} INFO - DAG(s) dict_keys(['example_trigger_controller_dag']) retrieved from /home/airflow/.local/lib/python3.6/site-packages/airflow/example_dags/example_trigger_controller_dag.py
[2021-10-24 22:56:19,408] {logging_mixin.py:109} INFO - [2021-10-24 22:56:19,408] {dag.py:2389} INFO - Sync 1 DAGs
[2021-10-24 22:56:19,422] {logging_mixin.py:109} INFO - [2021-10-24 22:56:19,422] {dag.py:2914} INFO - Setting next_dagrun for example_trigger_controller_dag to 2021-01-01T00:00:00+00:00
[2021-10-24 22:56:19,430] {processor.py:171} INFO - Processing /home/airflow/.local/lib/python3.6/site-packages/airflow/example_dags/example_trigger_controller_dag.py took 0.065 seconds
[2021-10-24 22:57:29,432] {processor.py:163} INFO - Started process (PID=80) to work on /home/airflow/.local/lib/python3.6/site-packages/airflow/example_dags/example_trigger_controller_dag.py
[2021-10-24 22:57:29,432] {processor.py:620} INFO - Processing file /home/airflow/.local/lib/python3.6/site-packages/airflow/example_dags/example_trigger_controller_dag.py for tasks to queue
[2021-10-24 22:57:29,433] {logging_mixin.py:109} INFO - [2021-10-24 22:57:29,433] {dagbag.py:500} INFO - Filling up the DagBag from /home/airflow/.local/lib/python3.6/site-packages/airflow/example_dags/example_trigger_controller_dag.py
[2021-10-24 22:57:29,456] {processor.py:632} INFO - DAG(s) dict_keys(['example_trigger_controller_dag']) retrieved from /home/airflow/.local/lib/python3.6/site-packages/airflow/example_dags/example_trigger_controller_dag.py
[2021-10-24 22:57:29,465] {logging_mixin.py:109} INFO - [2021-10-24 22:57:29,465] {dag.py:2389} INFO - Sync 1 DAGs
[2021-10-24 22:57:29,479] {logging_mixin.py:109} INFO - [2021-10-24 22:57:29,479] {dag.py:2914} INFO - Setting next_dagrun for example_trigger_controller_dag to 2021-01-01T00:00:00+00:00
[2021-10-24 22:57:29,487] {processor.py:171} INFO - Processing /home/airflow/.local/lib/python3.6/site-packages/airflow/example_dags/example_trigger_controller_dag.py took 0.058 seconds
[2021-10-24 22:58:00,051] {processor.py:163} INFO - Started process (PID=154) to work on /home/airflow/.local/lib/python3.6/site-packages/airflow/example_dags/example_trigger_controller_dag.py
[2021-10-24 22:58:00,052] {processor.py:620} INFO - Processing file /home/airflow/.local/lib/python3.6/site-packages/airflow/example_dags/example_trigger_controller_dag.py for tasks to queue
[2021-10-24 22:58:00,053] {logging_mixin.py:109} INFO - [2021-10-24 22:58:00,053] {dagbag.py:500} INFO - Filling up the DagBag from /home/airflow/.local/lib/python3.6/site-packages/airflow/example_dags/example_trigger_controller_dag.py
[2021-10-24 22:58:00,076] {processor.py:632} INFO - DAG(s) dict_keys(['example_trigger_controller_dag']) retrieved from /home/airflow/.local/lib/python3.6/site-packages/airflow/example_dags/example_trigger_controller_dag.py
[2021-10-24 22:58:00,086] {logging_mixin.py:109} INFO - [2021-10-24 22:58:00,086] {dag.py:2389} INFO - Sync 1 DAGs
[2021-10-24 22:58:00,100] {logging_mixin.py:109} INFO - [2021-10-24 22:58:00,100] {dag.py:2914} INFO - Setting next_dagrun for example_trigger_controller_dag to 2021-01-01T00:00:00+00:00
[2021-10-24 22:58:00,109] {processor.py:171} INFO - Processing /home/airflow/.local/lib/python3.6/site-packages/airflow/example_dags/example_trigger_controller_dag.py took 0.061 seconds
[2021-10-24 22:58:31,074] {processor.py:163} INFO - Started process (PID=219) to work on /home/airflow/.local/lib/python3.6/site-packages/airflow/example_dags/example_trigger_controller_dag.py
[2021-10-24 22:58:31,074] {processor.py:620} INFO - Processing file /home/airflow/.local/lib/python3.6/site-packages/airflow/example_dags/example_trigger_controller_dag.py for tasks to queue
[2021-10-24 22:58:31,075] {logging_mixin.py:109} INFO - [2021-10-24 22:58:31,075] {dagbag.py:500} INFO - Filling up the DagBag from /home/airflow/.local/lib/python3.6/site-packages/airflow/example_dags/example_trigger_controller_dag.py
[2021-10-24 22:58:31,100] {processor.py:632} INFO - DAG(s) dict_keys(['example_trigger_controller_dag']) retrieved from /home/airflow/.local/lib/python3.6/site-packages/airflow/example_dags/example_trigger_controller_dag.py
[2021-10-24 22:58:31,114] {logging_mixin.py:109} INFO - [2021-10-24 22:58:31,114] {dag.py:2389} INFO - Sync 1 DAGs
[2021-10-24 22:58:31,136] {logging_mixin.py:109} INFO - [2021-10-24 22:58:31,135] {dag.py:2914} INFO - Setting next_dagrun for example_trigger_controller_dag to 2021-01-01T00:00:00+00:00
[2021-10-24 22:58:31,147] {processor.py:171} INFO - Processing /home/airflow/.local/lib/python3.6/site-packages/airflow/example_dags/example_trigger_controller_dag.py took 0.076 seconds
[2021-10-24 22:59:02,133] {processor.py:163} INFO - Started process (PID=292) to work on /home/airflow/.local/lib/python3.6/site-packages/airflow/example_dags/example_trigger_controller_dag.py
[2021-10-24 22:59:02,134] {processor.py:620} INFO - Processing file /home/airflow/.local/lib/python3.6/site-packages/airflow/example_dags/example_trigger_controller_dag.py for tasks to queue
[2021-10-24 22:59:02,135] {logging_mixin.py:109} INFO - [2021-10-24 22:59:02,134] {dagbag.py:500} INFO - Filling up the DagBag from /home/airflow/.local/lib/python3.6/site-packages/airflow/example_dags/example_trigger_controller_dag.py
[2021-10-24 22:59:02,156] {processor.py:632} INFO - DAG(s) dict_keys(['example_trigger_controller_dag']) retrieved from /home/airflow/.local/lib/python3.6/site-packages/airflow/example_dags/example_trigger_controller_dag.py
[2021-10-24 22:59:02,165] {logging_mixin.py:109} INFO - [2021-10-24 22:59:02,165] {dag.py:2389} INFO - Sync 1 DAGs
[2021-10-24 22:59:02,179] {logging_mixin.py:109} INFO - [2021-10-24 22:59:02,179] {dag.py:2914} INFO - Setting next_dagrun for example_trigger_controller_dag to 2021-01-01T00:00:00+00:00
[2021-10-24 22:59:02,186] {processor.py:171} INFO - Processing /home/airflow/.local/lib/python3.6/site-packages/airflow/example_dags/example_trigger_controller_dag.py took 0.056 seconds
[2021-10-24 22:59:32,747] {processor.py:163} INFO - Started process (PID=358) to work on /home/airflow/.local/lib/python3.6/site-packages/airflow/example_dags/example_trigger_controller_dag.py
[2021-10-24 22:59:32,749] {processor.py:620} INFO - Processing file /home/airflow/.local/lib/python3.6/site-packages/airflow/example_dags/example_trigger_controller_dag.py for tasks to queue
[2021-10-24 22:59:32,750] {logging_mixin.py:109} INFO - [2021-10-24 22:59:32,750] {dagbag.py:500} INFO - Filling up the DagBag from /home/airflow/.local/lib/python3.6/site-packages/airflow/example_dags/example_trigger_controller_dag.py
[2021-10-24 22:59:32,782] {processor.py:632} INFO - DAG(s) dict_keys(['example_trigger_controller_dag']) retrieved from /home/airflow/.local/lib/python3.6/site-packages/airflow/example_dags/example_trigger_controller_dag.py
[2021-10-24 22:59:32,796] {logging_mixin.py:109} INFO - [2021-10-24 22:59:32,796] {dag.py:2389} INFO - Sync 1 DAGs
[2021-10-24 22:59:32,818] {logging_mixin.py:109} INFO - [2021-10-24 22:59:32,818] {dag.py:2914} INFO - Setting next_dagrun for example_trigger_controller_dag to 2021-01-01T00:00:00+00:00
[2021-10-24 22:59:32,829] {processor.py:171} INFO - Processing /home/airflow/.local/lib/python3.6/site-packages/airflow/example_dags/example_trigger_controller_dag.py took 0.086 seconds
[2021-10-24 23:47:52,384] {processor.py:163} INFO - Started process (PID=80) to work on /home/airflow/.local/lib/python3.6/site-packages/airflow/example_dags/example_trigger_controller_dag.py
[2021-10-24 23:47:52,385] {processor.py:620} INFO - Processing file /home/airflow/.local/lib/python3.6/site-packages/airflow/example_dags/example_trigger_controller_dag.py for tasks to queue
[2021-10-24 23:47:52,386] {logging_mixin.py:109} INFO - [2021-10-24 23:47:52,385] {dagbag.py:500} INFO - Filling up the DagBag from /home/airflow/.local/lib/python3.6/site-packages/airflow/example_dags/example_trigger_controller_dag.py
[2021-10-24 23:47:52,414] {processor.py:632} INFO - DAG(s) dict_keys(['example_trigger_controller_dag']) retrieved from /home/airflow/.local/lib/python3.6/site-packages/airflow/example_dags/example_trigger_controller_dag.py
[2021-10-24 23:47:52,426] {logging_mixin.py:109} INFO - [2021-10-24 23:47:52,426] {dag.py:2389} INFO - Sync 1 DAGs
[2021-10-24 23:47:52,444] {logging_mixin.py:109} INFO - [2021-10-24 23:47:52,444] {dag.py:2914} INFO - Setting next_dagrun for example_trigger_controller_dag to 2021-01-01T00:00:00+00:00
[2021-10-24 23:47:52,454] {processor.py:171} INFO - Processing /home/airflow/.local/lib/python3.6/site-packages/airflow/example_dags/example_trigger_controller_dag.py took 0.073 seconds
[2021-10-24 23:48:24,902] {processor.py:163} INFO - Started process (PID=157) to work on /home/airflow/.local/lib/python3.6/site-packages/airflow/example_dags/example_trigger_controller_dag.py
[2021-10-24 23:48:24,905] {processor.py:620} INFO - Processing file /home/airflow/.local/lib/python3.6/site-packages/airflow/example_dags/example_trigger_controller_dag.py for tasks to queue
[2021-10-24 23:48:24,908] {logging_mixin.py:109} INFO - [2021-10-24 23:48:24,907] {dagbag.py:500} INFO - Filling up the DagBag from /home/airflow/.local/lib/python3.6/site-packages/airflow/example_dags/example_trigger_controller_dag.py
[2021-10-24 23:48:24,962] {processor.py:632} INFO - DAG(s) dict_keys(['example_trigger_controller_dag']) retrieved from /home/airflow/.local/lib/python3.6/site-packages/airflow/example_dags/example_trigger_controller_dag.py
[2021-10-24 23:48:24,986] {logging_mixin.py:109} INFO - [2021-10-24 23:48:24,986] {dag.py:2389} INFO - Sync 1 DAGs
[2021-10-24 23:48:25,025] {logging_mixin.py:109} INFO - [2021-10-24 23:48:25,024] {dag.py:2914} INFO - Setting next_dagrun for example_trigger_controller_dag to 2021-01-01T00:00:00+00:00
[2021-10-24 23:48:25,054] {processor.py:171} INFO - Processing /home/airflow/.local/lib/python3.6/site-packages/airflow/example_dags/example_trigger_controller_dag.py took 0.157 seconds
[2021-10-24 23:48:55,947] {processor.py:163} INFO - Started process (PID=220) to work on /home/airflow/.local/lib/python3.6/site-packages/airflow/example_dags/example_trigger_controller_dag.py
[2021-10-24 23:48:55,949] {processor.py:620} INFO - Processing file /home/airflow/.local/lib/python3.6/site-packages/airflow/example_dags/example_trigger_controller_dag.py for tasks to queue
[2021-10-24 23:48:55,950] {logging_mixin.py:109} INFO - [2021-10-24 23:48:55,950] {dagbag.py:500} INFO - Filling up the DagBag from /home/airflow/.local/lib/python3.6/site-packages/airflow/example_dags/example_trigger_controller_dag.py
[2021-10-24 23:48:56,000] {processor.py:632} INFO - DAG(s) dict_keys(['example_trigger_controller_dag']) retrieved from /home/airflow/.local/lib/python3.6/site-packages/airflow/example_dags/example_trigger_controller_dag.py
[2021-10-24 23:48:56,019] {logging_mixin.py:109} INFO - [2021-10-24 23:48:56,019] {dag.py:2389} INFO - Sync 1 DAGs
[2021-10-24 23:48:56,050] {logging_mixin.py:109} INFO - [2021-10-24 23:48:56,050] {dag.py:2914} INFO - Setting next_dagrun for example_trigger_controller_dag to 2021-01-01T00:00:00+00:00
[2021-10-24 23:48:56,067] {processor.py:171} INFO - Processing /home/airflow/.local/lib/python3.6/site-packages/airflow/example_dags/example_trigger_controller_dag.py took 0.124 seconds
[2021-10-24 23:49:27,513] {processor.py:163} INFO - Started process (PID=286) to work on /home/airflow/.local/lib/python3.6/site-packages/airflow/example_dags/example_trigger_controller_dag.py
[2021-10-24 23:49:27,515] {processor.py:620} INFO - Processing file /home/airflow/.local/lib/python3.6/site-packages/airflow/example_dags/example_trigger_controller_dag.py for tasks to queue
[2021-10-24 23:49:27,516] {logging_mixin.py:109} INFO - [2021-10-24 23:49:27,516] {dagbag.py:500} INFO - Filling up the DagBag from /home/airflow/.local/lib/python3.6/site-packages/airflow/example_dags/example_trigger_controller_dag.py
[2021-10-24 23:49:27,548] {processor.py:632} INFO - DAG(s) dict_keys(['example_trigger_controller_dag']) retrieved from /home/airflow/.local/lib/python3.6/site-packages/airflow/example_dags/example_trigger_controller_dag.py
[2021-10-24 23:49:27,560] {logging_mixin.py:109} INFO - [2021-10-24 23:49:27,560] {dag.py:2389} INFO - Sync 1 DAGs
[2021-10-24 23:49:27,580] {logging_mixin.py:109} INFO - [2021-10-24 23:49:27,580] {dag.py:2914} INFO - Setting next_dagrun for example_trigger_controller_dag to 2021-01-01T00:00:00+00:00
[2021-10-24 23:49:27,592] {processor.py:171} INFO - Processing /home/airflow/.local/lib/python3.6/site-packages/airflow/example_dags/example_trigger_controller_dag.py took 0.083 seconds
[2021-10-24 23:49:58,724] {processor.py:163} INFO - Started process (PID=349) to work on /home/airflow/.local/lib/python3.6/site-packages/airflow/example_dags/example_trigger_controller_dag.py
[2021-10-24 23:49:58,726] {processor.py:620} INFO - Processing file /home/airflow/.local/lib/python3.6/site-packages/airflow/example_dags/example_trigger_controller_dag.py for tasks to queue
[2021-10-24 23:49:58,727] {logging_mixin.py:109} INFO - [2021-10-24 23:49:58,727] {dagbag.py:500} INFO - Filling up the DagBag from /home/airflow/.local/lib/python3.6/site-packages/airflow/example_dags/example_trigger_controller_dag.py
[2021-10-24 23:49:58,765] {processor.py:632} INFO - DAG(s) dict_keys(['example_trigger_controller_dag']) retrieved from /home/airflow/.local/lib/python3.6/site-packages/airflow/example_dags/example_trigger_controller_dag.py
[2021-10-24 23:49:58,784] {logging_mixin.py:109} INFO - [2021-10-24 23:49:58,783] {dag.py:2389} INFO - Sync 1 DAGs
[2021-10-24 23:49:58,815] {logging_mixin.py:109} INFO - [2021-10-24 23:49:58,815] {dag.py:2914} INFO - Setting next_dagrun for example_trigger_controller_dag to 2021-01-01T00:00:00+00:00
[2021-10-24 23:49:58,836] {processor.py:171} INFO - Processing /home/airflow/.local/lib/python3.6/site-packages/airflow/example_dags/example_trigger_controller_dag.py took 0.118 seconds
[2021-10-24 23:50:29,072] {processor.py:163} INFO - Started process (PID=407) to work on /home/airflow/.local/lib/python3.6/site-packages/airflow/example_dags/example_trigger_controller_dag.py
[2021-10-24 23:50:29,073] {processor.py:620} INFO - Processing file /home/airflow/.local/lib/python3.6/site-packages/airflow/example_dags/example_trigger_controller_dag.py for tasks to queue
[2021-10-24 23:50:29,074] {logging_mixin.py:109} INFO - [2021-10-24 23:50:29,074] {dagbag.py:500} INFO - Filling up the DagBag from /home/airflow/.local/lib/python3.6/site-packages/airflow/example_dags/example_trigger_controller_dag.py
[2021-10-24 23:50:29,115] {processor.py:632} INFO - DAG(s) dict_keys(['example_trigger_controller_dag']) retrieved from /home/airflow/.local/lib/python3.6/site-packages/airflow/example_dags/example_trigger_controller_dag.py
[2021-10-24 23:50:29,130] {logging_mixin.py:109} INFO - [2021-10-24 23:50:29,130] {dag.py:2389} INFO - Sync 1 DAGs
[2021-10-24 23:50:29,167] {logging_mixin.py:109} INFO - [2021-10-24 23:50:29,166] {dag.py:2914} INFO - Setting next_dagrun for example_trigger_controller_dag to 2021-01-01T00:00:00+00:00
[2021-10-24 23:50:29,191] {processor.py:171} INFO - Processing /home/airflow/.local/lib/python3.6/site-packages/airflow/example_dags/example_trigger_controller_dag.py took 0.127 seconds
[2021-10-24 23:50:59,673] {processor.py:163} INFO - Started process (PID=472) to work on /home/airflow/.local/lib/python3.6/site-packages/airflow/example_dags/example_trigger_controller_dag.py
[2021-10-24 23:50:59,674] {processor.py:620} INFO - Processing file /home/airflow/.local/lib/python3.6/site-packages/airflow/example_dags/example_trigger_controller_dag.py for tasks to queue
[2021-10-24 23:50:59,675] {logging_mixin.py:109} INFO - [2021-10-24 23:50:59,675] {dagbag.py:500} INFO - Filling up the DagBag from /home/airflow/.local/lib/python3.6/site-packages/airflow/example_dags/example_trigger_controller_dag.py
[2021-10-24 23:50:59,719] {processor.py:632} INFO - DAG(s) dict_keys(['example_trigger_controller_dag']) retrieved from /home/airflow/.local/lib/python3.6/site-packages/airflow/example_dags/example_trigger_controller_dag.py
[2021-10-24 23:50:59,738] {logging_mixin.py:109} INFO - [2021-10-24 23:50:59,738] {dag.py:2389} INFO - Sync 1 DAGs
[2021-10-24 23:50:59,768] {logging_mixin.py:109} INFO - [2021-10-24 23:50:59,768] {dag.py:2914} INFO - Setting next_dagrun for example_trigger_controller_dag to 2021-01-01T00:00:00+00:00
[2021-10-24 23:50:59,785] {processor.py:171} INFO - Processing /home/airflow/.local/lib/python3.6/site-packages/airflow/example_dags/example_trigger_controller_dag.py took 0.118 seconds
[2021-10-24 23:51:30,745] {processor.py:163} INFO - Started process (PID=542) to work on /home/airflow/.local/lib/python3.6/site-packages/airflow/example_dags/example_trigger_controller_dag.py
[2021-10-24 23:51:30,747] {processor.py:620} INFO - Processing file /home/airflow/.local/lib/python3.6/site-packages/airflow/example_dags/example_trigger_controller_dag.py for tasks to queue
[2021-10-24 23:51:30,748] {logging_mixin.py:109} INFO - [2021-10-24 23:51:30,748] {dagbag.py:500} INFO - Filling up the DagBag from /home/airflow/.local/lib/python3.6/site-packages/airflow/example_dags/example_trigger_controller_dag.py
[2021-10-24 23:51:30,789] {processor.py:632} INFO - DAG(s) dict_keys(['example_trigger_controller_dag']) retrieved from /home/airflow/.local/lib/python3.6/site-packages/airflow/example_dags/example_trigger_controller_dag.py
[2021-10-24 23:51:30,809] {logging_mixin.py:109} INFO - [2021-10-24 23:51:30,809] {dag.py:2389} INFO - Sync 1 DAGs
[2021-10-24 23:51:30,832] {logging_mixin.py:109} INFO - [2021-10-24 23:51:30,831] {dag.py:2914} INFO - Setting next_dagrun for example_trigger_controller_dag to 2021-01-01T00:00:00+00:00
[2021-10-24 23:51:30,847] {processor.py:171} INFO - Processing /home/airflow/.local/lib/python3.6/site-packages/airflow/example_dags/example_trigger_controller_dag.py took 0.109 seconds
[2021-10-24 23:52:01,584] {processor.py:163} INFO - Started process (PID=606) to work on /home/airflow/.local/lib/python3.6/site-packages/airflow/example_dags/example_trigger_controller_dag.py
[2021-10-24 23:52:01,586] {processor.py:620} INFO - Processing file /home/airflow/.local/lib/python3.6/site-packages/airflow/example_dags/example_trigger_controller_dag.py for tasks to queue
[2021-10-24 23:52:01,587] {logging_mixin.py:109} INFO - [2021-10-24 23:52:01,587] {dagbag.py:500} INFO - Filling up the DagBag from /home/airflow/.local/lib/python3.6/site-packages/airflow/example_dags/example_trigger_controller_dag.py
[2021-10-24 23:52:01,627] {processor.py:632} INFO - DAG(s) dict_keys(['example_trigger_controller_dag']) retrieved from /home/airflow/.local/lib/python3.6/site-packages/airflow/example_dags/example_trigger_controller_dag.py
[2021-10-24 23:52:01,640] {logging_mixin.py:109} INFO - [2021-10-24 23:52:01,640] {dag.py:2389} INFO - Sync 1 DAGs
[2021-10-24 23:52:01,664] {logging_mixin.py:109} INFO - [2021-10-24 23:52:01,664] {dag.py:2914} INFO - Setting next_dagrun for example_trigger_controller_dag to 2021-01-01T00:00:00+00:00
[2021-10-24 23:52:01,680] {processor.py:171} INFO - Processing /home/airflow/.local/lib/python3.6/site-packages/airflow/example_dags/example_trigger_controller_dag.py took 0.101 seconds
[2021-10-24 23:52:32,550] {processor.py:163} INFO - Started process (PID=670) to work on /home/airflow/.local/lib/python3.6/site-packages/airflow/example_dags/example_trigger_controller_dag.py
[2021-10-24 23:52:32,552] {processor.py:620} INFO - Processing file /home/airflow/.local/lib/python3.6/site-packages/airflow/example_dags/example_trigger_controller_dag.py for tasks to queue
[2021-10-24 23:52:32,553] {logging_mixin.py:109} INFO - [2021-10-24 23:52:32,553] {dagbag.py:500} INFO - Filling up the DagBag from /home/airflow/.local/lib/python3.6/site-packages/airflow/example_dags/example_trigger_controller_dag.py
[2021-10-24 23:52:32,593] {processor.py:632} INFO - DAG(s) dict_keys(['example_trigger_controller_dag']) retrieved from /home/airflow/.local/lib/python3.6/site-packages/airflow/example_dags/example_trigger_controller_dag.py
[2021-10-24 23:52:32,610] {logging_mixin.py:109} INFO - [2021-10-24 23:52:32,610] {dag.py:2389} INFO - Sync 1 DAGs
[2021-10-24 23:52:32,631] {logging_mixin.py:109} INFO - [2021-10-24 23:52:32,631] {dag.py:2914} INFO - Setting next_dagrun for example_trigger_controller_dag to 2021-01-01T00:00:00+00:00
[2021-10-24 23:52:32,649] {processor.py:171} INFO - Processing /home/airflow/.local/lib/python3.6/site-packages/airflow/example_dags/example_trigger_controller_dag.py took 0.105 seconds
[2021-10-24 23:53:03,365] {processor.py:163} INFO - Started process (PID=735) to work on /home/airflow/.local/lib/python3.6/site-packages/airflow/example_dags/example_trigger_controller_dag.py
[2021-10-24 23:53:03,366] {processor.py:620} INFO - Processing file /home/airflow/.local/lib/python3.6/site-packages/airflow/example_dags/example_trigger_controller_dag.py for tasks to queue
[2021-10-24 23:53:03,367] {logging_mixin.py:109} INFO - [2021-10-24 23:53:03,367] {dagbag.py:500} INFO - Filling up the DagBag from /home/airflow/.local/lib/python3.6/site-packages/airflow/example_dags/example_trigger_controller_dag.py
[2021-10-24 23:53:03,390] {processor.py:632} INFO - DAG(s) dict_keys(['example_trigger_controller_dag']) retrieved from /home/airflow/.local/lib/python3.6/site-packages/airflow/example_dags/example_trigger_controller_dag.py
[2021-10-24 23:53:03,402] {logging_mixin.py:109} INFO - [2021-10-24 23:53:03,402] {dag.py:2389} INFO - Sync 1 DAGs
[2021-10-24 23:53:03,419] {logging_mixin.py:109} INFO - [2021-10-24 23:53:03,418] {dag.py:2914} INFO - Setting next_dagrun for example_trigger_controller_dag to 2021-01-01T00:00:00+00:00
[2021-10-24 23:53:03,428] {processor.py:171} INFO - Processing /home/airflow/.local/lib/python3.6/site-packages/airflow/example_dags/example_trigger_controller_dag.py took 0.065 seconds
[2021-10-24 23:53:34,135] {processor.py:163} INFO - Started process (PID=810) to work on /home/airflow/.local/lib/python3.6/site-packages/airflow/example_dags/example_trigger_controller_dag.py
[2021-10-24 23:53:34,136] {processor.py:620} INFO - Processing file /home/airflow/.local/lib/python3.6/site-packages/airflow/example_dags/example_trigger_controller_dag.py for tasks to queue
[2021-10-24 23:53:34,137] {logging_mixin.py:109} INFO - [2021-10-24 23:53:34,137] {dagbag.py:500} INFO - Filling up the DagBag from /home/airflow/.local/lib/python3.6/site-packages/airflow/example_dags/example_trigger_controller_dag.py
[2021-10-24 23:53:34,197] {processor.py:632} INFO - DAG(s) dict_keys(['example_trigger_controller_dag']) retrieved from /home/airflow/.local/lib/python3.6/site-packages/airflow/example_dags/example_trigger_controller_dag.py
[2021-10-24 23:53:34,222] {logging_mixin.py:109} INFO - [2021-10-24 23:53:34,222] {dag.py:2389} INFO - Sync 1 DAGs
[2021-10-24 23:53:34,274] {logging_mixin.py:109} INFO - [2021-10-24 23:53:34,274] {dag.py:2914} INFO - Setting next_dagrun for example_trigger_controller_dag to 2021-01-01T00:00:00+00:00
[2021-10-24 23:53:34,295] {processor.py:171} INFO - Processing /home/airflow/.local/lib/python3.6/site-packages/airflow/example_dags/example_trigger_controller_dag.py took 0.170 seconds
[2021-10-24 23:54:04,349] {processor.py:163} INFO - Started process (PID=878) to work on /home/airflow/.local/lib/python3.6/site-packages/airflow/example_dags/example_trigger_controller_dag.py
[2021-10-24 23:54:04,350] {processor.py:620} INFO - Processing file /home/airflow/.local/lib/python3.6/site-packages/airflow/example_dags/example_trigger_controller_dag.py for tasks to queue
[2021-10-24 23:54:04,350] {logging_mixin.py:109} INFO - [2021-10-24 23:54:04,350] {dagbag.py:500} INFO - Filling up the DagBag from /home/airflow/.local/lib/python3.6/site-packages/airflow/example_dags/example_trigger_controller_dag.py
[2021-10-24 23:54:04,372] {processor.py:632} INFO - DAG(s) dict_keys(['example_trigger_controller_dag']) retrieved from /home/airflow/.local/lib/python3.6/site-packages/airflow/example_dags/example_trigger_controller_dag.py
[2021-10-24 23:54:04,382] {logging_mixin.py:109} INFO - [2021-10-24 23:54:04,382] {dag.py:2389} INFO - Sync 1 DAGs
[2021-10-24 23:54:04,399] {logging_mixin.py:109} INFO - [2021-10-24 23:54:04,398] {dag.py:2914} INFO - Setting next_dagrun for example_trigger_controller_dag to 2021-01-01T00:00:00+00:00
[2021-10-24 23:54:04,408] {processor.py:171} INFO - Processing /home/airflow/.local/lib/python3.6/site-packages/airflow/example_dags/example_trigger_controller_dag.py took 0.062 seconds
[2021-10-24 23:54:35,147] {processor.py:163} INFO - Started process (PID=943) to work on /home/airflow/.local/lib/python3.6/site-packages/airflow/example_dags/example_trigger_controller_dag.py
[2021-10-24 23:54:35,148] {processor.py:620} INFO - Processing file /home/airflow/.local/lib/python3.6/site-packages/airflow/example_dags/example_trigger_controller_dag.py for tasks to queue
[2021-10-24 23:54:35,149] {logging_mixin.py:109} INFO - [2021-10-24 23:54:35,149] {dagbag.py:500} INFO - Filling up the DagBag from /home/airflow/.local/lib/python3.6/site-packages/airflow/example_dags/example_trigger_controller_dag.py
[2021-10-24 23:54:35,178] {processor.py:632} INFO - DAG(s) dict_keys(['example_trigger_controller_dag']) retrieved from /home/airflow/.local/lib/python3.6/site-packages/airflow/example_dags/example_trigger_controller_dag.py
[2021-10-24 23:54:35,190] {logging_mixin.py:109} INFO - [2021-10-24 23:54:35,190] {dag.py:2389} INFO - Sync 1 DAGs
[2021-10-24 23:54:35,208] {logging_mixin.py:109} INFO - [2021-10-24 23:54:35,208] {dag.py:2914} INFO - Setting next_dagrun for example_trigger_controller_dag to 2021-01-01T00:00:00+00:00
[2021-10-24 23:54:35,216] {processor.py:171} INFO - Processing /home/airflow/.local/lib/python3.6/site-packages/airflow/example_dags/example_trigger_controller_dag.py took 0.073 seconds
[2021-10-24 23:55:05,742] {processor.py:163} INFO - Started process (PID=1008) to work on /home/airflow/.local/lib/python3.6/site-packages/airflow/example_dags/example_trigger_controller_dag.py
[2021-10-24 23:55:05,743] {processor.py:620} INFO - Processing file /home/airflow/.local/lib/python3.6/site-packages/airflow/example_dags/example_trigger_controller_dag.py for tasks to queue
[2021-10-24 23:55:05,744] {logging_mixin.py:109} INFO - [2021-10-24 23:55:05,744] {dagbag.py:500} INFO - Filling up the DagBag from /home/airflow/.local/lib/python3.6/site-packages/airflow/example_dags/example_trigger_controller_dag.py
[2021-10-24 23:55:05,772] {processor.py:632} INFO - DAG(s) dict_keys(['example_trigger_controller_dag']) retrieved from /home/airflow/.local/lib/python3.6/site-packages/airflow/example_dags/example_trigger_controller_dag.py
[2021-10-24 23:55:05,782] {logging_mixin.py:109} INFO - [2021-10-24 23:55:05,782] {dag.py:2389} INFO - Sync 1 DAGs
[2021-10-24 23:55:05,798] {logging_mixin.py:109} INFO - [2021-10-24 23:55:05,798] {dag.py:2914} INFO - Setting next_dagrun for example_trigger_controller_dag to 2021-01-01T00:00:00+00:00
[2021-10-24 23:55:05,805] {processor.py:171} INFO - Processing /home/airflow/.local/lib/python3.6/site-packages/airflow/example_dags/example_trigger_controller_dag.py took 0.068 seconds
[2021-10-24 23:55:35,939] {processor.py:163} INFO - Started process (PID=1082) to work on /home/airflow/.local/lib/python3.6/site-packages/airflow/example_dags/example_trigger_controller_dag.py
[2021-10-24 23:55:35,940] {processor.py:620} INFO - Processing file /home/airflow/.local/lib/python3.6/site-packages/airflow/example_dags/example_trigger_controller_dag.py for tasks to queue
[2021-10-24 23:55:35,941] {logging_mixin.py:109} INFO - [2021-10-24 23:55:35,940] {dagbag.py:500} INFO - Filling up the DagBag from /home/airflow/.local/lib/python3.6/site-packages/airflow/example_dags/example_trigger_controller_dag.py
[2021-10-24 23:55:35,964] {processor.py:632} INFO - DAG(s) dict_keys(['example_trigger_controller_dag']) retrieved from /home/airflow/.local/lib/python3.6/site-packages/airflow/example_dags/example_trigger_controller_dag.py
[2021-10-24 23:55:35,974] {logging_mixin.py:109} INFO - [2021-10-24 23:55:35,974] {dag.py:2389} INFO - Sync 1 DAGs
[2021-10-24 23:55:35,989] {logging_mixin.py:109} INFO - [2021-10-24 23:55:35,989] {dag.py:2914} INFO - Setting next_dagrun for example_trigger_controller_dag to 2021-01-01T00:00:00+00:00
[2021-10-24 23:55:35,997] {processor.py:171} INFO - Processing /home/airflow/.local/lib/python3.6/site-packages/airflow/example_dags/example_trigger_controller_dag.py took 0.061 seconds
[2021-10-24 23:56:06,512] {processor.py:163} INFO - Started process (PID=1146) to work on /home/airflow/.local/lib/python3.6/site-packages/airflow/example_dags/example_trigger_controller_dag.py
[2021-10-24 23:56:06,514] {processor.py:620} INFO - Processing file /home/airflow/.local/lib/python3.6/site-packages/airflow/example_dags/example_trigger_controller_dag.py for tasks to queue
[2021-10-24 23:56:06,514] {logging_mixin.py:109} INFO - [2021-10-24 23:56:06,514] {dagbag.py:500} INFO - Filling up the DagBag from /home/airflow/.local/lib/python3.6/site-packages/airflow/example_dags/example_trigger_controller_dag.py
[2021-10-24 23:56:06,539] {processor.py:632} INFO - DAG(s) dict_keys(['example_trigger_controller_dag']) retrieved from /home/airflow/.local/lib/python3.6/site-packages/airflow/example_dags/example_trigger_controller_dag.py
[2021-10-24 23:56:06,550] {logging_mixin.py:109} INFO - [2021-10-24 23:56:06,550] {dag.py:2389} INFO - Sync 1 DAGs
[2021-10-24 23:56:06,567] {logging_mixin.py:109} INFO - [2021-10-24 23:56:06,567] {dag.py:2914} INFO - Setting next_dagrun for example_trigger_controller_dag to 2021-01-01T00:00:00+00:00
[2021-10-24 23:56:06,574] {processor.py:171} INFO - Processing /home/airflow/.local/lib/python3.6/site-packages/airflow/example_dags/example_trigger_controller_dag.py took 0.064 seconds
[2021-10-24 23:56:37,494] {processor.py:163} INFO - Started process (PID=1221) to work on /home/airflow/.local/lib/python3.6/site-packages/airflow/example_dags/example_trigger_controller_dag.py
[2021-10-24 23:56:37,495] {processor.py:620} INFO - Processing file /home/airflow/.local/lib/python3.6/site-packages/airflow/example_dags/example_trigger_controller_dag.py for tasks to queue
[2021-10-24 23:56:37,496] {logging_mixin.py:109} INFO - [2021-10-24 23:56:37,496] {dagbag.py:500} INFO - Filling up the DagBag from /home/airflow/.local/lib/python3.6/site-packages/airflow/example_dags/example_trigger_controller_dag.py
[2021-10-24 23:56:37,517] {processor.py:632} INFO - DAG(s) dict_keys(['example_trigger_controller_dag']) retrieved from /home/airflow/.local/lib/python3.6/site-packages/airflow/example_dags/example_trigger_controller_dag.py
[2021-10-24 23:56:37,527] {logging_mixin.py:109} INFO - [2021-10-24 23:56:37,527] {dag.py:2389} INFO - Sync 1 DAGs
[2021-10-24 23:56:37,541] {logging_mixin.py:109} INFO - [2021-10-24 23:56:37,541] {dag.py:2914} INFO - Setting next_dagrun for example_trigger_controller_dag to 2021-01-01T00:00:00+00:00
[2021-10-24 23:56:37,549] {processor.py:171} INFO - Processing /home/airflow/.local/lib/python3.6/site-packages/airflow/example_dags/example_trigger_controller_dag.py took 0.058 seconds
[2021-10-24 23:57:08,370] {processor.py:163} INFO - Started process (PID=1285) to work on /home/airflow/.local/lib/python3.6/site-packages/airflow/example_dags/example_trigger_controller_dag.py
[2021-10-24 23:57:08,371] {processor.py:620} INFO - Processing file /home/airflow/.local/lib/python3.6/site-packages/airflow/example_dags/example_trigger_controller_dag.py for tasks to queue
[2021-10-24 23:57:08,372] {logging_mixin.py:109} INFO - [2021-10-24 23:57:08,372] {dagbag.py:500} INFO - Filling up the DagBag from /home/airflow/.local/lib/python3.6/site-packages/airflow/example_dags/example_trigger_controller_dag.py
[2021-10-24 23:57:08,393] {processor.py:632} INFO - DAG(s) dict_keys(['example_trigger_controller_dag']) retrieved from /home/airflow/.local/lib/python3.6/site-packages/airflow/example_dags/example_trigger_controller_dag.py
[2021-10-24 23:57:08,401] {logging_mixin.py:109} INFO - [2021-10-24 23:57:08,401] {dag.py:2389} INFO - Sync 1 DAGs
[2021-10-24 23:57:08,415] {logging_mixin.py:109} INFO - [2021-10-24 23:57:08,415] {dag.py:2914} INFO - Setting next_dagrun for example_trigger_controller_dag to 2021-01-01T00:00:00+00:00
[2021-10-24 23:57:08,423] {processor.py:171} INFO - Processing /home/airflow/.local/lib/python3.6/site-packages/airflow/example_dags/example_trigger_controller_dag.py took 0.055 seconds
[2021-10-24 23:57:39,253] {processor.py:163} INFO - Started process (PID=1356) to work on /home/airflow/.local/lib/python3.6/site-packages/airflow/example_dags/example_trigger_controller_dag.py
[2021-10-24 23:57:39,255] {processor.py:620} INFO - Processing file /home/airflow/.local/lib/python3.6/site-packages/airflow/example_dags/example_trigger_controller_dag.py for tasks to queue
[2021-10-24 23:57:39,255] {logging_mixin.py:109} INFO - [2021-10-24 23:57:39,255] {dagbag.py:500} INFO - Filling up the DagBag from /home/airflow/.local/lib/python3.6/site-packages/airflow/example_dags/example_trigger_controller_dag.py
[2021-10-24 23:57:39,291] {processor.py:632} INFO - DAG(s) dict_keys(['example_trigger_controller_dag']) retrieved from /home/airflow/.local/lib/python3.6/site-packages/airflow/example_dags/example_trigger_controller_dag.py
[2021-10-24 23:57:39,308] {logging_mixin.py:109} INFO - [2021-10-24 23:57:39,307] {dag.py:2389} INFO - Sync 1 DAGs
[2021-10-24 23:57:39,336] {logging_mixin.py:109} INFO - [2021-10-24 23:57:39,336] {dag.py:2914} INFO - Setting next_dagrun for example_trigger_controller_dag to 2021-01-01T00:00:00+00:00
[2021-10-24 23:57:39,350] {processor.py:171} INFO - Processing /home/airflow/.local/lib/python3.6/site-packages/airflow/example_dags/example_trigger_controller_dag.py took 0.099 seconds
[2021-10-24 23:58:10,537] {processor.py:163} INFO - Started process (PID=1427) to work on /home/airflow/.local/lib/python3.6/site-packages/airflow/example_dags/example_trigger_controller_dag.py
[2021-10-24 23:58:10,539] {processor.py:620} INFO - Processing file /home/airflow/.local/lib/python3.6/site-packages/airflow/example_dags/example_trigger_controller_dag.py for tasks to queue
[2021-10-24 23:58:10,540] {logging_mixin.py:109} INFO - [2021-10-24 23:58:10,540] {dagbag.py:500} INFO - Filling up the DagBag from /home/airflow/.local/lib/python3.6/site-packages/airflow/example_dags/example_trigger_controller_dag.py
[2021-10-24 23:58:10,579] {processor.py:632} INFO - DAG(s) dict_keys(['example_trigger_controller_dag']) retrieved from /home/airflow/.local/lib/python3.6/site-packages/airflow/example_dags/example_trigger_controller_dag.py
[2021-10-24 23:58:10,595] {logging_mixin.py:109} INFO - [2021-10-24 23:58:10,595] {dag.py:2389} INFO - Sync 1 DAGs
[2021-10-24 23:58:10,619] {logging_mixin.py:109} INFO - [2021-10-24 23:58:10,619] {dag.py:2914} INFO - Setting next_dagrun for example_trigger_controller_dag to 2021-01-01T00:00:00+00:00
[2021-10-24 23:58:10,636] {processor.py:171} INFO - Processing /home/airflow/.local/lib/python3.6/site-packages/airflow/example_dags/example_trigger_controller_dag.py took 0.103 seconds
[2021-10-24 23:58:41,115] {processor.py:163} INFO - Started process (PID=1493) to work on /home/airflow/.local/lib/python3.6/site-packages/airflow/example_dags/example_trigger_controller_dag.py
[2021-10-24 23:58:41,116] {processor.py:620} INFO - Processing file /home/airflow/.local/lib/python3.6/site-packages/airflow/example_dags/example_trigger_controller_dag.py for tasks to queue
[2021-10-24 23:58:41,117] {logging_mixin.py:109} INFO - [2021-10-24 23:58:41,117] {dagbag.py:500} INFO - Filling up the DagBag from /home/airflow/.local/lib/python3.6/site-packages/airflow/example_dags/example_trigger_controller_dag.py
[2021-10-24 23:58:41,148] {processor.py:632} INFO - DAG(s) dict_keys(['example_trigger_controller_dag']) retrieved from /home/airflow/.local/lib/python3.6/site-packages/airflow/example_dags/example_trigger_controller_dag.py
[2021-10-24 23:58:41,164] {logging_mixin.py:109} INFO - [2021-10-24 23:58:41,164] {dag.py:2389} INFO - Sync 1 DAGs
[2021-10-24 23:58:41,187] {logging_mixin.py:109} INFO - [2021-10-24 23:58:41,187] {dag.py:2914} INFO - Setting next_dagrun for example_trigger_controller_dag to 2021-01-01T00:00:00+00:00
[2021-10-24 23:58:41,199] {processor.py:171} INFO - Processing /home/airflow/.local/lib/python3.6/site-packages/airflow/example_dags/example_trigger_controller_dag.py took 0.087 seconds
[2021-10-24 23:59:11,670] {processor.py:163} INFO - Started process (PID=1559) to work on /home/airflow/.local/lib/python3.6/site-packages/airflow/example_dags/example_trigger_controller_dag.py
[2021-10-24 23:59:11,671] {processor.py:620} INFO - Processing file /home/airflow/.local/lib/python3.6/site-packages/airflow/example_dags/example_trigger_controller_dag.py for tasks to queue
[2021-10-24 23:59:11,672] {logging_mixin.py:109} INFO - [2021-10-24 23:59:11,672] {dagbag.py:500} INFO - Filling up the DagBag from /home/airflow/.local/lib/python3.6/site-packages/airflow/example_dags/example_trigger_controller_dag.py
[2021-10-24 23:59:11,701] {processor.py:632} INFO - DAG(s) dict_keys(['example_trigger_controller_dag']) retrieved from /home/airflow/.local/lib/python3.6/site-packages/airflow/example_dags/example_trigger_controller_dag.py
[2021-10-24 23:59:11,717] {logging_mixin.py:109} INFO - [2021-10-24 23:59:11,716] {dag.py:2389} INFO - Sync 1 DAGs
[2021-10-24 23:59:11,737] {logging_mixin.py:109} INFO - [2021-10-24 23:59:11,736] {dag.py:2914} INFO - Setting next_dagrun for example_trigger_controller_dag to 2021-01-01T00:00:00+00:00
[2021-10-24 23:59:11,747] {processor.py:171} INFO - Processing /home/airflow/.local/lib/python3.6/site-packages/airflow/example_dags/example_trigger_controller_dag.py took 0.080 seconds
[2021-10-24 23:59:42,783] {processor.py:163} INFO - Started process (PID=1635) to work on /home/airflow/.local/lib/python3.6/site-packages/airflow/example_dags/example_trigger_controller_dag.py
[2021-10-24 23:59:42,785] {processor.py:620} INFO - Processing file /home/airflow/.local/lib/python3.6/site-packages/airflow/example_dags/example_trigger_controller_dag.py for tasks to queue
[2021-10-24 23:59:42,786] {logging_mixin.py:109} INFO - [2021-10-24 23:59:42,786] {dagbag.py:500} INFO - Filling up the DagBag from /home/airflow/.local/lib/python3.6/site-packages/airflow/example_dags/example_trigger_controller_dag.py
[2021-10-24 23:59:42,834] {processor.py:632} INFO - DAG(s) dict_keys(['example_trigger_controller_dag']) retrieved from /home/airflow/.local/lib/python3.6/site-packages/airflow/example_dags/example_trigger_controller_dag.py
[2021-10-24 23:59:42,851] {logging_mixin.py:109} INFO - [2021-10-24 23:59:42,851] {dag.py:2389} INFO - Sync 1 DAGs
[2021-10-24 23:59:42,884] {logging_mixin.py:109} INFO - [2021-10-24 23:59:42,884] {dag.py:2914} INFO - Setting next_dagrun for example_trigger_controller_dag to 2021-01-01T00:00:00+00:00
[2021-10-24 23:59:42,916] {processor.py:171} INFO - Processing /home/airflow/.local/lib/python3.6/site-packages/airflow/example_dags/example_trigger_controller_dag.py took 0.144 seconds
