[2021-10-24 22:55:14,014] {processor.py:163} INFO - Started process (PID=62) to work on /home/airflow/.local/lib/python3.6/site-packages/airflow/example_dags/example_task_group_decorator.py
[2021-10-24 22:55:14,016] {processor.py:620} INFO - Processing file /home/airflow/.local/lib/python3.6/site-packages/airflow/example_dags/example_task_group_decorator.py for tasks to queue
[2021-10-24 22:55:14,017] {logging_mixin.py:109} INFO - [2021-10-24 22:55:14,016] {dagbag.py:500} INFO - Filling up the DagBag from /home/airflow/.local/lib/python3.6/site-packages/airflow/example_dags/example_task_group_decorator.py
[2021-10-24 22:55:14,091] {processor.py:632} INFO - DAG(s) dict_keys(['example_task_group_decorator']) retrieved from /home/airflow/.local/lib/python3.6/site-packages/airflow/example_dags/example_task_group_decorator.py
[2021-10-24 22:55:15,126] {logging_mixin.py:109} INFO - [2021-10-24 22:55:15,125] {dag.py:2389} INFO - Sync 1 DAGs
[2021-10-24 22:55:15,145] {logging_mixin.py:109} INFO - [2021-10-24 22:55:15,145] {dag.py:2914} INFO - Setting next_dagrun for example_task_group_decorator to 2021-10-23T22:55:15.145178+00:00
[2021-10-24 22:55:15,166] {processor.py:171} INFO - Processing /home/airflow/.local/lib/python3.6/site-packages/airflow/example_dags/example_task_group_decorator.py took 1.155 seconds
[2021-10-24 22:55:45,439] {processor.py:163} INFO - Started process (PID=129) to work on /home/airflow/.local/lib/python3.6/site-packages/airflow/example_dags/example_task_group_decorator.py
[2021-10-24 22:55:45,440] {processor.py:620} INFO - Processing file /home/airflow/.local/lib/python3.6/site-packages/airflow/example_dags/example_task_group_decorator.py for tasks to queue
[2021-10-24 22:55:45,441] {logging_mixin.py:109} INFO - [2021-10-24 22:55:45,441] {dagbag.py:500} INFO - Filling up the DagBag from /home/airflow/.local/lib/python3.6/site-packages/airflow/example_dags/example_task_group_decorator.py
[2021-10-24 22:55:45,477] {processor.py:632} INFO - DAG(s) dict_keys(['example_task_group_decorator']) retrieved from /home/airflow/.local/lib/python3.6/site-packages/airflow/example_dags/example_task_group_decorator.py
[2021-10-24 22:55:45,671] {logging_mixin.py:109} INFO - [2021-10-24 22:55:45,671] {dag.py:2389} INFO - Sync 1 DAGs
[2021-10-24 22:55:45,684] {logging_mixin.py:109} INFO - [2021-10-24 22:55:45,684] {dag.py:2914} INFO - Setting next_dagrun for example_task_group_decorator to 2021-10-23T22:55:45.684229+00:00
[2021-10-24 22:55:45,694] {processor.py:171} INFO - Processing /home/airflow/.local/lib/python3.6/site-packages/airflow/example_dags/example_task_group_decorator.py took 0.258 seconds
[2021-10-24 22:56:15,856] {processor.py:163} INFO - Started process (PID=193) to work on /home/airflow/.local/lib/python3.6/site-packages/airflow/example_dags/example_task_group_decorator.py
[2021-10-24 22:56:15,857] {processor.py:620} INFO - Processing file /home/airflow/.local/lib/python3.6/site-packages/airflow/example_dags/example_task_group_decorator.py for tasks to queue
[2021-10-24 22:56:15,857] {logging_mixin.py:109} INFO - [2021-10-24 22:56:15,857] {dagbag.py:500} INFO - Filling up the DagBag from /home/airflow/.local/lib/python3.6/site-packages/airflow/example_dags/example_task_group_decorator.py
[2021-10-24 22:56:15,896] {processor.py:632} INFO - DAG(s) dict_keys(['example_task_group_decorator']) retrieved from /home/airflow/.local/lib/python3.6/site-packages/airflow/example_dags/example_task_group_decorator.py
[2021-10-24 22:56:16,115] {logging_mixin.py:109} INFO - [2021-10-24 22:56:16,115] {dag.py:2389} INFO - Sync 1 DAGs
[2021-10-24 22:56:16,128] {logging_mixin.py:109} INFO - [2021-10-24 22:56:16,128] {dag.py:2914} INFO - Setting next_dagrun for example_task_group_decorator to 2021-10-23T22:56:16.128064+00:00
[2021-10-24 22:56:16,138] {processor.py:171} INFO - Processing /home/airflow/.local/lib/python3.6/site-packages/airflow/example_dags/example_task_group_decorator.py took 0.285 seconds
[2021-10-24 22:57:26,849] {processor.py:163} INFO - Started process (PID=62) to work on /home/airflow/.local/lib/python3.6/site-packages/airflow/example_dags/example_task_group_decorator.py
[2021-10-24 22:57:26,851] {processor.py:620} INFO - Processing file /home/airflow/.local/lib/python3.6/site-packages/airflow/example_dags/example_task_group_decorator.py for tasks to queue
[2021-10-24 22:57:26,852] {logging_mixin.py:109} INFO - [2021-10-24 22:57:26,852] {dagbag.py:500} INFO - Filling up the DagBag from /home/airflow/.local/lib/python3.6/site-packages/airflow/example_dags/example_task_group_decorator.py
[2021-10-24 22:57:26,923] {processor.py:632} INFO - DAG(s) dict_keys(['example_task_group_decorator']) retrieved from /home/airflow/.local/lib/python3.6/site-packages/airflow/example_dags/example_task_group_decorator.py
[2021-10-24 22:57:27,744] {logging_mixin.py:109} INFO - [2021-10-24 22:57:27,743] {dag.py:2389} INFO - Sync 1 DAGs
[2021-10-24 22:57:27,763] {logging_mixin.py:109} INFO - [2021-10-24 22:57:27,762] {dag.py:2914} INFO - Setting next_dagrun for example_task_group_decorator to 2021-10-23T22:57:27.762720+00:00
[2021-10-24 22:57:27,777] {processor.py:171} INFO - Processing /home/airflow/.local/lib/python3.6/site-packages/airflow/example_dags/example_task_group_decorator.py took 0.931 seconds
[2021-10-24 22:57:58,406] {processor.py:163} INFO - Started process (PID=118) to work on /home/airflow/.local/lib/python3.6/site-packages/airflow/example_dags/example_task_group_decorator.py
[2021-10-24 22:57:58,407] {processor.py:620} INFO - Processing file /home/airflow/.local/lib/python3.6/site-packages/airflow/example_dags/example_task_group_decorator.py for tasks to queue
[2021-10-24 22:57:58,408] {logging_mixin.py:109} INFO - [2021-10-24 22:57:58,408] {dagbag.py:500} INFO - Filling up the DagBag from /home/airflow/.local/lib/python3.6/site-packages/airflow/example_dags/example_task_group_decorator.py
[2021-10-24 22:57:58,476] {processor.py:632} INFO - DAG(s) dict_keys(['example_task_group_decorator']) retrieved from /home/airflow/.local/lib/python3.6/site-packages/airflow/example_dags/example_task_group_decorator.py
[2021-10-24 22:57:58,746] {logging_mixin.py:109} INFO - [2021-10-24 22:57:58,746] {dag.py:2389} INFO - Sync 1 DAGs
[2021-10-24 22:57:58,760] {logging_mixin.py:109} INFO - [2021-10-24 22:57:58,760] {dag.py:2914} INFO - Setting next_dagrun for example_task_group_decorator to 2021-10-23T22:57:58.760426+00:00
[2021-10-24 22:57:58,771] {processor.py:171} INFO - Processing /home/airflow/.local/lib/python3.6/site-packages/airflow/example_dags/example_task_group_decorator.py took 0.367 seconds
[2021-10-24 22:58:29,119] {processor.py:163} INFO - Started process (PID=193) to work on /home/airflow/.local/lib/python3.6/site-packages/airflow/example_dags/example_task_group_decorator.py
[2021-10-24 22:58:29,123] {processor.py:620} INFO - Processing file /home/airflow/.local/lib/python3.6/site-packages/airflow/example_dags/example_task_group_decorator.py for tasks to queue
[2021-10-24 22:58:29,125] {logging_mixin.py:109} INFO - [2021-10-24 22:58:29,125] {dagbag.py:500} INFO - Filling up the DagBag from /home/airflow/.local/lib/python3.6/site-packages/airflow/example_dags/example_task_group_decorator.py
[2021-10-24 22:58:29,182] {processor.py:632} INFO - DAG(s) dict_keys(['example_task_group_decorator']) retrieved from /home/airflow/.local/lib/python3.6/site-packages/airflow/example_dags/example_task_group_decorator.py
[2021-10-24 22:58:29,425] {logging_mixin.py:109} INFO - [2021-10-24 22:58:29,425] {dag.py:2389} INFO - Sync 1 DAGs
[2021-10-24 22:58:29,441] {logging_mixin.py:109} INFO - [2021-10-24 22:58:29,441] {dag.py:2914} INFO - Setting next_dagrun for example_task_group_decorator to 2021-10-23T22:58:29.440944+00:00
[2021-10-24 22:58:29,452] {processor.py:171} INFO - Processing /home/airflow/.local/lib/python3.6/site-packages/airflow/example_dags/example_task_group_decorator.py took 0.341 seconds
[2021-10-24 22:58:59,486] {processor.py:163} INFO - Started process (PID=260) to work on /home/airflow/.local/lib/python3.6/site-packages/airflow/example_dags/example_task_group_decorator.py
[2021-10-24 22:58:59,487] {processor.py:620} INFO - Processing file /home/airflow/.local/lib/python3.6/site-packages/airflow/example_dags/example_task_group_decorator.py for tasks to queue
[2021-10-24 22:58:59,488] {logging_mixin.py:109} INFO - [2021-10-24 22:58:59,488] {dagbag.py:500} INFO - Filling up the DagBag from /home/airflow/.local/lib/python3.6/site-packages/airflow/example_dags/example_task_group_decorator.py
[2021-10-24 22:58:59,525] {processor.py:632} INFO - DAG(s) dict_keys(['example_task_group_decorator']) retrieved from /home/airflow/.local/lib/python3.6/site-packages/airflow/example_dags/example_task_group_decorator.py
[2021-10-24 22:58:59,739] {logging_mixin.py:109} INFO - [2021-10-24 22:58:59,739] {dag.py:2389} INFO - Sync 1 DAGs
[2021-10-24 22:58:59,757] {logging_mixin.py:109} INFO - [2021-10-24 22:58:59,757] {dag.py:2914} INFO - Setting next_dagrun for example_task_group_decorator to 2021-10-23T22:58:59.756713+00:00
[2021-10-24 22:58:59,769] {processor.py:171} INFO - Processing /home/airflow/.local/lib/python3.6/site-packages/airflow/example_dags/example_task_group_decorator.py took 0.285 seconds
[2021-10-24 22:59:30,084] {processor.py:163} INFO - Started process (PID=333) to work on /home/airflow/.local/lib/python3.6/site-packages/airflow/example_dags/example_task_group_decorator.py
[2021-10-24 22:59:30,086] {processor.py:620} INFO - Processing file /home/airflow/.local/lib/python3.6/site-packages/airflow/example_dags/example_task_group_decorator.py for tasks to queue
[2021-10-24 22:59:30,086] {logging_mixin.py:109} INFO - [2021-10-24 22:59:30,086] {dagbag.py:500} INFO - Filling up the DagBag from /home/airflow/.local/lib/python3.6/site-packages/airflow/example_dags/example_task_group_decorator.py
[2021-10-24 22:59:30,147] {processor.py:632} INFO - DAG(s) dict_keys(['example_task_group_decorator']) retrieved from /home/airflow/.local/lib/python3.6/site-packages/airflow/example_dags/example_task_group_decorator.py
[2021-10-24 22:59:30,434] {logging_mixin.py:109} INFO - [2021-10-24 22:59:30,434] {dag.py:2389} INFO - Sync 1 DAGs
[2021-10-24 22:59:30,450] {logging_mixin.py:109} INFO - [2021-10-24 22:59:30,450] {dag.py:2914} INFO - Setting next_dagrun for example_task_group_decorator to 2021-10-23T22:59:30.449859+00:00
[2021-10-24 22:59:30,460] {processor.py:171} INFO - Processing /home/airflow/.local/lib/python3.6/site-packages/airflow/example_dags/example_task_group_decorator.py took 0.380 seconds
[2021-10-24 23:47:49,595] {processor.py:163} INFO - Started process (PID=62) to work on /home/airflow/.local/lib/python3.6/site-packages/airflow/example_dags/example_task_group_decorator.py
[2021-10-24 23:47:49,596] {processor.py:620} INFO - Processing file /home/airflow/.local/lib/python3.6/site-packages/airflow/example_dags/example_task_group_decorator.py for tasks to queue
[2021-10-24 23:47:49,597] {logging_mixin.py:109} INFO - [2021-10-24 23:47:49,597] {dagbag.py:500} INFO - Filling up the DagBag from /home/airflow/.local/lib/python3.6/site-packages/airflow/example_dags/example_task_group_decorator.py
[2021-10-24 23:47:49,656] {processor.py:632} INFO - DAG(s) dict_keys(['example_task_group_decorator']) retrieved from /home/airflow/.local/lib/python3.6/site-packages/airflow/example_dags/example_task_group_decorator.py
[2021-10-24 23:47:50,503] {logging_mixin.py:109} INFO - [2021-10-24 23:47:50,503] {dag.py:2389} INFO - Sync 1 DAGs
[2021-10-24 23:47:50,524] {logging_mixin.py:109} INFO - [2021-10-24 23:47:50,523] {dag.py:2914} INFO - Setting next_dagrun for example_task_group_decorator to 2021-10-23T23:47:50.523655+00:00
[2021-10-24 23:47:50,537] {processor.py:171} INFO - Processing /home/airflow/.local/lib/python3.6/site-packages/airflow/example_dags/example_task_group_decorator.py took 0.945 seconds
[2021-10-24 23:48:20,810] {processor.py:163} INFO - Started process (PID=119) to work on /home/airflow/.local/lib/python3.6/site-packages/airflow/example_dags/example_task_group_decorator.py
[2021-10-24 23:48:20,812] {processor.py:620} INFO - Processing file /home/airflow/.local/lib/python3.6/site-packages/airflow/example_dags/example_task_group_decorator.py for tasks to queue
[2021-10-24 23:48:20,813] {logging_mixin.py:109} INFO - [2021-10-24 23:48:20,813] {dagbag.py:500} INFO - Filling up the DagBag from /home/airflow/.local/lib/python3.6/site-packages/airflow/example_dags/example_task_group_decorator.py
[2021-10-24 23:48:20,884] {processor.py:632} INFO - DAG(s) dict_keys(['example_task_group_decorator']) retrieved from /home/airflow/.local/lib/python3.6/site-packages/airflow/example_dags/example_task_group_decorator.py
[2021-10-24 23:48:21,352] {logging_mixin.py:109} INFO - [2021-10-24 23:48:21,352] {dag.py:2389} INFO - Sync 1 DAGs
[2021-10-24 23:48:21,410] {logging_mixin.py:109} INFO - [2021-10-24 23:48:21,409] {dag.py:2914} INFO - Setting next_dagrun for example_task_group_decorator to 2021-10-23T23:48:21.407509+00:00
[2021-10-24 23:48:21,459] {processor.py:171} INFO - Processing /home/airflow/.local/lib/python3.6/site-packages/airflow/example_dags/example_task_group_decorator.py took 0.655 seconds
[2021-10-24 23:48:51,568] {processor.py:163} INFO - Started process (PID=188) to work on /home/airflow/.local/lib/python3.6/site-packages/airflow/example_dags/example_task_group_decorator.py
[2021-10-24 23:48:51,570] {processor.py:620} INFO - Processing file /home/airflow/.local/lib/python3.6/site-packages/airflow/example_dags/example_task_group_decorator.py for tasks to queue
[2021-10-24 23:48:51,571] {logging_mixin.py:109} INFO - [2021-10-24 23:48:51,571] {dagbag.py:500} INFO - Filling up the DagBag from /home/airflow/.local/lib/python3.6/site-packages/airflow/example_dags/example_task_group_decorator.py
[2021-10-24 23:48:51,640] {processor.py:632} INFO - DAG(s) dict_keys(['example_task_group_decorator']) retrieved from /home/airflow/.local/lib/python3.6/site-packages/airflow/example_dags/example_task_group_decorator.py
[2021-10-24 23:48:52,012] {logging_mixin.py:109} INFO - [2021-10-24 23:48:52,011] {dag.py:2389} INFO - Sync 1 DAGs
[2021-10-24 23:48:52,035] {logging_mixin.py:109} INFO - [2021-10-24 23:48:52,034] {dag.py:2914} INFO - Setting next_dagrun for example_task_group_decorator to 2021-10-23T23:48:52.034325+00:00
[2021-10-24 23:48:52,051] {processor.py:171} INFO - Processing /home/airflow/.local/lib/python3.6/site-packages/airflow/example_dags/example_task_group_decorator.py took 0.490 seconds
[2021-10-24 23:49:22,834] {processor.py:163} INFO - Started process (PID=264) to work on /home/airflow/.local/lib/python3.6/site-packages/airflow/example_dags/example_task_group_decorator.py
[2021-10-24 23:49:22,835] {processor.py:620} INFO - Processing file /home/airflow/.local/lib/python3.6/site-packages/airflow/example_dags/example_task_group_decorator.py for tasks to queue
[2021-10-24 23:49:22,836] {logging_mixin.py:109} INFO - [2021-10-24 23:49:22,836] {dagbag.py:500} INFO - Filling up the DagBag from /home/airflow/.local/lib/python3.6/site-packages/airflow/example_dags/example_task_group_decorator.py
[2021-10-24 23:49:22,907] {processor.py:632} INFO - DAG(s) dict_keys(['example_task_group_decorator']) retrieved from /home/airflow/.local/lib/python3.6/site-packages/airflow/example_dags/example_task_group_decorator.py
[2021-10-24 23:49:23,313] {logging_mixin.py:109} INFO - [2021-10-24 23:49:23,313] {dag.py:2389} INFO - Sync 1 DAGs
[2021-10-24 23:49:23,341] {logging_mixin.py:109} INFO - [2021-10-24 23:49:23,341] {dag.py:2914} INFO - Setting next_dagrun for example_task_group_decorator to 2021-10-23T23:49:23.340579+00:00
[2021-10-24 23:49:23,362] {processor.py:171} INFO - Processing /home/airflow/.local/lib/python3.6/site-packages/airflow/example_dags/example_task_group_decorator.py took 0.531 seconds
[2021-10-24 23:49:53,614] {processor.py:163} INFO - Started process (PID=328) to work on /home/airflow/.local/lib/python3.6/site-packages/airflow/example_dags/example_task_group_decorator.py
[2021-10-24 23:49:53,616] {processor.py:620} INFO - Processing file /home/airflow/.local/lib/python3.6/site-packages/airflow/example_dags/example_task_group_decorator.py for tasks to queue
[2021-10-24 23:49:53,617] {logging_mixin.py:109} INFO - [2021-10-24 23:49:53,617] {dagbag.py:500} INFO - Filling up the DagBag from /home/airflow/.local/lib/python3.6/site-packages/airflow/example_dags/example_task_group_decorator.py
[2021-10-24 23:49:53,720] {processor.py:632} INFO - DAG(s) dict_keys(['example_task_group_decorator']) retrieved from /home/airflow/.local/lib/python3.6/site-packages/airflow/example_dags/example_task_group_decorator.py
[2021-10-24 23:49:54,376] {logging_mixin.py:109} INFO - [2021-10-24 23:49:54,376] {dag.py:2389} INFO - Sync 1 DAGs
[2021-10-24 23:49:54,432] {logging_mixin.py:109} INFO - [2021-10-24 23:49:54,431] {dag.py:2914} INFO - Setting next_dagrun for example_task_group_decorator to 2021-10-23T23:49:54.430890+00:00
[2021-10-24 23:49:54,465] {processor.py:171} INFO - Processing /home/airflow/.local/lib/python3.6/site-packages/airflow/example_dags/example_task_group_decorator.py took 0.856 seconds
[2021-10-24 23:50:24,893] {processor.py:163} INFO - Started process (PID=395) to work on /home/airflow/.local/lib/python3.6/site-packages/airflow/example_dags/example_task_group_decorator.py
[2021-10-24 23:50:24,895] {processor.py:620} INFO - Processing file /home/airflow/.local/lib/python3.6/site-packages/airflow/example_dags/example_task_group_decorator.py for tasks to queue
[2021-10-24 23:50:24,895] {logging_mixin.py:109} INFO - [2021-10-24 23:50:24,895] {dagbag.py:500} INFO - Filling up the DagBag from /home/airflow/.local/lib/python3.6/site-packages/airflow/example_dags/example_task_group_decorator.py
[2021-10-24 23:50:24,969] {processor.py:632} INFO - DAG(s) dict_keys(['example_task_group_decorator']) retrieved from /home/airflow/.local/lib/python3.6/site-packages/airflow/example_dags/example_task_group_decorator.py
[2021-10-24 23:50:25,382] {logging_mixin.py:109} INFO - [2021-10-24 23:50:25,382] {dag.py:2389} INFO - Sync 1 DAGs
[2021-10-24 23:50:25,410] {logging_mixin.py:109} INFO - [2021-10-24 23:50:25,409] {dag.py:2914} INFO - Setting next_dagrun for example_task_group_decorator to 2021-10-23T23:50:25.408988+00:00
[2021-10-24 23:50:25,428] {processor.py:171} INFO - Processing /home/airflow/.local/lib/python3.6/site-packages/airflow/example_dags/example_task_group_decorator.py took 0.538 seconds
[2021-10-24 23:50:55,494] {processor.py:163} INFO - Started process (PID=460) to work on /home/airflow/.local/lib/python3.6/site-packages/airflow/example_dags/example_task_group_decorator.py
[2021-10-24 23:50:55,496] {processor.py:620} INFO - Processing file /home/airflow/.local/lib/python3.6/site-packages/airflow/example_dags/example_task_group_decorator.py for tasks to queue
[2021-10-24 23:50:55,497] {logging_mixin.py:109} INFO - [2021-10-24 23:50:55,497] {dagbag.py:500} INFO - Filling up the DagBag from /home/airflow/.local/lib/python3.6/site-packages/airflow/example_dags/example_task_group_decorator.py
[2021-10-24 23:50:55,592] {processor.py:632} INFO - DAG(s) dict_keys(['example_task_group_decorator']) retrieved from /home/airflow/.local/lib/python3.6/site-packages/airflow/example_dags/example_task_group_decorator.py
[2021-10-24 23:50:56,151] {logging_mixin.py:109} INFO - [2021-10-24 23:50:56,151] {dag.py:2389} INFO - Sync 1 DAGs
[2021-10-24 23:50:56,185] {logging_mixin.py:109} INFO - [2021-10-24 23:50:56,185] {dag.py:2914} INFO - Setting next_dagrun for example_task_group_decorator to 2021-10-23T23:50:56.184835+00:00
[2021-10-24 23:50:56,215] {processor.py:171} INFO - Processing /home/airflow/.local/lib/python3.6/site-packages/airflow/example_dags/example_task_group_decorator.py took 0.729 seconds
[2021-10-24 23:51:26,411] {processor.py:163} INFO - Started process (PID=532) to work on /home/airflow/.local/lib/python3.6/site-packages/airflow/example_dags/example_task_group_decorator.py
[2021-10-24 23:51:26,412] {processor.py:620} INFO - Processing file /home/airflow/.local/lib/python3.6/site-packages/airflow/example_dags/example_task_group_decorator.py for tasks to queue
[2021-10-24 23:51:26,413] {logging_mixin.py:109} INFO - [2021-10-24 23:51:26,413] {dagbag.py:500} INFO - Filling up the DagBag from /home/airflow/.local/lib/python3.6/site-packages/airflow/example_dags/example_task_group_decorator.py
[2021-10-24 23:51:26,483] {processor.py:632} INFO - DAG(s) dict_keys(['example_task_group_decorator']) retrieved from /home/airflow/.local/lib/python3.6/site-packages/airflow/example_dags/example_task_group_decorator.py
[2021-10-24 23:51:26,838] {logging_mixin.py:109} INFO - [2021-10-24 23:51:26,838] {dag.py:2389} INFO - Sync 1 DAGs
[2021-10-24 23:51:26,871] {logging_mixin.py:109} INFO - [2021-10-24 23:51:26,871] {dag.py:2914} INFO - Setting next_dagrun for example_task_group_decorator to 2021-10-23T23:51:26.871219+00:00
[2021-10-24 23:51:26,896] {processor.py:171} INFO - Processing /home/airflow/.local/lib/python3.6/site-packages/airflow/example_dags/example_task_group_decorator.py took 0.489 seconds
[2021-10-24 23:51:57,615] {processor.py:163} INFO - Started process (PID=596) to work on /home/airflow/.local/lib/python3.6/site-packages/airflow/example_dags/example_task_group_decorator.py
[2021-10-24 23:51:57,618] {processor.py:620} INFO - Processing file /home/airflow/.local/lib/python3.6/site-packages/airflow/example_dags/example_task_group_decorator.py for tasks to queue
[2021-10-24 23:51:57,619] {logging_mixin.py:109} INFO - [2021-10-24 23:51:57,619] {dagbag.py:500} INFO - Filling up the DagBag from /home/airflow/.local/lib/python3.6/site-packages/airflow/example_dags/example_task_group_decorator.py
[2021-10-24 23:51:57,693] {processor.py:632} INFO - DAG(s) dict_keys(['example_task_group_decorator']) retrieved from /home/airflow/.local/lib/python3.6/site-packages/airflow/example_dags/example_task_group_decorator.py
[2021-10-24 23:51:58,077] {logging_mixin.py:109} INFO - [2021-10-24 23:51:58,077] {dag.py:2389} INFO - Sync 1 DAGs
[2021-10-24 23:51:58,096] {logging_mixin.py:109} INFO - [2021-10-24 23:51:58,095] {dag.py:2914} INFO - Setting next_dagrun for example_task_group_decorator to 2021-10-23T23:51:58.095652+00:00
[2021-10-24 23:51:58,128] {processor.py:171} INFO - Processing /home/airflow/.local/lib/python3.6/site-packages/airflow/example_dags/example_task_group_decorator.py took 0.518 seconds
[2021-10-24 23:52:28,201] {processor.py:163} INFO - Started process (PID=660) to work on /home/airflow/.local/lib/python3.6/site-packages/airflow/example_dags/example_task_group_decorator.py
[2021-10-24 23:52:28,203] {processor.py:620} INFO - Processing file /home/airflow/.local/lib/python3.6/site-packages/airflow/example_dags/example_task_group_decorator.py for tasks to queue
[2021-10-24 23:52:28,211] {logging_mixin.py:109} INFO - [2021-10-24 23:52:28,204] {dagbag.py:500} INFO - Filling up the DagBag from /home/airflow/.local/lib/python3.6/site-packages/airflow/example_dags/example_task_group_decorator.py
[2021-10-24 23:52:28,287] {processor.py:632} INFO - DAG(s) dict_keys(['example_task_group_decorator']) retrieved from /home/airflow/.local/lib/python3.6/site-packages/airflow/example_dags/example_task_group_decorator.py
[2021-10-24 23:52:28,668] {logging_mixin.py:109} INFO - [2021-10-24 23:52:28,668] {dag.py:2389} INFO - Sync 1 DAGs
[2021-10-24 23:52:28,692] {logging_mixin.py:109} INFO - [2021-10-24 23:52:28,692] {dag.py:2914} INFO - Setting next_dagrun for example_task_group_decorator to 2021-10-23T23:52:28.691972+00:00
[2021-10-24 23:52:28,711] {processor.py:171} INFO - Processing /home/airflow/.local/lib/python3.6/site-packages/airflow/example_dags/example_task_group_decorator.py took 0.514 seconds
[2021-10-24 23:52:58,751] {processor.py:163} INFO - Started process (PID=725) to work on /home/airflow/.local/lib/python3.6/site-packages/airflow/example_dags/example_task_group_decorator.py
[2021-10-24 23:52:58,753] {processor.py:620} INFO - Processing file /home/airflow/.local/lib/python3.6/site-packages/airflow/example_dags/example_task_group_decorator.py for tasks to queue
[2021-10-24 23:52:58,754] {logging_mixin.py:109} INFO - [2021-10-24 23:52:58,754] {dagbag.py:500} INFO - Filling up the DagBag from /home/airflow/.local/lib/python3.6/site-packages/airflow/example_dags/example_task_group_decorator.py
[2021-10-24 23:52:58,830] {processor.py:632} INFO - DAG(s) dict_keys(['example_task_group_decorator']) retrieved from /home/airflow/.local/lib/python3.6/site-packages/airflow/example_dags/example_task_group_decorator.py
[2021-10-24 23:52:59,239] {logging_mixin.py:109} INFO - [2021-10-24 23:52:59,239] {dag.py:2389} INFO - Sync 1 DAGs
[2021-10-24 23:52:59,265] {logging_mixin.py:109} INFO - [2021-10-24 23:52:59,265] {dag.py:2914} INFO - Setting next_dagrun for example_task_group_decorator to 2021-10-23T23:52:59.264962+00:00
[2021-10-24 23:52:59,278] {processor.py:171} INFO - Processing /home/airflow/.local/lib/python3.6/site-packages/airflow/example_dags/example_task_group_decorator.py took 0.534 seconds
[2021-10-24 23:53:30,245] {processor.py:163} INFO - Started process (PID=801) to work on /home/airflow/.local/lib/python3.6/site-packages/airflow/example_dags/example_task_group_decorator.py
[2021-10-24 23:53:30,255] {processor.py:620} INFO - Processing file /home/airflow/.local/lib/python3.6/site-packages/airflow/example_dags/example_task_group_decorator.py for tasks to queue
[2021-10-24 23:53:30,256] {logging_mixin.py:109} INFO - [2021-10-24 23:53:30,256] {dagbag.py:500} INFO - Filling up the DagBag from /home/airflow/.local/lib/python3.6/site-packages/airflow/example_dags/example_task_group_decorator.py
[2021-10-24 23:53:30,391] {processor.py:632} INFO - DAG(s) dict_keys(['example_task_group_decorator']) retrieved from /home/airflow/.local/lib/python3.6/site-packages/airflow/example_dags/example_task_group_decorator.py
[2021-10-24 23:53:30,981] {logging_mixin.py:109} INFO - [2021-10-24 23:53:30,981] {dag.py:2389} INFO - Sync 1 DAGs
[2021-10-24 23:53:31,013] {logging_mixin.py:109} INFO - [2021-10-24 23:53:31,012] {dag.py:2914} INFO - Setting next_dagrun for example_task_group_decorator to 2021-10-23T23:53:31.012421+00:00
[2021-10-24 23:53:31,045] {processor.py:171} INFO - Processing /home/airflow/.local/lib/python3.6/site-packages/airflow/example_dags/example_task_group_decorator.py took 0.819 seconds
[2021-10-24 23:54:01,595] {processor.py:163} INFO - Started process (PID=856) to work on /home/airflow/.local/lib/python3.6/site-packages/airflow/example_dags/example_task_group_decorator.py
[2021-10-24 23:54:01,596] {processor.py:620} INFO - Processing file /home/airflow/.local/lib/python3.6/site-packages/airflow/example_dags/example_task_group_decorator.py for tasks to queue
[2021-10-24 23:54:01,597] {logging_mixin.py:109} INFO - [2021-10-24 23:54:01,597] {dagbag.py:500} INFO - Filling up the DagBag from /home/airflow/.local/lib/python3.6/site-packages/airflow/example_dags/example_task_group_decorator.py
[2021-10-24 23:54:01,635] {processor.py:632} INFO - DAG(s) dict_keys(['example_task_group_decorator']) retrieved from /home/airflow/.local/lib/python3.6/site-packages/airflow/example_dags/example_task_group_decorator.py
[2021-10-24 23:54:01,878] {logging_mixin.py:109} INFO - [2021-10-24 23:54:01,878] {dag.py:2389} INFO - Sync 1 DAGs
[2021-10-24 23:54:01,906] {logging_mixin.py:109} INFO - [2021-10-24 23:54:01,906] {dag.py:2914} INFO - Setting next_dagrun for example_task_group_decorator to 2021-10-23T23:54:01.906071+00:00
[2021-10-24 23:54:01,929] {processor.py:171} INFO - Processing /home/airflow/.local/lib/python3.6/site-packages/airflow/example_dags/example_task_group_decorator.py took 0.336 seconds
[2021-10-24 23:54:32,789] {processor.py:163} INFO - Started process (PID=936) to work on /home/airflow/.local/lib/python3.6/site-packages/airflow/example_dags/example_task_group_decorator.py
[2021-10-24 23:54:32,790] {processor.py:620} INFO - Processing file /home/airflow/.local/lib/python3.6/site-packages/airflow/example_dags/example_task_group_decorator.py for tasks to queue
[2021-10-24 23:54:32,791] {logging_mixin.py:109} INFO - [2021-10-24 23:54:32,791] {dagbag.py:500} INFO - Filling up the DagBag from /home/airflow/.local/lib/python3.6/site-packages/airflow/example_dags/example_task_group_decorator.py
[2021-10-24 23:54:32,837] {processor.py:632} INFO - DAG(s) dict_keys(['example_task_group_decorator']) retrieved from /home/airflow/.local/lib/python3.6/site-packages/airflow/example_dags/example_task_group_decorator.py
[2021-10-24 23:54:33,050] {logging_mixin.py:109} INFO - [2021-10-24 23:54:33,050] {dag.py:2389} INFO - Sync 1 DAGs
[2021-10-24 23:54:33,067] {logging_mixin.py:109} INFO - [2021-10-24 23:54:33,067] {dag.py:2914} INFO - Setting next_dagrun for example_task_group_decorator to 2021-10-23T23:54:33.067389+00:00
[2021-10-24 23:54:33,079] {processor.py:171} INFO - Processing /home/airflow/.local/lib/python3.6/site-packages/airflow/example_dags/example_task_group_decorator.py took 0.293 seconds
[2021-10-24 23:55:03,373] {processor.py:163} INFO - Started process (PID=1002) to work on /home/airflow/.local/lib/python3.6/site-packages/airflow/example_dags/example_task_group_decorator.py
[2021-10-24 23:55:03,374] {processor.py:620} INFO - Processing file /home/airflow/.local/lib/python3.6/site-packages/airflow/example_dags/example_task_group_decorator.py for tasks to queue
[2021-10-24 23:55:03,375] {logging_mixin.py:109} INFO - [2021-10-24 23:55:03,374] {dagbag.py:500} INFO - Filling up the DagBag from /home/airflow/.local/lib/python3.6/site-packages/airflow/example_dags/example_task_group_decorator.py
[2021-10-24 23:55:03,412] {processor.py:632} INFO - DAG(s) dict_keys(['example_task_group_decorator']) retrieved from /home/airflow/.local/lib/python3.6/site-packages/airflow/example_dags/example_task_group_decorator.py
[2021-10-24 23:55:03,606] {logging_mixin.py:109} INFO - [2021-10-24 23:55:03,606] {dag.py:2389} INFO - Sync 1 DAGs
[2021-10-24 23:55:03,621] {logging_mixin.py:109} INFO - [2021-10-24 23:55:03,621] {dag.py:2914} INFO - Setting next_dagrun for example_task_group_decorator to 2021-10-23T23:55:03.620946+00:00
[2021-10-24 23:55:03,630] {processor.py:171} INFO - Processing /home/airflow/.local/lib/python3.6/site-packages/airflow/example_dags/example_task_group_decorator.py took 0.259 seconds
[2021-10-24 23:55:34,228] {processor.py:163} INFO - Started process (PID=1075) to work on /home/airflow/.local/lib/python3.6/site-packages/airflow/example_dags/example_task_group_decorator.py
[2021-10-24 23:55:34,229] {processor.py:620} INFO - Processing file /home/airflow/.local/lib/python3.6/site-packages/airflow/example_dags/example_task_group_decorator.py for tasks to queue
[2021-10-24 23:55:34,230] {logging_mixin.py:109} INFO - [2021-10-24 23:55:34,230] {dagbag.py:500} INFO - Filling up the DagBag from /home/airflow/.local/lib/python3.6/site-packages/airflow/example_dags/example_task_group_decorator.py
[2021-10-24 23:55:34,271] {processor.py:632} INFO - DAG(s) dict_keys(['example_task_group_decorator']) retrieved from /home/airflow/.local/lib/python3.6/site-packages/airflow/example_dags/example_task_group_decorator.py
[2021-10-24 23:55:34,515] {logging_mixin.py:109} INFO - [2021-10-24 23:55:34,515] {dag.py:2389} INFO - Sync 1 DAGs
[2021-10-24 23:55:34,531] {logging_mixin.py:109} INFO - [2021-10-24 23:55:34,531] {dag.py:2914} INFO - Setting next_dagrun for example_task_group_decorator to 2021-10-23T23:55:34.530929+00:00
[2021-10-24 23:55:34,542] {processor.py:171} INFO - Processing /home/airflow/.local/lib/python3.6/site-packages/airflow/example_dags/example_task_group_decorator.py took 0.316 seconds
[2021-10-24 23:56:05,149] {processor.py:163} INFO - Started process (PID=1139) to work on /home/airflow/.local/lib/python3.6/site-packages/airflow/example_dags/example_task_group_decorator.py
[2021-10-24 23:56:05,151] {processor.py:620} INFO - Processing file /home/airflow/.local/lib/python3.6/site-packages/airflow/example_dags/example_task_group_decorator.py for tasks to queue
[2021-10-24 23:56:05,153] {logging_mixin.py:109} INFO - [2021-10-24 23:56:05,152] {dagbag.py:500} INFO - Filling up the DagBag from /home/airflow/.local/lib/python3.6/site-packages/airflow/example_dags/example_task_group_decorator.py
[2021-10-24 23:56:05,209] {processor.py:632} INFO - DAG(s) dict_keys(['example_task_group_decorator']) retrieved from /home/airflow/.local/lib/python3.6/site-packages/airflow/example_dags/example_task_group_decorator.py
[2021-10-24 23:56:05,411] {logging_mixin.py:109} INFO - [2021-10-24 23:56:05,411] {dag.py:2389} INFO - Sync 1 DAGs
[2021-10-24 23:56:05,425] {logging_mixin.py:109} INFO - [2021-10-24 23:56:05,425] {dag.py:2914} INFO - Setting next_dagrun for example_task_group_decorator to 2021-10-23T23:56:05.424944+00:00
[2021-10-24 23:56:05,436] {processor.py:171} INFO - Processing /home/airflow/.local/lib/python3.6/site-packages/airflow/example_dags/example_task_group_decorator.py took 0.294 seconds
[2021-10-24 23:56:35,667] {processor.py:163} INFO - Started process (PID=1211) to work on /home/airflow/.local/lib/python3.6/site-packages/airflow/example_dags/example_task_group_decorator.py
[2021-10-24 23:56:35,669] {processor.py:620} INFO - Processing file /home/airflow/.local/lib/python3.6/site-packages/airflow/example_dags/example_task_group_decorator.py for tasks to queue
[2021-10-24 23:56:35,670] {logging_mixin.py:109} INFO - [2021-10-24 23:56:35,670] {dagbag.py:500} INFO - Filling up the DagBag from /home/airflow/.local/lib/python3.6/site-packages/airflow/example_dags/example_task_group_decorator.py
[2021-10-24 23:56:35,734] {processor.py:632} INFO - DAG(s) dict_keys(['example_task_group_decorator']) retrieved from /home/airflow/.local/lib/python3.6/site-packages/airflow/example_dags/example_task_group_decorator.py
[2021-10-24 23:56:35,985] {logging_mixin.py:109} INFO - [2021-10-24 23:56:35,985] {dag.py:2389} INFO - Sync 1 DAGs
[2021-10-24 23:56:36,005] {logging_mixin.py:109} INFO - [2021-10-24 23:56:36,004] {dag.py:2914} INFO - Setting next_dagrun for example_task_group_decorator to 2021-10-23T23:56:36.004524+00:00
[2021-10-24 23:56:36,018] {processor.py:171} INFO - Processing /home/airflow/.local/lib/python3.6/site-packages/airflow/example_dags/example_task_group_decorator.py took 0.355 seconds
[2021-10-24 23:57:06,877] {processor.py:163} INFO - Started process (PID=1278) to work on /home/airflow/.local/lib/python3.6/site-packages/airflow/example_dags/example_task_group_decorator.py
[2021-10-24 23:57:06,878] {processor.py:620} INFO - Processing file /home/airflow/.local/lib/python3.6/site-packages/airflow/example_dags/example_task_group_decorator.py for tasks to queue
[2021-10-24 23:57:06,878] {logging_mixin.py:109} INFO - [2021-10-24 23:57:06,878] {dagbag.py:500} INFO - Filling up the DagBag from /home/airflow/.local/lib/python3.6/site-packages/airflow/example_dags/example_task_group_decorator.py
[2021-10-24 23:57:06,918] {processor.py:632} INFO - DAG(s) dict_keys(['example_task_group_decorator']) retrieved from /home/airflow/.local/lib/python3.6/site-packages/airflow/example_dags/example_task_group_decorator.py
[2021-10-24 23:57:07,124] {logging_mixin.py:109} INFO - [2021-10-24 23:57:07,124] {dag.py:2389} INFO - Sync 1 DAGs
[2021-10-24 23:57:07,137] {logging_mixin.py:109} INFO - [2021-10-24 23:57:07,137] {dag.py:2914} INFO - Setting next_dagrun for example_task_group_decorator to 2021-10-23T23:57:07.137114+00:00
[2021-10-24 23:57:07,148] {processor.py:171} INFO - Processing /home/airflow/.local/lib/python3.6/site-packages/airflow/example_dags/example_task_group_decorator.py took 0.273 seconds
[2021-10-24 23:57:37,222] {processor.py:163} INFO - Started process (PID=1344) to work on /home/airflow/.local/lib/python3.6/site-packages/airflow/example_dags/example_task_group_decorator.py
[2021-10-24 23:57:37,224] {processor.py:620} INFO - Processing file /home/airflow/.local/lib/python3.6/site-packages/airflow/example_dags/example_task_group_decorator.py for tasks to queue
[2021-10-24 23:57:37,225] {logging_mixin.py:109} INFO - [2021-10-24 23:57:37,225] {dagbag.py:500} INFO - Filling up the DagBag from /home/airflow/.local/lib/python3.6/site-packages/airflow/example_dags/example_task_group_decorator.py
[2021-10-24 23:57:37,281] {processor.py:632} INFO - DAG(s) dict_keys(['example_task_group_decorator']) retrieved from /home/airflow/.local/lib/python3.6/site-packages/airflow/example_dags/example_task_group_decorator.py
[2021-10-24 23:57:37,589] {logging_mixin.py:109} INFO - [2021-10-24 23:57:37,589] {dag.py:2389} INFO - Sync 1 DAGs
[2021-10-24 23:57:37,611] {logging_mixin.py:109} INFO - [2021-10-24 23:57:37,610] {dag.py:2914} INFO - Setting next_dagrun for example_task_group_decorator to 2021-10-23T23:57:37.610552+00:00
[2021-10-24 23:57:37,635] {processor.py:171} INFO - Processing /home/airflow/.local/lib/python3.6/site-packages/airflow/example_dags/example_task_group_decorator.py took 0.417 seconds
[2021-10-24 23:58:08,392] {processor.py:163} INFO - Started process (PID=1420) to work on /home/airflow/.local/lib/python3.6/site-packages/airflow/example_dags/example_task_group_decorator.py
[2021-10-24 23:58:08,394] {processor.py:620} INFO - Processing file /home/airflow/.local/lib/python3.6/site-packages/airflow/example_dags/example_task_group_decorator.py for tasks to queue
[2021-10-24 23:58:08,395] {logging_mixin.py:109} INFO - [2021-10-24 23:58:08,395] {dagbag.py:500} INFO - Filling up the DagBag from /home/airflow/.local/lib/python3.6/site-packages/airflow/example_dags/example_task_group_decorator.py
[2021-10-24 23:58:08,480] {processor.py:632} INFO - DAG(s) dict_keys(['example_task_group_decorator']) retrieved from /home/airflow/.local/lib/python3.6/site-packages/airflow/example_dags/example_task_group_decorator.py
[2021-10-24 23:58:08,839] {logging_mixin.py:109} INFO - [2021-10-24 23:58:08,839] {dag.py:2389} INFO - Sync 1 DAGs
[2021-10-24 23:58:08,865] {logging_mixin.py:109} INFO - [2021-10-24 23:58:08,865] {dag.py:2914} INFO - Setting next_dagrun for example_task_group_decorator to 2021-10-23T23:58:08.864729+00:00
[2021-10-24 23:58:08,882] {processor.py:171} INFO - Processing /home/airflow/.local/lib/python3.6/site-packages/airflow/example_dags/example_task_group_decorator.py took 0.496 seconds
[2021-10-24 23:58:39,277] {processor.py:163} INFO - Started process (PID=1486) to work on /home/airflow/.local/lib/python3.6/site-packages/airflow/example_dags/example_task_group_decorator.py
[2021-10-24 23:58:39,278] {processor.py:620} INFO - Processing file /home/airflow/.local/lib/python3.6/site-packages/airflow/example_dags/example_task_group_decorator.py for tasks to queue
[2021-10-24 23:58:39,279] {logging_mixin.py:109} INFO - [2021-10-24 23:58:39,279] {dagbag.py:500} INFO - Filling up the DagBag from /home/airflow/.local/lib/python3.6/site-packages/airflow/example_dags/example_task_group_decorator.py
[2021-10-24 23:58:39,328] {processor.py:632} INFO - DAG(s) dict_keys(['example_task_group_decorator']) retrieved from /home/airflow/.local/lib/python3.6/site-packages/airflow/example_dags/example_task_group_decorator.py
[2021-10-24 23:58:39,581] {logging_mixin.py:109} INFO - [2021-10-24 23:58:39,581] {dag.py:2389} INFO - Sync 1 DAGs
[2021-10-24 23:58:39,597] {logging_mixin.py:109} INFO - [2021-10-24 23:58:39,597] {dag.py:2914} INFO - Setting next_dagrun for example_task_group_decorator to 2021-10-23T23:58:39.596888+00:00
[2021-10-24 23:58:39,607] {processor.py:171} INFO - Processing /home/airflow/.local/lib/python3.6/site-packages/airflow/example_dags/example_task_group_decorator.py took 0.334 seconds
[2021-10-24 23:59:09,898] {processor.py:163} INFO - Started process (PID=1552) to work on /home/airflow/.local/lib/python3.6/site-packages/airflow/example_dags/example_task_group_decorator.py
[2021-10-24 23:59:09,900] {processor.py:620} INFO - Processing file /home/airflow/.local/lib/python3.6/site-packages/airflow/example_dags/example_task_group_decorator.py for tasks to queue
[2021-10-24 23:59:09,901] {logging_mixin.py:109} INFO - [2021-10-24 23:59:09,901] {dagbag.py:500} INFO - Filling up the DagBag from /home/airflow/.local/lib/python3.6/site-packages/airflow/example_dags/example_task_group_decorator.py
[2021-10-24 23:59:09,949] {processor.py:632} INFO - DAG(s) dict_keys(['example_task_group_decorator']) retrieved from /home/airflow/.local/lib/python3.6/site-packages/airflow/example_dags/example_task_group_decorator.py
[2021-10-24 23:59:10,177] {logging_mixin.py:109} INFO - [2021-10-24 23:59:10,177] {dag.py:2389} INFO - Sync 1 DAGs
[2021-10-24 23:59:10,192] {logging_mixin.py:109} INFO - [2021-10-24 23:59:10,192] {dag.py:2914} INFO - Setting next_dagrun for example_task_group_decorator to 2021-10-23T23:59:10.191878+00:00
[2021-10-24 23:59:10,204] {processor.py:171} INFO - Processing /home/airflow/.local/lib/python3.6/site-packages/airflow/example_dags/example_task_group_decorator.py took 0.312 seconds
[2021-10-24 23:59:40,239] {processor.py:163} INFO - Started process (PID=1625) to work on /home/airflow/.local/lib/python3.6/site-packages/airflow/example_dags/example_task_group_decorator.py
[2021-10-24 23:59:40,249] {processor.py:620} INFO - Processing file /home/airflow/.local/lib/python3.6/site-packages/airflow/example_dags/example_task_group_decorator.py for tasks to queue
[2021-10-24 23:59:40,250] {logging_mixin.py:109} INFO - [2021-10-24 23:59:40,250] {dagbag.py:500} INFO - Filling up the DagBag from /home/airflow/.local/lib/python3.6/site-packages/airflow/example_dags/example_task_group_decorator.py
[2021-10-24 23:59:40,356] {processor.py:632} INFO - DAG(s) dict_keys(['example_task_group_decorator']) retrieved from /home/airflow/.local/lib/python3.6/site-packages/airflow/example_dags/example_task_group_decorator.py
[2021-10-24 23:59:40,797] {logging_mixin.py:109} INFO - [2021-10-24 23:59:40,796] {dag.py:2389} INFO - Sync 1 DAGs
[2021-10-24 23:59:40,824] {logging_mixin.py:109} INFO - [2021-10-24 23:59:40,824] {dag.py:2914} INFO - Setting next_dagrun for example_task_group_decorator to 2021-10-23T23:59:40.824345+00:00
[2021-10-24 23:59:40,847] {processor.py:171} INFO - Processing /home/airflow/.local/lib/python3.6/site-packages/airflow/example_dags/example_task_group_decorator.py took 0.616 seconds
