[2021-10-24 22:55:15,189] {processor.py:163} INFO - Started process (PID=63) to work on /home/airflow/.local/lib/python3.6/site-packages/airflow/example_dags/example_subdag_operator.py
[2021-10-24 22:55:15,191] {processor.py:620} INFO - Processing file /home/airflow/.local/lib/python3.6/site-packages/airflow/example_dags/example_subdag_operator.py for tasks to queue
[2021-10-24 22:55:15,191] {logging_mixin.py:109} INFO - [2021-10-24 22:55:15,191] {dagbag.py:500} INFO - Filling up the DagBag from /home/airflow/.local/lib/python3.6/site-packages/airflow/example_dags/example_subdag_operator.py
[2021-10-24 22:55:15,247] {processor.py:632} INFO - DAG(s) dict_keys(['example_subdag_operator.section-1', 'example_subdag_operator.section-2', 'example_subdag_operator']) retrieved from /home/airflow/.local/lib/python3.6/site-packages/airflow/example_dags/example_subdag_operator.py
[2021-10-24 22:55:15,570] {logging_mixin.py:109} INFO - [2021-10-24 22:55:15,570] {dag.py:2389} INFO - Sync 3 DAGs
[2021-10-24 22:55:15,592] {logging_mixin.py:109} INFO - [2021-10-24 22:55:15,592] {dag.py:2914} INFO - Setting next_dagrun for example_subdag_operator to 2021-10-22T00:00:00+00:00
[2021-10-24 22:55:15,593] {logging_mixin.py:109} INFO - [2021-10-24 22:55:15,592] {dag.py:2914} INFO - Setting next_dagrun for example_subdag_operator.section-1 to None
[2021-10-24 22:55:15,593] {logging_mixin.py:109} INFO - [2021-10-24 22:55:15,593] {dag.py:2914} INFO - Setting next_dagrun for example_subdag_operator.section-2 to None
[2021-10-24 22:55:15,615] {logging_mixin.py:109} INFO - [2021-10-24 22:55:15,614] {dag.py:2389} INFO - Sync 2 DAGs
[2021-10-24 22:55:15,624] {logging_mixin.py:109} INFO - [2021-10-24 22:55:15,624] {dag.py:2914} INFO - Setting next_dagrun for example_subdag_operator.section-1 to None
[2021-10-24 22:55:15,624] {logging_mixin.py:109} INFO - [2021-10-24 22:55:15,624] {dag.py:2914} INFO - Setting next_dagrun for example_subdag_operator.section-2 to None
[2021-10-24 22:55:15,648] {processor.py:171} INFO - Processing /home/airflow/.local/lib/python3.6/site-packages/airflow/example_dags/example_subdag_operator.py took 0.463 seconds
[2021-10-24 22:55:45,708] {processor.py:163} INFO - Started process (PID=130) to work on /home/airflow/.local/lib/python3.6/site-packages/airflow/example_dags/example_subdag_operator.py
[2021-10-24 22:55:45,709] {processor.py:620} INFO - Processing file /home/airflow/.local/lib/python3.6/site-packages/airflow/example_dags/example_subdag_operator.py for tasks to queue
[2021-10-24 22:55:45,709] {logging_mixin.py:109} INFO - [2021-10-24 22:55:45,709] {dagbag.py:500} INFO - Filling up the DagBag from /home/airflow/.local/lib/python3.6/site-packages/airflow/example_dags/example_subdag_operator.py
[2021-10-24 22:55:45,742] {processor.py:632} INFO - DAG(s) dict_keys(['example_subdag_operator.section-1', 'example_subdag_operator.section-2', 'example_subdag_operator']) retrieved from /home/airflow/.local/lib/python3.6/site-packages/airflow/example_dags/example_subdag_operator.py
[2021-10-24 22:55:45,754] {logging_mixin.py:109} INFO - [2021-10-24 22:55:45,754] {dag.py:2389} INFO - Sync 3 DAGs
[2021-10-24 22:55:45,768] {logging_mixin.py:109} INFO - [2021-10-24 22:55:45,768] {dag.py:2914} INFO - Setting next_dagrun for example_subdag_operator to 2021-10-22T00:00:00+00:00
[2021-10-24 22:55:45,768] {logging_mixin.py:109} INFO - [2021-10-24 22:55:45,768] {dag.py:2914} INFO - Setting next_dagrun for example_subdag_operator.section-1 to None
[2021-10-24 22:55:45,768] {logging_mixin.py:109} INFO - [2021-10-24 22:55:45,768] {dag.py:2914} INFO - Setting next_dagrun for example_subdag_operator.section-2 to None
[2021-10-24 22:55:45,773] {logging_mixin.py:109} INFO - [2021-10-24 22:55:45,773] {dag.py:2389} INFO - Sync 2 DAGs
[2021-10-24 22:55:45,778] {logging_mixin.py:109} INFO - [2021-10-24 22:55:45,778] {dag.py:2914} INFO - Setting next_dagrun for example_subdag_operator.section-1 to None
[2021-10-24 22:55:45,778] {logging_mixin.py:109} INFO - [2021-10-24 22:55:45,778] {dag.py:2914} INFO - Setting next_dagrun for example_subdag_operator.section-2 to None
[2021-10-24 22:55:45,784] {processor.py:171} INFO - Processing /home/airflow/.local/lib/python3.6/site-packages/airflow/example_dags/example_subdag_operator.py took 0.078 seconds
[2021-10-24 22:56:15,860] {processor.py:163} INFO - Started process (PID=194) to work on /home/airflow/.local/lib/python3.6/site-packages/airflow/example_dags/example_subdag_operator.py
[2021-10-24 22:56:15,861] {processor.py:620} INFO - Processing file /home/airflow/.local/lib/python3.6/site-packages/airflow/example_dags/example_subdag_operator.py for tasks to queue
[2021-10-24 22:56:15,862] {logging_mixin.py:109} INFO - [2021-10-24 22:56:15,862] {dagbag.py:500} INFO - Filling up the DagBag from /home/airflow/.local/lib/python3.6/site-packages/airflow/example_dags/example_subdag_operator.py
[2021-10-24 22:56:15,894] {processor.py:632} INFO - DAG(s) dict_keys(['example_subdag_operator.section-1', 'example_subdag_operator.section-2', 'example_subdag_operator']) retrieved from /home/airflow/.local/lib/python3.6/site-packages/airflow/example_dags/example_subdag_operator.py
[2021-10-24 22:56:15,906] {logging_mixin.py:109} INFO - [2021-10-24 22:56:15,906] {dag.py:2389} INFO - Sync 3 DAGs
[2021-10-24 22:56:15,920] {logging_mixin.py:109} INFO - [2021-10-24 22:56:15,920] {dag.py:2914} INFO - Setting next_dagrun for example_subdag_operator to 2021-10-22T00:00:00+00:00
[2021-10-24 22:56:15,920] {logging_mixin.py:109} INFO - [2021-10-24 22:56:15,920] {dag.py:2914} INFO - Setting next_dagrun for example_subdag_operator.section-1 to None
[2021-10-24 22:56:15,921] {logging_mixin.py:109} INFO - [2021-10-24 22:56:15,921] {dag.py:2914} INFO - Setting next_dagrun for example_subdag_operator.section-2 to None
[2021-10-24 22:56:15,925] {logging_mixin.py:109} INFO - [2021-10-24 22:56:15,925] {dag.py:2389} INFO - Sync 2 DAGs
[2021-10-24 22:56:15,932] {logging_mixin.py:109} INFO - [2021-10-24 22:56:15,931] {dag.py:2914} INFO - Setting next_dagrun for example_subdag_operator.section-1 to None
[2021-10-24 22:56:15,932] {logging_mixin.py:109} INFO - [2021-10-24 22:56:15,932] {dag.py:2914} INFO - Setting next_dagrun for example_subdag_operator.section-2 to None
[2021-10-24 22:56:15,938] {processor.py:171} INFO - Processing /home/airflow/.local/lib/python3.6/site-packages/airflow/example_dags/example_subdag_operator.py took 0.081 seconds
[2021-10-24 22:57:27,801] {processor.py:163} INFO - Started process (PID=63) to work on /home/airflow/.local/lib/python3.6/site-packages/airflow/example_dags/example_subdag_operator.py
[2021-10-24 22:57:27,803] {processor.py:620} INFO - Processing file /home/airflow/.local/lib/python3.6/site-packages/airflow/example_dags/example_subdag_operator.py for tasks to queue
[2021-10-24 22:57:27,804] {logging_mixin.py:109} INFO - [2021-10-24 22:57:27,803] {dagbag.py:500} INFO - Filling up the DagBag from /home/airflow/.local/lib/python3.6/site-packages/airflow/example_dags/example_subdag_operator.py
[2021-10-24 22:57:27,854] {processor.py:632} INFO - DAG(s) dict_keys(['example_subdag_operator.section-1', 'example_subdag_operator.section-2', 'example_subdag_operator']) retrieved from /home/airflow/.local/lib/python3.6/site-packages/airflow/example_dags/example_subdag_operator.py
[2021-10-24 22:57:27,872] {logging_mixin.py:109} INFO - [2021-10-24 22:57:27,872] {dag.py:2389} INFO - Sync 3 DAGs
[2021-10-24 22:57:27,891] {logging_mixin.py:109} INFO - [2021-10-24 22:57:27,891] {dag.py:2914} INFO - Setting next_dagrun for example_subdag_operator to 2021-10-22T00:00:00+00:00
[2021-10-24 22:57:27,891] {logging_mixin.py:109} INFO - [2021-10-24 22:57:27,891] {dag.py:2914} INFO - Setting next_dagrun for example_subdag_operator.section-1 to None
[2021-10-24 22:57:27,892] {logging_mixin.py:109} INFO - [2021-10-24 22:57:27,892] {dag.py:2914} INFO - Setting next_dagrun for example_subdag_operator.section-2 to None
[2021-10-24 22:57:27,898] {logging_mixin.py:109} INFO - [2021-10-24 22:57:27,898] {dag.py:2389} INFO - Sync 2 DAGs
[2021-10-24 22:57:27,906] {logging_mixin.py:109} INFO - [2021-10-24 22:57:27,906] {dag.py:2914} INFO - Setting next_dagrun for example_subdag_operator.section-1 to None
[2021-10-24 22:57:27,906] {logging_mixin.py:109} INFO - [2021-10-24 22:57:27,906] {dag.py:2914} INFO - Setting next_dagrun for example_subdag_operator.section-2 to None
[2021-10-24 22:57:27,918] {processor.py:171} INFO - Processing /home/airflow/.local/lib/python3.6/site-packages/airflow/example_dags/example_subdag_operator.py took 0.121 seconds
[2021-10-24 22:57:58,411] {processor.py:163} INFO - Started process (PID=119) to work on /home/airflow/.local/lib/python3.6/site-packages/airflow/example_dags/example_subdag_operator.py
[2021-10-24 22:57:58,412] {processor.py:620} INFO - Processing file /home/airflow/.local/lib/python3.6/site-packages/airflow/example_dags/example_subdag_operator.py for tasks to queue
[2021-10-24 22:57:58,412] {logging_mixin.py:109} INFO - [2021-10-24 22:57:58,412] {dagbag.py:500} INFO - Filling up the DagBag from /home/airflow/.local/lib/python3.6/site-packages/airflow/example_dags/example_subdag_operator.py
[2021-10-24 22:57:58,453] {processor.py:632} INFO - DAG(s) dict_keys(['example_subdag_operator.section-1', 'example_subdag_operator.section-2', 'example_subdag_operator']) retrieved from /home/airflow/.local/lib/python3.6/site-packages/airflow/example_dags/example_subdag_operator.py
[2021-10-24 22:57:58,466] {logging_mixin.py:109} INFO - [2021-10-24 22:57:58,466] {dag.py:2389} INFO - Sync 3 DAGs
[2021-10-24 22:57:58,486] {logging_mixin.py:109} INFO - [2021-10-24 22:57:58,486] {dag.py:2914} INFO - Setting next_dagrun for example_subdag_operator to 2021-10-22T00:00:00+00:00
[2021-10-24 22:57:58,486] {logging_mixin.py:109} INFO - [2021-10-24 22:57:58,486] {dag.py:2914} INFO - Setting next_dagrun for example_subdag_operator.section-1 to None
[2021-10-24 22:57:58,487] {logging_mixin.py:109} INFO - [2021-10-24 22:57:58,487] {dag.py:2914} INFO - Setting next_dagrun for example_subdag_operator.section-2 to None
[2021-10-24 22:57:58,494] {logging_mixin.py:109} INFO - [2021-10-24 22:57:58,493] {dag.py:2389} INFO - Sync 2 DAGs
[2021-10-24 22:57:58,501] {logging_mixin.py:109} INFO - [2021-10-24 22:57:58,501] {dag.py:2914} INFO - Setting next_dagrun for example_subdag_operator.section-1 to None
[2021-10-24 22:57:58,501] {logging_mixin.py:109} INFO - [2021-10-24 22:57:58,501] {dag.py:2914} INFO - Setting next_dagrun for example_subdag_operator.section-2 to None
[2021-10-24 22:57:58,508] {processor.py:171} INFO - Processing /home/airflow/.local/lib/python3.6/site-packages/airflow/example_dags/example_subdag_operator.py took 0.100 seconds
[2021-10-24 22:58:29,130] {processor.py:163} INFO - Started process (PID=194) to work on /home/airflow/.local/lib/python3.6/site-packages/airflow/example_dags/example_subdag_operator.py
[2021-10-24 22:58:29,133] {processor.py:620} INFO - Processing file /home/airflow/.local/lib/python3.6/site-packages/airflow/example_dags/example_subdag_operator.py for tasks to queue
[2021-10-24 22:58:29,134] {logging_mixin.py:109} INFO - [2021-10-24 22:58:29,134] {dagbag.py:500} INFO - Filling up the DagBag from /home/airflow/.local/lib/python3.6/site-packages/airflow/example_dags/example_subdag_operator.py
[2021-10-24 22:58:29,174] {processor.py:632} INFO - DAG(s) dict_keys(['example_subdag_operator.section-1', 'example_subdag_operator.section-2', 'example_subdag_operator']) retrieved from /home/airflow/.local/lib/python3.6/site-packages/airflow/example_dags/example_subdag_operator.py
[2021-10-24 22:58:29,189] {logging_mixin.py:109} INFO - [2021-10-24 22:58:29,189] {dag.py:2389} INFO - Sync 3 DAGs
[2021-10-24 22:58:29,206] {logging_mixin.py:109} INFO - [2021-10-24 22:58:29,206] {dag.py:2914} INFO - Setting next_dagrun for example_subdag_operator to 2021-10-22T00:00:00+00:00
[2021-10-24 22:58:29,206] {logging_mixin.py:109} INFO - [2021-10-24 22:58:29,206] {dag.py:2914} INFO - Setting next_dagrun for example_subdag_operator.section-1 to None
[2021-10-24 22:58:29,206] {logging_mixin.py:109} INFO - [2021-10-24 22:58:29,206] {dag.py:2914} INFO - Setting next_dagrun for example_subdag_operator.section-2 to None
[2021-10-24 22:58:29,212] {logging_mixin.py:109} INFO - [2021-10-24 22:58:29,212] {dag.py:2389} INFO - Sync 2 DAGs
[2021-10-24 22:58:29,219] {logging_mixin.py:109} INFO - [2021-10-24 22:58:29,219] {dag.py:2914} INFO - Setting next_dagrun for example_subdag_operator.section-1 to None
[2021-10-24 22:58:29,219] {logging_mixin.py:109} INFO - [2021-10-24 22:58:29,219] {dag.py:2914} INFO - Setting next_dagrun for example_subdag_operator.section-2 to None
[2021-10-24 22:58:29,226] {processor.py:171} INFO - Processing /home/airflow/.local/lib/python3.6/site-packages/airflow/example_dags/example_subdag_operator.py took 0.105 seconds
[2021-10-24 22:58:59,316] {processor.py:163} INFO - Started process (PID=257) to work on /home/airflow/.local/lib/python3.6/site-packages/airflow/example_dags/example_subdag_operator.py
[2021-10-24 22:58:59,317] {processor.py:620} INFO - Processing file /home/airflow/.local/lib/python3.6/site-packages/airflow/example_dags/example_subdag_operator.py for tasks to queue
[2021-10-24 22:58:59,318] {logging_mixin.py:109} INFO - [2021-10-24 22:58:59,318] {dagbag.py:500} INFO - Filling up the DagBag from /home/airflow/.local/lib/python3.6/site-packages/airflow/example_dags/example_subdag_operator.py
[2021-10-24 22:58:59,352] {processor.py:632} INFO - DAG(s) dict_keys(['example_subdag_operator.section-1', 'example_subdag_operator.section-2', 'example_subdag_operator']) retrieved from /home/airflow/.local/lib/python3.6/site-packages/airflow/example_dags/example_subdag_operator.py
[2021-10-24 22:58:59,364] {logging_mixin.py:109} INFO - [2021-10-24 22:58:59,364] {dag.py:2389} INFO - Sync 3 DAGs
[2021-10-24 22:58:59,379] {logging_mixin.py:109} INFO - [2021-10-24 22:58:59,379] {dag.py:2914} INFO - Setting next_dagrun for example_subdag_operator to 2021-10-22T00:00:00+00:00
[2021-10-24 22:58:59,379] {logging_mixin.py:109} INFO - [2021-10-24 22:58:59,379] {dag.py:2914} INFO - Setting next_dagrun for example_subdag_operator.section-1 to None
[2021-10-24 22:58:59,380] {logging_mixin.py:109} INFO - [2021-10-24 22:58:59,379] {dag.py:2914} INFO - Setting next_dagrun for example_subdag_operator.section-2 to None
[2021-10-24 22:58:59,385] {logging_mixin.py:109} INFO - [2021-10-24 22:58:59,385] {dag.py:2389} INFO - Sync 2 DAGs
[2021-10-24 22:58:59,391] {logging_mixin.py:109} INFO - [2021-10-24 22:58:59,391] {dag.py:2914} INFO - Setting next_dagrun for example_subdag_operator.section-1 to None
[2021-10-24 22:58:59,392] {logging_mixin.py:109} INFO - [2021-10-24 22:58:59,391] {dag.py:2914} INFO - Setting next_dagrun for example_subdag_operator.section-2 to None
[2021-10-24 22:58:59,398] {processor.py:171} INFO - Processing /home/airflow/.local/lib/python3.6/site-packages/airflow/example_dags/example_subdag_operator.py took 0.084 seconds
[2021-10-24 22:59:30,092] {processor.py:163} INFO - Started process (PID=334) to work on /home/airflow/.local/lib/python3.6/site-packages/airflow/example_dags/example_subdag_operator.py
[2021-10-24 22:59:30,094] {processor.py:620} INFO - Processing file /home/airflow/.local/lib/python3.6/site-packages/airflow/example_dags/example_subdag_operator.py for tasks to queue
[2021-10-24 22:59:30,095] {logging_mixin.py:109} INFO - [2021-10-24 22:59:30,095] {dagbag.py:500} INFO - Filling up the DagBag from /home/airflow/.local/lib/python3.6/site-packages/airflow/example_dags/example_subdag_operator.py
[2021-10-24 22:59:30,148] {processor.py:632} INFO - DAG(s) dict_keys(['example_subdag_operator.section-1', 'example_subdag_operator.section-2', 'example_subdag_operator']) retrieved from /home/airflow/.local/lib/python3.6/site-packages/airflow/example_dags/example_subdag_operator.py
[2021-10-24 22:59:30,169] {logging_mixin.py:109} INFO - [2021-10-24 22:59:30,169] {dag.py:2389} INFO - Sync 3 DAGs
[2021-10-24 22:59:30,189] {logging_mixin.py:109} INFO - [2021-10-24 22:59:30,189] {dag.py:2914} INFO - Setting next_dagrun for example_subdag_operator to 2021-10-22T00:00:00+00:00
[2021-10-24 22:59:30,189] {logging_mixin.py:109} INFO - [2021-10-24 22:59:30,189] {dag.py:2914} INFO - Setting next_dagrun for example_subdag_operator.section-1 to None
[2021-10-24 22:59:30,190] {logging_mixin.py:109} INFO - [2021-10-24 22:59:30,190] {dag.py:2914} INFO - Setting next_dagrun for example_subdag_operator.section-2 to None
[2021-10-24 22:59:30,196] {logging_mixin.py:109} INFO - [2021-10-24 22:59:30,196] {dag.py:2389} INFO - Sync 2 DAGs
[2021-10-24 22:59:30,205] {logging_mixin.py:109} INFO - [2021-10-24 22:59:30,205] {dag.py:2914} INFO - Setting next_dagrun for example_subdag_operator.section-1 to None
[2021-10-24 22:59:30,205] {logging_mixin.py:109} INFO - [2021-10-24 22:59:30,205] {dag.py:2914} INFO - Setting next_dagrun for example_subdag_operator.section-2 to None
[2021-10-24 22:59:30,214] {processor.py:171} INFO - Processing /home/airflow/.local/lib/python3.6/site-packages/airflow/example_dags/example_subdag_operator.py took 0.127 seconds
[2021-10-24 23:47:50,557] {processor.py:163} INFO - Started process (PID=64) to work on /home/airflow/.local/lib/python3.6/site-packages/airflow/example_dags/example_subdag_operator.py
[2021-10-24 23:47:50,559] {processor.py:620} INFO - Processing file /home/airflow/.local/lib/python3.6/site-packages/airflow/example_dags/example_subdag_operator.py for tasks to queue
[2021-10-24 23:47:50,559] {logging_mixin.py:109} INFO - [2021-10-24 23:47:50,559] {dagbag.py:500} INFO - Filling up the DagBag from /home/airflow/.local/lib/python3.6/site-packages/airflow/example_dags/example_subdag_operator.py
[2021-10-24 23:47:50,600] {processor.py:632} INFO - DAG(s) dict_keys(['example_subdag_operator.section-1', 'example_subdag_operator.section-2', 'example_subdag_operator']) retrieved from /home/airflow/.local/lib/python3.6/site-packages/airflow/example_dags/example_subdag_operator.py
[2021-10-24 23:47:50,616] {logging_mixin.py:109} INFO - [2021-10-24 23:47:50,616] {dag.py:2389} INFO - Sync 3 DAGs
[2021-10-24 23:47:50,636] {logging_mixin.py:109} INFO - [2021-10-24 23:47:50,636] {dag.py:2914} INFO - Setting next_dagrun for example_subdag_operator to 2021-10-22T00:00:00+00:00
[2021-10-24 23:47:50,636] {logging_mixin.py:109} INFO - [2021-10-24 23:47:50,636] {dag.py:2914} INFO - Setting next_dagrun for example_subdag_operator.section-1 to None
[2021-10-24 23:47:50,637] {logging_mixin.py:109} INFO - [2021-10-24 23:47:50,636] {dag.py:2914} INFO - Setting next_dagrun for example_subdag_operator.section-2 to None
[2021-10-24 23:47:50,643] {logging_mixin.py:109} INFO - [2021-10-24 23:47:50,643] {dag.py:2389} INFO - Sync 2 DAGs
[2021-10-24 23:47:50,652] {logging_mixin.py:109} INFO - [2021-10-24 23:47:50,652] {dag.py:2914} INFO - Setting next_dagrun for example_subdag_operator.section-1 to None
[2021-10-24 23:47:50,652] {logging_mixin.py:109} INFO - [2021-10-24 23:47:50,652] {dag.py:2914} INFO - Setting next_dagrun for example_subdag_operator.section-2 to None
[2021-10-24 23:47:50,660] {processor.py:171} INFO - Processing /home/airflow/.local/lib/python3.6/site-packages/airflow/example_dags/example_subdag_operator.py took 0.106 seconds
[2021-10-24 23:48:20,813] {processor.py:163} INFO - Started process (PID=120) to work on /home/airflow/.local/lib/python3.6/site-packages/airflow/example_dags/example_subdag_operator.py
[2021-10-24 23:48:20,814] {processor.py:620} INFO - Processing file /home/airflow/.local/lib/python3.6/site-packages/airflow/example_dags/example_subdag_operator.py for tasks to queue
[2021-10-24 23:48:20,815] {logging_mixin.py:109} INFO - [2021-10-24 23:48:20,815] {dagbag.py:500} INFO - Filling up the DagBag from /home/airflow/.local/lib/python3.6/site-packages/airflow/example_dags/example_subdag_operator.py
[2021-10-24 23:48:20,874] {processor.py:632} INFO - DAG(s) dict_keys(['example_subdag_operator.section-1', 'example_subdag_operator.section-2', 'example_subdag_operator']) retrieved from /home/airflow/.local/lib/python3.6/site-packages/airflow/example_dags/example_subdag_operator.py
[2021-10-24 23:48:20,893] {logging_mixin.py:109} INFO - [2021-10-24 23:48:20,893] {dag.py:2389} INFO - Sync 3 DAGs
[2021-10-24 23:48:20,919] {logging_mixin.py:109} INFO - [2021-10-24 23:48:20,919] {dag.py:2914} INFO - Setting next_dagrun for example_subdag_operator to 2021-10-22T00:00:00+00:00
[2021-10-24 23:48:20,920] {logging_mixin.py:109} INFO - [2021-10-24 23:48:20,919] {dag.py:2914} INFO - Setting next_dagrun for example_subdag_operator.section-1 to None
[2021-10-24 23:48:20,920] {logging_mixin.py:109} INFO - [2021-10-24 23:48:20,920] {dag.py:2914} INFO - Setting next_dagrun for example_subdag_operator.section-2 to None
[2021-10-24 23:48:20,930] {logging_mixin.py:109} INFO - [2021-10-24 23:48:20,929] {dag.py:2389} INFO - Sync 2 DAGs
[2021-10-24 23:48:20,943] {logging_mixin.py:109} INFO - [2021-10-24 23:48:20,943] {dag.py:2914} INFO - Setting next_dagrun for example_subdag_operator.section-1 to None
[2021-10-24 23:48:20,944] {logging_mixin.py:109} INFO - [2021-10-24 23:48:20,943] {dag.py:2914} INFO - Setting next_dagrun for example_subdag_operator.section-2 to None
[2021-10-24 23:48:20,953] {processor.py:171} INFO - Processing /home/airflow/.local/lib/python3.6/site-packages/airflow/example_dags/example_subdag_operator.py took 0.146 seconds
[2021-10-24 23:48:51,248] {processor.py:163} INFO - Started process (PID=185) to work on /home/airflow/.local/lib/python3.6/site-packages/airflow/example_dags/example_subdag_operator.py
[2021-10-24 23:48:51,252] {processor.py:620} INFO - Processing file /home/airflow/.local/lib/python3.6/site-packages/airflow/example_dags/example_subdag_operator.py for tasks to queue
[2021-10-24 23:48:51,255] {logging_mixin.py:109} INFO - [2021-10-24 23:48:51,255] {dagbag.py:500} INFO - Filling up the DagBag from /home/airflow/.local/lib/python3.6/site-packages/airflow/example_dags/example_subdag_operator.py
[2021-10-24 23:48:51,361] {processor.py:632} INFO - DAG(s) dict_keys(['example_subdag_operator.section-1', 'example_subdag_operator.section-2', 'example_subdag_operator']) retrieved from /home/airflow/.local/lib/python3.6/site-packages/airflow/example_dags/example_subdag_operator.py
[2021-10-24 23:48:51,388] {logging_mixin.py:109} INFO - [2021-10-24 23:48:51,388] {dag.py:2389} INFO - Sync 3 DAGs
[2021-10-24 23:48:51,415] {logging_mixin.py:109} INFO - [2021-10-24 23:48:51,415] {dag.py:2914} INFO - Setting next_dagrun for example_subdag_operator to 2021-10-22T00:00:00+00:00
[2021-10-24 23:48:51,415] {logging_mixin.py:109} INFO - [2021-10-24 23:48:51,415] {dag.py:2914} INFO - Setting next_dagrun for example_subdag_operator.section-1 to None
[2021-10-24 23:48:51,416] {logging_mixin.py:109} INFO - [2021-10-24 23:48:51,415] {dag.py:2914} INFO - Setting next_dagrun for example_subdag_operator.section-2 to None
[2021-10-24 23:48:51,423] {logging_mixin.py:109} INFO - [2021-10-24 23:48:51,423] {dag.py:2389} INFO - Sync 2 DAGs
[2021-10-24 23:48:51,438] {logging_mixin.py:109} INFO - [2021-10-24 23:48:51,438] {dag.py:2914} INFO - Setting next_dagrun for example_subdag_operator.section-1 to None
[2021-10-24 23:48:51,439] {logging_mixin.py:109} INFO - [2021-10-24 23:48:51,439] {dag.py:2914} INFO - Setting next_dagrun for example_subdag_operator.section-2 to None
[2021-10-24 23:48:51,450] {processor.py:171} INFO - Processing /home/airflow/.local/lib/python3.6/site-packages/airflow/example_dags/example_subdag_operator.py took 0.219 seconds
[2021-10-24 23:49:21,528] {processor.py:163} INFO - Started process (PID=250) to work on /home/airflow/.local/lib/python3.6/site-packages/airflow/example_dags/example_subdag_operator.py
[2021-10-24 23:49:21,530] {processor.py:620} INFO - Processing file /home/airflow/.local/lib/python3.6/site-packages/airflow/example_dags/example_subdag_operator.py for tasks to queue
[2021-10-24 23:49:21,531] {logging_mixin.py:109} INFO - [2021-10-24 23:49:21,531] {dagbag.py:500} INFO - Filling up the DagBag from /home/airflow/.local/lib/python3.6/site-packages/airflow/example_dags/example_subdag_operator.py
[2021-10-24 23:49:21,590] {processor.py:632} INFO - DAG(s) dict_keys(['example_subdag_operator.section-1', 'example_subdag_operator.section-2', 'example_subdag_operator']) retrieved from /home/airflow/.local/lib/python3.6/site-packages/airflow/example_dags/example_subdag_operator.py
[2021-10-24 23:49:21,610] {logging_mixin.py:109} INFO - [2021-10-24 23:49:21,609] {dag.py:2389} INFO - Sync 3 DAGs
[2021-10-24 23:49:21,635] {logging_mixin.py:109} INFO - [2021-10-24 23:49:21,635] {dag.py:2914} INFO - Setting next_dagrun for example_subdag_operator to 2021-10-22T00:00:00+00:00
[2021-10-24 23:49:21,636] {logging_mixin.py:109} INFO - [2021-10-24 23:49:21,636] {dag.py:2914} INFO - Setting next_dagrun for example_subdag_operator.section-1 to None
[2021-10-24 23:49:21,636] {logging_mixin.py:109} INFO - [2021-10-24 23:49:21,636] {dag.py:2914} INFO - Setting next_dagrun for example_subdag_operator.section-2 to None
[2021-10-24 23:49:21,647] {logging_mixin.py:109} INFO - [2021-10-24 23:49:21,647] {dag.py:2389} INFO - Sync 2 DAGs
[2021-10-24 23:49:21,659] {logging_mixin.py:109} INFO - [2021-10-24 23:49:21,659] {dag.py:2914} INFO - Setting next_dagrun for example_subdag_operator.section-1 to None
[2021-10-24 23:49:21,660] {logging_mixin.py:109} INFO - [2021-10-24 23:49:21,660] {dag.py:2914} INFO - Setting next_dagrun for example_subdag_operator.section-2 to None
[2021-10-24 23:49:21,670] {processor.py:171} INFO - Processing /home/airflow/.local/lib/python3.6/site-packages/airflow/example_dags/example_subdag_operator.py took 0.155 seconds
[2021-10-24 23:49:52,169] {processor.py:163} INFO - Started process (PID=323) to work on /home/airflow/.local/lib/python3.6/site-packages/airflow/example_dags/example_subdag_operator.py
[2021-10-24 23:49:52,181] {processor.py:620} INFO - Processing file /home/airflow/.local/lib/python3.6/site-packages/airflow/example_dags/example_subdag_operator.py for tasks to queue
[2021-10-24 23:49:52,185] {logging_mixin.py:109} INFO - [2021-10-24 23:49:52,185] {dagbag.py:500} INFO - Filling up the DagBag from /home/airflow/.local/lib/python3.6/site-packages/airflow/example_dags/example_subdag_operator.py
[2021-10-24 23:49:52,284] {processor.py:632} INFO - DAG(s) dict_keys(['example_subdag_operator.section-1', 'example_subdag_operator.section-2', 'example_subdag_operator']) retrieved from /home/airflow/.local/lib/python3.6/site-packages/airflow/example_dags/example_subdag_operator.py
[2021-10-24 23:49:52,324] {logging_mixin.py:109} INFO - [2021-10-24 23:49:52,324] {dag.py:2389} INFO - Sync 3 DAGs
[2021-10-24 23:49:52,374] {logging_mixin.py:109} INFO - [2021-10-24 23:49:52,373] {dag.py:2914} INFO - Setting next_dagrun for example_subdag_operator to 2021-10-22T00:00:00+00:00
[2021-10-24 23:49:52,375] {logging_mixin.py:109} INFO - [2021-10-24 23:49:52,375] {dag.py:2914} INFO - Setting next_dagrun for example_subdag_operator.section-1 to None
[2021-10-24 23:49:52,377] {logging_mixin.py:109} INFO - [2021-10-24 23:49:52,376] {dag.py:2914} INFO - Setting next_dagrun for example_subdag_operator.section-2 to None
[2021-10-24 23:49:52,391] {logging_mixin.py:109} INFO - [2021-10-24 23:49:52,390] {dag.py:2389} INFO - Sync 2 DAGs
[2021-10-24 23:49:52,408] {logging_mixin.py:109} INFO - [2021-10-24 23:49:52,408] {dag.py:2914} INFO - Setting next_dagrun for example_subdag_operator.section-1 to None
[2021-10-24 23:49:52,410] {logging_mixin.py:109} INFO - [2021-10-24 23:49:52,409] {dag.py:2914} INFO - Setting next_dagrun for example_subdag_operator.section-2 to None
[2021-10-24 23:49:52,436] {processor.py:171} INFO - Processing /home/airflow/.local/lib/python3.6/site-packages/airflow/example_dags/example_subdag_operator.py took 0.273 seconds
[2021-10-24 23:50:22,531] {processor.py:163} INFO - Started process (PID=390) to work on /home/airflow/.local/lib/python3.6/site-packages/airflow/example_dags/example_subdag_operator.py
[2021-10-24 23:50:22,533] {processor.py:620} INFO - Processing file /home/airflow/.local/lib/python3.6/site-packages/airflow/example_dags/example_subdag_operator.py for tasks to queue
[2021-10-24 23:50:22,534] {logging_mixin.py:109} INFO - [2021-10-24 23:50:22,534] {dagbag.py:500} INFO - Filling up the DagBag from /home/airflow/.local/lib/python3.6/site-packages/airflow/example_dags/example_subdag_operator.py
[2021-10-24 23:50:22,606] {processor.py:632} INFO - DAG(s) dict_keys(['example_subdag_operator.section-1', 'example_subdag_operator.section-2', 'example_subdag_operator']) retrieved from /home/airflow/.local/lib/python3.6/site-packages/airflow/example_dags/example_subdag_operator.py
[2021-10-24 23:50:22,635] {logging_mixin.py:109} INFO - [2021-10-24 23:50:22,634] {dag.py:2389} INFO - Sync 3 DAGs
[2021-10-24 23:50:22,662] {logging_mixin.py:109} INFO - [2021-10-24 23:50:22,661] {dag.py:2914} INFO - Setting next_dagrun for example_subdag_operator to 2021-10-22T00:00:00+00:00
[2021-10-24 23:50:22,662] {logging_mixin.py:109} INFO - [2021-10-24 23:50:22,662] {dag.py:2914} INFO - Setting next_dagrun for example_subdag_operator.section-1 to None
[2021-10-24 23:50:22,663] {logging_mixin.py:109} INFO - [2021-10-24 23:50:22,662] {dag.py:2914} INFO - Setting next_dagrun for example_subdag_operator.section-2 to None
[2021-10-24 23:50:22,672] {logging_mixin.py:109} INFO - [2021-10-24 23:50:22,672] {dag.py:2389} INFO - Sync 2 DAGs
[2021-10-24 23:50:22,687] {logging_mixin.py:109} INFO - [2021-10-24 23:50:22,686] {dag.py:2914} INFO - Setting next_dagrun for example_subdag_operator.section-1 to None
[2021-10-24 23:50:22,687] {logging_mixin.py:109} INFO - [2021-10-24 23:50:22,687] {dag.py:2914} INFO - Setting next_dagrun for example_subdag_operator.section-2 to None
[2021-10-24 23:50:22,699] {processor.py:171} INFO - Processing /home/airflow/.local/lib/python3.6/site-packages/airflow/example_dags/example_subdag_operator.py took 0.172 seconds
[2021-10-24 23:50:53,017] {processor.py:163} INFO - Started process (PID=455) to work on /home/airflow/.local/lib/python3.6/site-packages/airflow/example_dags/example_subdag_operator.py
[2021-10-24 23:50:53,021] {processor.py:620} INFO - Processing file /home/airflow/.local/lib/python3.6/site-packages/airflow/example_dags/example_subdag_operator.py for tasks to queue
[2021-10-24 23:50:53,022] {logging_mixin.py:109} INFO - [2021-10-24 23:50:53,022] {dagbag.py:500} INFO - Filling up the DagBag from /home/airflow/.local/lib/python3.6/site-packages/airflow/example_dags/example_subdag_operator.py
[2021-10-24 23:50:53,089] {processor.py:632} INFO - DAG(s) dict_keys(['example_subdag_operator.section-1', 'example_subdag_operator.section-2', 'example_subdag_operator']) retrieved from /home/airflow/.local/lib/python3.6/site-packages/airflow/example_dags/example_subdag_operator.py
[2021-10-24 23:50:53,132] {logging_mixin.py:109} INFO - [2021-10-24 23:50:53,130] {dag.py:2389} INFO - Sync 3 DAGs
[2021-10-24 23:50:53,168] {logging_mixin.py:109} INFO - [2021-10-24 23:50:53,168] {dag.py:2914} INFO - Setting next_dagrun for example_subdag_operator to 2021-10-22T00:00:00+00:00
[2021-10-24 23:50:53,169] {logging_mixin.py:109} INFO - [2021-10-24 23:50:53,168] {dag.py:2914} INFO - Setting next_dagrun for example_subdag_operator.section-1 to None
[2021-10-24 23:50:53,169] {logging_mixin.py:109} INFO - [2021-10-24 23:50:53,169] {dag.py:2914} INFO - Setting next_dagrun for example_subdag_operator.section-2 to None
[2021-10-24 23:50:53,181] {logging_mixin.py:109} INFO - [2021-10-24 23:50:53,181] {dag.py:2389} INFO - Sync 2 DAGs
[2021-10-24 23:50:53,192] {logging_mixin.py:109} INFO - [2021-10-24 23:50:53,191] {dag.py:2914} INFO - Setting next_dagrun for example_subdag_operator.section-1 to None
[2021-10-24 23:50:53,193] {logging_mixin.py:109} INFO - [2021-10-24 23:50:53,192] {dag.py:2914} INFO - Setting next_dagrun for example_subdag_operator.section-2 to None
[2021-10-24 23:50:53,210] {processor.py:171} INFO - Processing /home/airflow/.local/lib/python3.6/site-packages/airflow/example_dags/example_subdag_operator.py took 0.199 seconds
[2021-10-24 23:51:23,895] {processor.py:163} INFO - Started process (PID=525) to work on /home/airflow/.local/lib/python3.6/site-packages/airflow/example_dags/example_subdag_operator.py
[2021-10-24 23:51:23,897] {processor.py:620} INFO - Processing file /home/airflow/.local/lib/python3.6/site-packages/airflow/example_dags/example_subdag_operator.py for tasks to queue
[2021-10-24 23:51:23,899] {logging_mixin.py:109} INFO - [2021-10-24 23:51:23,898] {dagbag.py:500} INFO - Filling up the DagBag from /home/airflow/.local/lib/python3.6/site-packages/airflow/example_dags/example_subdag_operator.py
[2021-10-24 23:51:23,962] {processor.py:632} INFO - DAG(s) dict_keys(['example_subdag_operator.section-1', 'example_subdag_operator.section-2', 'example_subdag_operator']) retrieved from /home/airflow/.local/lib/python3.6/site-packages/airflow/example_dags/example_subdag_operator.py
[2021-10-24 23:51:23,985] {logging_mixin.py:109} INFO - [2021-10-24 23:51:23,985] {dag.py:2389} INFO - Sync 3 DAGs
[2021-10-24 23:51:24,014] {logging_mixin.py:109} INFO - [2021-10-24 23:51:24,013] {dag.py:2914} INFO - Setting next_dagrun for example_subdag_operator to 2021-10-22T00:00:00+00:00
[2021-10-24 23:51:24,014] {logging_mixin.py:109} INFO - [2021-10-24 23:51:24,014] {dag.py:2914} INFO - Setting next_dagrun for example_subdag_operator.section-1 to None
[2021-10-24 23:51:24,014] {logging_mixin.py:109} INFO - [2021-10-24 23:51:24,014] {dag.py:2914} INFO - Setting next_dagrun for example_subdag_operator.section-2 to None
[2021-10-24 23:51:24,026] {logging_mixin.py:109} INFO - [2021-10-24 23:51:24,026] {dag.py:2389} INFO - Sync 2 DAGs
[2021-10-24 23:51:24,040] {logging_mixin.py:109} INFO - [2021-10-24 23:51:24,040] {dag.py:2914} INFO - Setting next_dagrun for example_subdag_operator.section-1 to None
[2021-10-24 23:51:24,040] {logging_mixin.py:109} INFO - [2021-10-24 23:51:24,040] {dag.py:2914} INFO - Setting next_dagrun for example_subdag_operator.section-2 to None
[2021-10-24 23:51:24,049] {processor.py:171} INFO - Processing /home/airflow/.local/lib/python3.6/site-packages/airflow/example_dags/example_subdag_operator.py took 0.160 seconds
[2021-10-24 23:51:54,959] {processor.py:163} INFO - Started process (PID=589) to work on /home/airflow/.local/lib/python3.6/site-packages/airflow/example_dags/example_subdag_operator.py
[2021-10-24 23:51:54,961] {processor.py:620} INFO - Processing file /home/airflow/.local/lib/python3.6/site-packages/airflow/example_dags/example_subdag_operator.py for tasks to queue
[2021-10-24 23:51:54,963] {logging_mixin.py:109} INFO - [2021-10-24 23:51:54,962] {dagbag.py:500} INFO - Filling up the DagBag from /home/airflow/.local/lib/python3.6/site-packages/airflow/example_dags/example_subdag_operator.py
[2021-10-24 23:51:55,044] {processor.py:632} INFO - DAG(s) dict_keys(['example_subdag_operator.section-1', 'example_subdag_operator.section-2', 'example_subdag_operator']) retrieved from /home/airflow/.local/lib/python3.6/site-packages/airflow/example_dags/example_subdag_operator.py
[2021-10-24 23:51:55,073] {logging_mixin.py:109} INFO - [2021-10-24 23:51:55,073] {dag.py:2389} INFO - Sync 3 DAGs
[2021-10-24 23:51:55,105] {logging_mixin.py:109} INFO - [2021-10-24 23:51:55,104] {dag.py:2914} INFO - Setting next_dagrun for example_subdag_operator to 2021-10-22T00:00:00+00:00
[2021-10-24 23:51:55,105] {logging_mixin.py:109} INFO - [2021-10-24 23:51:55,105] {dag.py:2914} INFO - Setting next_dagrun for example_subdag_operator.section-1 to None
[2021-10-24 23:51:55,106] {logging_mixin.py:109} INFO - [2021-10-24 23:51:55,106] {dag.py:2914} INFO - Setting next_dagrun for example_subdag_operator.section-2 to None
[2021-10-24 23:51:55,119] {logging_mixin.py:109} INFO - [2021-10-24 23:51:55,118] {dag.py:2389} INFO - Sync 2 DAGs
[2021-10-24 23:51:55,149] {logging_mixin.py:109} INFO - [2021-10-24 23:51:55,149] {dag.py:2914} INFO - Setting next_dagrun for example_subdag_operator.section-1 to None
[2021-10-24 23:51:55,150] {logging_mixin.py:109} INFO - [2021-10-24 23:51:55,149] {dag.py:2914} INFO - Setting next_dagrun for example_subdag_operator.section-2 to None
[2021-10-24 23:51:55,176] {processor.py:171} INFO - Processing /home/airflow/.local/lib/python3.6/site-packages/airflow/example_dags/example_subdag_operator.py took 0.221 seconds
[2021-10-24 23:52:25,727] {processor.py:163} INFO - Started process (PID=653) to work on /home/airflow/.local/lib/python3.6/site-packages/airflow/example_dags/example_subdag_operator.py
[2021-10-24 23:52:25,728] {processor.py:620} INFO - Processing file /home/airflow/.local/lib/python3.6/site-packages/airflow/example_dags/example_subdag_operator.py for tasks to queue
[2021-10-24 23:52:25,729] {logging_mixin.py:109} INFO - [2021-10-24 23:52:25,729] {dagbag.py:500} INFO - Filling up the DagBag from /home/airflow/.local/lib/python3.6/site-packages/airflow/example_dags/example_subdag_operator.py
[2021-10-24 23:52:25,797] {processor.py:632} INFO - DAG(s) dict_keys(['example_subdag_operator.section-1', 'example_subdag_operator.section-2', 'example_subdag_operator']) retrieved from /home/airflow/.local/lib/python3.6/site-packages/airflow/example_dags/example_subdag_operator.py
[2021-10-24 23:52:25,823] {logging_mixin.py:109} INFO - [2021-10-24 23:52:25,823] {dag.py:2389} INFO - Sync 3 DAGs
[2021-10-24 23:52:25,850] {logging_mixin.py:109} INFO - [2021-10-24 23:52:25,849] {dag.py:2914} INFO - Setting next_dagrun for example_subdag_operator to 2021-10-22T00:00:00+00:00
[2021-10-24 23:52:25,851] {logging_mixin.py:109} INFO - [2021-10-24 23:52:25,850] {dag.py:2914} INFO - Setting next_dagrun for example_subdag_operator.section-1 to None
[2021-10-24 23:52:25,852] {logging_mixin.py:109} INFO - [2021-10-24 23:52:25,851] {dag.py:2914} INFO - Setting next_dagrun for example_subdag_operator.section-2 to None
[2021-10-24 23:52:25,861] {logging_mixin.py:109} INFO - [2021-10-24 23:52:25,861] {dag.py:2389} INFO - Sync 2 DAGs
[2021-10-24 23:52:25,875] {logging_mixin.py:109} INFO - [2021-10-24 23:52:25,875] {dag.py:2914} INFO - Setting next_dagrun for example_subdag_operator.section-1 to None
[2021-10-24 23:52:25,876] {logging_mixin.py:109} INFO - [2021-10-24 23:52:25,875] {dag.py:2914} INFO - Setting next_dagrun for example_subdag_operator.section-2 to None
[2021-10-24 23:52:25,887] {processor.py:171} INFO - Processing /home/airflow/.local/lib/python3.6/site-packages/airflow/example_dags/example_subdag_operator.py took 0.166 seconds
[2021-10-24 23:52:56,236] {processor.py:163} INFO - Started process (PID=718) to work on /home/airflow/.local/lib/python3.6/site-packages/airflow/example_dags/example_subdag_operator.py
[2021-10-24 23:52:56,239] {processor.py:620} INFO - Processing file /home/airflow/.local/lib/python3.6/site-packages/airflow/example_dags/example_subdag_operator.py for tasks to queue
[2021-10-24 23:52:56,241] {logging_mixin.py:109} INFO - [2021-10-24 23:52:56,241] {dagbag.py:500} INFO - Filling up the DagBag from /home/airflow/.local/lib/python3.6/site-packages/airflow/example_dags/example_subdag_operator.py
[2021-10-24 23:52:56,322] {processor.py:632} INFO - DAG(s) dict_keys(['example_subdag_operator.section-1', 'example_subdag_operator.section-2', 'example_subdag_operator']) retrieved from /home/airflow/.local/lib/python3.6/site-packages/airflow/example_dags/example_subdag_operator.py
[2021-10-24 23:52:56,341] {logging_mixin.py:109} INFO - [2021-10-24 23:52:56,341] {dag.py:2389} INFO - Sync 3 DAGs
[2021-10-24 23:52:56,370] {logging_mixin.py:109} INFO - [2021-10-24 23:52:56,370] {dag.py:2914} INFO - Setting next_dagrun for example_subdag_operator to 2021-10-22T00:00:00+00:00
[2021-10-24 23:52:56,371] {logging_mixin.py:109} INFO - [2021-10-24 23:52:56,370] {dag.py:2914} INFO - Setting next_dagrun for example_subdag_operator.section-1 to None
[2021-10-24 23:52:56,371] {logging_mixin.py:109} INFO - [2021-10-24 23:52:56,371] {dag.py:2914} INFO - Setting next_dagrun for example_subdag_operator.section-2 to None
[2021-10-24 23:52:56,378] {logging_mixin.py:109} INFO - [2021-10-24 23:52:56,378] {dag.py:2389} INFO - Sync 2 DAGs
[2021-10-24 23:52:56,393] {logging_mixin.py:109} INFO - [2021-10-24 23:52:56,393] {dag.py:2914} INFO - Setting next_dagrun for example_subdag_operator.section-1 to None
[2021-10-24 23:52:56,394] {logging_mixin.py:109} INFO - [2021-10-24 23:52:56,394] {dag.py:2914} INFO - Setting next_dagrun for example_subdag_operator.section-2 to None
[2021-10-24 23:52:56,406] {processor.py:171} INFO - Processing /home/airflow/.local/lib/python3.6/site-packages/airflow/example_dags/example_subdag_operator.py took 0.182 seconds
[2021-10-24 23:53:27,268] {processor.py:163} INFO - Started process (PID=783) to work on /home/airflow/.local/lib/python3.6/site-packages/airflow/example_dags/example_subdag_operator.py
[2021-10-24 23:53:27,270] {processor.py:620} INFO - Processing file /home/airflow/.local/lib/python3.6/site-packages/airflow/example_dags/example_subdag_operator.py for tasks to queue
[2021-10-24 23:53:27,271] {logging_mixin.py:109} INFO - [2021-10-24 23:53:27,271] {dagbag.py:500} INFO - Filling up the DagBag from /home/airflow/.local/lib/python3.6/site-packages/airflow/example_dags/example_subdag_operator.py
[2021-10-24 23:53:27,338] {processor.py:632} INFO - DAG(s) dict_keys(['example_subdag_operator.section-1', 'example_subdag_operator.section-2', 'example_subdag_operator']) retrieved from /home/airflow/.local/lib/python3.6/site-packages/airflow/example_dags/example_subdag_operator.py
[2021-10-24 23:53:27,360] {logging_mixin.py:109} INFO - [2021-10-24 23:53:27,360] {dag.py:2389} INFO - Sync 3 DAGs
[2021-10-24 23:53:27,395] {logging_mixin.py:109} INFO - [2021-10-24 23:53:27,395] {dag.py:2914} INFO - Setting next_dagrun for example_subdag_operator to 2021-10-22T00:00:00+00:00
[2021-10-24 23:53:27,396] {logging_mixin.py:109} INFO - [2021-10-24 23:53:27,396] {dag.py:2914} INFO - Setting next_dagrun for example_subdag_operator.section-1 to None
[2021-10-24 23:53:27,396] {logging_mixin.py:109} INFO - [2021-10-24 23:53:27,396] {dag.py:2914} INFO - Setting next_dagrun for example_subdag_operator.section-2 to None
[2021-10-24 23:53:27,410] {logging_mixin.py:109} INFO - [2021-10-24 23:53:27,410] {dag.py:2389} INFO - Sync 2 DAGs
[2021-10-24 23:53:27,427] {logging_mixin.py:109} INFO - [2021-10-24 23:53:27,427] {dag.py:2914} INFO - Setting next_dagrun for example_subdag_operator.section-1 to None
[2021-10-24 23:53:27,428] {logging_mixin.py:109} INFO - [2021-10-24 23:53:27,427] {dag.py:2914} INFO - Setting next_dagrun for example_subdag_operator.section-2 to None
[2021-10-24 23:53:27,442] {processor.py:171} INFO - Processing /home/airflow/.local/lib/python3.6/site-packages/airflow/example_dags/example_subdag_operator.py took 0.178 seconds
[2021-10-24 23:53:58,046] {processor.py:163} INFO - Started process (PID=847) to work on /home/airflow/.local/lib/python3.6/site-packages/airflow/example_dags/example_subdag_operator.py
[2021-10-24 23:53:58,052] {processor.py:620} INFO - Processing file /home/airflow/.local/lib/python3.6/site-packages/airflow/example_dags/example_subdag_operator.py for tasks to queue
[2021-10-24 23:53:58,054] {logging_mixin.py:109} INFO - [2021-10-24 23:53:58,054] {dagbag.py:500} INFO - Filling up the DagBag from /home/airflow/.local/lib/python3.6/site-packages/airflow/example_dags/example_subdag_operator.py
[2021-10-24 23:53:58,155] {processor.py:632} INFO - DAG(s) dict_keys(['example_subdag_operator.section-1', 'example_subdag_operator.section-2', 'example_subdag_operator']) retrieved from /home/airflow/.local/lib/python3.6/site-packages/airflow/example_dags/example_subdag_operator.py
[2021-10-24 23:53:58,173] {logging_mixin.py:109} INFO - [2021-10-24 23:53:58,173] {dag.py:2389} INFO - Sync 3 DAGs
[2021-10-24 23:53:58,197] {logging_mixin.py:109} INFO - [2021-10-24 23:53:58,196] {dag.py:2914} INFO - Setting next_dagrun for example_subdag_operator to 2021-10-22T00:00:00+00:00
[2021-10-24 23:53:58,197] {logging_mixin.py:109} INFO - [2021-10-24 23:53:58,197] {dag.py:2914} INFO - Setting next_dagrun for example_subdag_operator.section-1 to None
[2021-10-24 23:53:58,198] {logging_mixin.py:109} INFO - [2021-10-24 23:53:58,197] {dag.py:2914} INFO - Setting next_dagrun for example_subdag_operator.section-2 to None
[2021-10-24 23:53:58,210] {logging_mixin.py:109} INFO - [2021-10-24 23:53:58,210] {dag.py:2389} INFO - Sync 2 DAGs
[2021-10-24 23:53:58,223] {logging_mixin.py:109} INFO - [2021-10-24 23:53:58,223] {dag.py:2914} INFO - Setting next_dagrun for example_subdag_operator.section-1 to None
[2021-10-24 23:53:58,224] {logging_mixin.py:109} INFO - [2021-10-24 23:53:58,223] {dag.py:2914} INFO - Setting next_dagrun for example_subdag_operator.section-2 to None
[2021-10-24 23:53:58,231] {processor.py:171} INFO - Processing /home/airflow/.local/lib/python3.6/site-packages/airflow/example_dags/example_subdag_operator.py took 0.194 seconds
[2021-10-24 23:54:28,394] {processor.py:163} INFO - Started process (PID=917) to work on /home/airflow/.local/lib/python3.6/site-packages/airflow/example_dags/example_subdag_operator.py
[2021-10-24 23:54:28,395] {processor.py:620} INFO - Processing file /home/airflow/.local/lib/python3.6/site-packages/airflow/example_dags/example_subdag_operator.py for tasks to queue
[2021-10-24 23:54:28,396] {logging_mixin.py:109} INFO - [2021-10-24 23:54:28,396] {dagbag.py:500} INFO - Filling up the DagBag from /home/airflow/.local/lib/python3.6/site-packages/airflow/example_dags/example_subdag_operator.py
[2021-10-24 23:54:28,432] {processor.py:632} INFO - DAG(s) dict_keys(['example_subdag_operator.section-1', 'example_subdag_operator.section-2', 'example_subdag_operator']) retrieved from /home/airflow/.local/lib/python3.6/site-packages/airflow/example_dags/example_subdag_operator.py
[2021-10-24 23:54:28,447] {logging_mixin.py:109} INFO - [2021-10-24 23:54:28,447] {dag.py:2389} INFO - Sync 3 DAGs
[2021-10-24 23:54:28,463] {logging_mixin.py:109} INFO - [2021-10-24 23:54:28,463] {dag.py:2914} INFO - Setting next_dagrun for example_subdag_operator to 2021-10-22T00:00:00+00:00
[2021-10-24 23:54:28,463] {logging_mixin.py:109} INFO - [2021-10-24 23:54:28,463] {dag.py:2914} INFO - Setting next_dagrun for example_subdag_operator.section-1 to None
[2021-10-24 23:54:28,464] {logging_mixin.py:109} INFO - [2021-10-24 23:54:28,464] {dag.py:2914} INFO - Setting next_dagrun for example_subdag_operator.section-2 to None
[2021-10-24 23:54:28,470] {logging_mixin.py:109} INFO - [2021-10-24 23:54:28,470] {dag.py:2389} INFO - Sync 2 DAGs
[2021-10-24 23:54:28,477] {logging_mixin.py:109} INFO - [2021-10-24 23:54:28,477] {dag.py:2914} INFO - Setting next_dagrun for example_subdag_operator.section-1 to None
[2021-10-24 23:54:28,477] {logging_mixin.py:109} INFO - [2021-10-24 23:54:28,477] {dag.py:2914} INFO - Setting next_dagrun for example_subdag_operator.section-2 to None
[2021-10-24 23:54:28,485] {processor.py:171} INFO - Processing /home/airflow/.local/lib/python3.6/site-packages/airflow/example_dags/example_subdag_operator.py took 0.093 seconds
[2021-10-24 23:54:58,686] {processor.py:163} INFO - Started process (PID=992) to work on /home/airflow/.local/lib/python3.6/site-packages/airflow/example_dags/example_subdag_operator.py
[2021-10-24 23:54:58,687] {processor.py:620} INFO - Processing file /home/airflow/.local/lib/python3.6/site-packages/airflow/example_dags/example_subdag_operator.py for tasks to queue
[2021-10-24 23:54:58,688] {logging_mixin.py:109} INFO - [2021-10-24 23:54:58,688] {dagbag.py:500} INFO - Filling up the DagBag from /home/airflow/.local/lib/python3.6/site-packages/airflow/example_dags/example_subdag_operator.py
[2021-10-24 23:54:58,721] {processor.py:632} INFO - DAG(s) dict_keys(['example_subdag_operator.section-1', 'example_subdag_operator.section-2', 'example_subdag_operator']) retrieved from /home/airflow/.local/lib/python3.6/site-packages/airflow/example_dags/example_subdag_operator.py
[2021-10-24 23:54:58,733] {logging_mixin.py:109} INFO - [2021-10-24 23:54:58,733] {dag.py:2389} INFO - Sync 3 DAGs
[2021-10-24 23:54:58,749] {logging_mixin.py:109} INFO - [2021-10-24 23:54:58,749] {dag.py:2914} INFO - Setting next_dagrun for example_subdag_operator to 2021-10-22T00:00:00+00:00
[2021-10-24 23:54:58,749] {logging_mixin.py:109} INFO - [2021-10-24 23:54:58,749] {dag.py:2914} INFO - Setting next_dagrun for example_subdag_operator.section-1 to None
[2021-10-24 23:54:58,750] {logging_mixin.py:109} INFO - [2021-10-24 23:54:58,750] {dag.py:2914} INFO - Setting next_dagrun for example_subdag_operator.section-2 to None
[2021-10-24 23:54:58,755] {logging_mixin.py:109} INFO - [2021-10-24 23:54:58,755] {dag.py:2389} INFO - Sync 2 DAGs
[2021-10-24 23:54:58,762] {logging_mixin.py:109} INFO - [2021-10-24 23:54:58,762] {dag.py:2914} INFO - Setting next_dagrun for example_subdag_operator.section-1 to None
[2021-10-24 23:54:58,763] {logging_mixin.py:109} INFO - [2021-10-24 23:54:58,762] {dag.py:2914} INFO - Setting next_dagrun for example_subdag_operator.section-2 to None
[2021-10-24 23:54:58,769] {processor.py:171} INFO - Processing /home/airflow/.local/lib/python3.6/site-packages/airflow/example_dags/example_subdag_operator.py took 0.086 seconds
[2021-10-24 23:55:28,791] {processor.py:163} INFO - Started process (PID=1056) to work on /home/airflow/.local/lib/python3.6/site-packages/airflow/example_dags/example_subdag_operator.py
[2021-10-24 23:55:28,794] {processor.py:620} INFO - Processing file /home/airflow/.local/lib/python3.6/site-packages/airflow/example_dags/example_subdag_operator.py for tasks to queue
[2021-10-24 23:55:28,795] {logging_mixin.py:109} INFO - [2021-10-24 23:55:28,795] {dagbag.py:500} INFO - Filling up the DagBag from /home/airflow/.local/lib/python3.6/site-packages/airflow/example_dags/example_subdag_operator.py
[2021-10-24 23:55:28,826] {processor.py:632} INFO - DAG(s) dict_keys(['example_subdag_operator.section-1', 'example_subdag_operator.section-2', 'example_subdag_operator']) retrieved from /home/airflow/.local/lib/python3.6/site-packages/airflow/example_dags/example_subdag_operator.py
[2021-10-24 23:55:28,839] {logging_mixin.py:109} INFO - [2021-10-24 23:55:28,839] {dag.py:2389} INFO - Sync 3 DAGs
[2021-10-24 23:55:28,856] {logging_mixin.py:109} INFO - [2021-10-24 23:55:28,856] {dag.py:2914} INFO - Setting next_dagrun for example_subdag_operator to 2021-10-22T00:00:00+00:00
[2021-10-24 23:55:28,856] {logging_mixin.py:109} INFO - [2021-10-24 23:55:28,856] {dag.py:2914} INFO - Setting next_dagrun for example_subdag_operator.section-1 to None
[2021-10-24 23:55:28,856] {logging_mixin.py:109} INFO - [2021-10-24 23:55:28,856] {dag.py:2914} INFO - Setting next_dagrun for example_subdag_operator.section-2 to None
[2021-10-24 23:55:28,864] {logging_mixin.py:109} INFO - [2021-10-24 23:55:28,863] {dag.py:2389} INFO - Sync 2 DAGs
[2021-10-24 23:55:28,873] {logging_mixin.py:109} INFO - [2021-10-24 23:55:28,873] {dag.py:2914} INFO - Setting next_dagrun for example_subdag_operator.section-1 to None
[2021-10-24 23:55:28,873] {logging_mixin.py:109} INFO - [2021-10-24 23:55:28,873] {dag.py:2914} INFO - Setting next_dagrun for example_subdag_operator.section-2 to None
[2021-10-24 23:55:28,882] {processor.py:171} INFO - Processing /home/airflow/.local/lib/python3.6/site-packages/airflow/example_dags/example_subdag_operator.py took 0.094 seconds
[2021-10-24 23:55:59,772] {processor.py:163} INFO - Started process (PID=1130) to work on /home/airflow/.local/lib/python3.6/site-packages/airflow/example_dags/example_subdag_operator.py
[2021-10-24 23:55:59,773] {processor.py:620} INFO - Processing file /home/airflow/.local/lib/python3.6/site-packages/airflow/example_dags/example_subdag_operator.py for tasks to queue
[2021-10-24 23:55:59,774] {logging_mixin.py:109} INFO - [2021-10-24 23:55:59,774] {dagbag.py:500} INFO - Filling up the DagBag from /home/airflow/.local/lib/python3.6/site-packages/airflow/example_dags/example_subdag_operator.py
[2021-10-24 23:55:59,806] {processor.py:632} INFO - DAG(s) dict_keys(['example_subdag_operator.section-1', 'example_subdag_operator.section-2', 'example_subdag_operator']) retrieved from /home/airflow/.local/lib/python3.6/site-packages/airflow/example_dags/example_subdag_operator.py
[2021-10-24 23:55:59,825] {logging_mixin.py:109} INFO - [2021-10-24 23:55:59,825] {dag.py:2389} INFO - Sync 3 DAGs
[2021-10-24 23:55:59,846] {logging_mixin.py:109} INFO - [2021-10-24 23:55:59,846] {dag.py:2914} INFO - Setting next_dagrun for example_subdag_operator to 2021-10-22T00:00:00+00:00
[2021-10-24 23:55:59,846] {logging_mixin.py:109} INFO - [2021-10-24 23:55:59,846] {dag.py:2914} INFO - Setting next_dagrun for example_subdag_operator.section-1 to None
[2021-10-24 23:55:59,846] {logging_mixin.py:109} INFO - [2021-10-24 23:55:59,846] {dag.py:2914} INFO - Setting next_dagrun for example_subdag_operator.section-2 to None
[2021-10-24 23:55:59,852] {logging_mixin.py:109} INFO - [2021-10-24 23:55:59,852] {dag.py:2389} INFO - Sync 2 DAGs
[2021-10-24 23:55:59,860] {logging_mixin.py:109} INFO - [2021-10-24 23:55:59,860] {dag.py:2914} INFO - Setting next_dagrun for example_subdag_operator.section-1 to None
[2021-10-24 23:55:59,860] {logging_mixin.py:109} INFO - [2021-10-24 23:55:59,860] {dag.py:2914} INFO - Setting next_dagrun for example_subdag_operator.section-2 to None
[2021-10-24 23:55:59,867] {processor.py:171} INFO - Processing /home/airflow/.local/lib/python3.6/site-packages/airflow/example_dags/example_subdag_operator.py took 0.096 seconds
[2021-10-24 23:56:30,206] {processor.py:163} INFO - Started process (PID=1195) to work on /home/airflow/.local/lib/python3.6/site-packages/airflow/example_dags/example_subdag_operator.py
[2021-10-24 23:56:30,208] {processor.py:620} INFO - Processing file /home/airflow/.local/lib/python3.6/site-packages/airflow/example_dags/example_subdag_operator.py for tasks to queue
[2021-10-24 23:56:30,209] {logging_mixin.py:109} INFO - [2021-10-24 23:56:30,208] {dagbag.py:500} INFO - Filling up the DagBag from /home/airflow/.local/lib/python3.6/site-packages/airflow/example_dags/example_subdag_operator.py
[2021-10-24 23:56:30,249] {processor.py:632} INFO - DAG(s) dict_keys(['example_subdag_operator.section-1', 'example_subdag_operator.section-2', 'example_subdag_operator']) retrieved from /home/airflow/.local/lib/python3.6/site-packages/airflow/example_dags/example_subdag_operator.py
[2021-10-24 23:56:30,266] {logging_mixin.py:109} INFO - [2021-10-24 23:56:30,266] {dag.py:2389} INFO - Sync 3 DAGs
[2021-10-24 23:56:30,284] {logging_mixin.py:109} INFO - [2021-10-24 23:56:30,284] {dag.py:2914} INFO - Setting next_dagrun for example_subdag_operator to 2021-10-22T00:00:00+00:00
[2021-10-24 23:56:30,285] {logging_mixin.py:109} INFO - [2021-10-24 23:56:30,285] {dag.py:2914} INFO - Setting next_dagrun for example_subdag_operator.section-1 to None
[2021-10-24 23:56:30,285] {logging_mixin.py:109} INFO - [2021-10-24 23:56:30,285] {dag.py:2914} INFO - Setting next_dagrun for example_subdag_operator.section-2 to None
[2021-10-24 23:56:30,293] {logging_mixin.py:109} INFO - [2021-10-24 23:56:30,292] {dag.py:2389} INFO - Sync 2 DAGs
[2021-10-24 23:56:30,302] {logging_mixin.py:109} INFO - [2021-10-24 23:56:30,302] {dag.py:2914} INFO - Setting next_dagrun for example_subdag_operator.section-1 to None
[2021-10-24 23:56:30,302] {logging_mixin.py:109} INFO - [2021-10-24 23:56:30,302] {dag.py:2914} INFO - Setting next_dagrun for example_subdag_operator.section-2 to None
[2021-10-24 23:56:30,310] {processor.py:171} INFO - Processing /home/airflow/.local/lib/python3.6/site-packages/airflow/example_dags/example_subdag_operator.py took 0.106 seconds
[2021-10-24 23:57:00,532] {processor.py:163} INFO - Started process (PID=1259) to work on /home/airflow/.local/lib/python3.6/site-packages/airflow/example_dags/example_subdag_operator.py
[2021-10-24 23:57:00,535] {processor.py:620} INFO - Processing file /home/airflow/.local/lib/python3.6/site-packages/airflow/example_dags/example_subdag_operator.py for tasks to queue
[2021-10-24 23:57:00,535] {logging_mixin.py:109} INFO - [2021-10-24 23:57:00,535] {dagbag.py:500} INFO - Filling up the DagBag from /home/airflow/.local/lib/python3.6/site-packages/airflow/example_dags/example_subdag_operator.py
[2021-10-24 23:57:00,578] {processor.py:632} INFO - DAG(s) dict_keys(['example_subdag_operator.section-1', 'example_subdag_operator.section-2', 'example_subdag_operator']) retrieved from /home/airflow/.local/lib/python3.6/site-packages/airflow/example_dags/example_subdag_operator.py
[2021-10-24 23:57:00,591] {logging_mixin.py:109} INFO - [2021-10-24 23:57:00,591] {dag.py:2389} INFO - Sync 3 DAGs
[2021-10-24 23:57:00,607] {logging_mixin.py:109} INFO - [2021-10-24 23:57:00,606] {dag.py:2914} INFO - Setting next_dagrun for example_subdag_operator to 2021-10-22T00:00:00+00:00
[2021-10-24 23:57:00,607] {logging_mixin.py:109} INFO - [2021-10-24 23:57:00,607] {dag.py:2914} INFO - Setting next_dagrun for example_subdag_operator.section-1 to None
[2021-10-24 23:57:00,607] {logging_mixin.py:109} INFO - [2021-10-24 23:57:00,607] {dag.py:2914} INFO - Setting next_dagrun for example_subdag_operator.section-2 to None
[2021-10-24 23:57:00,614] {logging_mixin.py:109} INFO - [2021-10-24 23:57:00,613] {dag.py:2389} INFO - Sync 2 DAGs
[2021-10-24 23:57:00,620] {logging_mixin.py:109} INFO - [2021-10-24 23:57:00,620] {dag.py:2914} INFO - Setting next_dagrun for example_subdag_operator.section-1 to None
[2021-10-24 23:57:00,621] {logging_mixin.py:109} INFO - [2021-10-24 23:57:00,621] {dag.py:2914} INFO - Setting next_dagrun for example_subdag_operator.section-2 to None
[2021-10-24 23:57:00,627] {processor.py:171} INFO - Processing /home/airflow/.local/lib/python3.6/site-packages/airflow/example_dags/example_subdag_operator.py took 0.098 seconds
[2021-10-24 23:57:30,802] {processor.py:163} INFO - Started process (PID=1334) to work on /home/airflow/.local/lib/python3.6/site-packages/airflow/example_dags/example_subdag_operator.py
[2021-10-24 23:57:30,805] {processor.py:620} INFO - Processing file /home/airflow/.local/lib/python3.6/site-packages/airflow/example_dags/example_subdag_operator.py for tasks to queue
[2021-10-24 23:57:30,807] {logging_mixin.py:109} INFO - [2021-10-24 23:57:30,806] {dagbag.py:500} INFO - Filling up the DagBag from /home/airflow/.local/lib/python3.6/site-packages/airflow/example_dags/example_subdag_operator.py
[2021-10-24 23:57:30,854] {processor.py:632} INFO - DAG(s) dict_keys(['example_subdag_operator.section-1', 'example_subdag_operator.section-2', 'example_subdag_operator']) retrieved from /home/airflow/.local/lib/python3.6/site-packages/airflow/example_dags/example_subdag_operator.py
[2021-10-24 23:57:30,869] {logging_mixin.py:109} INFO - [2021-10-24 23:57:30,869] {dag.py:2389} INFO - Sync 3 DAGs
[2021-10-24 23:57:30,885] {logging_mixin.py:109} INFO - [2021-10-24 23:57:30,884] {dag.py:2914} INFO - Setting next_dagrun for example_subdag_operator to 2021-10-22T00:00:00+00:00
[2021-10-24 23:57:30,885] {logging_mixin.py:109} INFO - [2021-10-24 23:57:30,885] {dag.py:2914} INFO - Setting next_dagrun for example_subdag_operator.section-1 to None
[2021-10-24 23:57:30,885] {logging_mixin.py:109} INFO - [2021-10-24 23:57:30,885] {dag.py:2914} INFO - Setting next_dagrun for example_subdag_operator.section-2 to None
[2021-10-24 23:57:30,890] {logging_mixin.py:109} INFO - [2021-10-24 23:57:30,890] {dag.py:2389} INFO - Sync 2 DAGs
[2021-10-24 23:57:30,897] {logging_mixin.py:109} INFO - [2021-10-24 23:57:30,897] {dag.py:2914} INFO - Setting next_dagrun for example_subdag_operator.section-1 to None
[2021-10-24 23:57:30,897] {logging_mixin.py:109} INFO - [2021-10-24 23:57:30,897] {dag.py:2914} INFO - Setting next_dagrun for example_subdag_operator.section-2 to None
[2021-10-24 23:57:30,904] {processor.py:171} INFO - Processing /home/airflow/.local/lib/python3.6/site-packages/airflow/example_dags/example_subdag_operator.py took 0.111 seconds
[2021-10-24 23:58:01,607] {processor.py:163} INFO - Started process (PID=1400) to work on /home/airflow/.local/lib/python3.6/site-packages/airflow/example_dags/example_subdag_operator.py
[2021-10-24 23:58:01,609] {processor.py:620} INFO - Processing file /home/airflow/.local/lib/python3.6/site-packages/airflow/example_dags/example_subdag_operator.py for tasks to queue
[2021-10-24 23:58:01,610] {logging_mixin.py:109} INFO - [2021-10-24 23:58:01,609] {dagbag.py:500} INFO - Filling up the DagBag from /home/airflow/.local/lib/python3.6/site-packages/airflow/example_dags/example_subdag_operator.py
[2021-10-24 23:58:01,665] {processor.py:632} INFO - DAG(s) dict_keys(['example_subdag_operator.section-1', 'example_subdag_operator.section-2', 'example_subdag_operator']) retrieved from /home/airflow/.local/lib/python3.6/site-packages/airflow/example_dags/example_subdag_operator.py
[2021-10-24 23:58:01,688] {logging_mixin.py:109} INFO - [2021-10-24 23:58:01,687] {dag.py:2389} INFO - Sync 3 DAGs
[2021-10-24 23:58:01,713] {logging_mixin.py:109} INFO - [2021-10-24 23:58:01,713] {dag.py:2914} INFO - Setting next_dagrun for example_subdag_operator to 2021-10-22T00:00:00+00:00
[2021-10-24 23:58:01,713] {logging_mixin.py:109} INFO - [2021-10-24 23:58:01,713] {dag.py:2914} INFO - Setting next_dagrun for example_subdag_operator.section-1 to None
[2021-10-24 23:58:01,714] {logging_mixin.py:109} INFO - [2021-10-24 23:58:01,713] {dag.py:2914} INFO - Setting next_dagrun for example_subdag_operator.section-2 to None
[2021-10-24 23:58:01,725] {logging_mixin.py:109} INFO - [2021-10-24 23:58:01,725] {dag.py:2389} INFO - Sync 2 DAGs
[2021-10-24 23:58:01,740] {logging_mixin.py:109} INFO - [2021-10-24 23:58:01,739] {dag.py:2914} INFO - Setting next_dagrun for example_subdag_operator.section-1 to None
[2021-10-24 23:58:01,740] {logging_mixin.py:109} INFO - [2021-10-24 23:58:01,740] {dag.py:2914} INFO - Setting next_dagrun for example_subdag_operator.section-2 to None
[2021-10-24 23:58:01,753] {processor.py:171} INFO - Processing /home/airflow/.local/lib/python3.6/site-packages/airflow/example_dags/example_subdag_operator.py took 0.152 seconds
[2021-10-24 23:58:31,835] {processor.py:163} INFO - Started process (PID=1467) to work on /home/airflow/.local/lib/python3.6/site-packages/airflow/example_dags/example_subdag_operator.py
[2021-10-24 23:58:31,837] {processor.py:620} INFO - Processing file /home/airflow/.local/lib/python3.6/site-packages/airflow/example_dags/example_subdag_operator.py for tasks to queue
[2021-10-24 23:58:31,837] {logging_mixin.py:109} INFO - [2021-10-24 23:58:31,837] {dagbag.py:500} INFO - Filling up the DagBag from /home/airflow/.local/lib/python3.6/site-packages/airflow/example_dags/example_subdag_operator.py
[2021-10-24 23:58:31,875] {processor.py:632} INFO - DAG(s) dict_keys(['example_subdag_operator.section-1', 'example_subdag_operator.section-2', 'example_subdag_operator']) retrieved from /home/airflow/.local/lib/python3.6/site-packages/airflow/example_dags/example_subdag_operator.py
[2021-10-24 23:58:31,889] {logging_mixin.py:109} INFO - [2021-10-24 23:58:31,889] {dag.py:2389} INFO - Sync 3 DAGs
[2021-10-24 23:58:31,907] {logging_mixin.py:109} INFO - [2021-10-24 23:58:31,907] {dag.py:2914} INFO - Setting next_dagrun for example_subdag_operator to 2021-10-22T00:00:00+00:00
[2021-10-24 23:58:31,907] {logging_mixin.py:109} INFO - [2021-10-24 23:58:31,907] {dag.py:2914} INFO - Setting next_dagrun for example_subdag_operator.section-1 to None
[2021-10-24 23:58:31,907] {logging_mixin.py:109} INFO - [2021-10-24 23:58:31,907] {dag.py:2914} INFO - Setting next_dagrun for example_subdag_operator.section-2 to None
[2021-10-24 23:58:31,913] {logging_mixin.py:109} INFO - [2021-10-24 23:58:31,913] {dag.py:2389} INFO - Sync 2 DAGs
[2021-10-24 23:58:31,921] {logging_mixin.py:109} INFO - [2021-10-24 23:58:31,921] {dag.py:2914} INFO - Setting next_dagrun for example_subdag_operator.section-1 to None
[2021-10-24 23:58:31,922] {logging_mixin.py:109} INFO - [2021-10-24 23:58:31,922] {dag.py:2914} INFO - Setting next_dagrun for example_subdag_operator.section-2 to None
[2021-10-24 23:58:31,931] {processor.py:171} INFO - Processing /home/airflow/.local/lib/python3.6/site-packages/airflow/example_dags/example_subdag_operator.py took 0.100 seconds
[2021-10-24 23:59:02,373] {processor.py:163} INFO - Started process (PID=1543) to work on /home/airflow/.local/lib/python3.6/site-packages/airflow/example_dags/example_subdag_operator.py
[2021-10-24 23:59:02,374] {processor.py:620} INFO - Processing file /home/airflow/.local/lib/python3.6/site-packages/airflow/example_dags/example_subdag_operator.py for tasks to queue
[2021-10-24 23:59:02,376] {logging_mixin.py:109} INFO - [2021-10-24 23:59:02,375] {dagbag.py:500} INFO - Filling up the DagBag from /home/airflow/.local/lib/python3.6/site-packages/airflow/example_dags/example_subdag_operator.py
[2021-10-24 23:59:02,428] {processor.py:632} INFO - DAG(s) dict_keys(['example_subdag_operator.section-1', 'example_subdag_operator.section-2', 'example_subdag_operator']) retrieved from /home/airflow/.local/lib/python3.6/site-packages/airflow/example_dags/example_subdag_operator.py
[2021-10-24 23:59:02,451] {logging_mixin.py:109} INFO - [2021-10-24 23:59:02,451] {dag.py:2389} INFO - Sync 3 DAGs
[2021-10-24 23:59:02,485] {logging_mixin.py:109} INFO - [2021-10-24 23:59:02,485] {dag.py:2914} INFO - Setting next_dagrun for example_subdag_operator to 2021-10-22T00:00:00+00:00
[2021-10-24 23:59:02,485] {logging_mixin.py:109} INFO - [2021-10-24 23:59:02,485] {dag.py:2914} INFO - Setting next_dagrun for example_subdag_operator.section-1 to None
[2021-10-24 23:59:02,486] {logging_mixin.py:109} INFO - [2021-10-24 23:59:02,486] {dag.py:2914} INFO - Setting next_dagrun for example_subdag_operator.section-2 to None
[2021-10-24 23:59:02,495] {logging_mixin.py:109} INFO - [2021-10-24 23:59:02,495] {dag.py:2389} INFO - Sync 2 DAGs
[2021-10-24 23:59:02,504] {logging_mixin.py:109} INFO - [2021-10-24 23:59:02,504] {dag.py:2914} INFO - Setting next_dagrun for example_subdag_operator.section-1 to None
[2021-10-24 23:59:02,505] {logging_mixin.py:109} INFO - [2021-10-24 23:59:02,505] {dag.py:2914} INFO - Setting next_dagrun for example_subdag_operator.section-2 to None
[2021-10-24 23:59:02,543] {processor.py:171} INFO - Processing /home/airflow/.local/lib/python3.6/site-packages/airflow/example_dags/example_subdag_operator.py took 0.174 seconds
[2021-10-24 23:59:32,734] {processor.py:163} INFO - Started process (PID=1609) to work on /home/airflow/.local/lib/python3.6/site-packages/airflow/example_dags/example_subdag_operator.py
[2021-10-24 23:59:32,737] {processor.py:620} INFO - Processing file /home/airflow/.local/lib/python3.6/site-packages/airflow/example_dags/example_subdag_operator.py for tasks to queue
[2021-10-24 23:59:32,738] {logging_mixin.py:109} INFO - [2021-10-24 23:59:32,738] {dagbag.py:500} INFO - Filling up the DagBag from /home/airflow/.local/lib/python3.6/site-packages/airflow/example_dags/example_subdag_operator.py
[2021-10-24 23:59:32,783] {processor.py:632} INFO - DAG(s) dict_keys(['example_subdag_operator.section-1', 'example_subdag_operator.section-2', 'example_subdag_operator']) retrieved from /home/airflow/.local/lib/python3.6/site-packages/airflow/example_dags/example_subdag_operator.py
[2021-10-24 23:59:32,801] {logging_mixin.py:109} INFO - [2021-10-24 23:59:32,800] {dag.py:2389} INFO - Sync 3 DAGs
[2021-10-24 23:59:32,822] {logging_mixin.py:109} INFO - [2021-10-24 23:59:32,822] {dag.py:2914} INFO - Setting next_dagrun for example_subdag_operator to 2021-10-22T00:00:00+00:00
[2021-10-24 23:59:32,822] {logging_mixin.py:109} INFO - [2021-10-24 23:59:32,822] {dag.py:2914} INFO - Setting next_dagrun for example_subdag_operator.section-1 to None
[2021-10-24 23:59:32,822] {logging_mixin.py:109} INFO - [2021-10-24 23:59:32,822] {dag.py:2914} INFO - Setting next_dagrun for example_subdag_operator.section-2 to None
[2021-10-24 23:59:32,828] {logging_mixin.py:109} INFO - [2021-10-24 23:59:32,828] {dag.py:2389} INFO - Sync 2 DAGs
[2021-10-24 23:59:32,837] {logging_mixin.py:109} INFO - [2021-10-24 23:59:32,837] {dag.py:2914} INFO - Setting next_dagrun for example_subdag_operator.section-1 to None
[2021-10-24 23:59:32,837] {logging_mixin.py:109} INFO - [2021-10-24 23:59:32,837] {dag.py:2914} INFO - Setting next_dagrun for example_subdag_operator.section-2 to None
[2021-10-24 23:59:32,845] {processor.py:171} INFO - Processing /home/airflow/.local/lib/python3.6/site-packages/airflow/example_dags/example_subdag_operator.py took 0.116 seconds
