[2021-10-24 22:55:13,444] {processor.py:163} INFO - Started process (PID=58) to work on /home/airflow/.local/lib/python3.6/site-packages/airflow/example_dags/example_nested_branch_dag.py
[2021-10-24 22:55:13,445] {processor.py:620} INFO - Processing file /home/airflow/.local/lib/python3.6/site-packages/airflow/example_dags/example_nested_branch_dag.py for tasks to queue
[2021-10-24 22:55:13,446] {logging_mixin.py:109} INFO - [2021-10-24 22:55:13,446] {dagbag.py:500} INFO - Filling up the DagBag from /home/airflow/.local/lib/python3.6/site-packages/airflow/example_dags/example_nested_branch_dag.py
[2021-10-24 22:55:13,488] {processor.py:632} INFO - DAG(s) dict_keys(['example_nested_branch_dag']) retrieved from /home/airflow/.local/lib/python3.6/site-packages/airflow/example_dags/example_nested_branch_dag.py
[2021-10-24 22:55:13,503] {logging_mixin.py:109} INFO - [2021-10-24 22:55:13,503] {dag.py:2389} INFO - Sync 1 DAGs
[2021-10-24 22:55:13,524] {logging_mixin.py:109} INFO - [2021-10-24 22:55:13,524] {dag.py:2914} INFO - Setting next_dagrun for example_nested_branch_dag to 2021-10-23 00:00:00+00:00
[2021-10-24 22:55:13,534] {processor.py:171} INFO - Processing /home/airflow/.local/lib/python3.6/site-packages/airflow/example_dags/example_nested_branch_dag.py took 0.095 seconds
[2021-10-24 22:55:44,287] {processor.py:163} INFO - Started process (PID=115) to work on /home/airflow/.local/lib/python3.6/site-packages/airflow/example_dags/example_nested_branch_dag.py
[2021-10-24 22:55:44,288] {processor.py:620} INFO - Processing file /home/airflow/.local/lib/python3.6/site-packages/airflow/example_dags/example_nested_branch_dag.py for tasks to queue
[2021-10-24 22:55:44,289] {logging_mixin.py:109} INFO - [2021-10-24 22:55:44,289] {dagbag.py:500} INFO - Filling up the DagBag from /home/airflow/.local/lib/python3.6/site-packages/airflow/example_dags/example_nested_branch_dag.py
[2021-10-24 22:55:44,317] {processor.py:632} INFO - DAG(s) dict_keys(['example_nested_branch_dag']) retrieved from /home/airflow/.local/lib/python3.6/site-packages/airflow/example_dags/example_nested_branch_dag.py
[2021-10-24 22:55:44,329] {logging_mixin.py:109} INFO - [2021-10-24 22:55:44,328] {dag.py:2389} INFO - Sync 1 DAGs
[2021-10-24 22:55:44,347] {logging_mixin.py:109} INFO - [2021-10-24 22:55:44,347] {dag.py:2914} INFO - Setting next_dagrun for example_nested_branch_dag to 2021-10-23 00:00:00+00:00
[2021-10-24 22:55:44,355] {processor.py:171} INFO - Processing /home/airflow/.local/lib/python3.6/site-packages/airflow/example_dags/example_nested_branch_dag.py took 0.070 seconds
[2021-10-24 22:56:14,683] {processor.py:163} INFO - Started process (PID=189) to work on /home/airflow/.local/lib/python3.6/site-packages/airflow/example_dags/example_nested_branch_dag.py
[2021-10-24 22:56:14,684] {processor.py:620} INFO - Processing file /home/airflow/.local/lib/python3.6/site-packages/airflow/example_dags/example_nested_branch_dag.py for tasks to queue
[2021-10-24 22:56:14,685] {logging_mixin.py:109} INFO - [2021-10-24 22:56:14,685] {dagbag.py:500} INFO - Filling up the DagBag from /home/airflow/.local/lib/python3.6/site-packages/airflow/example_dags/example_nested_branch_dag.py
[2021-10-24 22:56:14,713] {processor.py:632} INFO - DAG(s) dict_keys(['example_nested_branch_dag']) retrieved from /home/airflow/.local/lib/python3.6/site-packages/airflow/example_dags/example_nested_branch_dag.py
[2021-10-24 22:56:14,724] {logging_mixin.py:109} INFO - [2021-10-24 22:56:14,724] {dag.py:2389} INFO - Sync 1 DAGs
[2021-10-24 22:56:14,741] {logging_mixin.py:109} INFO - [2021-10-24 22:56:14,741] {dag.py:2914} INFO - Setting next_dagrun for example_nested_branch_dag to 2021-10-23 00:00:00+00:00
[2021-10-24 22:56:14,750] {processor.py:171} INFO - Processing /home/airflow/.local/lib/python3.6/site-packages/airflow/example_dags/example_nested_branch_dag.py took 0.069 seconds
[2021-10-24 22:57:26,406] {processor.py:163} INFO - Started process (PID=58) to work on /home/airflow/.local/lib/python3.6/site-packages/airflow/example_dags/example_nested_branch_dag.py
[2021-10-24 22:57:26,407] {processor.py:620} INFO - Processing file /home/airflow/.local/lib/python3.6/site-packages/airflow/example_dags/example_nested_branch_dag.py for tasks to queue
[2021-10-24 22:57:26,408] {logging_mixin.py:109} INFO - [2021-10-24 22:57:26,408] {dagbag.py:500} INFO - Filling up the DagBag from /home/airflow/.local/lib/python3.6/site-packages/airflow/example_dags/example_nested_branch_dag.py
[2021-10-24 22:57:26,441] {processor.py:632} INFO - DAG(s) dict_keys(['example_nested_branch_dag']) retrieved from /home/airflow/.local/lib/python3.6/site-packages/airflow/example_dags/example_nested_branch_dag.py
[2021-10-24 22:57:26,458] {logging_mixin.py:109} INFO - [2021-10-24 22:57:26,458] {dag.py:2389} INFO - Sync 1 DAGs
[2021-10-24 22:57:26,486] {logging_mixin.py:109} INFO - [2021-10-24 22:57:26,485] {dag.py:2914} INFO - Setting next_dagrun for example_nested_branch_dag to 2021-10-23 00:00:00+00:00
[2021-10-24 22:57:26,497] {processor.py:171} INFO - Processing /home/airflow/.local/lib/python3.6/site-packages/airflow/example_dags/example_nested_branch_dag.py took 0.094 seconds
[2021-10-24 22:57:57,197] {processor.py:163} INFO - Started process (PID=114) to work on /home/airflow/.local/lib/python3.6/site-packages/airflow/example_dags/example_nested_branch_dag.py
[2021-10-24 22:57:57,198] {processor.py:620} INFO - Processing file /home/airflow/.local/lib/python3.6/site-packages/airflow/example_dags/example_nested_branch_dag.py for tasks to queue
[2021-10-24 22:57:57,199] {logging_mixin.py:109} INFO - [2021-10-24 22:57:57,199] {dagbag.py:500} INFO - Filling up the DagBag from /home/airflow/.local/lib/python3.6/site-packages/airflow/example_dags/example_nested_branch_dag.py
[2021-10-24 22:57:57,234] {processor.py:632} INFO - DAG(s) dict_keys(['example_nested_branch_dag']) retrieved from /home/airflow/.local/lib/python3.6/site-packages/airflow/example_dags/example_nested_branch_dag.py
[2021-10-24 22:57:57,250] {logging_mixin.py:109} INFO - [2021-10-24 22:57:57,250] {dag.py:2389} INFO - Sync 1 DAGs
[2021-10-24 22:57:57,271] {logging_mixin.py:109} INFO - [2021-10-24 22:57:57,271] {dag.py:2914} INFO - Setting next_dagrun for example_nested_branch_dag to 2021-10-23 00:00:00+00:00
[2021-10-24 22:57:57,284] {processor.py:171} INFO - Processing /home/airflow/.local/lib/python3.6/site-packages/airflow/example_dags/example_nested_branch_dag.py took 0.090 seconds
[2021-10-24 22:58:27,910] {processor.py:163} INFO - Started process (PID=189) to work on /home/airflow/.local/lib/python3.6/site-packages/airflow/example_dags/example_nested_branch_dag.py
[2021-10-24 22:58:27,911] {processor.py:620} INFO - Processing file /home/airflow/.local/lib/python3.6/site-packages/airflow/example_dags/example_nested_branch_dag.py for tasks to queue
[2021-10-24 22:58:27,912] {logging_mixin.py:109} INFO - [2021-10-24 22:58:27,912] {dagbag.py:500} INFO - Filling up the DagBag from /home/airflow/.local/lib/python3.6/site-packages/airflow/example_dags/example_nested_branch_dag.py
[2021-10-24 22:58:27,949] {processor.py:632} INFO - DAG(s) dict_keys(['example_nested_branch_dag']) retrieved from /home/airflow/.local/lib/python3.6/site-packages/airflow/example_dags/example_nested_branch_dag.py
[2021-10-24 22:58:27,963] {logging_mixin.py:109} INFO - [2021-10-24 22:58:27,963] {dag.py:2389} INFO - Sync 1 DAGs
[2021-10-24 22:58:27,984] {logging_mixin.py:109} INFO - [2021-10-24 22:58:27,984] {dag.py:2914} INFO - Setting next_dagrun for example_nested_branch_dag to 2021-10-23 00:00:00+00:00
[2021-10-24 22:58:27,995] {processor.py:171} INFO - Processing /home/airflow/.local/lib/python3.6/site-packages/airflow/example_dags/example_nested_branch_dag.py took 0.089 seconds
[2021-10-24 22:58:58,071] {processor.py:163} INFO - Started process (PID=253) to work on /home/airflow/.local/lib/python3.6/site-packages/airflow/example_dags/example_nested_branch_dag.py
[2021-10-24 22:58:58,072] {processor.py:620} INFO - Processing file /home/airflow/.local/lib/python3.6/site-packages/airflow/example_dags/example_nested_branch_dag.py for tasks to queue
[2021-10-24 22:58:58,073] {logging_mixin.py:109} INFO - [2021-10-24 22:58:58,073] {dagbag.py:500} INFO - Filling up the DagBag from /home/airflow/.local/lib/python3.6/site-packages/airflow/example_dags/example_nested_branch_dag.py
[2021-10-24 22:58:58,100] {processor.py:632} INFO - DAG(s) dict_keys(['example_nested_branch_dag']) retrieved from /home/airflow/.local/lib/python3.6/site-packages/airflow/example_dags/example_nested_branch_dag.py
[2021-10-24 22:58:58,111] {logging_mixin.py:109} INFO - [2021-10-24 22:58:58,111] {dag.py:2389} INFO - Sync 1 DAGs
[2021-10-24 22:58:58,128] {logging_mixin.py:109} INFO - [2021-10-24 22:58:58,128] {dag.py:2914} INFO - Setting next_dagrun for example_nested_branch_dag to 2021-10-23 00:00:00+00:00
[2021-10-24 22:58:58,137] {processor.py:171} INFO - Processing /home/airflow/.local/lib/python3.6/site-packages/airflow/example_dags/example_nested_branch_dag.py took 0.069 seconds
[2021-10-24 22:59:28,869] {processor.py:163} INFO - Started process (PID=329) to work on /home/airflow/.local/lib/python3.6/site-packages/airflow/example_dags/example_nested_branch_dag.py
[2021-10-24 22:59:28,870] {processor.py:620} INFO - Processing file /home/airflow/.local/lib/python3.6/site-packages/airflow/example_dags/example_nested_branch_dag.py for tasks to queue
[2021-10-24 22:59:28,871] {logging_mixin.py:109} INFO - [2021-10-24 22:59:28,871] {dagbag.py:500} INFO - Filling up the DagBag from /home/airflow/.local/lib/python3.6/site-packages/airflow/example_dags/example_nested_branch_dag.py
[2021-10-24 22:59:28,920] {processor.py:632} INFO - DAG(s) dict_keys(['example_nested_branch_dag']) retrieved from /home/airflow/.local/lib/python3.6/site-packages/airflow/example_dags/example_nested_branch_dag.py
[2021-10-24 22:59:28,938] {logging_mixin.py:109} INFO - [2021-10-24 22:59:28,938] {dag.py:2389} INFO - Sync 1 DAGs
[2021-10-24 22:59:28,962] {logging_mixin.py:109} INFO - [2021-10-24 22:59:28,962] {dag.py:2914} INFO - Setting next_dagrun for example_nested_branch_dag to 2021-10-23 00:00:00+00:00
[2021-10-24 22:59:28,973] {processor.py:171} INFO - Processing /home/airflow/.local/lib/python3.6/site-packages/airflow/example_dags/example_nested_branch_dag.py took 0.107 seconds
[2021-10-24 23:47:48,967] {processor.py:163} INFO - Started process (PID=58) to work on /home/airflow/.local/lib/python3.6/site-packages/airflow/example_dags/example_nested_branch_dag.py
[2021-10-24 23:47:48,968] {processor.py:620} INFO - Processing file /home/airflow/.local/lib/python3.6/site-packages/airflow/example_dags/example_nested_branch_dag.py for tasks to queue
[2021-10-24 23:47:48,969] {logging_mixin.py:109} INFO - [2021-10-24 23:47:48,969] {dagbag.py:500} INFO - Filling up the DagBag from /home/airflow/.local/lib/python3.6/site-packages/airflow/example_dags/example_nested_branch_dag.py
[2021-10-24 23:47:49,004] {processor.py:632} INFO - DAG(s) dict_keys(['example_nested_branch_dag']) retrieved from /home/airflow/.local/lib/python3.6/site-packages/airflow/example_dags/example_nested_branch_dag.py
[2021-10-24 23:47:49,020] {logging_mixin.py:109} INFO - [2021-10-24 23:47:49,020] {dag.py:2389} INFO - Sync 1 DAGs
[2021-10-24 23:47:49,045] {logging_mixin.py:109} INFO - [2021-10-24 23:47:49,045] {dag.py:2914} INFO - Setting next_dagrun for example_nested_branch_dag to 2021-10-23 00:00:00+00:00
[2021-10-24 23:47:49,056] {processor.py:171} INFO - Processing /home/airflow/.local/lib/python3.6/site-packages/airflow/example_dags/example_nested_branch_dag.py took 0.093 seconds
[2021-10-24 23:48:19,498] {processor.py:163} INFO - Started process (PID=115) to work on /home/airflow/.local/lib/python3.6/site-packages/airflow/example_dags/example_nested_branch_dag.py
[2021-10-24 23:48:19,500] {processor.py:620} INFO - Processing file /home/airflow/.local/lib/python3.6/site-packages/airflow/example_dags/example_nested_branch_dag.py for tasks to queue
[2021-10-24 23:48:19,501] {logging_mixin.py:109} INFO - [2021-10-24 23:48:19,501] {dagbag.py:500} INFO - Filling up the DagBag from /home/airflow/.local/lib/python3.6/site-packages/airflow/example_dags/example_nested_branch_dag.py
[2021-10-24 23:48:19,548] {processor.py:632} INFO - DAG(s) dict_keys(['example_nested_branch_dag']) retrieved from /home/airflow/.local/lib/python3.6/site-packages/airflow/example_dags/example_nested_branch_dag.py
[2021-10-24 23:48:19,576] {logging_mixin.py:109} INFO - [2021-10-24 23:48:19,576] {dag.py:2389} INFO - Sync 1 DAGs
[2021-10-24 23:48:19,611] {logging_mixin.py:109} INFO - [2021-10-24 23:48:19,611] {dag.py:2914} INFO - Setting next_dagrun for example_nested_branch_dag to 2021-10-23 00:00:00+00:00
[2021-10-24 23:48:19,632] {processor.py:171} INFO - Processing /home/airflow/.local/lib/python3.6/site-packages/airflow/example_dags/example_nested_branch_dag.py took 0.139 seconds
[2021-10-24 23:48:49,963] {processor.py:163} INFO - Started process (PID=181) to work on /home/airflow/.local/lib/python3.6/site-packages/airflow/example_dags/example_nested_branch_dag.py
[2021-10-24 23:48:49,966] {processor.py:620} INFO - Processing file /home/airflow/.local/lib/python3.6/site-packages/airflow/example_dags/example_nested_branch_dag.py for tasks to queue
[2021-10-24 23:48:49,968] {logging_mixin.py:109} INFO - [2021-10-24 23:48:49,968] {dagbag.py:500} INFO - Filling up the DagBag from /home/airflow/.local/lib/python3.6/site-packages/airflow/example_dags/example_nested_branch_dag.py
[2021-10-24 23:48:50,020] {processor.py:632} INFO - DAG(s) dict_keys(['example_nested_branch_dag']) retrieved from /home/airflow/.local/lib/python3.6/site-packages/airflow/example_dags/example_nested_branch_dag.py
[2021-10-24 23:48:50,041] {logging_mixin.py:109} INFO - [2021-10-24 23:48:50,041] {dag.py:2389} INFO - Sync 1 DAGs
[2021-10-24 23:48:50,066] {logging_mixin.py:109} INFO - [2021-10-24 23:48:50,065] {dag.py:2914} INFO - Setting next_dagrun for example_nested_branch_dag to 2021-10-23 00:00:00+00:00
[2021-10-24 23:48:50,081] {processor.py:171} INFO - Processing /home/airflow/.local/lib/python3.6/site-packages/airflow/example_dags/example_nested_branch_dag.py took 0.122 seconds
[2021-10-24 23:49:20,229] {processor.py:163} INFO - Started process (PID=246) to work on /home/airflow/.local/lib/python3.6/site-packages/airflow/example_dags/example_nested_branch_dag.py
[2021-10-24 23:49:20,230] {processor.py:620} INFO - Processing file /home/airflow/.local/lib/python3.6/site-packages/airflow/example_dags/example_nested_branch_dag.py for tasks to queue
[2021-10-24 23:49:20,231] {logging_mixin.py:109} INFO - [2021-10-24 23:49:20,231] {dagbag.py:500} INFO - Filling up the DagBag from /home/airflow/.local/lib/python3.6/site-packages/airflow/example_dags/example_nested_branch_dag.py
[2021-10-24 23:49:20,284] {processor.py:632} INFO - DAG(s) dict_keys(['example_nested_branch_dag']) retrieved from /home/airflow/.local/lib/python3.6/site-packages/airflow/example_dags/example_nested_branch_dag.py
[2021-10-24 23:49:20,301] {logging_mixin.py:109} INFO - [2021-10-24 23:49:20,300] {dag.py:2389} INFO - Sync 1 DAGs
[2021-10-24 23:49:20,333] {logging_mixin.py:109} INFO - [2021-10-24 23:49:20,333] {dag.py:2914} INFO - Setting next_dagrun for example_nested_branch_dag to 2021-10-23 00:00:00+00:00
[2021-10-24 23:49:20,349] {processor.py:171} INFO - Processing /home/airflow/.local/lib/python3.6/site-packages/airflow/example_dags/example_nested_branch_dag.py took 0.124 seconds
[2021-10-24 23:49:50,707] {processor.py:163} INFO - Started process (PID=310) to work on /home/airflow/.local/lib/python3.6/site-packages/airflow/example_dags/example_nested_branch_dag.py
[2021-10-24 23:49:50,709] {processor.py:620} INFO - Processing file /home/airflow/.local/lib/python3.6/site-packages/airflow/example_dags/example_nested_branch_dag.py for tasks to queue
[2021-10-24 23:49:50,710] {logging_mixin.py:109} INFO - [2021-10-24 23:49:50,710] {dagbag.py:500} INFO - Filling up the DagBag from /home/airflow/.local/lib/python3.6/site-packages/airflow/example_dags/example_nested_branch_dag.py
[2021-10-24 23:49:50,794] {processor.py:632} INFO - DAG(s) dict_keys(['example_nested_branch_dag']) retrieved from /home/airflow/.local/lib/python3.6/site-packages/airflow/example_dags/example_nested_branch_dag.py
[2021-10-24 23:49:50,830] {logging_mixin.py:109} INFO - [2021-10-24 23:49:50,830] {dag.py:2389} INFO - Sync 1 DAGs
[2021-10-24 23:49:50,876] {logging_mixin.py:109} INFO - [2021-10-24 23:49:50,875] {dag.py:2914} INFO - Setting next_dagrun for example_nested_branch_dag to 2021-10-23 00:00:00+00:00
[2021-10-24 23:49:50,901] {processor.py:171} INFO - Processing /home/airflow/.local/lib/python3.6/site-packages/airflow/example_dags/example_nested_branch_dag.py took 0.209 seconds
[2021-10-24 23:50:21,189] {processor.py:163} INFO - Started process (PID=374) to work on /home/airflow/.local/lib/python3.6/site-packages/airflow/example_dags/example_nested_branch_dag.py
[2021-10-24 23:50:21,191] {processor.py:620} INFO - Processing file /home/airflow/.local/lib/python3.6/site-packages/airflow/example_dags/example_nested_branch_dag.py for tasks to queue
[2021-10-24 23:50:21,192] {logging_mixin.py:109} INFO - [2021-10-24 23:50:21,191] {dagbag.py:500} INFO - Filling up the DagBag from /home/airflow/.local/lib/python3.6/site-packages/airflow/example_dags/example_nested_branch_dag.py
[2021-10-24 23:50:21,265] {processor.py:632} INFO - DAG(s) dict_keys(['example_nested_branch_dag']) retrieved from /home/airflow/.local/lib/python3.6/site-packages/airflow/example_dags/example_nested_branch_dag.py
[2021-10-24 23:50:21,290] {logging_mixin.py:109} INFO - [2021-10-24 23:50:21,289] {dag.py:2389} INFO - Sync 1 DAGs
[2021-10-24 23:50:21,321] {logging_mixin.py:109} INFO - [2021-10-24 23:50:21,321] {dag.py:2914} INFO - Setting next_dagrun for example_nested_branch_dag to 2021-10-23 00:00:00+00:00
[2021-10-24 23:50:21,345] {processor.py:171} INFO - Processing /home/airflow/.local/lib/python3.6/site-packages/airflow/example_dags/example_nested_branch_dag.py took 0.164 seconds
[2021-10-24 23:50:51,624] {processor.py:163} INFO - Started process (PID=448) to work on /home/airflow/.local/lib/python3.6/site-packages/airflow/example_dags/example_nested_branch_dag.py
[2021-10-24 23:50:51,626] {processor.py:620} INFO - Processing file /home/airflow/.local/lib/python3.6/site-packages/airflow/example_dags/example_nested_branch_dag.py for tasks to queue
[2021-10-24 23:50:51,627] {logging_mixin.py:109} INFO - [2021-10-24 23:50:51,627] {dagbag.py:500} INFO - Filling up the DagBag from /home/airflow/.local/lib/python3.6/site-packages/airflow/example_dags/example_nested_branch_dag.py
[2021-10-24 23:50:51,697] {processor.py:632} INFO - DAG(s) dict_keys(['example_nested_branch_dag']) retrieved from /home/airflow/.local/lib/python3.6/site-packages/airflow/example_dags/example_nested_branch_dag.py
[2021-10-24 23:50:51,727] {logging_mixin.py:109} INFO - [2021-10-24 23:50:51,726] {dag.py:2389} INFO - Sync 1 DAGs
[2021-10-24 23:50:51,765] {logging_mixin.py:109} INFO - [2021-10-24 23:50:51,765] {dag.py:2914} INFO - Setting next_dagrun for example_nested_branch_dag to 2021-10-23 00:00:00+00:00
[2021-10-24 23:50:51,782] {processor.py:171} INFO - Processing /home/airflow/.local/lib/python3.6/site-packages/airflow/example_dags/example_nested_branch_dag.py took 0.170 seconds
[2021-10-24 23:51:22,546] {processor.py:163} INFO - Started process (PID=520) to work on /home/airflow/.local/lib/python3.6/site-packages/airflow/example_dags/example_nested_branch_dag.py
[2021-10-24 23:51:22,548] {processor.py:620} INFO - Processing file /home/airflow/.local/lib/python3.6/site-packages/airflow/example_dags/example_nested_branch_dag.py for tasks to queue
[2021-10-24 23:51:22,551] {logging_mixin.py:109} INFO - [2021-10-24 23:51:22,551] {dagbag.py:500} INFO - Filling up the DagBag from /home/airflow/.local/lib/python3.6/site-packages/airflow/example_dags/example_nested_branch_dag.py
[2021-10-24 23:51:22,631] {processor.py:632} INFO - DAG(s) dict_keys(['example_nested_branch_dag']) retrieved from /home/airflow/.local/lib/python3.6/site-packages/airflow/example_dags/example_nested_branch_dag.py
[2021-10-24 23:51:22,654] {logging_mixin.py:109} INFO - [2021-10-24 23:51:22,653] {dag.py:2389} INFO - Sync 1 DAGs
[2021-10-24 23:51:22,696] {logging_mixin.py:109} INFO - [2021-10-24 23:51:22,696] {dag.py:2914} INFO - Setting next_dagrun for example_nested_branch_dag to 2021-10-23 00:00:00+00:00
[2021-10-24 23:51:22,714] {processor.py:171} INFO - Processing /home/airflow/.local/lib/python3.6/site-packages/airflow/example_dags/example_nested_branch_dag.py took 0.172 seconds
[2021-10-24 23:51:53,679] {processor.py:163} INFO - Started process (PID=585) to work on /home/airflow/.local/lib/python3.6/site-packages/airflow/example_dags/example_nested_branch_dag.py
[2021-10-24 23:51:53,681] {processor.py:620} INFO - Processing file /home/airflow/.local/lib/python3.6/site-packages/airflow/example_dags/example_nested_branch_dag.py for tasks to queue
[2021-10-24 23:51:53,682] {logging_mixin.py:109} INFO - [2021-10-24 23:51:53,682] {dagbag.py:500} INFO - Filling up the DagBag from /home/airflow/.local/lib/python3.6/site-packages/airflow/example_dags/example_nested_branch_dag.py
[2021-10-24 23:51:53,729] {processor.py:632} INFO - DAG(s) dict_keys(['example_nested_branch_dag']) retrieved from /home/airflow/.local/lib/python3.6/site-packages/airflow/example_dags/example_nested_branch_dag.py
[2021-10-24 23:51:53,754] {logging_mixin.py:109} INFO - [2021-10-24 23:51:53,754] {dag.py:2389} INFO - Sync 1 DAGs
[2021-10-24 23:51:53,784] {logging_mixin.py:109} INFO - [2021-10-24 23:51:53,784] {dag.py:2914} INFO - Setting next_dagrun for example_nested_branch_dag to 2021-10-23 00:00:00+00:00
[2021-10-24 23:51:53,795] {processor.py:171} INFO - Processing /home/airflow/.local/lib/python3.6/site-packages/airflow/example_dags/example_nested_branch_dag.py took 0.122 seconds
[2021-10-24 23:52:24,450] {processor.py:163} INFO - Started process (PID=649) to work on /home/airflow/.local/lib/python3.6/site-packages/airflow/example_dags/example_nested_branch_dag.py
[2021-10-24 23:52:24,452] {processor.py:620} INFO - Processing file /home/airflow/.local/lib/python3.6/site-packages/airflow/example_dags/example_nested_branch_dag.py for tasks to queue
[2021-10-24 23:52:24,452] {logging_mixin.py:109} INFO - [2021-10-24 23:52:24,452] {dagbag.py:500} INFO - Filling up the DagBag from /home/airflow/.local/lib/python3.6/site-packages/airflow/example_dags/example_nested_branch_dag.py
[2021-10-24 23:52:24,498] {processor.py:632} INFO - DAG(s) dict_keys(['example_nested_branch_dag']) retrieved from /home/airflow/.local/lib/python3.6/site-packages/airflow/example_dags/example_nested_branch_dag.py
[2021-10-24 23:52:24,522] {logging_mixin.py:109} INFO - [2021-10-24 23:52:24,522] {dag.py:2389} INFO - Sync 1 DAGs
[2021-10-24 23:52:24,551] {logging_mixin.py:109} INFO - [2021-10-24 23:52:24,551] {dag.py:2914} INFO - Setting next_dagrun for example_nested_branch_dag to 2021-10-23 00:00:00+00:00
[2021-10-24 23:52:24,564] {processor.py:171} INFO - Processing /home/airflow/.local/lib/python3.6/site-packages/airflow/example_dags/example_nested_branch_dag.py took 0.119 seconds
[2021-10-24 23:52:54,930] {processor.py:163} INFO - Started process (PID=714) to work on /home/airflow/.local/lib/python3.6/site-packages/airflow/example_dags/example_nested_branch_dag.py
[2021-10-24 23:52:54,932] {processor.py:620} INFO - Processing file /home/airflow/.local/lib/python3.6/site-packages/airflow/example_dags/example_nested_branch_dag.py for tasks to queue
[2021-10-24 23:52:54,933] {logging_mixin.py:109} INFO - [2021-10-24 23:52:54,932] {dagbag.py:500} INFO - Filling up the DagBag from /home/airflow/.local/lib/python3.6/site-packages/airflow/example_dags/example_nested_branch_dag.py
[2021-10-24 23:52:54,990] {processor.py:632} INFO - DAG(s) dict_keys(['example_nested_branch_dag']) retrieved from /home/airflow/.local/lib/python3.6/site-packages/airflow/example_dags/example_nested_branch_dag.py
[2021-10-24 23:52:55,006] {logging_mixin.py:109} INFO - [2021-10-24 23:52:55,006] {dag.py:2389} INFO - Sync 1 DAGs
[2021-10-24 23:52:55,042] {logging_mixin.py:109} INFO - [2021-10-24 23:52:55,042] {dag.py:2914} INFO - Setting next_dagrun for example_nested_branch_dag to 2021-10-23 00:00:00+00:00
[2021-10-24 23:52:55,063] {processor.py:171} INFO - Processing /home/airflow/.local/lib/python3.6/site-packages/airflow/example_dags/example_nested_branch_dag.py took 0.138 seconds
[2021-10-24 23:53:26,005] {processor.py:163} INFO - Started process (PID=779) to work on /home/airflow/.local/lib/python3.6/site-packages/airflow/example_dags/example_nested_branch_dag.py
[2021-10-24 23:53:26,007] {processor.py:620} INFO - Processing file /home/airflow/.local/lib/python3.6/site-packages/airflow/example_dags/example_nested_branch_dag.py for tasks to queue
[2021-10-24 23:53:26,008] {logging_mixin.py:109} INFO - [2021-10-24 23:53:26,008] {dagbag.py:500} INFO - Filling up the DagBag from /home/airflow/.local/lib/python3.6/site-packages/airflow/example_dags/example_nested_branch_dag.py
[2021-10-24 23:53:26,059] {processor.py:632} INFO - DAG(s) dict_keys(['example_nested_branch_dag']) retrieved from /home/airflow/.local/lib/python3.6/site-packages/airflow/example_dags/example_nested_branch_dag.py
[2021-10-24 23:53:26,081] {logging_mixin.py:109} INFO - [2021-10-24 23:53:26,081] {dag.py:2389} INFO - Sync 1 DAGs
[2021-10-24 23:53:26,109] {logging_mixin.py:109} INFO - [2021-10-24 23:53:26,108] {dag.py:2914} INFO - Setting next_dagrun for example_nested_branch_dag to 2021-10-23 00:00:00+00:00
[2021-10-24 23:53:26,126] {processor.py:171} INFO - Processing /home/airflow/.local/lib/python3.6/site-packages/airflow/example_dags/example_nested_branch_dag.py took 0.126 seconds
[2021-10-24 23:53:56,764] {processor.py:163} INFO - Started process (PID=843) to work on /home/airflow/.local/lib/python3.6/site-packages/airflow/example_dags/example_nested_branch_dag.py
[2021-10-24 23:53:56,765] {processor.py:620} INFO - Processing file /home/airflow/.local/lib/python3.6/site-packages/airflow/example_dags/example_nested_branch_dag.py for tasks to queue
[2021-10-24 23:53:56,766] {logging_mixin.py:109} INFO - [2021-10-24 23:53:56,766] {dagbag.py:500} INFO - Filling up the DagBag from /home/airflow/.local/lib/python3.6/site-packages/airflow/example_dags/example_nested_branch_dag.py
[2021-10-24 23:53:56,812] {processor.py:632} INFO - DAG(s) dict_keys(['example_nested_branch_dag']) retrieved from /home/airflow/.local/lib/python3.6/site-packages/airflow/example_dags/example_nested_branch_dag.py
[2021-10-24 23:53:56,832] {logging_mixin.py:109} INFO - [2021-10-24 23:53:56,831] {dag.py:2389} INFO - Sync 1 DAGs
[2021-10-24 23:53:56,858] {logging_mixin.py:109} INFO - [2021-10-24 23:53:56,857] {dag.py:2914} INFO - Setting next_dagrun for example_nested_branch_dag to 2021-10-23 00:00:00+00:00
[2021-10-24 23:53:56,870] {processor.py:171} INFO - Processing /home/airflow/.local/lib/python3.6/site-packages/airflow/example_dags/example_nested_branch_dag.py took 0.115 seconds
[2021-10-24 23:54:27,189] {processor.py:163} INFO - Started process (PID=913) to work on /home/airflow/.local/lib/python3.6/site-packages/airflow/example_dags/example_nested_branch_dag.py
[2021-10-24 23:54:27,190] {processor.py:620} INFO - Processing file /home/airflow/.local/lib/python3.6/site-packages/airflow/example_dags/example_nested_branch_dag.py for tasks to queue
[2021-10-24 23:54:27,191] {logging_mixin.py:109} INFO - [2021-10-24 23:54:27,191] {dagbag.py:500} INFO - Filling up the DagBag from /home/airflow/.local/lib/python3.6/site-packages/airflow/example_dags/example_nested_branch_dag.py
[2021-10-24 23:54:27,221] {processor.py:632} INFO - DAG(s) dict_keys(['example_nested_branch_dag']) retrieved from /home/airflow/.local/lib/python3.6/site-packages/airflow/example_dags/example_nested_branch_dag.py
[2021-10-24 23:54:27,233] {logging_mixin.py:109} INFO - [2021-10-24 23:54:27,233] {dag.py:2389} INFO - Sync 1 DAGs
[2021-10-24 23:54:27,252] {logging_mixin.py:109} INFO - [2021-10-24 23:54:27,252] {dag.py:2914} INFO - Setting next_dagrun for example_nested_branch_dag to 2021-10-23 00:00:00+00:00
[2021-10-24 23:54:27,261] {processor.py:171} INFO - Processing /home/airflow/.local/lib/python3.6/site-packages/airflow/example_dags/example_nested_branch_dag.py took 0.075 seconds
[2021-10-24 23:54:57,381] {processor.py:163} INFO - Started process (PID=988) to work on /home/airflow/.local/lib/python3.6/site-packages/airflow/example_dags/example_nested_branch_dag.py
[2021-10-24 23:54:57,382] {processor.py:620} INFO - Processing file /home/airflow/.local/lib/python3.6/site-packages/airflow/example_dags/example_nested_branch_dag.py for tasks to queue
[2021-10-24 23:54:57,383] {logging_mixin.py:109} INFO - [2021-10-24 23:54:57,383] {dagbag.py:500} INFO - Filling up the DagBag from /home/airflow/.local/lib/python3.6/site-packages/airflow/example_dags/example_nested_branch_dag.py
[2021-10-24 23:54:57,433] {processor.py:632} INFO - DAG(s) dict_keys(['example_nested_branch_dag']) retrieved from /home/airflow/.local/lib/python3.6/site-packages/airflow/example_dags/example_nested_branch_dag.py
[2021-10-24 23:54:57,454] {logging_mixin.py:109} INFO - [2021-10-24 23:54:57,454] {dag.py:2389} INFO - Sync 1 DAGs
[2021-10-24 23:54:57,486] {logging_mixin.py:109} INFO - [2021-10-24 23:54:57,486] {dag.py:2914} INFO - Setting next_dagrun for example_nested_branch_dag to 2021-10-23 00:00:00+00:00
[2021-10-24 23:54:57,500] {processor.py:171} INFO - Processing /home/airflow/.local/lib/python3.6/site-packages/airflow/example_dags/example_nested_branch_dag.py took 0.123 seconds
[2021-10-24 23:55:27,555] {processor.py:163} INFO - Started process (PID=1052) to work on /home/airflow/.local/lib/python3.6/site-packages/airflow/example_dags/example_nested_branch_dag.py
[2021-10-24 23:55:27,557] {processor.py:620} INFO - Processing file /home/airflow/.local/lib/python3.6/site-packages/airflow/example_dags/example_nested_branch_dag.py for tasks to queue
[2021-10-24 23:55:27,558] {logging_mixin.py:109} INFO - [2021-10-24 23:55:27,558] {dagbag.py:500} INFO - Filling up the DagBag from /home/airflow/.local/lib/python3.6/site-packages/airflow/example_dags/example_nested_branch_dag.py
[2021-10-24 23:55:27,595] {processor.py:632} INFO - DAG(s) dict_keys(['example_nested_branch_dag']) retrieved from /home/airflow/.local/lib/python3.6/site-packages/airflow/example_dags/example_nested_branch_dag.py
[2021-10-24 23:55:27,610] {logging_mixin.py:109} INFO - [2021-10-24 23:55:27,610] {dag.py:2389} INFO - Sync 1 DAGs
[2021-10-24 23:55:27,632] {logging_mixin.py:109} INFO - [2021-10-24 23:55:27,632] {dag.py:2914} INFO - Setting next_dagrun for example_nested_branch_dag to 2021-10-23 00:00:00+00:00
[2021-10-24 23:55:27,641] {processor.py:171} INFO - Processing /home/airflow/.local/lib/python3.6/site-packages/airflow/example_dags/example_nested_branch_dag.py took 0.090 seconds
[2021-10-24 23:55:57,673] {processor.py:163} INFO - Started process (PID=1116) to work on /home/airflow/.local/lib/python3.6/site-packages/airflow/example_dags/example_nested_branch_dag.py
[2021-10-24 23:55:57,674] {processor.py:620} INFO - Processing file /home/airflow/.local/lib/python3.6/site-packages/airflow/example_dags/example_nested_branch_dag.py for tasks to queue
[2021-10-24 23:55:57,674] {logging_mixin.py:109} INFO - [2021-10-24 23:55:57,674] {dagbag.py:500} INFO - Filling up the DagBag from /home/airflow/.local/lib/python3.6/site-packages/airflow/example_dags/example_nested_branch_dag.py
[2021-10-24 23:55:57,699] {processor.py:632} INFO - DAG(s) dict_keys(['example_nested_branch_dag']) retrieved from /home/airflow/.local/lib/python3.6/site-packages/airflow/example_dags/example_nested_branch_dag.py
[2021-10-24 23:55:57,710] {logging_mixin.py:109} INFO - [2021-10-24 23:55:57,710] {dag.py:2389} INFO - Sync 1 DAGs
[2021-10-24 23:55:57,726] {logging_mixin.py:109} INFO - [2021-10-24 23:55:57,726] {dag.py:2914} INFO - Setting next_dagrun for example_nested_branch_dag to 2021-10-23 00:00:00+00:00
[2021-10-24 23:55:57,733] {processor.py:171} INFO - Processing /home/airflow/.local/lib/python3.6/site-packages/airflow/example_dags/example_nested_branch_dag.py took 0.063 seconds
[2021-10-24 23:56:28,116] {processor.py:163} INFO - Started process (PID=1191) to work on /home/airflow/.local/lib/python3.6/site-packages/airflow/example_dags/example_nested_branch_dag.py
[2021-10-24 23:56:28,117] {processor.py:620} INFO - Processing file /home/airflow/.local/lib/python3.6/site-packages/airflow/example_dags/example_nested_branch_dag.py for tasks to queue
[2021-10-24 23:56:28,118] {logging_mixin.py:109} INFO - [2021-10-24 23:56:28,118] {dagbag.py:500} INFO - Filling up the DagBag from /home/airflow/.local/lib/python3.6/site-packages/airflow/example_dags/example_nested_branch_dag.py
[2021-10-24 23:56:28,143] {processor.py:632} INFO - DAG(s) dict_keys(['example_nested_branch_dag']) retrieved from /home/airflow/.local/lib/python3.6/site-packages/airflow/example_dags/example_nested_branch_dag.py
[2021-10-24 23:56:28,154] {logging_mixin.py:109} INFO - [2021-10-24 23:56:28,154] {dag.py:2389} INFO - Sync 1 DAGs
[2021-10-24 23:56:28,170] {logging_mixin.py:109} INFO - [2021-10-24 23:56:28,170] {dag.py:2914} INFO - Setting next_dagrun for example_nested_branch_dag to 2021-10-23 00:00:00+00:00
[2021-10-24 23:56:28,178] {processor.py:171} INFO - Processing /home/airflow/.local/lib/python3.6/site-packages/airflow/example_dags/example_nested_branch_dag.py took 0.064 seconds
[2021-10-24 23:56:58,426] {processor.py:163} INFO - Started process (PID=1255) to work on /home/airflow/.local/lib/python3.6/site-packages/airflow/example_dags/example_nested_branch_dag.py
[2021-10-24 23:56:58,427] {processor.py:620} INFO - Processing file /home/airflow/.local/lib/python3.6/site-packages/airflow/example_dags/example_nested_branch_dag.py for tasks to queue
[2021-10-24 23:56:58,427] {logging_mixin.py:109} INFO - [2021-10-24 23:56:58,427] {dagbag.py:500} INFO - Filling up the DagBag from /home/airflow/.local/lib/python3.6/site-packages/airflow/example_dags/example_nested_branch_dag.py
[2021-10-24 23:56:58,453] {processor.py:632} INFO - DAG(s) dict_keys(['example_nested_branch_dag']) retrieved from /home/airflow/.local/lib/python3.6/site-packages/airflow/example_dags/example_nested_branch_dag.py
[2021-10-24 23:56:58,463] {logging_mixin.py:109} INFO - [2021-10-24 23:56:58,463] {dag.py:2389} INFO - Sync 1 DAGs
[2021-10-24 23:56:58,480] {logging_mixin.py:109} INFO - [2021-10-24 23:56:58,480] {dag.py:2914} INFO - Setting next_dagrun for example_nested_branch_dag to 2021-10-23 00:00:00+00:00
[2021-10-24 23:56:58,488] {processor.py:171} INFO - Processing /home/airflow/.local/lib/python3.6/site-packages/airflow/example_dags/example_nested_branch_dag.py took 0.065 seconds
[2021-10-24 23:57:29,190] {processor.py:163} INFO - Started process (PID=1330) to work on /home/airflow/.local/lib/python3.6/site-packages/airflow/example_dags/example_nested_branch_dag.py
[2021-10-24 23:57:29,192] {processor.py:620} INFO - Processing file /home/airflow/.local/lib/python3.6/site-packages/airflow/example_dags/example_nested_branch_dag.py for tasks to queue
[2021-10-24 23:57:29,192] {logging_mixin.py:109} INFO - [2021-10-24 23:57:29,192] {dagbag.py:500} INFO - Filling up the DagBag from /home/airflow/.local/lib/python3.6/site-packages/airflow/example_dags/example_nested_branch_dag.py
[2021-10-24 23:57:29,230] {processor.py:632} INFO - DAG(s) dict_keys(['example_nested_branch_dag']) retrieved from /home/airflow/.local/lib/python3.6/site-packages/airflow/example_dags/example_nested_branch_dag.py
[2021-10-24 23:57:29,249] {logging_mixin.py:109} INFO - [2021-10-24 23:57:29,249] {dag.py:2389} INFO - Sync 1 DAGs
[2021-10-24 23:57:29,273] {logging_mixin.py:109} INFO - [2021-10-24 23:57:29,273] {dag.py:2914} INFO - Setting next_dagrun for example_nested_branch_dag to 2021-10-23 00:00:00+00:00
[2021-10-24 23:57:29,389] {processor.py:171} INFO - Processing /home/airflow/.local/lib/python3.6/site-packages/airflow/example_dags/example_nested_branch_dag.py took 0.202 seconds
[2021-10-24 23:58:00,350] {processor.py:163} INFO - Started process (PID=1396) to work on /home/airflow/.local/lib/python3.6/site-packages/airflow/example_dags/example_nested_branch_dag.py
[2021-10-24 23:58:00,352] {processor.py:620} INFO - Processing file /home/airflow/.local/lib/python3.6/site-packages/airflow/example_dags/example_nested_branch_dag.py for tasks to queue
[2021-10-24 23:58:00,353] {logging_mixin.py:109} INFO - [2021-10-24 23:58:00,353] {dagbag.py:500} INFO - Filling up the DagBag from /home/airflow/.local/lib/python3.6/site-packages/airflow/example_dags/example_nested_branch_dag.py
[2021-10-24 23:58:00,395] {processor.py:632} INFO - DAG(s) dict_keys(['example_nested_branch_dag']) retrieved from /home/airflow/.local/lib/python3.6/site-packages/airflow/example_dags/example_nested_branch_dag.py
[2021-10-24 23:58:00,412] {logging_mixin.py:109} INFO - [2021-10-24 23:58:00,412] {dag.py:2389} INFO - Sync 1 DAGs
[2021-10-24 23:58:00,438] {logging_mixin.py:109} INFO - [2021-10-24 23:58:00,438] {dag.py:2914} INFO - Setting next_dagrun for example_nested_branch_dag to 2021-10-23 00:00:00+00:00
[2021-10-24 23:58:00,450] {processor.py:171} INFO - Processing /home/airflow/.local/lib/python3.6/site-packages/airflow/example_dags/example_nested_branch_dag.py took 0.104 seconds
[2021-10-24 23:58:30,745] {processor.py:163} INFO - Started process (PID=1463) to work on /home/airflow/.local/lib/python3.6/site-packages/airflow/example_dags/example_nested_branch_dag.py
[2021-10-24 23:58:30,746] {processor.py:620} INFO - Processing file /home/airflow/.local/lib/python3.6/site-packages/airflow/example_dags/example_nested_branch_dag.py for tasks to queue
[2021-10-24 23:58:30,747] {logging_mixin.py:109} INFO - [2021-10-24 23:58:30,747] {dagbag.py:500} INFO - Filling up the DagBag from /home/airflow/.local/lib/python3.6/site-packages/airflow/example_dags/example_nested_branch_dag.py
[2021-10-24 23:58:30,773] {processor.py:632} INFO - DAG(s) dict_keys(['example_nested_branch_dag']) retrieved from /home/airflow/.local/lib/python3.6/site-packages/airflow/example_dags/example_nested_branch_dag.py
[2021-10-24 23:58:30,785] {logging_mixin.py:109} INFO - [2021-10-24 23:58:30,785] {dag.py:2389} INFO - Sync 1 DAGs
[2021-10-24 23:58:30,803] {logging_mixin.py:109} INFO - [2021-10-24 23:58:30,803] {dag.py:2914} INFO - Setting next_dagrun for example_nested_branch_dag to 2021-10-23 00:00:00+00:00
[2021-10-24 23:58:30,812] {processor.py:171} INFO - Processing /home/airflow/.local/lib/python3.6/site-packages/airflow/example_dags/example_nested_branch_dag.py took 0.070 seconds
[2021-10-24 23:59:01,262] {processor.py:163} INFO - Started process (PID=1539) to work on /home/airflow/.local/lib/python3.6/site-packages/airflow/example_dags/example_nested_branch_dag.py
[2021-10-24 23:59:01,264] {processor.py:620} INFO - Processing file /home/airflow/.local/lib/python3.6/site-packages/airflow/example_dags/example_nested_branch_dag.py for tasks to queue
[2021-10-24 23:59:01,265] {logging_mixin.py:109} INFO - [2021-10-24 23:59:01,265] {dagbag.py:500} INFO - Filling up the DagBag from /home/airflow/.local/lib/python3.6/site-packages/airflow/example_dags/example_nested_branch_dag.py
[2021-10-24 23:59:01,296] {processor.py:632} INFO - DAG(s) dict_keys(['example_nested_branch_dag']) retrieved from /home/airflow/.local/lib/python3.6/site-packages/airflow/example_dags/example_nested_branch_dag.py
[2021-10-24 23:59:01,308] {logging_mixin.py:109} INFO - [2021-10-24 23:59:01,308] {dag.py:2389} INFO - Sync 1 DAGs
[2021-10-24 23:59:01,332] {logging_mixin.py:109} INFO - [2021-10-24 23:59:01,332] {dag.py:2914} INFO - Setting next_dagrun for example_nested_branch_dag to 2021-10-23 00:00:00+00:00
[2021-10-24 23:59:01,342] {processor.py:171} INFO - Processing /home/airflow/.local/lib/python3.6/site-packages/airflow/example_dags/example_nested_branch_dag.py took 0.084 seconds
[2021-10-24 23:59:31,609] {processor.py:163} INFO - Started process (PID=1605) to work on /home/airflow/.local/lib/python3.6/site-packages/airflow/example_dags/example_nested_branch_dag.py
[2021-10-24 23:59:31,610] {processor.py:620} INFO - Processing file /home/airflow/.local/lib/python3.6/site-packages/airflow/example_dags/example_nested_branch_dag.py for tasks to queue
[2021-10-24 23:59:31,611] {logging_mixin.py:109} INFO - [2021-10-24 23:59:31,611] {dagbag.py:500} INFO - Filling up the DagBag from /home/airflow/.local/lib/python3.6/site-packages/airflow/example_dags/example_nested_branch_dag.py
[2021-10-24 23:59:31,641] {processor.py:632} INFO - DAG(s) dict_keys(['example_nested_branch_dag']) retrieved from /home/airflow/.local/lib/python3.6/site-packages/airflow/example_dags/example_nested_branch_dag.py
[2021-10-24 23:59:31,656] {logging_mixin.py:109} INFO - [2021-10-24 23:59:31,656] {dag.py:2389} INFO - Sync 1 DAGs
[2021-10-24 23:59:31,677] {logging_mixin.py:109} INFO - [2021-10-24 23:59:31,677] {dag.py:2914} INFO - Setting next_dagrun for example_nested_branch_dag to 2021-10-23 00:00:00+00:00
[2021-10-24 23:59:31,687] {processor.py:171} INFO - Processing /home/airflow/.local/lib/python3.6/site-packages/airflow/example_dags/example_nested_branch_dag.py took 0.080 seconds
