[2021-10-24 22:55:13,562] {processor.py:163} INFO - Started process (PID=59) to work on /home/airflow/.local/lib/python3.6/site-packages/airflow/example_dags/example_latest_only_with_trigger.py
[2021-10-24 22:55:13,563] {processor.py:620} INFO - Processing file /home/airflow/.local/lib/python3.6/site-packages/airflow/example_dags/example_latest_only_with_trigger.py for tasks to queue
[2021-10-24 22:55:13,564] {logging_mixin.py:109} INFO - [2021-10-24 22:55:13,564] {dagbag.py:500} INFO - Filling up the DagBag from /home/airflow/.local/lib/python3.6/site-packages/airflow/example_dags/example_latest_only_with_trigger.py
[2021-10-24 22:55:13,619] {processor.py:632} INFO - DAG(s) dict_keys(['latest_only_with_trigger']) retrieved from /home/airflow/.local/lib/python3.6/site-packages/airflow/example_dags/example_latest_only_with_trigger.py
[2021-10-24 22:55:13,639] {logging_mixin.py:109} INFO - [2021-10-24 22:55:13,639] {dag.py:2389} INFO - Sync 1 DAGs
[2021-10-24 22:55:13,677] {logging_mixin.py:109} INFO - [2021-10-24 22:55:13,677] {dag.py:2914} INFO - Setting next_dagrun for latest_only_with_trigger to 2021-10-24T18:55:13.677095+00:00
[2021-10-24 22:55:13,692] {processor.py:171} INFO - Processing /home/airflow/.local/lib/python3.6/site-packages/airflow/example_dags/example_latest_only_with_trigger.py took 0.135 seconds
[2021-10-24 22:55:44,294] {processor.py:163} INFO - Started process (PID=116) to work on /home/airflow/.local/lib/python3.6/site-packages/airflow/example_dags/example_latest_only_with_trigger.py
[2021-10-24 22:55:44,295] {processor.py:620} INFO - Processing file /home/airflow/.local/lib/python3.6/site-packages/airflow/example_dags/example_latest_only_with_trigger.py for tasks to queue
[2021-10-24 22:55:44,295] {logging_mixin.py:109} INFO - [2021-10-24 22:55:44,295] {dagbag.py:500} INFO - Filling up the DagBag from /home/airflow/.local/lib/python3.6/site-packages/airflow/example_dags/example_latest_only_with_trigger.py
[2021-10-24 22:55:44,319] {processor.py:632} INFO - DAG(s) dict_keys(['latest_only_with_trigger']) retrieved from /home/airflow/.local/lib/python3.6/site-packages/airflow/example_dags/example_latest_only_with_trigger.py
[2021-10-24 22:55:44,329] {logging_mixin.py:109} INFO - [2021-10-24 22:55:44,329] {dag.py:2389} INFO - Sync 1 DAGs
[2021-10-24 22:55:44,344] {logging_mixin.py:109} INFO - [2021-10-24 22:55:44,344] {dag.py:2914} INFO - Setting next_dagrun for latest_only_with_trigger to 2021-10-24T18:55:44.343782+00:00
[2021-10-24 22:55:44,351] {processor.py:171} INFO - Processing /home/airflow/.local/lib/python3.6/site-packages/airflow/example_dags/example_latest_only_with_trigger.py took 0.061 seconds
[2021-10-24 22:56:14,764] {processor.py:163} INFO - Started process (PID=190) to work on /home/airflow/.local/lib/python3.6/site-packages/airflow/example_dags/example_latest_only_with_trigger.py
[2021-10-24 22:56:14,765] {processor.py:620} INFO - Processing file /home/airflow/.local/lib/python3.6/site-packages/airflow/example_dags/example_latest_only_with_trigger.py for tasks to queue
[2021-10-24 22:56:14,765] {logging_mixin.py:109} INFO - [2021-10-24 22:56:14,765] {dagbag.py:500} INFO - Filling up the DagBag from /home/airflow/.local/lib/python3.6/site-packages/airflow/example_dags/example_latest_only_with_trigger.py
[2021-10-24 22:56:14,791] {processor.py:632} INFO - DAG(s) dict_keys(['latest_only_with_trigger']) retrieved from /home/airflow/.local/lib/python3.6/site-packages/airflow/example_dags/example_latest_only_with_trigger.py
[2021-10-24 22:56:14,805] {logging_mixin.py:109} INFO - [2021-10-24 22:56:14,805] {dag.py:2389} INFO - Sync 1 DAGs
[2021-10-24 22:56:14,821] {logging_mixin.py:109} INFO - [2021-10-24 22:56:14,821] {dag.py:2914} INFO - Setting next_dagrun for latest_only_with_trigger to 2021-10-24T18:56:14.821493+00:00
[2021-10-24 22:56:14,831] {processor.py:171} INFO - Processing /home/airflow/.local/lib/python3.6/site-packages/airflow/example_dags/example_latest_only_with_trigger.py took 0.070 seconds
[2021-10-24 22:57:26,515] {processor.py:163} INFO - Started process (PID=59) to work on /home/airflow/.local/lib/python3.6/site-packages/airflow/example_dags/example_latest_only_with_trigger.py
[2021-10-24 22:57:26,516] {processor.py:620} INFO - Processing file /home/airflow/.local/lib/python3.6/site-packages/airflow/example_dags/example_latest_only_with_trigger.py for tasks to queue
[2021-10-24 22:57:26,517] {logging_mixin.py:109} INFO - [2021-10-24 22:57:26,517] {dagbag.py:500} INFO - Filling up the DagBag from /home/airflow/.local/lib/python3.6/site-packages/airflow/example_dags/example_latest_only_with_trigger.py
[2021-10-24 22:57:26,548] {processor.py:632} INFO - DAG(s) dict_keys(['latest_only_with_trigger']) retrieved from /home/airflow/.local/lib/python3.6/site-packages/airflow/example_dags/example_latest_only_with_trigger.py
[2021-10-24 22:57:26,564] {logging_mixin.py:109} INFO - [2021-10-24 22:57:26,564] {dag.py:2389} INFO - Sync 1 DAGs
[2021-10-24 22:57:26,583] {logging_mixin.py:109} INFO - [2021-10-24 22:57:26,583] {dag.py:2914} INFO - Setting next_dagrun for latest_only_with_trigger to 2021-10-24T18:57:26.583338+00:00
[2021-10-24 22:57:26,594] {processor.py:171} INFO - Processing /home/airflow/.local/lib/python3.6/site-packages/airflow/example_dags/example_latest_only_with_trigger.py took 0.083 seconds
[2021-10-24 22:57:57,285] {processor.py:163} INFO - Started process (PID=115) to work on /home/airflow/.local/lib/python3.6/site-packages/airflow/example_dags/example_latest_only_with_trigger.py
[2021-10-24 22:57:57,290] {processor.py:620} INFO - Processing file /home/airflow/.local/lib/python3.6/site-packages/airflow/example_dags/example_latest_only_with_trigger.py for tasks to queue
[2021-10-24 22:57:57,291] {logging_mixin.py:109} INFO - [2021-10-24 22:57:57,291] {dagbag.py:500} INFO - Filling up the DagBag from /home/airflow/.local/lib/python3.6/site-packages/airflow/example_dags/example_latest_only_with_trigger.py
[2021-10-24 22:57:57,316] {processor.py:632} INFO - DAG(s) dict_keys(['latest_only_with_trigger']) retrieved from /home/airflow/.local/lib/python3.6/site-packages/airflow/example_dags/example_latest_only_with_trigger.py
[2021-10-24 22:57:57,327] {logging_mixin.py:109} INFO - [2021-10-24 22:57:57,327] {dag.py:2389} INFO - Sync 1 DAGs
[2021-10-24 22:57:57,366] {logging_mixin.py:109} INFO - [2021-10-24 22:57:57,365] {dag.py:2914} INFO - Setting next_dagrun for latest_only_with_trigger to 2021-10-24T18:57:57.365713+00:00
[2021-10-24 22:57:57,375] {processor.py:171} INFO - Processing /home/airflow/.local/lib/python3.6/site-packages/airflow/example_dags/example_latest_only_with_trigger.py took 0.093 seconds
[2021-10-24 22:58:27,979] {processor.py:163} INFO - Started process (PID=190) to work on /home/airflow/.local/lib/python3.6/site-packages/airflow/example_dags/example_latest_only_with_trigger.py
[2021-10-24 22:58:27,980] {processor.py:620} INFO - Processing file /home/airflow/.local/lib/python3.6/site-packages/airflow/example_dags/example_latest_only_with_trigger.py for tasks to queue
[2021-10-24 22:58:27,980] {logging_mixin.py:109} INFO - [2021-10-24 22:58:27,980] {dagbag.py:500} INFO - Filling up the DagBag from /home/airflow/.local/lib/python3.6/site-packages/airflow/example_dags/example_latest_only_with_trigger.py
[2021-10-24 22:58:28,010] {processor.py:632} INFO - DAG(s) dict_keys(['latest_only_with_trigger']) retrieved from /home/airflow/.local/lib/python3.6/site-packages/airflow/example_dags/example_latest_only_with_trigger.py
[2021-10-24 22:58:28,024] {logging_mixin.py:109} INFO - [2021-10-24 22:58:28,024] {dag.py:2389} INFO - Sync 1 DAGs
[2021-10-24 22:58:28,042] {logging_mixin.py:109} INFO - [2021-10-24 22:58:28,042] {dag.py:2914} INFO - Setting next_dagrun for latest_only_with_trigger to 2021-10-24T18:58:28.042516+00:00
[2021-10-24 22:58:28,053] {processor.py:171} INFO - Processing /home/airflow/.local/lib/python3.6/site-packages/airflow/example_dags/example_latest_only_with_trigger.py took 0.077 seconds
[2021-10-24 22:58:58,137] {processor.py:163} INFO - Started process (PID=254) to work on /home/airflow/.local/lib/python3.6/site-packages/airflow/example_dags/example_latest_only_with_trigger.py
[2021-10-24 22:58:58,138] {processor.py:620} INFO - Processing file /home/airflow/.local/lib/python3.6/site-packages/airflow/example_dags/example_latest_only_with_trigger.py for tasks to queue
[2021-10-24 22:58:58,138] {logging_mixin.py:109} INFO - [2021-10-24 22:58:58,138] {dagbag.py:500} INFO - Filling up the DagBag from /home/airflow/.local/lib/python3.6/site-packages/airflow/example_dags/example_latest_only_with_trigger.py
[2021-10-24 22:58:58,167] {processor.py:632} INFO - DAG(s) dict_keys(['latest_only_with_trigger']) retrieved from /home/airflow/.local/lib/python3.6/site-packages/airflow/example_dags/example_latest_only_with_trigger.py
[2021-10-24 22:58:58,181] {logging_mixin.py:109} INFO - [2021-10-24 22:58:58,181] {dag.py:2389} INFO - Sync 1 DAGs
[2021-10-24 22:58:58,201] {logging_mixin.py:109} INFO - [2021-10-24 22:58:58,201] {dag.py:2914} INFO - Setting next_dagrun for latest_only_with_trigger to 2021-10-24T18:58:58.200810+00:00
[2021-10-24 22:58:58,211] {processor.py:171} INFO - Processing /home/airflow/.local/lib/python3.6/site-packages/airflow/example_dags/example_latest_only_with_trigger.py took 0.076 seconds
[2021-10-24 22:59:28,957] {processor.py:163} INFO - Started process (PID=330) to work on /home/airflow/.local/lib/python3.6/site-packages/airflow/example_dags/example_latest_only_with_trigger.py
[2021-10-24 22:59:28,958] {processor.py:620} INFO - Processing file /home/airflow/.local/lib/python3.6/site-packages/airflow/example_dags/example_latest_only_with_trigger.py for tasks to queue
[2021-10-24 22:59:28,959] {logging_mixin.py:109} INFO - [2021-10-24 22:59:28,959] {dagbag.py:500} INFO - Filling up the DagBag from /home/airflow/.local/lib/python3.6/site-packages/airflow/example_dags/example_latest_only_with_trigger.py
[2021-10-24 22:59:28,995] {processor.py:632} INFO - DAG(s) dict_keys(['latest_only_with_trigger']) retrieved from /home/airflow/.local/lib/python3.6/site-packages/airflow/example_dags/example_latest_only_with_trigger.py
[2021-10-24 22:59:29,010] {logging_mixin.py:109} INFO - [2021-10-24 22:59:29,010] {dag.py:2389} INFO - Sync 1 DAGs
[2021-10-24 22:59:29,027] {logging_mixin.py:109} INFO - [2021-10-24 22:59:29,027] {dag.py:2914} INFO - Setting next_dagrun for latest_only_with_trigger to 2021-10-24T18:59:29.026941+00:00
[2021-10-24 22:59:29,036] {processor.py:171} INFO - Processing /home/airflow/.local/lib/python3.6/site-packages/airflow/example_dags/example_latest_only_with_trigger.py took 0.085 seconds
[2021-10-24 23:47:49,075] {processor.py:163} INFO - Started process (PID=59) to work on /home/airflow/.local/lib/python3.6/site-packages/airflow/example_dags/example_latest_only_with_trigger.py
[2021-10-24 23:47:49,077] {processor.py:620} INFO - Processing file /home/airflow/.local/lib/python3.6/site-packages/airflow/example_dags/example_latest_only_with_trigger.py for tasks to queue
[2021-10-24 23:47:49,078] {logging_mixin.py:109} INFO - [2021-10-24 23:47:49,078] {dagbag.py:500} INFO - Filling up the DagBag from /home/airflow/.local/lib/python3.6/site-packages/airflow/example_dags/example_latest_only_with_trigger.py
[2021-10-24 23:47:49,121] {processor.py:632} INFO - DAG(s) dict_keys(['latest_only_with_trigger']) retrieved from /home/airflow/.local/lib/python3.6/site-packages/airflow/example_dags/example_latest_only_with_trigger.py
[2021-10-24 23:47:49,141] {logging_mixin.py:109} INFO - [2021-10-24 23:47:49,141] {dag.py:2389} INFO - Sync 1 DAGs
[2021-10-24 23:47:49,172] {logging_mixin.py:109} INFO - [2021-10-24 23:47:49,172] {dag.py:2914} INFO - Setting next_dagrun for latest_only_with_trigger to 2021-10-24T19:47:49.172267+00:00
[2021-10-24 23:47:49,191] {processor.py:171} INFO - Processing /home/airflow/.local/lib/python3.6/site-packages/airflow/example_dags/example_latest_only_with_trigger.py took 0.120 seconds
[2021-10-24 23:48:19,517] {processor.py:163} INFO - Started process (PID=116) to work on /home/airflow/.local/lib/python3.6/site-packages/airflow/example_dags/example_latest_only_with_trigger.py
[2021-10-24 23:48:19,518] {processor.py:620} INFO - Processing file /home/airflow/.local/lib/python3.6/site-packages/airflow/example_dags/example_latest_only_with_trigger.py for tasks to queue
[2021-10-24 23:48:19,519] {logging_mixin.py:109} INFO - [2021-10-24 23:48:19,519] {dagbag.py:500} INFO - Filling up the DagBag from /home/airflow/.local/lib/python3.6/site-packages/airflow/example_dags/example_latest_only_with_trigger.py
[2021-10-24 23:48:19,562] {processor.py:632} INFO - DAG(s) dict_keys(['latest_only_with_trigger']) retrieved from /home/airflow/.local/lib/python3.6/site-packages/airflow/example_dags/example_latest_only_with_trigger.py
[2021-10-24 23:48:19,592] {logging_mixin.py:109} INFO - [2021-10-24 23:48:19,592] {dag.py:2389} INFO - Sync 1 DAGs
[2021-10-24 23:48:19,632] {logging_mixin.py:109} INFO - [2021-10-24 23:48:19,632] {dag.py:2914} INFO - Setting next_dagrun for latest_only_with_trigger to 2021-10-24T19:48:19.632316+00:00
[2021-10-24 23:48:19,649] {processor.py:171} INFO - Processing /home/airflow/.local/lib/python3.6/site-packages/airflow/example_dags/example_latest_only_with_trigger.py took 0.136 seconds
[2021-10-24 23:48:49,976] {processor.py:163} INFO - Started process (PID=182) to work on /home/airflow/.local/lib/python3.6/site-packages/airflow/example_dags/example_latest_only_with_trigger.py
[2021-10-24 23:48:49,978] {processor.py:620} INFO - Processing file /home/airflow/.local/lib/python3.6/site-packages/airflow/example_dags/example_latest_only_with_trigger.py for tasks to queue
[2021-10-24 23:48:49,979] {logging_mixin.py:109} INFO - [2021-10-24 23:48:49,978] {dagbag.py:500} INFO - Filling up the DagBag from /home/airflow/.local/lib/python3.6/site-packages/airflow/example_dags/example_latest_only_with_trigger.py
[2021-10-24 23:48:50,022] {processor.py:632} INFO - DAG(s) dict_keys(['latest_only_with_trigger']) retrieved from /home/airflow/.local/lib/python3.6/site-packages/airflow/example_dags/example_latest_only_with_trigger.py
[2021-10-24 23:48:50,043] {logging_mixin.py:109} INFO - [2021-10-24 23:48:50,043] {dag.py:2389} INFO - Sync 1 DAGs
[2021-10-24 23:48:50,067] {logging_mixin.py:109} INFO - [2021-10-24 23:48:50,067] {dag.py:2914} INFO - Setting next_dagrun for latest_only_with_trigger to 2021-10-24T19:48:50.066777+00:00
[2021-10-24 23:48:50,082] {processor.py:171} INFO - Processing /home/airflow/.local/lib/python3.6/site-packages/airflow/example_dags/example_latest_only_with_trigger.py took 0.112 seconds
[2021-10-24 23:49:20,350] {processor.py:163} INFO - Started process (PID=247) to work on /home/airflow/.local/lib/python3.6/site-packages/airflow/example_dags/example_latest_only_with_trigger.py
[2021-10-24 23:49:20,353] {processor.py:620} INFO - Processing file /home/airflow/.local/lib/python3.6/site-packages/airflow/example_dags/example_latest_only_with_trigger.py for tasks to queue
[2021-10-24 23:49:20,354] {logging_mixin.py:109} INFO - [2021-10-24 23:49:20,354] {dagbag.py:500} INFO - Filling up the DagBag from /home/airflow/.local/lib/python3.6/site-packages/airflow/example_dags/example_latest_only_with_trigger.py
[2021-10-24 23:49:20,397] {processor.py:632} INFO - DAG(s) dict_keys(['latest_only_with_trigger']) retrieved from /home/airflow/.local/lib/python3.6/site-packages/airflow/example_dags/example_latest_only_with_trigger.py
[2021-10-24 23:49:20,416] {logging_mixin.py:109} INFO - [2021-10-24 23:49:20,416] {dag.py:2389} INFO - Sync 1 DAGs
[2021-10-24 23:49:20,438] {logging_mixin.py:109} INFO - [2021-10-24 23:49:20,438] {dag.py:2914} INFO - Setting next_dagrun for latest_only_with_trigger to 2021-10-24T19:49:20.438514+00:00
[2021-10-24 23:49:20,457] {processor.py:171} INFO - Processing /home/airflow/.local/lib/python3.6/site-packages/airflow/example_dags/example_latest_only_with_trigger.py took 0.112 seconds
[2021-10-24 23:49:50,708] {processor.py:163} INFO - Started process (PID=311) to work on /home/airflow/.local/lib/python3.6/site-packages/airflow/example_dags/example_latest_only_with_trigger.py
[2021-10-24 23:49:50,710] {processor.py:620} INFO - Processing file /home/airflow/.local/lib/python3.6/site-packages/airflow/example_dags/example_latest_only_with_trigger.py for tasks to queue
[2021-10-24 23:49:50,712] {logging_mixin.py:109} INFO - [2021-10-24 23:49:50,711] {dagbag.py:500} INFO - Filling up the DagBag from /home/airflow/.local/lib/python3.6/site-packages/airflow/example_dags/example_latest_only_with_trigger.py
[2021-10-24 23:49:50,799] {processor.py:632} INFO - DAG(s) dict_keys(['latest_only_with_trigger']) retrieved from /home/airflow/.local/lib/python3.6/site-packages/airflow/example_dags/example_latest_only_with_trigger.py
[2021-10-24 23:49:50,829] {logging_mixin.py:109} INFO - [2021-10-24 23:49:50,829] {dag.py:2389} INFO - Sync 1 DAGs
[2021-10-24 23:49:50,892] {logging_mixin.py:109} INFO - [2021-10-24 23:49:50,892] {dag.py:2914} INFO - Setting next_dagrun for latest_only_with_trigger to 2021-10-24T19:49:50.891605+00:00
[2021-10-24 23:49:50,909] {processor.py:171} INFO - Processing /home/airflow/.local/lib/python3.6/site-packages/airflow/example_dags/example_latest_only_with_trigger.py took 0.206 seconds
[2021-10-24 23:50:21,214] {processor.py:163} INFO - Started process (PID=375) to work on /home/airflow/.local/lib/python3.6/site-packages/airflow/example_dags/example_latest_only_with_trigger.py
[2021-10-24 23:50:21,216] {processor.py:620} INFO - Processing file /home/airflow/.local/lib/python3.6/site-packages/airflow/example_dags/example_latest_only_with_trigger.py for tasks to queue
[2021-10-24 23:50:21,217] {logging_mixin.py:109} INFO - [2021-10-24 23:50:21,216] {dagbag.py:500} INFO - Filling up the DagBag from /home/airflow/.local/lib/python3.6/site-packages/airflow/example_dags/example_latest_only_with_trigger.py
[2021-10-24 23:50:21,271] {processor.py:632} INFO - DAG(s) dict_keys(['latest_only_with_trigger']) retrieved from /home/airflow/.local/lib/python3.6/site-packages/airflow/example_dags/example_latest_only_with_trigger.py
[2021-10-24 23:50:21,300] {logging_mixin.py:109} INFO - [2021-10-24 23:50:21,300] {dag.py:2389} INFO - Sync 1 DAGs
[2021-10-24 23:50:21,340] {logging_mixin.py:109} INFO - [2021-10-24 23:50:21,340] {dag.py:2914} INFO - Setting next_dagrun for latest_only_with_trigger to 2021-10-24T19:50:21.340220+00:00
[2021-10-24 23:50:21,357] {processor.py:171} INFO - Processing /home/airflow/.local/lib/python3.6/site-packages/airflow/example_dags/example_latest_only_with_trigger.py took 0.169 seconds
[2021-10-24 23:50:51,738] {processor.py:163} INFO - Started process (PID=451) to work on /home/airflow/.local/lib/python3.6/site-packages/airflow/example_dags/example_latest_only_with_trigger.py
[2021-10-24 23:50:51,740] {processor.py:620} INFO - Processing file /home/airflow/.local/lib/python3.6/site-packages/airflow/example_dags/example_latest_only_with_trigger.py for tasks to queue
[2021-10-24 23:50:51,742] {logging_mixin.py:109} INFO - [2021-10-24 23:50:51,741] {dagbag.py:500} INFO - Filling up the DagBag from /home/airflow/.local/lib/python3.6/site-packages/airflow/example_dags/example_latest_only_with_trigger.py
[2021-10-24 23:50:51,809] {processor.py:632} INFO - DAG(s) dict_keys(['latest_only_with_trigger']) retrieved from /home/airflow/.local/lib/python3.6/site-packages/airflow/example_dags/example_latest_only_with_trigger.py
[2021-10-24 23:50:51,839] {logging_mixin.py:109} INFO - [2021-10-24 23:50:51,839] {dag.py:2389} INFO - Sync 1 DAGs
[2021-10-24 23:50:51,902] {logging_mixin.py:109} INFO - [2021-10-24 23:50:51,901] {dag.py:2914} INFO - Setting next_dagrun for latest_only_with_trigger to 2021-10-24T19:50:51.901332+00:00
[2021-10-24 23:50:51,921] {processor.py:171} INFO - Processing /home/airflow/.local/lib/python3.6/site-packages/airflow/example_dags/example_latest_only_with_trigger.py took 0.189 seconds
[2021-10-24 23:51:22,709] {processor.py:163} INFO - Started process (PID=522) to work on /home/airflow/.local/lib/python3.6/site-packages/airflow/example_dags/example_latest_only_with_trigger.py
[2021-10-24 23:51:22,710] {processor.py:620} INFO - Processing file /home/airflow/.local/lib/python3.6/site-packages/airflow/example_dags/example_latest_only_with_trigger.py for tasks to queue
[2021-10-24 23:51:22,711] {logging_mixin.py:109} INFO - [2021-10-24 23:51:22,711] {dagbag.py:500} INFO - Filling up the DagBag from /home/airflow/.local/lib/python3.6/site-packages/airflow/example_dags/example_latest_only_with_trigger.py
[2021-10-24 23:51:22,768] {processor.py:632} INFO - DAG(s) dict_keys(['latest_only_with_trigger']) retrieved from /home/airflow/.local/lib/python3.6/site-packages/airflow/example_dags/example_latest_only_with_trigger.py
[2021-10-24 23:51:22,788] {logging_mixin.py:109} INFO - [2021-10-24 23:51:22,787] {dag.py:2389} INFO - Sync 1 DAGs
[2021-10-24 23:51:22,818] {logging_mixin.py:109} INFO - [2021-10-24 23:51:22,817] {dag.py:2914} INFO - Setting next_dagrun for latest_only_with_trigger to 2021-10-24T19:51:22.817521+00:00
[2021-10-24 23:51:22,843] {processor.py:171} INFO - Processing /home/airflow/.local/lib/python3.6/site-packages/airflow/example_dags/example_latest_only_with_trigger.py took 0.144 seconds
[2021-10-24 23:51:53,701] {processor.py:163} INFO - Started process (PID=586) to work on /home/airflow/.local/lib/python3.6/site-packages/airflow/example_dags/example_latest_only_with_trigger.py
[2021-10-24 23:51:53,703] {processor.py:620} INFO - Processing file /home/airflow/.local/lib/python3.6/site-packages/airflow/example_dags/example_latest_only_with_trigger.py for tasks to queue
[2021-10-24 23:51:53,704] {logging_mixin.py:109} INFO - [2021-10-24 23:51:53,704] {dagbag.py:500} INFO - Filling up the DagBag from /home/airflow/.local/lib/python3.6/site-packages/airflow/example_dags/example_latest_only_with_trigger.py
[2021-10-24 23:51:53,747] {processor.py:632} INFO - DAG(s) dict_keys(['latest_only_with_trigger']) retrieved from /home/airflow/.local/lib/python3.6/site-packages/airflow/example_dags/example_latest_only_with_trigger.py
[2021-10-24 23:51:53,763] {logging_mixin.py:109} INFO - [2021-10-24 23:51:53,763] {dag.py:2389} INFO - Sync 1 DAGs
[2021-10-24 23:51:53,788] {logging_mixin.py:109} INFO - [2021-10-24 23:51:53,788] {dag.py:2914} INFO - Setting next_dagrun for latest_only_with_trigger to 2021-10-24T19:51:53.788535+00:00
[2021-10-24 23:51:53,801] {processor.py:171} INFO - Processing /home/airflow/.local/lib/python3.6/site-packages/airflow/example_dags/example_latest_only_with_trigger.py took 0.103 seconds
[2021-10-24 23:52:24,477] {processor.py:163} INFO - Started process (PID=650) to work on /home/airflow/.local/lib/python3.6/site-packages/airflow/example_dags/example_latest_only_with_trigger.py
[2021-10-24 23:52:24,478] {processor.py:620} INFO - Processing file /home/airflow/.local/lib/python3.6/site-packages/airflow/example_dags/example_latest_only_with_trigger.py for tasks to queue
[2021-10-24 23:52:24,479] {logging_mixin.py:109} INFO - [2021-10-24 23:52:24,479] {dagbag.py:500} INFO - Filling up the DagBag from /home/airflow/.local/lib/python3.6/site-packages/airflow/example_dags/example_latest_only_with_trigger.py
[2021-10-24 23:52:24,524] {processor.py:632} INFO - DAG(s) dict_keys(['latest_only_with_trigger']) retrieved from /home/airflow/.local/lib/python3.6/site-packages/airflow/example_dags/example_latest_only_with_trigger.py
[2021-10-24 23:52:24,540] {logging_mixin.py:109} INFO - [2021-10-24 23:52:24,540] {dag.py:2389} INFO - Sync 1 DAGs
[2021-10-24 23:52:24,565] {logging_mixin.py:109} INFO - [2021-10-24 23:52:24,565] {dag.py:2914} INFO - Setting next_dagrun for latest_only_with_trigger to 2021-10-24T19:52:24.565230+00:00
[2021-10-24 23:52:24,584] {processor.py:171} INFO - Processing /home/airflow/.local/lib/python3.6/site-packages/airflow/example_dags/example_latest_only_with_trigger.py took 0.113 seconds
[2021-10-24 23:52:54,935] {processor.py:163} INFO - Started process (PID=715) to work on /home/airflow/.local/lib/python3.6/site-packages/airflow/example_dags/example_latest_only_with_trigger.py
[2021-10-24 23:52:54,936] {processor.py:620} INFO - Processing file /home/airflow/.local/lib/python3.6/site-packages/airflow/example_dags/example_latest_only_with_trigger.py for tasks to queue
[2021-10-24 23:52:54,937] {logging_mixin.py:109} INFO - [2021-10-24 23:52:54,937] {dagbag.py:500} INFO - Filling up the DagBag from /home/airflow/.local/lib/python3.6/site-packages/airflow/example_dags/example_latest_only_with_trigger.py
[2021-10-24 23:52:54,990] {processor.py:632} INFO - DAG(s) dict_keys(['latest_only_with_trigger']) retrieved from /home/airflow/.local/lib/python3.6/site-packages/airflow/example_dags/example_latest_only_with_trigger.py
[2021-10-24 23:52:55,004] {logging_mixin.py:109} INFO - [2021-10-24 23:52:55,003] {dag.py:2389} INFO - Sync 1 DAGs
[2021-10-24 23:52:55,035] {logging_mixin.py:109} INFO - [2021-10-24 23:52:55,035] {dag.py:2914} INFO - Setting next_dagrun for latest_only_with_trigger to 2021-10-24T19:52:55.035125+00:00
[2021-10-24 23:52:55,057] {processor.py:171} INFO - Processing /home/airflow/.local/lib/python3.6/site-packages/airflow/example_dags/example_latest_only_with_trigger.py took 0.126 seconds
[2021-10-24 23:53:26,053] {processor.py:163} INFO - Started process (PID=780) to work on /home/airflow/.local/lib/python3.6/site-packages/airflow/example_dags/example_latest_only_with_trigger.py
[2021-10-24 23:53:26,055] {processor.py:620} INFO - Processing file /home/airflow/.local/lib/python3.6/site-packages/airflow/example_dags/example_latest_only_with_trigger.py for tasks to queue
[2021-10-24 23:53:26,056] {logging_mixin.py:109} INFO - [2021-10-24 23:53:26,056] {dagbag.py:500} INFO - Filling up the DagBag from /home/airflow/.local/lib/python3.6/site-packages/airflow/example_dags/example_latest_only_with_trigger.py
[2021-10-24 23:53:26,097] {processor.py:632} INFO - DAG(s) dict_keys(['latest_only_with_trigger']) retrieved from /home/airflow/.local/lib/python3.6/site-packages/airflow/example_dags/example_latest_only_with_trigger.py
[2021-10-24 23:53:26,116] {logging_mixin.py:109} INFO - [2021-10-24 23:53:26,115] {dag.py:2389} INFO - Sync 1 DAGs
[2021-10-24 23:53:26,141] {logging_mixin.py:109} INFO - [2021-10-24 23:53:26,141] {dag.py:2914} INFO - Setting next_dagrun for latest_only_with_trigger to 2021-10-24T19:53:26.141122+00:00
[2021-10-24 23:53:26,157] {processor.py:171} INFO - Processing /home/airflow/.local/lib/python3.6/site-packages/airflow/example_dags/example_latest_only_with_trigger.py took 0.108 seconds
[2021-10-24 23:53:56,892] {processor.py:163} INFO - Started process (PID=844) to work on /home/airflow/.local/lib/python3.6/site-packages/airflow/example_dags/example_latest_only_with_trigger.py
[2021-10-24 23:53:56,894] {processor.py:620} INFO - Processing file /home/airflow/.local/lib/python3.6/site-packages/airflow/example_dags/example_latest_only_with_trigger.py for tasks to queue
[2021-10-24 23:53:56,894] {logging_mixin.py:109} INFO - [2021-10-24 23:53:56,894] {dagbag.py:500} INFO - Filling up the DagBag from /home/airflow/.local/lib/python3.6/site-packages/airflow/example_dags/example_latest_only_with_trigger.py
[2021-10-24 23:53:56,932] {processor.py:632} INFO - DAG(s) dict_keys(['latest_only_with_trigger']) retrieved from /home/airflow/.local/lib/python3.6/site-packages/airflow/example_dags/example_latest_only_with_trigger.py
[2021-10-24 23:53:56,952] {logging_mixin.py:109} INFO - [2021-10-24 23:53:56,952] {dag.py:2389} INFO - Sync 1 DAGs
[2021-10-24 23:53:56,979] {logging_mixin.py:109} INFO - [2021-10-24 23:53:56,979] {dag.py:2914} INFO - Setting next_dagrun for latest_only_with_trigger to 2021-10-24T19:53:56.979290+00:00
[2021-10-24 23:53:56,997] {processor.py:171} INFO - Processing /home/airflow/.local/lib/python3.6/site-packages/airflow/example_dags/example_latest_only_with_trigger.py took 0.110 seconds
[2021-10-24 23:54:27,202] {processor.py:163} INFO - Started process (PID=914) to work on /home/airflow/.local/lib/python3.6/site-packages/airflow/example_dags/example_latest_only_with_trigger.py
[2021-10-24 23:54:27,203] {processor.py:620} INFO - Processing file /home/airflow/.local/lib/python3.6/site-packages/airflow/example_dags/example_latest_only_with_trigger.py for tasks to queue
[2021-10-24 23:54:27,204] {logging_mixin.py:109} INFO - [2021-10-24 23:54:27,203] {dagbag.py:500} INFO - Filling up the DagBag from /home/airflow/.local/lib/python3.6/site-packages/airflow/example_dags/example_latest_only_with_trigger.py
[2021-10-24 23:54:27,229] {processor.py:632} INFO - DAG(s) dict_keys(['latest_only_with_trigger']) retrieved from /home/airflow/.local/lib/python3.6/site-packages/airflow/example_dags/example_latest_only_with_trigger.py
[2021-10-24 23:54:27,241] {logging_mixin.py:109} INFO - [2021-10-24 23:54:27,241] {dag.py:2389} INFO - Sync 1 DAGs
[2021-10-24 23:54:27,257] {logging_mixin.py:109} INFO - [2021-10-24 23:54:27,257] {dag.py:2914} INFO - Setting next_dagrun for latest_only_with_trigger to 2021-10-24T19:54:27.257326+00:00
[2021-10-24 23:54:27,274] {processor.py:171} INFO - Processing /home/airflow/.local/lib/python3.6/site-packages/airflow/example_dags/example_latest_only_with_trigger.py took 0.074 seconds
[2021-10-24 23:54:57,523] {processor.py:163} INFO - Started process (PID=989) to work on /home/airflow/.local/lib/python3.6/site-packages/airflow/example_dags/example_latest_only_with_trigger.py
[2021-10-24 23:54:57,525] {processor.py:620} INFO - Processing file /home/airflow/.local/lib/python3.6/site-packages/airflow/example_dags/example_latest_only_with_trigger.py for tasks to queue
[2021-10-24 23:54:57,526] {logging_mixin.py:109} INFO - [2021-10-24 23:54:57,526] {dagbag.py:500} INFO - Filling up the DagBag from /home/airflow/.local/lib/python3.6/site-packages/airflow/example_dags/example_latest_only_with_trigger.py
[2021-10-24 23:54:57,570] {processor.py:632} INFO - DAG(s) dict_keys(['latest_only_with_trigger']) retrieved from /home/airflow/.local/lib/python3.6/site-packages/airflow/example_dags/example_latest_only_with_trigger.py
[2021-10-24 23:54:57,590] {logging_mixin.py:109} INFO - [2021-10-24 23:54:57,590] {dag.py:2389} INFO - Sync 1 DAGs
[2021-10-24 23:54:57,619] {logging_mixin.py:109} INFO - [2021-10-24 23:54:57,618] {dag.py:2914} INFO - Setting next_dagrun for latest_only_with_trigger to 2021-10-24T19:54:57.618398+00:00
[2021-10-24 23:54:57,635] {processor.py:171} INFO - Processing /home/airflow/.local/lib/python3.6/site-packages/airflow/example_dags/example_latest_only_with_trigger.py took 0.117 seconds
[2021-10-24 23:55:27,659] {processor.py:163} INFO - Started process (PID=1053) to work on /home/airflow/.local/lib/python3.6/site-packages/airflow/example_dags/example_latest_only_with_trigger.py
[2021-10-24 23:55:27,660] {processor.py:620} INFO - Processing file /home/airflow/.local/lib/python3.6/site-packages/airflow/example_dags/example_latest_only_with_trigger.py for tasks to queue
[2021-10-24 23:55:27,661] {logging_mixin.py:109} INFO - [2021-10-24 23:55:27,661] {dagbag.py:500} INFO - Filling up the DagBag from /home/airflow/.local/lib/python3.6/site-packages/airflow/example_dags/example_latest_only_with_trigger.py
[2021-10-24 23:55:27,697] {processor.py:632} INFO - DAG(s) dict_keys(['latest_only_with_trigger']) retrieved from /home/airflow/.local/lib/python3.6/site-packages/airflow/example_dags/example_latest_only_with_trigger.py
[2021-10-24 23:55:27,717] {logging_mixin.py:109} INFO - [2021-10-24 23:55:27,717] {dag.py:2389} INFO - Sync 1 DAGs
[2021-10-24 23:55:27,742] {logging_mixin.py:109} INFO - [2021-10-24 23:55:27,741] {dag.py:2914} INFO - Setting next_dagrun for latest_only_with_trigger to 2021-10-24T19:55:27.741528+00:00
[2021-10-24 23:55:27,759] {processor.py:171} INFO - Processing /home/airflow/.local/lib/python3.6/site-packages/airflow/example_dags/example_latest_only_with_trigger.py took 0.103 seconds
[2021-10-24 23:55:58,679] {processor.py:163} INFO - Started process (PID=1127) to work on /home/airflow/.local/lib/python3.6/site-packages/airflow/example_dags/example_latest_only_with_trigger.py
[2021-10-24 23:55:58,680] {processor.py:620} INFO - Processing file /home/airflow/.local/lib/python3.6/site-packages/airflow/example_dags/example_latest_only_with_trigger.py for tasks to queue
[2021-10-24 23:55:58,680] {logging_mixin.py:109} INFO - [2021-10-24 23:55:58,680] {dagbag.py:500} INFO - Filling up the DagBag from /home/airflow/.local/lib/python3.6/site-packages/airflow/example_dags/example_latest_only_with_trigger.py
[2021-10-24 23:55:58,704] {processor.py:632} INFO - DAG(s) dict_keys(['latest_only_with_trigger']) retrieved from /home/airflow/.local/lib/python3.6/site-packages/airflow/example_dags/example_latest_only_with_trigger.py
[2021-10-24 23:55:58,714] {logging_mixin.py:109} INFO - [2021-10-24 23:55:58,714] {dag.py:2389} INFO - Sync 1 DAGs
[2021-10-24 23:55:58,728] {logging_mixin.py:109} INFO - [2021-10-24 23:55:58,728] {dag.py:2914} INFO - Setting next_dagrun for latest_only_with_trigger to 2021-10-24T19:55:58.728193+00:00
[2021-10-24 23:55:58,736] {processor.py:171} INFO - Processing /home/airflow/.local/lib/python3.6/site-packages/airflow/example_dags/example_latest_only_with_trigger.py took 0.060 seconds
[2021-10-24 23:56:29,122] {processor.py:163} INFO - Started process (PID=1192) to work on /home/airflow/.local/lib/python3.6/site-packages/airflow/example_dags/example_latest_only_with_trigger.py
[2021-10-24 23:56:29,123] {processor.py:620} INFO - Processing file /home/airflow/.local/lib/python3.6/site-packages/airflow/example_dags/example_latest_only_with_trigger.py for tasks to queue
[2021-10-24 23:56:29,124] {logging_mixin.py:109} INFO - [2021-10-24 23:56:29,123] {dagbag.py:500} INFO - Filling up the DagBag from /home/airflow/.local/lib/python3.6/site-packages/airflow/example_dags/example_latest_only_with_trigger.py
[2021-10-24 23:56:29,146] {processor.py:632} INFO - DAG(s) dict_keys(['latest_only_with_trigger']) retrieved from /home/airflow/.local/lib/python3.6/site-packages/airflow/example_dags/example_latest_only_with_trigger.py
[2021-10-24 23:56:29,156] {logging_mixin.py:109} INFO - [2021-10-24 23:56:29,156] {dag.py:2389} INFO - Sync 1 DAGs
[2021-10-24 23:56:29,171] {logging_mixin.py:109} INFO - [2021-10-24 23:56:29,170] {dag.py:2914} INFO - Setting next_dagrun for latest_only_with_trigger to 2021-10-24T19:56:29.170713+00:00
[2021-10-24 23:56:29,179] {processor.py:171} INFO - Processing /home/airflow/.local/lib/python3.6/site-packages/airflow/example_dags/example_latest_only_with_trigger.py took 0.059 seconds
[2021-10-24 23:56:59,442] {processor.py:163} INFO - Started process (PID=1256) to work on /home/airflow/.local/lib/python3.6/site-packages/airflow/example_dags/example_latest_only_with_trigger.py
[2021-10-24 23:56:59,445] {processor.py:620} INFO - Processing file /home/airflow/.local/lib/python3.6/site-packages/airflow/example_dags/example_latest_only_with_trigger.py for tasks to queue
[2021-10-24 23:56:59,446] {logging_mixin.py:109} INFO - [2021-10-24 23:56:59,446] {dagbag.py:500} INFO - Filling up the DagBag from /home/airflow/.local/lib/python3.6/site-packages/airflow/example_dags/example_latest_only_with_trigger.py
[2021-10-24 23:56:59,473] {processor.py:632} INFO - DAG(s) dict_keys(['latest_only_with_trigger']) retrieved from /home/airflow/.local/lib/python3.6/site-packages/airflow/example_dags/example_latest_only_with_trigger.py
[2021-10-24 23:56:59,487] {logging_mixin.py:109} INFO - [2021-10-24 23:56:59,486] {dag.py:2389} INFO - Sync 1 DAGs
[2021-10-24 23:56:59,501] {logging_mixin.py:109} INFO - [2021-10-24 23:56:59,500] {dag.py:2914} INFO - Setting next_dagrun for latest_only_with_trigger to 2021-10-24T19:56:59.500775+00:00
[2021-10-24 23:56:59,509] {processor.py:171} INFO - Processing /home/airflow/.local/lib/python3.6/site-packages/airflow/example_dags/example_latest_only_with_trigger.py took 0.070 seconds
[2021-10-24 23:57:30,210] {processor.py:163} INFO - Started process (PID=1331) to work on /home/airflow/.local/lib/python3.6/site-packages/airflow/example_dags/example_latest_only_with_trigger.py
[2021-10-24 23:57:30,212] {processor.py:620} INFO - Processing file /home/airflow/.local/lib/python3.6/site-packages/airflow/example_dags/example_latest_only_with_trigger.py for tasks to queue
[2021-10-24 23:57:30,214] {logging_mixin.py:109} INFO - [2021-10-24 23:57:30,214] {dagbag.py:500} INFO - Filling up the DagBag from /home/airflow/.local/lib/python3.6/site-packages/airflow/example_dags/example_latest_only_with_trigger.py
[2021-10-24 23:57:30,249] {processor.py:632} INFO - DAG(s) dict_keys(['latest_only_with_trigger']) retrieved from /home/airflow/.local/lib/python3.6/site-packages/airflow/example_dags/example_latest_only_with_trigger.py
[2021-10-24 23:57:30,260] {logging_mixin.py:109} INFO - [2021-10-24 23:57:30,260] {dag.py:2389} INFO - Sync 1 DAGs
[2021-10-24 23:57:30,277] {logging_mixin.py:109} INFO - [2021-10-24 23:57:30,276] {dag.py:2914} INFO - Setting next_dagrun for latest_only_with_trigger to 2021-10-24T19:57:30.276712+00:00
[2021-10-24 23:57:30,398] {processor.py:171} INFO - Processing /home/airflow/.local/lib/python3.6/site-packages/airflow/example_dags/example_latest_only_with_trigger.py took 0.195 seconds
[2021-10-24 23:58:00,474] {processor.py:163} INFO - Started process (PID=1397) to work on /home/airflow/.local/lib/python3.6/site-packages/airflow/example_dags/example_latest_only_with_trigger.py
[2021-10-24 23:58:00,476] {processor.py:620} INFO - Processing file /home/airflow/.local/lib/python3.6/site-packages/airflow/example_dags/example_latest_only_with_trigger.py for tasks to queue
[2021-10-24 23:58:00,477] {logging_mixin.py:109} INFO - [2021-10-24 23:58:00,477] {dagbag.py:500} INFO - Filling up the DagBag from /home/airflow/.local/lib/python3.6/site-packages/airflow/example_dags/example_latest_only_with_trigger.py
[2021-10-24 23:58:00,517] {processor.py:632} INFO - DAG(s) dict_keys(['latest_only_with_trigger']) retrieved from /home/airflow/.local/lib/python3.6/site-packages/airflow/example_dags/example_latest_only_with_trigger.py
[2021-10-24 23:58:00,537] {logging_mixin.py:109} INFO - [2021-10-24 23:58:00,537] {dag.py:2389} INFO - Sync 1 DAGs
[2021-10-24 23:58:00,563] {logging_mixin.py:109} INFO - [2021-10-24 23:58:00,563] {dag.py:2914} INFO - Setting next_dagrun for latest_only_with_trigger to 2021-10-24T19:58:00.562496+00:00
[2021-10-24 23:58:00,578] {processor.py:171} INFO - Processing /home/airflow/.local/lib/python3.6/site-packages/airflow/example_dags/example_latest_only_with_trigger.py took 0.111 seconds
[2021-10-24 23:58:30,749] {processor.py:163} INFO - Started process (PID=1464) to work on /home/airflow/.local/lib/python3.6/site-packages/airflow/example_dags/example_latest_only_with_trigger.py
[2021-10-24 23:58:30,750] {processor.py:620} INFO - Processing file /home/airflow/.local/lib/python3.6/site-packages/airflow/example_dags/example_latest_only_with_trigger.py for tasks to queue
[2021-10-24 23:58:30,750] {logging_mixin.py:109} INFO - [2021-10-24 23:58:30,750] {dagbag.py:500} INFO - Filling up the DagBag from /home/airflow/.local/lib/python3.6/site-packages/airflow/example_dags/example_latest_only_with_trigger.py
[2021-10-24 23:58:30,773] {processor.py:632} INFO - DAG(s) dict_keys(['latest_only_with_trigger']) retrieved from /home/airflow/.local/lib/python3.6/site-packages/airflow/example_dags/example_latest_only_with_trigger.py
[2021-10-24 23:58:30,785] {logging_mixin.py:109} INFO - [2021-10-24 23:58:30,785] {dag.py:2389} INFO - Sync 1 DAGs
[2021-10-24 23:58:30,801] {logging_mixin.py:109} INFO - [2021-10-24 23:58:30,801] {dag.py:2914} INFO - Setting next_dagrun for latest_only_with_trigger to 2021-10-24T19:58:30.801316+00:00
[2021-10-24 23:58:30,809] {processor.py:171} INFO - Processing /home/airflow/.local/lib/python3.6/site-packages/airflow/example_dags/example_latest_only_with_trigger.py took 0.064 seconds
[2021-10-24 23:59:01,265] {processor.py:163} INFO - Started process (PID=1540) to work on /home/airflow/.local/lib/python3.6/site-packages/airflow/example_dags/example_latest_only_with_trigger.py
[2021-10-24 23:59:01,266] {processor.py:620} INFO - Processing file /home/airflow/.local/lib/python3.6/site-packages/airflow/example_dags/example_latest_only_with_trigger.py for tasks to queue
[2021-10-24 23:59:01,267] {logging_mixin.py:109} INFO - [2021-10-24 23:59:01,267] {dagbag.py:500} INFO - Filling up the DagBag from /home/airflow/.local/lib/python3.6/site-packages/airflow/example_dags/example_latest_only_with_trigger.py
[2021-10-24 23:59:01,298] {processor.py:632} INFO - DAG(s) dict_keys(['latest_only_with_trigger']) retrieved from /home/airflow/.local/lib/python3.6/site-packages/airflow/example_dags/example_latest_only_with_trigger.py
[2021-10-24 23:59:01,309] {logging_mixin.py:109} INFO - [2021-10-24 23:59:01,309] {dag.py:2389} INFO - Sync 1 DAGs
[2021-10-24 23:59:01,330] {logging_mixin.py:109} INFO - [2021-10-24 23:59:01,330] {dag.py:2914} INFO - Setting next_dagrun for latest_only_with_trigger to 2021-10-24T19:59:01.329902+00:00
[2021-10-24 23:59:01,340] {processor.py:171} INFO - Processing /home/airflow/.local/lib/python3.6/site-packages/airflow/example_dags/example_latest_only_with_trigger.py took 0.078 seconds
[2021-10-24 23:59:31,613] {processor.py:163} INFO - Started process (PID=1606) to work on /home/airflow/.local/lib/python3.6/site-packages/airflow/example_dags/example_latest_only_with_trigger.py
[2021-10-24 23:59:31,614] {processor.py:620} INFO - Processing file /home/airflow/.local/lib/python3.6/site-packages/airflow/example_dags/example_latest_only_with_trigger.py for tasks to queue
[2021-10-24 23:59:31,615] {logging_mixin.py:109} INFO - [2021-10-24 23:59:31,615] {dagbag.py:500} INFO - Filling up the DagBag from /home/airflow/.local/lib/python3.6/site-packages/airflow/example_dags/example_latest_only_with_trigger.py
[2021-10-24 23:59:31,642] {processor.py:632} INFO - DAG(s) dict_keys(['latest_only_with_trigger']) retrieved from /home/airflow/.local/lib/python3.6/site-packages/airflow/example_dags/example_latest_only_with_trigger.py
[2021-10-24 23:59:31,658] {logging_mixin.py:109} INFO - [2021-10-24 23:59:31,657] {dag.py:2389} INFO - Sync 1 DAGs
[2021-10-24 23:59:31,676] {logging_mixin.py:109} INFO - [2021-10-24 23:59:31,676] {dag.py:2914} INFO - Setting next_dagrun for latest_only_with_trigger to 2021-10-24T19:59:31.676052+00:00
[2021-10-24 23:59:31,686] {processor.py:171} INFO - Processing /home/airflow/.local/lib/python3.6/site-packages/airflow/example_dags/example_latest_only_with_trigger.py took 0.075 seconds
