[2021-10-24 22:55:16,301] {processor.py:163} INFO - Started process (PID=68) to work on /home/airflow/.local/lib/python3.6/site-packages/airflow/example_dags/example_trigger_target_dag.py
[2021-10-24 22:55:16,308] {processor.py:620} INFO - Processing file /home/airflow/.local/lib/python3.6/site-packages/airflow/example_dags/example_trigger_target_dag.py for tasks to queue
[2021-10-24 22:55:16,318] {logging_mixin.py:109} INFO - [2021-10-24 22:55:16,318] {dagbag.py:500} INFO - Filling up the DagBag from /home/airflow/.local/lib/python3.6/site-packages/airflow/example_dags/example_trigger_target_dag.py
[2021-10-24 22:55:16,353] {processor.py:632} INFO - DAG(s) dict_keys(['example_trigger_target_dag']) retrieved from /home/airflow/.local/lib/python3.6/site-packages/airflow/example_dags/example_trigger_target_dag.py
[2021-10-24 22:55:16,365] {logging_mixin.py:109} INFO - [2021-10-24 22:55:16,365] {dag.py:2389} INFO - Sync 1 DAGs
[2021-10-24 22:55:16,381] {logging_mixin.py:109} INFO - [2021-10-24 22:55:16,381] {dag.py:2914} INFO - Setting next_dagrun for example_trigger_target_dag to None
[2021-10-24 22:55:16,393] {processor.py:171} INFO - Processing /home/airflow/.local/lib/python3.6/site-packages/airflow/example_dags/example_trigger_target_dag.py took 0.095 seconds
[2021-10-24 22:55:46,802] {processor.py:163} INFO - Started process (PID=134) to work on /home/airflow/.local/lib/python3.6/site-packages/airflow/example_dags/example_trigger_target_dag.py
[2021-10-24 22:55:46,802] {processor.py:620} INFO - Processing file /home/airflow/.local/lib/python3.6/site-packages/airflow/example_dags/example_trigger_target_dag.py for tasks to queue
[2021-10-24 22:55:46,803] {logging_mixin.py:109} INFO - [2021-10-24 22:55:46,803] {dagbag.py:500} INFO - Filling up the DagBag from /home/airflow/.local/lib/python3.6/site-packages/airflow/example_dags/example_trigger_target_dag.py
[2021-10-24 22:55:46,828] {processor.py:632} INFO - DAG(s) dict_keys(['example_trigger_target_dag']) retrieved from /home/airflow/.local/lib/python3.6/site-packages/airflow/example_dags/example_trigger_target_dag.py
[2021-10-24 22:55:46,838] {logging_mixin.py:109} INFO - [2021-10-24 22:55:46,838] {dag.py:2389} INFO - Sync 1 DAGs
[2021-10-24 22:55:46,854] {logging_mixin.py:109} INFO - [2021-10-24 22:55:46,854] {dag.py:2914} INFO - Setting next_dagrun for example_trigger_target_dag to None
[2021-10-24 22:55:46,862] {processor.py:171} INFO - Processing /home/airflow/.local/lib/python3.6/site-packages/airflow/example_dags/example_trigger_target_dag.py took 0.063 seconds
[2021-10-24 22:56:17,036] {processor.py:163} INFO - Started process (PID=198) to work on /home/airflow/.local/lib/python3.6/site-packages/airflow/example_dags/example_trigger_target_dag.py
[2021-10-24 22:56:17,037] {processor.py:620} INFO - Processing file /home/airflow/.local/lib/python3.6/site-packages/airflow/example_dags/example_trigger_target_dag.py for tasks to queue
[2021-10-24 22:56:17,038] {logging_mixin.py:109} INFO - [2021-10-24 22:56:17,038] {dagbag.py:500} INFO - Filling up the DagBag from /home/airflow/.local/lib/python3.6/site-packages/airflow/example_dags/example_trigger_target_dag.py
[2021-10-24 22:56:17,061] {processor.py:632} INFO - DAG(s) dict_keys(['example_trigger_target_dag']) retrieved from /home/airflow/.local/lib/python3.6/site-packages/airflow/example_dags/example_trigger_target_dag.py
[2021-10-24 22:56:17,071] {logging_mixin.py:109} INFO - [2021-10-24 22:56:17,071] {dag.py:2389} INFO - Sync 1 DAGs
[2021-10-24 22:56:17,085] {logging_mixin.py:109} INFO - [2021-10-24 22:56:17,085] {dag.py:2914} INFO - Setting next_dagrun for example_trigger_target_dag to None
[2021-10-24 22:56:17,094] {processor.py:171} INFO - Processing /home/airflow/.local/lib/python3.6/site-packages/airflow/example_dags/example_trigger_target_dag.py took 0.060 seconds
[2021-10-24 22:57:28,249] {processor.py:163} INFO - Started process (PID=68) to work on /home/airflow/.local/lib/python3.6/site-packages/airflow/example_dags/example_trigger_target_dag.py
[2021-10-24 22:57:28,250] {processor.py:620} INFO - Processing file /home/airflow/.local/lib/python3.6/site-packages/airflow/example_dags/example_trigger_target_dag.py for tasks to queue
[2021-10-24 22:57:28,251] {logging_mixin.py:109} INFO - [2021-10-24 22:57:28,251] {dagbag.py:500} INFO - Filling up the DagBag from /home/airflow/.local/lib/python3.6/site-packages/airflow/example_dags/example_trigger_target_dag.py
[2021-10-24 22:57:28,283] {processor.py:632} INFO - DAG(s) dict_keys(['example_trigger_target_dag']) retrieved from /home/airflow/.local/lib/python3.6/site-packages/airflow/example_dags/example_trigger_target_dag.py
[2021-10-24 22:57:28,295] {logging_mixin.py:109} INFO - [2021-10-24 22:57:28,295] {dag.py:2389} INFO - Sync 1 DAGs
[2021-10-24 22:57:28,313] {logging_mixin.py:109} INFO - [2021-10-24 22:57:28,313] {dag.py:2914} INFO - Setting next_dagrun for example_trigger_target_dag to None
[2021-10-24 22:57:28,324] {processor.py:171} INFO - Processing /home/airflow/.local/lib/python3.6/site-packages/airflow/example_dags/example_trigger_target_dag.py took 0.079 seconds
[2021-10-24 22:57:58,786] {processor.py:163} INFO - Started process (PID=132) to work on /home/airflow/.local/lib/python3.6/site-packages/airflow/example_dags/example_trigger_target_dag.py
[2021-10-24 22:57:58,787] {processor.py:620} INFO - Processing file /home/airflow/.local/lib/python3.6/site-packages/airflow/example_dags/example_trigger_target_dag.py for tasks to queue
[2021-10-24 22:57:58,788] {logging_mixin.py:109} INFO - [2021-10-24 22:57:58,788] {dagbag.py:500} INFO - Filling up the DagBag from /home/airflow/.local/lib/python3.6/site-packages/airflow/example_dags/example_trigger_target_dag.py
[2021-10-24 22:57:58,813] {processor.py:632} INFO - DAG(s) dict_keys(['example_trigger_target_dag']) retrieved from /home/airflow/.local/lib/python3.6/site-packages/airflow/example_dags/example_trigger_target_dag.py
[2021-10-24 22:57:58,822] {logging_mixin.py:109} INFO - [2021-10-24 22:57:58,822] {dag.py:2389} INFO - Sync 1 DAGs
[2021-10-24 22:57:58,836] {logging_mixin.py:109} INFO - [2021-10-24 22:57:58,836] {dag.py:2914} INFO - Setting next_dagrun for example_trigger_target_dag to None
[2021-10-24 22:57:58,844] {processor.py:171} INFO - Processing /home/airflow/.local/lib/python3.6/site-packages/airflow/example_dags/example_trigger_target_dag.py took 0.061 seconds
[2021-10-24 22:58:29,466] {processor.py:163} INFO - Started process (PID=198) to work on /home/airflow/.local/lib/python3.6/site-packages/airflow/example_dags/example_trigger_target_dag.py
[2021-10-24 22:58:29,467] {processor.py:620} INFO - Processing file /home/airflow/.local/lib/python3.6/site-packages/airflow/example_dags/example_trigger_target_dag.py for tasks to queue
[2021-10-24 22:58:29,468] {logging_mixin.py:109} INFO - [2021-10-24 22:58:29,468] {dagbag.py:500} INFO - Filling up the DagBag from /home/airflow/.local/lib/python3.6/site-packages/airflow/example_dags/example_trigger_target_dag.py
[2021-10-24 22:58:29,495] {processor.py:632} INFO - DAG(s) dict_keys(['example_trigger_target_dag']) retrieved from /home/airflow/.local/lib/python3.6/site-packages/airflow/example_dags/example_trigger_target_dag.py
[2021-10-24 22:58:29,504] {logging_mixin.py:109} INFO - [2021-10-24 22:58:29,504] {dag.py:2389} INFO - Sync 1 DAGs
[2021-10-24 22:58:29,519] {logging_mixin.py:109} INFO - [2021-10-24 22:58:29,519] {dag.py:2914} INFO - Setting next_dagrun for example_trigger_target_dag to None
[2021-10-24 22:58:29,526] {processor.py:171} INFO - Processing /home/airflow/.local/lib/python3.6/site-packages/airflow/example_dags/example_trigger_target_dag.py took 0.063 seconds
[2021-10-24 22:58:59,572] {processor.py:163} INFO - Started process (PID=262) to work on /home/airflow/.local/lib/python3.6/site-packages/airflow/example_dags/example_trigger_target_dag.py
[2021-10-24 22:58:59,573] {processor.py:620} INFO - Processing file /home/airflow/.local/lib/python3.6/site-packages/airflow/example_dags/example_trigger_target_dag.py for tasks to queue
[2021-10-24 22:58:59,574] {logging_mixin.py:109} INFO - [2021-10-24 22:58:59,574] {dagbag.py:500} INFO - Filling up the DagBag from /home/airflow/.local/lib/python3.6/site-packages/airflow/example_dags/example_trigger_target_dag.py
[2021-10-24 22:58:59,597] {processor.py:632} INFO - DAG(s) dict_keys(['example_trigger_target_dag']) retrieved from /home/airflow/.local/lib/python3.6/site-packages/airflow/example_dags/example_trigger_target_dag.py
[2021-10-24 22:58:59,606] {logging_mixin.py:109} INFO - [2021-10-24 22:58:59,606] {dag.py:2389} INFO - Sync 1 DAGs
[2021-10-24 22:58:59,620] {logging_mixin.py:109} INFO - [2021-10-24 22:58:59,620] {dag.py:2914} INFO - Setting next_dagrun for example_trigger_target_dag to None
[2021-10-24 22:58:59,629] {processor.py:171} INFO - Processing /home/airflow/.local/lib/python3.6/site-packages/airflow/example_dags/example_trigger_target_dag.py took 0.059 seconds
[2021-10-24 22:59:30,475] {processor.py:163} INFO - Started process (PID=338) to work on /home/airflow/.local/lib/python3.6/site-packages/airflow/example_dags/example_trigger_target_dag.py
[2021-10-24 22:59:30,476] {processor.py:620} INFO - Processing file /home/airflow/.local/lib/python3.6/site-packages/airflow/example_dags/example_trigger_target_dag.py for tasks to queue
[2021-10-24 22:59:30,477] {logging_mixin.py:109} INFO - [2021-10-24 22:59:30,477] {dagbag.py:500} INFO - Filling up the DagBag from /home/airflow/.local/lib/python3.6/site-packages/airflow/example_dags/example_trigger_target_dag.py
[2021-10-24 22:59:30,503] {processor.py:632} INFO - DAG(s) dict_keys(['example_trigger_target_dag']) retrieved from /home/airflow/.local/lib/python3.6/site-packages/airflow/example_dags/example_trigger_target_dag.py
[2021-10-24 22:59:30,512] {logging_mixin.py:109} INFO - [2021-10-24 22:59:30,512] {dag.py:2389} INFO - Sync 1 DAGs
[2021-10-24 22:59:30,528] {logging_mixin.py:109} INFO - [2021-10-24 22:59:30,528] {dag.py:2914} INFO - Setting next_dagrun for example_trigger_target_dag to None
[2021-10-24 22:59:30,544] {processor.py:171} INFO - Processing /home/airflow/.local/lib/python3.6/site-packages/airflow/example_dags/example_trigger_target_dag.py took 0.072 seconds
[2021-10-24 23:47:51,079] {processor.py:163} INFO - Started process (PID=68) to work on /home/airflow/.local/lib/python3.6/site-packages/airflow/example_dags/example_trigger_target_dag.py
[2021-10-24 23:47:51,080] {processor.py:620} INFO - Processing file /home/airflow/.local/lib/python3.6/site-packages/airflow/example_dags/example_trigger_target_dag.py for tasks to queue
[2021-10-24 23:47:51,081] {logging_mixin.py:109} INFO - [2021-10-24 23:47:51,081] {dagbag.py:500} INFO - Filling up the DagBag from /home/airflow/.local/lib/python3.6/site-packages/airflow/example_dags/example_trigger_target_dag.py
[2021-10-24 23:47:51,118] {processor.py:632} INFO - DAG(s) dict_keys(['example_trigger_target_dag']) retrieved from /home/airflow/.local/lib/python3.6/site-packages/airflow/example_dags/example_trigger_target_dag.py
[2021-10-24 23:47:51,131] {logging_mixin.py:109} INFO - [2021-10-24 23:47:51,131] {dag.py:2389} INFO - Sync 1 DAGs
[2021-10-24 23:47:51,151] {logging_mixin.py:109} INFO - [2021-10-24 23:47:51,151] {dag.py:2914} INFO - Setting next_dagrun for example_trigger_target_dag to None
[2021-10-24 23:47:51,164] {processor.py:171} INFO - Processing /home/airflow/.local/lib/python3.6/site-packages/airflow/example_dags/example_trigger_target_dag.py took 0.088 seconds
[2021-10-24 23:48:21,568] {processor.py:163} INFO - Started process (PID=134) to work on /home/airflow/.local/lib/python3.6/site-packages/airflow/example_dags/example_trigger_target_dag.py
[2021-10-24 23:48:21,573] {processor.py:620} INFO - Processing file /home/airflow/.local/lib/python3.6/site-packages/airflow/example_dags/example_trigger_target_dag.py for tasks to queue
[2021-10-24 23:48:21,576] {logging_mixin.py:109} INFO - [2021-10-24 23:48:21,576] {dagbag.py:500} INFO - Filling up the DagBag from /home/airflow/.local/lib/python3.6/site-packages/airflow/example_dags/example_trigger_target_dag.py
[2021-10-24 23:48:21,645] {processor.py:632} INFO - DAG(s) dict_keys(['example_trigger_target_dag']) retrieved from /home/airflow/.local/lib/python3.6/site-packages/airflow/example_dags/example_trigger_target_dag.py
[2021-10-24 23:48:21,669] {logging_mixin.py:109} INFO - [2021-10-24 23:48:21,668] {dag.py:2389} INFO - Sync 1 DAGs
[2021-10-24 23:48:21,710] {logging_mixin.py:109} INFO - [2021-10-24 23:48:21,709] {dag.py:2914} INFO - Setting next_dagrun for example_trigger_target_dag to None
[2021-10-24 23:48:21,731] {processor.py:171} INFO - Processing /home/airflow/.local/lib/python3.6/site-packages/airflow/example_dags/example_trigger_target_dag.py took 0.167 seconds
[2021-10-24 23:48:52,076] {processor.py:163} INFO - Started process (PID=190) to work on /home/airflow/.local/lib/python3.6/site-packages/airflow/example_dags/example_trigger_target_dag.py
[2021-10-24 23:48:52,077] {processor.py:620} INFO - Processing file /home/airflow/.local/lib/python3.6/site-packages/airflow/example_dags/example_trigger_target_dag.py for tasks to queue
[2021-10-24 23:48:52,078] {logging_mixin.py:109} INFO - [2021-10-24 23:48:52,078] {dagbag.py:500} INFO - Filling up the DagBag from /home/airflow/.local/lib/python3.6/site-packages/airflow/example_dags/example_trigger_target_dag.py
[2021-10-24 23:48:52,118] {processor.py:632} INFO - DAG(s) dict_keys(['example_trigger_target_dag']) retrieved from /home/airflow/.local/lib/python3.6/site-packages/airflow/example_dags/example_trigger_target_dag.py
[2021-10-24 23:48:52,141] {logging_mixin.py:109} INFO - [2021-10-24 23:48:52,141] {dag.py:2389} INFO - Sync 1 DAGs
[2021-10-24 23:48:52,162] {logging_mixin.py:109} INFO - [2021-10-24 23:48:52,162] {dag.py:2914} INFO - Setting next_dagrun for example_trigger_target_dag to None
[2021-10-24 23:48:52,179] {processor.py:171} INFO - Processing /home/airflow/.local/lib/python3.6/site-packages/airflow/example_dags/example_trigger_target_dag.py took 0.110 seconds
[2021-10-24 23:49:22,838] {processor.py:163} INFO - Started process (PID=265) to work on /home/airflow/.local/lib/python3.6/site-packages/airflow/example_dags/example_trigger_target_dag.py
[2021-10-24 23:49:22,839] {processor.py:620} INFO - Processing file /home/airflow/.local/lib/python3.6/site-packages/airflow/example_dags/example_trigger_target_dag.py for tasks to queue
[2021-10-24 23:49:22,840] {logging_mixin.py:109} INFO - [2021-10-24 23:49:22,840] {dagbag.py:500} INFO - Filling up the DagBag from /home/airflow/.local/lib/python3.6/site-packages/airflow/example_dags/example_trigger_target_dag.py
[2021-10-24 23:49:22,889] {processor.py:632} INFO - DAG(s) dict_keys(['example_trigger_target_dag']) retrieved from /home/airflow/.local/lib/python3.6/site-packages/airflow/example_dags/example_trigger_target_dag.py
[2021-10-24 23:49:22,904] {logging_mixin.py:109} INFO - [2021-10-24 23:49:22,904] {dag.py:2389} INFO - Sync 1 DAGs
[2021-10-24 23:49:22,935] {logging_mixin.py:109} INFO - [2021-10-24 23:49:22,935] {dag.py:2914} INFO - Setting next_dagrun for example_trigger_target_dag to None
[2021-10-24 23:49:22,951] {processor.py:171} INFO - Processing /home/airflow/.local/lib/python3.6/site-packages/airflow/example_dags/example_trigger_target_dag.py took 0.117 seconds
[2021-10-24 23:49:53,622] {processor.py:163} INFO - Started process (PID=329) to work on /home/airflow/.local/lib/python3.6/site-packages/airflow/example_dags/example_trigger_target_dag.py
[2021-10-24 23:49:53,624] {processor.py:620} INFO - Processing file /home/airflow/.local/lib/python3.6/site-packages/airflow/example_dags/example_trigger_target_dag.py for tasks to queue
[2021-10-24 23:49:53,625] {logging_mixin.py:109} INFO - [2021-10-24 23:49:53,625] {dagbag.py:500} INFO - Filling up the DagBag from /home/airflow/.local/lib/python3.6/site-packages/airflow/example_dags/example_trigger_target_dag.py
[2021-10-24 23:49:53,710] {processor.py:632} INFO - DAG(s) dict_keys(['example_trigger_target_dag']) retrieved from /home/airflow/.local/lib/python3.6/site-packages/airflow/example_dags/example_trigger_target_dag.py
[2021-10-24 23:49:53,731] {logging_mixin.py:109} INFO - [2021-10-24 23:49:53,730] {dag.py:2389} INFO - Sync 1 DAGs
[2021-10-24 23:49:53,770] {logging_mixin.py:109} INFO - [2021-10-24 23:49:53,770] {dag.py:2914} INFO - Setting next_dagrun for example_trigger_target_dag to None
[2021-10-24 23:49:53,792] {processor.py:171} INFO - Processing /home/airflow/.local/lib/python3.6/site-packages/airflow/example_dags/example_trigger_target_dag.py took 0.175 seconds
[2021-10-24 23:50:23,882] {processor.py:163} INFO - Started process (PID=394) to work on /home/airflow/.local/lib/python3.6/site-packages/airflow/example_dags/example_trigger_target_dag.py
[2021-10-24 23:50:23,883] {processor.py:620} INFO - Processing file /home/airflow/.local/lib/python3.6/site-packages/airflow/example_dags/example_trigger_target_dag.py for tasks to queue
[2021-10-24 23:50:23,884] {logging_mixin.py:109} INFO - [2021-10-24 23:50:23,884] {dagbag.py:500} INFO - Filling up the DagBag from /home/airflow/.local/lib/python3.6/site-packages/airflow/example_dags/example_trigger_target_dag.py
[2021-10-24 23:50:23,921] {processor.py:632} INFO - DAG(s) dict_keys(['example_trigger_target_dag']) retrieved from /home/airflow/.local/lib/python3.6/site-packages/airflow/example_dags/example_trigger_target_dag.py
[2021-10-24 23:50:23,938] {logging_mixin.py:109} INFO - [2021-10-24 23:50:23,937] {dag.py:2389} INFO - Sync 1 DAGs
[2021-10-24 23:50:23,959] {logging_mixin.py:109} INFO - [2021-10-24 23:50:23,959] {dag.py:2914} INFO - Setting next_dagrun for example_trigger_target_dag to None
[2021-10-24 23:50:23,975] {processor.py:171} INFO - Processing /home/airflow/.local/lib/python3.6/site-packages/airflow/example_dags/example_trigger_target_dag.py took 0.097 seconds
[2021-10-24 23:50:54,421] {processor.py:163} INFO - Started process (PID=459) to work on /home/airflow/.local/lib/python3.6/site-packages/airflow/example_dags/example_trigger_target_dag.py
[2021-10-24 23:50:54,423] {processor.py:620} INFO - Processing file /home/airflow/.local/lib/python3.6/site-packages/airflow/example_dags/example_trigger_target_dag.py for tasks to queue
[2021-10-24 23:50:54,424] {logging_mixin.py:109} INFO - [2021-10-24 23:50:54,424] {dagbag.py:500} INFO - Filling up the DagBag from /home/airflow/.local/lib/python3.6/site-packages/airflow/example_dags/example_trigger_target_dag.py
[2021-10-24 23:50:54,504] {processor.py:632} INFO - DAG(s) dict_keys(['example_trigger_target_dag']) retrieved from /home/airflow/.local/lib/python3.6/site-packages/airflow/example_dags/example_trigger_target_dag.py
[2021-10-24 23:50:54,534] {logging_mixin.py:109} INFO - [2021-10-24 23:50:54,534] {dag.py:2389} INFO - Sync 1 DAGs
[2021-10-24 23:50:54,566] {logging_mixin.py:109} INFO - [2021-10-24 23:50:54,566] {dag.py:2914} INFO - Setting next_dagrun for example_trigger_target_dag to None
[2021-10-24 23:50:54,585] {processor.py:171} INFO - Processing /home/airflow/.local/lib/python3.6/site-packages/airflow/example_dags/example_trigger_target_dag.py took 0.170 seconds
[2021-10-24 23:51:25,181] {processor.py:163} INFO - Started process (PID=529) to work on /home/airflow/.local/lib/python3.6/site-packages/airflow/example_dags/example_trigger_target_dag.py
[2021-10-24 23:51:25,183] {processor.py:620} INFO - Processing file /home/airflow/.local/lib/python3.6/site-packages/airflow/example_dags/example_trigger_target_dag.py for tasks to queue
[2021-10-24 23:51:25,184] {logging_mixin.py:109} INFO - [2021-10-24 23:51:25,183] {dagbag.py:500} INFO - Filling up the DagBag from /home/airflow/.local/lib/python3.6/site-packages/airflow/example_dags/example_trigger_target_dag.py
[2021-10-24 23:51:25,245] {processor.py:632} INFO - DAG(s) dict_keys(['example_trigger_target_dag']) retrieved from /home/airflow/.local/lib/python3.6/site-packages/airflow/example_dags/example_trigger_target_dag.py
[2021-10-24 23:51:25,272] {logging_mixin.py:109} INFO - [2021-10-24 23:51:25,271] {dag.py:2389} INFO - Sync 1 DAGs
[2021-10-24 23:51:25,336] {logging_mixin.py:109} INFO - [2021-10-24 23:51:25,336] {dag.py:2914} INFO - Setting next_dagrun for example_trigger_target_dag to None
[2021-10-24 23:51:25,357] {processor.py:171} INFO - Processing /home/airflow/.local/lib/python3.6/site-packages/airflow/example_dags/example_trigger_target_dag.py took 0.181 seconds
[2021-10-24 23:51:55,453] {processor.py:163} INFO - Started process (PID=593) to work on /home/airflow/.local/lib/python3.6/site-packages/airflow/example_dags/example_trigger_target_dag.py
[2021-10-24 23:51:55,454] {processor.py:620} INFO - Processing file /home/airflow/.local/lib/python3.6/site-packages/airflow/example_dags/example_trigger_target_dag.py for tasks to queue
[2021-10-24 23:51:55,455] {logging_mixin.py:109} INFO - [2021-10-24 23:51:55,455] {dagbag.py:500} INFO - Filling up the DagBag from /home/airflow/.local/lib/python3.6/site-packages/airflow/example_dags/example_trigger_target_dag.py
[2021-10-24 23:51:55,499] {processor.py:632} INFO - DAG(s) dict_keys(['example_trigger_target_dag']) retrieved from /home/airflow/.local/lib/python3.6/site-packages/airflow/example_dags/example_trigger_target_dag.py
[2021-10-24 23:51:55,521] {logging_mixin.py:109} INFO - [2021-10-24 23:51:55,521] {dag.py:2389} INFO - Sync 1 DAGs
[2021-10-24 23:51:55,553] {logging_mixin.py:109} INFO - [2021-10-24 23:51:55,552] {dag.py:2914} INFO - Setting next_dagrun for example_trigger_target_dag to None
[2021-10-24 23:51:55,566] {processor.py:171} INFO - Processing /home/airflow/.local/lib/python3.6/site-packages/airflow/example_dags/example_trigger_target_dag.py took 0.118 seconds
[2021-10-24 23:52:26,004] {processor.py:163} INFO - Started process (PID=657) to work on /home/airflow/.local/lib/python3.6/site-packages/airflow/example_dags/example_trigger_target_dag.py
[2021-10-24 23:52:26,006] {processor.py:620} INFO - Processing file /home/airflow/.local/lib/python3.6/site-packages/airflow/example_dags/example_trigger_target_dag.py for tasks to queue
[2021-10-24 23:52:26,008] {logging_mixin.py:109} INFO - [2021-10-24 23:52:26,008] {dagbag.py:500} INFO - Filling up the DagBag from /home/airflow/.local/lib/python3.6/site-packages/airflow/example_dags/example_trigger_target_dag.py
[2021-10-24 23:52:26,055] {processor.py:632} INFO - DAG(s) dict_keys(['example_trigger_target_dag']) retrieved from /home/airflow/.local/lib/python3.6/site-packages/airflow/example_dags/example_trigger_target_dag.py
[2021-10-24 23:52:26,067] {logging_mixin.py:109} INFO - [2021-10-24 23:52:26,067] {dag.py:2389} INFO - Sync 1 DAGs
[2021-10-24 23:52:26,095] {logging_mixin.py:109} INFO - [2021-10-24 23:52:26,095] {dag.py:2914} INFO - Setting next_dagrun for example_trigger_target_dag to None
[2021-10-24 23:52:26,115] {processor.py:171} INFO - Processing /home/airflow/.local/lib/python3.6/site-packages/airflow/example_dags/example_trigger_target_dag.py took 0.115 seconds
[2021-10-24 23:52:56,555] {processor.py:163} INFO - Started process (PID=722) to work on /home/airflow/.local/lib/python3.6/site-packages/airflow/example_dags/example_trigger_target_dag.py
[2021-10-24 23:52:56,564] {processor.py:620} INFO - Processing file /home/airflow/.local/lib/python3.6/site-packages/airflow/example_dags/example_trigger_target_dag.py for tasks to queue
[2021-10-24 23:52:56,565] {logging_mixin.py:109} INFO - [2021-10-24 23:52:56,565] {dagbag.py:500} INFO - Filling up the DagBag from /home/airflow/.local/lib/python3.6/site-packages/airflow/example_dags/example_trigger_target_dag.py
[2021-10-24 23:52:56,618] {processor.py:632} INFO - DAG(s) dict_keys(['example_trigger_target_dag']) retrieved from /home/airflow/.local/lib/python3.6/site-packages/airflow/example_dags/example_trigger_target_dag.py
[2021-10-24 23:52:56,641] {logging_mixin.py:109} INFO - [2021-10-24 23:52:56,641] {dag.py:2389} INFO - Sync 1 DAGs
[2021-10-24 23:52:56,669] {logging_mixin.py:109} INFO - [2021-10-24 23:52:56,669] {dag.py:2914} INFO - Setting next_dagrun for example_trigger_target_dag to None
[2021-10-24 23:52:56,682] {processor.py:171} INFO - Processing /home/airflow/.local/lib/python3.6/site-packages/airflow/example_dags/example_trigger_target_dag.py took 0.131 seconds
[2021-10-24 23:53:27,655] {processor.py:163} INFO - Started process (PID=787) to work on /home/airflow/.local/lib/python3.6/site-packages/airflow/example_dags/example_trigger_target_dag.py
[2021-10-24 23:53:27,657] {processor.py:620} INFO - Processing file /home/airflow/.local/lib/python3.6/site-packages/airflow/example_dags/example_trigger_target_dag.py for tasks to queue
[2021-10-24 23:53:27,658] {logging_mixin.py:109} INFO - [2021-10-24 23:53:27,658] {dagbag.py:500} INFO - Filling up the DagBag from /home/airflow/.local/lib/python3.6/site-packages/airflow/example_dags/example_trigger_target_dag.py
[2021-10-24 23:53:27,720] {processor.py:632} INFO - DAG(s) dict_keys(['example_trigger_target_dag']) retrieved from /home/airflow/.local/lib/python3.6/site-packages/airflow/example_dags/example_trigger_target_dag.py
[2021-10-24 23:53:27,753] {logging_mixin.py:109} INFO - [2021-10-24 23:53:27,753] {dag.py:2389} INFO - Sync 1 DAGs
[2021-10-24 23:53:27,785] {logging_mixin.py:109} INFO - [2021-10-24 23:53:27,784] {dag.py:2914} INFO - Setting next_dagrun for example_trigger_target_dag to None
[2021-10-24 23:53:27,801] {processor.py:171} INFO - Processing /home/airflow/.local/lib/python3.6/site-packages/airflow/example_dags/example_trigger_target_dag.py took 0.149 seconds
[2021-10-24 23:53:58,346] {processor.py:163} INFO - Started process (PID=851) to work on /home/airflow/.local/lib/python3.6/site-packages/airflow/example_dags/example_trigger_target_dag.py
[2021-10-24 23:53:58,348] {processor.py:620} INFO - Processing file /home/airflow/.local/lib/python3.6/site-packages/airflow/example_dags/example_trigger_target_dag.py for tasks to queue
[2021-10-24 23:53:58,349] {logging_mixin.py:109} INFO - [2021-10-24 23:53:58,349] {dagbag.py:500} INFO - Filling up the DagBag from /home/airflow/.local/lib/python3.6/site-packages/airflow/example_dags/example_trigger_target_dag.py
[2021-10-24 23:53:58,385] {processor.py:632} INFO - DAG(s) dict_keys(['example_trigger_target_dag']) retrieved from /home/airflow/.local/lib/python3.6/site-packages/airflow/example_dags/example_trigger_target_dag.py
[2021-10-24 23:53:58,398] {logging_mixin.py:109} INFO - [2021-10-24 23:53:58,398] {dag.py:2389} INFO - Sync 1 DAGs
[2021-10-24 23:53:58,422] {logging_mixin.py:109} INFO - [2021-10-24 23:53:58,422] {dag.py:2914} INFO - Setting next_dagrun for example_trigger_target_dag to None
[2021-10-24 23:53:58,436] {processor.py:171} INFO - Processing /home/airflow/.local/lib/python3.6/site-packages/airflow/example_dags/example_trigger_target_dag.py took 0.093 seconds
[2021-10-24 23:54:28,585] {processor.py:163} INFO - Started process (PID=921) to work on /home/airflow/.local/lib/python3.6/site-packages/airflow/example_dags/example_trigger_target_dag.py
[2021-10-24 23:54:28,586] {processor.py:620} INFO - Processing file /home/airflow/.local/lib/python3.6/site-packages/airflow/example_dags/example_trigger_target_dag.py for tasks to queue
[2021-10-24 23:54:28,587] {logging_mixin.py:109} INFO - [2021-10-24 23:54:28,587] {dagbag.py:500} INFO - Filling up the DagBag from /home/airflow/.local/lib/python3.6/site-packages/airflow/example_dags/example_trigger_target_dag.py
[2021-10-24 23:54:28,621] {processor.py:632} INFO - DAG(s) dict_keys(['example_trigger_target_dag']) retrieved from /home/airflow/.local/lib/python3.6/site-packages/airflow/example_dags/example_trigger_target_dag.py
[2021-10-24 23:54:28,634] {logging_mixin.py:109} INFO - [2021-10-24 23:54:28,633] {dag.py:2389} INFO - Sync 1 DAGs
[2021-10-24 23:54:28,654] {logging_mixin.py:109} INFO - [2021-10-24 23:54:28,654] {dag.py:2914} INFO - Setting next_dagrun for example_trigger_target_dag to None
[2021-10-24 23:54:28,664] {processor.py:171} INFO - Processing /home/airflow/.local/lib/python3.6/site-packages/airflow/example_dags/example_trigger_target_dag.py took 0.083 seconds
[2021-10-24 23:54:58,840] {processor.py:163} INFO - Started process (PID=996) to work on /home/airflow/.local/lib/python3.6/site-packages/airflow/example_dags/example_trigger_target_dag.py
[2021-10-24 23:54:58,841] {processor.py:620} INFO - Processing file /home/airflow/.local/lib/python3.6/site-packages/airflow/example_dags/example_trigger_target_dag.py for tasks to queue
[2021-10-24 23:54:58,841] {logging_mixin.py:109} INFO - [2021-10-24 23:54:58,841] {dagbag.py:500} INFO - Filling up the DagBag from /home/airflow/.local/lib/python3.6/site-packages/airflow/example_dags/example_trigger_target_dag.py
[2021-10-24 23:54:58,866] {processor.py:632} INFO - DAG(s) dict_keys(['example_trigger_target_dag']) retrieved from /home/airflow/.local/lib/python3.6/site-packages/airflow/example_dags/example_trigger_target_dag.py
[2021-10-24 23:54:58,876] {logging_mixin.py:109} INFO - [2021-10-24 23:54:58,876] {dag.py:2389} INFO - Sync 1 DAGs
[2021-10-24 23:54:58,890] {logging_mixin.py:109} INFO - [2021-10-24 23:54:58,890] {dag.py:2914} INFO - Setting next_dagrun for example_trigger_target_dag to None
[2021-10-24 23:54:58,898] {processor.py:171} INFO - Processing /home/airflow/.local/lib/python3.6/site-packages/airflow/example_dags/example_trigger_target_dag.py took 0.061 seconds
[2021-10-24 23:55:29,012] {processor.py:163} INFO - Started process (PID=1060) to work on /home/airflow/.local/lib/python3.6/site-packages/airflow/example_dags/example_trigger_target_dag.py
[2021-10-24 23:55:29,015] {processor.py:620} INFO - Processing file /home/airflow/.local/lib/python3.6/site-packages/airflow/example_dags/example_trigger_target_dag.py for tasks to queue
[2021-10-24 23:55:29,016] {logging_mixin.py:109} INFO - [2021-10-24 23:55:29,016] {dagbag.py:500} INFO - Filling up the DagBag from /home/airflow/.local/lib/python3.6/site-packages/airflow/example_dags/example_trigger_target_dag.py
[2021-10-24 23:55:29,055] {processor.py:632} INFO - DAG(s) dict_keys(['example_trigger_target_dag']) retrieved from /home/airflow/.local/lib/python3.6/site-packages/airflow/example_dags/example_trigger_target_dag.py
[2021-10-24 23:55:29,067] {logging_mixin.py:109} INFO - [2021-10-24 23:55:29,067] {dag.py:2389} INFO - Sync 1 DAGs
[2021-10-24 23:55:29,086] {logging_mixin.py:109} INFO - [2021-10-24 23:55:29,086] {dag.py:2914} INFO - Setting next_dagrun for example_trigger_target_dag to None
[2021-10-24 23:55:29,100] {processor.py:171} INFO - Processing /home/airflow/.local/lib/python3.6/site-packages/airflow/example_dags/example_trigger_target_dag.py took 0.092 seconds
[2021-10-24 23:55:59,935] {processor.py:163} INFO - Started process (PID=1134) to work on /home/airflow/.local/lib/python3.6/site-packages/airflow/example_dags/example_trigger_target_dag.py
[2021-10-24 23:55:59,936] {processor.py:620} INFO - Processing file /home/airflow/.local/lib/python3.6/site-packages/airflow/example_dags/example_trigger_target_dag.py for tasks to queue
[2021-10-24 23:55:59,937] {logging_mixin.py:109} INFO - [2021-10-24 23:55:59,937] {dagbag.py:500} INFO - Filling up the DagBag from /home/airflow/.local/lib/python3.6/site-packages/airflow/example_dags/example_trigger_target_dag.py
[2021-10-24 23:55:59,964] {processor.py:632} INFO - DAG(s) dict_keys(['example_trigger_target_dag']) retrieved from /home/airflow/.local/lib/python3.6/site-packages/airflow/example_dags/example_trigger_target_dag.py
[2021-10-24 23:55:59,974] {logging_mixin.py:109} INFO - [2021-10-24 23:55:59,974] {dag.py:2389} INFO - Sync 1 DAGs
[2021-10-24 23:55:59,989] {logging_mixin.py:109} INFO - [2021-10-24 23:55:59,989] {dag.py:2914} INFO - Setting next_dagrun for example_trigger_target_dag to None
[2021-10-24 23:55:59,997] {processor.py:171} INFO - Processing /home/airflow/.local/lib/python3.6/site-packages/airflow/example_dags/example_trigger_target_dag.py took 0.064 seconds
[2021-10-24 23:56:30,418] {processor.py:163} INFO - Started process (PID=1199) to work on /home/airflow/.local/lib/python3.6/site-packages/airflow/example_dags/example_trigger_target_dag.py
[2021-10-24 23:56:30,419] {processor.py:620} INFO - Processing file /home/airflow/.local/lib/python3.6/site-packages/airflow/example_dags/example_trigger_target_dag.py for tasks to queue
[2021-10-24 23:56:30,420] {logging_mixin.py:109} INFO - [2021-10-24 23:56:30,420] {dagbag.py:500} INFO - Filling up the DagBag from /home/airflow/.local/lib/python3.6/site-packages/airflow/example_dags/example_trigger_target_dag.py
[2021-10-24 23:56:30,444] {processor.py:632} INFO - DAG(s) dict_keys(['example_trigger_target_dag']) retrieved from /home/airflow/.local/lib/python3.6/site-packages/airflow/example_dags/example_trigger_target_dag.py
[2021-10-24 23:56:30,453] {logging_mixin.py:109} INFO - [2021-10-24 23:56:30,453] {dag.py:2389} INFO - Sync 1 DAGs
[2021-10-24 23:56:30,468] {logging_mixin.py:109} INFO - [2021-10-24 23:56:30,468] {dag.py:2914} INFO - Setting next_dagrun for example_trigger_target_dag to None
[2021-10-24 23:56:30,476] {processor.py:171} INFO - Processing /home/airflow/.local/lib/python3.6/site-packages/airflow/example_dags/example_trigger_target_dag.py took 0.061 seconds
[2021-10-24 23:57:00,706] {processor.py:163} INFO - Started process (PID=1269) to work on /home/airflow/.local/lib/python3.6/site-packages/airflow/example_dags/example_trigger_target_dag.py
[2021-10-24 23:57:00,707] {processor.py:620} INFO - Processing file /home/airflow/.local/lib/python3.6/site-packages/airflow/example_dags/example_trigger_target_dag.py for tasks to queue
[2021-10-24 23:57:00,708] {logging_mixin.py:109} INFO - [2021-10-24 23:57:00,708] {dagbag.py:500} INFO - Filling up the DagBag from /home/airflow/.local/lib/python3.6/site-packages/airflow/example_dags/example_trigger_target_dag.py
[2021-10-24 23:57:00,733] {processor.py:632} INFO - DAG(s) dict_keys(['example_trigger_target_dag']) retrieved from /home/airflow/.local/lib/python3.6/site-packages/airflow/example_dags/example_trigger_target_dag.py
[2021-10-24 23:57:00,742] {logging_mixin.py:109} INFO - [2021-10-24 23:57:00,742] {dag.py:2389} INFO - Sync 1 DAGs
[2021-10-24 23:57:00,759] {logging_mixin.py:109} INFO - [2021-10-24 23:57:00,759] {dag.py:2914} INFO - Setting next_dagrun for example_trigger_target_dag to None
[2021-10-24 23:57:00,768] {processor.py:171} INFO - Processing /home/airflow/.local/lib/python3.6/site-packages/airflow/example_dags/example_trigger_target_dag.py took 0.065 seconds
[2021-10-24 23:57:30,978] {processor.py:163} INFO - Started process (PID=1338) to work on /home/airflow/.local/lib/python3.6/site-packages/airflow/example_dags/example_trigger_target_dag.py
[2021-10-24 23:57:30,979] {processor.py:620} INFO - Processing file /home/airflow/.local/lib/python3.6/site-packages/airflow/example_dags/example_trigger_target_dag.py for tasks to queue
[2021-10-24 23:57:30,980] {logging_mixin.py:109} INFO - [2021-10-24 23:57:30,980] {dagbag.py:500} INFO - Filling up the DagBag from /home/airflow/.local/lib/python3.6/site-packages/airflow/example_dags/example_trigger_target_dag.py
[2021-10-24 23:57:31,005] {processor.py:632} INFO - DAG(s) dict_keys(['example_trigger_target_dag']) retrieved from /home/airflow/.local/lib/python3.6/site-packages/airflow/example_dags/example_trigger_target_dag.py
[2021-10-24 23:57:31,015] {logging_mixin.py:109} INFO - [2021-10-24 23:57:31,015] {dag.py:2389} INFO - Sync 1 DAGs
[2021-10-24 23:57:31,031] {logging_mixin.py:109} INFO - [2021-10-24 23:57:31,030] {dag.py:2914} INFO - Setting next_dagrun for example_trigger_target_dag to None
[2021-10-24 23:57:31,038] {processor.py:171} INFO - Processing /home/airflow/.local/lib/python3.6/site-packages/airflow/example_dags/example_trigger_target_dag.py took 0.062 seconds
[2021-10-24 23:58:02,062] {processor.py:163} INFO - Started process (PID=1404) to work on /home/airflow/.local/lib/python3.6/site-packages/airflow/example_dags/example_trigger_target_dag.py
[2021-10-24 23:58:02,063] {processor.py:620} INFO - Processing file /home/airflow/.local/lib/python3.6/site-packages/airflow/example_dags/example_trigger_target_dag.py for tasks to queue
[2021-10-24 23:58:02,064] {logging_mixin.py:109} INFO - [2021-10-24 23:58:02,064] {dagbag.py:500} INFO - Filling up the DagBag from /home/airflow/.local/lib/python3.6/site-packages/airflow/example_dags/example_trigger_target_dag.py
[2021-10-24 23:58:02,100] {processor.py:632} INFO - DAG(s) dict_keys(['example_trigger_target_dag']) retrieved from /home/airflow/.local/lib/python3.6/site-packages/airflow/example_dags/example_trigger_target_dag.py
[2021-10-24 23:58:02,116] {logging_mixin.py:109} INFO - [2021-10-24 23:58:02,116] {dag.py:2389} INFO - Sync 1 DAGs
[2021-10-24 23:58:02,142] {logging_mixin.py:109} INFO - [2021-10-24 23:58:02,142] {dag.py:2914} INFO - Setting next_dagrun for example_trigger_target_dag to None
[2021-10-24 23:58:02,159] {processor.py:171} INFO - Processing /home/airflow/.local/lib/python3.6/site-packages/airflow/example_dags/example_trigger_target_dag.py took 0.102 seconds
[2021-10-24 23:58:33,043] {processor.py:163} INFO - Started process (PID=1471) to work on /home/airflow/.local/lib/python3.6/site-packages/airflow/example_dags/example_trigger_target_dag.py
[2021-10-24 23:58:33,044] {processor.py:620} INFO - Processing file /home/airflow/.local/lib/python3.6/site-packages/airflow/example_dags/example_trigger_target_dag.py for tasks to queue
[2021-10-24 23:58:33,045] {logging_mixin.py:109} INFO - [2021-10-24 23:58:33,045] {dagbag.py:500} INFO - Filling up the DagBag from /home/airflow/.local/lib/python3.6/site-packages/airflow/example_dags/example_trigger_target_dag.py
[2021-10-24 23:58:33,076] {processor.py:632} INFO - DAG(s) dict_keys(['example_trigger_target_dag']) retrieved from /home/airflow/.local/lib/python3.6/site-packages/airflow/example_dags/example_trigger_target_dag.py
[2021-10-24 23:58:33,091] {logging_mixin.py:109} INFO - [2021-10-24 23:58:33,090] {dag.py:2389} INFO - Sync 1 DAGs
[2021-10-24 23:58:33,110] {logging_mixin.py:109} INFO - [2021-10-24 23:58:33,110] {dag.py:2914} INFO - Setting next_dagrun for example_trigger_target_dag to None
[2021-10-24 23:58:33,119] {processor.py:171} INFO - Processing /home/airflow/.local/lib/python3.6/site-packages/airflow/example_dags/example_trigger_target_dag.py took 0.079 seconds
[2021-10-24 23:59:03,655] {processor.py:163} INFO - Started process (PID=1547) to work on /home/airflow/.local/lib/python3.6/site-packages/airflow/example_dags/example_trigger_target_dag.py
[2021-10-24 23:59:03,657] {processor.py:620} INFO - Processing file /home/airflow/.local/lib/python3.6/site-packages/airflow/example_dags/example_trigger_target_dag.py for tasks to queue
[2021-10-24 23:59:03,657] {logging_mixin.py:109} INFO - [2021-10-24 23:59:03,657] {dagbag.py:500} INFO - Filling up the DagBag from /home/airflow/.local/lib/python3.6/site-packages/airflow/example_dags/example_trigger_target_dag.py
[2021-10-24 23:59:03,687] {processor.py:632} INFO - DAG(s) dict_keys(['example_trigger_target_dag']) retrieved from /home/airflow/.local/lib/python3.6/site-packages/airflow/example_dags/example_trigger_target_dag.py
[2021-10-24 23:59:03,699] {logging_mixin.py:109} INFO - [2021-10-24 23:59:03,699] {dag.py:2389} INFO - Sync 1 DAGs
[2021-10-24 23:59:03,719] {logging_mixin.py:109} INFO - [2021-10-24 23:59:03,719] {dag.py:2914} INFO - Setting next_dagrun for example_trigger_target_dag to None
[2021-10-24 23:59:03,732] {processor.py:171} INFO - Processing /home/airflow/.local/lib/python3.6/site-packages/airflow/example_dags/example_trigger_target_dag.py took 0.080 seconds
[2021-10-24 23:59:33,960] {processor.py:163} INFO - Started process (PID=1613) to work on /home/airflow/.local/lib/python3.6/site-packages/airflow/example_dags/example_trigger_target_dag.py
[2021-10-24 23:59:33,961] {processor.py:620} INFO - Processing file /home/airflow/.local/lib/python3.6/site-packages/airflow/example_dags/example_trigger_target_dag.py for tasks to queue
[2021-10-24 23:59:33,962] {logging_mixin.py:109} INFO - [2021-10-24 23:59:33,961] {dagbag.py:500} INFO - Filling up the DagBag from /home/airflow/.local/lib/python3.6/site-packages/airflow/example_dags/example_trigger_target_dag.py
[2021-10-24 23:59:33,990] {processor.py:632} INFO - DAG(s) dict_keys(['example_trigger_target_dag']) retrieved from /home/airflow/.local/lib/python3.6/site-packages/airflow/example_dags/example_trigger_target_dag.py
[2021-10-24 23:59:34,001] {logging_mixin.py:109} INFO - [2021-10-24 23:59:34,001] {dag.py:2389} INFO - Sync 1 DAGs
[2021-10-24 23:59:34,018] {logging_mixin.py:109} INFO - [2021-10-24 23:59:34,018] {dag.py:2914} INFO - Setting next_dagrun for example_trigger_target_dag to None
[2021-10-24 23:59:34,029] {processor.py:171} INFO - Processing /home/airflow/.local/lib/python3.6/site-packages/airflow/example_dags/example_trigger_target_dag.py took 0.072 seconds
