[2021-10-24 22:55:17,345] {processor.py:163} INFO - Started process (PID=79) to work on /home/airflow/.local/lib/python3.6/site-packages/airflow/example_dags/example_kubernetes_executor.py
[2021-10-24 22:55:17,345] {processor.py:620} INFO - Processing file /home/airflow/.local/lib/python3.6/site-packages/airflow/example_dags/example_kubernetes_executor.py for tasks to queue
[2021-10-24 22:55:17,346] {logging_mixin.py:109} INFO - [2021-10-24 22:55:17,346] {dagbag.py:500} INFO - Filling up the DagBag from /home/airflow/.local/lib/python3.6/site-packages/airflow/example_dags/example_kubernetes_executor.py
[2021-10-24 22:55:17,371] {processor.py:632} INFO - DAG(s) dict_keys(['example_kubernetes_executor']) retrieved from /home/airflow/.local/lib/python3.6/site-packages/airflow/example_dags/example_kubernetes_executor.py
[2021-10-24 22:55:17,382] {logging_mixin.py:109} INFO - [2021-10-24 22:55:17,382] {dag.py:2389} INFO - Sync 1 DAGs
[2021-10-24 22:55:17,396] {logging_mixin.py:109} INFO - [2021-10-24 22:55:17,396] {dag.py:2914} INFO - Setting next_dagrun for example_kubernetes_executor to None
[2021-10-24 22:55:17,404] {processor.py:171} INFO - Processing /home/airflow/.local/lib/python3.6/site-packages/airflow/example_dags/example_kubernetes_executor.py took 0.062 seconds
[2021-10-24 22:55:48,562] {processor.py:163} INFO - Started process (PID=154) to work on /home/airflow/.local/lib/python3.6/site-packages/airflow/example_dags/example_kubernetes_executor.py
[2021-10-24 22:55:48,563] {processor.py:620} INFO - Processing file /home/airflow/.local/lib/python3.6/site-packages/airflow/example_dags/example_kubernetes_executor.py for tasks to queue
[2021-10-24 22:55:48,563] {logging_mixin.py:109} INFO - [2021-10-24 22:55:48,563] {dagbag.py:500} INFO - Filling up the DagBag from /home/airflow/.local/lib/python3.6/site-packages/airflow/example_dags/example_kubernetes_executor.py
[2021-10-24 22:55:48,587] {processor.py:632} INFO - DAG(s) dict_keys(['example_kubernetes_executor']) retrieved from /home/airflow/.local/lib/python3.6/site-packages/airflow/example_dags/example_kubernetes_executor.py
[2021-10-24 22:55:48,597] {logging_mixin.py:109} INFO - [2021-10-24 22:55:48,597] {dag.py:2389} INFO - Sync 1 DAGs
[2021-10-24 22:55:48,611] {logging_mixin.py:109} INFO - [2021-10-24 22:55:48,611] {dag.py:2914} INFO - Setting next_dagrun for example_kubernetes_executor to None
[2021-10-24 22:55:48,620] {processor.py:171} INFO - Processing /home/airflow/.local/lib/python3.6/site-packages/airflow/example_dags/example_kubernetes_executor.py took 0.061 seconds
[2021-10-24 22:56:19,279] {processor.py:163} INFO - Started process (PID=218) to work on /home/airflow/.local/lib/python3.6/site-packages/airflow/example_dags/example_kubernetes_executor.py
[2021-10-24 22:56:19,280] {processor.py:620} INFO - Processing file /home/airflow/.local/lib/python3.6/site-packages/airflow/example_dags/example_kubernetes_executor.py for tasks to queue
[2021-10-24 22:56:19,281] {logging_mixin.py:109} INFO - [2021-10-24 22:56:19,281] {dagbag.py:500} INFO - Filling up the DagBag from /home/airflow/.local/lib/python3.6/site-packages/airflow/example_dags/example_kubernetes_executor.py
[2021-10-24 22:56:19,310] {processor.py:632} INFO - DAG(s) dict_keys(['example_kubernetes_executor']) retrieved from /home/airflow/.local/lib/python3.6/site-packages/airflow/example_dags/example_kubernetes_executor.py
[2021-10-24 22:56:19,323] {logging_mixin.py:109} INFO - [2021-10-24 22:56:19,323] {dag.py:2389} INFO - Sync 1 DAGs
[2021-10-24 22:56:19,341] {logging_mixin.py:109} INFO - [2021-10-24 22:56:19,341] {dag.py:2914} INFO - Setting next_dagrun for example_kubernetes_executor to None
[2021-10-24 22:56:19,351] {processor.py:171} INFO - Processing /home/airflow/.local/lib/python3.6/site-packages/airflow/example_dags/example_kubernetes_executor.py took 0.075 seconds
[2021-10-24 22:57:29,357] {processor.py:163} INFO - Started process (PID=79) to work on /home/airflow/.local/lib/python3.6/site-packages/airflow/example_dags/example_kubernetes_executor.py
[2021-10-24 22:57:29,358] {processor.py:620} INFO - Processing file /home/airflow/.local/lib/python3.6/site-packages/airflow/example_dags/example_kubernetes_executor.py for tasks to queue
[2021-10-24 22:57:29,358] {logging_mixin.py:109} INFO - [2021-10-24 22:57:29,358] {dagbag.py:500} INFO - Filling up the DagBag from /home/airflow/.local/lib/python3.6/site-packages/airflow/example_dags/example_kubernetes_executor.py
[2021-10-24 22:57:29,386] {processor.py:632} INFO - DAG(s) dict_keys(['example_kubernetes_executor']) retrieved from /home/airflow/.local/lib/python3.6/site-packages/airflow/example_dags/example_kubernetes_executor.py
[2021-10-24 22:57:29,396] {logging_mixin.py:109} INFO - [2021-10-24 22:57:29,396] {dag.py:2389} INFO - Sync 1 DAGs
[2021-10-24 22:57:29,411] {logging_mixin.py:109} INFO - [2021-10-24 22:57:29,411] {dag.py:2914} INFO - Setting next_dagrun for example_kubernetes_executor to None
[2021-10-24 22:57:29,419] {processor.py:171} INFO - Processing /home/airflow/.local/lib/python3.6/site-packages/airflow/example_dags/example_kubernetes_executor.py took 0.065 seconds
[2021-10-24 22:57:59,969] {processor.py:163} INFO - Started process (PID=153) to work on /home/airflow/.local/lib/python3.6/site-packages/airflow/example_dags/example_kubernetes_executor.py
[2021-10-24 22:57:59,971] {processor.py:620} INFO - Processing file /home/airflow/.local/lib/python3.6/site-packages/airflow/example_dags/example_kubernetes_executor.py for tasks to queue
[2021-10-24 22:57:59,971] {logging_mixin.py:109} INFO - [2021-10-24 22:57:59,971] {dagbag.py:500} INFO - Filling up the DagBag from /home/airflow/.local/lib/python3.6/site-packages/airflow/example_dags/example_kubernetes_executor.py
[2021-10-24 22:57:59,995] {processor.py:632} INFO - DAG(s) dict_keys(['example_kubernetes_executor']) retrieved from /home/airflow/.local/lib/python3.6/site-packages/airflow/example_dags/example_kubernetes_executor.py
[2021-10-24 22:58:00,008] {logging_mixin.py:109} INFO - [2021-10-24 22:58:00,008] {dag.py:2389} INFO - Sync 1 DAGs
[2021-10-24 22:58:00,027] {logging_mixin.py:109} INFO - [2021-10-24 22:58:00,026] {dag.py:2914} INFO - Setting next_dagrun for example_kubernetes_executor to None
[2021-10-24 22:58:00,036] {processor.py:171} INFO - Processing /home/airflow/.local/lib/python3.6/site-packages/airflow/example_dags/example_kubernetes_executor.py took 0.069 seconds
[2021-10-24 22:58:30,994] {processor.py:163} INFO - Started process (PID=218) to work on /home/airflow/.local/lib/python3.6/site-packages/airflow/example_dags/example_kubernetes_executor.py
[2021-10-24 22:58:30,995] {processor.py:620} INFO - Processing file /home/airflow/.local/lib/python3.6/site-packages/airflow/example_dags/example_kubernetes_executor.py for tasks to queue
[2021-10-24 22:58:30,995] {logging_mixin.py:109} INFO - [2021-10-24 22:58:30,995] {dagbag.py:500} INFO - Filling up the DagBag from /home/airflow/.local/lib/python3.6/site-packages/airflow/example_dags/example_kubernetes_executor.py
[2021-10-24 22:58:31,024] {processor.py:632} INFO - DAG(s) dict_keys(['example_kubernetes_executor']) retrieved from /home/airflow/.local/lib/python3.6/site-packages/airflow/example_dags/example_kubernetes_executor.py
[2021-10-24 22:58:31,034] {logging_mixin.py:109} INFO - [2021-10-24 22:58:31,034] {dag.py:2389} INFO - Sync 1 DAGs
[2021-10-24 22:58:31,050] {logging_mixin.py:109} INFO - [2021-10-24 22:58:31,049] {dag.py:2914} INFO - Setting next_dagrun for example_kubernetes_executor to None
[2021-10-24 22:58:31,059] {processor.py:171} INFO - Processing /home/airflow/.local/lib/python3.6/site-packages/airflow/example_dags/example_kubernetes_executor.py took 0.068 seconds
[2021-10-24 22:59:02,060] {processor.py:163} INFO - Started process (PID=291) to work on /home/airflow/.local/lib/python3.6/site-packages/airflow/example_dags/example_kubernetes_executor.py
[2021-10-24 22:59:02,062] {processor.py:620} INFO - Processing file /home/airflow/.local/lib/python3.6/site-packages/airflow/example_dags/example_kubernetes_executor.py for tasks to queue
[2021-10-24 22:59:02,062] {logging_mixin.py:109} INFO - [2021-10-24 22:59:02,062] {dagbag.py:500} INFO - Filling up the DagBag from /home/airflow/.local/lib/python3.6/site-packages/airflow/example_dags/example_kubernetes_executor.py
[2021-10-24 22:59:02,086] {processor.py:632} INFO - DAG(s) dict_keys(['example_kubernetes_executor']) retrieved from /home/airflow/.local/lib/python3.6/site-packages/airflow/example_dags/example_kubernetes_executor.py
[2021-10-24 22:59:02,097] {logging_mixin.py:109} INFO - [2021-10-24 22:59:02,097] {dag.py:2389} INFO - Sync 1 DAGs
[2021-10-24 22:59:02,111] {logging_mixin.py:109} INFO - [2021-10-24 22:59:02,111] {dag.py:2914} INFO - Setting next_dagrun for example_kubernetes_executor to None
[2021-10-24 22:59:02,120] {processor.py:171} INFO - Processing /home/airflow/.local/lib/python3.6/site-packages/airflow/example_dags/example_kubernetes_executor.py took 0.062 seconds
[2021-10-24 22:59:32,334] {processor.py:163} INFO - Started process (PID=349) to work on /home/airflow/.local/lib/python3.6/site-packages/airflow/example_dags/example_kubernetes_executor.py
[2021-10-24 22:59:32,336] {processor.py:620} INFO - Processing file /home/airflow/.local/lib/python3.6/site-packages/airflow/example_dags/example_kubernetes_executor.py for tasks to queue
[2021-10-24 22:59:32,336] {logging_mixin.py:109} INFO - [2021-10-24 22:59:32,336] {dagbag.py:500} INFO - Filling up the DagBag from /home/airflow/.local/lib/python3.6/site-packages/airflow/example_dags/example_kubernetes_executor.py
[2021-10-24 22:59:32,371] {processor.py:632} INFO - DAG(s) dict_keys(['example_kubernetes_executor']) retrieved from /home/airflow/.local/lib/python3.6/site-packages/airflow/example_dags/example_kubernetes_executor.py
[2021-10-24 22:59:32,393] {logging_mixin.py:109} INFO - [2021-10-24 22:59:32,393] {dag.py:2389} INFO - Sync 1 DAGs
[2021-10-24 22:59:32,412] {logging_mixin.py:109} INFO - [2021-10-24 22:59:32,412] {dag.py:2914} INFO - Setting next_dagrun for example_kubernetes_executor to None
[2021-10-24 22:59:32,421] {processor.py:171} INFO - Processing /home/airflow/.local/lib/python3.6/site-packages/airflow/example_dags/example_kubernetes_executor.py took 0.091 seconds
[2021-10-24 23:47:52,285] {processor.py:163} INFO - Started process (PID=79) to work on /home/airflow/.local/lib/python3.6/site-packages/airflow/example_dags/example_kubernetes_executor.py
[2021-10-24 23:47:52,287] {processor.py:620} INFO - Processing file /home/airflow/.local/lib/python3.6/site-packages/airflow/example_dags/example_kubernetes_executor.py for tasks to queue
[2021-10-24 23:47:52,287] {logging_mixin.py:109} INFO - [2021-10-24 23:47:52,287] {dagbag.py:500} INFO - Filling up the DagBag from /home/airflow/.local/lib/python3.6/site-packages/airflow/example_dags/example_kubernetes_executor.py
[2021-10-24 23:47:52,315] {processor.py:632} INFO - DAG(s) dict_keys(['example_kubernetes_executor']) retrieved from /home/airflow/.local/lib/python3.6/site-packages/airflow/example_dags/example_kubernetes_executor.py
[2021-10-24 23:47:52,332] {logging_mixin.py:109} INFO - [2021-10-24 23:47:52,332] {dag.py:2389} INFO - Sync 1 DAGs
[2021-10-24 23:47:52,356] {logging_mixin.py:109} INFO - [2021-10-24 23:47:52,356] {dag.py:2914} INFO - Setting next_dagrun for example_kubernetes_executor to None
[2021-10-24 23:47:52,367] {processor.py:171} INFO - Processing /home/airflow/.local/lib/python3.6/site-packages/airflow/example_dags/example_kubernetes_executor.py took 0.085 seconds
[2021-10-24 23:48:24,736] {processor.py:163} INFO - Started process (PID=156) to work on /home/airflow/.local/lib/python3.6/site-packages/airflow/example_dags/example_kubernetes_executor.py
[2021-10-24 23:48:24,739] {processor.py:620} INFO - Processing file /home/airflow/.local/lib/python3.6/site-packages/airflow/example_dags/example_kubernetes_executor.py for tasks to queue
[2021-10-24 23:48:24,740] {logging_mixin.py:109} INFO - [2021-10-24 23:48:24,740] {dagbag.py:500} INFO - Filling up the DagBag from /home/airflow/.local/lib/python3.6/site-packages/airflow/example_dags/example_kubernetes_executor.py
[2021-10-24 23:48:24,795] {processor.py:632} INFO - DAG(s) dict_keys(['example_kubernetes_executor']) retrieved from /home/airflow/.local/lib/python3.6/site-packages/airflow/example_dags/example_kubernetes_executor.py
[2021-10-24 23:48:24,820] {logging_mixin.py:109} INFO - [2021-10-24 23:48:24,820] {dag.py:2389} INFO - Sync 1 DAGs
[2021-10-24 23:48:24,856] {logging_mixin.py:109} INFO - [2021-10-24 23:48:24,855] {dag.py:2914} INFO - Setting next_dagrun for example_kubernetes_executor to None
[2021-10-24 23:48:24,869] {processor.py:171} INFO - Processing /home/airflow/.local/lib/python3.6/site-packages/airflow/example_dags/example_kubernetes_executor.py took 0.137 seconds
[2021-10-24 23:48:55,850] {processor.py:163} INFO - Started process (PID=219) to work on /home/airflow/.local/lib/python3.6/site-packages/airflow/example_dags/example_kubernetes_executor.py
[2021-10-24 23:48:55,851] {processor.py:620} INFO - Processing file /home/airflow/.local/lib/python3.6/site-packages/airflow/example_dags/example_kubernetes_executor.py for tasks to queue
[2021-10-24 23:48:55,852] {logging_mixin.py:109} INFO - [2021-10-24 23:48:55,852] {dagbag.py:500} INFO - Filling up the DagBag from /home/airflow/.local/lib/python3.6/site-packages/airflow/example_dags/example_kubernetes_executor.py
[2021-10-24 23:48:55,896] {processor.py:632} INFO - DAG(s) dict_keys(['example_kubernetes_executor']) retrieved from /home/airflow/.local/lib/python3.6/site-packages/airflow/example_dags/example_kubernetes_executor.py
[2021-10-24 23:48:55,919] {logging_mixin.py:109} INFO - [2021-10-24 23:48:55,919] {dag.py:2389} INFO - Sync 1 DAGs
[2021-10-24 23:48:55,950] {logging_mixin.py:109} INFO - [2021-10-24 23:48:55,949] {dag.py:2914} INFO - Setting next_dagrun for example_kubernetes_executor to None
[2021-10-24 23:48:55,968] {processor.py:171} INFO - Processing /home/airflow/.local/lib/python3.6/site-packages/airflow/example_dags/example_kubernetes_executor.py took 0.123 seconds
[2021-10-24 23:49:27,413] {processor.py:163} INFO - Started process (PID=285) to work on /home/airflow/.local/lib/python3.6/site-packages/airflow/example_dags/example_kubernetes_executor.py
[2021-10-24 23:49:27,415] {processor.py:620} INFO - Processing file /home/airflow/.local/lib/python3.6/site-packages/airflow/example_dags/example_kubernetes_executor.py for tasks to queue
[2021-10-24 23:49:27,416] {logging_mixin.py:109} INFO - [2021-10-24 23:49:27,415] {dagbag.py:500} INFO - Filling up the DagBag from /home/airflow/.local/lib/python3.6/site-packages/airflow/example_dags/example_kubernetes_executor.py
[2021-10-24 23:49:27,449] {processor.py:632} INFO - DAG(s) dict_keys(['example_kubernetes_executor']) retrieved from /home/airflow/.local/lib/python3.6/site-packages/airflow/example_dags/example_kubernetes_executor.py
[2021-10-24 23:49:27,462] {logging_mixin.py:109} INFO - [2021-10-24 23:49:27,462] {dag.py:2389} INFO - Sync 1 DAGs
[2021-10-24 23:49:27,483] {logging_mixin.py:109} INFO - [2021-10-24 23:49:27,483] {dag.py:2914} INFO - Setting next_dagrun for example_kubernetes_executor to None
[2021-10-24 23:49:27,494] {processor.py:171} INFO - Processing /home/airflow/.local/lib/python3.6/site-packages/airflow/example_dags/example_kubernetes_executor.py took 0.085 seconds
[2021-10-24 23:49:58,571] {processor.py:163} INFO - Started process (PID=348) to work on /home/airflow/.local/lib/python3.6/site-packages/airflow/example_dags/example_kubernetes_executor.py
[2021-10-24 23:49:58,572] {processor.py:620} INFO - Processing file /home/airflow/.local/lib/python3.6/site-packages/airflow/example_dags/example_kubernetes_executor.py for tasks to queue
[2021-10-24 23:49:58,573] {logging_mixin.py:109} INFO - [2021-10-24 23:49:58,573] {dagbag.py:500} INFO - Filling up the DagBag from /home/airflow/.local/lib/python3.6/site-packages/airflow/example_dags/example_kubernetes_executor.py
[2021-10-24 23:49:58,625] {processor.py:632} INFO - DAG(s) dict_keys(['example_kubernetes_executor']) retrieved from /home/airflow/.local/lib/python3.6/site-packages/airflow/example_dags/example_kubernetes_executor.py
[2021-10-24 23:49:58,649] {logging_mixin.py:109} INFO - [2021-10-24 23:49:58,648] {dag.py:2389} INFO - Sync 1 DAGs
[2021-10-24 23:49:58,679] {logging_mixin.py:109} INFO - [2021-10-24 23:49:58,678] {dag.py:2914} INFO - Setting next_dagrun for example_kubernetes_executor to None
[2021-10-24 23:49:58,697] {processor.py:171} INFO - Processing /home/airflow/.local/lib/python3.6/site-packages/airflow/example_dags/example_kubernetes_executor.py took 0.131 seconds
[2021-10-24 23:50:29,063] {processor.py:163} INFO - Started process (PID=406) to work on /home/airflow/.local/lib/python3.6/site-packages/airflow/example_dags/example_kubernetes_executor.py
[2021-10-24 23:50:29,064] {processor.py:620} INFO - Processing file /home/airflow/.local/lib/python3.6/site-packages/airflow/example_dags/example_kubernetes_executor.py for tasks to queue
[2021-10-24 23:50:29,066] {logging_mixin.py:109} INFO - [2021-10-24 23:50:29,065] {dagbag.py:500} INFO - Filling up the DagBag from /home/airflow/.local/lib/python3.6/site-packages/airflow/example_dags/example_kubernetes_executor.py
[2021-10-24 23:50:29,114] {processor.py:632} INFO - DAG(s) dict_keys(['example_kubernetes_executor']) retrieved from /home/airflow/.local/lib/python3.6/site-packages/airflow/example_dags/example_kubernetes_executor.py
[2021-10-24 23:50:29,131] {logging_mixin.py:109} INFO - [2021-10-24 23:50:29,131] {dag.py:2389} INFO - Sync 1 DAGs
[2021-10-24 23:50:29,160] {logging_mixin.py:109} INFO - [2021-10-24 23:50:29,160] {dag.py:2914} INFO - Setting next_dagrun for example_kubernetes_executor to None
[2021-10-24 23:50:29,181] {processor.py:171} INFO - Processing /home/airflow/.local/lib/python3.6/site-packages/airflow/example_dags/example_kubernetes_executor.py took 0.121 seconds
[2021-10-24 23:50:59,667] {processor.py:163} INFO - Started process (PID=471) to work on /home/airflow/.local/lib/python3.6/site-packages/airflow/example_dags/example_kubernetes_executor.py
[2021-10-24 23:50:59,670] {processor.py:620} INFO - Processing file /home/airflow/.local/lib/python3.6/site-packages/airflow/example_dags/example_kubernetes_executor.py for tasks to queue
[2021-10-24 23:50:59,672] {logging_mixin.py:109} INFO - [2021-10-24 23:50:59,672] {dagbag.py:500} INFO - Filling up the DagBag from /home/airflow/.local/lib/python3.6/site-packages/airflow/example_dags/example_kubernetes_executor.py
[2021-10-24 23:50:59,720] {processor.py:632} INFO - DAG(s) dict_keys(['example_kubernetes_executor']) retrieved from /home/airflow/.local/lib/python3.6/site-packages/airflow/example_dags/example_kubernetes_executor.py
[2021-10-24 23:50:59,742] {logging_mixin.py:109} INFO - [2021-10-24 23:50:59,742] {dag.py:2389} INFO - Sync 1 DAGs
[2021-10-24 23:50:59,766] {logging_mixin.py:109} INFO - [2021-10-24 23:50:59,766] {dag.py:2914} INFO - Setting next_dagrun for example_kubernetes_executor to None
[2021-10-24 23:50:59,787] {processor.py:171} INFO - Processing /home/airflow/.local/lib/python3.6/site-packages/airflow/example_dags/example_kubernetes_executor.py took 0.127 seconds
[2021-10-24 23:51:30,584] {processor.py:163} INFO - Started process (PID=541) to work on /home/airflow/.local/lib/python3.6/site-packages/airflow/example_dags/example_kubernetes_executor.py
[2021-10-24 23:51:30,586] {processor.py:620} INFO - Processing file /home/airflow/.local/lib/python3.6/site-packages/airflow/example_dags/example_kubernetes_executor.py for tasks to queue
[2021-10-24 23:51:30,587] {logging_mixin.py:109} INFO - [2021-10-24 23:51:30,587] {dagbag.py:500} INFO - Filling up the DagBag from /home/airflow/.local/lib/python3.6/site-packages/airflow/example_dags/example_kubernetes_executor.py
[2021-10-24 23:51:30,651] {processor.py:632} INFO - DAG(s) dict_keys(['example_kubernetes_executor']) retrieved from /home/airflow/.local/lib/python3.6/site-packages/airflow/example_dags/example_kubernetes_executor.py
[2021-10-24 23:51:30,674] {logging_mixin.py:109} INFO - [2021-10-24 23:51:30,674] {dag.py:2389} INFO - Sync 1 DAGs
[2021-10-24 23:51:30,695] {logging_mixin.py:109} INFO - [2021-10-24 23:51:30,695] {dag.py:2914} INFO - Setting next_dagrun for example_kubernetes_executor to None
[2021-10-24 23:51:30,718] {processor.py:171} INFO - Processing /home/airflow/.local/lib/python3.6/site-packages/airflow/example_dags/example_kubernetes_executor.py took 0.140 seconds
[2021-10-24 23:52:01,432] {processor.py:163} INFO - Started process (PID=605) to work on /home/airflow/.local/lib/python3.6/site-packages/airflow/example_dags/example_kubernetes_executor.py
[2021-10-24 23:52:01,435] {processor.py:620} INFO - Processing file /home/airflow/.local/lib/python3.6/site-packages/airflow/example_dags/example_kubernetes_executor.py for tasks to queue
[2021-10-24 23:52:01,437] {logging_mixin.py:109} INFO - [2021-10-24 23:52:01,437] {dagbag.py:500} INFO - Filling up the DagBag from /home/airflow/.local/lib/python3.6/site-packages/airflow/example_dags/example_kubernetes_executor.py
[2021-10-24 23:52:01,504] {processor.py:632} INFO - DAG(s) dict_keys(['example_kubernetes_executor']) retrieved from /home/airflow/.local/lib/python3.6/site-packages/airflow/example_dags/example_kubernetes_executor.py
[2021-10-24 23:52:01,526] {logging_mixin.py:109} INFO - [2021-10-24 23:52:01,526] {dag.py:2389} INFO - Sync 1 DAGs
[2021-10-24 23:52:01,551] {logging_mixin.py:109} INFO - [2021-10-24 23:52:01,551] {dag.py:2914} INFO - Setting next_dagrun for example_kubernetes_executor to None
[2021-10-24 23:52:01,562] {processor.py:171} INFO - Processing /home/airflow/.local/lib/python3.6/site-packages/airflow/example_dags/example_kubernetes_executor.py took 0.141 seconds
[2021-10-24 23:52:32,421] {processor.py:163} INFO - Started process (PID=669) to work on /home/airflow/.local/lib/python3.6/site-packages/airflow/example_dags/example_kubernetes_executor.py
[2021-10-24 23:52:32,423] {processor.py:620} INFO - Processing file /home/airflow/.local/lib/python3.6/site-packages/airflow/example_dags/example_kubernetes_executor.py for tasks to queue
[2021-10-24 23:52:32,425] {logging_mixin.py:109} INFO - [2021-10-24 23:52:32,424] {dagbag.py:500} INFO - Filling up the DagBag from /home/airflow/.local/lib/python3.6/site-packages/airflow/example_dags/example_kubernetes_executor.py
[2021-10-24 23:52:32,465] {processor.py:632} INFO - DAG(s) dict_keys(['example_kubernetes_executor']) retrieved from /home/airflow/.local/lib/python3.6/site-packages/airflow/example_dags/example_kubernetes_executor.py
[2021-10-24 23:52:32,486] {logging_mixin.py:109} INFO - [2021-10-24 23:52:32,486] {dag.py:2389} INFO - Sync 1 DAGs
[2021-10-24 23:52:32,514] {logging_mixin.py:109} INFO - [2021-10-24 23:52:32,513] {dag.py:2914} INFO - Setting next_dagrun for example_kubernetes_executor to None
[2021-10-24 23:52:32,527] {processor.py:171} INFO - Processing /home/airflow/.local/lib/python3.6/site-packages/airflow/example_dags/example_kubernetes_executor.py took 0.111 seconds
[2021-10-24 23:53:03,283] {processor.py:163} INFO - Started process (PID=734) to work on /home/airflow/.local/lib/python3.6/site-packages/airflow/example_dags/example_kubernetes_executor.py
[2021-10-24 23:53:03,285] {processor.py:620} INFO - Processing file /home/airflow/.local/lib/python3.6/site-packages/airflow/example_dags/example_kubernetes_executor.py for tasks to queue
[2021-10-24 23:53:03,286] {logging_mixin.py:109} INFO - [2021-10-24 23:53:03,286] {dagbag.py:500} INFO - Filling up the DagBag from /home/airflow/.local/lib/python3.6/site-packages/airflow/example_dags/example_kubernetes_executor.py
[2021-10-24 23:53:03,318] {processor.py:632} INFO - DAG(s) dict_keys(['example_kubernetes_executor']) retrieved from /home/airflow/.local/lib/python3.6/site-packages/airflow/example_dags/example_kubernetes_executor.py
[2021-10-24 23:53:03,329] {logging_mixin.py:109} INFO - [2021-10-24 23:53:03,329] {dag.py:2389} INFO - Sync 1 DAGs
[2021-10-24 23:53:03,345] {logging_mixin.py:109} INFO - [2021-10-24 23:53:03,345] {dag.py:2914} INFO - Setting next_dagrun for example_kubernetes_executor to None
[2021-10-24 23:53:03,353] {processor.py:171} INFO - Processing /home/airflow/.local/lib/python3.6/site-packages/airflow/example_dags/example_kubernetes_executor.py took 0.076 seconds
[2021-10-24 23:53:33,964] {processor.py:163} INFO - Started process (PID=809) to work on /home/airflow/.local/lib/python3.6/site-packages/airflow/example_dags/example_kubernetes_executor.py
[2021-10-24 23:53:33,966] {processor.py:620} INFO - Processing file /home/airflow/.local/lib/python3.6/site-packages/airflow/example_dags/example_kubernetes_executor.py for tasks to queue
[2021-10-24 23:53:33,967] {logging_mixin.py:109} INFO - [2021-10-24 23:53:33,967] {dagbag.py:500} INFO - Filling up the DagBag from /home/airflow/.local/lib/python3.6/site-packages/airflow/example_dags/example_kubernetes_executor.py
[2021-10-24 23:53:34,025] {processor.py:632} INFO - DAG(s) dict_keys(['example_kubernetes_executor']) retrieved from /home/airflow/.local/lib/python3.6/site-packages/airflow/example_dags/example_kubernetes_executor.py
[2021-10-24 23:53:34,049] {logging_mixin.py:109} INFO - [2021-10-24 23:53:34,049] {dag.py:2389} INFO - Sync 1 DAGs
[2021-10-24 23:53:34,082] {logging_mixin.py:109} INFO - [2021-10-24 23:53:34,082] {dag.py:2914} INFO - Setting next_dagrun for example_kubernetes_executor to None
[2021-10-24 23:53:34,101] {processor.py:171} INFO - Processing /home/airflow/.local/lib/python3.6/site-packages/airflow/example_dags/example_kubernetes_executor.py took 0.146 seconds
[2021-10-24 23:54:04,277] {processor.py:163} INFO - Started process (PID=877) to work on /home/airflow/.local/lib/python3.6/site-packages/airflow/example_dags/example_kubernetes_executor.py
[2021-10-24 23:54:04,278] {processor.py:620} INFO - Processing file /home/airflow/.local/lib/python3.6/site-packages/airflow/example_dags/example_kubernetes_executor.py for tasks to queue
[2021-10-24 23:54:04,279] {logging_mixin.py:109} INFO - [2021-10-24 23:54:04,279] {dagbag.py:500} INFO - Filling up the DagBag from /home/airflow/.local/lib/python3.6/site-packages/airflow/example_dags/example_kubernetes_executor.py
[2021-10-24 23:54:04,302] {processor.py:632} INFO - DAG(s) dict_keys(['example_kubernetes_executor']) retrieved from /home/airflow/.local/lib/python3.6/site-packages/airflow/example_dags/example_kubernetes_executor.py
[2021-10-24 23:54:04,312] {logging_mixin.py:109} INFO - [2021-10-24 23:54:04,312] {dag.py:2389} INFO - Sync 1 DAGs
[2021-10-24 23:54:04,326] {logging_mixin.py:109} INFO - [2021-10-24 23:54:04,325] {dag.py:2914} INFO - Setting next_dagrun for example_kubernetes_executor to None
[2021-10-24 23:54:04,335] {processor.py:171} INFO - Processing /home/airflow/.local/lib/python3.6/site-packages/airflow/example_dags/example_kubernetes_executor.py took 0.061 seconds
[2021-10-24 23:54:35,142] {processor.py:163} INFO - Started process (PID=942) to work on /home/airflow/.local/lib/python3.6/site-packages/airflow/example_dags/example_kubernetes_executor.py
[2021-10-24 23:54:35,144] {processor.py:620} INFO - Processing file /home/airflow/.local/lib/python3.6/site-packages/airflow/example_dags/example_kubernetes_executor.py for tasks to queue
[2021-10-24 23:54:35,144] {logging_mixin.py:109} INFO - [2021-10-24 23:54:35,144] {dagbag.py:500} INFO - Filling up the DagBag from /home/airflow/.local/lib/python3.6/site-packages/airflow/example_dags/example_kubernetes_executor.py
[2021-10-24 23:54:35,175] {processor.py:632} INFO - DAG(s) dict_keys(['example_kubernetes_executor']) retrieved from /home/airflow/.local/lib/python3.6/site-packages/airflow/example_dags/example_kubernetes_executor.py
[2021-10-24 23:54:35,189] {logging_mixin.py:109} INFO - [2021-10-24 23:54:35,189] {dag.py:2389} INFO - Sync 1 DAGs
[2021-10-24 23:54:35,208] {logging_mixin.py:109} INFO - [2021-10-24 23:54:35,208] {dag.py:2914} INFO - Setting next_dagrun for example_kubernetes_executor to None
[2021-10-24 23:54:35,216] {processor.py:171} INFO - Processing /home/airflow/.local/lib/python3.6/site-packages/airflow/example_dags/example_kubernetes_executor.py took 0.078 seconds
[2021-10-24 23:55:05,737] {processor.py:163} INFO - Started process (PID=1007) to work on /home/airflow/.local/lib/python3.6/site-packages/airflow/example_dags/example_kubernetes_executor.py
[2021-10-24 23:55:05,739] {processor.py:620} INFO - Processing file /home/airflow/.local/lib/python3.6/site-packages/airflow/example_dags/example_kubernetes_executor.py for tasks to queue
[2021-10-24 23:55:05,739] {logging_mixin.py:109} INFO - [2021-10-24 23:55:05,739] {dagbag.py:500} INFO - Filling up the DagBag from /home/airflow/.local/lib/python3.6/site-packages/airflow/example_dags/example_kubernetes_executor.py
[2021-10-24 23:55:05,771] {processor.py:632} INFO - DAG(s) dict_keys(['example_kubernetes_executor']) retrieved from /home/airflow/.local/lib/python3.6/site-packages/airflow/example_dags/example_kubernetes_executor.py
[2021-10-24 23:55:05,783] {logging_mixin.py:109} INFO - [2021-10-24 23:55:05,782] {dag.py:2389} INFO - Sync 1 DAGs
[2021-10-24 23:55:05,798] {logging_mixin.py:109} INFO - [2021-10-24 23:55:05,798] {dag.py:2914} INFO - Setting next_dagrun for example_kubernetes_executor to None
[2021-10-24 23:55:05,806] {processor.py:171} INFO - Processing /home/airflow/.local/lib/python3.6/site-packages/airflow/example_dags/example_kubernetes_executor.py took 0.072 seconds
[2021-10-24 23:55:35,913] {processor.py:163} INFO - Started process (PID=1081) to work on /home/airflow/.local/lib/python3.6/site-packages/airflow/example_dags/example_kubernetes_executor.py
[2021-10-24 23:55:35,914] {processor.py:620} INFO - Processing file /home/airflow/.local/lib/python3.6/site-packages/airflow/example_dags/example_kubernetes_executor.py for tasks to queue
[2021-10-24 23:55:35,914] {logging_mixin.py:109} INFO - [2021-10-24 23:55:35,914] {dagbag.py:500} INFO - Filling up the DagBag from /home/airflow/.local/lib/python3.6/site-packages/airflow/example_dags/example_kubernetes_executor.py
[2021-10-24 23:55:35,938] {processor.py:632} INFO - DAG(s) dict_keys(['example_kubernetes_executor']) retrieved from /home/airflow/.local/lib/python3.6/site-packages/airflow/example_dags/example_kubernetes_executor.py
[2021-10-24 23:55:35,948] {logging_mixin.py:109} INFO - [2021-10-24 23:55:35,948] {dag.py:2389} INFO - Sync 1 DAGs
[2021-10-24 23:55:35,963] {logging_mixin.py:109} INFO - [2021-10-24 23:55:35,963] {dag.py:2914} INFO - Setting next_dagrun for example_kubernetes_executor to None
[2021-10-24 23:55:35,971] {processor.py:171} INFO - Processing /home/airflow/.local/lib/python3.6/site-packages/airflow/example_dags/example_kubernetes_executor.py took 0.061 seconds
[2021-10-24 23:56:06,495] {processor.py:163} INFO - Started process (PID=1145) to work on /home/airflow/.local/lib/python3.6/site-packages/airflow/example_dags/example_kubernetes_executor.py
[2021-10-24 23:56:06,496] {processor.py:620} INFO - Processing file /home/airflow/.local/lib/python3.6/site-packages/airflow/example_dags/example_kubernetes_executor.py for tasks to queue
[2021-10-24 23:56:06,497] {logging_mixin.py:109} INFO - [2021-10-24 23:56:06,496] {dagbag.py:500} INFO - Filling up the DagBag from /home/airflow/.local/lib/python3.6/site-packages/airflow/example_dags/example_kubernetes_executor.py
[2021-10-24 23:56:06,523] {processor.py:632} INFO - DAG(s) dict_keys(['example_kubernetes_executor']) retrieved from /home/airflow/.local/lib/python3.6/site-packages/airflow/example_dags/example_kubernetes_executor.py
[2021-10-24 23:56:06,535] {logging_mixin.py:109} INFO - [2021-10-24 23:56:06,535] {dag.py:2389} INFO - Sync 1 DAGs
[2021-10-24 23:56:06,553] {logging_mixin.py:109} INFO - [2021-10-24 23:56:06,553] {dag.py:2914} INFO - Setting next_dagrun for example_kubernetes_executor to None
[2021-10-24 23:56:06,562] {processor.py:171} INFO - Processing /home/airflow/.local/lib/python3.6/site-packages/airflow/example_dags/example_kubernetes_executor.py took 0.070 seconds
[2021-10-24 23:56:37,388] {processor.py:163} INFO - Started process (PID=1220) to work on /home/airflow/.local/lib/python3.6/site-packages/airflow/example_dags/example_kubernetes_executor.py
[2021-10-24 23:56:37,390] {processor.py:620} INFO - Processing file /home/airflow/.local/lib/python3.6/site-packages/airflow/example_dags/example_kubernetes_executor.py for tasks to queue
[2021-10-24 23:56:37,390] {logging_mixin.py:109} INFO - [2021-10-24 23:56:37,390] {dagbag.py:500} INFO - Filling up the DagBag from /home/airflow/.local/lib/python3.6/site-packages/airflow/example_dags/example_kubernetes_executor.py
[2021-10-24 23:56:37,415] {processor.py:632} INFO - DAG(s) dict_keys(['example_kubernetes_executor']) retrieved from /home/airflow/.local/lib/python3.6/site-packages/airflow/example_dags/example_kubernetes_executor.py
[2021-10-24 23:56:37,428] {logging_mixin.py:109} INFO - [2021-10-24 23:56:37,428] {dag.py:2389} INFO - Sync 1 DAGs
[2021-10-24 23:56:37,450] {logging_mixin.py:109} INFO - [2021-10-24 23:56:37,449] {dag.py:2914} INFO - Setting next_dagrun for example_kubernetes_executor to None
[2021-10-24 23:56:37,460] {processor.py:171} INFO - Processing /home/airflow/.local/lib/python3.6/site-packages/airflow/example_dags/example_kubernetes_executor.py took 0.075 seconds
[2021-10-24 23:57:08,298] {processor.py:163} INFO - Started process (PID=1284) to work on /home/airflow/.local/lib/python3.6/site-packages/airflow/example_dags/example_kubernetes_executor.py
[2021-10-24 23:57:08,299] {processor.py:620} INFO - Processing file /home/airflow/.local/lib/python3.6/site-packages/airflow/example_dags/example_kubernetes_executor.py for tasks to queue
[2021-10-24 23:57:08,300] {logging_mixin.py:109} INFO - [2021-10-24 23:57:08,300] {dagbag.py:500} INFO - Filling up the DagBag from /home/airflow/.local/lib/python3.6/site-packages/airflow/example_dags/example_kubernetes_executor.py
[2021-10-24 23:57:08,326] {processor.py:632} INFO - DAG(s) dict_keys(['example_kubernetes_executor']) retrieved from /home/airflow/.local/lib/python3.6/site-packages/airflow/example_dags/example_kubernetes_executor.py
[2021-10-24 23:57:08,336] {logging_mixin.py:109} INFO - [2021-10-24 23:57:08,336] {dag.py:2389} INFO - Sync 1 DAGs
[2021-10-24 23:57:08,351] {logging_mixin.py:109} INFO - [2021-10-24 23:57:08,351] {dag.py:2914} INFO - Setting next_dagrun for example_kubernetes_executor to None
[2021-10-24 23:57:08,358] {processor.py:171} INFO - Processing /home/airflow/.local/lib/python3.6/site-packages/airflow/example_dags/example_kubernetes_executor.py took 0.064 seconds
[2021-10-24 23:57:39,178] {processor.py:163} INFO - Started process (PID=1349) to work on /home/airflow/.local/lib/python3.6/site-packages/airflow/example_dags/example_kubernetes_executor.py
[2021-10-24 23:57:39,180] {processor.py:620} INFO - Processing file /home/airflow/.local/lib/python3.6/site-packages/airflow/example_dags/example_kubernetes_executor.py for tasks to queue
[2021-10-24 23:57:39,186] {logging_mixin.py:109} INFO - [2021-10-24 23:57:39,186] {dagbag.py:500} INFO - Filling up the DagBag from /home/airflow/.local/lib/python3.6/site-packages/airflow/example_dags/example_kubernetes_executor.py
[2021-10-24 23:57:39,259] {processor.py:632} INFO - DAG(s) dict_keys(['example_kubernetes_executor']) retrieved from /home/airflow/.local/lib/python3.6/site-packages/airflow/example_dags/example_kubernetes_executor.py
[2021-10-24 23:57:39,281] {logging_mixin.py:109} INFO - [2021-10-24 23:57:39,281] {dag.py:2389} INFO - Sync 1 DAGs
[2021-10-24 23:57:39,308] {logging_mixin.py:109} INFO - [2021-10-24 23:57:39,307] {dag.py:2914} INFO - Setting next_dagrun for example_kubernetes_executor to None
[2021-10-24 23:57:39,321] {processor.py:171} INFO - Processing /home/airflow/.local/lib/python3.6/site-packages/airflow/example_dags/example_kubernetes_executor.py took 0.147 seconds
[2021-10-24 23:58:10,407] {processor.py:163} INFO - Started process (PID=1426) to work on /home/airflow/.local/lib/python3.6/site-packages/airflow/example_dags/example_kubernetes_executor.py
[2021-10-24 23:58:10,410] {processor.py:620} INFO - Processing file /home/airflow/.local/lib/python3.6/site-packages/airflow/example_dags/example_kubernetes_executor.py for tasks to queue
[2021-10-24 23:58:10,411] {logging_mixin.py:109} INFO - [2021-10-24 23:58:10,411] {dagbag.py:500} INFO - Filling up the DagBag from /home/airflow/.local/lib/python3.6/site-packages/airflow/example_dags/example_kubernetes_executor.py
[2021-10-24 23:58:10,458] {processor.py:632} INFO - DAG(s) dict_keys(['example_kubernetes_executor']) retrieved from /home/airflow/.local/lib/python3.6/site-packages/airflow/example_dags/example_kubernetes_executor.py
[2021-10-24 23:58:10,477] {logging_mixin.py:109} INFO - [2021-10-24 23:58:10,477] {dag.py:2389} INFO - Sync 1 DAGs
[2021-10-24 23:58:10,502] {logging_mixin.py:109} INFO - [2021-10-24 23:58:10,502] {dag.py:2914} INFO - Setting next_dagrun for example_kubernetes_executor to None
[2021-10-24 23:58:10,515] {processor.py:171} INFO - Processing /home/airflow/.local/lib/python3.6/site-packages/airflow/example_dags/example_kubernetes_executor.py took 0.115 seconds
[2021-10-24 23:58:41,017] {processor.py:163} INFO - Started process (PID=1492) to work on /home/airflow/.local/lib/python3.6/site-packages/airflow/example_dags/example_kubernetes_executor.py
[2021-10-24 23:58:41,018] {processor.py:620} INFO - Processing file /home/airflow/.local/lib/python3.6/site-packages/airflow/example_dags/example_kubernetes_executor.py for tasks to queue
[2021-10-24 23:58:41,019] {logging_mixin.py:109} INFO - [2021-10-24 23:58:41,019] {dagbag.py:500} INFO - Filling up the DagBag from /home/airflow/.local/lib/python3.6/site-packages/airflow/example_dags/example_kubernetes_executor.py
[2021-10-24 23:58:41,052] {processor.py:632} INFO - DAG(s) dict_keys(['example_kubernetes_executor']) retrieved from /home/airflow/.local/lib/python3.6/site-packages/airflow/example_dags/example_kubernetes_executor.py
[2021-10-24 23:58:41,068] {logging_mixin.py:109} INFO - [2021-10-24 23:58:41,068] {dag.py:2389} INFO - Sync 1 DAGs
[2021-10-24 23:58:41,087] {logging_mixin.py:109} INFO - [2021-10-24 23:58:41,086] {dag.py:2914} INFO - Setting next_dagrun for example_kubernetes_executor to None
[2021-10-24 23:58:41,097] {processor.py:171} INFO - Processing /home/airflow/.local/lib/python3.6/site-packages/airflow/example_dags/example_kubernetes_executor.py took 0.084 seconds
[2021-10-24 23:59:11,649] {processor.py:163} INFO - Started process (PID=1558) to work on /home/airflow/.local/lib/python3.6/site-packages/airflow/example_dags/example_kubernetes_executor.py
[2021-10-24 23:59:11,650] {processor.py:620} INFO - Processing file /home/airflow/.local/lib/python3.6/site-packages/airflow/example_dags/example_kubernetes_executor.py for tasks to queue
[2021-10-24 23:59:11,651] {logging_mixin.py:109} INFO - [2021-10-24 23:59:11,651] {dagbag.py:500} INFO - Filling up the DagBag from /home/airflow/.local/lib/python3.6/site-packages/airflow/example_dags/example_kubernetes_executor.py
[2021-10-24 23:59:11,681] {processor.py:632} INFO - DAG(s) dict_keys(['example_kubernetes_executor']) retrieved from /home/airflow/.local/lib/python3.6/site-packages/airflow/example_dags/example_kubernetes_executor.py
[2021-10-24 23:59:11,696] {logging_mixin.py:109} INFO - [2021-10-24 23:59:11,696] {dag.py:2389} INFO - Sync 1 DAGs
[2021-10-24 23:59:11,720] {logging_mixin.py:109} INFO - [2021-10-24 23:59:11,719] {dag.py:2914} INFO - Setting next_dagrun for example_kubernetes_executor to None
[2021-10-24 23:59:11,730] {processor.py:171} INFO - Processing /home/airflow/.local/lib/python3.6/site-packages/airflow/example_dags/example_kubernetes_executor.py took 0.084 seconds
[2021-10-24 23:59:42,619] {processor.py:163} INFO - Started process (PID=1634) to work on /home/airflow/.local/lib/python3.6/site-packages/airflow/example_dags/example_kubernetes_executor.py
[2021-10-24 23:59:42,621] {processor.py:620} INFO - Processing file /home/airflow/.local/lib/python3.6/site-packages/airflow/example_dags/example_kubernetes_executor.py for tasks to queue
[2021-10-24 23:59:42,622] {logging_mixin.py:109} INFO - [2021-10-24 23:59:42,622] {dagbag.py:500} INFO - Filling up the DagBag from /home/airflow/.local/lib/python3.6/site-packages/airflow/example_dags/example_kubernetes_executor.py
[2021-10-24 23:59:42,678] {processor.py:632} INFO - DAG(s) dict_keys(['example_kubernetes_executor']) retrieved from /home/airflow/.local/lib/python3.6/site-packages/airflow/example_dags/example_kubernetes_executor.py
[2021-10-24 23:59:42,700] {logging_mixin.py:109} INFO - [2021-10-24 23:59:42,699] {dag.py:2389} INFO - Sync 1 DAGs
[2021-10-24 23:59:42,730] {logging_mixin.py:109} INFO - [2021-10-24 23:59:42,730] {dag.py:2914} INFO - Setting next_dagrun for example_kubernetes_executor to None
[2021-10-24 23:59:42,747] {processor.py:171} INFO - Processing /home/airflow/.local/lib/python3.6/site-packages/airflow/example_dags/example_kubernetes_executor.py took 0.133 seconds
