[2021-10-24 22:55:16,583] {processor.py:163} INFO - Started process (PID=71) to work on /home/airflow/.local/lib/python3.6/site-packages/airflow/example_dags/example_xcomargs.py
[2021-10-24 22:55:16,584] {processor.py:620} INFO - Processing file /home/airflow/.local/lib/python3.6/site-packages/airflow/example_dags/example_xcomargs.py for tasks to queue
[2021-10-24 22:55:16,585] {logging_mixin.py:109} INFO - [2021-10-24 22:55:16,584] {dagbag.py:500} INFO - Filling up the DagBag from /home/airflow/.local/lib/python3.6/site-packages/airflow/example_dags/example_xcomargs.py
[2021-10-24 22:55:16,620] {processor.py:632} INFO - DAG(s) dict_keys(['example_xcom_args', 'example_xcom_args_with_operators']) retrieved from /home/airflow/.local/lib/python3.6/site-packages/airflow/example_dags/example_xcomargs.py
[2021-10-24 22:55:16,848] {logging_mixin.py:109} INFO - [2021-10-24 22:55:16,848] {dag.py:2389} INFO - Sync 2 DAGs
[2021-10-24 22:55:16,862] {logging_mixin.py:109} INFO - [2021-10-24 22:55:16,862] {dag.py:2914} INFO - Setting next_dagrun for example_xcom_args to None
[2021-10-24 22:55:16,862] {logging_mixin.py:109} INFO - [2021-10-24 22:55:16,862] {dag.py:2914} INFO - Setting next_dagrun for example_xcom_args_with_operators to None
[2021-10-24 22:55:16,872] {processor.py:171} INFO - Processing /home/airflow/.local/lib/python3.6/site-packages/airflow/example_dags/example_xcomargs.py took 0.292 seconds
[2021-10-24 22:55:47,883] {processor.py:163} INFO - Started process (PID=146) to work on /home/airflow/.local/lib/python3.6/site-packages/airflow/example_dags/example_xcomargs.py
[2021-10-24 22:55:47,883] {processor.py:620} INFO - Processing file /home/airflow/.local/lib/python3.6/site-packages/airflow/example_dags/example_xcomargs.py for tasks to queue
[2021-10-24 22:55:47,884] {logging_mixin.py:109} INFO - [2021-10-24 22:55:47,884] {dagbag.py:500} INFO - Filling up the DagBag from /home/airflow/.local/lib/python3.6/site-packages/airflow/example_dags/example_xcomargs.py
[2021-10-24 22:55:47,917] {processor.py:632} INFO - DAG(s) dict_keys(['example_xcom_args', 'example_xcom_args_with_operators']) retrieved from /home/airflow/.local/lib/python3.6/site-packages/airflow/example_dags/example_xcomargs.py
[2021-10-24 22:55:48,150] {logging_mixin.py:109} INFO - [2021-10-24 22:55:48,149] {dag.py:2389} INFO - Sync 2 DAGs
[2021-10-24 22:55:48,164] {logging_mixin.py:109} INFO - [2021-10-24 22:55:48,164] {dag.py:2914} INFO - Setting next_dagrun for example_xcom_args to None
[2021-10-24 22:55:48,164] {logging_mixin.py:109} INFO - [2021-10-24 22:55:48,164] {dag.py:2914} INFO - Setting next_dagrun for example_xcom_args_with_operators to None
[2021-10-24 22:55:48,174] {processor.py:171} INFO - Processing /home/airflow/.local/lib/python3.6/site-packages/airflow/example_dags/example_xcomargs.py took 0.294 seconds
[2021-10-24 22:56:18,204] {processor.py:163} INFO - Started process (PID=202) to work on /home/airflow/.local/lib/python3.6/site-packages/airflow/example_dags/example_xcomargs.py
[2021-10-24 22:56:18,205] {processor.py:620} INFO - Processing file /home/airflow/.local/lib/python3.6/site-packages/airflow/example_dags/example_xcomargs.py for tasks to queue
[2021-10-24 22:56:18,206] {logging_mixin.py:109} INFO - [2021-10-24 22:56:18,206] {dagbag.py:500} INFO - Filling up the DagBag from /home/airflow/.local/lib/python3.6/site-packages/airflow/example_dags/example_xcomargs.py
[2021-10-24 22:56:18,247] {processor.py:632} INFO - DAG(s) dict_keys(['example_xcom_args', 'example_xcom_args_with_operators']) retrieved from /home/airflow/.local/lib/python3.6/site-packages/airflow/example_dags/example_xcomargs.py
[2021-10-24 22:56:18,522] {logging_mixin.py:109} INFO - [2021-10-24 22:56:18,522] {dag.py:2389} INFO - Sync 2 DAGs
[2021-10-24 22:56:18,535] {logging_mixin.py:109} INFO - [2021-10-24 22:56:18,535] {dag.py:2914} INFO - Setting next_dagrun for example_xcom_args to None
[2021-10-24 22:56:18,536] {logging_mixin.py:109} INFO - [2021-10-24 22:56:18,535] {dag.py:2914} INFO - Setting next_dagrun for example_xcom_args_with_operators to None
[2021-10-24 22:56:18,545] {processor.py:171} INFO - Processing /home/airflow/.local/lib/python3.6/site-packages/airflow/example_dags/example_xcomargs.py took 0.345 seconds
[2021-10-24 22:57:28,553] {processor.py:163} INFO - Started process (PID=71) to work on /home/airflow/.local/lib/python3.6/site-packages/airflow/example_dags/example_xcomargs.py
[2021-10-24 22:57:28,554] {processor.py:620} INFO - Processing file /home/airflow/.local/lib/python3.6/site-packages/airflow/example_dags/example_xcomargs.py for tasks to queue
[2021-10-24 22:57:28,555] {logging_mixin.py:109} INFO - [2021-10-24 22:57:28,555] {dagbag.py:500} INFO - Filling up the DagBag from /home/airflow/.local/lib/python3.6/site-packages/airflow/example_dags/example_xcomargs.py
[2021-10-24 22:57:28,598] {processor.py:632} INFO - DAG(s) dict_keys(['example_xcom_args', 'example_xcom_args_with_operators']) retrieved from /home/airflow/.local/lib/python3.6/site-packages/airflow/example_dags/example_xcomargs.py
[2021-10-24 22:57:28,859] {logging_mixin.py:109} INFO - [2021-10-24 22:57:28,859] {dag.py:2389} INFO - Sync 2 DAGs
[2021-10-24 22:57:28,881] {logging_mixin.py:109} INFO - [2021-10-24 22:57:28,881] {dag.py:2914} INFO - Setting next_dagrun for example_xcom_args to None
[2021-10-24 22:57:28,881] {logging_mixin.py:109} INFO - [2021-10-24 22:57:28,881] {dag.py:2914} INFO - Setting next_dagrun for example_xcom_args_with_operators to None
[2021-10-24 22:57:28,894] {processor.py:171} INFO - Processing /home/airflow/.local/lib/python3.6/site-packages/airflow/example_dags/example_xcomargs.py took 0.345 seconds
[2021-10-24 22:57:59,096] {processor.py:163} INFO - Started process (PID=144) to work on /home/airflow/.local/lib/python3.6/site-packages/airflow/example_dags/example_xcomargs.py
[2021-10-24 22:57:59,097] {processor.py:620} INFO - Processing file /home/airflow/.local/lib/python3.6/site-packages/airflow/example_dags/example_xcomargs.py for tasks to queue
[2021-10-24 22:57:59,098] {logging_mixin.py:109} INFO - [2021-10-24 22:57:59,098] {dagbag.py:500} INFO - Filling up the DagBag from /home/airflow/.local/lib/python3.6/site-packages/airflow/example_dags/example_xcomargs.py
[2021-10-24 22:57:59,130] {processor.py:632} INFO - DAG(s) dict_keys(['example_xcom_args', 'example_xcom_args_with_operators']) retrieved from /home/airflow/.local/lib/python3.6/site-packages/airflow/example_dags/example_xcomargs.py
[2021-10-24 22:57:59,335] {logging_mixin.py:109} INFO - [2021-10-24 22:57:59,335] {dag.py:2389} INFO - Sync 2 DAGs
[2021-10-24 22:57:59,350] {logging_mixin.py:109} INFO - [2021-10-24 22:57:59,350] {dag.py:2914} INFO - Setting next_dagrun for example_xcom_args to None
[2021-10-24 22:57:59,350] {logging_mixin.py:109} INFO - [2021-10-24 22:57:59,350] {dag.py:2914} INFO - Setting next_dagrun for example_xcom_args_with_operators to None
[2021-10-24 22:57:59,362] {processor.py:171} INFO - Processing /home/airflow/.local/lib/python3.6/site-packages/airflow/example_dags/example_xcomargs.py took 0.269 seconds
[2021-10-24 22:58:29,567] {processor.py:163} INFO - Started process (PID=201) to work on /home/airflow/.local/lib/python3.6/site-packages/airflow/example_dags/example_xcomargs.py
[2021-10-24 22:58:29,568] {processor.py:620} INFO - Processing file /home/airflow/.local/lib/python3.6/site-packages/airflow/example_dags/example_xcomargs.py for tasks to queue
[2021-10-24 22:58:29,569] {logging_mixin.py:109} INFO - [2021-10-24 22:58:29,569] {dagbag.py:500} INFO - Filling up the DagBag from /home/airflow/.local/lib/python3.6/site-packages/airflow/example_dags/example_xcomargs.py
[2021-10-24 22:58:29,602] {processor.py:632} INFO - DAG(s) dict_keys(['example_xcom_args', 'example_xcom_args_with_operators']) retrieved from /home/airflow/.local/lib/python3.6/site-packages/airflow/example_dags/example_xcomargs.py
[2021-10-24 22:58:29,824] {logging_mixin.py:109} INFO - [2021-10-24 22:58:29,824] {dag.py:2389} INFO - Sync 2 DAGs
[2021-10-24 22:58:29,838] {logging_mixin.py:109} INFO - [2021-10-24 22:58:29,838] {dag.py:2914} INFO - Setting next_dagrun for example_xcom_args to None
[2021-10-24 22:58:29,838] {logging_mixin.py:109} INFO - [2021-10-24 22:58:29,838] {dag.py:2914} INFO - Setting next_dagrun for example_xcom_args_with_operators to None
[2021-10-24 22:58:29,848] {processor.py:171} INFO - Processing /home/airflow/.local/lib/python3.6/site-packages/airflow/example_dags/example_xcomargs.py took 0.283 seconds
[2021-10-24 22:59:00,788] {processor.py:163} INFO - Started process (PID=265) to work on /home/airflow/.local/lib/python3.6/site-packages/airflow/example_dags/example_xcomargs.py
[2021-10-24 22:59:00,789] {processor.py:620} INFO - Processing file /home/airflow/.local/lib/python3.6/site-packages/airflow/example_dags/example_xcomargs.py for tasks to queue
[2021-10-24 22:59:00,789] {logging_mixin.py:109} INFO - [2021-10-24 22:59:00,789] {dagbag.py:500} INFO - Filling up the DagBag from /home/airflow/.local/lib/python3.6/site-packages/airflow/example_dags/example_xcomargs.py
[2021-10-24 22:59:00,821] {processor.py:632} INFO - DAG(s) dict_keys(['example_xcom_args', 'example_xcom_args_with_operators']) retrieved from /home/airflow/.local/lib/python3.6/site-packages/airflow/example_dags/example_xcomargs.py
[2021-10-24 22:59:01,094] {logging_mixin.py:109} INFO - [2021-10-24 22:59:01,094] {dag.py:2389} INFO - Sync 2 DAGs
[2021-10-24 22:59:01,113] {logging_mixin.py:109} INFO - [2021-10-24 22:59:01,113] {dag.py:2914} INFO - Setting next_dagrun for example_xcom_args to None
[2021-10-24 22:59:01,113] {logging_mixin.py:109} INFO - [2021-10-24 22:59:01,113] {dag.py:2914} INFO - Setting next_dagrun for example_xcom_args_with_operators to None
[2021-10-24 22:59:01,125] {processor.py:171} INFO - Processing /home/airflow/.local/lib/python3.6/site-packages/airflow/example_dags/example_xcomargs.py took 0.340 seconds
[2021-10-24 22:59:31,613] {processor.py:163} INFO - Started process (PID=341) to work on /home/airflow/.local/lib/python3.6/site-packages/airflow/example_dags/example_xcomargs.py
[2021-10-24 22:59:31,616] {processor.py:620} INFO - Processing file /home/airflow/.local/lib/python3.6/site-packages/airflow/example_dags/example_xcomargs.py for tasks to queue
[2021-10-24 22:59:31,617] {logging_mixin.py:109} INFO - [2021-10-24 22:59:31,617] {dagbag.py:500} INFO - Filling up the DagBag from /home/airflow/.local/lib/python3.6/site-packages/airflow/example_dags/example_xcomargs.py
[2021-10-24 22:59:31,713] {processor.py:632} INFO - DAG(s) dict_keys(['example_xcom_args', 'example_xcom_args_with_operators']) retrieved from /home/airflow/.local/lib/python3.6/site-packages/airflow/example_dags/example_xcomargs.py
[2021-10-24 22:59:31,998] {logging_mixin.py:109} INFO - [2021-10-24 22:59:31,998] {dag.py:2389} INFO - Sync 2 DAGs
[2021-10-24 22:59:32,013] {logging_mixin.py:109} INFO - [2021-10-24 22:59:32,013] {dag.py:2914} INFO - Setting next_dagrun for example_xcom_args to None
[2021-10-24 22:59:32,013] {logging_mixin.py:109} INFO - [2021-10-24 22:59:32,013] {dag.py:2914} INFO - Setting next_dagrun for example_xcom_args_with_operators to None
[2021-10-24 22:59:32,024] {processor.py:171} INFO - Processing /home/airflow/.local/lib/python3.6/site-packages/airflow/example_dags/example_xcomargs.py took 0.420 seconds
[2021-10-24 23:47:51,409] {processor.py:163} INFO - Started process (PID=71) to work on /home/airflow/.local/lib/python3.6/site-packages/airflow/example_dags/example_xcomargs.py
[2021-10-24 23:47:51,410] {processor.py:620} INFO - Processing file /home/airflow/.local/lib/python3.6/site-packages/airflow/example_dags/example_xcomargs.py for tasks to queue
[2021-10-24 23:47:51,411] {logging_mixin.py:109} INFO - [2021-10-24 23:47:51,411] {dagbag.py:500} INFO - Filling up the DagBag from /home/airflow/.local/lib/python3.6/site-packages/airflow/example_dags/example_xcomargs.py
[2021-10-24 23:47:51,461] {processor.py:632} INFO - DAG(s) dict_keys(['example_xcom_args', 'example_xcom_args_with_operators']) retrieved from /home/airflow/.local/lib/python3.6/site-packages/airflow/example_dags/example_xcomargs.py
[2021-10-24 23:47:51,742] {logging_mixin.py:109} INFO - [2021-10-24 23:47:51,742] {dag.py:2389} INFO - Sync 2 DAGs
[2021-10-24 23:47:51,760] {logging_mixin.py:109} INFO - [2021-10-24 23:47:51,759] {dag.py:2914} INFO - Setting next_dagrun for example_xcom_args to None
[2021-10-24 23:47:51,760] {logging_mixin.py:109} INFO - [2021-10-24 23:47:51,760] {dag.py:2914} INFO - Setting next_dagrun for example_xcom_args_with_operators to None
[2021-10-24 23:47:51,771] {processor.py:171} INFO - Processing /home/airflow/.local/lib/python3.6/site-packages/airflow/example_dags/example_xcomargs.py took 0.366 seconds
[2021-10-24 23:48:22,353] {processor.py:163} INFO - Started process (PID=146) to work on /home/airflow/.local/lib/python3.6/site-packages/airflow/example_dags/example_xcomargs.py
[2021-10-24 23:48:22,361] {processor.py:620} INFO - Processing file /home/airflow/.local/lib/python3.6/site-packages/airflow/example_dags/example_xcomargs.py for tasks to queue
[2021-10-24 23:48:22,363] {logging_mixin.py:109} INFO - [2021-10-24 23:48:22,363] {dagbag.py:500} INFO - Filling up the DagBag from /home/airflow/.local/lib/python3.6/site-packages/airflow/example_dags/example_xcomargs.py
[2021-10-24 23:48:22,461] {processor.py:632} INFO - DAG(s) dict_keys(['example_xcom_args', 'example_xcom_args_with_operators']) retrieved from /home/airflow/.local/lib/python3.6/site-packages/airflow/example_dags/example_xcomargs.py
[2021-10-24 23:48:23,046] {logging_mixin.py:109} INFO - [2021-10-24 23:48:23,046] {dag.py:2389} INFO - Sync 2 DAGs
[2021-10-24 23:48:23,081] {logging_mixin.py:109} INFO - [2021-10-24 23:48:23,081] {dag.py:2914} INFO - Setting next_dagrun for example_xcom_args to None
[2021-10-24 23:48:23,082] {logging_mixin.py:109} INFO - [2021-10-24 23:48:23,082] {dag.py:2914} INFO - Setting next_dagrun for example_xcom_args_with_operators to None
[2021-10-24 23:48:23,100] {processor.py:171} INFO - Processing /home/airflow/.local/lib/python3.6/site-packages/airflow/example_dags/example_xcomargs.py took 0.753 seconds
[2021-10-24 23:48:53,218] {processor.py:163} INFO - Started process (PID=202) to work on /home/airflow/.local/lib/python3.6/site-packages/airflow/example_dags/example_xcomargs.py
[2021-10-24 23:48:53,220] {processor.py:620} INFO - Processing file /home/airflow/.local/lib/python3.6/site-packages/airflow/example_dags/example_xcomargs.py for tasks to queue
[2021-10-24 23:48:53,220] {logging_mixin.py:109} INFO - [2021-10-24 23:48:53,220] {dagbag.py:500} INFO - Filling up the DagBag from /home/airflow/.local/lib/python3.6/site-packages/airflow/example_dags/example_xcomargs.py
[2021-10-24 23:48:53,283] {processor.py:632} INFO - DAG(s) dict_keys(['example_xcom_args', 'example_xcom_args_with_operators']) retrieved from /home/airflow/.local/lib/python3.6/site-packages/airflow/example_dags/example_xcomargs.py
[2021-10-24 23:48:53,685] {logging_mixin.py:109} INFO - [2021-10-24 23:48:53,685] {dag.py:2389} INFO - Sync 2 DAGs
[2021-10-24 23:48:53,711] {logging_mixin.py:109} INFO - [2021-10-24 23:48:53,711] {dag.py:2914} INFO - Setting next_dagrun for example_xcom_args to None
[2021-10-24 23:48:53,711] {logging_mixin.py:109} INFO - [2021-10-24 23:48:53,711] {dag.py:2914} INFO - Setting next_dagrun for example_xcom_args_with_operators to None
[2021-10-24 23:48:53,729] {processor.py:171} INFO - Processing /home/airflow/.local/lib/python3.6/site-packages/airflow/example_dags/example_xcomargs.py took 0.515 seconds
[2021-10-24 23:49:24,391] {processor.py:163} INFO - Started process (PID=268) to work on /home/airflow/.local/lib/python3.6/site-packages/airflow/example_dags/example_xcomargs.py
[2021-10-24 23:49:24,395] {processor.py:620} INFO - Processing file /home/airflow/.local/lib/python3.6/site-packages/airflow/example_dags/example_xcomargs.py for tasks to queue
[2021-10-24 23:49:24,395] {logging_mixin.py:109} INFO - [2021-10-24 23:49:24,395] {dagbag.py:500} INFO - Filling up the DagBag from /home/airflow/.local/lib/python3.6/site-packages/airflow/example_dags/example_xcomargs.py
[2021-10-24 23:49:24,451] {processor.py:632} INFO - DAG(s) dict_keys(['example_xcom_args', 'example_xcom_args_with_operators']) retrieved from /home/airflow/.local/lib/python3.6/site-packages/airflow/example_dags/example_xcomargs.py
[2021-10-24 23:49:24,821] {logging_mixin.py:109} INFO - [2021-10-24 23:49:24,821] {dag.py:2389} INFO - Sync 2 DAGs
[2021-10-24 23:49:24,850] {logging_mixin.py:109} INFO - [2021-10-24 23:49:24,850] {dag.py:2914} INFO - Setting next_dagrun for example_xcom_args to None
[2021-10-24 23:49:24,851] {logging_mixin.py:109} INFO - [2021-10-24 23:49:24,851] {dag.py:2914} INFO - Setting next_dagrun for example_xcom_args_with_operators to None
[2021-10-24 23:49:24,868] {processor.py:171} INFO - Processing /home/airflow/.local/lib/python3.6/site-packages/airflow/example_dags/example_xcomargs.py took 0.480 seconds
[2021-10-24 23:49:55,294] {processor.py:163} INFO - Started process (PID=332) to work on /home/airflow/.local/lib/python3.6/site-packages/airflow/example_dags/example_xcomargs.py
[2021-10-24 23:49:55,296] {processor.py:620} INFO - Processing file /home/airflow/.local/lib/python3.6/site-packages/airflow/example_dags/example_xcomargs.py for tasks to queue
[2021-10-24 23:49:55,297] {logging_mixin.py:109} INFO - [2021-10-24 23:49:55,297] {dagbag.py:500} INFO - Filling up the DagBag from /home/airflow/.local/lib/python3.6/site-packages/airflow/example_dags/example_xcomargs.py
[2021-10-24 23:49:55,361] {processor.py:632} INFO - DAG(s) dict_keys(['example_xcom_args', 'example_xcom_args_with_operators']) retrieved from /home/airflow/.local/lib/python3.6/site-packages/airflow/example_dags/example_xcomargs.py
[2021-10-24 23:49:55,790] {logging_mixin.py:109} INFO - [2021-10-24 23:49:55,790] {dag.py:2389} INFO - Sync 2 DAGs
[2021-10-24 23:49:55,811] {logging_mixin.py:109} INFO - [2021-10-24 23:49:55,811] {dag.py:2914} INFO - Setting next_dagrun for example_xcom_args to None
[2021-10-24 23:49:55,811] {logging_mixin.py:109} INFO - [2021-10-24 23:49:55,811] {dag.py:2914} INFO - Setting next_dagrun for example_xcom_args_with_operators to None
[2021-10-24 23:49:55,831] {processor.py:171} INFO - Processing /home/airflow/.local/lib/python3.6/site-packages/airflow/example_dags/example_xcomargs.py took 0.542 seconds
[2021-10-24 23:50:26,234] {processor.py:163} INFO - Started process (PID=398) to work on /home/airflow/.local/lib/python3.6/site-packages/airflow/example_dags/example_xcomargs.py
[2021-10-24 23:50:26,239] {processor.py:620} INFO - Processing file /home/airflow/.local/lib/python3.6/site-packages/airflow/example_dags/example_xcomargs.py for tasks to queue
[2021-10-24 23:50:26,240] {logging_mixin.py:109} INFO - [2021-10-24 23:50:26,240] {dagbag.py:500} INFO - Filling up the DagBag from /home/airflow/.local/lib/python3.6/site-packages/airflow/example_dags/example_xcomargs.py
[2021-10-24 23:50:26,299] {processor.py:632} INFO - DAG(s) dict_keys(['example_xcom_args', 'example_xcom_args_with_operators']) retrieved from /home/airflow/.local/lib/python3.6/site-packages/airflow/example_dags/example_xcomargs.py
[2021-10-24 23:50:26,723] {logging_mixin.py:109} INFO - [2021-10-24 23:50:26,723] {dag.py:2389} INFO - Sync 2 DAGs
[2021-10-24 23:50:26,749] {logging_mixin.py:109} INFO - [2021-10-24 23:50:26,749] {dag.py:2914} INFO - Setting next_dagrun for example_xcom_args to None
[2021-10-24 23:50:26,750] {logging_mixin.py:109} INFO - [2021-10-24 23:50:26,750] {dag.py:2914} INFO - Setting next_dagrun for example_xcom_args_with_operators to None
[2021-10-24 23:50:26,764] {processor.py:171} INFO - Processing /home/airflow/.local/lib/python3.6/site-packages/airflow/example_dags/example_xcomargs.py took 0.535 seconds
[2021-10-24 23:50:56,850] {processor.py:163} INFO - Started process (PID=463) to work on /home/airflow/.local/lib/python3.6/site-packages/airflow/example_dags/example_xcomargs.py
[2021-10-24 23:50:56,853] {processor.py:620} INFO - Processing file /home/airflow/.local/lib/python3.6/site-packages/airflow/example_dags/example_xcomargs.py for tasks to queue
[2021-10-24 23:50:56,854] {logging_mixin.py:109} INFO - [2021-10-24 23:50:56,854] {dagbag.py:500} INFO - Filling up the DagBag from /home/airflow/.local/lib/python3.6/site-packages/airflow/example_dags/example_xcomargs.py
[2021-10-24 23:50:56,911] {processor.py:632} INFO - DAG(s) dict_keys(['example_xcom_args', 'example_xcom_args_with_operators']) retrieved from /home/airflow/.local/lib/python3.6/site-packages/airflow/example_dags/example_xcomargs.py
[2021-10-24 23:50:57,358] {logging_mixin.py:109} INFO - [2021-10-24 23:50:57,357] {dag.py:2389} INFO - Sync 2 DAGs
[2021-10-24 23:50:57,381] {logging_mixin.py:109} INFO - [2021-10-24 23:50:57,381] {dag.py:2914} INFO - Setting next_dagrun for example_xcom_args to None
[2021-10-24 23:50:57,381] {logging_mixin.py:109} INFO - [2021-10-24 23:50:57,381] {dag.py:2914} INFO - Setting next_dagrun for example_xcom_args_with_operators to None
[2021-10-24 23:50:57,402] {processor.py:171} INFO - Processing /home/airflow/.local/lib/python3.6/site-packages/airflow/example_dags/example_xcomargs.py took 0.555 seconds
[2021-10-24 23:51:27,546] {processor.py:163} INFO - Started process (PID=535) to work on /home/airflow/.local/lib/python3.6/site-packages/airflow/example_dags/example_xcomargs.py
[2021-10-24 23:51:27,547] {processor.py:620} INFO - Processing file /home/airflow/.local/lib/python3.6/site-packages/airflow/example_dags/example_xcomargs.py for tasks to queue
[2021-10-24 23:51:27,548] {logging_mixin.py:109} INFO - [2021-10-24 23:51:27,548] {dagbag.py:500} INFO - Filling up the DagBag from /home/airflow/.local/lib/python3.6/site-packages/airflow/example_dags/example_xcomargs.py
[2021-10-24 23:51:27,600] {processor.py:632} INFO - DAG(s) dict_keys(['example_xcom_args', 'example_xcom_args_with_operators']) retrieved from /home/airflow/.local/lib/python3.6/site-packages/airflow/example_dags/example_xcomargs.py
[2021-10-24 23:51:27,955] {logging_mixin.py:109} INFO - [2021-10-24 23:51:27,954] {dag.py:2389} INFO - Sync 2 DAGs
[2021-10-24 23:51:27,976] {logging_mixin.py:109} INFO - [2021-10-24 23:51:27,976] {dag.py:2914} INFO - Setting next_dagrun for example_xcom_args to None
[2021-10-24 23:51:27,976] {logging_mixin.py:109} INFO - [2021-10-24 23:51:27,976] {dag.py:2914} INFO - Setting next_dagrun for example_xcom_args_with_operators to None
[2021-10-24 23:51:27,993] {processor.py:171} INFO - Processing /home/airflow/.local/lib/python3.6/site-packages/airflow/example_dags/example_xcomargs.py took 0.451 seconds
[2021-10-24 23:51:58,155] {processor.py:163} INFO - Started process (PID=599) to work on /home/airflow/.local/lib/python3.6/site-packages/airflow/example_dags/example_xcomargs.py
[2021-10-24 23:51:58,158] {processor.py:620} INFO - Processing file /home/airflow/.local/lib/python3.6/site-packages/airflow/example_dags/example_xcomargs.py for tasks to queue
[2021-10-24 23:51:58,159] {logging_mixin.py:109} INFO - [2021-10-24 23:51:58,159] {dagbag.py:500} INFO - Filling up the DagBag from /home/airflow/.local/lib/python3.6/site-packages/airflow/example_dags/example_xcomargs.py
[2021-10-24 23:51:58,236] {processor.py:632} INFO - DAG(s) dict_keys(['example_xcom_args', 'example_xcom_args_with_operators']) retrieved from /home/airflow/.local/lib/python3.6/site-packages/airflow/example_dags/example_xcomargs.py
[2021-10-24 23:51:58,626] {logging_mixin.py:109} INFO - [2021-10-24 23:51:58,625] {dag.py:2389} INFO - Sync 2 DAGs
[2021-10-24 23:51:58,650] {logging_mixin.py:109} INFO - [2021-10-24 23:51:58,650] {dag.py:2914} INFO - Setting next_dagrun for example_xcom_args to None
[2021-10-24 23:51:58,650] {logging_mixin.py:109} INFO - [2021-10-24 23:51:58,650] {dag.py:2914} INFO - Setting next_dagrun for example_xcom_args_with_operators to None
[2021-10-24 23:51:58,665] {processor.py:171} INFO - Processing /home/airflow/.local/lib/python3.6/site-packages/airflow/example_dags/example_xcomargs.py took 0.515 seconds
[2021-10-24 23:52:28,732] {processor.py:163} INFO - Started process (PID=663) to work on /home/airflow/.local/lib/python3.6/site-packages/airflow/example_dags/example_xcomargs.py
[2021-10-24 23:52:28,734] {processor.py:620} INFO - Processing file /home/airflow/.local/lib/python3.6/site-packages/airflow/example_dags/example_xcomargs.py for tasks to queue
[2021-10-24 23:52:28,736] {logging_mixin.py:109} INFO - [2021-10-24 23:52:28,736] {dagbag.py:500} INFO - Filling up the DagBag from /home/airflow/.local/lib/python3.6/site-packages/airflow/example_dags/example_xcomargs.py
[2021-10-24 23:52:28,789] {processor.py:632} INFO - DAG(s) dict_keys(['example_xcom_args', 'example_xcom_args_with_operators']) retrieved from /home/airflow/.local/lib/python3.6/site-packages/airflow/example_dags/example_xcomargs.py
[2021-10-24 23:52:29,166] {logging_mixin.py:109} INFO - [2021-10-24 23:52:29,166] {dag.py:2389} INFO - Sync 2 DAGs
[2021-10-24 23:52:29,195] {logging_mixin.py:109} INFO - [2021-10-24 23:52:29,195] {dag.py:2914} INFO - Setting next_dagrun for example_xcom_args to None
[2021-10-24 23:52:29,196] {logging_mixin.py:109} INFO - [2021-10-24 23:52:29,195] {dag.py:2914} INFO - Setting next_dagrun for example_xcom_args_with_operators to None
[2021-10-24 23:52:29,225] {processor.py:171} INFO - Processing /home/airflow/.local/lib/python3.6/site-packages/airflow/example_dags/example_xcomargs.py took 0.497 seconds
[2021-10-24 23:52:59,305] {processor.py:163} INFO - Started process (PID=728) to work on /home/airflow/.local/lib/python3.6/site-packages/airflow/example_dags/example_xcomargs.py
[2021-10-24 23:52:59,307] {processor.py:620} INFO - Processing file /home/airflow/.local/lib/python3.6/site-packages/airflow/example_dags/example_xcomargs.py for tasks to queue
[2021-10-24 23:52:59,308] {logging_mixin.py:109} INFO - [2021-10-24 23:52:59,308] {dagbag.py:500} INFO - Filling up the DagBag from /home/airflow/.local/lib/python3.6/site-packages/airflow/example_dags/example_xcomargs.py
[2021-10-24 23:52:59,368] {processor.py:632} INFO - DAG(s) dict_keys(['example_xcom_args', 'example_xcom_args_with_operators']) retrieved from /home/airflow/.local/lib/python3.6/site-packages/airflow/example_dags/example_xcomargs.py
[2021-10-24 23:52:59,800] {logging_mixin.py:109} INFO - [2021-10-24 23:52:59,800] {dag.py:2389} INFO - Sync 2 DAGs
[2021-10-24 23:52:59,825] {logging_mixin.py:109} INFO - [2021-10-24 23:52:59,825] {dag.py:2914} INFO - Setting next_dagrun for example_xcom_args to None
[2021-10-24 23:52:59,826] {logging_mixin.py:109} INFO - [2021-10-24 23:52:59,826] {dag.py:2914} INFO - Setting next_dagrun for example_xcom_args_with_operators to None
[2021-10-24 23:52:59,843] {processor.py:171} INFO - Processing /home/airflow/.local/lib/python3.6/site-packages/airflow/example_dags/example_xcomargs.py took 0.541 seconds
[2021-10-24 23:53:30,244] {processor.py:163} INFO - Started process (PID=802) to work on /home/airflow/.local/lib/python3.6/site-packages/airflow/example_dags/example_xcomargs.py
[2021-10-24 23:53:30,251] {processor.py:620} INFO - Processing file /home/airflow/.local/lib/python3.6/site-packages/airflow/example_dags/example_xcomargs.py for tasks to queue
[2021-10-24 23:53:30,254] {logging_mixin.py:109} INFO - [2021-10-24 23:53:30,254] {dagbag.py:500} INFO - Filling up the DagBag from /home/airflow/.local/lib/python3.6/site-packages/airflow/example_dags/example_xcomargs.py
[2021-10-24 23:53:30,386] {processor.py:632} INFO - DAG(s) dict_keys(['example_xcom_args', 'example_xcom_args_with_operators']) retrieved from /home/airflow/.local/lib/python3.6/site-packages/airflow/example_dags/example_xcomargs.py
[2021-10-24 23:53:31,109] {logging_mixin.py:109} INFO - [2021-10-24 23:53:31,108] {dag.py:2389} INFO - Sync 2 DAGs
[2021-10-24 23:53:31,141] {logging_mixin.py:109} INFO - [2021-10-24 23:53:31,141] {dag.py:2914} INFO - Setting next_dagrun for example_xcom_args to None
[2021-10-24 23:53:31,142] {logging_mixin.py:109} INFO - [2021-10-24 23:53:31,142] {dag.py:2914} INFO - Setting next_dagrun for example_xcom_args_with_operators to None
[2021-10-24 23:53:31,160] {processor.py:171} INFO - Processing /home/airflow/.local/lib/python3.6/site-packages/airflow/example_dags/example_xcomargs.py took 0.922 seconds
[2021-10-24 23:54:01,598] {processor.py:163} INFO - Started process (PID=857) to work on /home/airflow/.local/lib/python3.6/site-packages/airflow/example_dags/example_xcomargs.py
[2021-10-24 23:54:01,599] {processor.py:620} INFO - Processing file /home/airflow/.local/lib/python3.6/site-packages/airflow/example_dags/example_xcomargs.py for tasks to queue
[2021-10-24 23:54:01,600] {logging_mixin.py:109} INFO - [2021-10-24 23:54:01,600] {dagbag.py:500} INFO - Filling up the DagBag from /home/airflow/.local/lib/python3.6/site-packages/airflow/example_dags/example_xcomargs.py
[2021-10-24 23:54:01,629] {processor.py:632} INFO - DAG(s) dict_keys(['example_xcom_args', 'example_xcom_args_with_operators']) retrieved from /home/airflow/.local/lib/python3.6/site-packages/airflow/example_dags/example_xcomargs.py
[2021-10-24 23:54:01,853] {logging_mixin.py:109} INFO - [2021-10-24 23:54:01,853] {dag.py:2389} INFO - Sync 2 DAGs
[2021-10-24 23:54:01,871] {logging_mixin.py:109} INFO - [2021-10-24 23:54:01,871] {dag.py:2914} INFO - Setting next_dagrun for example_xcom_args to None
[2021-10-24 23:54:01,871] {logging_mixin.py:109} INFO - [2021-10-24 23:54:01,871] {dag.py:2914} INFO - Setting next_dagrun for example_xcom_args_with_operators to None
[2021-10-24 23:54:01,891] {processor.py:171} INFO - Processing /home/airflow/.local/lib/python3.6/site-packages/airflow/example_dags/example_xcomargs.py took 0.296 seconds
[2021-10-24 23:54:32,793] {processor.py:163} INFO - Started process (PID=937) to work on /home/airflow/.local/lib/python3.6/site-packages/airflow/example_dags/example_xcomargs.py
[2021-10-24 23:54:32,794] {processor.py:620} INFO - Processing file /home/airflow/.local/lib/python3.6/site-packages/airflow/example_dags/example_xcomargs.py for tasks to queue
[2021-10-24 23:54:32,795] {logging_mixin.py:109} INFO - [2021-10-24 23:54:32,795] {dagbag.py:500} INFO - Filling up the DagBag from /home/airflow/.local/lib/python3.6/site-packages/airflow/example_dags/example_xcomargs.py
[2021-10-24 23:54:32,831] {processor.py:632} INFO - DAG(s) dict_keys(['example_xcom_args', 'example_xcom_args_with_operators']) retrieved from /home/airflow/.local/lib/python3.6/site-packages/airflow/example_dags/example_xcomargs.py
[2021-10-24 23:54:32,845] {logging_mixin.py:109} INFO - [2021-10-24 23:54:32,845] {dag.py:2389} INFO - Sync 2 DAGs
[2021-10-24 23:54:32,860] {logging_mixin.py:109} INFO - [2021-10-24 23:54:32,860] {dag.py:2914} INFO - Setting next_dagrun for example_xcom_args to None
[2021-10-24 23:54:32,861] {logging_mixin.py:109} INFO - [2021-10-24 23:54:32,861] {dag.py:2914} INFO - Setting next_dagrun for example_xcom_args_with_operators to None
[2021-10-24 23:54:32,868] {processor.py:171} INFO - Processing /home/airflow/.local/lib/python3.6/site-packages/airflow/example_dags/example_xcomargs.py took 0.079 seconds
[2021-10-24 23:55:03,084] {processor.py:163} INFO - Started process (PID=1001) to work on /home/airflow/.local/lib/python3.6/site-packages/airflow/example_dags/example_xcomargs.py
[2021-10-24 23:55:03,088] {processor.py:620} INFO - Processing file /home/airflow/.local/lib/python3.6/site-packages/airflow/example_dags/example_xcomargs.py for tasks to queue
[2021-10-24 23:55:03,090] {logging_mixin.py:109} INFO - [2021-10-24 23:55:03,090] {dagbag.py:500} INFO - Filling up the DagBag from /home/airflow/.local/lib/python3.6/site-packages/airflow/example_dags/example_xcomargs.py
[2021-10-24 23:55:03,124] {processor.py:632} INFO - DAG(s) dict_keys(['example_xcom_args', 'example_xcom_args_with_operators']) retrieved from /home/airflow/.local/lib/python3.6/site-packages/airflow/example_dags/example_xcomargs.py
[2021-10-24 23:55:03,323] {logging_mixin.py:109} INFO - [2021-10-24 23:55:03,323] {dag.py:2389} INFO - Sync 2 DAGs
[2021-10-24 23:55:03,339] {logging_mixin.py:109} INFO - [2021-10-24 23:55:03,339] {dag.py:2914} INFO - Setting next_dagrun for example_xcom_args to None
[2021-10-24 23:55:03,340] {logging_mixin.py:109} INFO - [2021-10-24 23:55:03,340] {dag.py:2914} INFO - Setting next_dagrun for example_xcom_args_with_operators to None
[2021-10-24 23:55:03,350] {processor.py:171} INFO - Processing /home/airflow/.local/lib/python3.6/site-packages/airflow/example_dags/example_xcomargs.py took 0.269 seconds
[2021-10-24 23:55:34,231] {processor.py:163} INFO - Started process (PID=1076) to work on /home/airflow/.local/lib/python3.6/site-packages/airflow/example_dags/example_xcomargs.py
[2021-10-24 23:55:34,233] {processor.py:620} INFO - Processing file /home/airflow/.local/lib/python3.6/site-packages/airflow/example_dags/example_xcomargs.py for tasks to queue
[2021-10-24 23:55:34,233] {logging_mixin.py:109} INFO - [2021-10-24 23:55:34,233] {dagbag.py:500} INFO - Filling up the DagBag from /home/airflow/.local/lib/python3.6/site-packages/airflow/example_dags/example_xcomargs.py
[2021-10-24 23:55:34,268] {processor.py:632} INFO - DAG(s) dict_keys(['example_xcom_args', 'example_xcom_args_with_operators']) retrieved from /home/airflow/.local/lib/python3.6/site-packages/airflow/example_dags/example_xcomargs.py
[2021-10-24 23:55:34,499] {logging_mixin.py:109} INFO - [2021-10-24 23:55:34,498] {dag.py:2389} INFO - Sync 2 DAGs
[2021-10-24 23:55:34,515] {logging_mixin.py:109} INFO - [2021-10-24 23:55:34,514] {dag.py:2914} INFO - Setting next_dagrun for example_xcom_args to None
[2021-10-24 23:55:34,515] {logging_mixin.py:109} INFO - [2021-10-24 23:55:34,515] {dag.py:2914} INFO - Setting next_dagrun for example_xcom_args_with_operators to None
[2021-10-24 23:55:34,527] {processor.py:171} INFO - Processing /home/airflow/.local/lib/python3.6/site-packages/airflow/example_dags/example_xcomargs.py took 0.298 seconds
[2021-10-24 23:56:05,157] {processor.py:163} INFO - Started process (PID=1140) to work on /home/airflow/.local/lib/python3.6/site-packages/airflow/example_dags/example_xcomargs.py
[2021-10-24 23:56:05,160] {processor.py:620} INFO - Processing file /home/airflow/.local/lib/python3.6/site-packages/airflow/example_dags/example_xcomargs.py for tasks to queue
[2021-10-24 23:56:05,162] {logging_mixin.py:109} INFO - [2021-10-24 23:56:05,161] {dagbag.py:500} INFO - Filling up the DagBag from /home/airflow/.local/lib/python3.6/site-packages/airflow/example_dags/example_xcomargs.py
[2021-10-24 23:56:05,206] {processor.py:632} INFO - DAG(s) dict_keys(['example_xcom_args', 'example_xcom_args_with_operators']) retrieved from /home/airflow/.local/lib/python3.6/site-packages/airflow/example_dags/example_xcomargs.py
[2021-10-24 23:56:05,407] {logging_mixin.py:109} INFO - [2021-10-24 23:56:05,407] {dag.py:2389} INFO - Sync 2 DAGs
[2021-10-24 23:56:05,421] {logging_mixin.py:109} INFO - [2021-10-24 23:56:05,421] {dag.py:2914} INFO - Setting next_dagrun for example_xcom_args to None
[2021-10-24 23:56:05,421] {logging_mixin.py:109} INFO - [2021-10-24 23:56:05,421] {dag.py:2914} INFO - Setting next_dagrun for example_xcom_args_with_operators to None
[2021-10-24 23:56:05,430] {processor.py:171} INFO - Processing /home/airflow/.local/lib/python3.6/site-packages/airflow/example_dags/example_xcomargs.py took 0.281 seconds
[2021-10-24 23:56:35,668] {processor.py:163} INFO - Started process (PID=1212) to work on /home/airflow/.local/lib/python3.6/site-packages/airflow/example_dags/example_xcomargs.py
[2021-10-24 23:56:35,669] {processor.py:620} INFO - Processing file /home/airflow/.local/lib/python3.6/site-packages/airflow/example_dags/example_xcomargs.py for tasks to queue
[2021-10-24 23:56:35,670] {logging_mixin.py:109} INFO - [2021-10-24 23:56:35,670] {dagbag.py:500} INFO - Filling up the DagBag from /home/airflow/.local/lib/python3.6/site-packages/airflow/example_dags/example_xcomargs.py
[2021-10-24 23:56:35,710] {processor.py:632} INFO - DAG(s) dict_keys(['example_xcom_args', 'example_xcom_args_with_operators']) retrieved from /home/airflow/.local/lib/python3.6/site-packages/airflow/example_dags/example_xcomargs.py
[2021-10-24 23:56:35,959] {logging_mixin.py:109} INFO - [2021-10-24 23:56:35,959] {dag.py:2389} INFO - Sync 2 DAGs
[2021-10-24 23:56:35,980] {logging_mixin.py:109} INFO - [2021-10-24 23:56:35,980] {dag.py:2914} INFO - Setting next_dagrun for example_xcom_args to None
[2021-10-24 23:56:35,981] {logging_mixin.py:109} INFO - [2021-10-24 23:56:35,981] {dag.py:2914} INFO - Setting next_dagrun for example_xcom_args_with_operators to None
[2021-10-24 23:56:35,996] {processor.py:171} INFO - Processing /home/airflow/.local/lib/python3.6/site-packages/airflow/example_dags/example_xcomargs.py took 0.331 seconds
[2021-10-24 23:57:06,880] {processor.py:163} INFO - Started process (PID=1279) to work on /home/airflow/.local/lib/python3.6/site-packages/airflow/example_dags/example_xcomargs.py
[2021-10-24 23:57:06,881] {processor.py:620} INFO - Processing file /home/airflow/.local/lib/python3.6/site-packages/airflow/example_dags/example_xcomargs.py for tasks to queue
[2021-10-24 23:57:06,881] {logging_mixin.py:109} INFO - [2021-10-24 23:57:06,881] {dagbag.py:500} INFO - Filling up the DagBag from /home/airflow/.local/lib/python3.6/site-packages/airflow/example_dags/example_xcomargs.py
[2021-10-24 23:57:06,914] {processor.py:632} INFO - DAG(s) dict_keys(['example_xcom_args', 'example_xcom_args_with_operators']) retrieved from /home/airflow/.local/lib/python3.6/site-packages/airflow/example_dags/example_xcomargs.py
[2021-10-24 23:57:06,927] {logging_mixin.py:109} INFO - [2021-10-24 23:57:06,927] {dag.py:2389} INFO - Sync 2 DAGs
[2021-10-24 23:57:06,942] {logging_mixin.py:109} INFO - [2021-10-24 23:57:06,942] {dag.py:2914} INFO - Setting next_dagrun for example_xcom_args to None
[2021-10-24 23:57:06,942] {logging_mixin.py:109} INFO - [2021-10-24 23:57:06,942] {dag.py:2914} INFO - Setting next_dagrun for example_xcom_args_with_operators to None
[2021-10-24 23:57:06,950] {processor.py:171} INFO - Processing /home/airflow/.local/lib/python3.6/site-packages/airflow/example_dags/example_xcomargs.py took 0.073 seconds
[2021-10-24 23:57:37,155] {processor.py:163} INFO - Started process (PID=1343) to work on /home/airflow/.local/lib/python3.6/site-packages/airflow/example_dags/example_xcomargs.py
[2021-10-24 23:57:37,156] {processor.py:620} INFO - Processing file /home/airflow/.local/lib/python3.6/site-packages/airflow/example_dags/example_xcomargs.py for tasks to queue
[2021-10-24 23:57:37,157] {logging_mixin.py:109} INFO - [2021-10-24 23:57:37,157] {dagbag.py:500} INFO - Filling up the DagBag from /home/airflow/.local/lib/python3.6/site-packages/airflow/example_dags/example_xcomargs.py
[2021-10-24 23:57:37,199] {processor.py:632} INFO - DAG(s) dict_keys(['example_xcom_args', 'example_xcom_args_with_operators']) retrieved from /home/airflow/.local/lib/python3.6/site-packages/airflow/example_dags/example_xcomargs.py
[2021-10-24 23:57:37,496] {logging_mixin.py:109} INFO - [2021-10-24 23:57:37,496] {dag.py:2389} INFO - Sync 2 DAGs
[2021-10-24 23:57:37,518] {logging_mixin.py:109} INFO - [2021-10-24 23:57:37,518] {dag.py:2914} INFO - Setting next_dagrun for example_xcom_args to None
[2021-10-24 23:57:37,518] {logging_mixin.py:109} INFO - [2021-10-24 23:57:37,518] {dag.py:2914} INFO - Setting next_dagrun for example_xcom_args_with_operators to None
[2021-10-24 23:57:37,537] {processor.py:171} INFO - Processing /home/airflow/.local/lib/python3.6/site-packages/airflow/example_dags/example_xcomargs.py took 0.386 seconds
[2021-10-24 23:58:08,399] {processor.py:163} INFO - Started process (PID=1421) to work on /home/airflow/.local/lib/python3.6/site-packages/airflow/example_dags/example_xcomargs.py
[2021-10-24 23:58:08,401] {processor.py:620} INFO - Processing file /home/airflow/.local/lib/python3.6/site-packages/airflow/example_dags/example_xcomargs.py for tasks to queue
[2021-10-24 23:58:08,402] {logging_mixin.py:109} INFO - [2021-10-24 23:58:08,402] {dagbag.py:500} INFO - Filling up the DagBag from /home/airflow/.local/lib/python3.6/site-packages/airflow/example_dags/example_xcomargs.py
[2021-10-24 23:58:08,471] {processor.py:632} INFO - DAG(s) dict_keys(['example_xcom_args', 'example_xcom_args_with_operators']) retrieved from /home/airflow/.local/lib/python3.6/site-packages/airflow/example_dags/example_xcomargs.py
[2021-10-24 23:58:08,797] {logging_mixin.py:109} INFO - [2021-10-24 23:58:08,797] {dag.py:2389} INFO - Sync 2 DAGs
[2021-10-24 23:58:08,824] {logging_mixin.py:109} INFO - [2021-10-24 23:58:08,824] {dag.py:2914} INFO - Setting next_dagrun for example_xcom_args to None
[2021-10-24 23:58:08,825] {logging_mixin.py:109} INFO - [2021-10-24 23:58:08,825] {dag.py:2914} INFO - Setting next_dagrun for example_xcom_args_with_operators to None
[2021-10-24 23:58:08,841] {processor.py:171} INFO - Processing /home/airflow/.local/lib/python3.6/site-packages/airflow/example_dags/example_xcomargs.py took 0.446 seconds
[2021-10-24 23:58:39,282] {processor.py:163} INFO - Started process (PID=1487) to work on /home/airflow/.local/lib/python3.6/site-packages/airflow/example_dags/example_xcomargs.py
[2021-10-24 23:58:39,283] {processor.py:620} INFO - Processing file /home/airflow/.local/lib/python3.6/site-packages/airflow/example_dags/example_xcomargs.py for tasks to queue
[2021-10-24 23:58:39,284] {logging_mixin.py:109} INFO - [2021-10-24 23:58:39,284] {dagbag.py:500} INFO - Filling up the DagBag from /home/airflow/.local/lib/python3.6/site-packages/airflow/example_dags/example_xcomargs.py
[2021-10-24 23:58:39,322] {processor.py:632} INFO - DAG(s) dict_keys(['example_xcom_args', 'example_xcom_args_with_operators']) retrieved from /home/airflow/.local/lib/python3.6/site-packages/airflow/example_dags/example_xcomargs.py
[2021-10-24 23:58:39,578] {logging_mixin.py:109} INFO - [2021-10-24 23:58:39,577] {dag.py:2389} INFO - Sync 2 DAGs
[2021-10-24 23:58:39,593] {logging_mixin.py:109} INFO - [2021-10-24 23:58:39,593] {dag.py:2914} INFO - Setting next_dagrun for example_xcom_args to None
[2021-10-24 23:58:39,593] {logging_mixin.py:109} INFO - [2021-10-24 23:58:39,593] {dag.py:2914} INFO - Setting next_dagrun for example_xcom_args_with_operators to None
[2021-10-24 23:58:39,604] {processor.py:171} INFO - Processing /home/airflow/.local/lib/python3.6/site-packages/airflow/example_dags/example_xcomargs.py took 0.326 seconds
[2021-10-24 23:59:09,904] {processor.py:163} INFO - Started process (PID=1553) to work on /home/airflow/.local/lib/python3.6/site-packages/airflow/example_dags/example_xcomargs.py
[2021-10-24 23:59:09,905] {processor.py:620} INFO - Processing file /home/airflow/.local/lib/python3.6/site-packages/airflow/example_dags/example_xcomargs.py for tasks to queue
[2021-10-24 23:59:09,906] {logging_mixin.py:109} INFO - [2021-10-24 23:59:09,906] {dagbag.py:500} INFO - Filling up the DagBag from /home/airflow/.local/lib/python3.6/site-packages/airflow/example_dags/example_xcomargs.py
[2021-10-24 23:59:09,945] {processor.py:632} INFO - DAG(s) dict_keys(['example_xcom_args', 'example_xcom_args_with_operators']) retrieved from /home/airflow/.local/lib/python3.6/site-packages/airflow/example_dags/example_xcomargs.py
[2021-10-24 23:59:10,175] {logging_mixin.py:109} INFO - [2021-10-24 23:59:10,174] {dag.py:2389} INFO - Sync 2 DAGs
[2021-10-24 23:59:10,189] {logging_mixin.py:109} INFO - [2021-10-24 23:59:10,189] {dag.py:2914} INFO - Setting next_dagrun for example_xcom_args to None
[2021-10-24 23:59:10,189] {logging_mixin.py:109} INFO - [2021-10-24 23:59:10,189] {dag.py:2914} INFO - Setting next_dagrun for example_xcom_args_with_operators to None
[2021-10-24 23:59:10,200] {processor.py:171} INFO - Processing /home/airflow/.local/lib/python3.6/site-packages/airflow/example_dags/example_xcomargs.py took 0.302 seconds
[2021-10-24 23:59:40,247] {processor.py:163} INFO - Started process (PID=1626) to work on /home/airflow/.local/lib/python3.6/site-packages/airflow/example_dags/example_xcomargs.py
[2021-10-24 23:59:40,270] {processor.py:620} INFO - Processing file /home/airflow/.local/lib/python3.6/site-packages/airflow/example_dags/example_xcomargs.py for tasks to queue
[2021-10-24 23:59:40,278] {logging_mixin.py:109} INFO - [2021-10-24 23:59:40,278] {dagbag.py:500} INFO - Filling up the DagBag from /home/airflow/.local/lib/python3.6/site-packages/airflow/example_dags/example_xcomargs.py
[2021-10-24 23:59:40,349] {processor.py:632} INFO - DAG(s) dict_keys(['example_xcom_args', 'example_xcom_args_with_operators']) retrieved from /home/airflow/.local/lib/python3.6/site-packages/airflow/example_dags/example_xcomargs.py
[2021-10-24 23:59:40,833] {logging_mixin.py:109} INFO - [2021-10-24 23:59:40,832] {dag.py:2389} INFO - Sync 2 DAGs
[2021-10-24 23:59:40,859] {logging_mixin.py:109} INFO - [2021-10-24 23:59:40,859] {dag.py:2914} INFO - Setting next_dagrun for example_xcom_args to None
[2021-10-24 23:59:40,860] {logging_mixin.py:109} INFO - [2021-10-24 23:59:40,860] {dag.py:2914} INFO - Setting next_dagrun for example_xcom_args_with_operators to None
[2021-10-24 23:59:40,876] {processor.py:171} INFO - Processing /home/airflow/.local/lib/python3.6/site-packages/airflow/example_dags/example_xcomargs.py took 0.634 seconds
