[2021-10-24 22:55:12,946] {processor.py:163} INFO - Started process (PID=47) to work on /home/airflow/.local/lib/python3.6/site-packages/airflow/example_dags/example_skip_dag.py
[2021-10-24 22:55:12,946] {processor.py:620} INFO - Processing file /home/airflow/.local/lib/python3.6/site-packages/airflow/example_dags/example_skip_dag.py for tasks to queue
[2021-10-24 22:55:12,947] {logging_mixin.py:109} INFO - [2021-10-24 22:55:12,947] {dagbag.py:500} INFO - Filling up the DagBag from /home/airflow/.local/lib/python3.6/site-packages/airflow/example_dags/example_skip_dag.py
[2021-10-24 22:55:12,973] {processor.py:632} INFO - DAG(s) dict_keys(['example_skip_dag']) retrieved from /home/airflow/.local/lib/python3.6/site-packages/airflow/example_dags/example_skip_dag.py
[2021-10-24 22:55:12,986] {logging_mixin.py:109} INFO - [2021-10-24 22:55:12,986] {dag.py:2389} INFO - Sync 1 DAGs
[2021-10-24 22:55:13,005] {logging_mixin.py:109} INFO - [2021-10-24 22:55:13,005] {dag.py:2914} INFO - Setting next_dagrun for example_skip_dag to 2021-10-23T22:55:13.005088+00:00
[2021-10-24 22:55:13,015] {processor.py:171} INFO - Processing /home/airflow/.local/lib/python3.6/site-packages/airflow/example_dags/example_skip_dag.py took 0.072 seconds
[2021-10-24 22:55:43,115] {processor.py:163} INFO - Started process (PID=111) to work on /home/airflow/.local/lib/python3.6/site-packages/airflow/example_dags/example_skip_dag.py
[2021-10-24 22:55:43,116] {processor.py:620} INFO - Processing file /home/airflow/.local/lib/python3.6/site-packages/airflow/example_dags/example_skip_dag.py for tasks to queue
[2021-10-24 22:55:43,117] {logging_mixin.py:109} INFO - [2021-10-24 22:55:43,117] {dagbag.py:500} INFO - Filling up the DagBag from /home/airflow/.local/lib/python3.6/site-packages/airflow/example_dags/example_skip_dag.py
[2021-10-24 22:55:43,140] {processor.py:632} INFO - DAG(s) dict_keys(['example_skip_dag']) retrieved from /home/airflow/.local/lib/python3.6/site-packages/airflow/example_dags/example_skip_dag.py
[2021-10-24 22:55:43,154] {logging_mixin.py:109} INFO - [2021-10-24 22:55:43,154] {dag.py:2389} INFO - Sync 1 DAGs
[2021-10-24 22:55:43,172] {logging_mixin.py:109} INFO - [2021-10-24 22:55:43,172] {dag.py:2914} INFO - Setting next_dagrun for example_skip_dag to 2021-10-23T22:55:43.171935+00:00
[2021-10-24 22:55:43,179] {processor.py:171} INFO - Processing /home/airflow/.local/lib/python3.6/site-packages/airflow/example_dags/example_skip_dag.py took 0.067 seconds
[2021-10-24 22:56:13,463] {processor.py:163} INFO - Started process (PID=185) to work on /home/airflow/.local/lib/python3.6/site-packages/airflow/example_dags/example_skip_dag.py
[2021-10-24 22:56:13,464] {processor.py:620} INFO - Processing file /home/airflow/.local/lib/python3.6/site-packages/airflow/example_dags/example_skip_dag.py for tasks to queue
[2021-10-24 22:56:13,465] {logging_mixin.py:109} INFO - [2021-10-24 22:56:13,465] {dagbag.py:500} INFO - Filling up the DagBag from /home/airflow/.local/lib/python3.6/site-packages/airflow/example_dags/example_skip_dag.py
[2021-10-24 22:56:13,492] {processor.py:632} INFO - DAG(s) dict_keys(['example_skip_dag']) retrieved from /home/airflow/.local/lib/python3.6/site-packages/airflow/example_dags/example_skip_dag.py
[2021-10-24 22:56:13,504] {logging_mixin.py:109} INFO - [2021-10-24 22:56:13,503] {dag.py:2389} INFO - Sync 1 DAGs
[2021-10-24 22:56:13,520] {logging_mixin.py:109} INFO - [2021-10-24 22:56:13,519] {dag.py:2914} INFO - Setting next_dagrun for example_skip_dag to 2021-10-23T22:56:13.519611+00:00
[2021-10-24 22:56:13,530] {processor.py:171} INFO - Processing /home/airflow/.local/lib/python3.6/site-packages/airflow/example_dags/example_skip_dag.py took 0.071 seconds
[2021-10-24 22:57:25,956] {processor.py:163} INFO - Started process (PID=47) to work on /home/airflow/.local/lib/python3.6/site-packages/airflow/example_dags/example_skip_dag.py
[2021-10-24 22:57:25,958] {processor.py:620} INFO - Processing file /home/airflow/.local/lib/python3.6/site-packages/airflow/example_dags/example_skip_dag.py for tasks to queue
[2021-10-24 22:57:25,958] {logging_mixin.py:109} INFO - [2021-10-24 22:57:25,958] {dagbag.py:500} INFO - Filling up the DagBag from /home/airflow/.local/lib/python3.6/site-packages/airflow/example_dags/example_skip_dag.py
[2021-10-24 22:57:25,991] {processor.py:632} INFO - DAG(s) dict_keys(['example_skip_dag']) retrieved from /home/airflow/.local/lib/python3.6/site-packages/airflow/example_dags/example_skip_dag.py
[2021-10-24 22:57:26,006] {logging_mixin.py:109} INFO - [2021-10-24 22:57:26,006] {dag.py:2389} INFO - Sync 1 DAGs
[2021-10-24 22:57:26,028] {logging_mixin.py:109} INFO - [2021-10-24 22:57:26,028] {dag.py:2914} INFO - Setting next_dagrun for example_skip_dag to 2021-10-23T22:57:26.028295+00:00
[2021-10-24 22:57:26,038] {processor.py:171} INFO - Processing /home/airflow/.local/lib/python3.6/site-packages/airflow/example_dags/example_skip_dag.py took 0.085 seconds
[2021-10-24 22:57:56,093] {processor.py:163} INFO - Started process (PID=110) to work on /home/airflow/.local/lib/python3.6/site-packages/airflow/example_dags/example_skip_dag.py
[2021-10-24 22:57:56,094] {processor.py:620} INFO - Processing file /home/airflow/.local/lib/python3.6/site-packages/airflow/example_dags/example_skip_dag.py for tasks to queue
[2021-10-24 22:57:56,095] {logging_mixin.py:109} INFO - [2021-10-24 22:57:56,095] {dagbag.py:500} INFO - Filling up the DagBag from /home/airflow/.local/lib/python3.6/site-packages/airflow/example_dags/example_skip_dag.py
[2021-10-24 22:57:56,119] {processor.py:632} INFO - DAG(s) dict_keys(['example_skip_dag']) retrieved from /home/airflow/.local/lib/python3.6/site-packages/airflow/example_dags/example_skip_dag.py
[2021-10-24 22:57:56,131] {logging_mixin.py:109} INFO - [2021-10-24 22:57:56,130] {dag.py:2389} INFO - Sync 1 DAGs
[2021-10-24 22:57:56,146] {logging_mixin.py:109} INFO - [2021-10-24 22:57:56,145] {dag.py:2914} INFO - Setting next_dagrun for example_skip_dag to 2021-10-23T22:57:56.145626+00:00
[2021-10-24 22:57:56,154] {processor.py:171} INFO - Processing /home/airflow/.local/lib/python3.6/site-packages/airflow/example_dags/example_skip_dag.py took 0.064 seconds
[2021-10-24 22:58:26,741] {processor.py:163} INFO - Started process (PID=185) to work on /home/airflow/.local/lib/python3.6/site-packages/airflow/example_dags/example_skip_dag.py
[2021-10-24 22:58:26,742] {processor.py:620} INFO - Processing file /home/airflow/.local/lib/python3.6/site-packages/airflow/example_dags/example_skip_dag.py for tasks to queue
[2021-10-24 22:58:26,743] {logging_mixin.py:109} INFO - [2021-10-24 22:58:26,743] {dagbag.py:500} INFO - Filling up the DagBag from /home/airflow/.local/lib/python3.6/site-packages/airflow/example_dags/example_skip_dag.py
[2021-10-24 22:58:26,771] {processor.py:632} INFO - DAG(s) dict_keys(['example_skip_dag']) retrieved from /home/airflow/.local/lib/python3.6/site-packages/airflow/example_dags/example_skip_dag.py
[2021-10-24 22:58:26,783] {logging_mixin.py:109} INFO - [2021-10-24 22:58:26,783] {dag.py:2389} INFO - Sync 1 DAGs
[2021-10-24 22:58:26,799] {logging_mixin.py:109} INFO - [2021-10-24 22:58:26,798] {dag.py:2914} INFO - Setting next_dagrun for example_skip_dag to 2021-10-23T22:58:26.798638+00:00
[2021-10-24 22:58:26,809] {processor.py:171} INFO - Processing /home/airflow/.local/lib/python3.6/site-packages/airflow/example_dags/example_skip_dag.py took 0.071 seconds
[2021-10-24 22:58:56,945] {processor.py:163} INFO - Started process (PID=249) to work on /home/airflow/.local/lib/python3.6/site-packages/airflow/example_dags/example_skip_dag.py
[2021-10-24 22:58:56,947] {processor.py:620} INFO - Processing file /home/airflow/.local/lib/python3.6/site-packages/airflow/example_dags/example_skip_dag.py for tasks to queue
[2021-10-24 22:58:56,947] {logging_mixin.py:109} INFO - [2021-10-24 22:58:56,947] {dagbag.py:500} INFO - Filling up the DagBag from /home/airflow/.local/lib/python3.6/site-packages/airflow/example_dags/example_skip_dag.py
[2021-10-24 22:58:56,974] {processor.py:632} INFO - DAG(s) dict_keys(['example_skip_dag']) retrieved from /home/airflow/.local/lib/python3.6/site-packages/airflow/example_dags/example_skip_dag.py
[2021-10-24 22:58:56,988] {logging_mixin.py:109} INFO - [2021-10-24 22:58:56,988] {dag.py:2389} INFO - Sync 1 DAGs
[2021-10-24 22:58:57,006] {logging_mixin.py:109} INFO - [2021-10-24 22:58:57,005] {dag.py:2914} INFO - Setting next_dagrun for example_skip_dag to 2021-10-23T22:58:57.005739+00:00
[2021-10-24 22:58:57,014] {processor.py:171} INFO - Processing /home/airflow/.local/lib/python3.6/site-packages/airflow/example_dags/example_skip_dag.py took 0.071 seconds
[2021-10-24 22:59:27,741] {processor.py:163} INFO - Started process (PID=325) to work on /home/airflow/.local/lib/python3.6/site-packages/airflow/example_dags/example_skip_dag.py
[2021-10-24 22:59:27,742] {processor.py:620} INFO - Processing file /home/airflow/.local/lib/python3.6/site-packages/airflow/example_dags/example_skip_dag.py for tasks to queue
[2021-10-24 22:59:27,743] {logging_mixin.py:109} INFO - [2021-10-24 22:59:27,743] {dagbag.py:500} INFO - Filling up the DagBag from /home/airflow/.local/lib/python3.6/site-packages/airflow/example_dags/example_skip_dag.py
[2021-10-24 22:59:27,768] {processor.py:632} INFO - DAG(s) dict_keys(['example_skip_dag']) retrieved from /home/airflow/.local/lib/python3.6/site-packages/airflow/example_dags/example_skip_dag.py
[2021-10-24 22:59:27,780] {logging_mixin.py:109} INFO - [2021-10-24 22:59:27,779] {dag.py:2389} INFO - Sync 1 DAGs
[2021-10-24 22:59:27,796] {logging_mixin.py:109} INFO - [2021-10-24 22:59:27,795] {dag.py:2914} INFO - Setting next_dagrun for example_skip_dag to 2021-10-23T22:59:27.795651+00:00
[2021-10-24 22:59:27,803] {processor.py:171} INFO - Processing /home/airflow/.local/lib/python3.6/site-packages/airflow/example_dags/example_skip_dag.py took 0.066 seconds
[2021-10-24 23:47:48,404] {processor.py:163} INFO - Started process (PID=47) to work on /home/airflow/.local/lib/python3.6/site-packages/airflow/example_dags/example_skip_dag.py
[2021-10-24 23:47:48,406] {processor.py:620} INFO - Processing file /home/airflow/.local/lib/python3.6/site-packages/airflow/example_dags/example_skip_dag.py for tasks to queue
[2021-10-24 23:47:48,406] {logging_mixin.py:109} INFO - [2021-10-24 23:47:48,406] {dagbag.py:500} INFO - Filling up the DagBag from /home/airflow/.local/lib/python3.6/site-packages/airflow/example_dags/example_skip_dag.py
[2021-10-24 23:47:48,452] {processor.py:632} INFO - DAG(s) dict_keys(['example_skip_dag']) retrieved from /home/airflow/.local/lib/python3.6/site-packages/airflow/example_dags/example_skip_dag.py
[2021-10-24 23:47:48,477] {logging_mixin.py:109} INFO - [2021-10-24 23:47:48,477] {dag.py:2389} INFO - Sync 1 DAGs
[2021-10-24 23:47:48,501] {logging_mixin.py:109} INFO - [2021-10-24 23:47:48,501] {dag.py:2914} INFO - Setting next_dagrun for example_skip_dag to 2021-10-23T23:47:48.500876+00:00
[2021-10-24 23:47:48,514] {processor.py:171} INFO - Processing /home/airflow/.local/lib/python3.6/site-packages/airflow/example_dags/example_skip_dag.py took 0.115 seconds
[2021-10-24 23:48:19,187] {processor.py:163} INFO - Started process (PID=111) to work on /home/airflow/.local/lib/python3.6/site-packages/airflow/example_dags/example_skip_dag.py
[2021-10-24 23:48:19,189] {processor.py:620} INFO - Processing file /home/airflow/.local/lib/python3.6/site-packages/airflow/example_dags/example_skip_dag.py for tasks to queue
[2021-10-24 23:48:19,191] {logging_mixin.py:109} INFO - [2021-10-24 23:48:19,191] {dagbag.py:500} INFO - Filling up the DagBag from /home/airflow/.local/lib/python3.6/site-packages/airflow/example_dags/example_skip_dag.py
[2021-10-24 23:48:19,243] {processor.py:632} INFO - DAG(s) dict_keys(['example_skip_dag']) retrieved from /home/airflow/.local/lib/python3.6/site-packages/airflow/example_dags/example_skip_dag.py
[2021-10-24 23:48:19,265] {logging_mixin.py:109} INFO - [2021-10-24 23:48:19,264] {dag.py:2389} INFO - Sync 1 DAGs
[2021-10-24 23:48:19,294] {logging_mixin.py:109} INFO - [2021-10-24 23:48:19,294] {dag.py:2914} INFO - Setting next_dagrun for example_skip_dag to 2021-10-23T23:48:19.294212+00:00
[2021-10-24 23:48:19,320] {processor.py:171} INFO - Processing /home/airflow/.local/lib/python3.6/site-packages/airflow/example_dags/example_skip_dag.py took 0.137 seconds
[2021-10-24 23:48:49,600] {processor.py:163} INFO - Started process (PID=177) to work on /home/airflow/.local/lib/python3.6/site-packages/airflow/example_dags/example_skip_dag.py
[2021-10-24 23:48:49,602] {processor.py:620} INFO - Processing file /home/airflow/.local/lib/python3.6/site-packages/airflow/example_dags/example_skip_dag.py for tasks to queue
[2021-10-24 23:48:49,603] {logging_mixin.py:109} INFO - [2021-10-24 23:48:49,603] {dagbag.py:500} INFO - Filling up the DagBag from /home/airflow/.local/lib/python3.6/site-packages/airflow/example_dags/example_skip_dag.py
[2021-10-24 23:48:49,644] {processor.py:632} INFO - DAG(s) dict_keys(['example_skip_dag']) retrieved from /home/airflow/.local/lib/python3.6/site-packages/airflow/example_dags/example_skip_dag.py
[2021-10-24 23:48:49,659] {logging_mixin.py:109} INFO - [2021-10-24 23:48:49,659] {dag.py:2389} INFO - Sync 1 DAGs
[2021-10-24 23:48:49,684] {logging_mixin.py:109} INFO - [2021-10-24 23:48:49,684] {dag.py:2914} INFO - Setting next_dagrun for example_skip_dag to 2021-10-23T23:48:49.684222+00:00
[2021-10-24 23:48:49,696] {processor.py:171} INFO - Processing /home/airflow/.local/lib/python3.6/site-packages/airflow/example_dags/example_skip_dag.py took 0.103 seconds
[2021-10-24 23:49:19,945] {processor.py:163} INFO - Started process (PID=242) to work on /home/airflow/.local/lib/python3.6/site-packages/airflow/example_dags/example_skip_dag.py
[2021-10-24 23:49:19,947] {processor.py:620} INFO - Processing file /home/airflow/.local/lib/python3.6/site-packages/airflow/example_dags/example_skip_dag.py for tasks to queue
[2021-10-24 23:49:19,948] {logging_mixin.py:109} INFO - [2021-10-24 23:49:19,948] {dagbag.py:500} INFO - Filling up the DagBag from /home/airflow/.local/lib/python3.6/site-packages/airflow/example_dags/example_skip_dag.py
[2021-10-24 23:49:19,984] {processor.py:632} INFO - DAG(s) dict_keys(['example_skip_dag']) retrieved from /home/airflow/.local/lib/python3.6/site-packages/airflow/example_dags/example_skip_dag.py
[2021-10-24 23:49:20,001] {logging_mixin.py:109} INFO - [2021-10-24 23:49:20,001] {dag.py:2389} INFO - Sync 1 DAGs
[2021-10-24 23:49:20,028] {logging_mixin.py:109} INFO - [2021-10-24 23:49:20,028] {dag.py:2914} INFO - Setting next_dagrun for example_skip_dag to 2021-10-23T23:49:20.028454+00:00
[2021-10-24 23:49:20,044] {processor.py:171} INFO - Processing /home/airflow/.local/lib/python3.6/site-packages/airflow/example_dags/example_skip_dag.py took 0.104 seconds
[2021-10-24 23:49:50,095] {processor.py:163} INFO - Started process (PID=306) to work on /home/airflow/.local/lib/python3.6/site-packages/airflow/example_dags/example_skip_dag.py
[2021-10-24 23:49:50,112] {processor.py:620} INFO - Processing file /home/airflow/.local/lib/python3.6/site-packages/airflow/example_dags/example_skip_dag.py for tasks to queue
[2021-10-24 23:49:50,113] {logging_mixin.py:109} INFO - [2021-10-24 23:49:50,113] {dagbag.py:500} INFO - Filling up the DagBag from /home/airflow/.local/lib/python3.6/site-packages/airflow/example_dags/example_skip_dag.py
[2021-10-24 23:49:50,170] {processor.py:632} INFO - DAG(s) dict_keys(['example_skip_dag']) retrieved from /home/airflow/.local/lib/python3.6/site-packages/airflow/example_dags/example_skip_dag.py
[2021-10-24 23:49:50,197] {logging_mixin.py:109} INFO - [2021-10-24 23:49:50,197] {dag.py:2389} INFO - Sync 1 DAGs
[2021-10-24 23:49:50,234] {logging_mixin.py:109} INFO - [2021-10-24 23:49:50,233] {dag.py:2914} INFO - Setting next_dagrun for example_skip_dag to 2021-10-23T23:49:50.232993+00:00
[2021-10-24 23:49:50,257] {processor.py:171} INFO - Processing /home/airflow/.local/lib/python3.6/site-packages/airflow/example_dags/example_skip_dag.py took 0.166 seconds
[2021-10-24 23:50:20,875] {processor.py:163} INFO - Started process (PID=370) to work on /home/airflow/.local/lib/python3.6/site-packages/airflow/example_dags/example_skip_dag.py
[2021-10-24 23:50:20,878] {processor.py:620} INFO - Processing file /home/airflow/.local/lib/python3.6/site-packages/airflow/example_dags/example_skip_dag.py for tasks to queue
[2021-10-24 23:50:20,879] {logging_mixin.py:109} INFO - [2021-10-24 23:50:20,879] {dagbag.py:500} INFO - Filling up the DagBag from /home/airflow/.local/lib/python3.6/site-packages/airflow/example_dags/example_skip_dag.py
[2021-10-24 23:50:20,925] {processor.py:632} INFO - DAG(s) dict_keys(['example_skip_dag']) retrieved from /home/airflow/.local/lib/python3.6/site-packages/airflow/example_dags/example_skip_dag.py
[2021-10-24 23:50:20,949] {logging_mixin.py:109} INFO - [2021-10-24 23:50:20,949] {dag.py:2389} INFO - Sync 1 DAGs
[2021-10-24 23:50:20,979] {logging_mixin.py:109} INFO - [2021-10-24 23:50:20,979] {dag.py:2914} INFO - Setting next_dagrun for example_skip_dag to 2021-10-23T23:50:20.978726+00:00
[2021-10-24 23:50:20,992] {processor.py:171} INFO - Processing /home/airflow/.local/lib/python3.6/site-packages/airflow/example_dags/example_skip_dag.py took 0.124 seconds
[2021-10-24 23:50:51,114] {processor.py:163} INFO - Started process (PID=436) to work on /home/airflow/.local/lib/python3.6/site-packages/airflow/example_dags/example_skip_dag.py
[2021-10-24 23:50:51,116] {processor.py:620} INFO - Processing file /home/airflow/.local/lib/python3.6/site-packages/airflow/example_dags/example_skip_dag.py for tasks to queue
[2021-10-24 23:50:51,117] {logging_mixin.py:109} INFO - [2021-10-24 23:50:51,116] {dagbag.py:500} INFO - Filling up the DagBag from /home/airflow/.local/lib/python3.6/site-packages/airflow/example_dags/example_skip_dag.py
[2021-10-24 23:50:51,196] {processor.py:632} INFO - DAG(s) dict_keys(['example_skip_dag']) retrieved from /home/airflow/.local/lib/python3.6/site-packages/airflow/example_dags/example_skip_dag.py
[2021-10-24 23:50:51,245] {logging_mixin.py:109} INFO - [2021-10-24 23:50:51,244] {dag.py:2389} INFO - Sync 1 DAGs
[2021-10-24 23:50:51,289] {logging_mixin.py:109} INFO - [2021-10-24 23:50:51,289] {dag.py:2914} INFO - Setting next_dagrun for example_skip_dag to 2021-10-23T23:50:51.289169+00:00
[2021-10-24 23:50:51,335] {processor.py:171} INFO - Processing /home/airflow/.local/lib/python3.6/site-packages/airflow/example_dags/example_skip_dag.py took 0.226 seconds
[2021-10-24 23:51:22,245] {processor.py:163} INFO - Started process (PID=516) to work on /home/airflow/.local/lib/python3.6/site-packages/airflow/example_dags/example_skip_dag.py
[2021-10-24 23:51:22,247] {processor.py:620} INFO - Processing file /home/airflow/.local/lib/python3.6/site-packages/airflow/example_dags/example_skip_dag.py for tasks to queue
[2021-10-24 23:51:22,248] {logging_mixin.py:109} INFO - [2021-10-24 23:51:22,247] {dagbag.py:500} INFO - Filling up the DagBag from /home/airflow/.local/lib/python3.6/site-packages/airflow/example_dags/example_skip_dag.py
[2021-10-24 23:51:22,288] {processor.py:632} INFO - DAG(s) dict_keys(['example_skip_dag']) retrieved from /home/airflow/.local/lib/python3.6/site-packages/airflow/example_dags/example_skip_dag.py
[2021-10-24 23:51:22,307] {logging_mixin.py:109} INFO - [2021-10-24 23:51:22,307] {dag.py:2389} INFO - Sync 1 DAGs
[2021-10-24 23:51:22,330] {logging_mixin.py:109} INFO - [2021-10-24 23:51:22,330] {dag.py:2914} INFO - Setting next_dagrun for example_skip_dag to 2021-10-23T23:51:22.330062+00:00
[2021-10-24 23:51:22,344] {processor.py:171} INFO - Processing /home/airflow/.local/lib/python3.6/site-packages/airflow/example_dags/example_skip_dag.py took 0.102 seconds
[2021-10-24 23:51:53,337] {processor.py:163} INFO - Started process (PID=581) to work on /home/airflow/.local/lib/python3.6/site-packages/airflow/example_dags/example_skip_dag.py
[2021-10-24 23:51:53,340] {processor.py:620} INFO - Processing file /home/airflow/.local/lib/python3.6/site-packages/airflow/example_dags/example_skip_dag.py for tasks to queue
[2021-10-24 23:51:53,341] {logging_mixin.py:109} INFO - [2021-10-24 23:51:53,341] {dagbag.py:500} INFO - Filling up the DagBag from /home/airflow/.local/lib/python3.6/site-packages/airflow/example_dags/example_skip_dag.py
[2021-10-24 23:51:53,422] {processor.py:632} INFO - DAG(s) dict_keys(['example_skip_dag']) retrieved from /home/airflow/.local/lib/python3.6/site-packages/airflow/example_dags/example_skip_dag.py
[2021-10-24 23:51:53,444] {logging_mixin.py:109} INFO - [2021-10-24 23:51:53,444] {dag.py:2389} INFO - Sync 1 DAGs
[2021-10-24 23:51:53,479] {logging_mixin.py:109} INFO - [2021-10-24 23:51:53,479] {dag.py:2914} INFO - Setting next_dagrun for example_skip_dag to 2021-10-23T23:51:53.478521+00:00
[2021-10-24 23:51:53,499] {processor.py:171} INFO - Processing /home/airflow/.local/lib/python3.6/site-packages/airflow/example_dags/example_skip_dag.py took 0.167 seconds
[2021-10-24 23:52:24,170] {processor.py:163} INFO - Started process (PID=645) to work on /home/airflow/.local/lib/python3.6/site-packages/airflow/example_dags/example_skip_dag.py
[2021-10-24 23:52:24,171] {processor.py:620} INFO - Processing file /home/airflow/.local/lib/python3.6/site-packages/airflow/example_dags/example_skip_dag.py for tasks to queue
[2021-10-24 23:52:24,172] {logging_mixin.py:109} INFO - [2021-10-24 23:52:24,172] {dagbag.py:500} INFO - Filling up the DagBag from /home/airflow/.local/lib/python3.6/site-packages/airflow/example_dags/example_skip_dag.py
[2021-10-24 23:52:24,213] {processor.py:632} INFO - DAG(s) dict_keys(['example_skip_dag']) retrieved from /home/airflow/.local/lib/python3.6/site-packages/airflow/example_dags/example_skip_dag.py
[2021-10-24 23:52:24,232] {logging_mixin.py:109} INFO - [2021-10-24 23:52:24,231] {dag.py:2389} INFO - Sync 1 DAGs
[2021-10-24 23:52:24,261] {logging_mixin.py:109} INFO - [2021-10-24 23:52:24,261] {dag.py:2914} INFO - Setting next_dagrun for example_skip_dag to 2021-10-23T23:52:24.260797+00:00
[2021-10-24 23:52:24,278] {processor.py:171} INFO - Processing /home/airflow/.local/lib/python3.6/site-packages/airflow/example_dags/example_skip_dag.py took 0.113 seconds
[2021-10-24 23:52:54,513] {processor.py:163} INFO - Started process (PID=710) to work on /home/airflow/.local/lib/python3.6/site-packages/airflow/example_dags/example_skip_dag.py
[2021-10-24 23:52:54,514] {processor.py:620} INFO - Processing file /home/airflow/.local/lib/python3.6/site-packages/airflow/example_dags/example_skip_dag.py for tasks to queue
[2021-10-24 23:52:54,515] {logging_mixin.py:109} INFO - [2021-10-24 23:52:54,515] {dagbag.py:500} INFO - Filling up the DagBag from /home/airflow/.local/lib/python3.6/site-packages/airflow/example_dags/example_skip_dag.py
[2021-10-24 23:52:54,556] {processor.py:632} INFO - DAG(s) dict_keys(['example_skip_dag']) retrieved from /home/airflow/.local/lib/python3.6/site-packages/airflow/example_dags/example_skip_dag.py
[2021-10-24 23:52:54,571] {logging_mixin.py:109} INFO - [2021-10-24 23:52:54,571] {dag.py:2389} INFO - Sync 1 DAGs
[2021-10-24 23:52:54,600] {logging_mixin.py:109} INFO - [2021-10-24 23:52:54,600] {dag.py:2914} INFO - Setting next_dagrun for example_skip_dag to 2021-10-23T23:52:54.600240+00:00
[2021-10-24 23:52:54,619] {processor.py:171} INFO - Processing /home/airflow/.local/lib/python3.6/site-packages/airflow/example_dags/example_skip_dag.py took 0.112 seconds
[2021-10-24 23:53:24,777] {processor.py:163} INFO - Started process (PID=775) to work on /home/airflow/.local/lib/python3.6/site-packages/airflow/example_dags/example_skip_dag.py
[2021-10-24 23:53:24,778] {processor.py:620} INFO - Processing file /home/airflow/.local/lib/python3.6/site-packages/airflow/example_dags/example_skip_dag.py for tasks to queue
[2021-10-24 23:53:24,779] {logging_mixin.py:109} INFO - [2021-10-24 23:53:24,779] {dagbag.py:500} INFO - Filling up the DagBag from /home/airflow/.local/lib/python3.6/site-packages/airflow/example_dags/example_skip_dag.py
[2021-10-24 23:53:24,805] {processor.py:632} INFO - DAG(s) dict_keys(['example_skip_dag']) retrieved from /home/airflow/.local/lib/python3.6/site-packages/airflow/example_dags/example_skip_dag.py
[2021-10-24 23:53:24,820] {logging_mixin.py:109} INFO - [2021-10-24 23:53:24,820] {dag.py:2389} INFO - Sync 1 DAGs
[2021-10-24 23:53:24,842] {logging_mixin.py:109} INFO - [2021-10-24 23:53:24,842] {dag.py:2914} INFO - Setting next_dagrun for example_skip_dag to 2021-10-23T23:53:24.842231+00:00
[2021-10-24 23:53:24,854] {processor.py:171} INFO - Processing /home/airflow/.local/lib/python3.6/site-packages/airflow/example_dags/example_skip_dag.py took 0.080 seconds
[2021-10-24 23:53:55,376] {processor.py:163} INFO - Started process (PID=839) to work on /home/airflow/.local/lib/python3.6/site-packages/airflow/example_dags/example_skip_dag.py
[2021-10-24 23:53:55,378] {processor.py:620} INFO - Processing file /home/airflow/.local/lib/python3.6/site-packages/airflow/example_dags/example_skip_dag.py for tasks to queue
[2021-10-24 23:53:55,379] {logging_mixin.py:109} INFO - [2021-10-24 23:53:55,379] {dagbag.py:500} INFO - Filling up the DagBag from /home/airflow/.local/lib/python3.6/site-packages/airflow/example_dags/example_skip_dag.py
[2021-10-24 23:53:55,418] {processor.py:632} INFO - DAG(s) dict_keys(['example_skip_dag']) retrieved from /home/airflow/.local/lib/python3.6/site-packages/airflow/example_dags/example_skip_dag.py
[2021-10-24 23:53:55,435] {logging_mixin.py:109} INFO - [2021-10-24 23:53:55,435] {dag.py:2389} INFO - Sync 1 DAGs
[2021-10-24 23:53:55,461] {logging_mixin.py:109} INFO - [2021-10-24 23:53:55,461] {dag.py:2914} INFO - Setting next_dagrun for example_skip_dag to 2021-10-23T23:53:55.460745+00:00
[2021-10-24 23:53:55,472] {processor.py:171} INFO - Processing /home/airflow/.local/lib/python3.6/site-packages/airflow/example_dags/example_skip_dag.py took 0.100 seconds
[2021-10-24 23:54:25,999] {processor.py:163} INFO - Started process (PID=909) to work on /home/airflow/.local/lib/python3.6/site-packages/airflow/example_dags/example_skip_dag.py
[2021-10-24 23:54:26,001] {processor.py:620} INFO - Processing file /home/airflow/.local/lib/python3.6/site-packages/airflow/example_dags/example_skip_dag.py for tasks to queue
[2021-10-24 23:54:26,002] {logging_mixin.py:109} INFO - [2021-10-24 23:54:26,001] {dagbag.py:500} INFO - Filling up the DagBag from /home/airflow/.local/lib/python3.6/site-packages/airflow/example_dags/example_skip_dag.py
[2021-10-24 23:54:26,032] {processor.py:632} INFO - DAG(s) dict_keys(['example_skip_dag']) retrieved from /home/airflow/.local/lib/python3.6/site-packages/airflow/example_dags/example_skip_dag.py
[2021-10-24 23:54:26,045] {logging_mixin.py:109} INFO - [2021-10-24 23:54:26,045] {dag.py:2389} INFO - Sync 1 DAGs
[2021-10-24 23:54:26,062] {logging_mixin.py:109} INFO - [2021-10-24 23:54:26,062] {dag.py:2914} INFO - Setting next_dagrun for example_skip_dag to 2021-10-23T23:54:26.062175+00:00
[2021-10-24 23:54:26,071] {processor.py:171} INFO - Processing /home/airflow/.local/lib/python3.6/site-packages/airflow/example_dags/example_skip_dag.py took 0.075 seconds
[2021-10-24 23:54:56,178] {processor.py:163} INFO - Started process (PID=984) to work on /home/airflow/.local/lib/python3.6/site-packages/airflow/example_dags/example_skip_dag.py
[2021-10-24 23:54:56,180] {processor.py:620} INFO - Processing file /home/airflow/.local/lib/python3.6/site-packages/airflow/example_dags/example_skip_dag.py for tasks to queue
[2021-10-24 23:54:56,180] {logging_mixin.py:109} INFO - [2021-10-24 23:54:56,180] {dagbag.py:500} INFO - Filling up the DagBag from /home/airflow/.local/lib/python3.6/site-packages/airflow/example_dags/example_skip_dag.py
[2021-10-24 23:54:56,224] {processor.py:632} INFO - DAG(s) dict_keys(['example_skip_dag']) retrieved from /home/airflow/.local/lib/python3.6/site-packages/airflow/example_dags/example_skip_dag.py
[2021-10-24 23:54:56,241] {logging_mixin.py:109} INFO - [2021-10-24 23:54:56,241] {dag.py:2389} INFO - Sync 1 DAGs
[2021-10-24 23:54:56,261] {logging_mixin.py:109} INFO - [2021-10-24 23:54:56,261] {dag.py:2914} INFO - Setting next_dagrun for example_skip_dag to 2021-10-23T23:54:56.261325+00:00
[2021-10-24 23:54:56,272] {processor.py:171} INFO - Processing /home/airflow/.local/lib/python3.6/site-packages/airflow/example_dags/example_skip_dag.py took 0.096 seconds
[2021-10-24 23:55:26,308] {processor.py:163} INFO - Started process (PID=1048) to work on /home/airflow/.local/lib/python3.6/site-packages/airflow/example_dags/example_skip_dag.py
[2021-10-24 23:55:26,310] {processor.py:620} INFO - Processing file /home/airflow/.local/lib/python3.6/site-packages/airflow/example_dags/example_skip_dag.py for tasks to queue
[2021-10-24 23:55:26,311] {logging_mixin.py:109} INFO - [2021-10-24 23:55:26,311] {dagbag.py:500} INFO - Filling up the DagBag from /home/airflow/.local/lib/python3.6/site-packages/airflow/example_dags/example_skip_dag.py
[2021-10-24 23:55:26,339] {processor.py:632} INFO - DAG(s) dict_keys(['example_skip_dag']) retrieved from /home/airflow/.local/lib/python3.6/site-packages/airflow/example_dags/example_skip_dag.py
[2021-10-24 23:55:26,354] {logging_mixin.py:109} INFO - [2021-10-24 23:55:26,354] {dag.py:2389} INFO - Sync 1 DAGs
[2021-10-24 23:55:26,371] {logging_mixin.py:109} INFO - [2021-10-24 23:55:26,371] {dag.py:2914} INFO - Setting next_dagrun for example_skip_dag to 2021-10-23T23:55:26.370858+00:00
[2021-10-24 23:55:26,381] {processor.py:171} INFO - Processing /home/airflow/.local/lib/python3.6/site-packages/airflow/example_dags/example_skip_dag.py took 0.076 seconds
[2021-10-24 23:55:56,446] {processor.py:163} INFO - Started process (PID=1112) to work on /home/airflow/.local/lib/python3.6/site-packages/airflow/example_dags/example_skip_dag.py
[2021-10-24 23:55:56,447] {processor.py:620} INFO - Processing file /home/airflow/.local/lib/python3.6/site-packages/airflow/example_dags/example_skip_dag.py for tasks to queue
[2021-10-24 23:55:56,447] {logging_mixin.py:109} INFO - [2021-10-24 23:55:56,447] {dagbag.py:500} INFO - Filling up the DagBag from /home/airflow/.local/lib/python3.6/site-packages/airflow/example_dags/example_skip_dag.py
[2021-10-24 23:55:56,470] {processor.py:632} INFO - DAG(s) dict_keys(['example_skip_dag']) retrieved from /home/airflow/.local/lib/python3.6/site-packages/airflow/example_dags/example_skip_dag.py
[2021-10-24 23:55:56,480] {logging_mixin.py:109} INFO - [2021-10-24 23:55:56,480] {dag.py:2389} INFO - Sync 1 DAGs
[2021-10-24 23:55:56,494] {logging_mixin.py:109} INFO - [2021-10-24 23:55:56,494] {dag.py:2914} INFO - Setting next_dagrun for example_skip_dag to 2021-10-23T23:55:56.494244+00:00
[2021-10-24 23:55:56,502] {processor.py:171} INFO - Processing /home/airflow/.local/lib/python3.6/site-packages/airflow/example_dags/example_skip_dag.py took 0.059 seconds
[2021-10-24 23:56:26,963] {processor.py:163} INFO - Started process (PID=1187) to work on /home/airflow/.local/lib/python3.6/site-packages/airflow/example_dags/example_skip_dag.py
[2021-10-24 23:56:26,964] {processor.py:620} INFO - Processing file /home/airflow/.local/lib/python3.6/site-packages/airflow/example_dags/example_skip_dag.py for tasks to queue
[2021-10-24 23:56:26,965] {logging_mixin.py:109} INFO - [2021-10-24 23:56:26,965] {dagbag.py:500} INFO - Filling up the DagBag from /home/airflow/.local/lib/python3.6/site-packages/airflow/example_dags/example_skip_dag.py
[2021-10-24 23:56:26,988] {processor.py:632} INFO - DAG(s) dict_keys(['example_skip_dag']) retrieved from /home/airflow/.local/lib/python3.6/site-packages/airflow/example_dags/example_skip_dag.py
[2021-10-24 23:56:26,999] {logging_mixin.py:109} INFO - [2021-10-24 23:56:26,999] {dag.py:2389} INFO - Sync 1 DAGs
[2021-10-24 23:56:27,014] {logging_mixin.py:109} INFO - [2021-10-24 23:56:27,014] {dag.py:2914} INFO - Setting next_dagrun for example_skip_dag to 2021-10-23T23:56:27.014215+00:00
[2021-10-24 23:56:27,022] {processor.py:171} INFO - Processing /home/airflow/.local/lib/python3.6/site-packages/airflow/example_dags/example_skip_dag.py took 0.061 seconds
[2021-10-24 23:56:57,268] {processor.py:163} INFO - Started process (PID=1251) to work on /home/airflow/.local/lib/python3.6/site-packages/airflow/example_dags/example_skip_dag.py
[2021-10-24 23:56:57,269] {processor.py:620} INFO - Processing file /home/airflow/.local/lib/python3.6/site-packages/airflow/example_dags/example_skip_dag.py for tasks to queue
[2021-10-24 23:56:57,269] {logging_mixin.py:109} INFO - [2021-10-24 23:56:57,269] {dagbag.py:500} INFO - Filling up the DagBag from /home/airflow/.local/lib/python3.6/site-packages/airflow/example_dags/example_skip_dag.py
[2021-10-24 23:56:57,292] {processor.py:632} INFO - DAG(s) dict_keys(['example_skip_dag']) retrieved from /home/airflow/.local/lib/python3.6/site-packages/airflow/example_dags/example_skip_dag.py
[2021-10-24 23:56:57,303] {logging_mixin.py:109} INFO - [2021-10-24 23:56:57,303] {dag.py:2389} INFO - Sync 1 DAGs
[2021-10-24 23:56:57,317] {logging_mixin.py:109} INFO - [2021-10-24 23:56:57,317] {dag.py:2914} INFO - Setting next_dagrun for example_skip_dag to 2021-10-23T23:56:57.317468+00:00
[2021-10-24 23:56:57,326] {processor.py:171} INFO - Processing /home/airflow/.local/lib/python3.6/site-packages/airflow/example_dags/example_skip_dag.py took 0.061 seconds
[2021-10-24 23:57:27,981] {processor.py:163} INFO - Started process (PID=1326) to work on /home/airflow/.local/lib/python3.6/site-packages/airflow/example_dags/example_skip_dag.py
[2021-10-24 23:57:27,982] {processor.py:620} INFO - Processing file /home/airflow/.local/lib/python3.6/site-packages/airflow/example_dags/example_skip_dag.py for tasks to queue
[2021-10-24 23:57:27,982] {logging_mixin.py:109} INFO - [2021-10-24 23:57:27,982] {dagbag.py:500} INFO - Filling up the DagBag from /home/airflow/.local/lib/python3.6/site-packages/airflow/example_dags/example_skip_dag.py
[2021-10-24 23:57:28,007] {processor.py:632} INFO - DAG(s) dict_keys(['example_skip_dag']) retrieved from /home/airflow/.local/lib/python3.6/site-packages/airflow/example_dags/example_skip_dag.py
[2021-10-24 23:57:28,019] {logging_mixin.py:109} INFO - [2021-10-24 23:57:28,019] {dag.py:2389} INFO - Sync 1 DAGs
[2021-10-24 23:57:28,034] {logging_mixin.py:109} INFO - [2021-10-24 23:57:28,034] {dag.py:2914} INFO - Setting next_dagrun for example_skip_dag to 2021-10-23T23:57:28.033813+00:00
[2021-10-24 23:57:28,053] {processor.py:171} INFO - Processing /home/airflow/.local/lib/python3.6/site-packages/airflow/example_dags/example_skip_dag.py took 0.074 seconds
[2021-10-24 23:57:58,132] {processor.py:163} INFO - Started process (PID=1392) to work on /home/airflow/.local/lib/python3.6/site-packages/airflow/example_dags/example_skip_dag.py
[2021-10-24 23:57:58,133] {processor.py:620} INFO - Processing file /home/airflow/.local/lib/python3.6/site-packages/airflow/example_dags/example_skip_dag.py for tasks to queue
[2021-10-24 23:57:58,133] {logging_mixin.py:109} INFO - [2021-10-24 23:57:58,133] {dagbag.py:500} INFO - Filling up the DagBag from /home/airflow/.local/lib/python3.6/site-packages/airflow/example_dags/example_skip_dag.py
[2021-10-24 23:57:58,166] {processor.py:632} INFO - DAG(s) dict_keys(['example_skip_dag']) retrieved from /home/airflow/.local/lib/python3.6/site-packages/airflow/example_dags/example_skip_dag.py
[2021-10-24 23:57:58,181] {logging_mixin.py:109} INFO - [2021-10-24 23:57:58,181] {dag.py:2389} INFO - Sync 1 DAGs
[2021-10-24 23:57:58,206] {logging_mixin.py:109} INFO - [2021-10-24 23:57:58,206] {dag.py:2914} INFO - Setting next_dagrun for example_skip_dag to 2021-10-23T23:57:58.205672+00:00
[2021-10-24 23:57:58,218] {processor.py:171} INFO - Processing /home/airflow/.local/lib/python3.6/site-packages/airflow/example_dags/example_skip_dag.py took 0.090 seconds
[2021-10-24 23:58:28,617] {processor.py:163} INFO - Started process (PID=1459) to work on /home/airflow/.local/lib/python3.6/site-packages/airflow/example_dags/example_skip_dag.py
[2021-10-24 23:58:28,619] {processor.py:620} INFO - Processing file /home/airflow/.local/lib/python3.6/site-packages/airflow/example_dags/example_skip_dag.py for tasks to queue
[2021-10-24 23:58:28,620] {logging_mixin.py:109} INFO - [2021-10-24 23:58:28,619] {dagbag.py:500} INFO - Filling up the DagBag from /home/airflow/.local/lib/python3.6/site-packages/airflow/example_dags/example_skip_dag.py
[2021-10-24 23:58:28,653] {processor.py:632} INFO - DAG(s) dict_keys(['example_skip_dag']) retrieved from /home/airflow/.local/lib/python3.6/site-packages/airflow/example_dags/example_skip_dag.py
[2021-10-24 23:58:28,668] {logging_mixin.py:109} INFO - [2021-10-24 23:58:28,667] {dag.py:2389} INFO - Sync 1 DAGs
[2021-10-24 23:58:28,690] {logging_mixin.py:109} INFO - [2021-10-24 23:58:28,690] {dag.py:2914} INFO - Setting next_dagrun for example_skip_dag to 2021-10-23T23:58:28.690376+00:00
[2021-10-24 23:58:28,702] {processor.py:171} INFO - Processing /home/airflow/.local/lib/python3.6/site-packages/airflow/example_dags/example_skip_dag.py took 0.088 seconds
[2021-10-24 23:58:59,051] {processor.py:163} INFO - Started process (PID=1524) to work on /home/airflow/.local/lib/python3.6/site-packages/airflow/example_dags/example_skip_dag.py
[2021-10-24 23:58:59,052] {processor.py:620} INFO - Processing file /home/airflow/.local/lib/python3.6/site-packages/airflow/example_dags/example_skip_dag.py for tasks to queue
[2021-10-24 23:58:59,053] {logging_mixin.py:109} INFO - [2021-10-24 23:58:59,053] {dagbag.py:500} INFO - Filling up the DagBag from /home/airflow/.local/lib/python3.6/site-packages/airflow/example_dags/example_skip_dag.py
[2021-10-24 23:58:59,090] {processor.py:632} INFO - DAG(s) dict_keys(['example_skip_dag']) retrieved from /home/airflow/.local/lib/python3.6/site-packages/airflow/example_dags/example_skip_dag.py
[2021-10-24 23:58:59,123] {logging_mixin.py:109} INFO - [2021-10-24 23:58:59,106] {dag.py:2389} INFO - Sync 1 DAGs
[2021-10-24 23:58:59,143] {logging_mixin.py:109} INFO - [2021-10-24 23:58:59,143] {dag.py:2914} INFO - Setting next_dagrun for example_skip_dag to 2021-10-23T23:58:59.143390+00:00
[2021-10-24 23:58:59,154] {processor.py:171} INFO - Processing /home/airflow/.local/lib/python3.6/site-packages/airflow/example_dags/example_skip_dag.py took 0.106 seconds
[2021-10-24 23:59:29,342] {processor.py:163} INFO - Started process (PID=1601) to work on /home/airflow/.local/lib/python3.6/site-packages/airflow/example_dags/example_skip_dag.py
[2021-10-24 23:59:29,343] {processor.py:620} INFO - Processing file /home/airflow/.local/lib/python3.6/site-packages/airflow/example_dags/example_skip_dag.py for tasks to queue
[2021-10-24 23:59:29,344] {logging_mixin.py:109} INFO - [2021-10-24 23:59:29,344] {dagbag.py:500} INFO - Filling up the DagBag from /home/airflow/.local/lib/python3.6/site-packages/airflow/example_dags/example_skip_dag.py
[2021-10-24 23:59:29,385] {processor.py:632} INFO - DAG(s) dict_keys(['example_skip_dag']) retrieved from /home/airflow/.local/lib/python3.6/site-packages/airflow/example_dags/example_skip_dag.py
[2021-10-24 23:59:29,407] {logging_mixin.py:109} INFO - [2021-10-24 23:59:29,407] {dag.py:2389} INFO - Sync 1 DAGs
[2021-10-24 23:59:29,433] {logging_mixin.py:109} INFO - [2021-10-24 23:59:29,433] {dag.py:2914} INFO - Setting next_dagrun for example_skip_dag to 2021-10-23T23:59:29.432705+00:00
[2021-10-24 23:59:29,447] {processor.py:171} INFO - Processing /home/airflow/.local/lib/python3.6/site-packages/airflow/example_dags/example_skip_dag.py took 0.109 seconds
[2021-10-24 23:59:59,904] {processor.py:163} INFO - Started process (PID=1665) to work on /home/airflow/.local/lib/python3.6/site-packages/airflow/example_dags/example_skip_dag.py
[2021-10-24 23:59:59,905] {processor.py:620} INFO - Processing file /home/airflow/.local/lib/python3.6/site-packages/airflow/example_dags/example_skip_dag.py for tasks to queue
[2021-10-24 23:59:59,906] {logging_mixin.py:109} INFO - [2021-10-24 23:59:59,906] {dagbag.py:500} INFO - Filling up the DagBag from /home/airflow/.local/lib/python3.6/site-packages/airflow/example_dags/example_skip_dag.py
[2021-10-24 23:59:59,940] {processor.py:632} INFO - DAG(s) dict_keys(['example_skip_dag']) retrieved from /home/airflow/.local/lib/python3.6/site-packages/airflow/example_dags/example_skip_dag.py
[2021-10-24 23:59:59,955] {logging_mixin.py:109} INFO - [2021-10-24 23:59:59,955] {dag.py:2389} INFO - Sync 1 DAGs
[2021-10-24 23:59:59,976] {logging_mixin.py:109} INFO - [2021-10-24 23:59:59,976] {dag.py:2914} INFO - Setting next_dagrun for example_skip_dag to 2021-10-23T23:59:59.975724+00:00
[2021-10-24 23:59:59,988] {processor.py:171} INFO - Processing /home/airflow/.local/lib/python3.6/site-packages/airflow/example_dags/example_skip_dag.py took 0.087 seconds
