[2021-10-24 22:55:13,711] {processor.py:163} INFO - Started process (PID=60) to work on /home/airflow/.local/lib/python3.6/site-packages/airflow/example_dags/example_time_delta_sensor_async.py
[2021-10-24 22:55:13,712] {processor.py:620} INFO - Processing file /home/airflow/.local/lib/python3.6/site-packages/airflow/example_dags/example_time_delta_sensor_async.py for tasks to queue
[2021-10-24 22:55:13,713] {logging_mixin.py:109} INFO - [2021-10-24 22:55:13,713] {dagbag.py:500} INFO - Filling up the DagBag from /home/airflow/.local/lib/python3.6/site-packages/airflow/example_dags/example_time_delta_sensor_async.py
[2021-10-24 22:55:13,769] {processor.py:632} INFO - DAG(s) dict_keys(['example_time_delta_sensor_async']) retrieved from /home/airflow/.local/lib/python3.6/site-packages/airflow/example_dags/example_time_delta_sensor_async.py
[2021-10-24 22:55:13,785] {logging_mixin.py:109} INFO - [2021-10-24 22:55:13,784] {dag.py:2389} INFO - Sync 1 DAGs
[2021-10-24 22:55:13,812] {logging_mixin.py:109} INFO - [2021-10-24 22:55:13,812] {dag.py:2914} INFO - Setting next_dagrun for example_time_delta_sensor_async to None
[2021-10-24 22:55:13,824] {processor.py:171} INFO - Processing /home/airflow/.local/lib/python3.6/site-packages/airflow/example_dags/example_time_delta_sensor_async.py took 0.117 seconds
[2021-10-24 22:55:44,364] {processor.py:163} INFO - Started process (PID=117) to work on /home/airflow/.local/lib/python3.6/site-packages/airflow/example_dags/example_time_delta_sensor_async.py
[2021-10-24 22:55:44,366] {processor.py:620} INFO - Processing file /home/airflow/.local/lib/python3.6/site-packages/airflow/example_dags/example_time_delta_sensor_async.py for tasks to queue
[2021-10-24 22:55:44,366] {logging_mixin.py:109} INFO - [2021-10-24 22:55:44,366] {dagbag.py:500} INFO - Filling up the DagBag from /home/airflow/.local/lib/python3.6/site-packages/airflow/example_dags/example_time_delta_sensor_async.py
[2021-10-24 22:55:44,390] {processor.py:632} INFO - DAG(s) dict_keys(['example_time_delta_sensor_async']) retrieved from /home/airflow/.local/lib/python3.6/site-packages/airflow/example_dags/example_time_delta_sensor_async.py
[2021-10-24 22:55:44,400] {logging_mixin.py:109} INFO - [2021-10-24 22:55:44,400] {dag.py:2389} INFO - Sync 1 DAGs
[2021-10-24 22:55:44,415] {logging_mixin.py:109} INFO - [2021-10-24 22:55:44,415] {dag.py:2914} INFO - Setting next_dagrun for example_time_delta_sensor_async to None
[2021-10-24 22:55:44,423] {processor.py:171} INFO - Processing /home/airflow/.local/lib/python3.6/site-packages/airflow/example_dags/example_time_delta_sensor_async.py took 0.061 seconds
[2021-10-24 22:56:14,769] {processor.py:163} INFO - Started process (PID=191) to work on /home/airflow/.local/lib/python3.6/site-packages/airflow/example_dags/example_time_delta_sensor_async.py
[2021-10-24 22:56:14,770] {processor.py:620} INFO - Processing file /home/airflow/.local/lib/python3.6/site-packages/airflow/example_dags/example_time_delta_sensor_async.py for tasks to queue
[2021-10-24 22:56:14,771] {logging_mixin.py:109} INFO - [2021-10-24 22:56:14,770] {dagbag.py:500} INFO - Filling up the DagBag from /home/airflow/.local/lib/python3.6/site-packages/airflow/example_dags/example_time_delta_sensor_async.py
[2021-10-24 22:56:14,798] {processor.py:632} INFO - DAG(s) dict_keys(['example_time_delta_sensor_async']) retrieved from /home/airflow/.local/lib/python3.6/site-packages/airflow/example_dags/example_time_delta_sensor_async.py
[2021-10-24 22:56:14,808] {logging_mixin.py:109} INFO - [2021-10-24 22:56:14,808] {dag.py:2389} INFO - Sync 1 DAGs
[2021-10-24 22:56:14,825] {logging_mixin.py:109} INFO - [2021-10-24 22:56:14,824] {dag.py:2914} INFO - Setting next_dagrun for example_time_delta_sensor_async to None
[2021-10-24 22:56:14,833] {processor.py:171} INFO - Processing /home/airflow/.local/lib/python3.6/site-packages/airflow/example_dags/example_time_delta_sensor_async.py took 0.068 seconds
[2021-10-24 22:57:26,611] {processor.py:163} INFO - Started process (PID=60) to work on /home/airflow/.local/lib/python3.6/site-packages/airflow/example_dags/example_time_delta_sensor_async.py
[2021-10-24 22:57:26,613] {processor.py:620} INFO - Processing file /home/airflow/.local/lib/python3.6/site-packages/airflow/example_dags/example_time_delta_sensor_async.py for tasks to queue
[2021-10-24 22:57:26,614] {logging_mixin.py:109} INFO - [2021-10-24 22:57:26,614] {dagbag.py:500} INFO - Filling up the DagBag from /home/airflow/.local/lib/python3.6/site-packages/airflow/example_dags/example_time_delta_sensor_async.py
[2021-10-24 22:57:26,645] {processor.py:632} INFO - DAG(s) dict_keys(['example_time_delta_sensor_async']) retrieved from /home/airflow/.local/lib/python3.6/site-packages/airflow/example_dags/example_time_delta_sensor_async.py
[2021-10-24 22:57:26,660] {logging_mixin.py:109} INFO - [2021-10-24 22:57:26,660] {dag.py:2389} INFO - Sync 1 DAGs
[2021-10-24 22:57:26,684] {logging_mixin.py:109} INFO - [2021-10-24 22:57:26,684] {dag.py:2914} INFO - Setting next_dagrun for example_time_delta_sensor_async to None
[2021-10-24 22:57:26,695] {processor.py:171} INFO - Processing /home/airflow/.local/lib/python3.6/site-packages/airflow/example_dags/example_time_delta_sensor_async.py took 0.087 seconds
[2021-10-24 22:57:57,299] {processor.py:163} INFO - Started process (PID=116) to work on /home/airflow/.local/lib/python3.6/site-packages/airflow/example_dags/example_time_delta_sensor_async.py
[2021-10-24 22:57:57,305] {processor.py:620} INFO - Processing file /home/airflow/.local/lib/python3.6/site-packages/airflow/example_dags/example_time_delta_sensor_async.py for tasks to queue
[2021-10-24 22:57:57,306] {logging_mixin.py:109} INFO - [2021-10-24 22:57:57,306] {dagbag.py:500} INFO - Filling up the DagBag from /home/airflow/.local/lib/python3.6/site-packages/airflow/example_dags/example_time_delta_sensor_async.py
[2021-10-24 22:57:57,329] {processor.py:632} INFO - DAG(s) dict_keys(['example_time_delta_sensor_async']) retrieved from /home/airflow/.local/lib/python3.6/site-packages/airflow/example_dags/example_time_delta_sensor_async.py
[2021-10-24 22:57:57,356] {logging_mixin.py:109} INFO - [2021-10-24 22:57:57,355] {dag.py:2389} INFO - Sync 1 DAGs
[2021-10-24 22:57:57,375] {logging_mixin.py:109} INFO - [2021-10-24 22:57:57,375] {dag.py:2914} INFO - Setting next_dagrun for example_time_delta_sensor_async to None
[2021-10-24 22:57:57,385] {processor.py:171} INFO - Processing /home/airflow/.local/lib/python3.6/site-packages/airflow/example_dags/example_time_delta_sensor_async.py took 0.089 seconds
[2021-10-24 22:58:28,012] {processor.py:163} INFO - Started process (PID=191) to work on /home/airflow/.local/lib/python3.6/site-packages/airflow/example_dags/example_time_delta_sensor_async.py
[2021-10-24 22:58:28,014] {processor.py:620} INFO - Processing file /home/airflow/.local/lib/python3.6/site-packages/airflow/example_dags/example_time_delta_sensor_async.py for tasks to queue
[2021-10-24 22:58:28,014] {logging_mixin.py:109} INFO - [2021-10-24 22:58:28,014] {dagbag.py:500} INFO - Filling up the DagBag from /home/airflow/.local/lib/python3.6/site-packages/airflow/example_dags/example_time_delta_sensor_async.py
[2021-10-24 22:58:28,043] {processor.py:632} INFO - DAG(s) dict_keys(['example_time_delta_sensor_async']) retrieved from /home/airflow/.local/lib/python3.6/site-packages/airflow/example_dags/example_time_delta_sensor_async.py
[2021-10-24 22:58:28,054] {logging_mixin.py:109} INFO - [2021-10-24 22:58:28,054] {dag.py:2389} INFO - Sync 1 DAGs
[2021-10-24 22:58:28,072] {logging_mixin.py:109} INFO - [2021-10-24 22:58:28,072] {dag.py:2914} INFO - Setting next_dagrun for example_time_delta_sensor_async to None
[2021-10-24 22:58:28,082] {processor.py:171} INFO - Processing /home/airflow/.local/lib/python3.6/site-packages/airflow/example_dags/example_time_delta_sensor_async.py took 0.073 seconds
[2021-10-24 22:58:58,154] {processor.py:163} INFO - Started process (PID=255) to work on /home/airflow/.local/lib/python3.6/site-packages/airflow/example_dags/example_time_delta_sensor_async.py
[2021-10-24 22:58:58,155] {processor.py:620} INFO - Processing file /home/airflow/.local/lib/python3.6/site-packages/airflow/example_dags/example_time_delta_sensor_async.py for tasks to queue
[2021-10-24 22:58:58,156] {logging_mixin.py:109} INFO - [2021-10-24 22:58:58,156] {dagbag.py:500} INFO - Filling up the DagBag from /home/airflow/.local/lib/python3.6/site-packages/airflow/example_dags/example_time_delta_sensor_async.py
[2021-10-24 22:58:58,181] {processor.py:632} INFO - DAG(s) dict_keys(['example_time_delta_sensor_async']) retrieved from /home/airflow/.local/lib/python3.6/site-packages/airflow/example_dags/example_time_delta_sensor_async.py
[2021-10-24 22:58:58,190] {logging_mixin.py:109} INFO - [2021-10-24 22:58:58,190] {dag.py:2389} INFO - Sync 1 DAGs
[2021-10-24 22:58:58,208] {logging_mixin.py:109} INFO - [2021-10-24 22:58:58,208] {dag.py:2914} INFO - Setting next_dagrun for example_time_delta_sensor_async to None
[2021-10-24 22:58:58,216] {processor.py:171} INFO - Processing /home/airflow/.local/lib/python3.6/site-packages/airflow/example_dags/example_time_delta_sensor_async.py took 0.065 seconds
[2021-10-24 22:59:28,992] {processor.py:163} INFO - Started process (PID=331) to work on /home/airflow/.local/lib/python3.6/site-packages/airflow/example_dags/example_time_delta_sensor_async.py
[2021-10-24 22:59:28,994] {processor.py:620} INFO - Processing file /home/airflow/.local/lib/python3.6/site-packages/airflow/example_dags/example_time_delta_sensor_async.py for tasks to queue
[2021-10-24 22:59:28,995] {logging_mixin.py:109} INFO - [2021-10-24 22:59:28,995] {dagbag.py:500} INFO - Filling up the DagBag from /home/airflow/.local/lib/python3.6/site-packages/airflow/example_dags/example_time_delta_sensor_async.py
[2021-10-24 22:59:29,028] {processor.py:632} INFO - DAG(s) dict_keys(['example_time_delta_sensor_async']) retrieved from /home/airflow/.local/lib/python3.6/site-packages/airflow/example_dags/example_time_delta_sensor_async.py
[2021-10-24 22:59:29,038] {logging_mixin.py:109} INFO - [2021-10-24 22:59:29,038] {dag.py:2389} INFO - Sync 1 DAGs
[2021-10-24 22:59:29,054] {logging_mixin.py:109} INFO - [2021-10-24 22:59:29,054] {dag.py:2914} INFO - Setting next_dagrun for example_time_delta_sensor_async to None
[2021-10-24 22:59:29,062] {processor.py:171} INFO - Processing /home/airflow/.local/lib/python3.6/site-packages/airflow/example_dags/example_time_delta_sensor_async.py took 0.074 seconds
[2021-10-24 23:47:49,225] {processor.py:163} INFO - Started process (PID=60) to work on /home/airflow/.local/lib/python3.6/site-packages/airflow/example_dags/example_time_delta_sensor_async.py
[2021-10-24 23:47:49,229] {processor.py:620} INFO - Processing file /home/airflow/.local/lib/python3.6/site-packages/airflow/example_dags/example_time_delta_sensor_async.py for tasks to queue
[2021-10-24 23:47:49,232] {logging_mixin.py:109} INFO - [2021-10-24 23:47:49,231] {dagbag.py:500} INFO - Filling up the DagBag from /home/airflow/.local/lib/python3.6/site-packages/airflow/example_dags/example_time_delta_sensor_async.py
[2021-10-24 23:47:49,277] {processor.py:632} INFO - DAG(s) dict_keys(['example_time_delta_sensor_async']) retrieved from /home/airflow/.local/lib/python3.6/site-packages/airflow/example_dags/example_time_delta_sensor_async.py
[2021-10-24 23:47:49,293] {logging_mixin.py:109} INFO - [2021-10-24 23:47:49,293] {dag.py:2389} INFO - Sync 1 DAGs
[2021-10-24 23:47:49,320] {logging_mixin.py:109} INFO - [2021-10-24 23:47:49,320] {dag.py:2914} INFO - Setting next_dagrun for example_time_delta_sensor_async to None
[2021-10-24 23:47:49,362] {processor.py:171} INFO - Processing /home/airflow/.local/lib/python3.6/site-packages/airflow/example_dags/example_time_delta_sensor_async.py took 0.146 seconds
[2021-10-24 23:48:19,660] {processor.py:163} INFO - Started process (PID=117) to work on /home/airflow/.local/lib/python3.6/site-packages/airflow/example_dags/example_time_delta_sensor_async.py
[2021-10-24 23:48:19,662] {processor.py:620} INFO - Processing file /home/airflow/.local/lib/python3.6/site-packages/airflow/example_dags/example_time_delta_sensor_async.py for tasks to queue
[2021-10-24 23:48:19,664] {logging_mixin.py:109} INFO - [2021-10-24 23:48:19,663] {dagbag.py:500} INFO - Filling up the DagBag from /home/airflow/.local/lib/python3.6/site-packages/airflow/example_dags/example_time_delta_sensor_async.py
[2021-10-24 23:48:19,714] {processor.py:632} INFO - DAG(s) dict_keys(['example_time_delta_sensor_async']) retrieved from /home/airflow/.local/lib/python3.6/site-packages/airflow/example_dags/example_time_delta_sensor_async.py
[2021-10-24 23:48:19,733] {logging_mixin.py:109} INFO - [2021-10-24 23:48:19,733] {dag.py:2389} INFO - Sync 1 DAGs
[2021-10-24 23:48:19,763] {logging_mixin.py:109} INFO - [2021-10-24 23:48:19,763] {dag.py:2914} INFO - Setting next_dagrun for example_time_delta_sensor_async to None
[2021-10-24 23:48:19,781] {processor.py:171} INFO - Processing /home/airflow/.local/lib/python3.6/site-packages/airflow/example_dags/example_time_delta_sensor_async.py took 0.128 seconds
[2021-10-24 23:48:50,102] {processor.py:163} INFO - Started process (PID=183) to work on /home/airflow/.local/lib/python3.6/site-packages/airflow/example_dags/example_time_delta_sensor_async.py
[2021-10-24 23:48:50,104] {processor.py:620} INFO - Processing file /home/airflow/.local/lib/python3.6/site-packages/airflow/example_dags/example_time_delta_sensor_async.py for tasks to queue
[2021-10-24 23:48:50,105] {logging_mixin.py:109} INFO - [2021-10-24 23:48:50,105] {dagbag.py:500} INFO - Filling up the DagBag from /home/airflow/.local/lib/python3.6/site-packages/airflow/example_dags/example_time_delta_sensor_async.py
[2021-10-24 23:48:50,141] {processor.py:632} INFO - DAG(s) dict_keys(['example_time_delta_sensor_async']) retrieved from /home/airflow/.local/lib/python3.6/site-packages/airflow/example_dags/example_time_delta_sensor_async.py
[2021-10-24 23:48:50,153] {logging_mixin.py:109} INFO - [2021-10-24 23:48:50,153] {dag.py:2389} INFO - Sync 1 DAGs
[2021-10-24 23:48:50,180] {logging_mixin.py:109} INFO - [2021-10-24 23:48:50,180] {dag.py:2914} INFO - Setting next_dagrun for example_time_delta_sensor_async to None
[2021-10-24 23:48:50,193] {processor.py:171} INFO - Processing /home/airflow/.local/lib/python3.6/site-packages/airflow/example_dags/example_time_delta_sensor_async.py took 0.098 seconds
[2021-10-24 23:49:20,375] {processor.py:163} INFO - Started process (PID=248) to work on /home/airflow/.local/lib/python3.6/site-packages/airflow/example_dags/example_time_delta_sensor_async.py
[2021-10-24 23:49:20,377] {processor.py:620} INFO - Processing file /home/airflow/.local/lib/python3.6/site-packages/airflow/example_dags/example_time_delta_sensor_async.py for tasks to queue
[2021-10-24 23:49:20,379] {logging_mixin.py:109} INFO - [2021-10-24 23:49:20,378] {dagbag.py:500} INFO - Filling up the DagBag from /home/airflow/.local/lib/python3.6/site-packages/airflow/example_dags/example_time_delta_sensor_async.py
[2021-10-24 23:49:20,424] {processor.py:632} INFO - DAG(s) dict_keys(['example_time_delta_sensor_async']) retrieved from /home/airflow/.local/lib/python3.6/site-packages/airflow/example_dags/example_time_delta_sensor_async.py
[2021-10-24 23:49:20,436] {logging_mixin.py:109} INFO - [2021-10-24 23:49:20,436] {dag.py:2389} INFO - Sync 1 DAGs
[2021-10-24 23:49:20,463] {logging_mixin.py:109} INFO - [2021-10-24 23:49:20,462] {dag.py:2914} INFO - Setting next_dagrun for example_time_delta_sensor_async to None
[2021-10-24 23:49:20,475] {processor.py:171} INFO - Processing /home/airflow/.local/lib/python3.6/site-packages/airflow/example_dags/example_time_delta_sensor_async.py took 0.105 seconds
[2021-10-24 23:49:50,945] {processor.py:163} INFO - Started process (PID=312) to work on /home/airflow/.local/lib/python3.6/site-packages/airflow/example_dags/example_time_delta_sensor_async.py
[2021-10-24 23:49:50,965] {processor.py:620} INFO - Processing file /home/airflow/.local/lib/python3.6/site-packages/airflow/example_dags/example_time_delta_sensor_async.py for tasks to queue
[2021-10-24 23:49:50,966] {logging_mixin.py:109} INFO - [2021-10-24 23:49:50,965] {dagbag.py:500} INFO - Filling up the DagBag from /home/airflow/.local/lib/python3.6/site-packages/airflow/example_dags/example_time_delta_sensor_async.py
[2021-10-24 23:49:51,038] {processor.py:632} INFO - DAG(s) dict_keys(['example_time_delta_sensor_async']) retrieved from /home/airflow/.local/lib/python3.6/site-packages/airflow/example_dags/example_time_delta_sensor_async.py
[2021-10-24 23:49:51,064] {logging_mixin.py:109} INFO - [2021-10-24 23:49:51,064] {dag.py:2389} INFO - Sync 1 DAGs
[2021-10-24 23:49:51,101] {logging_mixin.py:109} INFO - [2021-10-24 23:49:51,101] {dag.py:2914} INFO - Setting next_dagrun for example_time_delta_sensor_async to None
[2021-10-24 23:49:51,125] {processor.py:171} INFO - Processing /home/airflow/.local/lib/python3.6/site-packages/airflow/example_dags/example_time_delta_sensor_async.py took 0.195 seconds
[2021-10-24 23:50:21,376] {processor.py:163} INFO - Started process (PID=376) to work on /home/airflow/.local/lib/python3.6/site-packages/airflow/example_dags/example_time_delta_sensor_async.py
[2021-10-24 23:50:21,378] {processor.py:620} INFO - Processing file /home/airflow/.local/lib/python3.6/site-packages/airflow/example_dags/example_time_delta_sensor_async.py for tasks to queue
[2021-10-24 23:50:21,380] {logging_mixin.py:109} INFO - [2021-10-24 23:50:21,379] {dagbag.py:500} INFO - Filling up the DagBag from /home/airflow/.local/lib/python3.6/site-packages/airflow/example_dags/example_time_delta_sensor_async.py
[2021-10-24 23:50:21,441] {processor.py:632} INFO - DAG(s) dict_keys(['example_time_delta_sensor_async']) retrieved from /home/airflow/.local/lib/python3.6/site-packages/airflow/example_dags/example_time_delta_sensor_async.py
[2021-10-24 23:50:21,458] {logging_mixin.py:109} INFO - [2021-10-24 23:50:21,458] {dag.py:2389} INFO - Sync 1 DAGs
[2021-10-24 23:50:21,487] {logging_mixin.py:109} INFO - [2021-10-24 23:50:21,487] {dag.py:2914} INFO - Setting next_dagrun for example_time_delta_sensor_async to None
[2021-10-24 23:50:21,502] {processor.py:171} INFO - Processing /home/airflow/.local/lib/python3.6/site-packages/airflow/example_dags/example_time_delta_sensor_async.py took 0.130 seconds
[2021-10-24 23:50:51,814] {processor.py:163} INFO - Started process (PID=452) to work on /home/airflow/.local/lib/python3.6/site-packages/airflow/example_dags/example_time_delta_sensor_async.py
[2021-10-24 23:50:51,818] {processor.py:620} INFO - Processing file /home/airflow/.local/lib/python3.6/site-packages/airflow/example_dags/example_time_delta_sensor_async.py for tasks to queue
[2021-10-24 23:50:51,820] {logging_mixin.py:109} INFO - [2021-10-24 23:50:51,820] {dagbag.py:500} INFO - Filling up the DagBag from /home/airflow/.local/lib/python3.6/site-packages/airflow/example_dags/example_time_delta_sensor_async.py
[2021-10-24 23:50:51,891] {processor.py:632} INFO - DAG(s) dict_keys(['example_time_delta_sensor_async']) retrieved from /home/airflow/.local/lib/python3.6/site-packages/airflow/example_dags/example_time_delta_sensor_async.py
[2021-10-24 23:50:51,916] {logging_mixin.py:109} INFO - [2021-10-24 23:50:51,916] {dag.py:2389} INFO - Sync 1 DAGs
[2021-10-24 23:50:51,957] {logging_mixin.py:109} INFO - [2021-10-24 23:50:51,957] {dag.py:2914} INFO - Setting next_dagrun for example_time_delta_sensor_async to None
[2021-10-24 23:50:51,977] {processor.py:171} INFO - Processing /home/airflow/.local/lib/python3.6/site-packages/airflow/example_dags/example_time_delta_sensor_async.py took 0.170 seconds
[2021-10-24 23:51:22,743] {processor.py:163} INFO - Started process (PID=523) to work on /home/airflow/.local/lib/python3.6/site-packages/airflow/example_dags/example_time_delta_sensor_async.py
[2021-10-24 23:51:22,744] {processor.py:620} INFO - Processing file /home/airflow/.local/lib/python3.6/site-packages/airflow/example_dags/example_time_delta_sensor_async.py for tasks to queue
[2021-10-24 23:51:22,745] {logging_mixin.py:109} INFO - [2021-10-24 23:51:22,745] {dagbag.py:500} INFO - Filling up the DagBag from /home/airflow/.local/lib/python3.6/site-packages/airflow/example_dags/example_time_delta_sensor_async.py
[2021-10-24 23:51:22,796] {processor.py:632} INFO - DAG(s) dict_keys(['example_time_delta_sensor_async']) retrieved from /home/airflow/.local/lib/python3.6/site-packages/airflow/example_dags/example_time_delta_sensor_async.py
[2021-10-24 23:51:22,815] {logging_mixin.py:109} INFO - [2021-10-24 23:51:22,815] {dag.py:2389} INFO - Sync 1 DAGs
[2021-10-24 23:51:22,848] {logging_mixin.py:109} INFO - [2021-10-24 23:51:22,848] {dag.py:2914} INFO - Setting next_dagrun for example_time_delta_sensor_async to None
[2021-10-24 23:51:22,864] {processor.py:171} INFO - Processing /home/airflow/.local/lib/python3.6/site-packages/airflow/example_dags/example_time_delta_sensor_async.py took 0.127 seconds
[2021-10-24 23:51:53,818] {processor.py:163} INFO - Started process (PID=587) to work on /home/airflow/.local/lib/python3.6/site-packages/airflow/example_dags/example_time_delta_sensor_async.py
[2021-10-24 23:51:53,820] {processor.py:620} INFO - Processing file /home/airflow/.local/lib/python3.6/site-packages/airflow/example_dags/example_time_delta_sensor_async.py for tasks to queue
[2021-10-24 23:51:53,821] {logging_mixin.py:109} INFO - [2021-10-24 23:51:53,821] {dagbag.py:500} INFO - Filling up the DagBag from /home/airflow/.local/lib/python3.6/site-packages/airflow/example_dags/example_time_delta_sensor_async.py
[2021-10-24 23:51:53,865] {processor.py:632} INFO - DAG(s) dict_keys(['example_time_delta_sensor_async']) retrieved from /home/airflow/.local/lib/python3.6/site-packages/airflow/example_dags/example_time_delta_sensor_async.py
[2021-10-24 23:51:53,886] {logging_mixin.py:109} INFO - [2021-10-24 23:51:53,885] {dag.py:2389} INFO - Sync 1 DAGs
[2021-10-24 23:51:53,915] {logging_mixin.py:109} INFO - [2021-10-24 23:51:53,914] {dag.py:2914} INFO - Setting next_dagrun for example_time_delta_sensor_async to None
[2021-10-24 23:51:53,929] {processor.py:171} INFO - Processing /home/airflow/.local/lib/python3.6/site-packages/airflow/example_dags/example_time_delta_sensor_async.py took 0.115 seconds
[2021-10-24 23:52:24,591] {processor.py:163} INFO - Started process (PID=651) to work on /home/airflow/.local/lib/python3.6/site-packages/airflow/example_dags/example_time_delta_sensor_async.py
[2021-10-24 23:52:24,592] {processor.py:620} INFO - Processing file /home/airflow/.local/lib/python3.6/site-packages/airflow/example_dags/example_time_delta_sensor_async.py for tasks to queue
[2021-10-24 23:52:24,593] {logging_mixin.py:109} INFO - [2021-10-24 23:52:24,593] {dagbag.py:500} INFO - Filling up the DagBag from /home/airflow/.local/lib/python3.6/site-packages/airflow/example_dags/example_time_delta_sensor_async.py
[2021-10-24 23:52:24,632] {processor.py:632} INFO - DAG(s) dict_keys(['example_time_delta_sensor_async']) retrieved from /home/airflow/.local/lib/python3.6/site-packages/airflow/example_dags/example_time_delta_sensor_async.py
[2021-10-24 23:52:24,653] {logging_mixin.py:109} INFO - [2021-10-24 23:52:24,652] {dag.py:2389} INFO - Sync 1 DAGs
[2021-10-24 23:52:24,677] {logging_mixin.py:109} INFO - [2021-10-24 23:52:24,676] {dag.py:2914} INFO - Setting next_dagrun for example_time_delta_sensor_async to None
[2021-10-24 23:52:24,691] {processor.py:171} INFO - Processing /home/airflow/.local/lib/python3.6/site-packages/airflow/example_dags/example_time_delta_sensor_async.py took 0.104 seconds
[2021-10-24 23:52:55,079] {processor.py:163} INFO - Started process (PID=716) to work on /home/airflow/.local/lib/python3.6/site-packages/airflow/example_dags/example_time_delta_sensor_async.py
[2021-10-24 23:52:55,083] {processor.py:620} INFO - Processing file /home/airflow/.local/lib/python3.6/site-packages/airflow/example_dags/example_time_delta_sensor_async.py for tasks to queue
[2021-10-24 23:52:55,084] {logging_mixin.py:109} INFO - [2021-10-24 23:52:55,084] {dagbag.py:500} INFO - Filling up the DagBag from /home/airflow/.local/lib/python3.6/site-packages/airflow/example_dags/example_time_delta_sensor_async.py
[2021-10-24 23:52:55,126] {processor.py:632} INFO - DAG(s) dict_keys(['example_time_delta_sensor_async']) retrieved from /home/airflow/.local/lib/python3.6/site-packages/airflow/example_dags/example_time_delta_sensor_async.py
[2021-10-24 23:52:55,139] {logging_mixin.py:109} INFO - [2021-10-24 23:52:55,139] {dag.py:2389} INFO - Sync 1 DAGs
[2021-10-24 23:52:55,166] {logging_mixin.py:109} INFO - [2021-10-24 23:52:55,166] {dag.py:2914} INFO - Setting next_dagrun for example_time_delta_sensor_async to None
[2021-10-24 23:52:55,181] {processor.py:171} INFO - Processing /home/airflow/.local/lib/python3.6/site-packages/airflow/example_dags/example_time_delta_sensor_async.py took 0.109 seconds
[2021-10-24 23:53:26,151] {processor.py:163} INFO - Started process (PID=781) to work on /home/airflow/.local/lib/python3.6/site-packages/airflow/example_dags/example_time_delta_sensor_async.py
[2021-10-24 23:53:26,153] {processor.py:620} INFO - Processing file /home/airflow/.local/lib/python3.6/site-packages/airflow/example_dags/example_time_delta_sensor_async.py for tasks to queue
[2021-10-24 23:53:26,154] {logging_mixin.py:109} INFO - [2021-10-24 23:53:26,154] {dagbag.py:500} INFO - Filling up the DagBag from /home/airflow/.local/lib/python3.6/site-packages/airflow/example_dags/example_time_delta_sensor_async.py
[2021-10-24 23:53:26,191] {processor.py:632} INFO - DAG(s) dict_keys(['example_time_delta_sensor_async']) retrieved from /home/airflow/.local/lib/python3.6/site-packages/airflow/example_dags/example_time_delta_sensor_async.py
[2021-10-24 23:53:26,206] {logging_mixin.py:109} INFO - [2021-10-24 23:53:26,206] {dag.py:2389} INFO - Sync 1 DAGs
[2021-10-24 23:53:26,227] {logging_mixin.py:109} INFO - [2021-10-24 23:53:26,227] {dag.py:2914} INFO - Setting next_dagrun for example_time_delta_sensor_async to None
[2021-10-24 23:53:26,245] {processor.py:171} INFO - Processing /home/airflow/.local/lib/python3.6/site-packages/airflow/example_dags/example_time_delta_sensor_async.py took 0.098 seconds
[2021-10-24 23:53:56,897] {processor.py:163} INFO - Started process (PID=845) to work on /home/airflow/.local/lib/python3.6/site-packages/airflow/example_dags/example_time_delta_sensor_async.py
[2021-10-24 23:53:56,899] {processor.py:620} INFO - Processing file /home/airflow/.local/lib/python3.6/site-packages/airflow/example_dags/example_time_delta_sensor_async.py for tasks to queue
[2021-10-24 23:53:56,900] {logging_mixin.py:109} INFO - [2021-10-24 23:53:56,899] {dagbag.py:500} INFO - Filling up the DagBag from /home/airflow/.local/lib/python3.6/site-packages/airflow/example_dags/example_time_delta_sensor_async.py
[2021-10-24 23:53:56,938] {processor.py:632} INFO - DAG(s) dict_keys(['example_time_delta_sensor_async']) retrieved from /home/airflow/.local/lib/python3.6/site-packages/airflow/example_dags/example_time_delta_sensor_async.py
[2021-10-24 23:53:56,959] {logging_mixin.py:109} INFO - [2021-10-24 23:53:56,958] {dag.py:2389} INFO - Sync 1 DAGs
[2021-10-24 23:53:56,987] {logging_mixin.py:109} INFO - [2021-10-24 23:53:56,987] {dag.py:2914} INFO - Setting next_dagrun for example_time_delta_sensor_async to None
[2021-10-24 23:53:57,000] {processor.py:171} INFO - Processing /home/airflow/.local/lib/python3.6/site-packages/airflow/example_dags/example_time_delta_sensor_async.py took 0.107 seconds
[2021-10-24 23:54:27,289] {processor.py:163} INFO - Started process (PID=915) to work on /home/airflow/.local/lib/python3.6/site-packages/airflow/example_dags/example_time_delta_sensor_async.py
[2021-10-24 23:54:27,296] {processor.py:620} INFO - Processing file /home/airflow/.local/lib/python3.6/site-packages/airflow/example_dags/example_time_delta_sensor_async.py for tasks to queue
[2021-10-24 23:54:27,297] {logging_mixin.py:109} INFO - [2021-10-24 23:54:27,297] {dagbag.py:500} INFO - Filling up the DagBag from /home/airflow/.local/lib/python3.6/site-packages/airflow/example_dags/example_time_delta_sensor_async.py
[2021-10-24 23:54:27,336] {processor.py:632} INFO - DAG(s) dict_keys(['example_time_delta_sensor_async']) retrieved from /home/airflow/.local/lib/python3.6/site-packages/airflow/example_dags/example_time_delta_sensor_async.py
[2021-10-24 23:54:27,349] {logging_mixin.py:109} INFO - [2021-10-24 23:54:27,349] {dag.py:2389} INFO - Sync 1 DAGs
[2021-10-24 23:54:27,367] {logging_mixin.py:109} INFO - [2021-10-24 23:54:27,367] {dag.py:2914} INFO - Setting next_dagrun for example_time_delta_sensor_async to None
[2021-10-24 23:54:27,376] {processor.py:171} INFO - Processing /home/airflow/.local/lib/python3.6/site-packages/airflow/example_dags/example_time_delta_sensor_async.py took 0.090 seconds
[2021-10-24 23:54:57,528] {processor.py:163} INFO - Started process (PID=990) to work on /home/airflow/.local/lib/python3.6/site-packages/airflow/example_dags/example_time_delta_sensor_async.py
[2021-10-24 23:54:57,530] {processor.py:620} INFO - Processing file /home/airflow/.local/lib/python3.6/site-packages/airflow/example_dags/example_time_delta_sensor_async.py for tasks to queue
[2021-10-24 23:54:57,531] {logging_mixin.py:109} INFO - [2021-10-24 23:54:57,531] {dagbag.py:500} INFO - Filling up the DagBag from /home/airflow/.local/lib/python3.6/site-packages/airflow/example_dags/example_time_delta_sensor_async.py
[2021-10-24 23:54:57,572] {processor.py:632} INFO - DAG(s) dict_keys(['example_time_delta_sensor_async']) retrieved from /home/airflow/.local/lib/python3.6/site-packages/airflow/example_dags/example_time_delta_sensor_async.py
[2021-10-24 23:54:57,585] {logging_mixin.py:109} INFO - [2021-10-24 23:54:57,585] {dag.py:2389} INFO - Sync 1 DAGs
[2021-10-24 23:54:57,610] {logging_mixin.py:109} INFO - [2021-10-24 23:54:57,610] {dag.py:2914} INFO - Setting next_dagrun for example_time_delta_sensor_async to None
[2021-10-24 23:54:57,625] {processor.py:171} INFO - Processing /home/airflow/.local/lib/python3.6/site-packages/airflow/example_dags/example_time_delta_sensor_async.py took 0.101 seconds
[2021-10-24 23:55:27,664] {processor.py:163} INFO - Started process (PID=1054) to work on /home/airflow/.local/lib/python3.6/site-packages/airflow/example_dags/example_time_delta_sensor_async.py
[2021-10-24 23:55:27,665] {processor.py:620} INFO - Processing file /home/airflow/.local/lib/python3.6/site-packages/airflow/example_dags/example_time_delta_sensor_async.py for tasks to queue
[2021-10-24 23:55:27,666] {logging_mixin.py:109} INFO - [2021-10-24 23:55:27,666] {dagbag.py:500} INFO - Filling up the DagBag from /home/airflow/.local/lib/python3.6/site-packages/airflow/example_dags/example_time_delta_sensor_async.py
[2021-10-24 23:55:27,704] {processor.py:632} INFO - DAG(s) dict_keys(['example_time_delta_sensor_async']) retrieved from /home/airflow/.local/lib/python3.6/site-packages/airflow/example_dags/example_time_delta_sensor_async.py
[2021-10-24 23:55:27,722] {logging_mixin.py:109} INFO - [2021-10-24 23:55:27,722] {dag.py:2389} INFO - Sync 1 DAGs
[2021-10-24 23:55:27,750] {logging_mixin.py:109} INFO - [2021-10-24 23:55:27,750] {dag.py:2914} INFO - Setting next_dagrun for example_time_delta_sensor_async to None
[2021-10-24 23:55:27,765] {processor.py:171} INFO - Processing /home/airflow/.local/lib/python3.6/site-packages/airflow/example_dags/example_time_delta_sensor_async.py took 0.105 seconds
[2021-10-24 23:55:58,682] {processor.py:163} INFO - Started process (PID=1128) to work on /home/airflow/.local/lib/python3.6/site-packages/airflow/example_dags/example_time_delta_sensor_async.py
[2021-10-24 23:55:58,683] {processor.py:620} INFO - Processing file /home/airflow/.local/lib/python3.6/site-packages/airflow/example_dags/example_time_delta_sensor_async.py for tasks to queue
[2021-10-24 23:55:58,684] {logging_mixin.py:109} INFO - [2021-10-24 23:55:58,683] {dagbag.py:500} INFO - Filling up the DagBag from /home/airflow/.local/lib/python3.6/site-packages/airflow/example_dags/example_time_delta_sensor_async.py
[2021-10-24 23:55:58,706] {processor.py:632} INFO - DAG(s) dict_keys(['example_time_delta_sensor_async']) retrieved from /home/airflow/.local/lib/python3.6/site-packages/airflow/example_dags/example_time_delta_sensor_async.py
[2021-10-24 23:55:58,717] {logging_mixin.py:109} INFO - [2021-10-24 23:55:58,717] {dag.py:2389} INFO - Sync 1 DAGs
[2021-10-24 23:55:58,737] {logging_mixin.py:109} INFO - [2021-10-24 23:55:58,737] {dag.py:2914} INFO - Setting next_dagrun for example_time_delta_sensor_async to None
[2021-10-24 23:55:58,747] {processor.py:171} INFO - Processing /home/airflow/.local/lib/python3.6/site-packages/airflow/example_dags/example_time_delta_sensor_async.py took 0.067 seconds
[2021-10-24 23:56:29,126] {processor.py:163} INFO - Started process (PID=1193) to work on /home/airflow/.local/lib/python3.6/site-packages/airflow/example_dags/example_time_delta_sensor_async.py
[2021-10-24 23:56:29,127] {processor.py:620} INFO - Processing file /home/airflow/.local/lib/python3.6/site-packages/airflow/example_dags/example_time_delta_sensor_async.py for tasks to queue
[2021-10-24 23:56:29,127] {logging_mixin.py:109} INFO - [2021-10-24 23:56:29,127] {dagbag.py:500} INFO - Filling up the DagBag from /home/airflow/.local/lib/python3.6/site-packages/airflow/example_dags/example_time_delta_sensor_async.py
[2021-10-24 23:56:29,150] {processor.py:632} INFO - DAG(s) dict_keys(['example_time_delta_sensor_async']) retrieved from /home/airflow/.local/lib/python3.6/site-packages/airflow/example_dags/example_time_delta_sensor_async.py
[2021-10-24 23:56:29,160] {logging_mixin.py:109} INFO - [2021-10-24 23:56:29,160] {dag.py:2389} INFO - Sync 1 DAGs
[2021-10-24 23:56:29,176] {logging_mixin.py:109} INFO - [2021-10-24 23:56:29,176] {dag.py:2914} INFO - Setting next_dagrun for example_time_delta_sensor_async to None
[2021-10-24 23:56:29,185] {processor.py:171} INFO - Processing /home/airflow/.local/lib/python3.6/site-packages/airflow/example_dags/example_time_delta_sensor_async.py took 0.063 seconds
[2021-10-24 23:56:59,446] {processor.py:163} INFO - Started process (PID=1257) to work on /home/airflow/.local/lib/python3.6/site-packages/airflow/example_dags/example_time_delta_sensor_async.py
[2021-10-24 23:56:59,447] {processor.py:620} INFO - Processing file /home/airflow/.local/lib/python3.6/site-packages/airflow/example_dags/example_time_delta_sensor_async.py for tasks to queue
[2021-10-24 23:56:59,448] {logging_mixin.py:109} INFO - [2021-10-24 23:56:59,448] {dagbag.py:500} INFO - Filling up the DagBag from /home/airflow/.local/lib/python3.6/site-packages/airflow/example_dags/example_time_delta_sensor_async.py
[2021-10-24 23:56:59,473] {processor.py:632} INFO - DAG(s) dict_keys(['example_time_delta_sensor_async']) retrieved from /home/airflow/.local/lib/python3.6/site-packages/airflow/example_dags/example_time_delta_sensor_async.py
[2021-10-24 23:56:59,485] {logging_mixin.py:109} INFO - [2021-10-24 23:56:59,485] {dag.py:2389} INFO - Sync 1 DAGs
[2021-10-24 23:56:59,500] {logging_mixin.py:109} INFO - [2021-10-24 23:56:59,500] {dag.py:2914} INFO - Setting next_dagrun for example_time_delta_sensor_async to None
[2021-10-24 23:56:59,507] {processor.py:171} INFO - Processing /home/airflow/.local/lib/python3.6/site-packages/airflow/example_dags/example_time_delta_sensor_async.py took 0.064 seconds
[2021-10-24 23:57:30,218] {processor.py:163} INFO - Started process (PID=1332) to work on /home/airflow/.local/lib/python3.6/site-packages/airflow/example_dags/example_time_delta_sensor_async.py
[2021-10-24 23:57:30,220] {processor.py:620} INFO - Processing file /home/airflow/.local/lib/python3.6/site-packages/airflow/example_dags/example_time_delta_sensor_async.py for tasks to queue
[2021-10-24 23:57:30,221] {logging_mixin.py:109} INFO - [2021-10-24 23:57:30,221] {dagbag.py:500} INFO - Filling up the DagBag from /home/airflow/.local/lib/python3.6/site-packages/airflow/example_dags/example_time_delta_sensor_async.py
[2021-10-24 23:57:30,250] {processor.py:632} INFO - DAG(s) dict_keys(['example_time_delta_sensor_async']) retrieved from /home/airflow/.local/lib/python3.6/site-packages/airflow/example_dags/example_time_delta_sensor_async.py
[2021-10-24 23:57:30,260] {logging_mixin.py:109} INFO - [2021-10-24 23:57:30,260] {dag.py:2389} INFO - Sync 1 DAGs
[2021-10-24 23:57:30,276] {logging_mixin.py:109} INFO - [2021-10-24 23:57:30,276] {dag.py:2914} INFO - Setting next_dagrun for example_time_delta_sensor_async to None
[2021-10-24 23:57:30,396] {processor.py:171} INFO - Processing /home/airflow/.local/lib/python3.6/site-packages/airflow/example_dags/example_time_delta_sensor_async.py took 0.186 seconds
[2021-10-24 23:58:00,480] {processor.py:163} INFO - Started process (PID=1398) to work on /home/airflow/.local/lib/python3.6/site-packages/airflow/example_dags/example_time_delta_sensor_async.py
[2021-10-24 23:58:00,481] {processor.py:620} INFO - Processing file /home/airflow/.local/lib/python3.6/site-packages/airflow/example_dags/example_time_delta_sensor_async.py for tasks to queue
[2021-10-24 23:58:00,482] {logging_mixin.py:109} INFO - [2021-10-24 23:58:00,482] {dagbag.py:500} INFO - Filling up the DagBag from /home/airflow/.local/lib/python3.6/site-packages/airflow/example_dags/example_time_delta_sensor_async.py
[2021-10-24 23:58:00,517] {processor.py:632} INFO - DAG(s) dict_keys(['example_time_delta_sensor_async']) retrieved from /home/airflow/.local/lib/python3.6/site-packages/airflow/example_dags/example_time_delta_sensor_async.py
[2021-10-24 23:58:00,533] {logging_mixin.py:109} INFO - [2021-10-24 23:58:00,533] {dag.py:2389} INFO - Sync 1 DAGs
[2021-10-24 23:58:00,558] {logging_mixin.py:109} INFO - [2021-10-24 23:58:00,558] {dag.py:2914} INFO - Setting next_dagrun for example_time_delta_sensor_async to None
[2021-10-24 23:58:00,574] {processor.py:171} INFO - Processing /home/airflow/.local/lib/python3.6/site-packages/airflow/example_dags/example_time_delta_sensor_async.py took 0.098 seconds
[2021-10-24 23:58:30,824] {processor.py:163} INFO - Started process (PID=1465) to work on /home/airflow/.local/lib/python3.6/site-packages/airflow/example_dags/example_time_delta_sensor_async.py
[2021-10-24 23:58:30,825] {processor.py:620} INFO - Processing file /home/airflow/.local/lib/python3.6/site-packages/airflow/example_dags/example_time_delta_sensor_async.py for tasks to queue
[2021-10-24 23:58:30,825] {logging_mixin.py:109} INFO - [2021-10-24 23:58:30,825] {dagbag.py:500} INFO - Filling up the DagBag from /home/airflow/.local/lib/python3.6/site-packages/airflow/example_dags/example_time_delta_sensor_async.py
[2021-10-24 23:58:30,849] {processor.py:632} INFO - DAG(s) dict_keys(['example_time_delta_sensor_async']) retrieved from /home/airflow/.local/lib/python3.6/site-packages/airflow/example_dags/example_time_delta_sensor_async.py
[2021-10-24 23:58:30,858] {logging_mixin.py:109} INFO - [2021-10-24 23:58:30,858] {dag.py:2389} INFO - Sync 1 DAGs
[2021-10-24 23:58:30,873] {logging_mixin.py:109} INFO - [2021-10-24 23:58:30,873] {dag.py:2914} INFO - Setting next_dagrun for example_time_delta_sensor_async to None
[2021-10-24 23:58:30,882] {processor.py:171} INFO - Processing /home/airflow/.local/lib/python3.6/site-packages/airflow/example_dags/example_time_delta_sensor_async.py took 0.061 seconds
[2021-10-24 23:59:01,359] {processor.py:163} INFO - Started process (PID=1541) to work on /home/airflow/.local/lib/python3.6/site-packages/airflow/example_dags/example_time_delta_sensor_async.py
[2021-10-24 23:59:01,361] {processor.py:620} INFO - Processing file /home/airflow/.local/lib/python3.6/site-packages/airflow/example_dags/example_time_delta_sensor_async.py for tasks to queue
[2021-10-24 23:59:01,361] {logging_mixin.py:109} INFO - [2021-10-24 23:59:01,361] {dagbag.py:500} INFO - Filling up the DagBag from /home/airflow/.local/lib/python3.6/site-packages/airflow/example_dags/example_time_delta_sensor_async.py
[2021-10-24 23:59:01,385] {processor.py:632} INFO - DAG(s) dict_keys(['example_time_delta_sensor_async']) retrieved from /home/airflow/.local/lib/python3.6/site-packages/airflow/example_dags/example_time_delta_sensor_async.py
[2021-10-24 23:59:01,398] {logging_mixin.py:109} INFO - [2021-10-24 23:59:01,398] {dag.py:2389} INFO - Sync 1 DAGs
[2021-10-24 23:59:01,418] {logging_mixin.py:109} INFO - [2021-10-24 23:59:01,417] {dag.py:2914} INFO - Setting next_dagrun for example_time_delta_sensor_async to None
[2021-10-24 23:59:01,426] {processor.py:171} INFO - Processing /home/airflow/.local/lib/python3.6/site-packages/airflow/example_dags/example_time_delta_sensor_async.py took 0.071 seconds
[2021-10-24 23:59:31,703] {processor.py:163} INFO - Started process (PID=1607) to work on /home/airflow/.local/lib/python3.6/site-packages/airflow/example_dags/example_time_delta_sensor_async.py
[2021-10-24 23:59:31,704] {processor.py:620} INFO - Processing file /home/airflow/.local/lib/python3.6/site-packages/airflow/example_dags/example_time_delta_sensor_async.py for tasks to queue
[2021-10-24 23:59:31,705] {logging_mixin.py:109} INFO - [2021-10-24 23:59:31,705] {dagbag.py:500} INFO - Filling up the DagBag from /home/airflow/.local/lib/python3.6/site-packages/airflow/example_dags/example_time_delta_sensor_async.py
[2021-10-24 23:59:31,733] {processor.py:632} INFO - DAG(s) dict_keys(['example_time_delta_sensor_async']) retrieved from /home/airflow/.local/lib/python3.6/site-packages/airflow/example_dags/example_time_delta_sensor_async.py
[2021-10-24 23:59:31,743] {logging_mixin.py:109} INFO - [2021-10-24 23:59:31,743] {dag.py:2389} INFO - Sync 1 DAGs
[2021-10-24 23:59:31,760] {logging_mixin.py:109} INFO - [2021-10-24 23:59:31,760] {dag.py:2914} INFO - Setting next_dagrun for example_time_delta_sensor_async to None
[2021-10-24 23:59:31,771] {processor.py:171} INFO - Processing /home/airflow/.local/lib/python3.6/site-packages/airflow/example_dags/example_time_delta_sensor_async.py took 0.071 seconds
