[2021-10-24 22:55:17,183] {processor.py:163} INFO - Started process (PID=76) to work on /home/airflow/.local/lib/python3.6/site-packages/airflow/example_dags/example_short_circuit_operator.py
[2021-10-24 22:55:17,184] {processor.py:620} INFO - Processing file /home/airflow/.local/lib/python3.6/site-packages/airflow/example_dags/example_short_circuit_operator.py for tasks to queue
[2021-10-24 22:55:17,184] {logging_mixin.py:109} INFO - [2021-10-24 22:55:17,184] {dagbag.py:500} INFO - Filling up the DagBag from /home/airflow/.local/lib/python3.6/site-packages/airflow/example_dags/example_short_circuit_operator.py
[2021-10-24 22:55:17,211] {processor.py:632} INFO - DAG(s) dict_keys(['example_short_circuit_operator']) retrieved from /home/airflow/.local/lib/python3.6/site-packages/airflow/example_dags/example_short_circuit_operator.py
[2021-10-24 22:55:17,222] {logging_mixin.py:109} INFO - [2021-10-24 22:55:17,222] {dag.py:2389} INFO - Sync 1 DAGs
[2021-10-24 22:55:17,236] {logging_mixin.py:109} INFO - [2021-10-24 22:55:17,236] {dag.py:2914} INFO - Setting next_dagrun for example_short_circuit_operator to 2021-10-23T22:55:17.236574+00:00
[2021-10-24 22:55:17,244] {processor.py:171} INFO - Processing /home/airflow/.local/lib/python3.6/site-packages/airflow/example_dags/example_short_circuit_operator.py took 0.064 seconds
[2021-10-24 22:55:48,383] {processor.py:163} INFO - Started process (PID=151) to work on /home/airflow/.local/lib/python3.6/site-packages/airflow/example_dags/example_short_circuit_operator.py
[2021-10-24 22:55:48,384] {processor.py:620} INFO - Processing file /home/airflow/.local/lib/python3.6/site-packages/airflow/example_dags/example_short_circuit_operator.py for tasks to queue
[2021-10-24 22:55:48,385] {logging_mixin.py:109} INFO - [2021-10-24 22:55:48,385] {dagbag.py:500} INFO - Filling up the DagBag from /home/airflow/.local/lib/python3.6/site-packages/airflow/example_dags/example_short_circuit_operator.py
[2021-10-24 22:55:48,411] {processor.py:632} INFO - DAG(s) dict_keys(['example_short_circuit_operator']) retrieved from /home/airflow/.local/lib/python3.6/site-packages/airflow/example_dags/example_short_circuit_operator.py
[2021-10-24 22:55:48,425] {logging_mixin.py:109} INFO - [2021-10-24 22:55:48,425] {dag.py:2389} INFO - Sync 1 DAGs
[2021-10-24 22:55:48,445] {logging_mixin.py:109} INFO - [2021-10-24 22:55:48,445] {dag.py:2914} INFO - Setting next_dagrun for example_short_circuit_operator to 2021-10-23T22:55:48.445053+00:00
[2021-10-24 22:55:48,454] {processor.py:171} INFO - Processing /home/airflow/.local/lib/python3.6/site-packages/airflow/example_dags/example_short_circuit_operator.py took 0.073 seconds
[2021-10-24 22:56:19,169] {processor.py:163} INFO - Started process (PID=215) to work on /home/airflow/.local/lib/python3.6/site-packages/airflow/example_dags/example_short_circuit_operator.py
[2021-10-24 22:56:19,170] {processor.py:620} INFO - Processing file /home/airflow/.local/lib/python3.6/site-packages/airflow/example_dags/example_short_circuit_operator.py for tasks to queue
[2021-10-24 22:56:19,171] {logging_mixin.py:109} INFO - [2021-10-24 22:56:19,171] {dagbag.py:500} INFO - Filling up the DagBag from /home/airflow/.local/lib/python3.6/site-packages/airflow/example_dags/example_short_circuit_operator.py
[2021-10-24 22:56:19,197] {processor.py:632} INFO - DAG(s) dict_keys(['example_short_circuit_operator']) retrieved from /home/airflow/.local/lib/python3.6/site-packages/airflow/example_dags/example_short_circuit_operator.py
[2021-10-24 22:56:19,209] {logging_mixin.py:109} INFO - [2021-10-24 22:56:19,208] {dag.py:2389} INFO - Sync 1 DAGs
[2021-10-24 22:56:19,224] {logging_mixin.py:109} INFO - [2021-10-24 22:56:19,224] {dag.py:2914} INFO - Setting next_dagrun for example_short_circuit_operator to 2021-10-23T22:56:19.224007+00:00
[2021-10-24 22:56:19,232] {processor.py:171} INFO - Processing /home/airflow/.local/lib/python3.6/site-packages/airflow/example_dags/example_short_circuit_operator.py took 0.065 seconds
[2021-10-24 22:57:29,152] {processor.py:163} INFO - Started process (PID=76) to work on /home/airflow/.local/lib/python3.6/site-packages/airflow/example_dags/example_short_circuit_operator.py
[2021-10-24 22:57:29,153] {processor.py:620} INFO - Processing file /home/airflow/.local/lib/python3.6/site-packages/airflow/example_dags/example_short_circuit_operator.py for tasks to queue
[2021-10-24 22:57:29,153] {logging_mixin.py:109} INFO - [2021-10-24 22:57:29,153] {dagbag.py:500} INFO - Filling up the DagBag from /home/airflow/.local/lib/python3.6/site-packages/airflow/example_dags/example_short_circuit_operator.py
[2021-10-24 22:57:29,182] {processor.py:632} INFO - DAG(s) dict_keys(['example_short_circuit_operator']) retrieved from /home/airflow/.local/lib/python3.6/site-packages/airflow/example_dags/example_short_circuit_operator.py
[2021-10-24 22:57:29,194] {logging_mixin.py:109} INFO - [2021-10-24 22:57:29,194] {dag.py:2389} INFO - Sync 1 DAGs
[2021-10-24 22:57:29,212] {logging_mixin.py:109} INFO - [2021-10-24 22:57:29,212] {dag.py:2914} INFO - Setting next_dagrun for example_short_circuit_operator to 2021-10-23T22:57:29.212169+00:00
[2021-10-24 22:57:29,223] {processor.py:171} INFO - Processing /home/airflow/.local/lib/python3.6/site-packages/airflow/example_dags/example_short_circuit_operator.py took 0.074 seconds
[2021-10-24 22:57:59,806] {processor.py:163} INFO - Started process (PID=150) to work on /home/airflow/.local/lib/python3.6/site-packages/airflow/example_dags/example_short_circuit_operator.py
[2021-10-24 22:57:59,807] {processor.py:620} INFO - Processing file /home/airflow/.local/lib/python3.6/site-packages/airflow/example_dags/example_short_circuit_operator.py for tasks to queue
[2021-10-24 22:57:59,807] {logging_mixin.py:109} INFO - [2021-10-24 22:57:59,807] {dagbag.py:500} INFO - Filling up the DagBag from /home/airflow/.local/lib/python3.6/site-packages/airflow/example_dags/example_short_circuit_operator.py
[2021-10-24 22:57:59,832] {processor.py:632} INFO - DAG(s) dict_keys(['example_short_circuit_operator']) retrieved from /home/airflow/.local/lib/python3.6/site-packages/airflow/example_dags/example_short_circuit_operator.py
[2021-10-24 22:57:59,846] {logging_mixin.py:109} INFO - [2021-10-24 22:57:59,845] {dag.py:2389} INFO - Sync 1 DAGs
[2021-10-24 22:57:59,864] {logging_mixin.py:109} INFO - [2021-10-24 22:57:59,864] {dag.py:2914} INFO - Setting next_dagrun for example_short_circuit_operator to 2021-10-23T22:57:59.864463+00:00
[2021-10-24 22:57:59,874] {processor.py:171} INFO - Processing /home/airflow/.local/lib/python3.6/site-packages/airflow/example_dags/example_short_circuit_operator.py took 0.071 seconds
[2021-10-24 22:58:30,781] {processor.py:163} INFO - Started process (PID=215) to work on /home/airflow/.local/lib/python3.6/site-packages/airflow/example_dags/example_short_circuit_operator.py
[2021-10-24 22:58:30,782] {processor.py:620} INFO - Processing file /home/airflow/.local/lib/python3.6/site-packages/airflow/example_dags/example_short_circuit_operator.py for tasks to queue
[2021-10-24 22:58:30,782] {logging_mixin.py:109} INFO - [2021-10-24 22:58:30,782] {dagbag.py:500} INFO - Filling up the DagBag from /home/airflow/.local/lib/python3.6/site-packages/airflow/example_dags/example_short_circuit_operator.py
[2021-10-24 22:58:30,807] {processor.py:632} INFO - DAG(s) dict_keys(['example_short_circuit_operator']) retrieved from /home/airflow/.local/lib/python3.6/site-packages/airflow/example_dags/example_short_circuit_operator.py
[2021-10-24 22:58:30,821] {logging_mixin.py:109} INFO - [2021-10-24 22:58:30,821] {dag.py:2389} INFO - Sync 1 DAGs
[2021-10-24 22:58:30,843] {logging_mixin.py:109} INFO - [2021-10-24 22:58:30,843] {dag.py:2914} INFO - Setting next_dagrun for example_short_circuit_operator to 2021-10-23T22:58:30.843085+00:00
[2021-10-24 22:58:30,853] {processor.py:171} INFO - Processing /home/airflow/.local/lib/python3.6/site-packages/airflow/example_dags/example_short_circuit_operator.py took 0.075 seconds
[2021-10-24 22:59:01,589] {processor.py:163} INFO - Started process (PID=278) to work on /home/airflow/.local/lib/python3.6/site-packages/airflow/example_dags/example_short_circuit_operator.py
[2021-10-24 22:59:01,590] {processor.py:620} INFO - Processing file /home/airflow/.local/lib/python3.6/site-packages/airflow/example_dags/example_short_circuit_operator.py for tasks to queue
[2021-10-24 22:59:01,591] {logging_mixin.py:109} INFO - [2021-10-24 22:59:01,590] {dagbag.py:500} INFO - Filling up the DagBag from /home/airflow/.local/lib/python3.6/site-packages/airflow/example_dags/example_short_circuit_operator.py
[2021-10-24 22:59:01,613] {processor.py:632} INFO - DAG(s) dict_keys(['example_short_circuit_operator']) retrieved from /home/airflow/.local/lib/python3.6/site-packages/airflow/example_dags/example_short_circuit_operator.py
[2021-10-24 22:59:01,623] {logging_mixin.py:109} INFO - [2021-10-24 22:59:01,623] {dag.py:2389} INFO - Sync 1 DAGs
[2021-10-24 22:59:01,637] {logging_mixin.py:109} INFO - [2021-10-24 22:59:01,637] {dag.py:2914} INFO - Setting next_dagrun for example_short_circuit_operator to 2021-10-23T22:59:01.637481+00:00
[2021-10-24 22:59:01,645] {processor.py:171} INFO - Processing /home/airflow/.local/lib/python3.6/site-packages/airflow/example_dags/example_short_circuit_operator.py took 0.059 seconds
[2021-10-24 22:59:32,143] {processor.py:163} INFO - Started process (PID=346) to work on /home/airflow/.local/lib/python3.6/site-packages/airflow/example_dags/example_short_circuit_operator.py
[2021-10-24 22:59:32,145] {processor.py:620} INFO - Processing file /home/airflow/.local/lib/python3.6/site-packages/airflow/example_dags/example_short_circuit_operator.py for tasks to queue
[2021-10-24 22:59:32,146] {logging_mixin.py:109} INFO - [2021-10-24 22:59:32,146] {dagbag.py:500} INFO - Filling up the DagBag from /home/airflow/.local/lib/python3.6/site-packages/airflow/example_dags/example_short_circuit_operator.py
[2021-10-24 22:59:32,173] {processor.py:632} INFO - DAG(s) dict_keys(['example_short_circuit_operator']) retrieved from /home/airflow/.local/lib/python3.6/site-packages/airflow/example_dags/example_short_circuit_operator.py
[2021-10-24 22:59:32,185] {logging_mixin.py:109} INFO - [2021-10-24 22:59:32,185] {dag.py:2389} INFO - Sync 1 DAGs
[2021-10-24 22:59:32,202] {logging_mixin.py:109} INFO - [2021-10-24 22:59:32,202] {dag.py:2914} INFO - Setting next_dagrun for example_short_circuit_operator to 2021-10-23T22:59:32.201838+00:00
[2021-10-24 22:59:32,211] {processor.py:171} INFO - Processing /home/airflow/.local/lib/python3.6/site-packages/airflow/example_dags/example_short_circuit_operator.py took 0.071 seconds
[2021-10-24 23:47:52,038] {processor.py:163} INFO - Started process (PID=76) to work on /home/airflow/.local/lib/python3.6/site-packages/airflow/example_dags/example_short_circuit_operator.py
[2021-10-24 23:47:52,040] {processor.py:620} INFO - Processing file /home/airflow/.local/lib/python3.6/site-packages/airflow/example_dags/example_short_circuit_operator.py for tasks to queue
[2021-10-24 23:47:52,041] {logging_mixin.py:109} INFO - [2021-10-24 23:47:52,040] {dagbag.py:500} INFO - Filling up the DagBag from /home/airflow/.local/lib/python3.6/site-packages/airflow/example_dags/example_short_circuit_operator.py
[2021-10-24 23:47:52,072] {processor.py:632} INFO - DAG(s) dict_keys(['example_short_circuit_operator']) retrieved from /home/airflow/.local/lib/python3.6/site-packages/airflow/example_dags/example_short_circuit_operator.py
[2021-10-24 23:47:52,087] {logging_mixin.py:109} INFO - [2021-10-24 23:47:52,087] {dag.py:2389} INFO - Sync 1 DAGs
[2021-10-24 23:47:52,105] {logging_mixin.py:109} INFO - [2021-10-24 23:47:52,105] {dag.py:2914} INFO - Setting next_dagrun for example_short_circuit_operator to 2021-10-23T23:47:52.105489+00:00
[2021-10-24 23:47:52,116] {processor.py:171} INFO - Processing /home/airflow/.local/lib/python3.6/site-packages/airflow/example_dags/example_short_circuit_operator.py took 0.081 seconds
[2021-10-24 23:48:24,266] {processor.py:163} INFO - Started process (PID=153) to work on /home/airflow/.local/lib/python3.6/site-packages/airflow/example_dags/example_short_circuit_operator.py
[2021-10-24 23:48:24,268] {processor.py:620} INFO - Processing file /home/airflow/.local/lib/python3.6/site-packages/airflow/example_dags/example_short_circuit_operator.py for tasks to queue
[2021-10-24 23:48:24,269] {logging_mixin.py:109} INFO - [2021-10-24 23:48:24,269] {dagbag.py:500} INFO - Filling up the DagBag from /home/airflow/.local/lib/python3.6/site-packages/airflow/example_dags/example_short_circuit_operator.py
[2021-10-24 23:48:24,333] {processor.py:632} INFO - DAG(s) dict_keys(['example_short_circuit_operator']) retrieved from /home/airflow/.local/lib/python3.6/site-packages/airflow/example_dags/example_short_circuit_operator.py
[2021-10-24 23:48:24,361] {logging_mixin.py:109} INFO - [2021-10-24 23:48:24,361] {dag.py:2389} INFO - Sync 1 DAGs
[2021-10-24 23:48:24,402] {logging_mixin.py:109} INFO - [2021-10-24 23:48:24,402] {dag.py:2914} INFO - Setting next_dagrun for example_short_circuit_operator to 2021-10-23T23:48:24.402224+00:00
[2021-10-24 23:48:24,424] {processor.py:171} INFO - Processing /home/airflow/.local/lib/python3.6/site-packages/airflow/example_dags/example_short_circuit_operator.py took 0.164 seconds
[2021-10-24 23:48:55,689] {processor.py:163} INFO - Started process (PID=217) to work on /home/airflow/.local/lib/python3.6/site-packages/airflow/example_dags/example_short_circuit_operator.py
[2021-10-24 23:48:55,691] {processor.py:620} INFO - Processing file /home/airflow/.local/lib/python3.6/site-packages/airflow/example_dags/example_short_circuit_operator.py for tasks to queue
[2021-10-24 23:48:55,692] {logging_mixin.py:109} INFO - [2021-10-24 23:48:55,692] {dagbag.py:500} INFO - Filling up the DagBag from /home/airflow/.local/lib/python3.6/site-packages/airflow/example_dags/example_short_circuit_operator.py
[2021-10-24 23:48:55,755] {processor.py:632} INFO - DAG(s) dict_keys(['example_short_circuit_operator']) retrieved from /home/airflow/.local/lib/python3.6/site-packages/airflow/example_dags/example_short_circuit_operator.py
[2021-10-24 23:48:55,781] {logging_mixin.py:109} INFO - [2021-10-24 23:48:55,781] {dag.py:2389} INFO - Sync 1 DAGs
[2021-10-24 23:48:55,812] {logging_mixin.py:109} INFO - [2021-10-24 23:48:55,812] {dag.py:2914} INFO - Setting next_dagrun for example_short_circuit_operator to 2021-10-23T23:48:55.811910+00:00
[2021-10-24 23:48:55,823] {processor.py:171} INFO - Processing /home/airflow/.local/lib/python3.6/site-packages/airflow/example_dags/example_short_circuit_operator.py took 0.138 seconds
[2021-10-24 23:49:26,924] {processor.py:163} INFO - Started process (PID=281) to work on /home/airflow/.local/lib/python3.6/site-packages/airflow/example_dags/example_short_circuit_operator.py
[2021-10-24 23:49:26,926] {processor.py:620} INFO - Processing file /home/airflow/.local/lib/python3.6/site-packages/airflow/example_dags/example_short_circuit_operator.py for tasks to queue
[2021-10-24 23:49:26,926] {logging_mixin.py:109} INFO - [2021-10-24 23:49:26,926] {dagbag.py:500} INFO - Filling up the DagBag from /home/airflow/.local/lib/python3.6/site-packages/airflow/example_dags/example_short_circuit_operator.py
[2021-10-24 23:49:26,955] {processor.py:632} INFO - DAG(s) dict_keys(['example_short_circuit_operator']) retrieved from /home/airflow/.local/lib/python3.6/site-packages/airflow/example_dags/example_short_circuit_operator.py
[2021-10-24 23:49:26,969] {logging_mixin.py:109} INFO - [2021-10-24 23:49:26,969] {dag.py:2389} INFO - Sync 1 DAGs
[2021-10-24 23:49:26,990] {logging_mixin.py:109} INFO - [2021-10-24 23:49:26,990] {dag.py:2914} INFO - Setting next_dagrun for example_short_circuit_operator to 2021-10-23T23:49:26.989961+00:00
[2021-10-24 23:49:27,001] {processor.py:171} INFO - Processing /home/airflow/.local/lib/python3.6/site-packages/airflow/example_dags/example_short_circuit_operator.py took 0.080 seconds
[2021-10-24 23:49:57,599] {processor.py:163} INFO - Started process (PID=337) to work on /home/airflow/.local/lib/python3.6/site-packages/airflow/example_dags/example_short_circuit_operator.py
[2021-10-24 23:49:57,600] {processor.py:620} INFO - Processing file /home/airflow/.local/lib/python3.6/site-packages/airflow/example_dags/example_short_circuit_operator.py for tasks to queue
[2021-10-24 23:49:57,601] {logging_mixin.py:109} INFO - [2021-10-24 23:49:57,601] {dagbag.py:500} INFO - Filling up the DagBag from /home/airflow/.local/lib/python3.6/site-packages/airflow/example_dags/example_short_circuit_operator.py
[2021-10-24 23:49:57,647] {processor.py:632} INFO - DAG(s) dict_keys(['example_short_circuit_operator']) retrieved from /home/airflow/.local/lib/python3.6/site-packages/airflow/example_dags/example_short_circuit_operator.py
[2021-10-24 23:49:57,670] {logging_mixin.py:109} INFO - [2021-10-24 23:49:57,670] {dag.py:2389} INFO - Sync 1 DAGs
[2021-10-24 23:49:57,700] {logging_mixin.py:109} INFO - [2021-10-24 23:49:57,700] {dag.py:2914} INFO - Setting next_dagrun for example_short_circuit_operator to 2021-10-23T23:49:57.699928+00:00
[2021-10-24 23:49:57,717] {processor.py:171} INFO - Processing /home/airflow/.local/lib/python3.6/site-packages/airflow/example_dags/example_short_circuit_operator.py took 0.121 seconds
[2021-10-24 23:50:28,316] {processor.py:163} INFO - Started process (PID=403) to work on /home/airflow/.local/lib/python3.6/site-packages/airflow/example_dags/example_short_circuit_operator.py
[2021-10-24 23:50:28,317] {processor.py:620} INFO - Processing file /home/airflow/.local/lib/python3.6/site-packages/airflow/example_dags/example_short_circuit_operator.py for tasks to queue
[2021-10-24 23:50:28,318] {logging_mixin.py:109} INFO - [2021-10-24 23:50:28,318] {dagbag.py:500} INFO - Filling up the DagBag from /home/airflow/.local/lib/python3.6/site-packages/airflow/example_dags/example_short_circuit_operator.py
[2021-10-24 23:50:28,360] {processor.py:632} INFO - DAG(s) dict_keys(['example_short_circuit_operator']) retrieved from /home/airflow/.local/lib/python3.6/site-packages/airflow/example_dags/example_short_circuit_operator.py
[2021-10-24 23:50:28,382] {logging_mixin.py:109} INFO - [2021-10-24 23:50:28,382] {dag.py:2389} INFO - Sync 1 DAGs
[2021-10-24 23:50:28,408] {logging_mixin.py:109} INFO - [2021-10-24 23:50:28,408] {dag.py:2914} INFO - Setting next_dagrun for example_short_circuit_operator to 2021-10-23T23:50:28.407582+00:00
[2021-10-24 23:50:28,420] {processor.py:171} INFO - Processing /home/airflow/.local/lib/python3.6/site-packages/airflow/example_dags/example_short_circuit_operator.py took 0.109 seconds
[2021-10-24 23:50:58,966] {processor.py:163} INFO - Started process (PID=468) to work on /home/airflow/.local/lib/python3.6/site-packages/airflow/example_dags/example_short_circuit_operator.py
[2021-10-24 23:50:58,968] {processor.py:620} INFO - Processing file /home/airflow/.local/lib/python3.6/site-packages/airflow/example_dags/example_short_circuit_operator.py for tasks to queue
[2021-10-24 23:50:58,969] {logging_mixin.py:109} INFO - [2021-10-24 23:50:58,969] {dagbag.py:500} INFO - Filling up the DagBag from /home/airflow/.local/lib/python3.6/site-packages/airflow/example_dags/example_short_circuit_operator.py
[2021-10-24 23:50:59,013] {processor.py:632} INFO - DAG(s) dict_keys(['example_short_circuit_operator']) retrieved from /home/airflow/.local/lib/python3.6/site-packages/airflow/example_dags/example_short_circuit_operator.py
[2021-10-24 23:50:59,032] {logging_mixin.py:109} INFO - [2021-10-24 23:50:59,031] {dag.py:2389} INFO - Sync 1 DAGs
[2021-10-24 23:50:59,059] {logging_mixin.py:109} INFO - [2021-10-24 23:50:59,059] {dag.py:2914} INFO - Setting next_dagrun for example_short_circuit_operator to 2021-10-23T23:50:59.058471+00:00
[2021-10-24 23:50:59,082] {processor.py:171} INFO - Processing /home/airflow/.local/lib/python3.6/site-packages/airflow/example_dags/example_short_circuit_operator.py took 0.124 seconds
[2021-10-24 23:51:29,186] {processor.py:163} INFO - Started process (PID=538) to work on /home/airflow/.local/lib/python3.6/site-packages/airflow/example_dags/example_short_circuit_operator.py
[2021-10-24 23:51:29,187] {processor.py:620} INFO - Processing file /home/airflow/.local/lib/python3.6/site-packages/airflow/example_dags/example_short_circuit_operator.py for tasks to queue
[2021-10-24 23:51:29,189] {logging_mixin.py:109} INFO - [2021-10-24 23:51:29,189] {dagbag.py:500} INFO - Filling up the DagBag from /home/airflow/.local/lib/python3.6/site-packages/airflow/example_dags/example_short_circuit_operator.py
[2021-10-24 23:51:29,242] {processor.py:632} INFO - DAG(s) dict_keys(['example_short_circuit_operator']) retrieved from /home/airflow/.local/lib/python3.6/site-packages/airflow/example_dags/example_short_circuit_operator.py
[2021-10-24 23:51:29,268] {logging_mixin.py:109} INFO - [2021-10-24 23:51:29,267] {dag.py:2389} INFO - Sync 1 DAGs
[2021-10-24 23:51:29,313] {logging_mixin.py:109} INFO - [2021-10-24 23:51:29,312] {dag.py:2914} INFO - Setting next_dagrun for example_short_circuit_operator to 2021-10-23T23:51:29.312118+00:00
[2021-10-24 23:51:29,334] {processor.py:171} INFO - Processing /home/airflow/.local/lib/python3.6/site-packages/airflow/example_dags/example_short_circuit_operator.py took 0.152 seconds
[2021-10-24 23:52:00,265] {processor.py:163} INFO - Started process (PID=602) to work on /home/airflow/.local/lib/python3.6/site-packages/airflow/example_dags/example_short_circuit_operator.py
[2021-10-24 23:52:00,266] {processor.py:620} INFO - Processing file /home/airflow/.local/lib/python3.6/site-packages/airflow/example_dags/example_short_circuit_operator.py for tasks to queue
[2021-10-24 23:52:00,266] {logging_mixin.py:109} INFO - [2021-10-24 23:52:00,266] {dagbag.py:500} INFO - Filling up the DagBag from /home/airflow/.local/lib/python3.6/site-packages/airflow/example_dags/example_short_circuit_operator.py
[2021-10-24 23:52:00,309] {processor.py:632} INFO - DAG(s) dict_keys(['example_short_circuit_operator']) retrieved from /home/airflow/.local/lib/python3.6/site-packages/airflow/example_dags/example_short_circuit_operator.py
[2021-10-24 23:52:00,332] {logging_mixin.py:109} INFO - [2021-10-24 23:52:00,332] {dag.py:2389} INFO - Sync 1 DAGs
[2021-10-24 23:52:00,359] {logging_mixin.py:109} INFO - [2021-10-24 23:52:00,359] {dag.py:2914} INFO - Setting next_dagrun for example_short_circuit_operator to 2021-10-23T23:52:00.359316+00:00
[2021-10-24 23:52:00,371] {processor.py:171} INFO - Processing /home/airflow/.local/lib/python3.6/site-packages/airflow/example_dags/example_short_circuit_operator.py took 0.112 seconds
[2021-10-24 23:52:31,281] {processor.py:163} INFO - Started process (PID=666) to work on /home/airflow/.local/lib/python3.6/site-packages/airflow/example_dags/example_short_circuit_operator.py
[2021-10-24 23:52:31,284] {processor.py:620} INFO - Processing file /home/airflow/.local/lib/python3.6/site-packages/airflow/example_dags/example_short_circuit_operator.py for tasks to queue
[2021-10-24 23:52:31,285] {logging_mixin.py:109} INFO - [2021-10-24 23:52:31,285] {dagbag.py:500} INFO - Filling up the DagBag from /home/airflow/.local/lib/python3.6/site-packages/airflow/example_dags/example_short_circuit_operator.py
[2021-10-24 23:52:31,329] {processor.py:632} INFO - DAG(s) dict_keys(['example_short_circuit_operator']) retrieved from /home/airflow/.local/lib/python3.6/site-packages/airflow/example_dags/example_short_circuit_operator.py
[2021-10-24 23:52:31,349] {logging_mixin.py:109} INFO - [2021-10-24 23:52:31,349] {dag.py:2389} INFO - Sync 1 DAGs
[2021-10-24 23:52:31,369] {logging_mixin.py:109} INFO - [2021-10-24 23:52:31,368] {dag.py:2914} INFO - Setting next_dagrun for example_short_circuit_operator to 2021-10-23T23:52:31.368679+00:00
[2021-10-24 23:52:31,386] {processor.py:171} INFO - Processing /home/airflow/.local/lib/python3.6/site-packages/airflow/example_dags/example_short_circuit_operator.py took 0.110 seconds
[2021-10-24 23:53:02,062] {processor.py:163} INFO - Started process (PID=731) to work on /home/airflow/.local/lib/python3.6/site-packages/airflow/example_dags/example_short_circuit_operator.py
[2021-10-24 23:53:02,066] {processor.py:620} INFO - Processing file /home/airflow/.local/lib/python3.6/site-packages/airflow/example_dags/example_short_circuit_operator.py for tasks to queue
[2021-10-24 23:53:02,067] {logging_mixin.py:109} INFO - [2021-10-24 23:53:02,067] {dagbag.py:500} INFO - Filling up the DagBag from /home/airflow/.local/lib/python3.6/site-packages/airflow/example_dags/example_short_circuit_operator.py
[2021-10-24 23:53:02,152] {processor.py:632} INFO - DAG(s) dict_keys(['example_short_circuit_operator']) retrieved from /home/airflow/.local/lib/python3.6/site-packages/airflow/example_dags/example_short_circuit_operator.py
[2021-10-24 23:53:02,182] {logging_mixin.py:109} INFO - [2021-10-24 23:53:02,182] {dag.py:2389} INFO - Sync 1 DAGs
[2021-10-24 23:53:02,219] {logging_mixin.py:109} INFO - [2021-10-24 23:53:02,219] {dag.py:2914} INFO - Setting next_dagrun for example_short_circuit_operator to 2021-10-23T23:53:02.219187+00:00
[2021-10-24 23:53:02,236] {processor.py:171} INFO - Processing /home/airflow/.local/lib/python3.6/site-packages/airflow/example_dags/example_short_circuit_operator.py took 0.185 seconds
[2021-10-24 23:53:32,771] {processor.py:163} INFO - Started process (PID=806) to work on /home/airflow/.local/lib/python3.6/site-packages/airflow/example_dags/example_short_circuit_operator.py
[2021-10-24 23:53:32,773] {processor.py:620} INFO - Processing file /home/airflow/.local/lib/python3.6/site-packages/airflow/example_dags/example_short_circuit_operator.py for tasks to queue
[2021-10-24 23:53:32,775] {logging_mixin.py:109} INFO - [2021-10-24 23:53:32,774] {dagbag.py:500} INFO - Filling up the DagBag from /home/airflow/.local/lib/python3.6/site-packages/airflow/example_dags/example_short_circuit_operator.py
[2021-10-24 23:53:32,842] {processor.py:632} INFO - DAG(s) dict_keys(['example_short_circuit_operator']) retrieved from /home/airflow/.local/lib/python3.6/site-packages/airflow/example_dags/example_short_circuit_operator.py
[2021-10-24 23:53:32,869] {logging_mixin.py:109} INFO - [2021-10-24 23:53:32,869] {dag.py:2389} INFO - Sync 1 DAGs
[2021-10-24 23:53:32,898] {logging_mixin.py:109} INFO - [2021-10-24 23:53:32,898] {dag.py:2914} INFO - Setting next_dagrun for example_short_circuit_operator to 2021-10-23T23:53:32.897934+00:00
[2021-10-24 23:53:32,919] {processor.py:171} INFO - Processing /home/airflow/.local/lib/python3.6/site-packages/airflow/example_dags/example_short_circuit_operator.py took 0.153 seconds
[2021-10-24 23:54:03,196] {processor.py:163} INFO - Started process (PID=875) to work on /home/airflow/.local/lib/python3.6/site-packages/airflow/example_dags/example_short_circuit_operator.py
[2021-10-24 23:54:03,198] {processor.py:620} INFO - Processing file /home/airflow/.local/lib/python3.6/site-packages/airflow/example_dags/example_short_circuit_operator.py for tasks to queue
[2021-10-24 23:54:03,198] {logging_mixin.py:109} INFO - [2021-10-24 23:54:03,198] {dagbag.py:500} INFO - Filling up the DagBag from /home/airflow/.local/lib/python3.6/site-packages/airflow/example_dags/example_short_circuit_operator.py
[2021-10-24 23:54:03,226] {processor.py:632} INFO - DAG(s) dict_keys(['example_short_circuit_operator']) retrieved from /home/airflow/.local/lib/python3.6/site-packages/airflow/example_dags/example_short_circuit_operator.py
[2021-10-24 23:54:03,237] {logging_mixin.py:109} INFO - [2021-10-24 23:54:03,237] {dag.py:2389} INFO - Sync 1 DAGs
[2021-10-24 23:54:03,252] {logging_mixin.py:109} INFO - [2021-10-24 23:54:03,252] {dag.py:2914} INFO - Setting next_dagrun for example_short_circuit_operator to 2021-10-23T23:54:03.251716+00:00
[2021-10-24 23:54:03,260] {processor.py:171} INFO - Processing /home/airflow/.local/lib/python3.6/site-packages/airflow/example_dags/example_short_circuit_operator.py took 0.066 seconds
[2021-10-24 23:54:33,975] {processor.py:163} INFO - Started process (PID=940) to work on /home/airflow/.local/lib/python3.6/site-packages/airflow/example_dags/example_short_circuit_operator.py
[2021-10-24 23:54:33,976] {processor.py:620} INFO - Processing file /home/airflow/.local/lib/python3.6/site-packages/airflow/example_dags/example_short_circuit_operator.py for tasks to queue
[2021-10-24 23:54:33,977] {logging_mixin.py:109} INFO - [2021-10-24 23:54:33,976] {dagbag.py:500} INFO - Filling up the DagBag from /home/airflow/.local/lib/python3.6/site-packages/airflow/example_dags/example_short_circuit_operator.py
[2021-10-24 23:54:34,001] {processor.py:632} INFO - DAG(s) dict_keys(['example_short_circuit_operator']) retrieved from /home/airflow/.local/lib/python3.6/site-packages/airflow/example_dags/example_short_circuit_operator.py
[2021-10-24 23:54:34,011] {logging_mixin.py:109} INFO - [2021-10-24 23:54:34,011] {dag.py:2389} INFO - Sync 1 DAGs
[2021-10-24 23:54:34,026] {logging_mixin.py:109} INFO - [2021-10-24 23:54:34,026] {dag.py:2914} INFO - Setting next_dagrun for example_short_circuit_operator to 2021-10-23T23:54:34.026035+00:00
[2021-10-24 23:54:34,035] {processor.py:171} INFO - Processing /home/airflow/.local/lib/python3.6/site-packages/airflow/example_dags/example_short_circuit_operator.py took 0.063 seconds
[2021-10-24 23:55:04,653] {processor.py:163} INFO - Started process (PID=1005) to work on /home/airflow/.local/lib/python3.6/site-packages/airflow/example_dags/example_short_circuit_operator.py
[2021-10-24 23:55:04,655] {processor.py:620} INFO - Processing file /home/airflow/.local/lib/python3.6/site-packages/airflow/example_dags/example_short_circuit_operator.py for tasks to queue
[2021-10-24 23:55:04,655] {logging_mixin.py:109} INFO - [2021-10-24 23:55:04,655] {dagbag.py:500} INFO - Filling up the DagBag from /home/airflow/.local/lib/python3.6/site-packages/airflow/example_dags/example_short_circuit_operator.py
[2021-10-24 23:55:04,684] {processor.py:632} INFO - DAG(s) dict_keys(['example_short_circuit_operator']) retrieved from /home/airflow/.local/lib/python3.6/site-packages/airflow/example_dags/example_short_circuit_operator.py
[2021-10-24 23:55:04,694] {logging_mixin.py:109} INFO - [2021-10-24 23:55:04,694] {dag.py:2389} INFO - Sync 1 DAGs
[2021-10-24 23:55:04,709] {logging_mixin.py:109} INFO - [2021-10-24 23:55:04,709] {dag.py:2914} INFO - Setting next_dagrun for example_short_circuit_operator to 2021-10-23T23:55:04.709416+00:00
[2021-10-24 23:55:04,718] {processor.py:171} INFO - Processing /home/airflow/.local/lib/python3.6/site-packages/airflow/example_dags/example_short_circuit_operator.py took 0.067 seconds
[2021-10-24 23:55:35,839] {processor.py:163} INFO - Started process (PID=1079) to work on /home/airflow/.local/lib/python3.6/site-packages/airflow/example_dags/example_short_circuit_operator.py
[2021-10-24 23:55:35,841] {processor.py:620} INFO - Processing file /home/airflow/.local/lib/python3.6/site-packages/airflow/example_dags/example_short_circuit_operator.py for tasks to queue
[2021-10-24 23:55:35,841] {logging_mixin.py:109} INFO - [2021-10-24 23:55:35,841] {dagbag.py:500} INFO - Filling up the DagBag from /home/airflow/.local/lib/python3.6/site-packages/airflow/example_dags/example_short_circuit_operator.py
[2021-10-24 23:55:35,868] {processor.py:632} INFO - DAG(s) dict_keys(['example_short_circuit_operator']) retrieved from /home/airflow/.local/lib/python3.6/site-packages/airflow/example_dags/example_short_circuit_operator.py
[2021-10-24 23:55:35,878] {logging_mixin.py:109} INFO - [2021-10-24 23:55:35,878] {dag.py:2389} INFO - Sync 1 DAGs
[2021-10-24 23:55:35,892] {logging_mixin.py:109} INFO - [2021-10-24 23:55:35,892] {dag.py:2914} INFO - Setting next_dagrun for example_short_circuit_operator to 2021-10-23T23:55:35.892504+00:00
[2021-10-24 23:55:35,900] {processor.py:171} INFO - Processing /home/airflow/.local/lib/python3.6/site-packages/airflow/example_dags/example_short_circuit_operator.py took 0.063 seconds
[2021-10-24 23:56:06,421] {processor.py:163} INFO - Started process (PID=1143) to work on /home/airflow/.local/lib/python3.6/site-packages/airflow/example_dags/example_short_circuit_operator.py
[2021-10-24 23:56:06,422] {processor.py:620} INFO - Processing file /home/airflow/.local/lib/python3.6/site-packages/airflow/example_dags/example_short_circuit_operator.py for tasks to queue
[2021-10-24 23:56:06,422] {logging_mixin.py:109} INFO - [2021-10-24 23:56:06,422] {dagbag.py:500} INFO - Filling up the DagBag from /home/airflow/.local/lib/python3.6/site-packages/airflow/example_dags/example_short_circuit_operator.py
[2021-10-24 23:56:06,449] {processor.py:632} INFO - DAG(s) dict_keys(['example_short_circuit_operator']) retrieved from /home/airflow/.local/lib/python3.6/site-packages/airflow/example_dags/example_short_circuit_operator.py
[2021-10-24 23:56:06,459] {logging_mixin.py:109} INFO - [2021-10-24 23:56:06,459] {dag.py:2389} INFO - Sync 1 DAGs
[2021-10-24 23:56:06,473] {logging_mixin.py:109} INFO - [2021-10-24 23:56:06,473] {dag.py:2914} INFO - Setting next_dagrun for example_short_circuit_operator to 2021-10-23T23:56:06.473560+00:00
[2021-10-24 23:56:06,481] {processor.py:171} INFO - Processing /home/airflow/.local/lib/python3.6/site-packages/airflow/example_dags/example_short_circuit_operator.py took 0.063 seconds
[2021-10-24 23:56:37,314] {processor.py:163} INFO - Started process (PID=1218) to work on /home/airflow/.local/lib/python3.6/site-packages/airflow/example_dags/example_short_circuit_operator.py
[2021-10-24 23:56:37,315] {processor.py:620} INFO - Processing file /home/airflow/.local/lib/python3.6/site-packages/airflow/example_dags/example_short_circuit_operator.py for tasks to queue
[2021-10-24 23:56:37,316] {logging_mixin.py:109} INFO - [2021-10-24 23:56:37,315] {dagbag.py:500} INFO - Filling up the DagBag from /home/airflow/.local/lib/python3.6/site-packages/airflow/example_dags/example_short_circuit_operator.py
[2021-10-24 23:56:37,338] {processor.py:632} INFO - DAG(s) dict_keys(['example_short_circuit_operator']) retrieved from /home/airflow/.local/lib/python3.6/site-packages/airflow/example_dags/example_short_circuit_operator.py
[2021-10-24 23:56:37,349] {logging_mixin.py:109} INFO - [2021-10-24 23:56:37,349] {dag.py:2389} INFO - Sync 1 DAGs
[2021-10-24 23:56:37,363] {logging_mixin.py:109} INFO - [2021-10-24 23:56:37,363] {dag.py:2914} INFO - Setting next_dagrun for example_short_circuit_operator to 2021-10-23T23:56:37.363666+00:00
[2021-10-24 23:56:37,372] {processor.py:171} INFO - Processing /home/airflow/.local/lib/python3.6/site-packages/airflow/example_dags/example_short_circuit_operator.py took 0.060 seconds
[2021-10-24 23:57:08,224] {processor.py:163} INFO - Started process (PID=1282) to work on /home/airflow/.local/lib/python3.6/site-packages/airflow/example_dags/example_short_circuit_operator.py
[2021-10-24 23:57:08,225] {processor.py:620} INFO - Processing file /home/airflow/.local/lib/python3.6/site-packages/airflow/example_dags/example_short_circuit_operator.py for tasks to queue
[2021-10-24 23:57:08,225] {logging_mixin.py:109} INFO - [2021-10-24 23:57:08,225] {dagbag.py:500} INFO - Filling up the DagBag from /home/airflow/.local/lib/python3.6/site-packages/airflow/example_dags/example_short_circuit_operator.py
[2021-10-24 23:57:08,248] {processor.py:632} INFO - DAG(s) dict_keys(['example_short_circuit_operator']) retrieved from /home/airflow/.local/lib/python3.6/site-packages/airflow/example_dags/example_short_circuit_operator.py
[2021-10-24 23:57:08,257] {logging_mixin.py:109} INFO - [2021-10-24 23:57:08,257] {dag.py:2389} INFO - Sync 1 DAGs
[2021-10-24 23:57:08,271] {logging_mixin.py:109} INFO - [2021-10-24 23:57:08,271] {dag.py:2914} INFO - Setting next_dagrun for example_short_circuit_operator to 2021-10-23T23:57:08.271631+00:00
[2021-10-24 23:57:08,280] {processor.py:171} INFO - Processing /home/airflow/.local/lib/python3.6/site-packages/airflow/example_dags/example_short_circuit_operator.py took 0.059 seconds
[2021-10-24 23:57:39,037] {processor.py:163} INFO - Started process (PID=1347) to work on /home/airflow/.local/lib/python3.6/site-packages/airflow/example_dags/example_short_circuit_operator.py
[2021-10-24 23:57:39,039] {processor.py:620} INFO - Processing file /home/airflow/.local/lib/python3.6/site-packages/airflow/example_dags/example_short_circuit_operator.py for tasks to queue
[2021-10-24 23:57:39,040] {logging_mixin.py:109} INFO - [2021-10-24 23:57:39,040] {dagbag.py:500} INFO - Filling up the DagBag from /home/airflow/.local/lib/python3.6/site-packages/airflow/example_dags/example_short_circuit_operator.py
[2021-10-24 23:57:39,084] {processor.py:632} INFO - DAG(s) dict_keys(['example_short_circuit_operator']) retrieved from /home/airflow/.local/lib/python3.6/site-packages/airflow/example_dags/example_short_circuit_operator.py
[2021-10-24 23:57:39,102] {logging_mixin.py:109} INFO - [2021-10-24 23:57:39,102] {dag.py:2389} INFO - Sync 1 DAGs
[2021-10-24 23:57:39,128] {logging_mixin.py:109} INFO - [2021-10-24 23:57:39,128] {dag.py:2914} INFO - Setting next_dagrun for example_short_circuit_operator to 2021-10-23T23:57:39.128103+00:00
[2021-10-24 23:57:39,156] {processor.py:171} INFO - Processing /home/airflow/.local/lib/python3.6/site-packages/airflow/example_dags/example_short_circuit_operator.py took 0.122 seconds
[2021-10-24 23:58:10,266] {processor.py:163} INFO - Started process (PID=1424) to work on /home/airflow/.local/lib/python3.6/site-packages/airflow/example_dags/example_short_circuit_operator.py
[2021-10-24 23:58:10,267] {processor.py:620} INFO - Processing file /home/airflow/.local/lib/python3.6/site-packages/airflow/example_dags/example_short_circuit_operator.py for tasks to queue
[2021-10-24 23:58:10,268] {logging_mixin.py:109} INFO - [2021-10-24 23:58:10,268] {dagbag.py:500} INFO - Filling up the DagBag from /home/airflow/.local/lib/python3.6/site-packages/airflow/example_dags/example_short_circuit_operator.py
[2021-10-24 23:58:10,301] {processor.py:632} INFO - DAG(s) dict_keys(['example_short_circuit_operator']) retrieved from /home/airflow/.local/lib/python3.6/site-packages/airflow/example_dags/example_short_circuit_operator.py
[2021-10-24 23:58:10,323] {logging_mixin.py:109} INFO - [2021-10-24 23:58:10,323] {dag.py:2389} INFO - Sync 1 DAGs
[2021-10-24 23:58:10,352] {logging_mixin.py:109} INFO - [2021-10-24 23:58:10,352] {dag.py:2914} INFO - Setting next_dagrun for example_short_circuit_operator to 2021-10-23T23:58:10.352151+00:00
[2021-10-24 23:58:10,369] {processor.py:171} INFO - Processing /home/airflow/.local/lib/python3.6/site-packages/airflow/example_dags/example_short_circuit_operator.py took 0.106 seconds
[2021-10-24 23:58:40,925] {processor.py:163} INFO - Started process (PID=1490) to work on /home/airflow/.local/lib/python3.6/site-packages/airflow/example_dags/example_short_circuit_operator.py
[2021-10-24 23:58:40,926] {processor.py:620} INFO - Processing file /home/airflow/.local/lib/python3.6/site-packages/airflow/example_dags/example_short_circuit_operator.py for tasks to queue
[2021-10-24 23:58:40,927] {logging_mixin.py:109} INFO - [2021-10-24 23:58:40,927] {dagbag.py:500} INFO - Filling up the DagBag from /home/airflow/.local/lib/python3.6/site-packages/airflow/example_dags/example_short_circuit_operator.py
[2021-10-24 23:58:40,957] {processor.py:632} INFO - DAG(s) dict_keys(['example_short_circuit_operator']) retrieved from /home/airflow/.local/lib/python3.6/site-packages/airflow/example_dags/example_short_circuit_operator.py
[2021-10-24 23:58:40,970] {logging_mixin.py:109} INFO - [2021-10-24 23:58:40,970] {dag.py:2389} INFO - Sync 1 DAGs
[2021-10-24 23:58:40,987] {logging_mixin.py:109} INFO - [2021-10-24 23:58:40,987] {dag.py:2914} INFO - Setting next_dagrun for example_short_circuit_operator to 2021-10-23T23:58:40.986967+00:00
[2021-10-24 23:58:40,997] {processor.py:171} INFO - Processing /home/airflow/.local/lib/python3.6/site-packages/airflow/example_dags/example_short_circuit_operator.py took 0.075 seconds
[2021-10-24 23:59:11,553] {processor.py:163} INFO - Started process (PID=1556) to work on /home/airflow/.local/lib/python3.6/site-packages/airflow/example_dags/example_short_circuit_operator.py
[2021-10-24 23:59:11,554] {processor.py:620} INFO - Processing file /home/airflow/.local/lib/python3.6/site-packages/airflow/example_dags/example_short_circuit_operator.py for tasks to queue
[2021-10-24 23:59:11,555] {logging_mixin.py:109} INFO - [2021-10-24 23:59:11,555] {dagbag.py:500} INFO - Filling up the DagBag from /home/airflow/.local/lib/python3.6/site-packages/airflow/example_dags/example_short_circuit_operator.py
[2021-10-24 23:59:11,589] {processor.py:632} INFO - DAG(s) dict_keys(['example_short_circuit_operator']) retrieved from /home/airflow/.local/lib/python3.6/site-packages/airflow/example_dags/example_short_circuit_operator.py
[2021-10-24 23:59:11,604] {logging_mixin.py:109} INFO - [2021-10-24 23:59:11,604] {dag.py:2389} INFO - Sync 1 DAGs
[2021-10-24 23:59:11,623] {logging_mixin.py:109} INFO - [2021-10-24 23:59:11,623] {dag.py:2914} INFO - Setting next_dagrun for example_short_circuit_operator to 2021-10-23T23:59:11.623370+00:00
[2021-10-24 23:59:11,634] {processor.py:171} INFO - Processing /home/airflow/.local/lib/python3.6/site-packages/airflow/example_dags/example_short_circuit_operator.py took 0.085 seconds
[2021-10-24 23:59:42,418] {processor.py:163} INFO - Started process (PID=1632) to work on /home/airflow/.local/lib/python3.6/site-packages/airflow/example_dags/example_short_circuit_operator.py
[2021-10-24 23:59:42,435] {processor.py:620} INFO - Processing file /home/airflow/.local/lib/python3.6/site-packages/airflow/example_dags/example_short_circuit_operator.py for tasks to queue
[2021-10-24 23:59:42,436] {logging_mixin.py:109} INFO - [2021-10-24 23:59:42,436] {dagbag.py:500} INFO - Filling up the DagBag from /home/airflow/.local/lib/python3.6/site-packages/airflow/example_dags/example_short_circuit_operator.py
[2021-10-24 23:59:42,483] {processor.py:632} INFO - DAG(s) dict_keys(['example_short_circuit_operator']) retrieved from /home/airflow/.local/lib/python3.6/site-packages/airflow/example_dags/example_short_circuit_operator.py
[2021-10-24 23:59:42,505] {logging_mixin.py:109} INFO - [2021-10-24 23:59:42,505] {dag.py:2389} INFO - Sync 1 DAGs
[2021-10-24 23:59:42,545] {logging_mixin.py:109} INFO - [2021-10-24 23:59:42,545] {dag.py:2914} INFO - Setting next_dagrun for example_short_circuit_operator to 2021-10-23T23:59:42.544654+00:00
[2021-10-24 23:59:42,572] {processor.py:171} INFO - Processing /home/airflow/.local/lib/python3.6/site-packages/airflow/example_dags/example_short_circuit_operator.py took 0.173 seconds
