[2021-10-24 22:55:16,410] {processor.py:163} INFO - Started process (PID=69) to work on /home/airflow/.local/lib/python3.6/site-packages/airflow/example_dags/example_branch_operator.py
[2021-10-24 22:55:16,411] {processor.py:620} INFO - Processing file /home/airflow/.local/lib/python3.6/site-packages/airflow/example_dags/example_branch_operator.py for tasks to queue
[2021-10-24 22:55:16,412] {logging_mixin.py:109} INFO - [2021-10-24 22:55:16,412] {dagbag.py:500} INFO - Filling up the DagBag from /home/airflow/.local/lib/python3.6/site-packages/airflow/example_dags/example_branch_operator.py
[2021-10-24 22:55:16,445] {processor.py:632} INFO - DAG(s) dict_keys(['example_branch_operator']) retrieved from /home/airflow/.local/lib/python3.6/site-packages/airflow/example_dags/example_branch_operator.py
[2021-10-24 22:55:16,459] {logging_mixin.py:109} INFO - [2021-10-24 22:55:16,459] {dag.py:2389} INFO - Sync 1 DAGs
[2021-10-24 22:55:16,478] {logging_mixin.py:109} INFO - [2021-10-24 22:55:16,478] {dag.py:2914} INFO - Setting next_dagrun for example_branch_operator to 2021-10-23 00:00:00+00:00
[2021-10-24 22:55:16,487] {processor.py:171} INFO - Processing /home/airflow/.local/lib/python3.6/site-packages/airflow/example_dags/example_branch_operator.py took 0.081 seconds
[2021-10-24 22:55:46,871] {processor.py:163} INFO - Started process (PID=135) to work on /home/airflow/.local/lib/python3.6/site-packages/airflow/example_dags/example_branch_operator.py
[2021-10-24 22:55:46,872] {processor.py:620} INFO - Processing file /home/airflow/.local/lib/python3.6/site-packages/airflow/example_dags/example_branch_operator.py for tasks to queue
[2021-10-24 22:55:46,873] {logging_mixin.py:109} INFO - [2021-10-24 22:55:46,873] {dagbag.py:500} INFO - Filling up the DagBag from /home/airflow/.local/lib/python3.6/site-packages/airflow/example_dags/example_branch_operator.py
[2021-10-24 22:55:46,902] {processor.py:632} INFO - DAG(s) dict_keys(['example_branch_operator']) retrieved from /home/airflow/.local/lib/python3.6/site-packages/airflow/example_dags/example_branch_operator.py
[2021-10-24 22:55:46,917] {logging_mixin.py:109} INFO - [2021-10-24 22:55:46,917] {dag.py:2389} INFO - Sync 1 DAGs
[2021-10-24 22:55:46,939] {logging_mixin.py:109} INFO - [2021-10-24 22:55:46,939] {dag.py:2914} INFO - Setting next_dagrun for example_branch_operator to 2021-10-23 00:00:00+00:00
[2021-10-24 22:55:46,949] {processor.py:171} INFO - Processing /home/airflow/.local/lib/python3.6/site-packages/airflow/example_dags/example_branch_operator.py took 0.080 seconds
[2021-10-24 22:56:17,110] {processor.py:163} INFO - Started process (PID=199) to work on /home/airflow/.local/lib/python3.6/site-packages/airflow/example_dags/example_branch_operator.py
[2021-10-24 22:56:17,112] {processor.py:620} INFO - Processing file /home/airflow/.local/lib/python3.6/site-packages/airflow/example_dags/example_branch_operator.py for tasks to queue
[2021-10-24 22:56:17,112] {logging_mixin.py:109} INFO - [2021-10-24 22:56:17,112] {dagbag.py:500} INFO - Filling up the DagBag from /home/airflow/.local/lib/python3.6/site-packages/airflow/example_dags/example_branch_operator.py
[2021-10-24 22:56:17,143] {processor.py:632} INFO - DAG(s) dict_keys(['example_branch_operator']) retrieved from /home/airflow/.local/lib/python3.6/site-packages/airflow/example_dags/example_branch_operator.py
[2021-10-24 22:56:17,155] {logging_mixin.py:109} INFO - [2021-10-24 22:56:17,155] {dag.py:2389} INFO - Sync 1 DAGs
[2021-10-24 22:56:17,172] {logging_mixin.py:109} INFO - [2021-10-24 22:56:17,172] {dag.py:2914} INFO - Setting next_dagrun for example_branch_operator to 2021-10-23 00:00:00+00:00
[2021-10-24 22:56:17,180] {processor.py:171} INFO - Processing /home/airflow/.local/lib/python3.6/site-packages/airflow/example_dags/example_branch_operator.py took 0.073 seconds
[2021-10-24 22:57:28,341] {processor.py:163} INFO - Started process (PID=69) to work on /home/airflow/.local/lib/python3.6/site-packages/airflow/example_dags/example_branch_operator.py
[2021-10-24 22:57:28,343] {processor.py:620} INFO - Processing file /home/airflow/.local/lib/python3.6/site-packages/airflow/example_dags/example_branch_operator.py for tasks to queue
[2021-10-24 22:57:28,344] {logging_mixin.py:109} INFO - [2021-10-24 22:57:28,343] {dagbag.py:500} INFO - Filling up the DagBag from /home/airflow/.local/lib/python3.6/site-packages/airflow/example_dags/example_branch_operator.py
[2021-10-24 22:57:28,382] {processor.py:632} INFO - DAG(s) dict_keys(['example_branch_operator']) retrieved from /home/airflow/.local/lib/python3.6/site-packages/airflow/example_dags/example_branch_operator.py
[2021-10-24 22:57:28,401] {logging_mixin.py:109} INFO - [2021-10-24 22:57:28,401] {dag.py:2389} INFO - Sync 1 DAGs
[2021-10-24 22:57:28,428] {logging_mixin.py:109} INFO - [2021-10-24 22:57:28,427] {dag.py:2914} INFO - Setting next_dagrun for example_branch_operator to 2021-10-23 00:00:00+00:00
[2021-10-24 22:57:28,439] {processor.py:171} INFO - Processing /home/airflow/.local/lib/python3.6/site-packages/airflow/example_dags/example_branch_operator.py took 0.101 seconds
[2021-10-24 22:57:58,859] {processor.py:163} INFO - Started process (PID=134) to work on /home/airflow/.local/lib/python3.6/site-packages/airflow/example_dags/example_branch_operator.py
[2021-10-24 22:57:58,860] {processor.py:620} INFO - Processing file /home/airflow/.local/lib/python3.6/site-packages/airflow/example_dags/example_branch_operator.py for tasks to queue
[2021-10-24 22:57:58,860] {logging_mixin.py:109} INFO - [2021-10-24 22:57:58,860] {dagbag.py:500} INFO - Filling up the DagBag from /home/airflow/.local/lib/python3.6/site-packages/airflow/example_dags/example_branch_operator.py
[2021-10-24 22:57:58,887] {processor.py:632} INFO - DAG(s) dict_keys(['example_branch_operator']) retrieved from /home/airflow/.local/lib/python3.6/site-packages/airflow/example_dags/example_branch_operator.py
[2021-10-24 22:57:58,898] {logging_mixin.py:109} INFO - [2021-10-24 22:57:58,898] {dag.py:2389} INFO - Sync 1 DAGs
[2021-10-24 22:57:58,929] {logging_mixin.py:109} INFO - [2021-10-24 22:57:58,929] {dag.py:2914} INFO - Setting next_dagrun for example_branch_operator to 2021-10-23 00:00:00+00:00
[2021-10-24 22:57:58,950] {processor.py:171} INFO - Processing /home/airflow/.local/lib/python3.6/site-packages/airflow/example_dags/example_branch_operator.py took 0.094 seconds
[2021-10-24 22:58:29,487] {processor.py:163} INFO - Started process (PID=199) to work on /home/airflow/.local/lib/python3.6/site-packages/airflow/example_dags/example_branch_operator.py
[2021-10-24 22:58:29,488] {processor.py:620} INFO - Processing file /home/airflow/.local/lib/python3.6/site-packages/airflow/example_dags/example_branch_operator.py for tasks to queue
[2021-10-24 22:58:29,489] {logging_mixin.py:109} INFO - [2021-10-24 22:58:29,488] {dagbag.py:500} INFO - Filling up the DagBag from /home/airflow/.local/lib/python3.6/site-packages/airflow/example_dags/example_branch_operator.py
[2021-10-24 22:58:29,516] {processor.py:632} INFO - DAG(s) dict_keys(['example_branch_operator']) retrieved from /home/airflow/.local/lib/python3.6/site-packages/airflow/example_dags/example_branch_operator.py
[2021-10-24 22:58:29,527] {logging_mixin.py:109} INFO - [2021-10-24 22:58:29,527] {dag.py:2389} INFO - Sync 1 DAGs
[2021-10-24 22:58:29,544] {logging_mixin.py:109} INFO - [2021-10-24 22:58:29,544] {dag.py:2914} INFO - Setting next_dagrun for example_branch_operator to 2021-10-23 00:00:00+00:00
[2021-10-24 22:58:29,552] {processor.py:171} INFO - Processing /home/airflow/.local/lib/python3.6/site-packages/airflow/example_dags/example_branch_operator.py took 0.068 seconds
[2021-10-24 22:58:59,643] {processor.py:163} INFO - Started process (PID=263) to work on /home/airflow/.local/lib/python3.6/site-packages/airflow/example_dags/example_branch_operator.py
[2021-10-24 22:58:59,644] {processor.py:620} INFO - Processing file /home/airflow/.local/lib/python3.6/site-packages/airflow/example_dags/example_branch_operator.py for tasks to queue
[2021-10-24 22:58:59,645] {logging_mixin.py:109} INFO - [2021-10-24 22:58:59,645] {dagbag.py:500} INFO - Filling up the DagBag from /home/airflow/.local/lib/python3.6/site-packages/airflow/example_dags/example_branch_operator.py
[2021-10-24 22:58:59,670] {processor.py:632} INFO - DAG(s) dict_keys(['example_branch_operator']) retrieved from /home/airflow/.local/lib/python3.6/site-packages/airflow/example_dags/example_branch_operator.py
[2021-10-24 22:58:59,681] {logging_mixin.py:109} INFO - [2021-10-24 22:58:59,681] {dag.py:2389} INFO - Sync 1 DAGs
[2021-10-24 22:58:59,697] {logging_mixin.py:109} INFO - [2021-10-24 22:58:59,697] {dag.py:2914} INFO - Setting next_dagrun for example_branch_operator to 2021-10-23 00:00:00+00:00
[2021-10-24 22:58:59,705] {processor.py:171} INFO - Processing /home/airflow/.local/lib/python3.6/site-packages/airflow/example_dags/example_branch_operator.py took 0.064 seconds
[2021-10-24 22:59:30,487] {processor.py:163} INFO - Started process (PID=339) to work on /home/airflow/.local/lib/python3.6/site-packages/airflow/example_dags/example_branch_operator.py
[2021-10-24 22:59:30,488] {processor.py:620} INFO - Processing file /home/airflow/.local/lib/python3.6/site-packages/airflow/example_dags/example_branch_operator.py for tasks to queue
[2021-10-24 22:59:30,489] {logging_mixin.py:109} INFO - [2021-10-24 22:59:30,489] {dagbag.py:500} INFO - Filling up the DagBag from /home/airflow/.local/lib/python3.6/site-packages/airflow/example_dags/example_branch_operator.py
[2021-10-24 22:59:30,517] {processor.py:632} INFO - DAG(s) dict_keys(['example_branch_operator']) retrieved from /home/airflow/.local/lib/python3.6/site-packages/airflow/example_dags/example_branch_operator.py
[2021-10-24 22:59:30,529] {logging_mixin.py:109} INFO - [2021-10-24 22:59:30,529] {dag.py:2389} INFO - Sync 1 DAGs
[2021-10-24 22:59:30,559] {logging_mixin.py:109} INFO - [2021-10-24 22:59:30,559] {dag.py:2914} INFO - Setting next_dagrun for example_branch_operator to 2021-10-23 00:00:00+00:00
[2021-10-24 22:59:30,573] {processor.py:171} INFO - Processing /home/airflow/.local/lib/python3.6/site-packages/airflow/example_dags/example_branch_operator.py took 0.088 seconds
[2021-10-24 23:47:51,182] {processor.py:163} INFO - Started process (PID=69) to work on /home/airflow/.local/lib/python3.6/site-packages/airflow/example_dags/example_branch_operator.py
[2021-10-24 23:47:51,183] {processor.py:620} INFO - Processing file /home/airflow/.local/lib/python3.6/site-packages/airflow/example_dags/example_branch_operator.py for tasks to queue
[2021-10-24 23:47:51,185] {logging_mixin.py:109} INFO - [2021-10-24 23:47:51,184] {dagbag.py:500} INFO - Filling up the DagBag from /home/airflow/.local/lib/python3.6/site-packages/airflow/example_dags/example_branch_operator.py
[2021-10-24 23:47:51,225] {processor.py:632} INFO - DAG(s) dict_keys(['example_branch_operator']) retrieved from /home/airflow/.local/lib/python3.6/site-packages/airflow/example_dags/example_branch_operator.py
[2021-10-24 23:47:51,240] {logging_mixin.py:109} INFO - [2021-10-24 23:47:51,239] {dag.py:2389} INFO - Sync 1 DAGs
[2021-10-24 23:47:51,263] {logging_mixin.py:109} INFO - [2021-10-24 23:47:51,262] {dag.py:2914} INFO - Setting next_dagrun for example_branch_operator to 2021-10-23 00:00:00+00:00
[2021-10-24 23:47:51,273] {processor.py:171} INFO - Processing /home/airflow/.local/lib/python3.6/site-packages/airflow/example_dags/example_branch_operator.py took 0.095 seconds
[2021-10-24 23:48:21,772] {processor.py:163} INFO - Started process (PID=135) to work on /home/airflow/.local/lib/python3.6/site-packages/airflow/example_dags/example_branch_operator.py
[2021-10-24 23:48:21,774] {processor.py:620} INFO - Processing file /home/airflow/.local/lib/python3.6/site-packages/airflow/example_dags/example_branch_operator.py for tasks to queue
[2021-10-24 23:48:21,776] {logging_mixin.py:109} INFO - [2021-10-24 23:48:21,775] {dagbag.py:500} INFO - Filling up the DagBag from /home/airflow/.local/lib/python3.6/site-packages/airflow/example_dags/example_branch_operator.py
[2021-10-24 23:48:21,850] {processor.py:632} INFO - DAG(s) dict_keys(['example_branch_operator']) retrieved from /home/airflow/.local/lib/python3.6/site-packages/airflow/example_dags/example_branch_operator.py
[2021-10-24 23:48:21,886] {logging_mixin.py:109} INFO - [2021-10-24 23:48:21,886] {dag.py:2389} INFO - Sync 1 DAGs
[2021-10-24 23:48:21,946] {logging_mixin.py:109} INFO - [2021-10-24 23:48:21,946] {dag.py:2914} INFO - Setting next_dagrun for example_branch_operator to 2021-10-23 00:00:00+00:00
[2021-10-24 23:48:21,975] {processor.py:171} INFO - Processing /home/airflow/.local/lib/python3.6/site-packages/airflow/example_dags/example_branch_operator.py took 0.209 seconds
[2021-10-24 23:48:52,080] {processor.py:163} INFO - Started process (PID=191) to work on /home/airflow/.local/lib/python3.6/site-packages/airflow/example_dags/example_branch_operator.py
[2021-10-24 23:48:52,081] {processor.py:620} INFO - Processing file /home/airflow/.local/lib/python3.6/site-packages/airflow/example_dags/example_branch_operator.py for tasks to queue
[2021-10-24 23:48:52,082] {logging_mixin.py:109} INFO - [2021-10-24 23:48:52,082] {dagbag.py:500} INFO - Filling up the DagBag from /home/airflow/.local/lib/python3.6/site-packages/airflow/example_dags/example_branch_operator.py
[2021-10-24 23:48:52,127] {processor.py:632} INFO - DAG(s) dict_keys(['example_branch_operator']) retrieved from /home/airflow/.local/lib/python3.6/site-packages/airflow/example_dags/example_branch_operator.py
[2021-10-24 23:48:52,151] {logging_mixin.py:109} INFO - [2021-10-24 23:48:52,151] {dag.py:2389} INFO - Sync 1 DAGs
[2021-10-24 23:48:52,180] {logging_mixin.py:109} INFO - [2021-10-24 23:48:52,180] {dag.py:2914} INFO - Setting next_dagrun for example_branch_operator to 2021-10-23 00:00:00+00:00
[2021-10-24 23:48:52,191] {processor.py:171} INFO - Processing /home/airflow/.local/lib/python3.6/site-packages/airflow/example_dags/example_branch_operator.py took 0.114 seconds
[2021-10-24 23:49:22,971] {processor.py:163} INFO - Started process (PID=266) to work on /home/airflow/.local/lib/python3.6/site-packages/airflow/example_dags/example_branch_operator.py
[2021-10-24 23:49:22,973] {processor.py:620} INFO - Processing file /home/airflow/.local/lib/python3.6/site-packages/airflow/example_dags/example_branch_operator.py for tasks to queue
[2021-10-24 23:49:22,973] {logging_mixin.py:109} INFO - [2021-10-24 23:49:22,973] {dagbag.py:500} INFO - Filling up the DagBag from /home/airflow/.local/lib/python3.6/site-packages/airflow/example_dags/example_branch_operator.py
[2021-10-24 23:49:23,025] {processor.py:632} INFO - DAG(s) dict_keys(['example_branch_operator']) retrieved from /home/airflow/.local/lib/python3.6/site-packages/airflow/example_dags/example_branch_operator.py
[2021-10-24 23:49:23,044] {logging_mixin.py:109} INFO - [2021-10-24 23:49:23,043] {dag.py:2389} INFO - Sync 1 DAGs
[2021-10-24 23:49:23,074] {logging_mixin.py:109} INFO - [2021-10-24 23:49:23,074] {dag.py:2914} INFO - Setting next_dagrun for example_branch_operator to 2021-10-23 00:00:00+00:00
[2021-10-24 23:49:23,094] {processor.py:171} INFO - Processing /home/airflow/.local/lib/python3.6/site-packages/airflow/example_dags/example_branch_operator.py took 0.126 seconds
[2021-10-24 23:49:53,820] {processor.py:163} INFO - Started process (PID=330) to work on /home/airflow/.local/lib/python3.6/site-packages/airflow/example_dags/example_branch_operator.py
[2021-10-24 23:49:53,823] {processor.py:620} INFO - Processing file /home/airflow/.local/lib/python3.6/site-packages/airflow/example_dags/example_branch_operator.py for tasks to queue
[2021-10-24 23:49:53,824] {logging_mixin.py:109} INFO - [2021-10-24 23:49:53,824] {dagbag.py:500} INFO - Filling up the DagBag from /home/airflow/.local/lib/python3.6/site-packages/airflow/example_dags/example_branch_operator.py
[2021-10-24 23:49:53,900] {processor.py:632} INFO - DAG(s) dict_keys(['example_branch_operator']) retrieved from /home/airflow/.local/lib/python3.6/site-packages/airflow/example_dags/example_branch_operator.py
[2021-10-24 23:49:53,973] {logging_mixin.py:109} INFO - [2021-10-24 23:49:53,973] {dag.py:2389} INFO - Sync 1 DAGs
[2021-10-24 23:49:54,014] {logging_mixin.py:109} INFO - [2021-10-24 23:49:54,014] {dag.py:2914} INFO - Setting next_dagrun for example_branch_operator to 2021-10-23 00:00:00+00:00
[2021-10-24 23:49:54,030] {processor.py:171} INFO - Processing /home/airflow/.local/lib/python3.6/site-packages/airflow/example_dags/example_branch_operator.py took 0.216 seconds
[2021-10-24 23:50:24,898] {processor.py:163} INFO - Started process (PID=396) to work on /home/airflow/.local/lib/python3.6/site-packages/airflow/example_dags/example_branch_operator.py
[2021-10-24 23:50:24,900] {processor.py:620} INFO - Processing file /home/airflow/.local/lib/python3.6/site-packages/airflow/example_dags/example_branch_operator.py for tasks to queue
[2021-10-24 23:50:24,903] {logging_mixin.py:109} INFO - [2021-10-24 23:50:24,902] {dagbag.py:500} INFO - Filling up the DagBag from /home/airflow/.local/lib/python3.6/site-packages/airflow/example_dags/example_branch_operator.py
[2021-10-24 23:50:24,955] {processor.py:632} INFO - DAG(s) dict_keys(['example_branch_operator']) retrieved from /home/airflow/.local/lib/python3.6/site-packages/airflow/example_dags/example_branch_operator.py
[2021-10-24 23:50:24,977] {logging_mixin.py:109} INFO - [2021-10-24 23:50:24,977] {dag.py:2389} INFO - Sync 1 DAGs
[2021-10-24 23:50:25,009] {logging_mixin.py:109} INFO - [2021-10-24 23:50:25,008] {dag.py:2914} INFO - Setting next_dagrun for example_branch_operator to 2021-10-23 00:00:00+00:00
[2021-10-24 23:50:25,023] {processor.py:171} INFO - Processing /home/airflow/.local/lib/python3.6/site-packages/airflow/example_dags/example_branch_operator.py took 0.129 seconds
[2021-10-24 23:50:55,501] {processor.py:163} INFO - Started process (PID=461) to work on /home/airflow/.local/lib/python3.6/site-packages/airflow/example_dags/example_branch_operator.py
[2021-10-24 23:50:55,503] {processor.py:620} INFO - Processing file /home/airflow/.local/lib/python3.6/site-packages/airflow/example_dags/example_branch_operator.py for tasks to queue
[2021-10-24 23:50:55,505] {logging_mixin.py:109} INFO - [2021-10-24 23:50:55,504] {dagbag.py:500} INFO - Filling up the DagBag from /home/airflow/.local/lib/python3.6/site-packages/airflow/example_dags/example_branch_operator.py
[2021-10-24 23:50:55,584] {processor.py:632} INFO - DAG(s) dict_keys(['example_branch_operator']) retrieved from /home/airflow/.local/lib/python3.6/site-packages/airflow/example_dags/example_branch_operator.py
[2021-10-24 23:50:55,617] {logging_mixin.py:109} INFO - [2021-10-24 23:50:55,617] {dag.py:2389} INFO - Sync 1 DAGs
[2021-10-24 23:50:55,657] {logging_mixin.py:109} INFO - [2021-10-24 23:50:55,657] {dag.py:2914} INFO - Setting next_dagrun for example_branch_operator to 2021-10-23 00:00:00+00:00
[2021-10-24 23:50:55,678] {processor.py:171} INFO - Processing /home/airflow/.local/lib/python3.6/site-packages/airflow/example_dags/example_branch_operator.py took 0.182 seconds
[2021-10-24 23:51:26,240] {processor.py:163} INFO - Started process (PID=530) to work on /home/airflow/.local/lib/python3.6/site-packages/airflow/example_dags/example_branch_operator.py
[2021-10-24 23:51:26,242] {processor.py:620} INFO - Processing file /home/airflow/.local/lib/python3.6/site-packages/airflow/example_dags/example_branch_operator.py for tasks to queue
[2021-10-24 23:51:26,243] {logging_mixin.py:109} INFO - [2021-10-24 23:51:26,243] {dagbag.py:500} INFO - Filling up the DagBag from /home/airflow/.local/lib/python3.6/site-packages/airflow/example_dags/example_branch_operator.py
[2021-10-24 23:51:26,310] {processor.py:632} INFO - DAG(s) dict_keys(['example_branch_operator']) retrieved from /home/airflow/.local/lib/python3.6/site-packages/airflow/example_dags/example_branch_operator.py
[2021-10-24 23:51:26,337] {logging_mixin.py:109} INFO - [2021-10-24 23:51:26,336] {dag.py:2389} INFO - Sync 1 DAGs
[2021-10-24 23:51:26,370] {logging_mixin.py:109} INFO - [2021-10-24 23:51:26,370] {dag.py:2914} INFO - Setting next_dagrun for example_branch_operator to 2021-10-23 00:00:00+00:00
[2021-10-24 23:51:26,386] {processor.py:171} INFO - Processing /home/airflow/.local/lib/python3.6/site-packages/airflow/example_dags/example_branch_operator.py took 0.150 seconds
[2021-10-24 23:51:56,460] {processor.py:163} INFO - Started process (PID=594) to work on /home/airflow/.local/lib/python3.6/site-packages/airflow/example_dags/example_branch_operator.py
[2021-10-24 23:51:56,464] {processor.py:620} INFO - Processing file /home/airflow/.local/lib/python3.6/site-packages/airflow/example_dags/example_branch_operator.py for tasks to queue
[2021-10-24 23:51:56,465] {logging_mixin.py:109} INFO - [2021-10-24 23:51:56,464] {dagbag.py:500} INFO - Filling up the DagBag from /home/airflow/.local/lib/python3.6/site-packages/airflow/example_dags/example_branch_operator.py
[2021-10-24 23:51:56,528] {processor.py:632} INFO - DAG(s) dict_keys(['example_branch_operator']) retrieved from /home/airflow/.local/lib/python3.6/site-packages/airflow/example_dags/example_branch_operator.py
[2021-10-24 23:51:56,552] {logging_mixin.py:109} INFO - [2021-10-24 23:51:56,552] {dag.py:2389} INFO - Sync 1 DAGs
[2021-10-24 23:51:56,586] {logging_mixin.py:109} INFO - [2021-10-24 23:51:56,586] {dag.py:2914} INFO - Setting next_dagrun for example_branch_operator to 2021-10-23 00:00:00+00:00
[2021-10-24 23:51:56,597] {processor.py:171} INFO - Processing /home/airflow/.local/lib/python3.6/site-packages/airflow/example_dags/example_branch_operator.py took 0.142 seconds
[2021-10-24 23:52:27,055] {processor.py:163} INFO - Started process (PID=658) to work on /home/airflow/.local/lib/python3.6/site-packages/airflow/example_dags/example_branch_operator.py
[2021-10-24 23:52:27,056] {processor.py:620} INFO - Processing file /home/airflow/.local/lib/python3.6/site-packages/airflow/example_dags/example_branch_operator.py for tasks to queue
[2021-10-24 23:52:27,057] {logging_mixin.py:109} INFO - [2021-10-24 23:52:27,056] {dagbag.py:500} INFO - Filling up the DagBag from /home/airflow/.local/lib/python3.6/site-packages/airflow/example_dags/example_branch_operator.py
[2021-10-24 23:52:27,100] {processor.py:632} INFO - DAG(s) dict_keys(['example_branch_operator']) retrieved from /home/airflow/.local/lib/python3.6/site-packages/airflow/example_dags/example_branch_operator.py
[2021-10-24 23:52:27,127] {logging_mixin.py:109} INFO - [2021-10-24 23:52:27,127] {dag.py:2389} INFO - Sync 1 DAGs
[2021-10-24 23:52:27,158] {logging_mixin.py:109} INFO - [2021-10-24 23:52:27,157] {dag.py:2914} INFO - Setting next_dagrun for example_branch_operator to 2021-10-23 00:00:00+00:00
[2021-10-24 23:52:27,184] {processor.py:171} INFO - Processing /home/airflow/.local/lib/python3.6/site-packages/airflow/example_dags/example_branch_operator.py took 0.133 seconds
[2021-10-24 23:52:57,599] {processor.py:163} INFO - Started process (PID=723) to work on /home/airflow/.local/lib/python3.6/site-packages/airflow/example_dags/example_branch_operator.py
[2021-10-24 23:52:57,602] {processor.py:620} INFO - Processing file /home/airflow/.local/lib/python3.6/site-packages/airflow/example_dags/example_branch_operator.py for tasks to queue
[2021-10-24 23:52:57,603] {logging_mixin.py:109} INFO - [2021-10-24 23:52:57,603] {dagbag.py:500} INFO - Filling up the DagBag from /home/airflow/.local/lib/python3.6/site-packages/airflow/example_dags/example_branch_operator.py
[2021-10-24 23:52:57,660] {processor.py:632} INFO - DAG(s) dict_keys(['example_branch_operator']) retrieved from /home/airflow/.local/lib/python3.6/site-packages/airflow/example_dags/example_branch_operator.py
[2021-10-24 23:52:57,685] {logging_mixin.py:109} INFO - [2021-10-24 23:52:57,685] {dag.py:2389} INFO - Sync 1 DAGs
[2021-10-24 23:52:57,717] {logging_mixin.py:109} INFO - [2021-10-24 23:52:57,716] {dag.py:2914} INFO - Setting next_dagrun for example_branch_operator to 2021-10-23 00:00:00+00:00
[2021-10-24 23:52:57,733] {processor.py:171} INFO - Processing /home/airflow/.local/lib/python3.6/site-packages/airflow/example_dags/example_branch_operator.py took 0.139 seconds
[2021-10-24 23:53:27,832] {processor.py:163} INFO - Started process (PID=788) to work on /home/airflow/.local/lib/python3.6/site-packages/airflow/example_dags/example_branch_operator.py
[2021-10-24 23:53:27,834] {processor.py:620} INFO - Processing file /home/airflow/.local/lib/python3.6/site-packages/airflow/example_dags/example_branch_operator.py for tasks to queue
[2021-10-24 23:53:27,836] {logging_mixin.py:109} INFO - [2021-10-24 23:53:27,835] {dagbag.py:500} INFO - Filling up the DagBag from /home/airflow/.local/lib/python3.6/site-packages/airflow/example_dags/example_branch_operator.py
[2021-10-24 23:53:27,907] {processor.py:632} INFO - DAG(s) dict_keys(['example_branch_operator']) retrieved from /home/airflow/.local/lib/python3.6/site-packages/airflow/example_dags/example_branch_operator.py
[2021-10-24 23:53:27,932] {logging_mixin.py:109} INFO - [2021-10-24 23:53:27,932] {dag.py:2389} INFO - Sync 1 DAGs
[2021-10-24 23:53:27,974] {logging_mixin.py:109} INFO - [2021-10-24 23:53:27,974] {dag.py:2914} INFO - Setting next_dagrun for example_branch_operator to 2021-10-23 00:00:00+00:00
[2021-10-24 23:53:27,993] {processor.py:171} INFO - Processing /home/airflow/.local/lib/python3.6/site-packages/airflow/example_dags/example_branch_operator.py took 0.166 seconds
[2021-10-24 23:53:58,369] {processor.py:163} INFO - Started process (PID=852) to work on /home/airflow/.local/lib/python3.6/site-packages/airflow/example_dags/example_branch_operator.py
[2021-10-24 23:53:58,370] {processor.py:620} INFO - Processing file /home/airflow/.local/lib/python3.6/site-packages/airflow/example_dags/example_branch_operator.py for tasks to queue
[2021-10-24 23:53:58,371] {logging_mixin.py:109} INFO - [2021-10-24 23:53:58,371] {dagbag.py:500} INFO - Filling up the DagBag from /home/airflow/.local/lib/python3.6/site-packages/airflow/example_dags/example_branch_operator.py
[2021-10-24 23:53:58,410] {processor.py:632} INFO - DAG(s) dict_keys(['example_branch_operator']) retrieved from /home/airflow/.local/lib/python3.6/site-packages/airflow/example_dags/example_branch_operator.py
[2021-10-24 23:53:58,429] {logging_mixin.py:109} INFO - [2021-10-24 23:53:58,429] {dag.py:2389} INFO - Sync 1 DAGs
[2021-10-24 23:53:58,455] {logging_mixin.py:109} INFO - [2021-10-24 23:53:58,455] {dag.py:2914} INFO - Setting next_dagrun for example_branch_operator to 2021-10-23 00:00:00+00:00
[2021-10-24 23:53:58,467] {processor.py:171} INFO - Processing /home/airflow/.local/lib/python3.6/site-packages/airflow/example_dags/example_branch_operator.py took 0.102 seconds
[2021-10-24 23:54:28,598] {processor.py:163} INFO - Started process (PID=922) to work on /home/airflow/.local/lib/python3.6/site-packages/airflow/example_dags/example_branch_operator.py
[2021-10-24 23:54:28,598] {processor.py:620} INFO - Processing file /home/airflow/.local/lib/python3.6/site-packages/airflow/example_dags/example_branch_operator.py for tasks to queue
[2021-10-24 23:54:28,599] {logging_mixin.py:109} INFO - [2021-10-24 23:54:28,599] {dagbag.py:500} INFO - Filling up the DagBag from /home/airflow/.local/lib/python3.6/site-packages/airflow/example_dags/example_branch_operator.py
[2021-10-24 23:54:28,628] {processor.py:632} INFO - DAG(s) dict_keys(['example_branch_operator']) retrieved from /home/airflow/.local/lib/python3.6/site-packages/airflow/example_dags/example_branch_operator.py
[2021-10-24 23:54:28,641] {logging_mixin.py:109} INFO - [2021-10-24 23:54:28,641] {dag.py:2389} INFO - Sync 1 DAGs
[2021-10-24 23:54:28,660] {logging_mixin.py:109} INFO - [2021-10-24 23:54:28,660] {dag.py:2914} INFO - Setting next_dagrun for example_branch_operator to 2021-10-23 00:00:00+00:00
[2021-10-24 23:54:28,669] {processor.py:171} INFO - Processing /home/airflow/.local/lib/python3.6/site-packages/airflow/example_dags/example_branch_operator.py took 0.074 seconds
[2021-10-24 23:54:58,866] {processor.py:163} INFO - Started process (PID=997) to work on /home/airflow/.local/lib/python3.6/site-packages/airflow/example_dags/example_branch_operator.py
[2021-10-24 23:54:58,867] {processor.py:620} INFO - Processing file /home/airflow/.local/lib/python3.6/site-packages/airflow/example_dags/example_branch_operator.py for tasks to queue
[2021-10-24 23:54:58,868] {logging_mixin.py:109} INFO - [2021-10-24 23:54:58,867] {dagbag.py:500} INFO - Filling up the DagBag from /home/airflow/.local/lib/python3.6/site-packages/airflow/example_dags/example_branch_operator.py
[2021-10-24 23:54:58,896] {processor.py:632} INFO - DAG(s) dict_keys(['example_branch_operator']) retrieved from /home/airflow/.local/lib/python3.6/site-packages/airflow/example_dags/example_branch_operator.py
[2021-10-24 23:54:58,908] {logging_mixin.py:109} INFO - [2021-10-24 23:54:58,908] {dag.py:2389} INFO - Sync 1 DAGs
[2021-10-24 23:54:58,927] {logging_mixin.py:109} INFO - [2021-10-24 23:54:58,927] {dag.py:2914} INFO - Setting next_dagrun for example_branch_operator to 2021-10-23 00:00:00+00:00
[2021-10-24 23:54:58,935] {processor.py:171} INFO - Processing /home/airflow/.local/lib/python3.6/site-packages/airflow/example_dags/example_branch_operator.py took 0.072 seconds
[2021-10-24 23:55:29,040] {processor.py:163} INFO - Started process (PID=1061) to work on /home/airflow/.local/lib/python3.6/site-packages/airflow/example_dags/example_branch_operator.py
[2021-10-24 23:55:29,041] {processor.py:620} INFO - Processing file /home/airflow/.local/lib/python3.6/site-packages/airflow/example_dags/example_branch_operator.py for tasks to queue
[2021-10-24 23:55:29,042] {logging_mixin.py:109} INFO - [2021-10-24 23:55:29,042] {dagbag.py:500} INFO - Filling up the DagBag from /home/airflow/.local/lib/python3.6/site-packages/airflow/example_dags/example_branch_operator.py
[2021-10-24 23:55:29,070] {processor.py:632} INFO - DAG(s) dict_keys(['example_branch_operator']) retrieved from /home/airflow/.local/lib/python3.6/site-packages/airflow/example_dags/example_branch_operator.py
[2021-10-24 23:55:29,080] {logging_mixin.py:109} INFO - [2021-10-24 23:55:29,080] {dag.py:2389} INFO - Sync 1 DAGs
[2021-10-24 23:55:29,106] {logging_mixin.py:109} INFO - [2021-10-24 23:55:29,106] {dag.py:2914} INFO - Setting next_dagrun for example_branch_operator to 2021-10-23 00:00:00+00:00
[2021-10-24 23:55:29,118] {processor.py:171} INFO - Processing /home/airflow/.local/lib/python3.6/site-packages/airflow/example_dags/example_branch_operator.py took 0.082 seconds
[2021-10-24 23:55:59,963] {processor.py:163} INFO - Started process (PID=1135) to work on /home/airflow/.local/lib/python3.6/site-packages/airflow/example_dags/example_branch_operator.py
[2021-10-24 23:55:59,964] {processor.py:620} INFO - Processing file /home/airflow/.local/lib/python3.6/site-packages/airflow/example_dags/example_branch_operator.py for tasks to queue
[2021-10-24 23:55:59,964] {logging_mixin.py:109} INFO - [2021-10-24 23:55:59,964] {dagbag.py:500} INFO - Filling up the DagBag from /home/airflow/.local/lib/python3.6/site-packages/airflow/example_dags/example_branch_operator.py
[2021-10-24 23:55:59,992] {processor.py:632} INFO - DAG(s) dict_keys(['example_branch_operator']) retrieved from /home/airflow/.local/lib/python3.6/site-packages/airflow/example_dags/example_branch_operator.py
[2021-10-24 23:56:00,005] {logging_mixin.py:109} INFO - [2021-10-24 23:56:00,005] {dag.py:2389} INFO - Sync 1 DAGs
[2021-10-24 23:56:00,024] {logging_mixin.py:109} INFO - [2021-10-24 23:56:00,024] {dag.py:2914} INFO - Setting next_dagrun for example_branch_operator to 2021-10-23 00:00:00+00:00
[2021-10-24 23:56:00,033] {processor.py:171} INFO - Processing /home/airflow/.local/lib/python3.6/site-packages/airflow/example_dags/example_branch_operator.py took 0.073 seconds
[2021-10-24 23:56:30,453] {processor.py:163} INFO - Started process (PID=1200) to work on /home/airflow/.local/lib/python3.6/site-packages/airflow/example_dags/example_branch_operator.py
[2021-10-24 23:56:30,454] {processor.py:620} INFO - Processing file /home/airflow/.local/lib/python3.6/site-packages/airflow/example_dags/example_branch_operator.py for tasks to queue
[2021-10-24 23:56:30,455] {logging_mixin.py:109} INFO - [2021-10-24 23:56:30,455] {dagbag.py:500} INFO - Filling up the DagBag from /home/airflow/.local/lib/python3.6/site-packages/airflow/example_dags/example_branch_operator.py
[2021-10-24 23:56:30,480] {processor.py:632} INFO - DAG(s) dict_keys(['example_branch_operator']) retrieved from /home/airflow/.local/lib/python3.6/site-packages/airflow/example_dags/example_branch_operator.py
[2021-10-24 23:56:30,491] {logging_mixin.py:109} INFO - [2021-10-24 23:56:30,491] {dag.py:2389} INFO - Sync 1 DAGs
[2021-10-24 23:56:30,508] {logging_mixin.py:109} INFO - [2021-10-24 23:56:30,508] {dag.py:2914} INFO - Setting next_dagrun for example_branch_operator to 2021-10-23 00:00:00+00:00
[2021-10-24 23:56:30,518] {processor.py:171} INFO - Processing /home/airflow/.local/lib/python3.6/site-packages/airflow/example_dags/example_branch_operator.py took 0.067 seconds
[2021-10-24 23:57:00,761] {processor.py:163} INFO - Started process (PID=1271) to work on /home/airflow/.local/lib/python3.6/site-packages/airflow/example_dags/example_branch_operator.py
[2021-10-24 23:57:00,762] {processor.py:620} INFO - Processing file /home/airflow/.local/lib/python3.6/site-packages/airflow/example_dags/example_branch_operator.py for tasks to queue
[2021-10-24 23:57:00,763] {logging_mixin.py:109} INFO - [2021-10-24 23:57:00,763] {dagbag.py:500} INFO - Filling up the DagBag from /home/airflow/.local/lib/python3.6/site-packages/airflow/example_dags/example_branch_operator.py
[2021-10-24 23:57:00,790] {processor.py:632} INFO - DAG(s) dict_keys(['example_branch_operator']) retrieved from /home/airflow/.local/lib/python3.6/site-packages/airflow/example_dags/example_branch_operator.py
[2021-10-24 23:57:00,801] {logging_mixin.py:109} INFO - [2021-10-24 23:57:00,801] {dag.py:2389} INFO - Sync 1 DAGs
[2021-10-24 23:57:00,818] {logging_mixin.py:109} INFO - [2021-10-24 23:57:00,818] {dag.py:2914} INFO - Setting next_dagrun for example_branch_operator to 2021-10-23 00:00:00+00:00
[2021-10-24 23:57:00,826] {processor.py:171} INFO - Processing /home/airflow/.local/lib/python3.6/site-packages/airflow/example_dags/example_branch_operator.py took 0.067 seconds
[2021-10-24 23:57:31,000] {processor.py:163} INFO - Started process (PID=1339) to work on /home/airflow/.local/lib/python3.6/site-packages/airflow/example_dags/example_branch_operator.py
[2021-10-24 23:57:31,000] {processor.py:620} INFO - Processing file /home/airflow/.local/lib/python3.6/site-packages/airflow/example_dags/example_branch_operator.py for tasks to queue
[2021-10-24 23:57:31,001] {logging_mixin.py:109} INFO - [2021-10-24 23:57:31,001] {dagbag.py:500} INFO - Filling up the DagBag from /home/airflow/.local/lib/python3.6/site-packages/airflow/example_dags/example_branch_operator.py
[2021-10-24 23:57:31,029] {processor.py:632} INFO - DAG(s) dict_keys(['example_branch_operator']) retrieved from /home/airflow/.local/lib/python3.6/site-packages/airflow/example_dags/example_branch_operator.py
[2021-10-24 23:57:31,041] {logging_mixin.py:109} INFO - [2021-10-24 23:57:31,041] {dag.py:2389} INFO - Sync 1 DAGs
[2021-10-24 23:57:31,060] {logging_mixin.py:109} INFO - [2021-10-24 23:57:31,060] {dag.py:2914} INFO - Setting next_dagrun for example_branch_operator to 2021-10-23 00:00:00+00:00
[2021-10-24 23:57:31,068] {processor.py:171} INFO - Processing /home/airflow/.local/lib/python3.6/site-packages/airflow/example_dags/example_branch_operator.py took 0.071 seconds
[2021-10-24 23:58:02,084] {processor.py:163} INFO - Started process (PID=1405) to work on /home/airflow/.local/lib/python3.6/site-packages/airflow/example_dags/example_branch_operator.py
[2021-10-24 23:58:02,086] {processor.py:620} INFO - Processing file /home/airflow/.local/lib/python3.6/site-packages/airflow/example_dags/example_branch_operator.py for tasks to queue
[2021-10-24 23:58:02,087] {logging_mixin.py:109} INFO - [2021-10-24 23:58:02,086] {dagbag.py:500} INFO - Filling up the DagBag from /home/airflow/.local/lib/python3.6/site-packages/airflow/example_dags/example_branch_operator.py
[2021-10-24 23:58:02,134] {processor.py:632} INFO - DAG(s) dict_keys(['example_branch_operator']) retrieved from /home/airflow/.local/lib/python3.6/site-packages/airflow/example_dags/example_branch_operator.py
[2021-10-24 23:58:02,159] {logging_mixin.py:109} INFO - [2021-10-24 23:58:02,158] {dag.py:2389} INFO - Sync 1 DAGs
[2021-10-24 23:58:02,190] {logging_mixin.py:109} INFO - [2021-10-24 23:58:02,190] {dag.py:2914} INFO - Setting next_dagrun for example_branch_operator to 2021-10-23 00:00:00+00:00
[2021-10-24 23:58:02,203] {processor.py:171} INFO - Processing /home/airflow/.local/lib/python3.6/site-packages/airflow/example_dags/example_branch_operator.py took 0.122 seconds
[2021-10-24 23:58:33,053] {processor.py:163} INFO - Started process (PID=1472) to work on /home/airflow/.local/lib/python3.6/site-packages/airflow/example_dags/example_branch_operator.py
[2021-10-24 23:58:33,054] {processor.py:620} INFO - Processing file /home/airflow/.local/lib/python3.6/site-packages/airflow/example_dags/example_branch_operator.py for tasks to queue
[2021-10-24 23:58:33,055] {logging_mixin.py:109} INFO - [2021-10-24 23:58:33,055] {dagbag.py:500} INFO - Filling up the DagBag from /home/airflow/.local/lib/python3.6/site-packages/airflow/example_dags/example_branch_operator.py
[2021-10-24 23:58:33,087] {processor.py:632} INFO - DAG(s) dict_keys(['example_branch_operator']) retrieved from /home/airflow/.local/lib/python3.6/site-packages/airflow/example_dags/example_branch_operator.py
[2021-10-24 23:58:33,102] {logging_mixin.py:109} INFO - [2021-10-24 23:58:33,102] {dag.py:2389} INFO - Sync 1 DAGs
[2021-10-24 23:58:33,124] {logging_mixin.py:109} INFO - [2021-10-24 23:58:33,123] {dag.py:2914} INFO - Setting next_dagrun for example_branch_operator to 2021-10-23 00:00:00+00:00
[2021-10-24 23:58:33,135] {processor.py:171} INFO - Processing /home/airflow/.local/lib/python3.6/site-packages/airflow/example_dags/example_branch_operator.py took 0.086 seconds
[2021-10-24 23:59:03,664] {processor.py:163} INFO - Started process (PID=1548) to work on /home/airflow/.local/lib/python3.6/site-packages/airflow/example_dags/example_branch_operator.py
[2021-10-24 23:59:03,665] {processor.py:620} INFO - Processing file /home/airflow/.local/lib/python3.6/site-packages/airflow/example_dags/example_branch_operator.py for tasks to queue
[2021-10-24 23:59:03,666] {logging_mixin.py:109} INFO - [2021-10-24 23:59:03,666] {dagbag.py:500} INFO - Filling up the DagBag from /home/airflow/.local/lib/python3.6/site-packages/airflow/example_dags/example_branch_operator.py
[2021-10-24 23:59:03,698] {processor.py:632} INFO - DAG(s) dict_keys(['example_branch_operator']) retrieved from /home/airflow/.local/lib/python3.6/site-packages/airflow/example_dags/example_branch_operator.py
[2021-10-24 23:59:03,711] {logging_mixin.py:109} INFO - [2021-10-24 23:59:03,711] {dag.py:2389} INFO - Sync 1 DAGs
[2021-10-24 23:59:03,734] {logging_mixin.py:109} INFO - [2021-10-24 23:59:03,734] {dag.py:2914} INFO - Setting next_dagrun for example_branch_operator to 2021-10-23 00:00:00+00:00
[2021-10-24 23:59:03,745] {processor.py:171} INFO - Processing /home/airflow/.local/lib/python3.6/site-packages/airflow/example_dags/example_branch_operator.py took 0.084 seconds
[2021-10-24 23:59:33,966] {processor.py:163} INFO - Started process (PID=1614) to work on /home/airflow/.local/lib/python3.6/site-packages/airflow/example_dags/example_branch_operator.py
[2021-10-24 23:59:33,967] {processor.py:620} INFO - Processing file /home/airflow/.local/lib/python3.6/site-packages/airflow/example_dags/example_branch_operator.py for tasks to queue
[2021-10-24 23:59:33,968] {logging_mixin.py:109} INFO - [2021-10-24 23:59:33,968] {dagbag.py:500} INFO - Filling up the DagBag from /home/airflow/.local/lib/python3.6/site-packages/airflow/example_dags/example_branch_operator.py
[2021-10-24 23:59:33,998] {processor.py:632} INFO - DAG(s) dict_keys(['example_branch_operator']) retrieved from /home/airflow/.local/lib/python3.6/site-packages/airflow/example_dags/example_branch_operator.py
[2021-10-24 23:59:34,011] {logging_mixin.py:109} INFO - [2021-10-24 23:59:34,011] {dag.py:2389} INFO - Sync 1 DAGs
[2021-10-24 23:59:34,036] {logging_mixin.py:109} INFO - [2021-10-24 23:59:34,036] {dag.py:2914} INFO - Setting next_dagrun for example_branch_operator to 2021-10-23 00:00:00+00:00
[2021-10-24 23:59:34,046] {processor.py:171} INFO - Processing /home/airflow/.local/lib/python3.6/site-packages/airflow/example_dags/example_branch_operator.py took 0.084 seconds
