[2021-10-24 22:55:16,084] {processor.py:163} INFO - Started process (PID=66) to work on /home/airflow/.local/lib/python3.6/site-packages/airflow/example_dags/example_bash_operator.py
[2021-10-24 22:55:16,086] {processor.py:620} INFO - Processing file /home/airflow/.local/lib/python3.6/site-packages/airflow/example_dags/example_bash_operator.py for tasks to queue
[2021-10-24 22:55:16,086] {logging_mixin.py:109} INFO - [2021-10-24 22:55:16,086] {dagbag.py:500} INFO - Filling up the DagBag from /home/airflow/.local/lib/python3.6/site-packages/airflow/example_dags/example_bash_operator.py
[2021-10-24 22:55:16,126] {processor.py:632} INFO - DAG(s) dict_keys(['example_bash_operator']) retrieved from /home/airflow/.local/lib/python3.6/site-packages/airflow/example_dags/example_bash_operator.py
[2021-10-24 22:55:16,139] {logging_mixin.py:109} INFO - [2021-10-24 22:55:16,139] {dag.py:2389} INFO - Sync 1 DAGs
[2021-10-24 22:55:16,160] {logging_mixin.py:109} INFO - [2021-10-24 22:55:16,160] {dag.py:2914} INFO - Setting next_dagrun for example_bash_operator to 2021-10-23 00:00:00+00:00
[2021-10-24 22:55:16,170] {processor.py:171} INFO - Processing /home/airflow/.local/lib/python3.6/site-packages/airflow/example_dags/example_bash_operator.py took 0.089 seconds
[2021-10-24 22:55:46,718] {processor.py:163} INFO - Started process (PID=132) to work on /home/airflow/.local/lib/python3.6/site-packages/airflow/example_dags/example_bash_operator.py
[2021-10-24 22:55:46,719] {processor.py:620} INFO - Processing file /home/airflow/.local/lib/python3.6/site-packages/airflow/example_dags/example_bash_operator.py for tasks to queue
[2021-10-24 22:55:46,720] {logging_mixin.py:109} INFO - [2021-10-24 22:55:46,719] {dagbag.py:500} INFO - Filling up the DagBag from /home/airflow/.local/lib/python3.6/site-packages/airflow/example_dags/example_bash_operator.py
[2021-10-24 22:55:46,750] {processor.py:632} INFO - DAG(s) dict_keys(['example_bash_operator']) retrieved from /home/airflow/.local/lib/python3.6/site-packages/airflow/example_dags/example_bash_operator.py
[2021-10-24 22:55:46,761] {logging_mixin.py:109} INFO - [2021-10-24 22:55:46,761] {dag.py:2389} INFO - Sync 1 DAGs
[2021-10-24 22:55:46,778] {logging_mixin.py:109} INFO - [2021-10-24 22:55:46,778] {dag.py:2914} INFO - Setting next_dagrun for example_bash_operator to 2021-10-23 00:00:00+00:00
[2021-10-24 22:55:46,786] {processor.py:171} INFO - Processing /home/airflow/.local/lib/python3.6/site-packages/airflow/example_dags/example_bash_operator.py took 0.071 seconds
[2021-10-24 22:56:16,959] {processor.py:163} INFO - Started process (PID=196) to work on /home/airflow/.local/lib/python3.6/site-packages/airflow/example_dags/example_bash_operator.py
[2021-10-24 22:56:16,960] {processor.py:620} INFO - Processing file /home/airflow/.local/lib/python3.6/site-packages/airflow/example_dags/example_bash_operator.py for tasks to queue
[2021-10-24 22:56:16,960] {logging_mixin.py:109} INFO - [2021-10-24 22:56:16,960] {dagbag.py:500} INFO - Filling up the DagBag from /home/airflow/.local/lib/python3.6/site-packages/airflow/example_dags/example_bash_operator.py
[2021-10-24 22:56:16,987] {processor.py:632} INFO - DAG(s) dict_keys(['example_bash_operator']) retrieved from /home/airflow/.local/lib/python3.6/site-packages/airflow/example_dags/example_bash_operator.py
[2021-10-24 22:56:16,998] {logging_mixin.py:109} INFO - [2021-10-24 22:56:16,998] {dag.py:2389} INFO - Sync 1 DAGs
[2021-10-24 22:56:17,014] {logging_mixin.py:109} INFO - [2021-10-24 22:56:17,014] {dag.py:2914} INFO - Setting next_dagrun for example_bash_operator to 2021-10-23 00:00:00+00:00
[2021-10-24 22:56:17,022] {processor.py:171} INFO - Processing /home/airflow/.local/lib/python3.6/site-packages/airflow/example_dags/example_bash_operator.py took 0.066 seconds
[2021-10-24 22:57:28,030] {processor.py:163} INFO - Started process (PID=66) to work on /home/airflow/.local/lib/python3.6/site-packages/airflow/example_dags/example_bash_operator.py
[2021-10-24 22:57:28,031] {processor.py:620} INFO - Processing file /home/airflow/.local/lib/python3.6/site-packages/airflow/example_dags/example_bash_operator.py for tasks to queue
[2021-10-24 22:57:28,032] {logging_mixin.py:109} INFO - [2021-10-24 22:57:28,032] {dagbag.py:500} INFO - Filling up the DagBag from /home/airflow/.local/lib/python3.6/site-packages/airflow/example_dags/example_bash_operator.py
[2021-10-24 22:57:28,069] {processor.py:632} INFO - DAG(s) dict_keys(['example_bash_operator']) retrieved from /home/airflow/.local/lib/python3.6/site-packages/airflow/example_dags/example_bash_operator.py
[2021-10-24 22:57:28,086] {logging_mixin.py:109} INFO - [2021-10-24 22:57:28,086] {dag.py:2389} INFO - Sync 1 DAGs
[2021-10-24 22:57:28,113] {logging_mixin.py:109} INFO - [2021-10-24 22:57:28,113] {dag.py:2914} INFO - Setting next_dagrun for example_bash_operator to 2021-10-23 00:00:00+00:00
[2021-10-24 22:57:28,125] {processor.py:171} INFO - Processing /home/airflow/.local/lib/python3.6/site-packages/airflow/example_dags/example_bash_operator.py took 0.098 seconds
[2021-10-24 22:57:58,604] {processor.py:163} INFO - Started process (PID=128) to work on /home/airflow/.local/lib/python3.6/site-packages/airflow/example_dags/example_bash_operator.py
[2021-10-24 22:57:58,605] {processor.py:620} INFO - Processing file /home/airflow/.local/lib/python3.6/site-packages/airflow/example_dags/example_bash_operator.py for tasks to queue
[2021-10-24 22:57:58,606] {logging_mixin.py:109} INFO - [2021-10-24 22:57:58,606] {dagbag.py:500} INFO - Filling up the DagBag from /home/airflow/.local/lib/python3.6/site-packages/airflow/example_dags/example_bash_operator.py
[2021-10-24 22:57:58,639] {processor.py:632} INFO - DAG(s) dict_keys(['example_bash_operator']) retrieved from /home/airflow/.local/lib/python3.6/site-packages/airflow/example_dags/example_bash_operator.py
[2021-10-24 22:57:58,651] {logging_mixin.py:109} INFO - [2021-10-24 22:57:58,651] {dag.py:2389} INFO - Sync 1 DAGs
[2021-10-24 22:57:58,671] {logging_mixin.py:109} INFO - [2021-10-24 22:57:58,671] {dag.py:2914} INFO - Setting next_dagrun for example_bash_operator to 2021-10-23 00:00:00+00:00
[2021-10-24 22:57:58,682] {processor.py:171} INFO - Processing /home/airflow/.local/lib/python3.6/site-packages/airflow/example_dags/example_bash_operator.py took 0.081 seconds
[2021-10-24 22:58:29,313] {processor.py:163} INFO - Started process (PID=196) to work on /home/airflow/.local/lib/python3.6/site-packages/airflow/example_dags/example_bash_operator.py
[2021-10-24 22:58:29,314] {processor.py:620} INFO - Processing file /home/airflow/.local/lib/python3.6/site-packages/airflow/example_dags/example_bash_operator.py for tasks to queue
[2021-10-24 22:58:29,314] {logging_mixin.py:109} INFO - [2021-10-24 22:58:29,314] {dagbag.py:500} INFO - Filling up the DagBag from /home/airflow/.local/lib/python3.6/site-packages/airflow/example_dags/example_bash_operator.py
[2021-10-24 22:58:29,346] {processor.py:632} INFO - DAG(s) dict_keys(['example_bash_operator']) retrieved from /home/airflow/.local/lib/python3.6/site-packages/airflow/example_dags/example_bash_operator.py
[2021-10-24 22:58:29,357] {logging_mixin.py:109} INFO - [2021-10-24 22:58:29,357] {dag.py:2389} INFO - Sync 1 DAGs
[2021-10-24 22:58:29,374] {logging_mixin.py:109} INFO - [2021-10-24 22:58:29,374] {dag.py:2914} INFO - Setting next_dagrun for example_bash_operator to 2021-10-23 00:00:00+00:00
[2021-10-24 22:58:29,383] {processor.py:171} INFO - Processing /home/airflow/.local/lib/python3.6/site-packages/airflow/example_dags/example_bash_operator.py took 0.073 seconds
[2021-10-24 22:58:59,411] {processor.py:163} INFO - Started process (PID=259) to work on /home/airflow/.local/lib/python3.6/site-packages/airflow/example_dags/example_bash_operator.py
[2021-10-24 22:58:59,412] {processor.py:620} INFO - Processing file /home/airflow/.local/lib/python3.6/site-packages/airflow/example_dags/example_bash_operator.py for tasks to queue
[2021-10-24 22:58:59,413] {logging_mixin.py:109} INFO - [2021-10-24 22:58:59,413] {dagbag.py:500} INFO - Filling up the DagBag from /home/airflow/.local/lib/python3.6/site-packages/airflow/example_dags/example_bash_operator.py
[2021-10-24 22:58:59,441] {processor.py:632} INFO - DAG(s) dict_keys(['example_bash_operator']) retrieved from /home/airflow/.local/lib/python3.6/site-packages/airflow/example_dags/example_bash_operator.py
[2021-10-24 22:58:59,450] {logging_mixin.py:109} INFO - [2021-10-24 22:58:59,450] {dag.py:2389} INFO - Sync 1 DAGs
[2021-10-24 22:58:59,465] {logging_mixin.py:109} INFO - [2021-10-24 22:58:59,465] {dag.py:2914} INFO - Setting next_dagrun for example_bash_operator to 2021-10-23 00:00:00+00:00
[2021-10-24 22:58:59,473] {processor.py:171} INFO - Processing /home/airflow/.local/lib/python3.6/site-packages/airflow/example_dags/example_bash_operator.py took 0.065 seconds
[2021-10-24 22:59:30,316] {processor.py:163} INFO - Started process (PID=336) to work on /home/airflow/.local/lib/python3.6/site-packages/airflow/example_dags/example_bash_operator.py
[2021-10-24 22:59:30,317] {processor.py:620} INFO - Processing file /home/airflow/.local/lib/python3.6/site-packages/airflow/example_dags/example_bash_operator.py for tasks to queue
[2021-10-24 22:59:30,318] {logging_mixin.py:109} INFO - [2021-10-24 22:59:30,318] {dagbag.py:500} INFO - Filling up the DagBag from /home/airflow/.local/lib/python3.6/site-packages/airflow/example_dags/example_bash_operator.py
[2021-10-24 22:59:30,357] {processor.py:632} INFO - DAG(s) dict_keys(['example_bash_operator']) retrieved from /home/airflow/.local/lib/python3.6/site-packages/airflow/example_dags/example_bash_operator.py
[2021-10-24 22:59:30,369] {logging_mixin.py:109} INFO - [2021-10-24 22:59:30,369] {dag.py:2389} INFO - Sync 1 DAGs
[2021-10-24 22:59:30,384] {logging_mixin.py:109} INFO - [2021-10-24 22:59:30,384] {dag.py:2914} INFO - Setting next_dagrun for example_bash_operator to 2021-10-23 00:00:00+00:00
[2021-10-24 22:59:30,392] {processor.py:171} INFO - Processing /home/airflow/.local/lib/python3.6/site-packages/airflow/example_dags/example_bash_operator.py took 0.079 seconds
[2021-10-24 23:47:50,783] {processor.py:163} INFO - Started process (PID=66) to work on /home/airflow/.local/lib/python3.6/site-packages/airflow/example_dags/example_bash_operator.py
[2021-10-24 23:47:50,791] {processor.py:620} INFO - Processing file /home/airflow/.local/lib/python3.6/site-packages/airflow/example_dags/example_bash_operator.py for tasks to queue
[2021-10-24 23:47:50,792] {logging_mixin.py:109} INFO - [2021-10-24 23:47:50,792] {dagbag.py:500} INFO - Filling up the DagBag from /home/airflow/.local/lib/python3.6/site-packages/airflow/example_dags/example_bash_operator.py
[2021-10-24 23:47:50,866] {processor.py:632} INFO - DAG(s) dict_keys(['example_bash_operator']) retrieved from /home/airflow/.local/lib/python3.6/site-packages/airflow/example_dags/example_bash_operator.py
[2021-10-24 23:47:50,892] {logging_mixin.py:109} INFO - [2021-10-24 23:47:50,892] {dag.py:2389} INFO - Sync 1 DAGs
[2021-10-24 23:47:50,919] {logging_mixin.py:109} INFO - [2021-10-24 23:47:50,918] {dag.py:2914} INFO - Setting next_dagrun for example_bash_operator to 2021-10-23 00:00:00+00:00
[2021-10-24 23:47:50,942] {processor.py:171} INFO - Processing /home/airflow/.local/lib/python3.6/site-packages/airflow/example_dags/example_bash_operator.py took 0.164 seconds
[2021-10-24 23:48:21,100] {processor.py:163} INFO - Started process (PID=122) to work on /home/airflow/.local/lib/python3.6/site-packages/airflow/example_dags/example_bash_operator.py
[2021-10-24 23:48:21,102] {processor.py:620} INFO - Processing file /home/airflow/.local/lib/python3.6/site-packages/airflow/example_dags/example_bash_operator.py for tasks to queue
[2021-10-24 23:48:21,103] {logging_mixin.py:109} INFO - [2021-10-24 23:48:21,103] {dagbag.py:500} INFO - Filling up the DagBag from /home/airflow/.local/lib/python3.6/site-packages/airflow/example_dags/example_bash_operator.py
[2021-10-24 23:48:21,155] {processor.py:632} INFO - DAG(s) dict_keys(['example_bash_operator']) retrieved from /home/airflow/.local/lib/python3.6/site-packages/airflow/example_dags/example_bash_operator.py
[2021-10-24 23:48:21,198] {logging_mixin.py:109} INFO - [2021-10-24 23:48:21,198] {dag.py:2389} INFO - Sync 1 DAGs
[2021-10-24 23:48:21,253] {logging_mixin.py:109} INFO - [2021-10-24 23:48:21,253] {dag.py:2914} INFO - Setting next_dagrun for example_bash_operator to 2021-10-23 00:00:00+00:00
[2021-10-24 23:48:21,281] {processor.py:171} INFO - Processing /home/airflow/.local/lib/python3.6/site-packages/airflow/example_dags/example_bash_operator.py took 0.188 seconds
[2021-10-24 23:48:51,439] {processor.py:163} INFO - Started process (PID=187) to work on /home/airflow/.local/lib/python3.6/site-packages/airflow/example_dags/example_bash_operator.py
[2021-10-24 23:48:51,442] {processor.py:620} INFO - Processing file /home/airflow/.local/lib/python3.6/site-packages/airflow/example_dags/example_bash_operator.py for tasks to queue
[2021-10-24 23:48:51,443] {logging_mixin.py:109} INFO - [2021-10-24 23:48:51,443] {dagbag.py:500} INFO - Filling up the DagBag from /home/airflow/.local/lib/python3.6/site-packages/airflow/example_dags/example_bash_operator.py
[2021-10-24 23:48:51,491] {processor.py:632} INFO - DAG(s) dict_keys(['example_bash_operator']) retrieved from /home/airflow/.local/lib/python3.6/site-packages/airflow/example_dags/example_bash_operator.py
[2021-10-24 23:48:51,509] {logging_mixin.py:109} INFO - [2021-10-24 23:48:51,509] {dag.py:2389} INFO - Sync 1 DAGs
[2021-10-24 23:48:51,530] {logging_mixin.py:109} INFO - [2021-10-24 23:48:51,530] {dag.py:2914} INFO - Setting next_dagrun for example_bash_operator to 2021-10-23 00:00:00+00:00
[2021-10-24 23:48:51,547] {processor.py:171} INFO - Processing /home/airflow/.local/lib/python3.6/site-packages/airflow/example_dags/example_bash_operator.py took 0.115 seconds
[2021-10-24 23:49:21,662] {processor.py:163} INFO - Started process (PID=252) to work on /home/airflow/.local/lib/python3.6/site-packages/airflow/example_dags/example_bash_operator.py
[2021-10-24 23:49:21,663] {processor.py:620} INFO - Processing file /home/airflow/.local/lib/python3.6/site-packages/airflow/example_dags/example_bash_operator.py for tasks to queue
[2021-10-24 23:49:21,664] {logging_mixin.py:109} INFO - [2021-10-24 23:49:21,664] {dagbag.py:500} INFO - Filling up the DagBag from /home/airflow/.local/lib/python3.6/site-packages/airflow/example_dags/example_bash_operator.py
[2021-10-24 23:49:21,722] {processor.py:632} INFO - DAG(s) dict_keys(['example_bash_operator']) retrieved from /home/airflow/.local/lib/python3.6/site-packages/airflow/example_dags/example_bash_operator.py
[2021-10-24 23:49:21,739] {logging_mixin.py:109} INFO - [2021-10-24 23:49:21,739] {dag.py:2389} INFO - Sync 1 DAGs
[2021-10-24 23:49:21,774] {logging_mixin.py:109} INFO - [2021-10-24 23:49:21,774] {dag.py:2914} INFO - Setting next_dagrun for example_bash_operator to 2021-10-23 00:00:00+00:00
[2021-10-24 23:49:21,795] {processor.py:171} INFO - Processing /home/airflow/.local/lib/python3.6/site-packages/airflow/example_dags/example_bash_operator.py took 0.137 seconds
[2021-10-24 23:49:52,387] {processor.py:163} INFO - Started process (PID=325) to work on /home/airflow/.local/lib/python3.6/site-packages/airflow/example_dags/example_bash_operator.py
[2021-10-24 23:49:52,390] {processor.py:620} INFO - Processing file /home/airflow/.local/lib/python3.6/site-packages/airflow/example_dags/example_bash_operator.py for tasks to queue
[2021-10-24 23:49:52,391] {logging_mixin.py:109} INFO - [2021-10-24 23:49:52,390] {dagbag.py:500} INFO - Filling up the DagBag from /home/airflow/.local/lib/python3.6/site-packages/airflow/example_dags/example_bash_operator.py
[2021-10-24 23:49:52,485] {processor.py:632} INFO - DAG(s) dict_keys(['example_bash_operator']) retrieved from /home/airflow/.local/lib/python3.6/site-packages/airflow/example_dags/example_bash_operator.py
[2021-10-24 23:49:52,513] {logging_mixin.py:109} INFO - [2021-10-24 23:49:52,513] {dag.py:2389} INFO - Sync 1 DAGs
[2021-10-24 23:49:52,554] {logging_mixin.py:109} INFO - [2021-10-24 23:49:52,554] {dag.py:2914} INFO - Setting next_dagrun for example_bash_operator to 2021-10-23 00:00:00+00:00
[2021-10-24 23:49:52,575] {processor.py:171} INFO - Processing /home/airflow/.local/lib/python3.6/site-packages/airflow/example_dags/example_bash_operator.py took 0.194 seconds
[2021-10-24 23:50:22,719] {processor.py:163} INFO - Started process (PID=392) to work on /home/airflow/.local/lib/python3.6/site-packages/airflow/example_dags/example_bash_operator.py
[2021-10-24 23:50:22,720] {processor.py:620} INFO - Processing file /home/airflow/.local/lib/python3.6/site-packages/airflow/example_dags/example_bash_operator.py for tasks to queue
[2021-10-24 23:50:22,721] {logging_mixin.py:109} INFO - [2021-10-24 23:50:22,721] {dagbag.py:500} INFO - Filling up the DagBag from /home/airflow/.local/lib/python3.6/site-packages/airflow/example_dags/example_bash_operator.py
[2021-10-24 23:50:22,789] {processor.py:632} INFO - DAG(s) dict_keys(['example_bash_operator']) retrieved from /home/airflow/.local/lib/python3.6/site-packages/airflow/example_dags/example_bash_operator.py
[2021-10-24 23:50:22,807] {logging_mixin.py:109} INFO - [2021-10-24 23:50:22,806] {dag.py:2389} INFO - Sync 1 DAGs
[2021-10-24 23:50:22,835] {logging_mixin.py:109} INFO - [2021-10-24 23:50:22,835] {dag.py:2914} INFO - Setting next_dagrun for example_bash_operator to 2021-10-23 00:00:00+00:00
[2021-10-24 23:50:22,853] {processor.py:171} INFO - Processing /home/airflow/.local/lib/python3.6/site-packages/airflow/example_dags/example_bash_operator.py took 0.141 seconds
[2021-10-24 23:50:53,188] {processor.py:163} INFO - Started process (PID=457) to work on /home/airflow/.local/lib/python3.6/site-packages/airflow/example_dags/example_bash_operator.py
[2021-10-24 23:50:53,190] {processor.py:620} INFO - Processing file /home/airflow/.local/lib/python3.6/site-packages/airflow/example_dags/example_bash_operator.py for tasks to queue
[2021-10-24 23:50:53,191] {logging_mixin.py:109} INFO - [2021-10-24 23:50:53,191] {dagbag.py:500} INFO - Filling up the DagBag from /home/airflow/.local/lib/python3.6/site-packages/airflow/example_dags/example_bash_operator.py
[2021-10-24 23:50:53,278] {processor.py:632} INFO - DAG(s) dict_keys(['example_bash_operator']) retrieved from /home/airflow/.local/lib/python3.6/site-packages/airflow/example_dags/example_bash_operator.py
[2021-10-24 23:50:53,303] {logging_mixin.py:109} INFO - [2021-10-24 23:50:53,303] {dag.py:2389} INFO - Sync 1 DAGs
[2021-10-24 23:50:53,354] {logging_mixin.py:109} INFO - [2021-10-24 23:50:53,353] {dag.py:2914} INFO - Setting next_dagrun for example_bash_operator to 2021-10-23 00:00:00+00:00
[2021-10-24 23:50:53,376] {processor.py:171} INFO - Processing /home/airflow/.local/lib/python3.6/site-packages/airflow/example_dags/example_bash_operator.py took 0.192 seconds
[2021-10-24 23:51:24,021] {processor.py:163} INFO - Started process (PID=527) to work on /home/airflow/.local/lib/python3.6/site-packages/airflow/example_dags/example_bash_operator.py
[2021-10-24 23:51:24,028] {processor.py:620} INFO - Processing file /home/airflow/.local/lib/python3.6/site-packages/airflow/example_dags/example_bash_operator.py for tasks to queue
[2021-10-24 23:51:24,029] {logging_mixin.py:109} INFO - [2021-10-24 23:51:24,029] {dagbag.py:500} INFO - Filling up the DagBag from /home/airflow/.local/lib/python3.6/site-packages/airflow/example_dags/example_bash_operator.py
[2021-10-24 23:51:24,082] {processor.py:632} INFO - DAG(s) dict_keys(['example_bash_operator']) retrieved from /home/airflow/.local/lib/python3.6/site-packages/airflow/example_dags/example_bash_operator.py
[2021-10-24 23:51:24,103] {logging_mixin.py:109} INFO - [2021-10-24 23:51:24,103] {dag.py:2389} INFO - Sync 1 DAGs
[2021-10-24 23:51:24,135] {logging_mixin.py:109} INFO - [2021-10-24 23:51:24,135] {dag.py:2914} INFO - Setting next_dagrun for example_bash_operator to 2021-10-23 00:00:00+00:00
[2021-10-24 23:51:24,148] {processor.py:171} INFO - Processing /home/airflow/.local/lib/python3.6/site-packages/airflow/example_dags/example_bash_operator.py took 0.131 seconds
[2021-10-24 23:51:55,140] {processor.py:163} INFO - Started process (PID=591) to work on /home/airflow/.local/lib/python3.6/site-packages/airflow/example_dags/example_bash_operator.py
[2021-10-24 23:51:55,142] {processor.py:620} INFO - Processing file /home/airflow/.local/lib/python3.6/site-packages/airflow/example_dags/example_bash_operator.py for tasks to queue
[2021-10-24 23:51:55,143] {logging_mixin.py:109} INFO - [2021-10-24 23:51:55,143] {dagbag.py:500} INFO - Filling up the DagBag from /home/airflow/.local/lib/python3.6/site-packages/airflow/example_dags/example_bash_operator.py
[2021-10-24 23:51:55,212] {processor.py:632} INFO - DAG(s) dict_keys(['example_bash_operator']) retrieved from /home/airflow/.local/lib/python3.6/site-packages/airflow/example_dags/example_bash_operator.py
[2021-10-24 23:51:55,236] {logging_mixin.py:109} INFO - [2021-10-24 23:51:55,236] {dag.py:2389} INFO - Sync 1 DAGs
[2021-10-24 23:51:55,282] {logging_mixin.py:109} INFO - [2021-10-24 23:51:55,282] {dag.py:2914} INFO - Setting next_dagrun for example_bash_operator to 2021-10-23 00:00:00+00:00
[2021-10-24 23:51:55,303] {processor.py:171} INFO - Processing /home/airflow/.local/lib/python3.6/site-packages/airflow/example_dags/example_bash_operator.py took 0.167 seconds
[2021-10-24 23:52:25,863] {processor.py:163} INFO - Started process (PID=655) to work on /home/airflow/.local/lib/python3.6/site-packages/airflow/example_dags/example_bash_operator.py
[2021-10-24 23:52:25,864] {processor.py:620} INFO - Processing file /home/airflow/.local/lib/python3.6/site-packages/airflow/example_dags/example_bash_operator.py for tasks to queue
[2021-10-24 23:52:25,865] {logging_mixin.py:109} INFO - [2021-10-24 23:52:25,865] {dagbag.py:500} INFO - Filling up the DagBag from /home/airflow/.local/lib/python3.6/site-packages/airflow/example_dags/example_bash_operator.py
[2021-10-24 23:52:25,921] {processor.py:632} INFO - DAG(s) dict_keys(['example_bash_operator']) retrieved from /home/airflow/.local/lib/python3.6/site-packages/airflow/example_dags/example_bash_operator.py
[2021-10-24 23:52:25,935] {logging_mixin.py:109} INFO - [2021-10-24 23:52:25,935] {dag.py:2389} INFO - Sync 1 DAGs
[2021-10-24 23:52:25,965] {logging_mixin.py:109} INFO - [2021-10-24 23:52:25,965] {dag.py:2914} INFO - Setting next_dagrun for example_bash_operator to 2021-10-23 00:00:00+00:00
[2021-10-24 23:52:25,985] {processor.py:171} INFO - Processing /home/airflow/.local/lib/python3.6/site-packages/airflow/example_dags/example_bash_operator.py took 0.125 seconds
[2021-10-24 23:52:56,382] {processor.py:163} INFO - Started process (PID=720) to work on /home/airflow/.local/lib/python3.6/site-packages/airflow/example_dags/example_bash_operator.py
[2021-10-24 23:52:56,385] {processor.py:620} INFO - Processing file /home/airflow/.local/lib/python3.6/site-packages/airflow/example_dags/example_bash_operator.py for tasks to queue
[2021-10-24 23:52:56,387] {logging_mixin.py:109} INFO - [2021-10-24 23:52:56,387] {dagbag.py:500} INFO - Filling up the DagBag from /home/airflow/.local/lib/python3.6/site-packages/airflow/example_dags/example_bash_operator.py
[2021-10-24 23:52:56,444] {processor.py:632} INFO - DAG(s) dict_keys(['example_bash_operator']) retrieved from /home/airflow/.local/lib/python3.6/site-packages/airflow/example_dags/example_bash_operator.py
[2021-10-24 23:52:56,465] {logging_mixin.py:109} INFO - [2021-10-24 23:52:56,464] {dag.py:2389} INFO - Sync 1 DAGs
[2021-10-24 23:52:56,493] {logging_mixin.py:109} INFO - [2021-10-24 23:52:56,492] {dag.py:2914} INFO - Setting next_dagrun for example_bash_operator to 2021-10-23 00:00:00+00:00
[2021-10-24 23:52:56,521] {processor.py:171} INFO - Processing /home/airflow/.local/lib/python3.6/site-packages/airflow/example_dags/example_bash_operator.py took 0.143 seconds
[2021-10-24 23:53:27,427] {processor.py:163} INFO - Started process (PID=785) to work on /home/airflow/.local/lib/python3.6/site-packages/airflow/example_dags/example_bash_operator.py
[2021-10-24 23:53:27,429] {processor.py:620} INFO - Processing file /home/airflow/.local/lib/python3.6/site-packages/airflow/example_dags/example_bash_operator.py for tasks to queue
[2021-10-24 23:53:27,430] {logging_mixin.py:109} INFO - [2021-10-24 23:53:27,430] {dagbag.py:500} INFO - Filling up the DagBag from /home/airflow/.local/lib/python3.6/site-packages/airflow/example_dags/example_bash_operator.py
[2021-10-24 23:53:27,524] {processor.py:632} INFO - DAG(s) dict_keys(['example_bash_operator']) retrieved from /home/airflow/.local/lib/python3.6/site-packages/airflow/example_dags/example_bash_operator.py
[2021-10-24 23:53:27,553] {logging_mixin.py:109} INFO - [2021-10-24 23:53:27,552] {dag.py:2389} INFO - Sync 1 DAGs
[2021-10-24 23:53:27,601] {logging_mixin.py:109} INFO - [2021-10-24 23:53:27,601] {dag.py:2914} INFO - Setting next_dagrun for example_bash_operator to 2021-10-23 00:00:00+00:00
[2021-10-24 23:53:27,616] {processor.py:171} INFO - Processing /home/airflow/.local/lib/python3.6/site-packages/airflow/example_dags/example_bash_operator.py took 0.195 seconds
[2021-10-24 23:53:58,227] {processor.py:163} INFO - Started process (PID=849) to work on /home/airflow/.local/lib/python3.6/site-packages/airflow/example_dags/example_bash_operator.py
[2021-10-24 23:53:58,229] {processor.py:620} INFO - Processing file /home/airflow/.local/lib/python3.6/site-packages/airflow/example_dags/example_bash_operator.py for tasks to queue
[2021-10-24 23:53:58,230] {logging_mixin.py:109} INFO - [2021-10-24 23:53:58,230] {dagbag.py:500} INFO - Filling up the DagBag from /home/airflow/.local/lib/python3.6/site-packages/airflow/example_dags/example_bash_operator.py
[2021-10-24 23:53:58,279] {processor.py:632} INFO - DAG(s) dict_keys(['example_bash_operator']) retrieved from /home/airflow/.local/lib/python3.6/site-packages/airflow/example_dags/example_bash_operator.py
[2021-10-24 23:53:58,295] {logging_mixin.py:109} INFO - [2021-10-24 23:53:58,295] {dag.py:2389} INFO - Sync 1 DAGs
[2021-10-24 23:53:58,318] {logging_mixin.py:109} INFO - [2021-10-24 23:53:58,318] {dag.py:2914} INFO - Setting next_dagrun for example_bash_operator to 2021-10-23 00:00:00+00:00
[2021-10-24 23:53:58,329] {processor.py:171} INFO - Processing /home/airflow/.local/lib/python3.6/site-packages/airflow/example_dags/example_bash_operator.py took 0.105 seconds
[2021-10-24 23:54:28,482] {processor.py:163} INFO - Started process (PID=919) to work on /home/airflow/.local/lib/python3.6/site-packages/airflow/example_dags/example_bash_operator.py
[2021-10-24 23:54:28,483] {processor.py:620} INFO - Processing file /home/airflow/.local/lib/python3.6/site-packages/airflow/example_dags/example_bash_operator.py for tasks to queue
[2021-10-24 23:54:28,483] {logging_mixin.py:109} INFO - [2021-10-24 23:54:28,483] {dagbag.py:500} INFO - Filling up the DagBag from /home/airflow/.local/lib/python3.6/site-packages/airflow/example_dags/example_bash_operator.py
[2021-10-24 23:54:28,521] {processor.py:632} INFO - DAG(s) dict_keys(['example_bash_operator']) retrieved from /home/airflow/.local/lib/python3.6/site-packages/airflow/example_dags/example_bash_operator.py
[2021-10-24 23:54:28,536] {logging_mixin.py:109} INFO - [2021-10-24 23:54:28,536] {dag.py:2389} INFO - Sync 1 DAGs
[2021-10-24 23:54:28,558] {logging_mixin.py:109} INFO - [2021-10-24 23:54:28,558] {dag.py:2914} INFO - Setting next_dagrun for example_bash_operator to 2021-10-23 00:00:00+00:00
[2021-10-24 23:54:28,567] {processor.py:171} INFO - Processing /home/airflow/.local/lib/python3.6/site-packages/airflow/example_dags/example_bash_operator.py took 0.089 seconds
[2021-10-24 23:54:58,756] {processor.py:163} INFO - Started process (PID=994) to work on /home/airflow/.local/lib/python3.6/site-packages/airflow/example_dags/example_bash_operator.py
[2021-10-24 23:54:58,757] {processor.py:620} INFO - Processing file /home/airflow/.local/lib/python3.6/site-packages/airflow/example_dags/example_bash_operator.py for tasks to queue
[2021-10-24 23:54:58,758] {logging_mixin.py:109} INFO - [2021-10-24 23:54:58,758] {dagbag.py:500} INFO - Filling up the DagBag from /home/airflow/.local/lib/python3.6/site-packages/airflow/example_dags/example_bash_operator.py
[2021-10-24 23:54:58,789] {processor.py:632} INFO - DAG(s) dict_keys(['example_bash_operator']) retrieved from /home/airflow/.local/lib/python3.6/site-packages/airflow/example_dags/example_bash_operator.py
[2021-10-24 23:54:58,800] {logging_mixin.py:109} INFO - [2021-10-24 23:54:58,800] {dag.py:2389} INFO - Sync 1 DAGs
[2021-10-24 23:54:58,817] {logging_mixin.py:109} INFO - [2021-10-24 23:54:58,817] {dag.py:2914} INFO - Setting next_dagrun for example_bash_operator to 2021-10-23 00:00:00+00:00
[2021-10-24 23:54:58,826] {processor.py:171} INFO - Processing /home/airflow/.local/lib/python3.6/site-packages/airflow/example_dags/example_bash_operator.py took 0.072 seconds
[2021-10-24 23:55:28,864] {processor.py:163} INFO - Started process (PID=1058) to work on /home/airflow/.local/lib/python3.6/site-packages/airflow/example_dags/example_bash_operator.py
[2021-10-24 23:55:28,865] {processor.py:620} INFO - Processing file /home/airflow/.local/lib/python3.6/site-packages/airflow/example_dags/example_bash_operator.py for tasks to queue
[2021-10-24 23:55:28,866] {logging_mixin.py:109} INFO - [2021-10-24 23:55:28,866] {dagbag.py:500} INFO - Filling up the DagBag from /home/airflow/.local/lib/python3.6/site-packages/airflow/example_dags/example_bash_operator.py
[2021-10-24 23:55:28,917] {processor.py:632} INFO - DAG(s) dict_keys(['example_bash_operator']) retrieved from /home/airflow/.local/lib/python3.6/site-packages/airflow/example_dags/example_bash_operator.py
[2021-10-24 23:55:28,937] {logging_mixin.py:109} INFO - [2021-10-24 23:55:28,937] {dag.py:2389} INFO - Sync 1 DAGs
[2021-10-24 23:55:28,965] {logging_mixin.py:109} INFO - [2021-10-24 23:55:28,965] {dag.py:2914} INFO - Setting next_dagrun for example_bash_operator to 2021-10-23 00:00:00+00:00
[2021-10-24 23:55:28,988] {processor.py:171} INFO - Processing /home/airflow/.local/lib/python3.6/site-packages/airflow/example_dags/example_bash_operator.py took 0.127 seconds
[2021-10-24 23:55:59,853] {processor.py:163} INFO - Started process (PID=1132) to work on /home/airflow/.local/lib/python3.6/site-packages/airflow/example_dags/example_bash_operator.py
[2021-10-24 23:55:59,854] {processor.py:620} INFO - Processing file /home/airflow/.local/lib/python3.6/site-packages/airflow/example_dags/example_bash_operator.py for tasks to queue
[2021-10-24 23:55:59,854] {logging_mixin.py:109} INFO - [2021-10-24 23:55:59,854] {dagbag.py:500} INFO - Filling up the DagBag from /home/airflow/.local/lib/python3.6/site-packages/airflow/example_dags/example_bash_operator.py
[2021-10-24 23:55:59,886] {processor.py:632} INFO - DAG(s) dict_keys(['example_bash_operator']) retrieved from /home/airflow/.local/lib/python3.6/site-packages/airflow/example_dags/example_bash_operator.py
[2021-10-24 23:55:59,897] {logging_mixin.py:109} INFO - [2021-10-24 23:55:59,897] {dag.py:2389} INFO - Sync 1 DAGs
[2021-10-24 23:55:59,913] {logging_mixin.py:109} INFO - [2021-10-24 23:55:59,913] {dag.py:2914} INFO - Setting next_dagrun for example_bash_operator to 2021-10-23 00:00:00+00:00
[2021-10-24 23:55:59,921] {processor.py:171} INFO - Processing /home/airflow/.local/lib/python3.6/site-packages/airflow/example_dags/example_bash_operator.py took 0.071 seconds
[2021-10-24 23:56:30,296] {processor.py:163} INFO - Started process (PID=1197) to work on /home/airflow/.local/lib/python3.6/site-packages/airflow/example_dags/example_bash_operator.py
[2021-10-24 23:56:30,297] {processor.py:620} INFO - Processing file /home/airflow/.local/lib/python3.6/site-packages/airflow/example_dags/example_bash_operator.py for tasks to queue
[2021-10-24 23:56:30,298] {logging_mixin.py:109} INFO - [2021-10-24 23:56:30,298] {dagbag.py:500} INFO - Filling up the DagBag from /home/airflow/.local/lib/python3.6/site-packages/airflow/example_dags/example_bash_operator.py
[2021-10-24 23:56:30,365] {processor.py:632} INFO - DAG(s) dict_keys(['example_bash_operator']) retrieved from /home/airflow/.local/lib/python3.6/site-packages/airflow/example_dags/example_bash_operator.py
[2021-10-24 23:56:30,379] {logging_mixin.py:109} INFO - [2021-10-24 23:56:30,379] {dag.py:2389} INFO - Sync 1 DAGs
[2021-10-24 23:56:30,398] {logging_mixin.py:109} INFO - [2021-10-24 23:56:30,398] {dag.py:2914} INFO - Setting next_dagrun for example_bash_operator to 2021-10-23 00:00:00+00:00
[2021-10-24 23:56:30,406] {processor.py:171} INFO - Processing /home/airflow/.local/lib/python3.6/site-packages/airflow/example_dags/example_bash_operator.py took 0.114 seconds
[2021-10-24 23:57:00,617] {processor.py:163} INFO - Started process (PID=1261) to work on /home/airflow/.local/lib/python3.6/site-packages/airflow/example_dags/example_bash_operator.py
[2021-10-24 23:57:00,618] {processor.py:620} INFO - Processing file /home/airflow/.local/lib/python3.6/site-packages/airflow/example_dags/example_bash_operator.py for tasks to queue
[2021-10-24 23:57:00,619] {logging_mixin.py:109} INFO - [2021-10-24 23:57:00,619] {dagbag.py:500} INFO - Filling up the DagBag from /home/airflow/.local/lib/python3.6/site-packages/airflow/example_dags/example_bash_operator.py
[2021-10-24 23:57:00,650] {processor.py:632} INFO - DAG(s) dict_keys(['example_bash_operator']) retrieved from /home/airflow/.local/lib/python3.6/site-packages/airflow/example_dags/example_bash_operator.py
[2021-10-24 23:57:00,665] {logging_mixin.py:109} INFO - [2021-10-24 23:57:00,665] {dag.py:2389} INFO - Sync 1 DAGs
[2021-10-24 23:57:00,680] {logging_mixin.py:109} INFO - [2021-10-24 23:57:00,680] {dag.py:2914} INFO - Setting next_dagrun for example_bash_operator to 2021-10-23 00:00:00+00:00
[2021-10-24 23:57:00,688] {processor.py:171} INFO - Processing /home/airflow/.local/lib/python3.6/site-packages/airflow/example_dags/example_bash_operator.py took 0.074 seconds
[2021-10-24 23:57:30,899] {processor.py:163} INFO - Started process (PID=1336) to work on /home/airflow/.local/lib/python3.6/site-packages/airflow/example_dags/example_bash_operator.py
[2021-10-24 23:57:30,900] {processor.py:620} INFO - Processing file /home/airflow/.local/lib/python3.6/site-packages/airflow/example_dags/example_bash_operator.py for tasks to queue
[2021-10-24 23:57:30,901] {logging_mixin.py:109} INFO - [2021-10-24 23:57:30,901] {dagbag.py:500} INFO - Filling up the DagBag from /home/airflow/.local/lib/python3.6/site-packages/airflow/example_dags/example_bash_operator.py
[2021-10-24 23:57:30,931] {processor.py:632} INFO - DAG(s) dict_keys(['example_bash_operator']) retrieved from /home/airflow/.local/lib/python3.6/site-packages/airflow/example_dags/example_bash_operator.py
[2021-10-24 23:57:30,942] {logging_mixin.py:109} INFO - [2021-10-24 23:57:30,942] {dag.py:2389} INFO - Sync 1 DAGs
[2021-10-24 23:57:30,958] {logging_mixin.py:109} INFO - [2021-10-24 23:57:30,958] {dag.py:2914} INFO - Setting next_dagrun for example_bash_operator to 2021-10-23 00:00:00+00:00
[2021-10-24 23:57:30,965] {processor.py:171} INFO - Processing /home/airflow/.local/lib/python3.6/site-packages/airflow/example_dags/example_bash_operator.py took 0.069 seconds
[2021-10-24 23:58:01,919] {processor.py:163} INFO - Started process (PID=1402) to work on /home/airflow/.local/lib/python3.6/site-packages/airflow/example_dags/example_bash_operator.py
[2021-10-24 23:58:01,921] {processor.py:620} INFO - Processing file /home/airflow/.local/lib/python3.6/site-packages/airflow/example_dags/example_bash_operator.py for tasks to queue
[2021-10-24 23:58:01,922] {logging_mixin.py:109} INFO - [2021-10-24 23:58:01,921] {dagbag.py:500} INFO - Filling up the DagBag from /home/airflow/.local/lib/python3.6/site-packages/airflow/example_dags/example_bash_operator.py
[2021-10-24 23:58:01,980] {processor.py:632} INFO - DAG(s) dict_keys(['example_bash_operator']) retrieved from /home/airflow/.local/lib/python3.6/site-packages/airflow/example_dags/example_bash_operator.py
[2021-10-24 23:58:02,000] {logging_mixin.py:109} INFO - [2021-10-24 23:58:02,000] {dag.py:2389} INFO - Sync 1 DAGs
[2021-10-24 23:58:02,025] {logging_mixin.py:109} INFO - [2021-10-24 23:58:02,025] {dag.py:2914} INFO - Setting next_dagrun for example_bash_operator to 2021-10-23 00:00:00+00:00
[2021-10-24 23:58:02,041] {processor.py:171} INFO - Processing /home/airflow/.local/lib/python3.6/site-packages/airflow/example_dags/example_bash_operator.py took 0.127 seconds
[2021-10-24 23:58:32,951] {processor.py:163} INFO - Started process (PID=1469) to work on /home/airflow/.local/lib/python3.6/site-packages/airflow/example_dags/example_bash_operator.py
[2021-10-24 23:58:32,952] {processor.py:620} INFO - Processing file /home/airflow/.local/lib/python3.6/site-packages/airflow/example_dags/example_bash_operator.py for tasks to queue
[2021-10-24 23:58:32,952] {logging_mixin.py:109} INFO - [2021-10-24 23:58:32,952] {dagbag.py:500} INFO - Filling up the DagBag from /home/airflow/.local/lib/python3.6/site-packages/airflow/example_dags/example_bash_operator.py
[2021-10-24 23:58:32,985] {processor.py:632} INFO - DAG(s) dict_keys(['example_bash_operator']) retrieved from /home/airflow/.local/lib/python3.6/site-packages/airflow/example_dags/example_bash_operator.py
[2021-10-24 23:58:32,997] {logging_mixin.py:109} INFO - [2021-10-24 23:58:32,997] {dag.py:2389} INFO - Sync 1 DAGs
[2021-10-24 23:58:33,017] {logging_mixin.py:109} INFO - [2021-10-24 23:58:33,017] {dag.py:2914} INFO - Setting next_dagrun for example_bash_operator to 2021-10-23 00:00:00+00:00
[2021-10-24 23:58:33,027] {processor.py:171} INFO - Processing /home/airflow/.local/lib/python3.6/site-packages/airflow/example_dags/example_bash_operator.py took 0.080 seconds
[2021-10-24 23:59:03,564] {processor.py:163} INFO - Started process (PID=1545) to work on /home/airflow/.local/lib/python3.6/site-packages/airflow/example_dags/example_bash_operator.py
[2021-10-24 23:59:03,565] {processor.py:620} INFO - Processing file /home/airflow/.local/lib/python3.6/site-packages/airflow/example_dags/example_bash_operator.py for tasks to queue
[2021-10-24 23:59:03,566] {logging_mixin.py:109} INFO - [2021-10-24 23:59:03,566] {dagbag.py:500} INFO - Filling up the DagBag from /home/airflow/.local/lib/python3.6/site-packages/airflow/example_dags/example_bash_operator.py
[2021-10-24 23:59:03,601] {processor.py:632} INFO - DAG(s) dict_keys(['example_bash_operator']) retrieved from /home/airflow/.local/lib/python3.6/site-packages/airflow/example_dags/example_bash_operator.py
[2021-10-24 23:59:03,612] {logging_mixin.py:109} INFO - [2021-10-24 23:59:03,612] {dag.py:2389} INFO - Sync 1 DAGs
[2021-10-24 23:59:03,630] {logging_mixin.py:109} INFO - [2021-10-24 23:59:03,630] {dag.py:2914} INFO - Setting next_dagrun for example_bash_operator to 2021-10-23 00:00:00+00:00
[2021-10-24 23:59:03,639] {processor.py:171} INFO - Processing /home/airflow/.local/lib/python3.6/site-packages/airflow/example_dags/example_bash_operator.py took 0.078 seconds
[2021-10-24 23:59:33,864] {processor.py:163} INFO - Started process (PID=1611) to work on /home/airflow/.local/lib/python3.6/site-packages/airflow/example_dags/example_bash_operator.py
[2021-10-24 23:59:33,866] {processor.py:620} INFO - Processing file /home/airflow/.local/lib/python3.6/site-packages/airflow/example_dags/example_bash_operator.py for tasks to queue
[2021-10-24 23:59:33,867] {logging_mixin.py:109} INFO - [2021-10-24 23:59:33,866] {dagbag.py:500} INFO - Filling up the DagBag from /home/airflow/.local/lib/python3.6/site-packages/airflow/example_dags/example_bash_operator.py
[2021-10-24 23:59:33,906] {processor.py:632} INFO - DAG(s) dict_keys(['example_bash_operator']) retrieved from /home/airflow/.local/lib/python3.6/site-packages/airflow/example_dags/example_bash_operator.py
[2021-10-24 23:59:33,918] {logging_mixin.py:109} INFO - [2021-10-24 23:59:33,918] {dag.py:2389} INFO - Sync 1 DAGs
[2021-10-24 23:59:33,936] {logging_mixin.py:109} INFO - [2021-10-24 23:59:33,936] {dag.py:2914} INFO - Setting next_dagrun for example_bash_operator to 2021-10-23 00:00:00+00:00
[2021-10-24 23:59:33,945] {processor.py:171} INFO - Processing /home/airflow/.local/lib/python3.6/site-packages/airflow/example_dags/example_bash_operator.py took 0.084 seconds
