[2021-10-24 22:55:16,187] {processor.py:163} INFO - Started process (PID=67) to work on /home/airflow/.local/lib/python3.6/site-packages/airflow/example_dags/example_branch_python_dop_operator_3.py
[2021-10-24 22:55:16,188] {processor.py:620} INFO - Processing file /home/airflow/.local/lib/python3.6/site-packages/airflow/example_dags/example_branch_python_dop_operator_3.py for tasks to queue
[2021-10-24 22:55:16,189] {logging_mixin.py:109} INFO - [2021-10-24 22:55:16,189] {dagbag.py:500} INFO - Filling up the DagBag from /home/airflow/.local/lib/python3.6/site-packages/airflow/example_dags/example_branch_python_dop_operator_3.py
[2021-10-24 22:55:16,228] {processor.py:632} INFO - DAG(s) dict_keys(['example_branch_dop_operator_v3']) retrieved from /home/airflow/.local/lib/python3.6/site-packages/airflow/example_dags/example_branch_python_dop_operator_3.py
[2021-10-24 22:55:16,241] {logging_mixin.py:109} INFO - [2021-10-24 22:55:16,241] {dag.py:2389} INFO - Sync 1 DAGs
[2021-10-24 22:55:16,272] {logging_mixin.py:109} INFO - [2021-10-24 22:55:16,272] {dag.py:2914} INFO - Setting next_dagrun for example_branch_dop_operator_v3 to 2021-10-24T22:54:00+00:00
[2021-10-24 22:55:16,284] {processor.py:171} INFO - Processing /home/airflow/.local/lib/python3.6/site-packages/airflow/example_dags/example_branch_python_dop_operator_3.py took 0.100 seconds
[2021-10-24 22:55:46,789] {processor.py:163} INFO - Started process (PID=133) to work on /home/airflow/.local/lib/python3.6/site-packages/airflow/example_dags/example_branch_python_dop_operator_3.py
[2021-10-24 22:55:46,790] {processor.py:620} INFO - Processing file /home/airflow/.local/lib/python3.6/site-packages/airflow/example_dags/example_branch_python_dop_operator_3.py for tasks to queue
[2021-10-24 22:55:46,791] {logging_mixin.py:109} INFO - [2021-10-24 22:55:46,791] {dagbag.py:500} INFO - Filling up the DagBag from /home/airflow/.local/lib/python3.6/site-packages/airflow/example_dags/example_branch_python_dop_operator_3.py
[2021-10-24 22:55:46,818] {processor.py:632} INFO - DAG(s) dict_keys(['example_branch_dop_operator_v3']) retrieved from /home/airflow/.local/lib/python3.6/site-packages/airflow/example_dags/example_branch_python_dop_operator_3.py
[2021-10-24 22:55:46,827] {logging_mixin.py:109} INFO - [2021-10-24 22:55:46,827] {dag.py:2389} INFO - Sync 1 DAGs
[2021-10-24 22:55:46,850] {logging_mixin.py:109} INFO - [2021-10-24 22:55:46,850] {dag.py:2914} INFO - Setting next_dagrun for example_branch_dop_operator_v3 to 2021-10-24T22:54:00+00:00
[2021-10-24 22:55:46,858] {processor.py:171} INFO - Processing /home/airflow/.local/lib/python3.6/site-packages/airflow/example_dags/example_branch_python_dop_operator_3.py took 0.072 seconds
[2021-10-24 22:56:17,025] {processor.py:163} INFO - Started process (PID=197) to work on /home/airflow/.local/lib/python3.6/site-packages/airflow/example_dags/example_branch_python_dop_operator_3.py
[2021-10-24 22:56:17,026] {processor.py:620} INFO - Processing file /home/airflow/.local/lib/python3.6/site-packages/airflow/example_dags/example_branch_python_dop_operator_3.py for tasks to queue
[2021-10-24 22:56:17,027] {logging_mixin.py:109} INFO - [2021-10-24 22:56:17,027] {dagbag.py:500} INFO - Filling up the DagBag from /home/airflow/.local/lib/python3.6/site-packages/airflow/example_dags/example_branch_python_dop_operator_3.py
[2021-10-24 22:56:17,055] {processor.py:632} INFO - DAG(s) dict_keys(['example_branch_dop_operator_v3']) retrieved from /home/airflow/.local/lib/python3.6/site-packages/airflow/example_dags/example_branch_python_dop_operator_3.py
[2021-10-24 22:56:17,067] {logging_mixin.py:109} INFO - [2021-10-24 22:56:17,067] {dag.py:2389} INFO - Sync 1 DAGs
[2021-10-24 22:56:17,097] {logging_mixin.py:109} INFO - [2021-10-24 22:56:17,097] {dag.py:2914} INFO - Setting next_dagrun for example_branch_dop_operator_v3 to 2021-10-24T22:55:00+00:00
[2021-10-24 22:56:17,109] {processor.py:171} INFO - Processing /home/airflow/.local/lib/python3.6/site-packages/airflow/example_dags/example_branch_python_dop_operator_3.py took 0.087 seconds
[2021-10-24 22:57:28,143] {processor.py:163} INFO - Started process (PID=67) to work on /home/airflow/.local/lib/python3.6/site-packages/airflow/example_dags/example_branch_python_dop_operator_3.py
[2021-10-24 22:57:28,145] {processor.py:620} INFO - Processing file /home/airflow/.local/lib/python3.6/site-packages/airflow/example_dags/example_branch_python_dop_operator_3.py for tasks to queue
[2021-10-24 22:57:28,145] {logging_mixin.py:109} INFO - [2021-10-24 22:57:28,145] {dagbag.py:500} INFO - Filling up the DagBag from /home/airflow/.local/lib/python3.6/site-packages/airflow/example_dags/example_branch_python_dop_operator_3.py
[2021-10-24 22:57:28,178] {processor.py:632} INFO - DAG(s) dict_keys(['example_branch_dop_operator_v3']) retrieved from /home/airflow/.local/lib/python3.6/site-packages/airflow/example_dags/example_branch_python_dop_operator_3.py
[2021-10-24 22:57:28,191] {logging_mixin.py:109} INFO - [2021-10-24 22:57:28,191] {dag.py:2389} INFO - Sync 1 DAGs
[2021-10-24 22:57:28,219] {logging_mixin.py:109} INFO - [2021-10-24 22:57:28,219] {dag.py:2914} INFO - Setting next_dagrun for example_branch_dop_operator_v3 to 2021-10-24T22:56:00+00:00
[2021-10-24 22:57:28,231] {processor.py:171} INFO - Processing /home/airflow/.local/lib/python3.6/site-packages/airflow/example_dags/example_branch_python_dop_operator_3.py took 0.091 seconds
[2021-10-24 22:57:58,700] {processor.py:163} INFO - Started process (PID=131) to work on /home/airflow/.local/lib/python3.6/site-packages/airflow/example_dags/example_branch_python_dop_operator_3.py
[2021-10-24 22:57:58,701] {processor.py:620} INFO - Processing file /home/airflow/.local/lib/python3.6/site-packages/airflow/example_dags/example_branch_python_dop_operator_3.py for tasks to queue
[2021-10-24 22:57:58,702] {logging_mixin.py:109} INFO - [2021-10-24 22:57:58,702] {dagbag.py:500} INFO - Filling up the DagBag from /home/airflow/.local/lib/python3.6/site-packages/airflow/example_dags/example_branch_python_dop_operator_3.py
[2021-10-24 22:57:58,734] {processor.py:632} INFO - DAG(s) dict_keys(['example_branch_dop_operator_v3']) retrieved from /home/airflow/.local/lib/python3.6/site-packages/airflow/example_dags/example_branch_python_dop_operator_3.py
[2021-10-24 22:57:58,747] {logging_mixin.py:109} INFO - [2021-10-24 22:57:58,747] {dag.py:2389} INFO - Sync 1 DAGs
[2021-10-24 22:57:58,776] {logging_mixin.py:109} INFO - [2021-10-24 22:57:58,776] {dag.py:2914} INFO - Setting next_dagrun for example_branch_dop_operator_v3 to 2021-10-24T22:56:00+00:00
[2021-10-24 22:57:58,784] {processor.py:171} INFO - Processing /home/airflow/.local/lib/python3.6/site-packages/airflow/example_dags/example_branch_python_dop_operator_3.py took 0.088 seconds
[2021-10-24 22:58:29,397] {processor.py:163} INFO - Started process (PID=197) to work on /home/airflow/.local/lib/python3.6/site-packages/airflow/example_dags/example_branch_python_dop_operator_3.py
[2021-10-24 22:58:29,399] {processor.py:620} INFO - Processing file /home/airflow/.local/lib/python3.6/site-packages/airflow/example_dags/example_branch_python_dop_operator_3.py for tasks to queue
[2021-10-24 22:58:29,399] {logging_mixin.py:109} INFO - [2021-10-24 22:58:29,399] {dagbag.py:500} INFO - Filling up the DagBag from /home/airflow/.local/lib/python3.6/site-packages/airflow/example_dags/example_branch_python_dop_operator_3.py
[2021-10-24 22:58:29,429] {processor.py:632} INFO - DAG(s) dict_keys(['example_branch_dop_operator_v3']) retrieved from /home/airflow/.local/lib/python3.6/site-packages/airflow/example_dags/example_branch_python_dop_operator_3.py
[2021-10-24 22:58:29,439] {logging_mixin.py:109} INFO - [2021-10-24 22:58:29,439] {dag.py:2389} INFO - Sync 1 DAGs
[2021-10-24 22:58:29,464] {logging_mixin.py:109} INFO - [2021-10-24 22:58:29,464] {dag.py:2914} INFO - Setting next_dagrun for example_branch_dop_operator_v3 to 2021-10-24T22:57:00+00:00
[2021-10-24 22:58:29,473] {processor.py:171} INFO - Processing /home/airflow/.local/lib/python3.6/site-packages/airflow/example_dags/example_branch_python_dop_operator_3.py took 0.078 seconds
[2021-10-24 22:58:59,491] {processor.py:163} INFO - Started process (PID=261) to work on /home/airflow/.local/lib/python3.6/site-packages/airflow/example_dags/example_branch_python_dop_operator_3.py
[2021-10-24 22:58:59,492] {processor.py:620} INFO - Processing file /home/airflow/.local/lib/python3.6/site-packages/airflow/example_dags/example_branch_python_dop_operator_3.py for tasks to queue
[2021-10-24 22:58:59,493] {logging_mixin.py:109} INFO - [2021-10-24 22:58:59,492] {dagbag.py:500} INFO - Filling up the DagBag from /home/airflow/.local/lib/python3.6/site-packages/airflow/example_dags/example_branch_python_dop_operator_3.py
[2021-10-24 22:58:59,518] {processor.py:632} INFO - DAG(s) dict_keys(['example_branch_dop_operator_v3']) retrieved from /home/airflow/.local/lib/python3.6/site-packages/airflow/example_dags/example_branch_python_dop_operator_3.py
[2021-10-24 22:58:59,528] {logging_mixin.py:109} INFO - [2021-10-24 22:58:59,528] {dag.py:2389} INFO - Sync 1 DAGs
[2021-10-24 22:58:59,550] {logging_mixin.py:109} INFO - [2021-10-24 22:58:59,550] {dag.py:2914} INFO - Setting next_dagrun for example_branch_dop_operator_v3 to 2021-10-24T22:57:00+00:00
[2021-10-24 22:58:59,558] {processor.py:171} INFO - Processing /home/airflow/.local/lib/python3.6/site-packages/airflow/example_dags/example_branch_python_dop_operator_3.py took 0.071 seconds
[2021-10-24 22:59:30,406] {processor.py:163} INFO - Started process (PID=337) to work on /home/airflow/.local/lib/python3.6/site-packages/airflow/example_dags/example_branch_python_dop_operator_3.py
[2021-10-24 22:59:30,407] {processor.py:620} INFO - Processing file /home/airflow/.local/lib/python3.6/site-packages/airflow/example_dags/example_branch_python_dop_operator_3.py for tasks to queue
[2021-10-24 22:59:30,407] {logging_mixin.py:109} INFO - [2021-10-24 22:59:30,407] {dagbag.py:500} INFO - Filling up the DagBag from /home/airflow/.local/lib/python3.6/site-packages/airflow/example_dags/example_branch_python_dop_operator_3.py
[2021-10-24 22:59:30,433] {processor.py:632} INFO - DAG(s) dict_keys(['example_branch_dop_operator_v3']) retrieved from /home/airflow/.local/lib/python3.6/site-packages/airflow/example_dags/example_branch_python_dop_operator_3.py
[2021-10-24 22:59:30,443] {logging_mixin.py:109} INFO - [2021-10-24 22:59:30,443] {dag.py:2389} INFO - Sync 1 DAGs
[2021-10-24 22:59:30,465] {logging_mixin.py:109} INFO - [2021-10-24 22:59:30,465] {dag.py:2914} INFO - Setting next_dagrun for example_branch_dop_operator_v3 to 2021-10-24T22:58:00+00:00
[2021-10-24 22:59:30,473] {processor.py:171} INFO - Processing /home/airflow/.local/lib/python3.6/site-packages/airflow/example_dags/example_branch_python_dop_operator_3.py took 0.070 seconds
[2021-10-24 23:47:50,962] {processor.py:163} INFO - Started process (PID=67) to work on /home/airflow/.local/lib/python3.6/site-packages/airflow/example_dags/example_branch_python_dop_operator_3.py
[2021-10-24 23:47:50,965] {processor.py:620} INFO - Processing file /home/airflow/.local/lib/python3.6/site-packages/airflow/example_dags/example_branch_python_dop_operator_3.py for tasks to queue
[2021-10-24 23:47:50,966] {logging_mixin.py:109} INFO - [2021-10-24 23:47:50,966] {dagbag.py:500} INFO - Filling up the DagBag from /home/airflow/.local/lib/python3.6/site-packages/airflow/example_dags/example_branch_python_dop_operator_3.py
[2021-10-24 23:47:51,008] {processor.py:632} INFO - DAG(s) dict_keys(['example_branch_dop_operator_v3']) retrieved from /home/airflow/.local/lib/python3.6/site-packages/airflow/example_dags/example_branch_python_dop_operator_3.py
[2021-10-24 23:47:51,022] {logging_mixin.py:109} INFO - [2021-10-24 23:47:51,022] {dag.py:2389} INFO - Sync 1 DAGs
[2021-10-24 23:47:51,051] {logging_mixin.py:109} INFO - [2021-10-24 23:47:51,051] {dag.py:2914} INFO - Setting next_dagrun for example_branch_dop_operator_v3 to 2021-10-24T23:46:00+00:00
[2021-10-24 23:47:51,062] {processor.py:171} INFO - Processing /home/airflow/.local/lib/python3.6/site-packages/airflow/example_dags/example_branch_python_dop_operator_3.py took 0.104 seconds
[2021-10-24 23:48:21,327] {processor.py:163} INFO - Started process (PID=131) to work on /home/airflow/.local/lib/python3.6/site-packages/airflow/example_dags/example_branch_python_dop_operator_3.py
[2021-10-24 23:48:21,334] {processor.py:620} INFO - Processing file /home/airflow/.local/lib/python3.6/site-packages/airflow/example_dags/example_branch_python_dop_operator_3.py for tasks to queue
[2021-10-24 23:48:21,339] {logging_mixin.py:109} INFO - [2021-10-24 23:48:21,338] {dagbag.py:500} INFO - Filling up the DagBag from /home/airflow/.local/lib/python3.6/site-packages/airflow/example_dags/example_branch_python_dop_operator_3.py
[2021-10-24 23:48:21,423] {processor.py:632} INFO - DAG(s) dict_keys(['example_branch_dop_operator_v3']) retrieved from /home/airflow/.local/lib/python3.6/site-packages/airflow/example_dags/example_branch_python_dop_operator_3.py
[2021-10-24 23:48:21,443] {logging_mixin.py:109} INFO - [2021-10-24 23:48:21,443] {dag.py:2389} INFO - Sync 1 DAGs
[2021-10-24 23:48:21,512] {logging_mixin.py:109} INFO - [2021-10-24 23:48:21,512] {dag.py:2914} INFO - Setting next_dagrun for example_branch_dop_operator_v3 to 2021-10-24T23:47:00+00:00
[2021-10-24 23:48:21,532] {processor.py:171} INFO - Processing /home/airflow/.local/lib/python3.6/site-packages/airflow/example_dags/example_branch_python_dop_operator_3.py took 0.211 seconds
[2021-10-24 23:48:51,573] {processor.py:163} INFO - Started process (PID=189) to work on /home/airflow/.local/lib/python3.6/site-packages/airflow/example_dags/example_branch_python_dop_operator_3.py
[2021-10-24 23:48:51,576] {processor.py:620} INFO - Processing file /home/airflow/.local/lib/python3.6/site-packages/airflow/example_dags/example_branch_python_dop_operator_3.py for tasks to queue
[2021-10-24 23:48:51,577] {logging_mixin.py:109} INFO - [2021-10-24 23:48:51,577] {dagbag.py:500} INFO - Filling up the DagBag from /home/airflow/.local/lib/python3.6/site-packages/airflow/example_dags/example_branch_python_dop_operator_3.py
[2021-10-24 23:48:51,619] {processor.py:632} INFO - DAG(s) dict_keys(['example_branch_dop_operator_v3']) retrieved from /home/airflow/.local/lib/python3.6/site-packages/airflow/example_dags/example_branch_python_dop_operator_3.py
[2021-10-24 23:48:51,638] {logging_mixin.py:109} INFO - [2021-10-24 23:48:51,638] {dag.py:2389} INFO - Sync 1 DAGs
[2021-10-24 23:48:51,681] {logging_mixin.py:109} INFO - [2021-10-24 23:48:51,681] {dag.py:2914} INFO - Setting next_dagrun for example_branch_dop_operator_v3 to 2021-10-24T23:47:00+00:00
[2021-10-24 23:48:51,692] {processor.py:171} INFO - Processing /home/airflow/.local/lib/python3.6/site-packages/airflow/example_dags/example_branch_python_dop_operator_3.py took 0.124 seconds
[2021-10-24 23:49:21,829] {processor.py:163} INFO - Started process (PID=253) to work on /home/airflow/.local/lib/python3.6/site-packages/airflow/example_dags/example_branch_python_dop_operator_3.py
[2021-10-24 23:49:21,831] {processor.py:620} INFO - Processing file /home/airflow/.local/lib/python3.6/site-packages/airflow/example_dags/example_branch_python_dop_operator_3.py for tasks to queue
[2021-10-24 23:49:21,832] {logging_mixin.py:109} INFO - [2021-10-24 23:49:21,832] {dagbag.py:500} INFO - Filling up the DagBag from /home/airflow/.local/lib/python3.6/site-packages/airflow/example_dags/example_branch_python_dop_operator_3.py
[2021-10-24 23:49:21,882] {processor.py:632} INFO - DAG(s) dict_keys(['example_branch_dop_operator_v3']) retrieved from /home/airflow/.local/lib/python3.6/site-packages/airflow/example_dags/example_branch_python_dop_operator_3.py
[2021-10-24 23:49:21,903] {logging_mixin.py:109} INFO - [2021-10-24 23:49:21,903] {dag.py:2389} INFO - Sync 1 DAGs
[2021-10-24 23:49:21,946] {logging_mixin.py:109} INFO - [2021-10-24 23:49:21,945] {dag.py:2914} INFO - Setting next_dagrun for example_branch_dop_operator_v3 to 2021-10-24T23:48:00+00:00
[2021-10-24 23:49:21,961] {processor.py:171} INFO - Processing /home/airflow/.local/lib/python3.6/site-packages/airflow/example_dags/example_branch_python_dop_operator_3.py took 0.136 seconds
[2021-10-24 23:49:52,480] {processor.py:163} INFO - Started process (PID=326) to work on /home/airflow/.local/lib/python3.6/site-packages/airflow/example_dags/example_branch_python_dop_operator_3.py
[2021-10-24 23:49:52,482] {processor.py:620} INFO - Processing file /home/airflow/.local/lib/python3.6/site-packages/airflow/example_dags/example_branch_python_dop_operator_3.py for tasks to queue
[2021-10-24 23:49:52,483] {logging_mixin.py:109} INFO - [2021-10-24 23:49:52,483] {dagbag.py:500} INFO - Filling up the DagBag from /home/airflow/.local/lib/python3.6/site-packages/airflow/example_dags/example_branch_python_dop_operator_3.py
[2021-10-24 23:49:52,554] {processor.py:632} INFO - DAG(s) dict_keys(['example_branch_dop_operator_v3']) retrieved from /home/airflow/.local/lib/python3.6/site-packages/airflow/example_dags/example_branch_python_dop_operator_3.py
[2021-10-24 23:49:52,583] {logging_mixin.py:109} INFO - [2021-10-24 23:49:52,583] {dag.py:2389} INFO - Sync 1 DAGs
[2021-10-24 23:49:52,646] {logging_mixin.py:109} INFO - [2021-10-24 23:49:52,646] {dag.py:2914} INFO - Setting next_dagrun for example_branch_dop_operator_v3 to 2021-10-24T23:48:00+00:00
[2021-10-24 23:49:52,660] {processor.py:171} INFO - Processing /home/airflow/.local/lib/python3.6/site-packages/airflow/example_dags/example_branch_python_dop_operator_3.py took 0.191 seconds
[2021-10-24 23:50:22,731] {processor.py:163} INFO - Started process (PID=393) to work on /home/airflow/.local/lib/python3.6/site-packages/airflow/example_dags/example_branch_python_dop_operator_3.py
[2021-10-24 23:50:22,732] {processor.py:620} INFO - Processing file /home/airflow/.local/lib/python3.6/site-packages/airflow/example_dags/example_branch_python_dop_operator_3.py for tasks to queue
[2021-10-24 23:50:22,733] {logging_mixin.py:109} INFO - [2021-10-24 23:50:22,733] {dagbag.py:500} INFO - Filling up the DagBag from /home/airflow/.local/lib/python3.6/site-packages/airflow/example_dags/example_branch_python_dop_operator_3.py
[2021-10-24 23:50:22,787] {processor.py:632} INFO - DAG(s) dict_keys(['example_branch_dop_operator_v3']) retrieved from /home/airflow/.local/lib/python3.6/site-packages/airflow/example_dags/example_branch_python_dop_operator_3.py
[2021-10-24 23:50:22,805] {logging_mixin.py:109} INFO - [2021-10-24 23:50:22,805] {dag.py:2389} INFO - Sync 1 DAGs
[2021-10-24 23:50:22,850] {logging_mixin.py:109} INFO - [2021-10-24 23:50:22,850] {dag.py:2914} INFO - Setting next_dagrun for example_branch_dop_operator_v3 to 2021-10-24T23:49:00+00:00
[2021-10-24 23:50:22,864] {processor.py:171} INFO - Processing /home/airflow/.local/lib/python3.6/site-packages/airflow/example_dags/example_branch_python_dop_operator_3.py took 0.137 seconds
[2021-10-24 23:50:53,251] {processor.py:163} INFO - Started process (PID=458) to work on /home/airflow/.local/lib/python3.6/site-packages/airflow/example_dags/example_branch_python_dop_operator_3.py
[2021-10-24 23:50:53,254] {processor.py:620} INFO - Processing file /home/airflow/.local/lib/python3.6/site-packages/airflow/example_dags/example_branch_python_dop_operator_3.py for tasks to queue
[2021-10-24 23:50:53,255] {logging_mixin.py:109} INFO - [2021-10-24 23:50:53,255] {dagbag.py:500} INFO - Filling up the DagBag from /home/airflow/.local/lib/python3.6/site-packages/airflow/example_dags/example_branch_python_dop_operator_3.py
[2021-10-24 23:50:53,336] {processor.py:632} INFO - DAG(s) dict_keys(['example_branch_dop_operator_v3']) retrieved from /home/airflow/.local/lib/python3.6/site-packages/airflow/example_dags/example_branch_python_dop_operator_3.py
[2021-10-24 23:50:53,368] {logging_mixin.py:109} INFO - [2021-10-24 23:50:53,368] {dag.py:2389} INFO - Sync 1 DAGs
[2021-10-24 23:50:53,422] {logging_mixin.py:109} INFO - [2021-10-24 23:50:53,422] {dag.py:2914} INFO - Setting next_dagrun for example_branch_dop_operator_v3 to 2021-10-24T23:49:00+00:00
[2021-10-24 23:50:53,452] {processor.py:171} INFO - Processing /home/airflow/.local/lib/python3.6/site-packages/airflow/example_dags/example_branch_python_dop_operator_3.py took 0.208 seconds
[2021-10-24 23:51:24,074] {processor.py:163} INFO - Started process (PID=528) to work on /home/airflow/.local/lib/python3.6/site-packages/airflow/example_dags/example_branch_python_dop_operator_3.py
[2021-10-24 23:51:24,076] {processor.py:620} INFO - Processing file /home/airflow/.local/lib/python3.6/site-packages/airflow/example_dags/example_branch_python_dop_operator_3.py for tasks to queue
[2021-10-24 23:51:24,077] {logging_mixin.py:109} INFO - [2021-10-24 23:51:24,077] {dagbag.py:500} INFO - Filling up the DagBag from /home/airflow/.local/lib/python3.6/site-packages/airflow/example_dags/example_branch_python_dop_operator_3.py
[2021-10-24 23:51:24,118] {processor.py:632} INFO - DAG(s) dict_keys(['example_branch_dop_operator_v3']) retrieved from /home/airflow/.local/lib/python3.6/site-packages/airflow/example_dags/example_branch_python_dop_operator_3.py
[2021-10-24 23:51:24,139] {logging_mixin.py:109} INFO - [2021-10-24 23:51:24,138] {dag.py:2389} INFO - Sync 1 DAGs
[2021-10-24 23:51:24,181] {logging_mixin.py:109} INFO - [2021-10-24 23:51:24,181] {dag.py:2914} INFO - Setting next_dagrun for example_branch_dop_operator_v3 to 2021-10-24T23:50:00+00:00
[2021-10-24 23:51:24,198] {processor.py:171} INFO - Processing /home/airflow/.local/lib/python3.6/site-packages/airflow/example_dags/example_branch_python_dop_operator_3.py took 0.127 seconds
[2021-10-24 23:51:55,233] {processor.py:163} INFO - Started process (PID=592) to work on /home/airflow/.local/lib/python3.6/site-packages/airflow/example_dags/example_branch_python_dop_operator_3.py
[2021-10-24 23:51:55,235] {processor.py:620} INFO - Processing file /home/airflow/.local/lib/python3.6/site-packages/airflow/example_dags/example_branch_python_dop_operator_3.py for tasks to queue
[2021-10-24 23:51:55,236] {logging_mixin.py:109} INFO - [2021-10-24 23:51:55,236] {dagbag.py:500} INFO - Filling up the DagBag from /home/airflow/.local/lib/python3.6/site-packages/airflow/example_dags/example_branch_python_dop_operator_3.py
[2021-10-24 23:51:55,323] {processor.py:632} INFO - DAG(s) dict_keys(['example_branch_dop_operator_v3']) retrieved from /home/airflow/.local/lib/python3.6/site-packages/airflow/example_dags/example_branch_python_dop_operator_3.py
[2021-10-24 23:51:55,353] {logging_mixin.py:109} INFO - [2021-10-24 23:51:55,352] {dag.py:2389} INFO - Sync 1 DAGs
[2021-10-24 23:51:55,408] {logging_mixin.py:109} INFO - [2021-10-24 23:51:55,408] {dag.py:2914} INFO - Setting next_dagrun for example_branch_dop_operator_v3 to 2021-10-24T23:50:00+00:00
[2021-10-24 23:51:55,424] {processor.py:171} INFO - Processing /home/airflow/.local/lib/python3.6/site-packages/airflow/example_dags/example_branch_python_dop_operator_3.py took 0.195 seconds
[2021-10-24 23:52:25,904] {processor.py:163} INFO - Started process (PID=656) to work on /home/airflow/.local/lib/python3.6/site-packages/airflow/example_dags/example_branch_python_dop_operator_3.py
[2021-10-24 23:52:25,906] {processor.py:620} INFO - Processing file /home/airflow/.local/lib/python3.6/site-packages/airflow/example_dags/example_branch_python_dop_operator_3.py for tasks to queue
[2021-10-24 23:52:25,909] {logging_mixin.py:109} INFO - [2021-10-24 23:52:25,908] {dagbag.py:500} INFO - Filling up the DagBag from /home/airflow/.local/lib/python3.6/site-packages/airflow/example_dags/example_branch_python_dop_operator_3.py
[2021-10-24 23:52:25,956] {processor.py:632} INFO - DAG(s) dict_keys(['example_branch_dop_operator_v3']) retrieved from /home/airflow/.local/lib/python3.6/site-packages/airflow/example_dags/example_branch_python_dop_operator_3.py
[2021-10-24 23:52:25,969] {logging_mixin.py:109} INFO - [2021-10-24 23:52:25,969] {dag.py:2389} INFO - Sync 1 DAGs
[2021-10-24 23:52:26,014] {logging_mixin.py:109} INFO - [2021-10-24 23:52:26,014] {dag.py:2914} INFO - Setting next_dagrun for example_branch_dop_operator_v3 to 2021-10-24T23:51:00+00:00
[2021-10-24 23:52:26,026] {processor.py:171} INFO - Processing /home/airflow/.local/lib/python3.6/site-packages/airflow/example_dags/example_branch_python_dop_operator_3.py took 0.126 seconds
[2021-10-24 23:52:56,434] {processor.py:163} INFO - Started process (PID=721) to work on /home/airflow/.local/lib/python3.6/site-packages/airflow/example_dags/example_branch_python_dop_operator_3.py
[2021-10-24 23:52:56,436] {processor.py:620} INFO - Processing file /home/airflow/.local/lib/python3.6/site-packages/airflow/example_dags/example_branch_python_dop_operator_3.py for tasks to queue
[2021-10-24 23:52:56,436] {logging_mixin.py:109} INFO - [2021-10-24 23:52:56,436] {dagbag.py:500} INFO - Filling up the DagBag from /home/airflow/.local/lib/python3.6/site-packages/airflow/example_dags/example_branch_python_dop_operator_3.py
[2021-10-24 23:52:56,478] {processor.py:632} INFO - DAG(s) dict_keys(['example_branch_dop_operator_v3']) retrieved from /home/airflow/.local/lib/python3.6/site-packages/airflow/example_dags/example_branch_python_dop_operator_3.py
[2021-10-24 23:52:56,502] {logging_mixin.py:109} INFO - [2021-10-24 23:52:56,502] {dag.py:2389} INFO - Sync 1 DAGs
[2021-10-24 23:52:56,546] {logging_mixin.py:109} INFO - [2021-10-24 23:52:56,546] {dag.py:2914} INFO - Setting next_dagrun for example_branch_dop_operator_v3 to 2021-10-24T23:51:00+00:00
[2021-10-24 23:52:56,563] {processor.py:171} INFO - Processing /home/airflow/.local/lib/python3.6/site-packages/airflow/example_dags/example_branch_python_dop_operator_3.py took 0.135 seconds
[2021-10-24 23:53:27,470] {processor.py:163} INFO - Started process (PID=786) to work on /home/airflow/.local/lib/python3.6/site-packages/airflow/example_dags/example_branch_python_dop_operator_3.py
[2021-10-24 23:53:27,474] {processor.py:620} INFO - Processing file /home/airflow/.local/lib/python3.6/site-packages/airflow/example_dags/example_branch_python_dop_operator_3.py for tasks to queue
[2021-10-24 23:53:27,475] {logging_mixin.py:109} INFO - [2021-10-24 23:53:27,475] {dagbag.py:500} INFO - Filling up the DagBag from /home/airflow/.local/lib/python3.6/site-packages/airflow/example_dags/example_branch_python_dop_operator_3.py
[2021-10-24 23:53:27,535] {processor.py:632} INFO - DAG(s) dict_keys(['example_branch_dop_operator_v3']) retrieved from /home/airflow/.local/lib/python3.6/site-packages/airflow/example_dags/example_branch_python_dop_operator_3.py
[2021-10-24 23:53:27,559] {logging_mixin.py:109} INFO - [2021-10-24 23:53:27,559] {dag.py:2389} INFO - Sync 1 DAGs
[2021-10-24 23:53:27,611] {logging_mixin.py:109} INFO - [2021-10-24 23:53:27,611] {dag.py:2914} INFO - Setting next_dagrun for example_branch_dop_operator_v3 to 2021-10-24T23:52:00+00:00
[2021-10-24 23:53:27,629] {processor.py:171} INFO - Processing /home/airflow/.local/lib/python3.6/site-packages/airflow/example_dags/example_branch_python_dop_operator_3.py took 0.165 seconds
[2021-10-24 23:53:58,252] {processor.py:163} INFO - Started process (PID=850) to work on /home/airflow/.local/lib/python3.6/site-packages/airflow/example_dags/example_branch_python_dop_operator_3.py
[2021-10-24 23:53:58,254] {processor.py:620} INFO - Processing file /home/airflow/.local/lib/python3.6/site-packages/airflow/example_dags/example_branch_python_dop_operator_3.py for tasks to queue
[2021-10-24 23:53:58,255] {logging_mixin.py:109} INFO - [2021-10-24 23:53:58,254] {dagbag.py:500} INFO - Filling up the DagBag from /home/airflow/.local/lib/python3.6/site-packages/airflow/example_dags/example_branch_python_dop_operator_3.py
[2021-10-24 23:53:58,292] {processor.py:632} INFO - DAG(s) dict_keys(['example_branch_dop_operator_v3']) retrieved from /home/airflow/.local/lib/python3.6/site-packages/airflow/example_dags/example_branch_python_dop_operator_3.py
[2021-10-24 23:53:58,306] {logging_mixin.py:109} INFO - [2021-10-24 23:53:58,306] {dag.py:2389} INFO - Sync 1 DAGs
[2021-10-24 23:53:58,339] {logging_mixin.py:109} INFO - [2021-10-24 23:53:58,339] {dag.py:2914} INFO - Setting next_dagrun for example_branch_dop_operator_v3 to 2021-10-24T23:52:00+00:00
[2021-10-24 23:53:58,351] {processor.py:171} INFO - Processing /home/airflow/.local/lib/python3.6/site-packages/airflow/example_dags/example_branch_python_dop_operator_3.py took 0.103 seconds
[2021-10-24 23:54:28,498] {processor.py:163} INFO - Started process (PID=920) to work on /home/airflow/.local/lib/python3.6/site-packages/airflow/example_dags/example_branch_python_dop_operator_3.py
[2021-10-24 23:54:28,499] {processor.py:620} INFO - Processing file /home/airflow/.local/lib/python3.6/site-packages/airflow/example_dags/example_branch_python_dop_operator_3.py for tasks to queue
[2021-10-24 23:54:28,500] {logging_mixin.py:109} INFO - [2021-10-24 23:54:28,500] {dagbag.py:500} INFO - Filling up the DagBag from /home/airflow/.local/lib/python3.6/site-packages/airflow/example_dags/example_branch_python_dop_operator_3.py
[2021-10-24 23:54:28,529] {processor.py:632} INFO - DAG(s) dict_keys(['example_branch_dop_operator_v3']) retrieved from /home/airflow/.local/lib/python3.6/site-packages/airflow/example_dags/example_branch_python_dop_operator_3.py
[2021-10-24 23:54:28,543] {logging_mixin.py:109} INFO - [2021-10-24 23:54:28,542] {dag.py:2389} INFO - Sync 1 DAGs
[2021-10-24 23:54:28,572] {logging_mixin.py:109} INFO - [2021-10-24 23:54:28,572] {dag.py:2914} INFO - Setting next_dagrun for example_branch_dop_operator_v3 to 2021-10-24T23:53:00+00:00
[2021-10-24 23:54:28,582] {processor.py:171} INFO - Processing /home/airflow/.local/lib/python3.6/site-packages/airflow/example_dags/example_branch_python_dop_operator_3.py took 0.087 seconds
[2021-10-24 23:54:58,781] {processor.py:163} INFO - Started process (PID=995) to work on /home/airflow/.local/lib/python3.6/site-packages/airflow/example_dags/example_branch_python_dop_operator_3.py
[2021-10-24 23:54:58,783] {processor.py:620} INFO - Processing file /home/airflow/.local/lib/python3.6/site-packages/airflow/example_dags/example_branch_python_dop_operator_3.py for tasks to queue
[2021-10-24 23:54:58,783] {logging_mixin.py:109} INFO - [2021-10-24 23:54:58,783] {dagbag.py:500} INFO - Filling up the DagBag from /home/airflow/.local/lib/python3.6/site-packages/airflow/example_dags/example_branch_python_dop_operator_3.py
[2021-10-24 23:54:58,811] {processor.py:632} INFO - DAG(s) dict_keys(['example_branch_dop_operator_v3']) retrieved from /home/airflow/.local/lib/python3.6/site-packages/airflow/example_dags/example_branch_python_dop_operator_3.py
[2021-10-24 23:54:58,821] {logging_mixin.py:109} INFO - [2021-10-24 23:54:58,821] {dag.py:2389} INFO - Sync 1 DAGs
[2021-10-24 23:54:58,844] {logging_mixin.py:109} INFO - [2021-10-24 23:54:58,844] {dag.py:2914} INFO - Setting next_dagrun for example_branch_dop_operator_v3 to 2021-10-24T23:53:00+00:00
[2021-10-24 23:54:58,852] {processor.py:171} INFO - Processing /home/airflow/.local/lib/python3.6/site-packages/airflow/example_dags/example_branch_python_dop_operator_3.py took 0.073 seconds
[2021-10-24 23:55:28,908] {processor.py:163} INFO - Started process (PID=1059) to work on /home/airflow/.local/lib/python3.6/site-packages/airflow/example_dags/example_branch_python_dop_operator_3.py
[2021-10-24 23:55:28,910] {processor.py:620} INFO - Processing file /home/airflow/.local/lib/python3.6/site-packages/airflow/example_dags/example_branch_python_dop_operator_3.py for tasks to queue
[2021-10-24 23:55:28,911] {logging_mixin.py:109} INFO - [2021-10-24 23:55:28,911] {dagbag.py:500} INFO - Filling up the DagBag from /home/airflow/.local/lib/python3.6/site-packages/airflow/example_dags/example_branch_python_dop_operator_3.py
[2021-10-24 23:55:28,955] {processor.py:632} INFO - DAG(s) dict_keys(['example_branch_dop_operator_v3']) retrieved from /home/airflow/.local/lib/python3.6/site-packages/airflow/example_dags/example_branch_python_dop_operator_3.py
[2021-10-24 23:55:28,970] {logging_mixin.py:109} INFO - [2021-10-24 23:55:28,970] {dag.py:2389} INFO - Sync 1 DAGs
[2021-10-24 23:55:29,009] {logging_mixin.py:109} INFO - [2021-10-24 23:55:29,008] {dag.py:2914} INFO - Setting next_dagrun for example_branch_dop_operator_v3 to 2021-10-24T23:54:00+00:00
[2021-10-24 23:55:29,023] {processor.py:171} INFO - Processing /home/airflow/.local/lib/python3.6/site-packages/airflow/example_dags/example_branch_python_dop_operator_3.py took 0.119 seconds
[2021-10-24 23:55:59,880] {processor.py:163} INFO - Started process (PID=1133) to work on /home/airflow/.local/lib/python3.6/site-packages/airflow/example_dags/example_branch_python_dop_operator_3.py
[2021-10-24 23:55:59,881] {processor.py:620} INFO - Processing file /home/airflow/.local/lib/python3.6/site-packages/airflow/example_dags/example_branch_python_dop_operator_3.py for tasks to queue
[2021-10-24 23:55:59,882] {logging_mixin.py:109} INFO - [2021-10-24 23:55:59,882] {dagbag.py:500} INFO - Filling up the DagBag from /home/airflow/.local/lib/python3.6/site-packages/airflow/example_dags/example_branch_python_dop_operator_3.py
[2021-10-24 23:55:59,908] {processor.py:632} INFO - DAG(s) dict_keys(['example_branch_dop_operator_v3']) retrieved from /home/airflow/.local/lib/python3.6/site-packages/airflow/example_dags/example_branch_python_dop_operator_3.py
[2021-10-24 23:55:59,918] {logging_mixin.py:109} INFO - [2021-10-24 23:55:59,918] {dag.py:2389} INFO - Sync 1 DAGs
[2021-10-24 23:55:59,942] {logging_mixin.py:109} INFO - [2021-10-24 23:55:59,942] {dag.py:2914} INFO - Setting next_dagrun for example_branch_dop_operator_v3 to 2021-10-24T23:54:00+00:00
[2021-10-24 23:55:59,950] {processor.py:171} INFO - Processing /home/airflow/.local/lib/python3.6/site-packages/airflow/example_dags/example_branch_python_dop_operator_3.py took 0.072 seconds
[2021-10-24 23:56:30,369] {processor.py:163} INFO - Started process (PID=1198) to work on /home/airflow/.local/lib/python3.6/site-packages/airflow/example_dags/example_branch_python_dop_operator_3.py
[2021-10-24 23:56:30,370] {processor.py:620} INFO - Processing file /home/airflow/.local/lib/python3.6/site-packages/airflow/example_dags/example_branch_python_dop_operator_3.py for tasks to queue
[2021-10-24 23:56:30,371] {logging_mixin.py:109} INFO - [2021-10-24 23:56:30,371] {dagbag.py:500} INFO - Filling up the DagBag from /home/airflow/.local/lib/python3.6/site-packages/airflow/example_dags/example_branch_python_dop_operator_3.py
[2021-10-24 23:56:30,400] {processor.py:632} INFO - DAG(s) dict_keys(['example_branch_dop_operator_v3']) retrieved from /home/airflow/.local/lib/python3.6/site-packages/airflow/example_dags/example_branch_python_dop_operator_3.py
[2021-10-24 23:56:30,410] {logging_mixin.py:109} INFO - [2021-10-24 23:56:30,409] {dag.py:2389} INFO - Sync 1 DAGs
[2021-10-24 23:56:30,431] {logging_mixin.py:109} INFO - [2021-10-24 23:56:30,431] {dag.py:2914} INFO - Setting next_dagrun for example_branch_dop_operator_v3 to 2021-10-24T23:55:00+00:00
[2021-10-24 23:56:30,440] {processor.py:171} INFO - Processing /home/airflow/.local/lib/python3.6/site-packages/airflow/example_dags/example_branch_python_dop_operator_3.py took 0.074 seconds
[2021-10-24 23:57:00,639] {processor.py:163} INFO - Started process (PID=1262) to work on /home/airflow/.local/lib/python3.6/site-packages/airflow/example_dags/example_branch_python_dop_operator_3.py
[2021-10-24 23:57:00,640] {processor.py:620} INFO - Processing file /home/airflow/.local/lib/python3.6/site-packages/airflow/example_dags/example_branch_python_dop_operator_3.py for tasks to queue
[2021-10-24 23:57:00,641] {logging_mixin.py:109} INFO - [2021-10-24 23:57:00,641] {dagbag.py:500} INFO - Filling up the DagBag from /home/airflow/.local/lib/python3.6/site-packages/airflow/example_dags/example_branch_python_dop_operator_3.py
[2021-10-24 23:57:00,701] {processor.py:632} INFO - DAG(s) dict_keys(['example_branch_dop_operator_v3']) retrieved from /home/airflow/.local/lib/python3.6/site-packages/airflow/example_dags/example_branch_python_dop_operator_3.py
[2021-10-24 23:57:00,714] {logging_mixin.py:109} INFO - [2021-10-24 23:57:00,714] {dag.py:2389} INFO - Sync 1 DAGs
[2021-10-24 23:57:00,738] {logging_mixin.py:109} INFO - [2021-10-24 23:57:00,737] {dag.py:2914} INFO - Setting next_dagrun for example_branch_dop_operator_v3 to 2021-10-24T23:56:00+00:00
[2021-10-24 23:57:00,746] {processor.py:171} INFO - Processing /home/airflow/.local/lib/python3.6/site-packages/airflow/example_dags/example_branch_python_dop_operator_3.py took 0.109 seconds
[2021-10-24 23:57:30,917] {processor.py:163} INFO - Started process (PID=1337) to work on /home/airflow/.local/lib/python3.6/site-packages/airflow/example_dags/example_branch_python_dop_operator_3.py
[2021-10-24 23:57:30,918] {processor.py:620} INFO - Processing file /home/airflow/.local/lib/python3.6/site-packages/airflow/example_dags/example_branch_python_dop_operator_3.py for tasks to queue
[2021-10-24 23:57:30,918] {logging_mixin.py:109} INFO - [2021-10-24 23:57:30,918] {dagbag.py:500} INFO - Filling up the DagBag from /home/airflow/.local/lib/python3.6/site-packages/airflow/example_dags/example_branch_python_dop_operator_3.py
[2021-10-24 23:57:30,943] {processor.py:632} INFO - DAG(s) dict_keys(['example_branch_dop_operator_v3']) retrieved from /home/airflow/.local/lib/python3.6/site-packages/airflow/example_dags/example_branch_python_dop_operator_3.py
[2021-10-24 23:57:30,953] {logging_mixin.py:109} INFO - [2021-10-24 23:57:30,952] {dag.py:2389} INFO - Sync 1 DAGs
[2021-10-24 23:57:30,977] {logging_mixin.py:109} INFO - [2021-10-24 23:57:30,977] {dag.py:2914} INFO - Setting next_dagrun for example_branch_dop_operator_v3 to 2021-10-24T23:56:00+00:00
[2021-10-24 23:57:30,986] {processor.py:171} INFO - Processing /home/airflow/.local/lib/python3.6/site-packages/airflow/example_dags/example_branch_python_dop_operator_3.py took 0.071 seconds
[2021-10-24 23:58:01,926] {processor.py:163} INFO - Started process (PID=1403) to work on /home/airflow/.local/lib/python3.6/site-packages/airflow/example_dags/example_branch_python_dop_operator_3.py
[2021-10-24 23:58:01,931] {processor.py:620} INFO - Processing file /home/airflow/.local/lib/python3.6/site-packages/airflow/example_dags/example_branch_python_dop_operator_3.py for tasks to queue
[2021-10-24 23:58:01,932] {logging_mixin.py:109} INFO - [2021-10-24 23:58:01,932] {dagbag.py:500} INFO - Filling up the DagBag from /home/airflow/.local/lib/python3.6/site-packages/airflow/example_dags/example_branch_python_dop_operator_3.py
[2021-10-24 23:58:01,985] {processor.py:632} INFO - DAG(s) dict_keys(['example_branch_dop_operator_v3']) retrieved from /home/airflow/.local/lib/python3.6/site-packages/airflow/example_dags/example_branch_python_dop_operator_3.py
[2021-10-24 23:58:02,005] {logging_mixin.py:109} INFO - [2021-10-24 23:58:02,005] {dag.py:2389} INFO - Sync 1 DAGs
[2021-10-24 23:58:02,050] {logging_mixin.py:109} INFO - [2021-10-24 23:58:02,050] {dag.py:2914} INFO - Setting next_dagrun for example_branch_dop_operator_v3 to 2021-10-24T23:57:00+00:00
[2021-10-24 23:58:02,066] {processor.py:171} INFO - Processing /home/airflow/.local/lib/python3.6/site-packages/airflow/example_dags/example_branch_python_dop_operator_3.py took 0.146 seconds
[2021-10-24 23:58:32,955] {processor.py:163} INFO - Started process (PID=1470) to work on /home/airflow/.local/lib/python3.6/site-packages/airflow/example_dags/example_branch_python_dop_operator_3.py
[2021-10-24 23:58:32,956] {processor.py:620} INFO - Processing file /home/airflow/.local/lib/python3.6/site-packages/airflow/example_dags/example_branch_python_dop_operator_3.py for tasks to queue
[2021-10-24 23:58:32,957] {logging_mixin.py:109} INFO - [2021-10-24 23:58:32,957] {dagbag.py:500} INFO - Filling up the DagBag from /home/airflow/.local/lib/python3.6/site-packages/airflow/example_dags/example_branch_python_dop_operator_3.py
[2021-10-24 23:58:32,985] {processor.py:632} INFO - DAG(s) dict_keys(['example_branch_dop_operator_v3']) retrieved from /home/airflow/.local/lib/python3.6/site-packages/airflow/example_dags/example_branch_python_dop_operator_3.py
[2021-10-24 23:58:32,996] {logging_mixin.py:109} INFO - [2021-10-24 23:58:32,996] {dag.py:2389} INFO - Sync 1 DAGs
[2021-10-24 23:58:33,024] {logging_mixin.py:109} INFO - [2021-10-24 23:58:33,024] {dag.py:2914} INFO - Setting next_dagrun for example_branch_dop_operator_v3 to 2021-10-24T23:57:00+00:00
[2021-10-24 23:58:33,036] {processor.py:171} INFO - Processing /home/airflow/.local/lib/python3.6/site-packages/airflow/example_dags/example_branch_python_dop_operator_3.py took 0.084 seconds
[2021-10-24 23:59:03,567] {processor.py:163} INFO - Started process (PID=1546) to work on /home/airflow/.local/lib/python3.6/site-packages/airflow/example_dags/example_branch_python_dop_operator_3.py
[2021-10-24 23:59:03,569] {processor.py:620} INFO - Processing file /home/airflow/.local/lib/python3.6/site-packages/airflow/example_dags/example_branch_python_dop_operator_3.py for tasks to queue
[2021-10-24 23:59:03,569] {logging_mixin.py:109} INFO - [2021-10-24 23:59:03,569] {dagbag.py:500} INFO - Filling up the DagBag from /home/airflow/.local/lib/python3.6/site-packages/airflow/example_dags/example_branch_python_dop_operator_3.py
[2021-10-24 23:59:03,599] {processor.py:632} INFO - DAG(s) dict_keys(['example_branch_dop_operator_v3']) retrieved from /home/airflow/.local/lib/python3.6/site-packages/airflow/example_dags/example_branch_python_dop_operator_3.py
[2021-10-24 23:59:03,611] {logging_mixin.py:109} INFO - [2021-10-24 23:59:03,611] {dag.py:2389} INFO - Sync 1 DAGs
[2021-10-24 23:59:03,637] {logging_mixin.py:109} INFO - [2021-10-24 23:59:03,636] {dag.py:2914} INFO - Setting next_dagrun for example_branch_dop_operator_v3 to 2021-10-24T23:58:00+00:00
[2021-10-24 23:59:03,647] {processor.py:171} INFO - Processing /home/airflow/.local/lib/python3.6/site-packages/airflow/example_dags/example_branch_python_dop_operator_3.py took 0.082 seconds
[2021-10-24 23:59:33,868] {processor.py:163} INFO - Started process (PID=1612) to work on /home/airflow/.local/lib/python3.6/site-packages/airflow/example_dags/example_branch_python_dop_operator_3.py
[2021-10-24 23:59:33,869] {processor.py:620} INFO - Processing file /home/airflow/.local/lib/python3.6/site-packages/airflow/example_dags/example_branch_python_dop_operator_3.py for tasks to queue
[2021-10-24 23:59:33,870] {logging_mixin.py:109} INFO - [2021-10-24 23:59:33,869] {dagbag.py:500} INFO - Filling up the DagBag from /home/airflow/.local/lib/python3.6/site-packages/airflow/example_dags/example_branch_python_dop_operator_3.py
[2021-10-24 23:59:33,902] {processor.py:632} INFO - DAG(s) dict_keys(['example_branch_dop_operator_v3']) retrieved from /home/airflow/.local/lib/python3.6/site-packages/airflow/example_dags/example_branch_python_dop_operator_3.py
[2021-10-24 23:59:33,913] {logging_mixin.py:109} INFO - [2021-10-24 23:59:33,913] {dag.py:2389} INFO - Sync 1 DAGs
[2021-10-24 23:59:33,940] {logging_mixin.py:109} INFO - [2021-10-24 23:59:33,940] {dag.py:2914} INFO - Setting next_dagrun for example_branch_dop_operator_v3 to 2021-10-24T23:58:00+00:00
[2021-10-24 23:59:33,949] {processor.py:171} INFO - Processing /home/airflow/.local/lib/python3.6/site-packages/airflow/example_dags/example_branch_python_dop_operator_3.py took 0.084 seconds
