[2021-10-24 22:55:13,236] {processor.py:163} INFO - Started process (PID=57) to work on /home/airflow/.local/lib/python3.6/site-packages/airflow/example_dags/example_python_operator.py
[2021-10-24 22:55:13,240] {processor.py:620} INFO - Processing file /home/airflow/.local/lib/python3.6/site-packages/airflow/example_dags/example_python_operator.py for tasks to queue
[2021-10-24 22:55:13,244] {logging_mixin.py:109} INFO - [2021-10-24 22:55:13,244] {dagbag.py:500} INFO - Filling up the DagBag from /home/airflow/.local/lib/python3.6/site-packages/airflow/example_dags/example_python_operator.py
[2021-10-24 22:55:13,323] {processor.py:632} INFO - DAG(s) dict_keys(['example_python_operator']) retrieved from /home/airflow/.local/lib/python3.6/site-packages/airflow/example_dags/example_python_operator.py
[2021-10-24 22:55:13,357] {logging_mixin.py:109} INFO - [2021-10-24 22:55:13,357] {dag.py:2389} INFO - Sync 1 DAGs
[2021-10-24 22:55:13,397] {logging_mixin.py:109} INFO - [2021-10-24 22:55:13,396] {dag.py:2914} INFO - Setting next_dagrun for example_python_operator to None
[2021-10-24 22:55:13,409] {processor.py:171} INFO - Processing /home/airflow/.local/lib/python3.6/site-packages/airflow/example_dags/example_python_operator.py took 0.181 seconds
[2021-10-24 22:55:44,202] {processor.py:163} INFO - Started process (PID=114) to work on /home/airflow/.local/lib/python3.6/site-packages/airflow/example_dags/example_python_operator.py
[2021-10-24 22:55:44,203] {processor.py:620} INFO - Processing file /home/airflow/.local/lib/python3.6/site-packages/airflow/example_dags/example_python_operator.py for tasks to queue
[2021-10-24 22:55:44,203] {logging_mixin.py:109} INFO - [2021-10-24 22:55:44,203] {dagbag.py:500} INFO - Filling up the DagBag from /home/airflow/.local/lib/python3.6/site-packages/airflow/example_dags/example_python_operator.py
[2021-10-24 22:55:44,236] {processor.py:632} INFO - DAG(s) dict_keys(['example_python_operator']) retrieved from /home/airflow/.local/lib/python3.6/site-packages/airflow/example_dags/example_python_operator.py
[2021-10-24 22:55:44,247] {logging_mixin.py:109} INFO - [2021-10-24 22:55:44,247] {dag.py:2389} INFO - Sync 1 DAGs
[2021-10-24 22:55:44,263] {logging_mixin.py:109} INFO - [2021-10-24 22:55:44,263] {dag.py:2914} INFO - Setting next_dagrun for example_python_operator to None
[2021-10-24 22:55:44,272] {processor.py:171} INFO - Processing /home/airflow/.local/lib/python3.6/site-packages/airflow/example_dags/example_python_operator.py took 0.074 seconds
[2021-10-24 22:56:14,572] {processor.py:163} INFO - Started process (PID=188) to work on /home/airflow/.local/lib/python3.6/site-packages/airflow/example_dags/example_python_operator.py
[2021-10-24 22:56:14,573] {processor.py:620} INFO - Processing file /home/airflow/.local/lib/python3.6/site-packages/airflow/example_dags/example_python_operator.py for tasks to queue
[2021-10-24 22:56:14,574] {logging_mixin.py:109} INFO - [2021-10-24 22:56:14,574] {dagbag.py:500} INFO - Filling up the DagBag from /home/airflow/.local/lib/python3.6/site-packages/airflow/example_dags/example_python_operator.py
[2021-10-24 22:56:14,608] {processor.py:632} INFO - DAG(s) dict_keys(['example_python_operator']) retrieved from /home/airflow/.local/lib/python3.6/site-packages/airflow/example_dags/example_python_operator.py
[2021-10-24 22:56:14,621] {logging_mixin.py:109} INFO - [2021-10-24 22:56:14,621] {dag.py:2389} INFO - Sync 1 DAGs
[2021-10-24 22:56:14,645] {logging_mixin.py:109} INFO - [2021-10-24 22:56:14,644] {dag.py:2914} INFO - Setting next_dagrun for example_python_operator to None
[2021-10-24 22:56:14,658] {processor.py:171} INFO - Processing /home/airflow/.local/lib/python3.6/site-packages/airflow/example_dags/example_python_operator.py took 0.091 seconds
[2021-10-24 22:57:26,306] {processor.py:163} INFO - Started process (PID=57) to work on /home/airflow/.local/lib/python3.6/site-packages/airflow/example_dags/example_python_operator.py
[2021-10-24 22:57:26,308] {processor.py:620} INFO - Processing file /home/airflow/.local/lib/python3.6/site-packages/airflow/example_dags/example_python_operator.py for tasks to queue
[2021-10-24 22:57:26,308] {logging_mixin.py:109} INFO - [2021-10-24 22:57:26,308] {dagbag.py:500} INFO - Filling up the DagBag from /home/airflow/.local/lib/python3.6/site-packages/airflow/example_dags/example_python_operator.py
[2021-10-24 22:57:26,340] {processor.py:632} INFO - DAG(s) dict_keys(['example_python_operator']) retrieved from /home/airflow/.local/lib/python3.6/site-packages/airflow/example_dags/example_python_operator.py
[2021-10-24 22:57:26,358] {logging_mixin.py:109} INFO - [2021-10-24 22:57:26,358] {dag.py:2389} INFO - Sync 1 DAGs
[2021-10-24 22:57:26,381] {logging_mixin.py:109} INFO - [2021-10-24 22:57:26,380] {dag.py:2914} INFO - Setting next_dagrun for example_python_operator to None
[2021-10-24 22:57:26,390] {processor.py:171} INFO - Processing /home/airflow/.local/lib/python3.6/site-packages/airflow/example_dags/example_python_operator.py took 0.086 seconds
[2021-10-24 22:57:57,181] {processor.py:163} INFO - Started process (PID=113) to work on /home/airflow/.local/lib/python3.6/site-packages/airflow/example_dags/example_python_operator.py
[2021-10-24 22:57:57,183] {processor.py:620} INFO - Processing file /home/airflow/.local/lib/python3.6/site-packages/airflow/example_dags/example_python_operator.py for tasks to queue
[2021-10-24 22:57:57,184] {logging_mixin.py:109} INFO - [2021-10-24 22:57:57,184] {dagbag.py:500} INFO - Filling up the DagBag from /home/airflow/.local/lib/python3.6/site-packages/airflow/example_dags/example_python_operator.py
[2021-10-24 22:57:57,215] {processor.py:632} INFO - DAG(s) dict_keys(['example_python_operator']) retrieved from /home/airflow/.local/lib/python3.6/site-packages/airflow/example_dags/example_python_operator.py
[2021-10-24 22:57:57,231] {logging_mixin.py:109} INFO - [2021-10-24 22:57:57,230] {dag.py:2389} INFO - Sync 1 DAGs
[2021-10-24 22:57:57,251] {logging_mixin.py:109} INFO - [2021-10-24 22:57:57,250] {dag.py:2914} INFO - Setting next_dagrun for example_python_operator to None
[2021-10-24 22:57:57,270] {processor.py:171} INFO - Processing /home/airflow/.local/lib/python3.6/site-packages/airflow/example_dags/example_python_operator.py took 0.092 seconds
[2021-10-24 22:58:27,883] {processor.py:163} INFO - Started process (PID=188) to work on /home/airflow/.local/lib/python3.6/site-packages/airflow/example_dags/example_python_operator.py
[2021-10-24 22:58:27,884] {processor.py:620} INFO - Processing file /home/airflow/.local/lib/python3.6/site-packages/airflow/example_dags/example_python_operator.py for tasks to queue
[2021-10-24 22:58:27,885] {logging_mixin.py:109} INFO - [2021-10-24 22:58:27,885] {dagbag.py:500} INFO - Filling up the DagBag from /home/airflow/.local/lib/python3.6/site-packages/airflow/example_dags/example_python_operator.py
[2021-10-24 22:58:27,921] {processor.py:632} INFO - DAG(s) dict_keys(['example_python_operator']) retrieved from /home/airflow/.local/lib/python3.6/site-packages/airflow/example_dags/example_python_operator.py
[2021-10-24 22:58:27,934] {logging_mixin.py:109} INFO - [2021-10-24 22:58:27,934] {dag.py:2389} INFO - Sync 1 DAGs
[2021-10-24 22:58:27,953] {logging_mixin.py:109} INFO - [2021-10-24 22:58:27,953] {dag.py:2914} INFO - Setting next_dagrun for example_python_operator to None
[2021-10-24 22:58:27,963] {processor.py:171} INFO - Processing /home/airflow/.local/lib/python3.6/site-packages/airflow/example_dags/example_python_operator.py took 0.084 seconds
[2021-10-24 22:58:58,057] {processor.py:163} INFO - Started process (PID=252) to work on /home/airflow/.local/lib/python3.6/site-packages/airflow/example_dags/example_python_operator.py
[2021-10-24 22:58:58,058] {processor.py:620} INFO - Processing file /home/airflow/.local/lib/python3.6/site-packages/airflow/example_dags/example_python_operator.py for tasks to queue
[2021-10-24 22:58:58,059] {logging_mixin.py:109} INFO - [2021-10-24 22:58:58,059] {dagbag.py:500} INFO - Filling up the DagBag from /home/airflow/.local/lib/python3.6/site-packages/airflow/example_dags/example_python_operator.py
[2021-10-24 22:58:58,088] {processor.py:632} INFO - DAG(s) dict_keys(['example_python_operator']) retrieved from /home/airflow/.local/lib/python3.6/site-packages/airflow/example_dags/example_python_operator.py
[2021-10-24 22:58:58,098] {logging_mixin.py:109} INFO - [2021-10-24 22:58:58,098] {dag.py:2389} INFO - Sync 1 DAGs
[2021-10-24 22:58:58,113] {logging_mixin.py:109} INFO - [2021-10-24 22:58:58,113] {dag.py:2914} INFO - Setting next_dagrun for example_python_operator to None
[2021-10-24 22:58:58,121] {processor.py:171} INFO - Processing /home/airflow/.local/lib/python3.6/site-packages/airflow/example_dags/example_python_operator.py took 0.068 seconds
[2021-10-24 22:59:28,850] {processor.py:163} INFO - Started process (PID=328) to work on /home/airflow/.local/lib/python3.6/site-packages/airflow/example_dags/example_python_operator.py
[2021-10-24 22:59:28,851] {processor.py:620} INFO - Processing file /home/airflow/.local/lib/python3.6/site-packages/airflow/example_dags/example_python_operator.py for tasks to queue
[2021-10-24 22:59:28,852] {logging_mixin.py:109} INFO - [2021-10-24 22:59:28,852] {dagbag.py:500} INFO - Filling up the DagBag from /home/airflow/.local/lib/python3.6/site-packages/airflow/example_dags/example_python_operator.py
[2021-10-24 22:59:28,888] {processor.py:632} INFO - DAG(s) dict_keys(['example_python_operator']) retrieved from /home/airflow/.local/lib/python3.6/site-packages/airflow/example_dags/example_python_operator.py
[2021-10-24 22:59:28,902] {logging_mixin.py:109} INFO - [2021-10-24 22:59:28,902] {dag.py:2389} INFO - Sync 1 DAGs
[2021-10-24 22:59:28,923] {logging_mixin.py:109} INFO - [2021-10-24 22:59:28,923] {dag.py:2914} INFO - Setting next_dagrun for example_python_operator to None
[2021-10-24 22:59:28,933] {processor.py:171} INFO - Processing /home/airflow/.local/lib/python3.6/site-packages/airflow/example_dags/example_python_operator.py took 0.087 seconds
[2021-10-24 23:47:48,867] {processor.py:163} INFO - Started process (PID=57) to work on /home/airflow/.local/lib/python3.6/site-packages/airflow/example_dags/example_python_operator.py
[2021-10-24 23:47:48,868] {processor.py:620} INFO - Processing file /home/airflow/.local/lib/python3.6/site-packages/airflow/example_dags/example_python_operator.py for tasks to queue
[2021-10-24 23:47:48,869] {logging_mixin.py:109} INFO - [2021-10-24 23:47:48,869] {dagbag.py:500} INFO - Filling up the DagBag from /home/airflow/.local/lib/python3.6/site-packages/airflow/example_dags/example_python_operator.py
[2021-10-24 23:47:48,903] {processor.py:632} INFO - DAG(s) dict_keys(['example_python_operator']) retrieved from /home/airflow/.local/lib/python3.6/site-packages/airflow/example_dags/example_python_operator.py
[2021-10-24 23:47:48,917] {logging_mixin.py:109} INFO - [2021-10-24 23:47:48,917] {dag.py:2389} INFO - Sync 1 DAGs
[2021-10-24 23:47:48,936] {logging_mixin.py:109} INFO - [2021-10-24 23:47:48,936] {dag.py:2914} INFO - Setting next_dagrun for example_python_operator to None
[2021-10-24 23:47:48,949] {processor.py:171} INFO - Processing /home/airflow/.local/lib/python3.6/site-packages/airflow/example_dags/example_python_operator.py took 0.086 seconds
[2021-10-24 23:48:19,373] {processor.py:163} INFO - Started process (PID=114) to work on /home/airflow/.local/lib/python3.6/site-packages/airflow/example_dags/example_python_operator.py
[2021-10-24 23:48:19,375] {processor.py:620} INFO - Processing file /home/airflow/.local/lib/python3.6/site-packages/airflow/example_dags/example_python_operator.py for tasks to queue
[2021-10-24 23:48:19,376] {logging_mixin.py:109} INFO - [2021-10-24 23:48:19,376] {dagbag.py:500} INFO - Filling up the DagBag from /home/airflow/.local/lib/python3.6/site-packages/airflow/example_dags/example_python_operator.py
[2021-10-24 23:48:19,423] {processor.py:632} INFO - DAG(s) dict_keys(['example_python_operator']) retrieved from /home/airflow/.local/lib/python3.6/site-packages/airflow/example_dags/example_python_operator.py
[2021-10-24 23:48:19,445] {logging_mixin.py:109} INFO - [2021-10-24 23:48:19,445] {dag.py:2389} INFO - Sync 1 DAGs
[2021-10-24 23:48:19,474] {logging_mixin.py:109} INFO - [2021-10-24 23:48:19,474] {dag.py:2914} INFO - Setting next_dagrun for example_python_operator to None
[2021-10-24 23:48:19,488] {processor.py:171} INFO - Processing /home/airflow/.local/lib/python3.6/site-packages/airflow/example_dags/example_python_operator.py took 0.121 seconds
[2021-10-24 23:48:49,851] {processor.py:163} INFO - Started process (PID=180) to work on /home/airflow/.local/lib/python3.6/site-packages/airflow/example_dags/example_python_operator.py
[2021-10-24 23:48:49,852] {processor.py:620} INFO - Processing file /home/airflow/.local/lib/python3.6/site-packages/airflow/example_dags/example_python_operator.py for tasks to queue
[2021-10-24 23:48:49,853] {logging_mixin.py:109} INFO - [2021-10-24 23:48:49,853] {dagbag.py:500} INFO - Filling up the DagBag from /home/airflow/.local/lib/python3.6/site-packages/airflow/example_dags/example_python_operator.py
[2021-10-24 23:48:49,897] {processor.py:632} INFO - DAG(s) dict_keys(['example_python_operator']) retrieved from /home/airflow/.local/lib/python3.6/site-packages/airflow/example_dags/example_python_operator.py
[2021-10-24 23:48:49,917] {logging_mixin.py:109} INFO - [2021-10-24 23:48:49,917] {dag.py:2389} INFO - Sync 1 DAGs
[2021-10-24 23:48:49,942] {logging_mixin.py:109} INFO - [2021-10-24 23:48:49,941] {dag.py:2914} INFO - Setting next_dagrun for example_python_operator to None
[2021-10-24 23:48:49,952] {processor.py:171} INFO - Processing /home/airflow/.local/lib/python3.6/site-packages/airflow/example_dags/example_python_operator.py took 0.106 seconds
[2021-10-24 23:49:20,217] {processor.py:163} INFO - Started process (PID=245) to work on /home/airflow/.local/lib/python3.6/site-packages/airflow/example_dags/example_python_operator.py
[2021-10-24 23:49:20,219] {processor.py:620} INFO - Processing file /home/airflow/.local/lib/python3.6/site-packages/airflow/example_dags/example_python_operator.py for tasks to queue
[2021-10-24 23:49:20,221] {logging_mixin.py:109} INFO - [2021-10-24 23:49:20,221] {dagbag.py:500} INFO - Filling up the DagBag from /home/airflow/.local/lib/python3.6/site-packages/airflow/example_dags/example_python_operator.py
[2021-10-24 23:49:20,269] {processor.py:632} INFO - DAG(s) dict_keys(['example_python_operator']) retrieved from /home/airflow/.local/lib/python3.6/site-packages/airflow/example_dags/example_python_operator.py
[2021-10-24 23:49:20,289] {logging_mixin.py:109} INFO - [2021-10-24 23:49:20,289] {dag.py:2389} INFO - Sync 1 DAGs
[2021-10-24 23:49:20,311] {logging_mixin.py:109} INFO - [2021-10-24 23:49:20,311] {dag.py:2914} INFO - Setting next_dagrun for example_python_operator to None
[2021-10-24 23:49:20,326] {processor.py:171} INFO - Processing /home/airflow/.local/lib/python3.6/site-packages/airflow/example_dags/example_python_operator.py took 0.113 seconds
[2021-10-24 23:49:50,499] {processor.py:163} INFO - Started process (PID=309) to work on /home/airflow/.local/lib/python3.6/site-packages/airflow/example_dags/example_python_operator.py
[2021-10-24 23:49:50,502] {processor.py:620} INFO - Processing file /home/airflow/.local/lib/python3.6/site-packages/airflow/example_dags/example_python_operator.py for tasks to queue
[2021-10-24 23:49:50,502] {logging_mixin.py:109} INFO - [2021-10-24 23:49:50,502] {dagbag.py:500} INFO - Filling up the DagBag from /home/airflow/.local/lib/python3.6/site-packages/airflow/example_dags/example_python_operator.py
[2021-10-24 23:49:50,568] {processor.py:632} INFO - DAG(s) dict_keys(['example_python_operator']) retrieved from /home/airflow/.local/lib/python3.6/site-packages/airflow/example_dags/example_python_operator.py
[2021-10-24 23:49:50,600] {logging_mixin.py:109} INFO - [2021-10-24 23:49:50,599] {dag.py:2389} INFO - Sync 1 DAGs
[2021-10-24 23:49:50,642] {logging_mixin.py:109} INFO - [2021-10-24 23:49:50,642] {dag.py:2914} INFO - Setting next_dagrun for example_python_operator to None
[2021-10-24 23:49:50,659] {processor.py:171} INFO - Processing /home/airflow/.local/lib/python3.6/site-packages/airflow/example_dags/example_python_operator.py took 0.166 seconds
[2021-10-24 23:50:21,037] {processor.py:163} INFO - Started process (PID=373) to work on /home/airflow/.local/lib/python3.6/site-packages/airflow/example_dags/example_python_operator.py
[2021-10-24 23:50:21,039] {processor.py:620} INFO - Processing file /home/airflow/.local/lib/python3.6/site-packages/airflow/example_dags/example_python_operator.py for tasks to queue
[2021-10-24 23:50:21,040] {logging_mixin.py:109} INFO - [2021-10-24 23:50:21,040] {dagbag.py:500} INFO - Filling up the DagBag from /home/airflow/.local/lib/python3.6/site-packages/airflow/example_dags/example_python_operator.py
[2021-10-24 23:50:21,090] {processor.py:632} INFO - DAG(s) dict_keys(['example_python_operator']) retrieved from /home/airflow/.local/lib/python3.6/site-packages/airflow/example_dags/example_python_operator.py
[2021-10-24 23:50:21,111] {logging_mixin.py:109} INFO - [2021-10-24 23:50:21,111] {dag.py:2389} INFO - Sync 1 DAGs
[2021-10-24 23:50:21,134] {logging_mixin.py:109} INFO - [2021-10-24 23:50:21,134] {dag.py:2914} INFO - Setting next_dagrun for example_python_operator to None
[2021-10-24 23:50:21,152] {processor.py:171} INFO - Processing /home/airflow/.local/lib/python3.6/site-packages/airflow/example_dags/example_python_operator.py took 0.121 seconds
[2021-10-24 23:50:51,542] {processor.py:163} INFO - Started process (PID=447) to work on /home/airflow/.local/lib/python3.6/site-packages/airflow/example_dags/example_python_operator.py
[2021-10-24 23:50:51,545] {processor.py:620} INFO - Processing file /home/airflow/.local/lib/python3.6/site-packages/airflow/example_dags/example_python_operator.py for tasks to queue
[2021-10-24 23:50:51,547] {logging_mixin.py:109} INFO - [2021-10-24 23:50:51,547] {dagbag.py:500} INFO - Filling up the DagBag from /home/airflow/.local/lib/python3.6/site-packages/airflow/example_dags/example_python_operator.py
[2021-10-24 23:50:51,617] {processor.py:632} INFO - DAG(s) dict_keys(['example_python_operator']) retrieved from /home/airflow/.local/lib/python3.6/site-packages/airflow/example_dags/example_python_operator.py
[2021-10-24 23:50:51,647] {logging_mixin.py:109} INFO - [2021-10-24 23:50:51,647] {dag.py:2389} INFO - Sync 1 DAGs
[2021-10-24 23:50:51,680] {logging_mixin.py:109} INFO - [2021-10-24 23:50:51,680] {dag.py:2914} INFO - Setting next_dagrun for example_python_operator to None
[2021-10-24 23:50:51,702] {processor.py:171} INFO - Processing /home/airflow/.local/lib/python3.6/site-packages/airflow/example_dags/example_python_operator.py took 0.165 seconds
[2021-10-24 23:51:22,520] {processor.py:163} INFO - Started process (PID=519) to work on /home/airflow/.local/lib/python3.6/site-packages/airflow/example_dags/example_python_operator.py
[2021-10-24 23:51:22,524] {processor.py:620} INFO - Processing file /home/airflow/.local/lib/python3.6/site-packages/airflow/example_dags/example_python_operator.py for tasks to queue
[2021-10-24 23:51:22,525] {logging_mixin.py:109} INFO - [2021-10-24 23:51:22,524] {dagbag.py:500} INFO - Filling up the DagBag from /home/airflow/.local/lib/python3.6/site-packages/airflow/example_dags/example_python_operator.py
[2021-10-24 23:51:22,603] {processor.py:632} INFO - DAG(s) dict_keys(['example_python_operator']) retrieved from /home/airflow/.local/lib/python3.6/site-packages/airflow/example_dags/example_python_operator.py
[2021-10-24 23:51:22,625] {logging_mixin.py:109} INFO - [2021-10-24 23:51:22,624] {dag.py:2389} INFO - Sync 1 DAGs
[2021-10-24 23:51:22,658] {logging_mixin.py:109} INFO - [2021-10-24 23:51:22,657] {dag.py:2914} INFO - Setting next_dagrun for example_python_operator to None
[2021-10-24 23:51:22,671] {processor.py:171} INFO - Processing /home/airflow/.local/lib/python3.6/site-packages/airflow/example_dags/example_python_operator.py took 0.156 seconds
[2021-10-24 23:51:53,562] {processor.py:163} INFO - Started process (PID=584) to work on /home/airflow/.local/lib/python3.6/site-packages/airflow/example_dags/example_python_operator.py
[2021-10-24 23:51:53,563] {processor.py:620} INFO - Processing file /home/airflow/.local/lib/python3.6/site-packages/airflow/example_dags/example_python_operator.py for tasks to queue
[2021-10-24 23:51:53,565] {logging_mixin.py:109} INFO - [2021-10-24 23:51:53,564] {dagbag.py:500} INFO - Filling up the DagBag from /home/airflow/.local/lib/python3.6/site-packages/airflow/example_dags/example_python_operator.py
[2021-10-24 23:51:53,612] {processor.py:632} INFO - DAG(s) dict_keys(['example_python_operator']) retrieved from /home/airflow/.local/lib/python3.6/site-packages/airflow/example_dags/example_python_operator.py
[2021-10-24 23:51:53,629] {logging_mixin.py:109} INFO - [2021-10-24 23:51:53,629] {dag.py:2389} INFO - Sync 1 DAGs
[2021-10-24 23:51:53,660] {logging_mixin.py:109} INFO - [2021-10-24 23:51:53,659] {dag.py:2914} INFO - Setting next_dagrun for example_python_operator to None
[2021-10-24 23:51:53,680] {processor.py:171} INFO - Processing /home/airflow/.local/lib/python3.6/site-packages/airflow/example_dags/example_python_operator.py took 0.121 seconds
[2021-10-24 23:52:24,336] {processor.py:163} INFO - Started process (PID=648) to work on /home/airflow/.local/lib/python3.6/site-packages/airflow/example_dags/example_python_operator.py
[2021-10-24 23:52:24,338] {processor.py:620} INFO - Processing file /home/airflow/.local/lib/python3.6/site-packages/airflow/example_dags/example_python_operator.py for tasks to queue
[2021-10-24 23:52:24,342] {logging_mixin.py:109} INFO - [2021-10-24 23:52:24,341] {dagbag.py:500} INFO - Filling up the DagBag from /home/airflow/.local/lib/python3.6/site-packages/airflow/example_dags/example_python_operator.py
[2021-10-24 23:52:24,390] {processor.py:632} INFO - DAG(s) dict_keys(['example_python_operator']) retrieved from /home/airflow/.local/lib/python3.6/site-packages/airflow/example_dags/example_python_operator.py
[2021-10-24 23:52:24,410] {logging_mixin.py:109} INFO - [2021-10-24 23:52:24,410] {dag.py:2389} INFO - Sync 1 DAGs
[2021-10-24 23:52:24,435] {logging_mixin.py:109} INFO - [2021-10-24 23:52:24,435] {dag.py:2914} INFO - Setting next_dagrun for example_python_operator to None
[2021-10-24 23:52:24,457] {processor.py:171} INFO - Processing /home/airflow/.local/lib/python3.6/site-packages/airflow/example_dags/example_python_operator.py took 0.125 seconds
[2021-10-24 23:52:54,771] {processor.py:163} INFO - Started process (PID=713) to work on /home/airflow/.local/lib/python3.6/site-packages/airflow/example_dags/example_python_operator.py
[2021-10-24 23:52:54,773] {processor.py:620} INFO - Processing file /home/airflow/.local/lib/python3.6/site-packages/airflow/example_dags/example_python_operator.py for tasks to queue
[2021-10-24 23:52:54,774] {logging_mixin.py:109} INFO - [2021-10-24 23:52:54,773] {dagbag.py:500} INFO - Filling up the DagBag from /home/airflow/.local/lib/python3.6/site-packages/airflow/example_dags/example_python_operator.py
[2021-10-24 23:52:54,833] {processor.py:632} INFO - DAG(s) dict_keys(['example_python_operator']) retrieved from /home/airflow/.local/lib/python3.6/site-packages/airflow/example_dags/example_python_operator.py
[2021-10-24 23:52:54,853] {logging_mixin.py:109} INFO - [2021-10-24 23:52:54,853] {dag.py:2389} INFO - Sync 1 DAGs
[2021-10-24 23:52:54,887] {logging_mixin.py:109} INFO - [2021-10-24 23:52:54,887] {dag.py:2914} INFO - Setting next_dagrun for example_python_operator to None
[2021-10-24 23:52:54,902] {processor.py:171} INFO - Processing /home/airflow/.local/lib/python3.6/site-packages/airflow/example_dags/example_python_operator.py took 0.134 seconds
[2021-10-24 23:53:25,889] {processor.py:163} INFO - Started process (PID=778) to work on /home/airflow/.local/lib/python3.6/site-packages/airflow/example_dags/example_python_operator.py
[2021-10-24 23:53:25,890] {processor.py:620} INFO - Processing file /home/airflow/.local/lib/python3.6/site-packages/airflow/example_dags/example_python_operator.py for tasks to queue
[2021-10-24 23:53:25,891] {logging_mixin.py:109} INFO - [2021-10-24 23:53:25,891] {dagbag.py:500} INFO - Filling up the DagBag from /home/airflow/.local/lib/python3.6/site-packages/airflow/example_dags/example_python_operator.py
[2021-10-24 23:53:25,937] {processor.py:632} INFO - DAG(s) dict_keys(['example_python_operator']) retrieved from /home/airflow/.local/lib/python3.6/site-packages/airflow/example_dags/example_python_operator.py
[2021-10-24 23:53:25,957] {logging_mixin.py:109} INFO - [2021-10-24 23:53:25,957] {dag.py:2389} INFO - Sync 1 DAGs
[2021-10-24 23:53:26,002] {logging_mixin.py:109} INFO - [2021-10-24 23:53:26,002] {dag.py:2914} INFO - Setting next_dagrun for example_python_operator to None
[2021-10-24 23:53:26,027] {processor.py:171} INFO - Processing /home/airflow/.local/lib/python3.6/site-packages/airflow/example_dags/example_python_operator.py took 0.141 seconds
[2021-10-24 23:53:56,577] {processor.py:163} INFO - Started process (PID=842) to work on /home/airflow/.local/lib/python3.6/site-packages/airflow/example_dags/example_python_operator.py
[2021-10-24 23:53:56,579] {processor.py:620} INFO - Processing file /home/airflow/.local/lib/python3.6/site-packages/airflow/example_dags/example_python_operator.py for tasks to queue
[2021-10-24 23:53:56,581] {logging_mixin.py:109} INFO - [2021-10-24 23:53:56,580] {dagbag.py:500} INFO - Filling up the DagBag from /home/airflow/.local/lib/python3.6/site-packages/airflow/example_dags/example_python_operator.py
[2021-10-24 23:53:56,638] {processor.py:632} INFO - DAG(s) dict_keys(['example_python_operator']) retrieved from /home/airflow/.local/lib/python3.6/site-packages/airflow/example_dags/example_python_operator.py
[2021-10-24 23:53:56,662] {logging_mixin.py:109} INFO - [2021-10-24 23:53:56,662] {dag.py:2389} INFO - Sync 1 DAGs
[2021-10-24 23:53:56,689] {logging_mixin.py:109} INFO - [2021-10-24 23:53:56,689] {dag.py:2914} INFO - Setting next_dagrun for example_python_operator to None
[2021-10-24 23:53:56,706] {processor.py:171} INFO - Processing /home/airflow/.local/lib/python3.6/site-packages/airflow/example_dags/example_python_operator.py took 0.138 seconds
[2021-10-24 23:54:27,109] {processor.py:163} INFO - Started process (PID=912) to work on /home/airflow/.local/lib/python3.6/site-packages/airflow/example_dags/example_python_operator.py
[2021-10-24 23:54:27,111] {processor.py:620} INFO - Processing file /home/airflow/.local/lib/python3.6/site-packages/airflow/example_dags/example_python_operator.py for tasks to queue
[2021-10-24 23:54:27,112] {logging_mixin.py:109} INFO - [2021-10-24 23:54:27,111] {dagbag.py:500} INFO - Filling up the DagBag from /home/airflow/.local/lib/python3.6/site-packages/airflow/example_dags/example_python_operator.py
[2021-10-24 23:54:27,145] {processor.py:632} INFO - DAG(s) dict_keys(['example_python_operator']) retrieved from /home/airflow/.local/lib/python3.6/site-packages/airflow/example_dags/example_python_operator.py
[2021-10-24 23:54:27,158] {logging_mixin.py:109} INFO - [2021-10-24 23:54:27,158] {dag.py:2389} INFO - Sync 1 DAGs
[2021-10-24 23:54:27,179] {logging_mixin.py:109} INFO - [2021-10-24 23:54:27,179] {dag.py:2914} INFO - Setting next_dagrun for example_python_operator to None
[2021-10-24 23:54:27,189] {processor.py:171} INFO - Processing /home/airflow/.local/lib/python3.6/site-packages/airflow/example_dags/example_python_operator.py took 0.083 seconds
[2021-10-24 23:54:57,297] {processor.py:163} INFO - Started process (PID=987) to work on /home/airflow/.local/lib/python3.6/site-packages/airflow/example_dags/example_python_operator.py
[2021-10-24 23:54:57,298] {processor.py:620} INFO - Processing file /home/airflow/.local/lib/python3.6/site-packages/airflow/example_dags/example_python_operator.py for tasks to queue
[2021-10-24 23:54:57,299] {logging_mixin.py:109} INFO - [2021-10-24 23:54:57,299] {dagbag.py:500} INFO - Filling up the DagBag from /home/airflow/.local/lib/python3.6/site-packages/airflow/example_dags/example_python_operator.py
[2021-10-24 23:54:57,324] {processor.py:632} INFO - DAG(s) dict_keys(['example_python_operator']) retrieved from /home/airflow/.local/lib/python3.6/site-packages/airflow/example_dags/example_python_operator.py
[2021-10-24 23:54:57,336] {logging_mixin.py:109} INFO - [2021-10-24 23:54:57,336] {dag.py:2389} INFO - Sync 1 DAGs
[2021-10-24 23:54:57,354] {logging_mixin.py:109} INFO - [2021-10-24 23:54:57,354] {dag.py:2914} INFO - Setting next_dagrun for example_python_operator to None
[2021-10-24 23:54:57,364] {processor.py:171} INFO - Processing /home/airflow/.local/lib/python3.6/site-packages/airflow/example_dags/example_python_operator.py took 0.070 seconds
[2021-10-24 23:55:27,427] {processor.py:163} INFO - Started process (PID=1051) to work on /home/airflow/.local/lib/python3.6/site-packages/airflow/example_dags/example_python_operator.py
[2021-10-24 23:55:27,429] {processor.py:620} INFO - Processing file /home/airflow/.local/lib/python3.6/site-packages/airflow/example_dags/example_python_operator.py for tasks to queue
[2021-10-24 23:55:27,430] {logging_mixin.py:109} INFO - [2021-10-24 23:55:27,430] {dagbag.py:500} INFO - Filling up the DagBag from /home/airflow/.local/lib/python3.6/site-packages/airflow/example_dags/example_python_operator.py
[2021-10-24 23:55:27,471] {processor.py:632} INFO - DAG(s) dict_keys(['example_python_operator']) retrieved from /home/airflow/.local/lib/python3.6/site-packages/airflow/example_dags/example_python_operator.py
[2021-10-24 23:55:27,488] {logging_mixin.py:109} INFO - [2021-10-24 23:55:27,487] {dag.py:2389} INFO - Sync 1 DAGs
[2021-10-24 23:55:27,516] {logging_mixin.py:109} INFO - [2021-10-24 23:55:27,516] {dag.py:2914} INFO - Setting next_dagrun for example_python_operator to None
[2021-10-24 23:55:27,537] {processor.py:171} INFO - Processing /home/airflow/.local/lib/python3.6/site-packages/airflow/example_dags/example_python_operator.py took 0.116 seconds
[2021-10-24 23:55:57,600] {processor.py:163} INFO - Started process (PID=1115) to work on /home/airflow/.local/lib/python3.6/site-packages/airflow/example_dags/example_python_operator.py
[2021-10-24 23:55:57,601] {processor.py:620} INFO - Processing file /home/airflow/.local/lib/python3.6/site-packages/airflow/example_dags/example_python_operator.py for tasks to queue
[2021-10-24 23:55:57,602] {logging_mixin.py:109} INFO - [2021-10-24 23:55:57,602] {dagbag.py:500} INFO - Filling up the DagBag from /home/airflow/.local/lib/python3.6/site-packages/airflow/example_dags/example_python_operator.py
[2021-10-24 23:55:57,628] {processor.py:632} INFO - DAG(s) dict_keys(['example_python_operator']) retrieved from /home/airflow/.local/lib/python3.6/site-packages/airflow/example_dags/example_python_operator.py
[2021-10-24 23:55:57,638] {logging_mixin.py:109} INFO - [2021-10-24 23:55:57,638] {dag.py:2389} INFO - Sync 1 DAGs
[2021-10-24 23:55:57,652] {logging_mixin.py:109} INFO - [2021-10-24 23:55:57,652] {dag.py:2914} INFO - Setting next_dagrun for example_python_operator to None
[2021-10-24 23:55:57,660] {processor.py:171} INFO - Processing /home/airflow/.local/lib/python3.6/site-packages/airflow/example_dags/example_python_operator.py took 0.063 seconds
[2021-10-24 23:56:28,041] {processor.py:163} INFO - Started process (PID=1190) to work on /home/airflow/.local/lib/python3.6/site-packages/airflow/example_dags/example_python_operator.py
[2021-10-24 23:56:28,042] {processor.py:620} INFO - Processing file /home/airflow/.local/lib/python3.6/site-packages/airflow/example_dags/example_python_operator.py for tasks to queue
[2021-10-24 23:56:28,042] {logging_mixin.py:109} INFO - [2021-10-24 23:56:28,042] {dagbag.py:500} INFO - Filling up the DagBag from /home/airflow/.local/lib/python3.6/site-packages/airflow/example_dags/example_python_operator.py
[2021-10-24 23:56:28,065] {processor.py:632} INFO - DAG(s) dict_keys(['example_python_operator']) retrieved from /home/airflow/.local/lib/python3.6/site-packages/airflow/example_dags/example_python_operator.py
[2021-10-24 23:56:28,078] {logging_mixin.py:109} INFO - [2021-10-24 23:56:28,077] {dag.py:2389} INFO - Sync 1 DAGs
[2021-10-24 23:56:28,094] {logging_mixin.py:109} INFO - [2021-10-24 23:56:28,094] {dag.py:2914} INFO - Setting next_dagrun for example_python_operator to None
[2021-10-24 23:56:28,103] {processor.py:171} INFO - Processing /home/airflow/.local/lib/python3.6/site-packages/airflow/example_dags/example_python_operator.py took 0.065 seconds
[2021-10-24 23:56:58,351] {processor.py:163} INFO - Started process (PID=1254) to work on /home/airflow/.local/lib/python3.6/site-packages/airflow/example_dags/example_python_operator.py
[2021-10-24 23:56:58,352] {processor.py:620} INFO - Processing file /home/airflow/.local/lib/python3.6/site-packages/airflow/example_dags/example_python_operator.py for tasks to queue
[2021-10-24 23:56:58,353] {logging_mixin.py:109} INFO - [2021-10-24 23:56:58,353] {dagbag.py:500} INFO - Filling up the DagBag from /home/airflow/.local/lib/python3.6/site-packages/airflow/example_dags/example_python_operator.py
[2021-10-24 23:56:58,383] {processor.py:632} INFO - DAG(s) dict_keys(['example_python_operator']) retrieved from /home/airflow/.local/lib/python3.6/site-packages/airflow/example_dags/example_python_operator.py
[2021-10-24 23:56:58,395] {logging_mixin.py:109} INFO - [2021-10-24 23:56:58,395] {dag.py:2389} INFO - Sync 1 DAGs
[2021-10-24 23:56:58,411] {logging_mixin.py:109} INFO - [2021-10-24 23:56:58,411] {dag.py:2914} INFO - Setting next_dagrun for example_python_operator to None
[2021-10-24 23:56:58,420] {processor.py:171} INFO - Processing /home/airflow/.local/lib/python3.6/site-packages/airflow/example_dags/example_python_operator.py took 0.073 seconds
[2021-10-24 23:57:29,083] {processor.py:163} INFO - Started process (PID=1329) to work on /home/airflow/.local/lib/python3.6/site-packages/airflow/example_dags/example_python_operator.py
[2021-10-24 23:57:29,084] {processor.py:620} INFO - Processing file /home/airflow/.local/lib/python3.6/site-packages/airflow/example_dags/example_python_operator.py for tasks to queue
[2021-10-24 23:57:29,085] {logging_mixin.py:109} INFO - [2021-10-24 23:57:29,085] {dagbag.py:500} INFO - Filling up the DagBag from /home/airflow/.local/lib/python3.6/site-packages/airflow/example_dags/example_python_operator.py
[2021-10-24 23:57:29,120] {processor.py:632} INFO - DAG(s) dict_keys(['example_python_operator']) retrieved from /home/airflow/.local/lib/python3.6/site-packages/airflow/example_dags/example_python_operator.py
[2021-10-24 23:57:29,136] {logging_mixin.py:109} INFO - [2021-10-24 23:57:29,136] {dag.py:2389} INFO - Sync 1 DAGs
[2021-10-24 23:57:29,159] {logging_mixin.py:109} INFO - [2021-10-24 23:57:29,159] {dag.py:2914} INFO - Setting next_dagrun for example_python_operator to None
[2021-10-24 23:57:29,172] {processor.py:171} INFO - Processing /home/airflow/.local/lib/python3.6/site-packages/airflow/example_dags/example_python_operator.py took 0.094 seconds
[2021-10-24 23:57:59,252] {processor.py:163} INFO - Started process (PID=1395) to work on /home/airflow/.local/lib/python3.6/site-packages/airflow/example_dags/example_python_operator.py
[2021-10-24 23:57:59,253] {processor.py:620} INFO - Processing file /home/airflow/.local/lib/python3.6/site-packages/airflow/example_dags/example_python_operator.py for tasks to queue
[2021-10-24 23:57:59,254] {logging_mixin.py:109} INFO - [2021-10-24 23:57:59,254] {dagbag.py:500} INFO - Filling up the DagBag from /home/airflow/.local/lib/python3.6/site-packages/airflow/example_dags/example_python_operator.py
[2021-10-24 23:57:59,289] {processor.py:632} INFO - DAG(s) dict_keys(['example_python_operator']) retrieved from /home/airflow/.local/lib/python3.6/site-packages/airflow/example_dags/example_python_operator.py
[2021-10-24 23:57:59,303] {logging_mixin.py:109} INFO - [2021-10-24 23:57:59,303] {dag.py:2389} INFO - Sync 1 DAGs
[2021-10-24 23:57:59,322] {logging_mixin.py:109} INFO - [2021-10-24 23:57:59,322] {dag.py:2914} INFO - Setting next_dagrun for example_python_operator to None
[2021-10-24 23:57:59,332] {processor.py:171} INFO - Processing /home/airflow/.local/lib/python3.6/site-packages/airflow/example_dags/example_python_operator.py took 0.084 seconds
[2021-10-24 23:58:29,742] {processor.py:163} INFO - Started process (PID=1462) to work on /home/airflow/.local/lib/python3.6/site-packages/airflow/example_dags/example_python_operator.py
[2021-10-24 23:58:29,744] {processor.py:620} INFO - Processing file /home/airflow/.local/lib/python3.6/site-packages/airflow/example_dags/example_python_operator.py for tasks to queue
[2021-10-24 23:58:29,744] {logging_mixin.py:109} INFO - [2021-10-24 23:58:29,744] {dagbag.py:500} INFO - Filling up the DagBag from /home/airflow/.local/lib/python3.6/site-packages/airflow/example_dags/example_python_operator.py
[2021-10-24 23:58:29,777] {processor.py:632} INFO - DAG(s) dict_keys(['example_python_operator']) retrieved from /home/airflow/.local/lib/python3.6/site-packages/airflow/example_dags/example_python_operator.py
[2021-10-24 23:58:29,794] {logging_mixin.py:109} INFO - [2021-10-24 23:58:29,794] {dag.py:2389} INFO - Sync 1 DAGs
[2021-10-24 23:58:29,814] {logging_mixin.py:109} INFO - [2021-10-24 23:58:29,814] {dag.py:2914} INFO - Setting next_dagrun for example_python_operator to None
[2021-10-24 23:58:29,825] {processor.py:171} INFO - Processing /home/airflow/.local/lib/python3.6/site-packages/airflow/example_dags/example_python_operator.py took 0.090 seconds
[2021-10-24 23:59:00,177] {processor.py:163} INFO - Started process (PID=1527) to work on /home/airflow/.local/lib/python3.6/site-packages/airflow/example_dags/example_python_operator.py
[2021-10-24 23:59:00,178] {processor.py:620} INFO - Processing file /home/airflow/.local/lib/python3.6/site-packages/airflow/example_dags/example_python_operator.py for tasks to queue
[2021-10-24 23:59:00,178] {logging_mixin.py:109} INFO - [2021-10-24 23:59:00,178] {dagbag.py:500} INFO - Filling up the DagBag from /home/airflow/.local/lib/python3.6/site-packages/airflow/example_dags/example_python_operator.py
[2021-10-24 23:59:00,206] {processor.py:632} INFO - DAG(s) dict_keys(['example_python_operator']) retrieved from /home/airflow/.local/lib/python3.6/site-packages/airflow/example_dags/example_python_operator.py
[2021-10-24 23:59:00,218] {logging_mixin.py:109} INFO - [2021-10-24 23:59:00,218] {dag.py:2389} INFO - Sync 1 DAGs
[2021-10-24 23:59:00,236] {logging_mixin.py:109} INFO - [2021-10-24 23:59:00,236] {dag.py:2914} INFO - Setting next_dagrun for example_python_operator to None
[2021-10-24 23:59:00,249] {processor.py:171} INFO - Processing /home/airflow/.local/lib/python3.6/site-packages/airflow/example_dags/example_python_operator.py took 0.075 seconds
[2021-10-24 23:59:30,484] {processor.py:163} INFO - Started process (PID=1604) to work on /home/airflow/.local/lib/python3.6/site-packages/airflow/example_dags/example_python_operator.py
[2021-10-24 23:59:30,485] {processor.py:620} INFO - Processing file /home/airflow/.local/lib/python3.6/site-packages/airflow/example_dags/example_python_operator.py for tasks to queue
[2021-10-24 23:59:30,486] {logging_mixin.py:109} INFO - [2021-10-24 23:59:30,486] {dagbag.py:500} INFO - Filling up the DagBag from /home/airflow/.local/lib/python3.6/site-packages/airflow/example_dags/example_python_operator.py
[2021-10-24 23:59:30,533] {processor.py:632} INFO - DAG(s) dict_keys(['example_python_operator']) retrieved from /home/airflow/.local/lib/python3.6/site-packages/airflow/example_dags/example_python_operator.py
[2021-10-24 23:59:30,549] {logging_mixin.py:109} INFO - [2021-10-24 23:59:30,549] {dag.py:2389} INFO - Sync 1 DAGs
[2021-10-24 23:59:30,577] {logging_mixin.py:109} INFO - [2021-10-24 23:59:30,577] {dag.py:2914} INFO - Setting next_dagrun for example_python_operator to None
[2021-10-24 23:59:30,590] {processor.py:171} INFO - Processing /home/airflow/.local/lib/python3.6/site-packages/airflow/example_dags/example_python_operator.py took 0.111 seconds
