[2021-10-24 22:55:13,847] {processor.py:163} INFO - Started process (PID=61) to work on /home/airflow/.local/lib/python3.6/site-packages/airflow/example_dags/example_complex.py
[2021-10-24 22:55:13,849] {processor.py:620} INFO - Processing file /home/airflow/.local/lib/python3.6/site-packages/airflow/example_dags/example_complex.py for tasks to queue
[2021-10-24 22:55:13,850] {logging_mixin.py:109} INFO - [2021-10-24 22:55:13,850] {dagbag.py:500} INFO - Filling up the DagBag from /home/airflow/.local/lib/python3.6/site-packages/airflow/example_dags/example_complex.py
[2021-10-24 22:55:13,911] {processor.py:632} INFO - DAG(s) dict_keys(['example_complex']) retrieved from /home/airflow/.local/lib/python3.6/site-packages/airflow/example_dags/example_complex.py
[2021-10-24 22:55:13,944] {logging_mixin.py:109} INFO - [2021-10-24 22:55:13,944] {dag.py:2389} INFO - Sync 1 DAGs
[2021-10-24 22:55:13,976] {logging_mixin.py:109} INFO - [2021-10-24 22:55:13,975] {dag.py:2914} INFO - Setting next_dagrun for example_complex to None
[2021-10-24 22:55:13,990] {processor.py:171} INFO - Processing /home/airflow/.local/lib/python3.6/site-packages/airflow/example_dags/example_complex.py took 0.147 seconds
[2021-10-24 22:55:44,370] {processor.py:163} INFO - Started process (PID=118) to work on /home/airflow/.local/lib/python3.6/site-packages/airflow/example_dags/example_complex.py
[2021-10-24 22:55:44,371] {processor.py:620} INFO - Processing file /home/airflow/.local/lib/python3.6/site-packages/airflow/example_dags/example_complex.py for tasks to queue
[2021-10-24 22:55:44,372] {logging_mixin.py:109} INFO - [2021-10-24 22:55:44,371] {dagbag.py:500} INFO - Filling up the DagBag from /home/airflow/.local/lib/python3.6/site-packages/airflow/example_dags/example_complex.py
[2021-10-24 22:55:44,408] {processor.py:632} INFO - DAG(s) dict_keys(['example_complex']) retrieved from /home/airflow/.local/lib/python3.6/site-packages/airflow/example_dags/example_complex.py
[2021-10-24 22:55:44,427] {logging_mixin.py:109} INFO - [2021-10-24 22:55:44,426] {dag.py:2389} INFO - Sync 1 DAGs
[2021-10-24 22:55:44,440] {logging_mixin.py:109} INFO - [2021-10-24 22:55:44,440] {dag.py:2914} INFO - Setting next_dagrun for example_complex to None
[2021-10-24 22:55:44,448] {processor.py:171} INFO - Processing /home/airflow/.local/lib/python3.6/site-packages/airflow/example_dags/example_complex.py took 0.081 seconds
[2021-10-24 22:56:14,849] {processor.py:163} INFO - Started process (PID=192) to work on /home/airflow/.local/lib/python3.6/site-packages/airflow/example_dags/example_complex.py
[2021-10-24 22:56:14,850] {processor.py:620} INFO - Processing file /home/airflow/.local/lib/python3.6/site-packages/airflow/example_dags/example_complex.py for tasks to queue
[2021-10-24 22:56:14,851] {logging_mixin.py:109} INFO - [2021-10-24 22:56:14,851] {dagbag.py:500} INFO - Filling up the DagBag from /home/airflow/.local/lib/python3.6/site-packages/airflow/example_dags/example_complex.py
[2021-10-24 22:56:14,885] {processor.py:632} INFO - DAG(s) dict_keys(['example_complex']) retrieved from /home/airflow/.local/lib/python3.6/site-packages/airflow/example_dags/example_complex.py
[2021-10-24 22:56:14,902] {logging_mixin.py:109} INFO - [2021-10-24 22:56:14,902] {dag.py:2389} INFO - Sync 1 DAGs
[2021-10-24 22:56:14,916] {logging_mixin.py:109} INFO - [2021-10-24 22:56:14,916] {dag.py:2914} INFO - Setting next_dagrun for example_complex to None
[2021-10-24 22:56:14,924] {processor.py:171} INFO - Processing /home/airflow/.local/lib/python3.6/site-packages/airflow/example_dags/example_complex.py took 0.078 seconds
[2021-10-24 22:57:26,713] {processor.py:163} INFO - Started process (PID=61) to work on /home/airflow/.local/lib/python3.6/site-packages/airflow/example_dags/example_complex.py
[2021-10-24 22:57:26,715] {processor.py:620} INFO - Processing file /home/airflow/.local/lib/python3.6/site-packages/airflow/example_dags/example_complex.py for tasks to queue
[2021-10-24 22:57:26,716] {logging_mixin.py:109} INFO - [2021-10-24 22:57:26,716] {dagbag.py:500} INFO - Filling up the DagBag from /home/airflow/.local/lib/python3.6/site-packages/airflow/example_dags/example_complex.py
[2021-10-24 22:57:26,763] {processor.py:632} INFO - DAG(s) dict_keys(['example_complex']) retrieved from /home/airflow/.local/lib/python3.6/site-packages/airflow/example_dags/example_complex.py
[2021-10-24 22:57:26,793] {logging_mixin.py:109} INFO - [2021-10-24 22:57:26,793] {dag.py:2389} INFO - Sync 1 DAGs
[2021-10-24 22:57:26,817] {logging_mixin.py:109} INFO - [2021-10-24 22:57:26,817] {dag.py:2914} INFO - Setting next_dagrun for example_complex to None
[2021-10-24 22:57:26,830] {processor.py:171} INFO - Processing /home/airflow/.local/lib/python3.6/site-packages/airflow/example_dags/example_complex.py took 0.120 seconds
[2021-10-24 22:57:57,393] {processor.py:163} INFO - Started process (PID=117) to work on /home/airflow/.local/lib/python3.6/site-packages/airflow/example_dags/example_complex.py
[2021-10-24 22:57:57,394] {processor.py:620} INFO - Processing file /home/airflow/.local/lib/python3.6/site-packages/airflow/example_dags/example_complex.py for tasks to queue
[2021-10-24 22:57:57,395] {logging_mixin.py:109} INFO - [2021-10-24 22:57:57,395] {dagbag.py:500} INFO - Filling up the DagBag from /home/airflow/.local/lib/python3.6/site-packages/airflow/example_dags/example_complex.py
[2021-10-24 22:57:57,437] {processor.py:632} INFO - DAG(s) dict_keys(['example_complex']) retrieved from /home/airflow/.local/lib/python3.6/site-packages/airflow/example_dags/example_complex.py
[2021-10-24 22:57:57,456] {logging_mixin.py:109} INFO - [2021-10-24 22:57:57,456] {dag.py:2389} INFO - Sync 1 DAGs
[2021-10-24 22:57:57,471] {logging_mixin.py:109} INFO - [2021-10-24 22:57:57,471] {dag.py:2914} INFO - Setting next_dagrun for example_complex to None
[2021-10-24 22:57:57,479] {processor.py:171} INFO - Processing /home/airflow/.local/lib/python3.6/site-packages/airflow/example_dags/example_complex.py took 0.090 seconds
[2021-10-24 22:58:28,070] {processor.py:163} INFO - Started process (PID=192) to work on /home/airflow/.local/lib/python3.6/site-packages/airflow/example_dags/example_complex.py
[2021-10-24 22:58:28,071] {processor.py:620} INFO - Processing file /home/airflow/.local/lib/python3.6/site-packages/airflow/example_dags/example_complex.py for tasks to queue
[2021-10-24 22:58:28,072] {logging_mixin.py:109} INFO - [2021-10-24 22:58:28,072] {dagbag.py:500} INFO - Filling up the DagBag from /home/airflow/.local/lib/python3.6/site-packages/airflow/example_dags/example_complex.py
[2021-10-24 22:58:28,116] {processor.py:632} INFO - DAG(s) dict_keys(['example_complex']) retrieved from /home/airflow/.local/lib/python3.6/site-packages/airflow/example_dags/example_complex.py
[2021-10-24 22:58:28,136] {logging_mixin.py:109} INFO - [2021-10-24 22:58:28,136] {dag.py:2389} INFO - Sync 1 DAGs
[2021-10-24 22:58:28,152] {logging_mixin.py:109} INFO - [2021-10-24 22:58:28,152] {dag.py:2914} INFO - Setting next_dagrun for example_complex to None
[2021-10-24 22:58:28,160] {processor.py:171} INFO - Processing /home/airflow/.local/lib/python3.6/site-packages/airflow/example_dags/example_complex.py took 0.093 seconds
[2021-10-24 22:58:58,226] {processor.py:163} INFO - Started process (PID=256) to work on /home/airflow/.local/lib/python3.6/site-packages/airflow/example_dags/example_complex.py
[2021-10-24 22:58:58,227] {processor.py:620} INFO - Processing file /home/airflow/.local/lib/python3.6/site-packages/airflow/example_dags/example_complex.py for tasks to queue
[2021-10-24 22:58:58,228] {logging_mixin.py:109} INFO - [2021-10-24 22:58:58,228] {dagbag.py:500} INFO - Filling up the DagBag from /home/airflow/.local/lib/python3.6/site-packages/airflow/example_dags/example_complex.py
[2021-10-24 22:58:58,262] {processor.py:632} INFO - DAG(s) dict_keys(['example_complex']) retrieved from /home/airflow/.local/lib/python3.6/site-packages/airflow/example_dags/example_complex.py
[2021-10-24 22:58:58,279] {logging_mixin.py:109} INFO - [2021-10-24 22:58:58,279] {dag.py:2389} INFO - Sync 1 DAGs
[2021-10-24 22:58:58,294] {logging_mixin.py:109} INFO - [2021-10-24 22:58:58,293] {dag.py:2914} INFO - Setting next_dagrun for example_complex to None
[2021-10-24 22:58:58,301] {processor.py:171} INFO - Processing /home/airflow/.local/lib/python3.6/site-packages/airflow/example_dags/example_complex.py took 0.078 seconds
[2021-10-24 22:59:29,052] {processor.py:163} INFO - Started process (PID=332) to work on /home/airflow/.local/lib/python3.6/site-packages/airflow/example_dags/example_complex.py
[2021-10-24 22:59:29,053] {processor.py:620} INFO - Processing file /home/airflow/.local/lib/python3.6/site-packages/airflow/example_dags/example_complex.py for tasks to queue
[2021-10-24 22:59:29,054] {logging_mixin.py:109} INFO - [2021-10-24 22:59:29,054] {dagbag.py:500} INFO - Filling up the DagBag from /home/airflow/.local/lib/python3.6/site-packages/airflow/example_dags/example_complex.py
[2021-10-24 22:59:29,093] {processor.py:632} INFO - DAG(s) dict_keys(['example_complex']) retrieved from /home/airflow/.local/lib/python3.6/site-packages/airflow/example_dags/example_complex.py
[2021-10-24 22:59:29,114] {logging_mixin.py:109} INFO - [2021-10-24 22:59:29,114] {dag.py:2389} INFO - Sync 1 DAGs
[2021-10-24 22:59:29,129] {logging_mixin.py:109} INFO - [2021-10-24 22:59:29,129] {dag.py:2914} INFO - Setting next_dagrun for example_complex to None
[2021-10-24 22:59:29,137] {processor.py:171} INFO - Processing /home/airflow/.local/lib/python3.6/site-packages/airflow/example_dags/example_complex.py took 0.088 seconds
[2021-10-24 23:47:49,440] {processor.py:163} INFO - Started process (PID=61) to work on /home/airflow/.local/lib/python3.6/site-packages/airflow/example_dags/example_complex.py
[2021-10-24 23:47:49,456] {processor.py:620} INFO - Processing file /home/airflow/.local/lib/python3.6/site-packages/airflow/example_dags/example_complex.py for tasks to queue
[2021-10-24 23:47:49,457] {logging_mixin.py:109} INFO - [2021-10-24 23:47:49,457] {dagbag.py:500} INFO - Filling up the DagBag from /home/airflow/.local/lib/python3.6/site-packages/airflow/example_dags/example_complex.py
[2021-10-24 23:47:49,515] {processor.py:632} INFO - DAG(s) dict_keys(['example_complex']) retrieved from /home/airflow/.local/lib/python3.6/site-packages/airflow/example_dags/example_complex.py
[2021-10-24 23:47:49,541] {logging_mixin.py:109} INFO - [2021-10-24 23:47:49,541] {dag.py:2389} INFO - Sync 1 DAGs
[2021-10-24 23:47:49,563] {logging_mixin.py:109} INFO - [2021-10-24 23:47:49,563] {dag.py:2914} INFO - Setting next_dagrun for example_complex to None
[2021-10-24 23:47:49,578] {processor.py:171} INFO - Processing /home/airflow/.local/lib/python3.6/site-packages/airflow/example_dags/example_complex.py took 0.153 seconds
[2021-10-24 23:48:19,685] {processor.py:163} INFO - Started process (PID=118) to work on /home/airflow/.local/lib/python3.6/site-packages/airflow/example_dags/example_complex.py
[2021-10-24 23:48:19,687] {processor.py:620} INFO - Processing file /home/airflow/.local/lib/python3.6/site-packages/airflow/example_dags/example_complex.py for tasks to queue
[2021-10-24 23:48:19,687] {logging_mixin.py:109} INFO - [2021-10-24 23:48:19,687] {dagbag.py:500} INFO - Filling up the DagBag from /home/airflow/.local/lib/python3.6/site-packages/airflow/example_dags/example_complex.py
[2021-10-24 23:48:19,766] {processor.py:632} INFO - DAG(s) dict_keys(['example_complex']) retrieved from /home/airflow/.local/lib/python3.6/site-packages/airflow/example_dags/example_complex.py
[2021-10-24 23:48:19,806] {logging_mixin.py:109} INFO - [2021-10-24 23:48:19,806] {dag.py:2389} INFO - Sync 1 DAGs
[2021-10-24 23:48:19,834] {logging_mixin.py:109} INFO - [2021-10-24 23:48:19,833] {dag.py:2914} INFO - Setting next_dagrun for example_complex to None
[2021-10-24 23:48:19,846] {processor.py:171} INFO - Processing /home/airflow/.local/lib/python3.6/site-packages/airflow/example_dags/example_complex.py took 0.166 seconds
[2021-10-24 23:48:50,216] {processor.py:163} INFO - Started process (PID=184) to work on /home/airflow/.local/lib/python3.6/site-packages/airflow/example_dags/example_complex.py
[2021-10-24 23:48:50,218] {processor.py:620} INFO - Processing file /home/airflow/.local/lib/python3.6/site-packages/airflow/example_dags/example_complex.py for tasks to queue
[2021-10-24 23:48:50,218] {logging_mixin.py:109} INFO - [2021-10-24 23:48:50,218] {dagbag.py:500} INFO - Filling up the DagBag from /home/airflow/.local/lib/python3.6/site-packages/airflow/example_dags/example_complex.py
[2021-10-24 23:48:50,272] {processor.py:632} INFO - DAG(s) dict_keys(['example_complex']) retrieved from /home/airflow/.local/lib/python3.6/site-packages/airflow/example_dags/example_complex.py
[2021-10-24 23:48:50,299] {logging_mixin.py:109} INFO - [2021-10-24 23:48:50,299] {dag.py:2389} INFO - Sync 1 DAGs
[2021-10-24 23:48:50,322] {logging_mixin.py:109} INFO - [2021-10-24 23:48:50,322] {dag.py:2914} INFO - Setting next_dagrun for example_complex to None
[2021-10-24 23:48:50,336] {processor.py:171} INFO - Processing /home/airflow/.local/lib/python3.6/site-packages/airflow/example_dags/example_complex.py took 0.123 seconds
[2021-10-24 23:49:20,478] {processor.py:163} INFO - Started process (PID=249) to work on /home/airflow/.local/lib/python3.6/site-packages/airflow/example_dags/example_complex.py
[2021-10-24 23:49:20,481] {processor.py:620} INFO - Processing file /home/airflow/.local/lib/python3.6/site-packages/airflow/example_dags/example_complex.py for tasks to queue
[2021-10-24 23:49:20,482] {logging_mixin.py:109} INFO - [2021-10-24 23:49:20,482] {dagbag.py:500} INFO - Filling up the DagBag from /home/airflow/.local/lib/python3.6/site-packages/airflow/example_dags/example_complex.py
[2021-10-24 23:49:20,537] {processor.py:632} INFO - DAG(s) dict_keys(['example_complex']) retrieved from /home/airflow/.local/lib/python3.6/site-packages/airflow/example_dags/example_complex.py
[2021-10-24 23:49:20,564] {logging_mixin.py:109} INFO - [2021-10-24 23:49:20,564] {dag.py:2389} INFO - Sync 1 DAGs
[2021-10-24 23:49:20,588] {logging_mixin.py:109} INFO - [2021-10-24 23:49:20,588] {dag.py:2914} INFO - Setting next_dagrun for example_complex to None
[2021-10-24 23:49:20,598] {processor.py:171} INFO - Processing /home/airflow/.local/lib/python3.6/site-packages/airflow/example_dags/example_complex.py took 0.127 seconds
[2021-10-24 23:49:51,161] {processor.py:163} INFO - Started process (PID=313) to work on /home/airflow/.local/lib/python3.6/site-packages/airflow/example_dags/example_complex.py
[2021-10-24 23:49:51,162] {processor.py:620} INFO - Processing file /home/airflow/.local/lib/python3.6/site-packages/airflow/example_dags/example_complex.py for tasks to queue
[2021-10-24 23:49:51,163] {logging_mixin.py:109} INFO - [2021-10-24 23:49:51,163] {dagbag.py:500} INFO - Filling up the DagBag from /home/airflow/.local/lib/python3.6/site-packages/airflow/example_dags/example_complex.py
[2021-10-24 23:49:51,253] {processor.py:632} INFO - DAG(s) dict_keys(['example_complex']) retrieved from /home/airflow/.local/lib/python3.6/site-packages/airflow/example_dags/example_complex.py
[2021-10-24 23:49:51,291] {logging_mixin.py:109} INFO - [2021-10-24 23:49:51,291] {dag.py:2389} INFO - Sync 1 DAGs
[2021-10-24 23:49:51,325] {logging_mixin.py:109} INFO - [2021-10-24 23:49:51,325] {dag.py:2914} INFO - Setting next_dagrun for example_complex to None
[2021-10-24 23:49:51,350] {processor.py:171} INFO - Processing /home/airflow/.local/lib/python3.6/site-packages/airflow/example_dags/example_complex.py took 0.194 seconds
[2021-10-24 23:50:21,387] {processor.py:163} INFO - Started process (PID=377) to work on /home/airflow/.local/lib/python3.6/site-packages/airflow/example_dags/example_complex.py
[2021-10-24 23:50:21,388] {processor.py:620} INFO - Processing file /home/airflow/.local/lib/python3.6/site-packages/airflow/example_dags/example_complex.py for tasks to queue
[2021-10-24 23:50:21,389] {logging_mixin.py:109} INFO - [2021-10-24 23:50:21,389] {dagbag.py:500} INFO - Filling up the DagBag from /home/airflow/.local/lib/python3.6/site-packages/airflow/example_dags/example_complex.py
[2021-10-24 23:50:21,477] {processor.py:632} INFO - DAG(s) dict_keys(['example_complex']) retrieved from /home/airflow/.local/lib/python3.6/site-packages/airflow/example_dags/example_complex.py
[2021-10-24 23:50:21,510] {logging_mixin.py:109} INFO - [2021-10-24 23:50:21,509] {dag.py:2389} INFO - Sync 1 DAGs
[2021-10-24 23:50:21,534] {logging_mixin.py:109} INFO - [2021-10-24 23:50:21,533] {dag.py:2914} INFO - Setting next_dagrun for example_complex to None
[2021-10-24 23:50:21,551] {processor.py:171} INFO - Processing /home/airflow/.local/lib/python3.6/site-packages/airflow/example_dags/example_complex.py took 0.169 seconds
[2021-10-24 23:50:51,961] {processor.py:163} INFO - Started process (PID=453) to work on /home/airflow/.local/lib/python3.6/site-packages/airflow/example_dags/example_complex.py
[2021-10-24 23:50:51,964] {processor.py:620} INFO - Processing file /home/airflow/.local/lib/python3.6/site-packages/airflow/example_dags/example_complex.py for tasks to queue
[2021-10-24 23:50:51,966] {logging_mixin.py:109} INFO - [2021-10-24 23:50:51,965] {dagbag.py:500} INFO - Filling up the DagBag from /home/airflow/.local/lib/python3.6/site-packages/airflow/example_dags/example_complex.py
[2021-10-24 23:50:52,073] {processor.py:632} INFO - DAG(s) dict_keys(['example_complex']) retrieved from /home/airflow/.local/lib/python3.6/site-packages/airflow/example_dags/example_complex.py
[2021-10-24 23:50:52,120] {logging_mixin.py:109} INFO - [2021-10-24 23:50:52,120] {dag.py:2389} INFO - Sync 1 DAGs
[2021-10-24 23:50:52,156] {logging_mixin.py:109} INFO - [2021-10-24 23:50:52,156] {dag.py:2914} INFO - Setting next_dagrun for example_complex to None
[2021-10-24 23:50:52,175] {processor.py:171} INFO - Processing /home/airflow/.local/lib/python3.6/site-packages/airflow/example_dags/example_complex.py took 0.220 seconds
[2021-10-24 23:51:22,871] {processor.py:163} INFO - Started process (PID=524) to work on /home/airflow/.local/lib/python3.6/site-packages/airflow/example_dags/example_complex.py
[2021-10-24 23:51:22,873] {processor.py:620} INFO - Processing file /home/airflow/.local/lib/python3.6/site-packages/airflow/example_dags/example_complex.py for tasks to queue
[2021-10-24 23:51:22,874] {logging_mixin.py:109} INFO - [2021-10-24 23:51:22,873] {dagbag.py:500} INFO - Filling up the DagBag from /home/airflow/.local/lib/python3.6/site-packages/airflow/example_dags/example_complex.py
[2021-10-24 23:51:22,933] {processor.py:632} INFO - DAG(s) dict_keys(['example_complex']) retrieved from /home/airflow/.local/lib/python3.6/site-packages/airflow/example_dags/example_complex.py
[2021-10-24 23:51:22,958] {logging_mixin.py:109} INFO - [2021-10-24 23:51:22,958] {dag.py:2389} INFO - Sync 1 DAGs
[2021-10-24 23:51:22,988] {logging_mixin.py:109} INFO - [2021-10-24 23:51:22,988] {dag.py:2914} INFO - Setting next_dagrun for example_complex to None
[2021-10-24 23:51:23,005] {processor.py:171} INFO - Processing /home/airflow/.local/lib/python3.6/site-packages/airflow/example_dags/example_complex.py took 0.140 seconds
[2021-10-24 23:51:53,837] {processor.py:163} INFO - Started process (PID=588) to work on /home/airflow/.local/lib/python3.6/site-packages/airflow/example_dags/example_complex.py
[2021-10-24 23:51:53,841] {processor.py:620} INFO - Processing file /home/airflow/.local/lib/python3.6/site-packages/airflow/example_dags/example_complex.py for tasks to queue
[2021-10-24 23:51:53,842] {logging_mixin.py:109} INFO - [2021-10-24 23:51:53,842] {dagbag.py:500} INFO - Filling up the DagBag from /home/airflow/.local/lib/python3.6/site-packages/airflow/example_dags/example_complex.py
[2021-10-24 23:51:53,908] {processor.py:632} INFO - DAG(s) dict_keys(['example_complex']) retrieved from /home/airflow/.local/lib/python3.6/site-packages/airflow/example_dags/example_complex.py
[2021-10-24 23:51:53,940] {logging_mixin.py:109} INFO - [2021-10-24 23:51:53,940] {dag.py:2389} INFO - Sync 1 DAGs
[2021-10-24 23:51:53,966] {logging_mixin.py:109} INFO - [2021-10-24 23:51:53,966] {dag.py:2914} INFO - Setting next_dagrun for example_complex to None
[2021-10-24 23:51:53,985] {processor.py:171} INFO - Processing /home/airflow/.local/lib/python3.6/site-packages/airflow/example_dags/example_complex.py took 0.154 seconds
[2021-10-24 23:52:24,602] {processor.py:163} INFO - Started process (PID=652) to work on /home/airflow/.local/lib/python3.6/site-packages/airflow/example_dags/example_complex.py
[2021-10-24 23:52:24,604] {processor.py:620} INFO - Processing file /home/airflow/.local/lib/python3.6/site-packages/airflow/example_dags/example_complex.py for tasks to queue
[2021-10-24 23:52:24,606] {logging_mixin.py:109} INFO - [2021-10-24 23:52:24,605] {dagbag.py:500} INFO - Filling up the DagBag from /home/airflow/.local/lib/python3.6/site-packages/airflow/example_dags/example_complex.py
[2021-10-24 23:52:24,668] {processor.py:632} INFO - DAG(s) dict_keys(['example_complex']) retrieved from /home/airflow/.local/lib/python3.6/site-packages/airflow/example_dags/example_complex.py
[2021-10-24 23:52:24,699] {logging_mixin.py:109} INFO - [2021-10-24 23:52:24,699] {dag.py:2389} INFO - Sync 1 DAGs
[2021-10-24 23:52:24,727] {logging_mixin.py:109} INFO - [2021-10-24 23:52:24,727] {dag.py:2914} INFO - Setting next_dagrun for example_complex to None
[2021-10-24 23:52:24,744] {processor.py:171} INFO - Processing /home/airflow/.local/lib/python3.6/site-packages/airflow/example_dags/example_complex.py took 0.145 seconds
[2021-10-24 23:52:55,201] {processor.py:163} INFO - Started process (PID=717) to work on /home/airflow/.local/lib/python3.6/site-packages/airflow/example_dags/example_complex.py
[2021-10-24 23:52:55,202] {processor.py:620} INFO - Processing file /home/airflow/.local/lib/python3.6/site-packages/airflow/example_dags/example_complex.py for tasks to queue
[2021-10-24 23:52:55,203] {logging_mixin.py:109} INFO - [2021-10-24 23:52:55,203] {dagbag.py:500} INFO - Filling up the DagBag from /home/airflow/.local/lib/python3.6/site-packages/airflow/example_dags/example_complex.py
[2021-10-24 23:52:55,261] {processor.py:632} INFO - DAG(s) dict_keys(['example_complex']) retrieved from /home/airflow/.local/lib/python3.6/site-packages/airflow/example_dags/example_complex.py
[2021-10-24 23:52:55,289] {logging_mixin.py:109} INFO - [2021-10-24 23:52:55,289] {dag.py:2389} INFO - Sync 1 DAGs
[2021-10-24 23:52:55,311] {logging_mixin.py:109} INFO - [2021-10-24 23:52:55,311] {dag.py:2914} INFO - Setting next_dagrun for example_complex to None
[2021-10-24 23:52:55,324] {processor.py:171} INFO - Processing /home/airflow/.local/lib/python3.6/site-packages/airflow/example_dags/example_complex.py took 0.126 seconds
[2021-10-24 23:53:26,180] {processor.py:163} INFO - Started process (PID=782) to work on /home/airflow/.local/lib/python3.6/site-packages/airflow/example_dags/example_complex.py
[2021-10-24 23:53:26,182] {processor.py:620} INFO - Processing file /home/airflow/.local/lib/python3.6/site-packages/airflow/example_dags/example_complex.py for tasks to queue
[2021-10-24 23:53:26,182] {logging_mixin.py:109} INFO - [2021-10-24 23:53:26,182] {dagbag.py:500} INFO - Filling up the DagBag from /home/airflow/.local/lib/python3.6/site-packages/airflow/example_dags/example_complex.py
[2021-10-24 23:53:26,237] {processor.py:632} INFO - DAG(s) dict_keys(['example_complex']) retrieved from /home/airflow/.local/lib/python3.6/site-packages/airflow/example_dags/example_complex.py
[2021-10-24 23:53:26,267] {logging_mixin.py:109} INFO - [2021-10-24 23:53:26,267] {dag.py:2389} INFO - Sync 1 DAGs
[2021-10-24 23:53:26,287] {logging_mixin.py:109} INFO - [2021-10-24 23:53:26,287] {dag.py:2914} INFO - Setting next_dagrun for example_complex to None
[2021-10-24 23:53:26,298] {processor.py:171} INFO - Processing /home/airflow/.local/lib/python3.6/site-packages/airflow/example_dags/example_complex.py took 0.123 seconds
[2021-10-24 23:53:57,019] {processor.py:163} INFO - Started process (PID=846) to work on /home/airflow/.local/lib/python3.6/site-packages/airflow/example_dags/example_complex.py
[2021-10-24 23:53:57,021] {processor.py:620} INFO - Processing file /home/airflow/.local/lib/python3.6/site-packages/airflow/example_dags/example_complex.py for tasks to queue
[2021-10-24 23:53:57,022] {logging_mixin.py:109} INFO - [2021-10-24 23:53:57,022] {dagbag.py:500} INFO - Filling up the DagBag from /home/airflow/.local/lib/python3.6/site-packages/airflow/example_dags/example_complex.py
[2021-10-24 23:53:57,072] {processor.py:632} INFO - DAG(s) dict_keys(['example_complex']) retrieved from /home/airflow/.local/lib/python3.6/site-packages/airflow/example_dags/example_complex.py
[2021-10-24 23:53:57,098] {logging_mixin.py:109} INFO - [2021-10-24 23:53:57,098] {dag.py:2389} INFO - Sync 1 DAGs
[2021-10-24 23:53:57,120] {logging_mixin.py:109} INFO - [2021-10-24 23:53:57,120] {dag.py:2914} INFO - Setting next_dagrun for example_complex to None
[2021-10-24 23:53:57,133] {processor.py:171} INFO - Processing /home/airflow/.local/lib/python3.6/site-packages/airflow/example_dags/example_complex.py took 0.120 seconds
[2021-10-24 23:54:27,317] {processor.py:163} INFO - Started process (PID=916) to work on /home/airflow/.local/lib/python3.6/site-packages/airflow/example_dags/example_complex.py
[2021-10-24 23:54:27,318] {processor.py:620} INFO - Processing file /home/airflow/.local/lib/python3.6/site-packages/airflow/example_dags/example_complex.py for tasks to queue
[2021-10-24 23:54:27,319] {logging_mixin.py:109} INFO - [2021-10-24 23:54:27,319] {dagbag.py:500} INFO - Filling up the DagBag from /home/airflow/.local/lib/python3.6/site-packages/airflow/example_dags/example_complex.py
[2021-10-24 23:54:27,366] {processor.py:632} INFO - DAG(s) dict_keys(['example_complex']) retrieved from /home/airflow/.local/lib/python3.6/site-packages/airflow/example_dags/example_complex.py
[2021-10-24 23:54:27,391] {logging_mixin.py:109} INFO - [2021-10-24 23:54:27,391] {dag.py:2389} INFO - Sync 1 DAGs
[2021-10-24 23:54:27,406] {logging_mixin.py:109} INFO - [2021-10-24 23:54:27,406] {dag.py:2914} INFO - Setting next_dagrun for example_complex to None
[2021-10-24 23:54:27,414] {processor.py:171} INFO - Processing /home/airflow/.local/lib/python3.6/site-packages/airflow/example_dags/example_complex.py took 0.100 seconds
[2021-10-24 23:54:57,647] {processor.py:163} INFO - Started process (PID=991) to work on /home/airflow/.local/lib/python3.6/site-packages/airflow/example_dags/example_complex.py
[2021-10-24 23:54:57,649] {processor.py:620} INFO - Processing file /home/airflow/.local/lib/python3.6/site-packages/airflow/example_dags/example_complex.py for tasks to queue
[2021-10-24 23:54:57,651] {logging_mixin.py:109} INFO - [2021-10-24 23:54:57,650] {dagbag.py:500} INFO - Filling up the DagBag from /home/airflow/.local/lib/python3.6/site-packages/airflow/example_dags/example_complex.py
[2021-10-24 23:54:57,696] {processor.py:632} INFO - DAG(s) dict_keys(['example_complex']) retrieved from /home/airflow/.local/lib/python3.6/site-packages/airflow/example_dags/example_complex.py
[2021-10-24 23:54:57,719] {logging_mixin.py:109} INFO - [2021-10-24 23:54:57,718] {dag.py:2389} INFO - Sync 1 DAGs
[2021-10-24 23:54:57,737] {logging_mixin.py:109} INFO - [2021-10-24 23:54:57,737] {dag.py:2914} INFO - Setting next_dagrun for example_complex to None
[2021-10-24 23:54:57,748] {processor.py:171} INFO - Processing /home/airflow/.local/lib/python3.6/site-packages/airflow/example_dags/example_complex.py took 0.106 seconds
[2021-10-24 23:55:27,788] {processor.py:163} INFO - Started process (PID=1055) to work on /home/airflow/.local/lib/python3.6/site-packages/airflow/example_dags/example_complex.py
[2021-10-24 23:55:27,790] {processor.py:620} INFO - Processing file /home/airflow/.local/lib/python3.6/site-packages/airflow/example_dags/example_complex.py for tasks to queue
[2021-10-24 23:55:27,791] {logging_mixin.py:109} INFO - [2021-10-24 23:55:27,791] {dagbag.py:500} INFO - Filling up the DagBag from /home/airflow/.local/lib/python3.6/site-packages/airflow/example_dags/example_complex.py
[2021-10-24 23:55:27,857] {processor.py:632} INFO - DAG(s) dict_keys(['example_complex']) retrieved from /home/airflow/.local/lib/python3.6/site-packages/airflow/example_dags/example_complex.py
[2021-10-24 23:55:27,884] {logging_mixin.py:109} INFO - [2021-10-24 23:55:27,883] {dag.py:2389} INFO - Sync 1 DAGs
[2021-10-24 23:55:27,904] {logging_mixin.py:109} INFO - [2021-10-24 23:55:27,904] {dag.py:2914} INFO - Setting next_dagrun for example_complex to None
[2021-10-24 23:55:27,916] {processor.py:171} INFO - Processing /home/airflow/.local/lib/python3.6/site-packages/airflow/example_dags/example_complex.py took 0.133 seconds
[2021-10-24 23:55:58,749] {processor.py:163} INFO - Started process (PID=1129) to work on /home/airflow/.local/lib/python3.6/site-packages/airflow/example_dags/example_complex.py
[2021-10-24 23:55:58,750] {processor.py:620} INFO - Processing file /home/airflow/.local/lib/python3.6/site-packages/airflow/example_dags/example_complex.py for tasks to queue
[2021-10-24 23:55:58,750] {logging_mixin.py:109} INFO - [2021-10-24 23:55:58,750] {dagbag.py:500} INFO - Filling up the DagBag from /home/airflow/.local/lib/python3.6/site-packages/airflow/example_dags/example_complex.py
[2021-10-24 23:55:58,782] {processor.py:632} INFO - DAG(s) dict_keys(['example_complex']) retrieved from /home/airflow/.local/lib/python3.6/site-packages/airflow/example_dags/example_complex.py
[2021-10-24 23:55:58,798] {logging_mixin.py:109} INFO - [2021-10-24 23:55:58,798] {dag.py:2389} INFO - Sync 1 DAGs
[2021-10-24 23:55:58,812] {logging_mixin.py:109} INFO - [2021-10-24 23:55:58,812] {dag.py:2914} INFO - Setting next_dagrun for example_complex to None
[2021-10-24 23:55:58,819] {processor.py:171} INFO - Processing /home/airflow/.local/lib/python3.6/site-packages/airflow/example_dags/example_complex.py took 0.073 seconds
[2021-10-24 23:56:29,192] {processor.py:163} INFO - Started process (PID=1194) to work on /home/airflow/.local/lib/python3.6/site-packages/airflow/example_dags/example_complex.py
[2021-10-24 23:56:29,193] {processor.py:620} INFO - Processing file /home/airflow/.local/lib/python3.6/site-packages/airflow/example_dags/example_complex.py for tasks to queue
[2021-10-24 23:56:29,193] {logging_mixin.py:109} INFO - [2021-10-24 23:56:29,193] {dagbag.py:500} INFO - Filling up the DagBag from /home/airflow/.local/lib/python3.6/site-packages/airflow/example_dags/example_complex.py
[2021-10-24 23:56:29,226] {processor.py:632} INFO - DAG(s) dict_keys(['example_complex']) retrieved from /home/airflow/.local/lib/python3.6/site-packages/airflow/example_dags/example_complex.py
[2021-10-24 23:56:29,243] {logging_mixin.py:109} INFO - [2021-10-24 23:56:29,242] {dag.py:2389} INFO - Sync 1 DAGs
[2021-10-24 23:56:29,257] {logging_mixin.py:109} INFO - [2021-10-24 23:56:29,257] {dag.py:2914} INFO - Setting next_dagrun for example_complex to None
[2021-10-24 23:56:29,265] {processor.py:171} INFO - Processing /home/airflow/.local/lib/python3.6/site-packages/airflow/example_dags/example_complex.py took 0.076 seconds
[2021-10-24 23:56:59,520] {processor.py:163} INFO - Started process (PID=1258) to work on /home/airflow/.local/lib/python3.6/site-packages/airflow/example_dags/example_complex.py
[2021-10-24 23:56:59,521] {processor.py:620} INFO - Processing file /home/airflow/.local/lib/python3.6/site-packages/airflow/example_dags/example_complex.py for tasks to queue
[2021-10-24 23:56:59,521] {logging_mixin.py:109} INFO - [2021-10-24 23:56:59,521] {dagbag.py:500} INFO - Filling up the DagBag from /home/airflow/.local/lib/python3.6/site-packages/airflow/example_dags/example_complex.py
[2021-10-24 23:56:59,553] {processor.py:632} INFO - DAG(s) dict_keys(['example_complex']) retrieved from /home/airflow/.local/lib/python3.6/site-packages/airflow/example_dags/example_complex.py
[2021-10-24 23:56:59,570] {logging_mixin.py:109} INFO - [2021-10-24 23:56:59,570] {dag.py:2389} INFO - Sync 1 DAGs
[2021-10-24 23:56:59,584] {logging_mixin.py:109} INFO - [2021-10-24 23:56:59,584] {dag.py:2914} INFO - Setting next_dagrun for example_complex to None
[2021-10-24 23:56:59,592] {processor.py:171} INFO - Processing /home/airflow/.local/lib/python3.6/site-packages/airflow/example_dags/example_complex.py took 0.074 seconds
[2021-10-24 23:57:30,424] {processor.py:163} INFO - Started process (PID=1333) to work on /home/airflow/.local/lib/python3.6/site-packages/airflow/example_dags/example_complex.py
[2021-10-24 23:57:30,425] {processor.py:620} INFO - Processing file /home/airflow/.local/lib/python3.6/site-packages/airflow/example_dags/example_complex.py for tasks to queue
[2021-10-24 23:57:30,426] {logging_mixin.py:109} INFO - [2021-10-24 23:57:30,426] {dagbag.py:500} INFO - Filling up the DagBag from /home/airflow/.local/lib/python3.6/site-packages/airflow/example_dags/example_complex.py
[2021-10-24 23:57:30,471] {processor.py:632} INFO - DAG(s) dict_keys(['example_complex']) retrieved from /home/airflow/.local/lib/python3.6/site-packages/airflow/example_dags/example_complex.py
[2021-10-24 23:57:30,494] {logging_mixin.py:109} INFO - [2021-10-24 23:57:30,494] {dag.py:2389} INFO - Sync 1 DAGs
[2021-10-24 23:57:30,511] {logging_mixin.py:109} INFO - [2021-10-24 23:57:30,511] {dag.py:2914} INFO - Setting next_dagrun for example_complex to None
[2021-10-24 23:57:30,758] {processor.py:171} INFO - Processing /home/airflow/.local/lib/python3.6/site-packages/airflow/example_dags/example_complex.py took 0.338 seconds
[2021-10-24 23:58:01,600] {processor.py:163} INFO - Started process (PID=1399) to work on /home/airflow/.local/lib/python3.6/site-packages/airflow/example_dags/example_complex.py
[2021-10-24 23:58:01,604] {processor.py:620} INFO - Processing file /home/airflow/.local/lib/python3.6/site-packages/airflow/example_dags/example_complex.py for tasks to queue
[2021-10-24 23:58:01,605] {logging_mixin.py:109} INFO - [2021-10-24 23:58:01,605] {dagbag.py:500} INFO - Filling up the DagBag from /home/airflow/.local/lib/python3.6/site-packages/airflow/example_dags/example_complex.py
[2021-10-24 23:58:01,664] {processor.py:632} INFO - DAG(s) dict_keys(['example_complex']) retrieved from /home/airflow/.local/lib/python3.6/site-packages/airflow/example_dags/example_complex.py
[2021-10-24 23:58:01,698] {logging_mixin.py:109} INFO - [2021-10-24 23:58:01,698] {dag.py:2389} INFO - Sync 1 DAGs
[2021-10-24 23:58:01,730] {logging_mixin.py:109} INFO - [2021-10-24 23:58:01,730] {dag.py:2914} INFO - Setting next_dagrun for example_complex to None
[2021-10-24 23:58:01,746] {processor.py:171} INFO - Processing /home/airflow/.local/lib/python3.6/site-packages/airflow/example_dags/example_complex.py took 0.150 seconds
[2021-10-24 23:58:31,831] {processor.py:163} INFO - Started process (PID=1466) to work on /home/airflow/.local/lib/python3.6/site-packages/airflow/example_dags/example_complex.py
[2021-10-24 23:58:31,832] {processor.py:620} INFO - Processing file /home/airflow/.local/lib/python3.6/site-packages/airflow/example_dags/example_complex.py for tasks to queue
[2021-10-24 23:58:31,832] {logging_mixin.py:109} INFO - [2021-10-24 23:58:31,832] {dagbag.py:500} INFO - Filling up the DagBag from /home/airflow/.local/lib/python3.6/site-packages/airflow/example_dags/example_complex.py
[2021-10-24 23:58:31,872] {processor.py:632} INFO - DAG(s) dict_keys(['example_complex']) retrieved from /home/airflow/.local/lib/python3.6/site-packages/airflow/example_dags/example_complex.py
[2021-10-24 23:58:31,892] {logging_mixin.py:109} INFO - [2021-10-24 23:58:31,891] {dag.py:2389} INFO - Sync 1 DAGs
[2021-10-24 23:58:31,907] {logging_mixin.py:109} INFO - [2021-10-24 23:58:31,907] {dag.py:2914} INFO - Setting next_dagrun for example_complex to None
[2021-10-24 23:58:31,918] {processor.py:171} INFO - Processing /home/airflow/.local/lib/python3.6/site-packages/airflow/example_dags/example_complex.py took 0.090 seconds
[2021-10-24 23:59:02,368] {processor.py:163} INFO - Started process (PID=1542) to work on /home/airflow/.local/lib/python3.6/site-packages/airflow/example_dags/example_complex.py
[2021-10-24 23:59:02,370] {processor.py:620} INFO - Processing file /home/airflow/.local/lib/python3.6/site-packages/airflow/example_dags/example_complex.py for tasks to queue
[2021-10-24 23:59:02,371] {logging_mixin.py:109} INFO - [2021-10-24 23:59:02,370] {dagbag.py:500} INFO - Filling up the DagBag from /home/airflow/.local/lib/python3.6/site-packages/airflow/example_dags/example_complex.py
[2021-10-24 23:59:02,433] {processor.py:632} INFO - DAG(s) dict_keys(['example_complex']) retrieved from /home/airflow/.local/lib/python3.6/site-packages/airflow/example_dags/example_complex.py
[2021-10-24 23:59:02,470] {logging_mixin.py:109} INFO - [2021-10-24 23:59:02,470] {dag.py:2389} INFO - Sync 1 DAGs
[2021-10-24 23:59:02,497] {logging_mixin.py:109} INFO - [2021-10-24 23:59:02,497] {dag.py:2914} INFO - Setting next_dagrun for example_complex to None
[2021-10-24 23:59:02,529] {processor.py:171} INFO - Processing /home/airflow/.local/lib/python3.6/site-packages/airflow/example_dags/example_complex.py took 0.164 seconds
[2021-10-24 23:59:32,724] {processor.py:163} INFO - Started process (PID=1608) to work on /home/airflow/.local/lib/python3.6/site-packages/airflow/example_dags/example_complex.py
[2021-10-24 23:59:32,727] {processor.py:620} INFO - Processing file /home/airflow/.local/lib/python3.6/site-packages/airflow/example_dags/example_complex.py for tasks to queue
[2021-10-24 23:59:32,728] {logging_mixin.py:109} INFO - [2021-10-24 23:59:32,728] {dagbag.py:500} INFO - Filling up the DagBag from /home/airflow/.local/lib/python3.6/site-packages/airflow/example_dags/example_complex.py
[2021-10-24 23:59:32,785] {processor.py:632} INFO - DAG(s) dict_keys(['example_complex']) retrieved from /home/airflow/.local/lib/python3.6/site-packages/airflow/example_dags/example_complex.py
[2021-10-24 23:59:32,810] {logging_mixin.py:109} INFO - [2021-10-24 23:59:32,810] {dag.py:2389} INFO - Sync 1 DAGs
[2021-10-24 23:59:32,830] {logging_mixin.py:109} INFO - [2021-10-24 23:59:32,830] {dag.py:2914} INFO - Setting next_dagrun for example_complex to None
[2021-10-24 23:59:32,841] {processor.py:171} INFO - Processing /home/airflow/.local/lib/python3.6/site-packages/airflow/example_dags/example_complex.py took 0.124 seconds
