[2021-10-24 22:55:17,575] {processor.py:163} INFO - Started process (PID=82) to work on /home/airflow/.local/lib/python3.6/site-packages/airflow/example_dags/tutorial_etl_dag.py
[2021-10-24 22:55:17,577] {processor.py:620} INFO - Processing file /home/airflow/.local/lib/python3.6/site-packages/airflow/example_dags/tutorial_etl_dag.py for tasks to queue
[2021-10-24 22:55:17,577] {logging_mixin.py:109} INFO - [2021-10-24 22:55:17,577] {dagbag.py:500} INFO - Filling up the DagBag from /home/airflow/.local/lib/python3.6/site-packages/airflow/example_dags/tutorial_etl_dag.py
[2021-10-24 22:55:17,640] {processor.py:632} INFO - DAG(s) dict_keys(['tutorial_etl_dag']) retrieved from /home/airflow/.local/lib/python3.6/site-packages/airflow/example_dags/tutorial_etl_dag.py
[2021-10-24 22:55:17,653] {logging_mixin.py:109} INFO - [2021-10-24 22:55:17,653] {dag.py:2389} INFO - Sync 1 DAGs
[2021-10-24 22:55:17,670] {logging_mixin.py:109} INFO - [2021-10-24 22:55:17,670] {dag.py:2914} INFO - Setting next_dagrun for tutorial_etl_dag to None
[2021-10-24 22:55:17,679] {processor.py:171} INFO - Processing /home/airflow/.local/lib/python3.6/site-packages/airflow/example_dags/tutorial_etl_dag.py took 0.107 seconds
[2021-10-24 22:55:48,786] {processor.py:163} INFO - Started process (PID=157) to work on /home/airflow/.local/lib/python3.6/site-packages/airflow/example_dags/tutorial_etl_dag.py
[2021-10-24 22:55:48,787] {processor.py:620} INFO - Processing file /home/airflow/.local/lib/python3.6/site-packages/airflow/example_dags/tutorial_etl_dag.py for tasks to queue
[2021-10-24 22:55:48,787] {logging_mixin.py:109} INFO - [2021-10-24 22:55:48,787] {dagbag.py:500} INFO - Filling up the DagBag from /home/airflow/.local/lib/python3.6/site-packages/airflow/example_dags/tutorial_etl_dag.py
[2021-10-24 22:55:48,815] {processor.py:632} INFO - DAG(s) dict_keys(['tutorial_etl_dag']) retrieved from /home/airflow/.local/lib/python3.6/site-packages/airflow/example_dags/tutorial_etl_dag.py
[2021-10-24 22:55:48,828] {logging_mixin.py:109} INFO - [2021-10-24 22:55:48,828] {dag.py:2389} INFO - Sync 1 DAGs
[2021-10-24 22:55:48,847] {logging_mixin.py:109} INFO - [2021-10-24 22:55:48,847] {dag.py:2914} INFO - Setting next_dagrun for tutorial_etl_dag to None
[2021-10-24 22:55:48,856] {processor.py:171} INFO - Processing /home/airflow/.local/lib/python3.6/site-packages/airflow/example_dags/tutorial_etl_dag.py took 0.073 seconds
[2021-10-24 22:56:19,515] {processor.py:163} INFO - Started process (PID=221) to work on /home/airflow/.local/lib/python3.6/site-packages/airflow/example_dags/tutorial_etl_dag.py
[2021-10-24 22:56:19,516] {processor.py:620} INFO - Processing file /home/airflow/.local/lib/python3.6/site-packages/airflow/example_dags/tutorial_etl_dag.py for tasks to queue
[2021-10-24 22:56:19,516] {logging_mixin.py:109} INFO - [2021-10-24 22:56:19,516] {dagbag.py:500} INFO - Filling up the DagBag from /home/airflow/.local/lib/python3.6/site-packages/airflow/example_dags/tutorial_etl_dag.py
[2021-10-24 22:56:19,540] {processor.py:632} INFO - DAG(s) dict_keys(['tutorial_etl_dag']) retrieved from /home/airflow/.local/lib/python3.6/site-packages/airflow/example_dags/tutorial_etl_dag.py
[2021-10-24 22:56:19,551] {logging_mixin.py:109} INFO - [2021-10-24 22:56:19,551] {dag.py:2389} INFO - Sync 1 DAGs
[2021-10-24 22:56:19,566] {logging_mixin.py:109} INFO - [2021-10-24 22:56:19,566] {dag.py:2914} INFO - Setting next_dagrun for tutorial_etl_dag to None
[2021-10-24 22:56:19,575] {processor.py:171} INFO - Processing /home/airflow/.local/lib/python3.6/site-packages/airflow/example_dags/tutorial_etl_dag.py took 0.063 seconds
[2021-10-24 22:57:29,573] {processor.py:163} INFO - Started process (PID=82) to work on /home/airflow/.local/lib/python3.6/site-packages/airflow/example_dags/tutorial_etl_dag.py
[2021-10-24 22:57:29,574] {processor.py:620} INFO - Processing file /home/airflow/.local/lib/python3.6/site-packages/airflow/example_dags/tutorial_etl_dag.py for tasks to queue
[2021-10-24 22:57:29,574] {logging_mixin.py:109} INFO - [2021-10-24 22:57:29,574] {dagbag.py:500} INFO - Filling up the DagBag from /home/airflow/.local/lib/python3.6/site-packages/airflow/example_dags/tutorial_etl_dag.py
[2021-10-24 22:57:29,599] {processor.py:632} INFO - DAG(s) dict_keys(['tutorial_etl_dag']) retrieved from /home/airflow/.local/lib/python3.6/site-packages/airflow/example_dags/tutorial_etl_dag.py
[2021-10-24 22:57:29,608] {logging_mixin.py:109} INFO - [2021-10-24 22:57:29,608] {dag.py:2389} INFO - Sync 1 DAGs
[2021-10-24 22:57:29,623] {logging_mixin.py:109} INFO - [2021-10-24 22:57:29,622] {dag.py:2914} INFO - Setting next_dagrun for tutorial_etl_dag to None
[2021-10-24 22:57:29,630] {processor.py:171} INFO - Processing /home/airflow/.local/lib/python3.6/site-packages/airflow/example_dags/tutorial_etl_dag.py took 0.060 seconds
[2021-10-24 22:58:00,205] {processor.py:163} INFO - Started process (PID=156) to work on /home/airflow/.local/lib/python3.6/site-packages/airflow/example_dags/tutorial_etl_dag.py
[2021-10-24 22:58:00,206] {processor.py:620} INFO - Processing file /home/airflow/.local/lib/python3.6/site-packages/airflow/example_dags/tutorial_etl_dag.py for tasks to queue
[2021-10-24 22:58:00,206] {logging_mixin.py:109} INFO - [2021-10-24 22:58:00,206] {dagbag.py:500} INFO - Filling up the DagBag from /home/airflow/.local/lib/python3.6/site-packages/airflow/example_dags/tutorial_etl_dag.py
[2021-10-24 22:58:00,237] {processor.py:632} INFO - DAG(s) dict_keys(['tutorial_etl_dag']) retrieved from /home/airflow/.local/lib/python3.6/site-packages/airflow/example_dags/tutorial_etl_dag.py
[2021-10-24 22:58:00,251] {logging_mixin.py:109} INFO - [2021-10-24 22:58:00,251] {dag.py:2389} INFO - Sync 1 DAGs
[2021-10-24 22:58:00,267] {logging_mixin.py:109} INFO - [2021-10-24 22:58:00,267] {dag.py:2914} INFO - Setting next_dagrun for tutorial_etl_dag to None
[2021-10-24 22:58:00,275] {processor.py:171} INFO - Processing /home/airflow/.local/lib/python3.6/site-packages/airflow/example_dags/tutorial_etl_dag.py took 0.073 seconds
[2021-10-24 22:58:31,260] {processor.py:163} INFO - Started process (PID=221) to work on /home/airflow/.local/lib/python3.6/site-packages/airflow/example_dags/tutorial_etl_dag.py
[2021-10-24 22:58:31,261] {processor.py:620} INFO - Processing file /home/airflow/.local/lib/python3.6/site-packages/airflow/example_dags/tutorial_etl_dag.py for tasks to queue
[2021-10-24 22:58:31,262] {logging_mixin.py:109} INFO - [2021-10-24 22:58:31,262] {dagbag.py:500} INFO - Filling up the DagBag from /home/airflow/.local/lib/python3.6/site-packages/airflow/example_dags/tutorial_etl_dag.py
[2021-10-24 22:58:31,300] {processor.py:632} INFO - DAG(s) dict_keys(['tutorial_etl_dag']) retrieved from /home/airflow/.local/lib/python3.6/site-packages/airflow/example_dags/tutorial_etl_dag.py
[2021-10-24 22:58:31,313] {logging_mixin.py:109} INFO - [2021-10-24 22:58:31,313] {dag.py:2389} INFO - Sync 1 DAGs
[2021-10-24 22:58:31,335] {logging_mixin.py:109} INFO - [2021-10-24 22:58:31,335] {dag.py:2914} INFO - Setting next_dagrun for tutorial_etl_dag to None
[2021-10-24 22:58:31,344] {processor.py:171} INFO - Processing /home/airflow/.local/lib/python3.6/site-packages/airflow/example_dags/tutorial_etl_dag.py took 0.087 seconds
[2021-10-24 22:59:02,255] {processor.py:163} INFO - Started process (PID=296) to work on /home/airflow/.local/lib/python3.6/site-packages/airflow/example_dags/tutorial_etl_dag.py
[2021-10-24 22:59:02,256] {processor.py:620} INFO - Processing file /home/airflow/.local/lib/python3.6/site-packages/airflow/example_dags/tutorial_etl_dag.py for tasks to queue
[2021-10-24 22:59:02,256] {logging_mixin.py:109} INFO - [2021-10-24 22:59:02,256] {dagbag.py:500} INFO - Filling up the DagBag from /home/airflow/.local/lib/python3.6/site-packages/airflow/example_dags/tutorial_etl_dag.py
[2021-10-24 22:59:02,281] {processor.py:632} INFO - DAG(s) dict_keys(['tutorial_etl_dag']) retrieved from /home/airflow/.local/lib/python3.6/site-packages/airflow/example_dags/tutorial_etl_dag.py
[2021-10-24 22:59:02,291] {logging_mixin.py:109} INFO - [2021-10-24 22:59:02,290] {dag.py:2389} INFO - Sync 1 DAGs
[2021-10-24 22:59:02,307] {logging_mixin.py:109} INFO - [2021-10-24 22:59:02,307] {dag.py:2914} INFO - Setting next_dagrun for tutorial_etl_dag to None
[2021-10-24 22:59:02,315] {processor.py:171} INFO - Processing /home/airflow/.local/lib/python3.6/site-packages/airflow/example_dags/tutorial_etl_dag.py took 0.063 seconds
[2021-10-24 22:59:32,968] {processor.py:163} INFO - Started process (PID=360) to work on /home/airflow/.local/lib/python3.6/site-packages/airflow/example_dags/tutorial_etl_dag.py
[2021-10-24 22:59:32,969] {processor.py:620} INFO - Processing file /home/airflow/.local/lib/python3.6/site-packages/airflow/example_dags/tutorial_etl_dag.py for tasks to queue
[2021-10-24 22:59:32,970] {logging_mixin.py:109} INFO - [2021-10-24 22:59:32,970] {dagbag.py:500} INFO - Filling up the DagBag from /home/airflow/.local/lib/python3.6/site-packages/airflow/example_dags/tutorial_etl_dag.py
[2021-10-24 22:59:33,000] {processor.py:632} INFO - DAG(s) dict_keys(['tutorial_etl_dag']) retrieved from /home/airflow/.local/lib/python3.6/site-packages/airflow/example_dags/tutorial_etl_dag.py
[2021-10-24 22:59:33,016] {logging_mixin.py:109} INFO - [2021-10-24 22:59:33,016] {dag.py:2389} INFO - Sync 1 DAGs
[2021-10-24 22:59:33,037] {logging_mixin.py:109} INFO - [2021-10-24 22:59:33,037] {dag.py:2914} INFO - Setting next_dagrun for tutorial_etl_dag to None
[2021-10-24 22:59:33,046] {processor.py:171} INFO - Processing /home/airflow/.local/lib/python3.6/site-packages/airflow/example_dags/tutorial_etl_dag.py took 0.082 seconds
[2021-10-24 23:47:52,551] {processor.py:163} INFO - Started process (PID=82) to work on /home/airflow/.local/lib/python3.6/site-packages/airflow/example_dags/tutorial_etl_dag.py
[2021-10-24 23:47:52,553] {processor.py:620} INFO - Processing file /home/airflow/.local/lib/python3.6/site-packages/airflow/example_dags/tutorial_etl_dag.py for tasks to queue
[2021-10-24 23:47:52,553] {logging_mixin.py:109} INFO - [2021-10-24 23:47:52,553] {dagbag.py:500} INFO - Filling up the DagBag from /home/airflow/.local/lib/python3.6/site-packages/airflow/example_dags/tutorial_etl_dag.py
[2021-10-24 23:47:52,581] {processor.py:632} INFO - DAG(s) dict_keys(['tutorial_etl_dag']) retrieved from /home/airflow/.local/lib/python3.6/site-packages/airflow/example_dags/tutorial_etl_dag.py
[2021-10-24 23:47:52,592] {logging_mixin.py:109} INFO - [2021-10-24 23:47:52,592] {dag.py:2389} INFO - Sync 1 DAGs
[2021-10-24 23:47:52,610] {logging_mixin.py:109} INFO - [2021-10-24 23:47:52,610] {dag.py:2914} INFO - Setting next_dagrun for tutorial_etl_dag to None
[2021-10-24 23:47:52,621] {processor.py:171} INFO - Processing /home/airflow/.local/lib/python3.6/site-packages/airflow/example_dags/tutorial_etl_dag.py took 0.072 seconds
[2021-10-24 23:48:25,322] {processor.py:163} INFO - Started process (PID=159) to work on /home/airflow/.local/lib/python3.6/site-packages/airflow/example_dags/tutorial_etl_dag.py
[2021-10-24 23:48:25,327] {processor.py:620} INFO - Processing file /home/airflow/.local/lib/python3.6/site-packages/airflow/example_dags/tutorial_etl_dag.py for tasks to queue
[2021-10-24 23:48:25,329] {logging_mixin.py:109} INFO - [2021-10-24 23:48:25,329] {dagbag.py:500} INFO - Filling up the DagBag from /home/airflow/.local/lib/python3.6/site-packages/airflow/example_dags/tutorial_etl_dag.py
[2021-10-24 23:48:25,434] {processor.py:632} INFO - DAG(s) dict_keys(['tutorial_etl_dag']) retrieved from /home/airflow/.local/lib/python3.6/site-packages/airflow/example_dags/tutorial_etl_dag.py
[2021-10-24 23:48:25,458] {logging_mixin.py:109} INFO - [2021-10-24 23:48:25,458] {dag.py:2389} INFO - Sync 1 DAGs
[2021-10-24 23:48:25,506] {logging_mixin.py:109} INFO - [2021-10-24 23:48:25,505] {dag.py:2914} INFO - Setting next_dagrun for tutorial_etl_dag to None
[2021-10-24 23:48:25,525] {processor.py:171} INFO - Processing /home/airflow/.local/lib/python3.6/site-packages/airflow/example_dags/tutorial_etl_dag.py took 0.212 seconds
[2021-10-24 23:48:56,212] {processor.py:163} INFO - Started process (PID=223) to work on /home/airflow/.local/lib/python3.6/site-packages/airflow/example_dags/tutorial_etl_dag.py
[2021-10-24 23:48:56,214] {processor.py:620} INFO - Processing file /home/airflow/.local/lib/python3.6/site-packages/airflow/example_dags/tutorial_etl_dag.py for tasks to queue
[2021-10-24 23:48:56,214] {logging_mixin.py:109} INFO - [2021-10-24 23:48:56,214] {dagbag.py:500} INFO - Filling up the DagBag from /home/airflow/.local/lib/python3.6/site-packages/airflow/example_dags/tutorial_etl_dag.py
[2021-10-24 23:48:56,258] {processor.py:632} INFO - DAG(s) dict_keys(['tutorial_etl_dag']) retrieved from /home/airflow/.local/lib/python3.6/site-packages/airflow/example_dags/tutorial_etl_dag.py
[2021-10-24 23:48:56,279] {logging_mixin.py:109} INFO - [2021-10-24 23:48:56,279] {dag.py:2389} INFO - Sync 1 DAGs
[2021-10-24 23:48:56,304] {logging_mixin.py:109} INFO - [2021-10-24 23:48:56,304] {dag.py:2914} INFO - Setting next_dagrun for tutorial_etl_dag to None
[2021-10-24 23:48:56,319] {processor.py:171} INFO - Processing /home/airflow/.local/lib/python3.6/site-packages/airflow/example_dags/tutorial_etl_dag.py took 0.111 seconds
[2021-10-24 23:49:27,611] {processor.py:163} INFO - Started process (PID=288) to work on /home/airflow/.local/lib/python3.6/site-packages/airflow/example_dags/tutorial_etl_dag.py
[2021-10-24 23:49:27,612] {processor.py:620} INFO - Processing file /home/airflow/.local/lib/python3.6/site-packages/airflow/example_dags/tutorial_etl_dag.py for tasks to queue
[2021-10-24 23:49:27,614] {logging_mixin.py:109} INFO - [2021-10-24 23:49:27,613] {dagbag.py:500} INFO - Filling up the DagBag from /home/airflow/.local/lib/python3.6/site-packages/airflow/example_dags/tutorial_etl_dag.py
[2021-10-24 23:49:27,648] {processor.py:632} INFO - DAG(s) dict_keys(['tutorial_etl_dag']) retrieved from /home/airflow/.local/lib/python3.6/site-packages/airflow/example_dags/tutorial_etl_dag.py
[2021-10-24 23:49:27,661] {logging_mixin.py:109} INFO - [2021-10-24 23:49:27,661] {dag.py:2389} INFO - Sync 1 DAGs
[2021-10-24 23:49:27,682] {logging_mixin.py:109} INFO - [2021-10-24 23:49:27,682] {dag.py:2914} INFO - Setting next_dagrun for tutorial_etl_dag to None
[2021-10-24 23:49:27,693] {processor.py:171} INFO - Processing /home/airflow/.local/lib/python3.6/site-packages/airflow/example_dags/tutorial_etl_dag.py took 0.086 seconds
[2021-10-24 23:49:59,013] {processor.py:163} INFO - Started process (PID=352) to work on /home/airflow/.local/lib/python3.6/site-packages/airflow/example_dags/tutorial_etl_dag.py
[2021-10-24 23:49:59,015] {processor.py:620} INFO - Processing file /home/airflow/.local/lib/python3.6/site-packages/airflow/example_dags/tutorial_etl_dag.py for tasks to queue
[2021-10-24 23:49:59,016] {logging_mixin.py:109} INFO - [2021-10-24 23:49:59,016] {dagbag.py:500} INFO - Filling up the DagBag from /home/airflow/.local/lib/python3.6/site-packages/airflow/example_dags/tutorial_etl_dag.py
[2021-10-24 23:49:59,061] {processor.py:632} INFO - DAG(s) dict_keys(['tutorial_etl_dag']) retrieved from /home/airflow/.local/lib/python3.6/site-packages/airflow/example_dags/tutorial_etl_dag.py
[2021-10-24 23:49:59,081] {logging_mixin.py:109} INFO - [2021-10-24 23:49:59,078] {dag.py:2389} INFO - Sync 1 DAGs
[2021-10-24 23:49:59,107] {logging_mixin.py:109} INFO - [2021-10-24 23:49:59,107] {dag.py:2914} INFO - Setting next_dagrun for tutorial_etl_dag to None
[2021-10-24 23:49:59,128] {processor.py:171} INFO - Processing /home/airflow/.local/lib/python3.6/site-packages/airflow/example_dags/tutorial_etl_dag.py took 0.121 seconds
[2021-10-24 23:50:29,226] {processor.py:163} INFO - Started process (PID=409) to work on /home/airflow/.local/lib/python3.6/site-packages/airflow/example_dags/tutorial_etl_dag.py
[2021-10-24 23:50:29,228] {processor.py:620} INFO - Processing file /home/airflow/.local/lib/python3.6/site-packages/airflow/example_dags/tutorial_etl_dag.py for tasks to queue
[2021-10-24 23:50:29,229] {logging_mixin.py:109} INFO - [2021-10-24 23:50:29,229] {dagbag.py:500} INFO - Filling up the DagBag from /home/airflow/.local/lib/python3.6/site-packages/airflow/example_dags/tutorial_etl_dag.py
[2021-10-24 23:50:29,276] {processor.py:632} INFO - DAG(s) dict_keys(['tutorial_etl_dag']) retrieved from /home/airflow/.local/lib/python3.6/site-packages/airflow/example_dags/tutorial_etl_dag.py
[2021-10-24 23:50:29,290] {logging_mixin.py:109} INFO - [2021-10-24 23:50:29,290] {dag.py:2389} INFO - Sync 1 DAGs
[2021-10-24 23:50:29,318] {logging_mixin.py:109} INFO - [2021-10-24 23:50:29,317] {dag.py:2914} INFO - Setting next_dagrun for tutorial_etl_dag to None
[2021-10-24 23:50:29,331] {processor.py:171} INFO - Processing /home/airflow/.local/lib/python3.6/site-packages/airflow/example_dags/tutorial_etl_dag.py took 0.111 seconds
[2021-10-24 23:50:59,958] {processor.py:163} INFO - Started process (PID=474) to work on /home/airflow/.local/lib/python3.6/site-packages/airflow/example_dags/tutorial_etl_dag.py
[2021-10-24 23:50:59,960] {processor.py:620} INFO - Processing file /home/airflow/.local/lib/python3.6/site-packages/airflow/example_dags/tutorial_etl_dag.py for tasks to queue
[2021-10-24 23:50:59,961] {logging_mixin.py:109} INFO - [2021-10-24 23:50:59,961] {dagbag.py:500} INFO - Filling up the DagBag from /home/airflow/.local/lib/python3.6/site-packages/airflow/example_dags/tutorial_etl_dag.py
[2021-10-24 23:51:00,006] {processor.py:632} INFO - DAG(s) dict_keys(['tutorial_etl_dag']) retrieved from /home/airflow/.local/lib/python3.6/site-packages/airflow/example_dags/tutorial_etl_dag.py
[2021-10-24 23:51:00,025] {logging_mixin.py:109} INFO - [2021-10-24 23:51:00,024] {dag.py:2389} INFO - Sync 1 DAGs
[2021-10-24 23:51:00,052] {logging_mixin.py:109} INFO - [2021-10-24 23:51:00,052] {dag.py:2914} INFO - Setting next_dagrun for tutorial_etl_dag to None
[2021-10-24 23:51:00,069] {processor.py:171} INFO - Processing /home/airflow/.local/lib/python3.6/site-packages/airflow/example_dags/tutorial_etl_dag.py took 0.117 seconds
[2021-10-24 23:51:31,025] {processor.py:163} INFO - Started process (PID=544) to work on /home/airflow/.local/lib/python3.6/site-packages/airflow/example_dags/tutorial_etl_dag.py
[2021-10-24 23:51:31,027] {processor.py:620} INFO - Processing file /home/airflow/.local/lib/python3.6/site-packages/airflow/example_dags/tutorial_etl_dag.py for tasks to queue
[2021-10-24 23:51:31,028] {logging_mixin.py:109} INFO - [2021-10-24 23:51:31,028] {dagbag.py:500} INFO - Filling up the DagBag from /home/airflow/.local/lib/python3.6/site-packages/airflow/example_dags/tutorial_etl_dag.py
[2021-10-24 23:51:31,084] {processor.py:632} INFO - DAG(s) dict_keys(['tutorial_etl_dag']) retrieved from /home/airflow/.local/lib/python3.6/site-packages/airflow/example_dags/tutorial_etl_dag.py
[2021-10-24 23:51:31,108] {logging_mixin.py:109} INFO - [2021-10-24 23:51:31,108] {dag.py:2389} INFO - Sync 1 DAGs
[2021-10-24 23:51:31,149] {logging_mixin.py:109} INFO - [2021-10-24 23:51:31,149] {dag.py:2914} INFO - Setting next_dagrun for tutorial_etl_dag to None
[2021-10-24 23:51:31,170] {processor.py:171} INFO - Processing /home/airflow/.local/lib/python3.6/site-packages/airflow/example_dags/tutorial_etl_dag.py took 0.149 seconds
[2021-10-24 23:52:01,830] {processor.py:163} INFO - Started process (PID=608) to work on /home/airflow/.local/lib/python3.6/site-packages/airflow/example_dags/tutorial_etl_dag.py
[2021-10-24 23:52:01,832] {processor.py:620} INFO - Processing file /home/airflow/.local/lib/python3.6/site-packages/airflow/example_dags/tutorial_etl_dag.py for tasks to queue
[2021-10-24 23:52:01,832] {logging_mixin.py:109} INFO - [2021-10-24 23:52:01,832] {dagbag.py:500} INFO - Filling up the DagBag from /home/airflow/.local/lib/python3.6/site-packages/airflow/example_dags/tutorial_etl_dag.py
[2021-10-24 23:52:01,870] {processor.py:632} INFO - DAG(s) dict_keys(['tutorial_etl_dag']) retrieved from /home/airflow/.local/lib/python3.6/site-packages/airflow/example_dags/tutorial_etl_dag.py
[2021-10-24 23:52:01,890] {logging_mixin.py:109} INFO - [2021-10-24 23:52:01,890] {dag.py:2389} INFO - Sync 1 DAGs
[2021-10-24 23:52:01,915] {logging_mixin.py:109} INFO - [2021-10-24 23:52:01,914] {dag.py:2914} INFO - Setting next_dagrun for tutorial_etl_dag to None
[2021-10-24 23:52:01,928] {processor.py:171} INFO - Processing /home/airflow/.local/lib/python3.6/site-packages/airflow/example_dags/tutorial_etl_dag.py took 0.101 seconds
[2021-10-24 23:52:32,798] {processor.py:163} INFO - Started process (PID=672) to work on /home/airflow/.local/lib/python3.6/site-packages/airflow/example_dags/tutorial_etl_dag.py
[2021-10-24 23:52:32,800] {processor.py:620} INFO - Processing file /home/airflow/.local/lib/python3.6/site-packages/airflow/example_dags/tutorial_etl_dag.py for tasks to queue
[2021-10-24 23:52:32,801] {logging_mixin.py:109} INFO - [2021-10-24 23:52:32,800] {dagbag.py:500} INFO - Filling up the DagBag from /home/airflow/.local/lib/python3.6/site-packages/airflow/example_dags/tutorial_etl_dag.py
[2021-10-24 23:52:32,849] {processor.py:632} INFO - DAG(s) dict_keys(['tutorial_etl_dag']) retrieved from /home/airflow/.local/lib/python3.6/site-packages/airflow/example_dags/tutorial_etl_dag.py
[2021-10-24 23:52:32,866] {logging_mixin.py:109} INFO - [2021-10-24 23:52:32,866] {dag.py:2389} INFO - Sync 1 DAGs
[2021-10-24 23:52:32,897] {logging_mixin.py:109} INFO - [2021-10-24 23:52:32,897] {dag.py:2914} INFO - Setting next_dagrun for tutorial_etl_dag to None
[2021-10-24 23:52:32,917] {processor.py:171} INFO - Processing /home/airflow/.local/lib/python3.6/site-packages/airflow/example_dags/tutorial_etl_dag.py took 0.122 seconds
[2021-10-24 23:53:03,549] {processor.py:163} INFO - Started process (PID=744) to work on /home/airflow/.local/lib/python3.6/site-packages/airflow/example_dags/tutorial_etl_dag.py
[2021-10-24 23:53:03,550] {processor.py:620} INFO - Processing file /home/airflow/.local/lib/python3.6/site-packages/airflow/example_dags/tutorial_etl_dag.py for tasks to queue
[2021-10-24 23:53:03,551] {logging_mixin.py:109} INFO - [2021-10-24 23:53:03,551] {dagbag.py:500} INFO - Filling up the DagBag from /home/airflow/.local/lib/python3.6/site-packages/airflow/example_dags/tutorial_etl_dag.py
[2021-10-24 23:53:03,577] {processor.py:632} INFO - DAG(s) dict_keys(['tutorial_etl_dag']) retrieved from /home/airflow/.local/lib/python3.6/site-packages/airflow/example_dags/tutorial_etl_dag.py
[2021-10-24 23:53:03,589] {logging_mixin.py:109} INFO - [2021-10-24 23:53:03,589] {dag.py:2389} INFO - Sync 1 DAGs
[2021-10-24 23:53:03,603] {logging_mixin.py:109} INFO - [2021-10-24 23:53:03,603] {dag.py:2914} INFO - Setting next_dagrun for tutorial_etl_dag to None
[2021-10-24 23:53:03,611] {processor.py:171} INFO - Processing /home/airflow/.local/lib/python3.6/site-packages/airflow/example_dags/tutorial_etl_dag.py took 0.065 seconds
[2021-10-24 23:53:34,506] {processor.py:163} INFO - Started process (PID=812) to work on /home/airflow/.local/lib/python3.6/site-packages/airflow/example_dags/tutorial_etl_dag.py
[2021-10-24 23:53:34,508] {processor.py:620} INFO - Processing file /home/airflow/.local/lib/python3.6/site-packages/airflow/example_dags/tutorial_etl_dag.py for tasks to queue
[2021-10-24 23:53:34,509] {logging_mixin.py:109} INFO - [2021-10-24 23:53:34,509] {dagbag.py:500} INFO - Filling up the DagBag from /home/airflow/.local/lib/python3.6/site-packages/airflow/example_dags/tutorial_etl_dag.py
[2021-10-24 23:53:34,563] {processor.py:632} INFO - DAG(s) dict_keys(['tutorial_etl_dag']) retrieved from /home/airflow/.local/lib/python3.6/site-packages/airflow/example_dags/tutorial_etl_dag.py
[2021-10-24 23:53:34,590] {logging_mixin.py:109} INFO - [2021-10-24 23:53:34,590] {dag.py:2389} INFO - Sync 1 DAGs
[2021-10-24 23:53:34,619] {logging_mixin.py:109} INFO - [2021-10-24 23:53:34,618] {dag.py:2914} INFO - Setting next_dagrun for tutorial_etl_dag to None
[2021-10-24 23:53:34,639] {processor.py:171} INFO - Processing /home/airflow/.local/lib/python3.6/site-packages/airflow/example_dags/tutorial_etl_dag.py took 0.140 seconds
[2021-10-24 23:54:05,467] {processor.py:163} INFO - Started process (PID=881) to work on /home/airflow/.local/lib/python3.6/site-packages/airflow/example_dags/tutorial_etl_dag.py
[2021-10-24 23:54:05,469] {processor.py:620} INFO - Processing file /home/airflow/.local/lib/python3.6/site-packages/airflow/example_dags/tutorial_etl_dag.py for tasks to queue
[2021-10-24 23:54:05,469] {logging_mixin.py:109} INFO - [2021-10-24 23:54:05,469] {dagbag.py:500} INFO - Filling up the DagBag from /home/airflow/.local/lib/python3.6/site-packages/airflow/example_dags/tutorial_etl_dag.py
[2021-10-24 23:54:05,505] {processor.py:632} INFO - DAG(s) dict_keys(['tutorial_etl_dag']) retrieved from /home/airflow/.local/lib/python3.6/site-packages/airflow/example_dags/tutorial_etl_dag.py
[2021-10-24 23:54:05,516] {logging_mixin.py:109} INFO - [2021-10-24 23:54:05,515] {dag.py:2389} INFO - Sync 1 DAGs
[2021-10-24 23:54:05,536] {logging_mixin.py:109} INFO - [2021-10-24 23:54:05,536] {dag.py:2914} INFO - Setting next_dagrun for tutorial_etl_dag to None
[2021-10-24 23:54:05,550] {processor.py:171} INFO - Processing /home/airflow/.local/lib/python3.6/site-packages/airflow/example_dags/tutorial_etl_dag.py took 0.101 seconds
[2021-10-24 23:54:36,308] {processor.py:163} INFO - Started process (PID=946) to work on /home/airflow/.local/lib/python3.6/site-packages/airflow/example_dags/tutorial_etl_dag.py
[2021-10-24 23:54:36,310] {processor.py:620} INFO - Processing file /home/airflow/.local/lib/python3.6/site-packages/airflow/example_dags/tutorial_etl_dag.py for tasks to queue
[2021-10-24 23:54:36,311] {logging_mixin.py:109} INFO - [2021-10-24 23:54:36,311] {dagbag.py:500} INFO - Filling up the DagBag from /home/airflow/.local/lib/python3.6/site-packages/airflow/example_dags/tutorial_etl_dag.py
[2021-10-24 23:54:36,342] {processor.py:632} INFO - DAG(s) dict_keys(['tutorial_etl_dag']) retrieved from /home/airflow/.local/lib/python3.6/site-packages/airflow/example_dags/tutorial_etl_dag.py
[2021-10-24 23:54:36,355] {logging_mixin.py:109} INFO - [2021-10-24 23:54:36,355] {dag.py:2389} INFO - Sync 1 DAGs
[2021-10-24 23:54:36,376] {logging_mixin.py:109} INFO - [2021-10-24 23:54:36,376] {dag.py:2914} INFO - Setting next_dagrun for tutorial_etl_dag to None
[2021-10-24 23:54:36,387] {processor.py:171} INFO - Processing /home/airflow/.local/lib/python3.6/site-packages/airflow/example_dags/tutorial_etl_dag.py took 0.082 seconds
[2021-10-24 23:55:06,844] {processor.py:163} INFO - Started process (PID=1011) to work on /home/airflow/.local/lib/python3.6/site-packages/airflow/example_dags/tutorial_etl_dag.py
[2021-10-24 23:55:06,845] {processor.py:620} INFO - Processing file /home/airflow/.local/lib/python3.6/site-packages/airflow/example_dags/tutorial_etl_dag.py for tasks to queue
[2021-10-24 23:55:06,846] {logging_mixin.py:109} INFO - [2021-10-24 23:55:06,846] {dagbag.py:500} INFO - Filling up the DagBag from /home/airflow/.local/lib/python3.6/site-packages/airflow/example_dags/tutorial_etl_dag.py
[2021-10-24 23:55:06,870] {processor.py:632} INFO - DAG(s) dict_keys(['tutorial_etl_dag']) retrieved from /home/airflow/.local/lib/python3.6/site-packages/airflow/example_dags/tutorial_etl_dag.py
[2021-10-24 23:55:06,879] {logging_mixin.py:109} INFO - [2021-10-24 23:55:06,879] {dag.py:2389} INFO - Sync 1 DAGs
[2021-10-24 23:55:06,893] {logging_mixin.py:109} INFO - [2021-10-24 23:55:06,893] {dag.py:2914} INFO - Setting next_dagrun for tutorial_etl_dag to None
[2021-10-24 23:55:06,901] {processor.py:171} INFO - Processing /home/airflow/.local/lib/python3.6/site-packages/airflow/example_dags/tutorial_etl_dag.py took 0.059 seconds
[2021-10-24 23:55:36,992] {processor.py:163} INFO - Started process (PID=1084) to work on /home/airflow/.local/lib/python3.6/site-packages/airflow/example_dags/tutorial_etl_dag.py
[2021-10-24 23:55:36,993] {processor.py:620} INFO - Processing file /home/airflow/.local/lib/python3.6/site-packages/airflow/example_dags/tutorial_etl_dag.py for tasks to queue
[2021-10-24 23:55:36,993] {logging_mixin.py:109} INFO - [2021-10-24 23:55:36,993] {dagbag.py:500} INFO - Filling up the DagBag from /home/airflow/.local/lib/python3.6/site-packages/airflow/example_dags/tutorial_etl_dag.py
[2021-10-24 23:55:37,019] {processor.py:632} INFO - DAG(s) dict_keys(['tutorial_etl_dag']) retrieved from /home/airflow/.local/lib/python3.6/site-packages/airflow/example_dags/tutorial_etl_dag.py
[2021-10-24 23:55:37,029] {logging_mixin.py:109} INFO - [2021-10-24 23:55:37,029] {dag.py:2389} INFO - Sync 1 DAGs
[2021-10-24 23:55:37,044] {logging_mixin.py:109} INFO - [2021-10-24 23:55:37,044] {dag.py:2914} INFO - Setting next_dagrun for tutorial_etl_dag to None
[2021-10-24 23:55:37,052] {processor.py:171} INFO - Processing /home/airflow/.local/lib/python3.6/site-packages/airflow/example_dags/tutorial_etl_dag.py took 0.063 seconds
[2021-10-24 23:56:07,661] {processor.py:163} INFO - Started process (PID=1149) to work on /home/airflow/.local/lib/python3.6/site-packages/airflow/example_dags/tutorial_etl_dag.py
[2021-10-24 23:56:07,662] {processor.py:620} INFO - Processing file /home/airflow/.local/lib/python3.6/site-packages/airflow/example_dags/tutorial_etl_dag.py for tasks to queue
[2021-10-24 23:56:07,662] {logging_mixin.py:109} INFO - [2021-10-24 23:56:07,662] {dagbag.py:500} INFO - Filling up the DagBag from /home/airflow/.local/lib/python3.6/site-packages/airflow/example_dags/tutorial_etl_dag.py
[2021-10-24 23:56:07,685] {processor.py:632} INFO - DAG(s) dict_keys(['tutorial_etl_dag']) retrieved from /home/airflow/.local/lib/python3.6/site-packages/airflow/example_dags/tutorial_etl_dag.py
[2021-10-24 23:56:07,694] {logging_mixin.py:109} INFO - [2021-10-24 23:56:07,694] {dag.py:2389} INFO - Sync 1 DAGs
[2021-10-24 23:56:07,707] {logging_mixin.py:109} INFO - [2021-10-24 23:56:07,707] {dag.py:2914} INFO - Setting next_dagrun for tutorial_etl_dag to None
[2021-10-24 23:56:07,716] {processor.py:171} INFO - Processing /home/airflow/.local/lib/python3.6/site-packages/airflow/example_dags/tutorial_etl_dag.py took 0.057 seconds
[2021-10-24 23:56:38,587] {processor.py:163} INFO - Started process (PID=1224) to work on /home/airflow/.local/lib/python3.6/site-packages/airflow/example_dags/tutorial_etl_dag.py
[2021-10-24 23:56:38,588] {processor.py:620} INFO - Processing file /home/airflow/.local/lib/python3.6/site-packages/airflow/example_dags/tutorial_etl_dag.py for tasks to queue
[2021-10-24 23:56:38,589] {logging_mixin.py:109} INFO - [2021-10-24 23:56:38,588] {dagbag.py:500} INFO - Filling up the DagBag from /home/airflow/.local/lib/python3.6/site-packages/airflow/example_dags/tutorial_etl_dag.py
[2021-10-24 23:56:38,612] {processor.py:632} INFO - DAG(s) dict_keys(['tutorial_etl_dag']) retrieved from /home/airflow/.local/lib/python3.6/site-packages/airflow/example_dags/tutorial_etl_dag.py
[2021-10-24 23:56:38,621] {logging_mixin.py:109} INFO - [2021-10-24 23:56:38,621] {dag.py:2389} INFO - Sync 1 DAGs
[2021-10-24 23:56:38,636] {logging_mixin.py:109} INFO - [2021-10-24 23:56:38,636] {dag.py:2914} INFO - Setting next_dagrun for tutorial_etl_dag to None
[2021-10-24 23:56:38,644] {processor.py:171} INFO - Processing /home/airflow/.local/lib/python3.6/site-packages/airflow/example_dags/tutorial_etl_dag.py took 0.061 seconds
[2021-10-24 23:57:09,510] {processor.py:163} INFO - Started process (PID=1288) to work on /home/airflow/.local/lib/python3.6/site-packages/airflow/example_dags/tutorial_etl_dag.py
[2021-10-24 23:57:09,511] {processor.py:620} INFO - Processing file /home/airflow/.local/lib/python3.6/site-packages/airflow/example_dags/tutorial_etl_dag.py for tasks to queue
[2021-10-24 23:57:09,512] {logging_mixin.py:109} INFO - [2021-10-24 23:57:09,512] {dagbag.py:500} INFO - Filling up the DagBag from /home/airflow/.local/lib/python3.6/site-packages/airflow/example_dags/tutorial_etl_dag.py
[2021-10-24 23:57:09,544] {processor.py:632} INFO - DAG(s) dict_keys(['tutorial_etl_dag']) retrieved from /home/airflow/.local/lib/python3.6/site-packages/airflow/example_dags/tutorial_etl_dag.py
[2021-10-24 23:57:09,557] {logging_mixin.py:109} INFO - [2021-10-24 23:57:09,556] {dag.py:2389} INFO - Sync 1 DAGs
[2021-10-24 23:57:09,577] {logging_mixin.py:109} INFO - [2021-10-24 23:57:09,577] {dag.py:2914} INFO - Setting next_dagrun for tutorial_etl_dag to None
[2021-10-24 23:57:09,587] {processor.py:171} INFO - Processing /home/airflow/.local/lib/python3.6/site-packages/airflow/example_dags/tutorial_etl_dag.py took 0.081 seconds
[2021-10-24 23:57:40,487] {processor.py:163} INFO - Started process (PID=1364) to work on /home/airflow/.local/lib/python3.6/site-packages/airflow/example_dags/tutorial_etl_dag.py
[2021-10-24 23:57:40,488] {processor.py:620} INFO - Processing file /home/airflow/.local/lib/python3.6/site-packages/airflow/example_dags/tutorial_etl_dag.py for tasks to queue
[2021-10-24 23:57:40,491] {logging_mixin.py:109} INFO - [2021-10-24 23:57:40,491] {dagbag.py:500} INFO - Filling up the DagBag from /home/airflow/.local/lib/python3.6/site-packages/airflow/example_dags/tutorial_etl_dag.py
[2021-10-24 23:57:40,534] {processor.py:632} INFO - DAG(s) dict_keys(['tutorial_etl_dag']) retrieved from /home/airflow/.local/lib/python3.6/site-packages/airflow/example_dags/tutorial_etl_dag.py
[2021-10-24 23:57:40,550] {logging_mixin.py:109} INFO - [2021-10-24 23:57:40,550] {dag.py:2389} INFO - Sync 1 DAGs
[2021-10-24 23:57:40,576] {logging_mixin.py:109} INFO - [2021-10-24 23:57:40,575] {dag.py:2914} INFO - Setting next_dagrun for tutorial_etl_dag to None
[2021-10-24 23:57:40,588] {processor.py:171} INFO - Processing /home/airflow/.local/lib/python3.6/site-packages/airflow/example_dags/tutorial_etl_dag.py took 0.106 seconds
[2021-10-24 23:58:10,662] {processor.py:163} INFO - Started process (PID=1429) to work on /home/airflow/.local/lib/python3.6/site-packages/airflow/example_dags/tutorial_etl_dag.py
[2021-10-24 23:58:10,663] {processor.py:620} INFO - Processing file /home/airflow/.local/lib/python3.6/site-packages/airflow/example_dags/tutorial_etl_dag.py for tasks to queue
[2021-10-24 23:58:10,664] {logging_mixin.py:109} INFO - [2021-10-24 23:58:10,664] {dagbag.py:500} INFO - Filling up the DagBag from /home/airflow/.local/lib/python3.6/site-packages/airflow/example_dags/tutorial_etl_dag.py
[2021-10-24 23:58:10,704] {processor.py:632} INFO - DAG(s) dict_keys(['tutorial_etl_dag']) retrieved from /home/airflow/.local/lib/python3.6/site-packages/airflow/example_dags/tutorial_etl_dag.py
[2021-10-24 23:58:10,720] {logging_mixin.py:109} INFO - [2021-10-24 23:58:10,719] {dag.py:2389} INFO - Sync 1 DAGs
[2021-10-24 23:58:10,747] {logging_mixin.py:109} INFO - [2021-10-24 23:58:10,747] {dag.py:2914} INFO - Setting next_dagrun for tutorial_etl_dag to None
[2021-10-24 23:58:10,762] {processor.py:171} INFO - Processing /home/airflow/.local/lib/python3.6/site-packages/airflow/example_dags/tutorial_etl_dag.py took 0.105 seconds
[2021-10-24 23:58:41,216] {processor.py:163} INFO - Started process (PID=1495) to work on /home/airflow/.local/lib/python3.6/site-packages/airflow/example_dags/tutorial_etl_dag.py
[2021-10-24 23:58:41,217] {processor.py:620} INFO - Processing file /home/airflow/.local/lib/python3.6/site-packages/airflow/example_dags/tutorial_etl_dag.py for tasks to queue
[2021-10-24 23:58:41,218] {logging_mixin.py:109} INFO - [2021-10-24 23:58:41,218] {dagbag.py:500} INFO - Filling up the DagBag from /home/airflow/.local/lib/python3.6/site-packages/airflow/example_dags/tutorial_etl_dag.py
[2021-10-24 23:58:41,251] {processor.py:632} INFO - DAG(s) dict_keys(['tutorial_etl_dag']) retrieved from /home/airflow/.local/lib/python3.6/site-packages/airflow/example_dags/tutorial_etl_dag.py
[2021-10-24 23:58:41,263] {logging_mixin.py:109} INFO - [2021-10-24 23:58:41,263] {dag.py:2389} INFO - Sync 1 DAGs
[2021-10-24 23:58:41,284] {logging_mixin.py:109} INFO - [2021-10-24 23:58:41,284] {dag.py:2914} INFO - Setting next_dagrun for tutorial_etl_dag to None
[2021-10-24 23:58:41,296] {processor.py:171} INFO - Processing /home/airflow/.local/lib/python3.6/site-packages/airflow/example_dags/tutorial_etl_dag.py took 0.084 seconds
[2021-10-24 23:59:11,863] {processor.py:163} INFO - Started process (PID=1562) to work on /home/airflow/.local/lib/python3.6/site-packages/airflow/example_dags/tutorial_etl_dag.py
[2021-10-24 23:59:11,864] {processor.py:620} INFO - Processing file /home/airflow/.local/lib/python3.6/site-packages/airflow/example_dags/tutorial_etl_dag.py for tasks to queue
[2021-10-24 23:59:11,865] {logging_mixin.py:109} INFO - [2021-10-24 23:59:11,864] {dagbag.py:500} INFO - Filling up the DagBag from /home/airflow/.local/lib/python3.6/site-packages/airflow/example_dags/tutorial_etl_dag.py
[2021-10-24 23:59:11,894] {processor.py:632} INFO - DAG(s) dict_keys(['tutorial_etl_dag']) retrieved from /home/airflow/.local/lib/python3.6/site-packages/airflow/example_dags/tutorial_etl_dag.py
[2021-10-24 23:59:11,904] {logging_mixin.py:109} INFO - [2021-10-24 23:59:11,904] {dag.py:2389} INFO - Sync 1 DAGs
[2021-10-24 23:59:11,920] {logging_mixin.py:109} INFO - [2021-10-24 23:59:11,920] {dag.py:2914} INFO - Setting next_dagrun for tutorial_etl_dag to None
[2021-10-24 23:59:11,929] {processor.py:171} INFO - Processing /home/airflow/.local/lib/python3.6/site-packages/airflow/example_dags/tutorial_etl_dag.py took 0.069 seconds
[2021-10-24 23:59:43,422] {processor.py:163} INFO - Started process (PID=1638) to work on /home/airflow/.local/lib/python3.6/site-packages/airflow/example_dags/tutorial_etl_dag.py
[2021-10-24 23:59:43,424] {processor.py:620} INFO - Processing file /home/airflow/.local/lib/python3.6/site-packages/airflow/example_dags/tutorial_etl_dag.py for tasks to queue
[2021-10-24 23:59:43,424] {logging_mixin.py:109} INFO - [2021-10-24 23:59:43,424] {dagbag.py:500} INFO - Filling up the DagBag from /home/airflow/.local/lib/python3.6/site-packages/airflow/example_dags/tutorial_etl_dag.py
[2021-10-24 23:59:43,474] {processor.py:632} INFO - DAG(s) dict_keys(['tutorial_etl_dag']) retrieved from /home/airflow/.local/lib/python3.6/site-packages/airflow/example_dags/tutorial_etl_dag.py
[2021-10-24 23:59:43,499] {logging_mixin.py:109} INFO - [2021-10-24 23:59:43,499] {dag.py:2389} INFO - Sync 1 DAGs
[2021-10-24 23:59:43,530] {logging_mixin.py:109} INFO - [2021-10-24 23:59:43,530] {dag.py:2914} INFO - Setting next_dagrun for tutorial_etl_dag to None
[2021-10-24 23:59:43,556] {processor.py:171} INFO - Processing /home/airflow/.local/lib/python3.6/site-packages/airflow/example_dags/tutorial_etl_dag.py took 0.138 seconds
