[2021-10-16 23:32:12,890] {processor.py:163} INFO - Started process (PID=62) to work on /home/airflow/.local/lib/python3.6/site-packages/airflow/example_dags/example_xcomargs.py
[2021-10-16 23:32:12,892] {processor.py:620} INFO - Processing file /home/airflow/.local/lib/python3.6/site-packages/airflow/example_dags/example_xcomargs.py for tasks to queue
[2021-10-16 23:32:12,893] {logging_mixin.py:109} INFO - [2021-10-16 23:32:12,893] {dagbag.py:500} INFO - Filling up the DagBag from /home/airflow/.local/lib/python3.6/site-packages/airflow/example_dags/example_xcomargs.py
[2021-10-16 23:32:12,952] {processor.py:632} INFO - DAG(s) dict_keys(['example_xcom_args', 'example_xcom_args_with_operators']) retrieved from /home/airflow/.local/lib/python3.6/site-packages/airflow/example_dags/example_xcomargs.py
[2021-10-16 23:32:13,339] {logging_mixin.py:109} INFO - [2021-10-16 23:32:13,339] {dag.py:2389} INFO - Sync 2 DAGs
[2021-10-16 23:32:13,359] {logging_mixin.py:109} INFO - [2021-10-16 23:32:13,359] {dag.py:2914} INFO - Setting next_dagrun for example_xcom_args to None
[2021-10-16 23:32:13,360] {logging_mixin.py:109} INFO - [2021-10-16 23:32:13,360] {dag.py:2914} INFO - Setting next_dagrun for example_xcom_args_with_operators to None
[2021-10-16 23:32:13,379] {processor.py:171} INFO - Processing /home/airflow/.local/lib/python3.6/site-packages/airflow/example_dags/example_xcomargs.py took 0.493 seconds
[2021-10-16 23:32:44,011] {processor.py:163} INFO - Started process (PID=125) to work on /home/airflow/.local/lib/python3.6/site-packages/airflow/example_dags/example_xcomargs.py
[2021-10-16 23:32:44,013] {processor.py:620} INFO - Processing file /home/airflow/.local/lib/python3.6/site-packages/airflow/example_dags/example_xcomargs.py for tasks to queue
[2021-10-16 23:32:44,014] {logging_mixin.py:109} INFO - [2021-10-16 23:32:44,013] {dagbag.py:500} INFO - Filling up the DagBag from /home/airflow/.local/lib/python3.6/site-packages/airflow/example_dags/example_xcomargs.py
[2021-10-16 23:32:44,058] {processor.py:632} INFO - DAG(s) dict_keys(['example_xcom_args', 'example_xcom_args_with_operators']) retrieved from /home/airflow/.local/lib/python3.6/site-packages/airflow/example_dags/example_xcomargs.py
[2021-10-16 23:32:44,311] {logging_mixin.py:109} INFO - [2021-10-16 23:32:44,311] {dag.py:2389} INFO - Sync 2 DAGs
[2021-10-16 23:32:44,328] {logging_mixin.py:109} INFO - [2021-10-16 23:32:44,328] {dag.py:2914} INFO - Setting next_dagrun for example_xcom_args to None
[2021-10-16 23:32:44,329] {logging_mixin.py:109} INFO - [2021-10-16 23:32:44,329] {dag.py:2914} INFO - Setting next_dagrun for example_xcom_args_with_operators to None
[2021-10-16 23:32:44,342] {processor.py:171} INFO - Processing /home/airflow/.local/lib/python3.6/site-packages/airflow/example_dags/example_xcomargs.py took 0.334 seconds
[2021-10-16 23:33:15,254] {processor.py:163} INFO - Started process (PID=183) to work on /home/airflow/.local/lib/python3.6/site-packages/airflow/example_dags/example_xcomargs.py
[2021-10-16 23:33:15,258] {processor.py:620} INFO - Processing file /home/airflow/.local/lib/python3.6/site-packages/airflow/example_dags/example_xcomargs.py for tasks to queue
[2021-10-16 23:33:15,259] {logging_mixin.py:109} INFO - [2021-10-16 23:33:15,259] {dagbag.py:500} INFO - Filling up the DagBag from /home/airflow/.local/lib/python3.6/site-packages/airflow/example_dags/example_xcomargs.py
[2021-10-16 23:33:15,304] {processor.py:632} INFO - DAG(s) dict_keys(['example_xcom_args', 'example_xcom_args_with_operators']) retrieved from /home/airflow/.local/lib/python3.6/site-packages/airflow/example_dags/example_xcomargs.py
[2021-10-16 23:33:15,525] {logging_mixin.py:109} INFO - [2021-10-16 23:33:15,525] {dag.py:2389} INFO - Sync 2 DAGs
[2021-10-16 23:33:15,543] {logging_mixin.py:109} INFO - [2021-10-16 23:33:15,543] {dag.py:2914} INFO - Setting next_dagrun for example_xcom_args to None
[2021-10-16 23:33:15,544] {logging_mixin.py:109} INFO - [2021-10-16 23:33:15,544] {dag.py:2914} INFO - Setting next_dagrun for example_xcom_args_with_operators to None
[2021-10-16 23:33:15,557] {processor.py:171} INFO - Processing /home/airflow/.local/lib/python3.6/site-packages/airflow/example_dags/example_xcomargs.py took 0.311 seconds
[2021-10-16 23:33:45,783] {processor.py:163} INFO - Started process (PID=240) to work on /home/airflow/.local/lib/python3.6/site-packages/airflow/example_dags/example_xcomargs.py
[2021-10-16 23:33:45,785] {processor.py:620} INFO - Processing file /home/airflow/.local/lib/python3.6/site-packages/airflow/example_dags/example_xcomargs.py for tasks to queue
[2021-10-16 23:33:45,786] {logging_mixin.py:109} INFO - [2021-10-16 23:33:45,786] {dagbag.py:500} INFO - Filling up the DagBag from /home/airflow/.local/lib/python3.6/site-packages/airflow/example_dags/example_xcomargs.py
[2021-10-16 23:33:45,842] {processor.py:632} INFO - DAG(s) dict_keys(['example_xcom_args', 'example_xcom_args_with_operators']) retrieved from /home/airflow/.local/lib/python3.6/site-packages/airflow/example_dags/example_xcomargs.py
[2021-10-16 23:33:46,292] {logging_mixin.py:109} INFO - [2021-10-16 23:33:46,291] {dag.py:2389} INFO - Sync 2 DAGs
[2021-10-16 23:33:46,321] {logging_mixin.py:109} INFO - [2021-10-16 23:33:46,321] {dag.py:2914} INFO - Setting next_dagrun for example_xcom_args to None
[2021-10-16 23:33:46,322] {logging_mixin.py:109} INFO - [2021-10-16 23:33:46,322] {dag.py:2914} INFO - Setting next_dagrun for example_xcom_args_with_operators to None
[2021-10-16 23:33:46,345] {processor.py:171} INFO - Processing /home/airflow/.local/lib/python3.6/site-packages/airflow/example_dags/example_xcomargs.py took 0.567 seconds
[2021-10-16 23:34:17,160] {processor.py:163} INFO - Started process (PID=309) to work on /home/airflow/.local/lib/python3.6/site-packages/airflow/example_dags/example_xcomargs.py
[2021-10-16 23:34:17,167] {processor.py:620} INFO - Processing file /home/airflow/.local/lib/python3.6/site-packages/airflow/example_dags/example_xcomargs.py for tasks to queue
[2021-10-16 23:34:17,167] {logging_mixin.py:109} INFO - [2021-10-16 23:34:17,167] {dagbag.py:500} INFO - Filling up the DagBag from /home/airflow/.local/lib/python3.6/site-packages/airflow/example_dags/example_xcomargs.py
[2021-10-16 23:34:17,210] {processor.py:632} INFO - DAG(s) dict_keys(['example_xcom_args', 'example_xcom_args_with_operators']) retrieved from /home/airflow/.local/lib/python3.6/site-packages/airflow/example_dags/example_xcomargs.py
[2021-10-16 23:34:17,434] {logging_mixin.py:109} INFO - [2021-10-16 23:34:17,434] {dag.py:2389} INFO - Sync 2 DAGs
[2021-10-16 23:34:17,448] {logging_mixin.py:109} INFO - [2021-10-16 23:34:17,448] {dag.py:2914} INFO - Setting next_dagrun for example_xcom_args to None
[2021-10-16 23:34:17,448] {logging_mixin.py:109} INFO - [2021-10-16 23:34:17,448] {dag.py:2914} INFO - Setting next_dagrun for example_xcom_args_with_operators to None
[2021-10-16 23:34:17,466] {processor.py:171} INFO - Processing /home/airflow/.local/lib/python3.6/site-packages/airflow/example_dags/example_xcomargs.py took 0.308 seconds
[2021-10-16 23:34:48,309] {processor.py:163} INFO - Started process (PID=369) to work on /home/airflow/.local/lib/python3.6/site-packages/airflow/example_dags/example_xcomargs.py
[2021-10-16 23:34:48,311] {processor.py:620} INFO - Processing file /home/airflow/.local/lib/python3.6/site-packages/airflow/example_dags/example_xcomargs.py for tasks to queue
[2021-10-16 23:34:48,313] {logging_mixin.py:109} INFO - [2021-10-16 23:34:48,312] {dagbag.py:500} INFO - Filling up the DagBag from /home/airflow/.local/lib/python3.6/site-packages/airflow/example_dags/example_xcomargs.py
[2021-10-16 23:34:48,367] {processor.py:632} INFO - DAG(s) dict_keys(['example_xcom_args', 'example_xcom_args_with_operators']) retrieved from /home/airflow/.local/lib/python3.6/site-packages/airflow/example_dags/example_xcomargs.py
[2021-10-16 23:34:48,757] {logging_mixin.py:109} INFO - [2021-10-16 23:34:48,757] {dag.py:2389} INFO - Sync 2 DAGs
[2021-10-16 23:34:48,778] {logging_mixin.py:109} INFO - [2021-10-16 23:34:48,778] {dag.py:2914} INFO - Setting next_dagrun for example_xcom_args to None
[2021-10-16 23:34:48,779] {logging_mixin.py:109} INFO - [2021-10-16 23:34:48,779] {dag.py:2914} INFO - Setting next_dagrun for example_xcom_args_with_operators to None
[2021-10-16 23:34:48,792] {processor.py:171} INFO - Processing /home/airflow/.local/lib/python3.6/site-packages/airflow/example_dags/example_xcomargs.py took 0.487 seconds
[2021-10-16 23:35:19,549] {processor.py:163} INFO - Started process (PID=428) to work on /home/airflow/.local/lib/python3.6/site-packages/airflow/example_dags/example_xcomargs.py
[2021-10-16 23:35:19,551] {processor.py:620} INFO - Processing file /home/airflow/.local/lib/python3.6/site-packages/airflow/example_dags/example_xcomargs.py for tasks to queue
[2021-10-16 23:35:19,552] {logging_mixin.py:109} INFO - [2021-10-16 23:35:19,552] {dagbag.py:500} INFO - Filling up the DagBag from /home/airflow/.local/lib/python3.6/site-packages/airflow/example_dags/example_xcomargs.py
[2021-10-16 23:35:19,599] {processor.py:632} INFO - DAG(s) dict_keys(['example_xcom_args', 'example_xcom_args_with_operators']) retrieved from /home/airflow/.local/lib/python3.6/site-packages/airflow/example_dags/example_xcomargs.py
[2021-10-16 23:35:19,854] {logging_mixin.py:109} INFO - [2021-10-16 23:35:19,854] {dag.py:2389} INFO - Sync 2 DAGs
[2021-10-16 23:35:19,878] {logging_mixin.py:109} INFO - [2021-10-16 23:35:19,878] {dag.py:2914} INFO - Setting next_dagrun for example_xcom_args to None
[2021-10-16 23:35:19,879] {logging_mixin.py:109} INFO - [2021-10-16 23:35:19,879] {dag.py:2914} INFO - Setting next_dagrun for example_xcom_args_with_operators to None
[2021-10-16 23:35:19,894] {processor.py:171} INFO - Processing /home/airflow/.local/lib/python3.6/site-packages/airflow/example_dags/example_xcomargs.py took 0.350 seconds
[2021-10-16 23:35:50,424] {processor.py:163} INFO - Started process (PID=491) to work on /home/airflow/.local/lib/python3.6/site-packages/airflow/example_dags/example_xcomargs.py
[2021-10-16 23:35:50,426] {processor.py:620} INFO - Processing file /home/airflow/.local/lib/python3.6/site-packages/airflow/example_dags/example_xcomargs.py for tasks to queue
[2021-10-16 23:35:50,427] {logging_mixin.py:109} INFO - [2021-10-16 23:35:50,426] {dagbag.py:500} INFO - Filling up the DagBag from /home/airflow/.local/lib/python3.6/site-packages/airflow/example_dags/example_xcomargs.py
[2021-10-16 23:35:50,472] {processor.py:632} INFO - DAG(s) dict_keys(['example_xcom_args', 'example_xcom_args_with_operators']) retrieved from /home/airflow/.local/lib/python3.6/site-packages/airflow/example_dags/example_xcomargs.py
[2021-10-16 23:35:50,737] {logging_mixin.py:109} INFO - [2021-10-16 23:35:50,737] {dag.py:2389} INFO - Sync 2 DAGs
[2021-10-16 23:35:50,759] {logging_mixin.py:109} INFO - [2021-10-16 23:35:50,759] {dag.py:2914} INFO - Setting next_dagrun for example_xcom_args to None
[2021-10-16 23:35:50,759] {logging_mixin.py:109} INFO - [2021-10-16 23:35:50,759] {dag.py:2914} INFO - Setting next_dagrun for example_xcom_args_with_operators to None
[2021-10-16 23:35:50,775] {processor.py:171} INFO - Processing /home/airflow/.local/lib/python3.6/site-packages/airflow/example_dags/example_xcomargs.py took 0.354 seconds
[2021-10-16 23:36:20,849] {processor.py:163} INFO - Started process (PID=550) to work on /home/airflow/.local/lib/python3.6/site-packages/airflow/example_dags/example_xcomargs.py
[2021-10-16 23:36:20,851] {processor.py:620} INFO - Processing file /home/airflow/.local/lib/python3.6/site-packages/airflow/example_dags/example_xcomargs.py for tasks to queue
[2021-10-16 23:36:20,851] {logging_mixin.py:109} INFO - [2021-10-16 23:36:20,851] {dagbag.py:500} INFO - Filling up the DagBag from /home/airflow/.local/lib/python3.6/site-packages/airflow/example_dags/example_xcomargs.py
[2021-10-16 23:36:20,880] {processor.py:632} INFO - DAG(s) dict_keys(['example_xcom_args', 'example_xcom_args_with_operators']) retrieved from /home/airflow/.local/lib/python3.6/site-packages/airflow/example_dags/example_xcomargs.py
[2021-10-16 23:36:21,091] {logging_mixin.py:109} INFO - [2021-10-16 23:36:21,091] {dag.py:2389} INFO - Sync 2 DAGs
[2021-10-16 23:36:21,106] {logging_mixin.py:109} INFO - [2021-10-16 23:36:21,106] {dag.py:2914} INFO - Setting next_dagrun for example_xcom_args to None
[2021-10-16 23:36:21,106] {logging_mixin.py:109} INFO - [2021-10-16 23:36:21,106] {dag.py:2914} INFO - Setting next_dagrun for example_xcom_args_with_operators to None
[2021-10-16 23:36:21,117] {processor.py:171} INFO - Processing /home/airflow/.local/lib/python3.6/site-packages/airflow/example_dags/example_xcomargs.py took 0.270 seconds
[2021-10-16 23:36:51,256] {processor.py:163} INFO - Started process (PID=605) to work on /home/airflow/.local/lib/python3.6/site-packages/airflow/example_dags/example_xcomargs.py
[2021-10-16 23:36:51,257] {processor.py:620} INFO - Processing file /home/airflow/.local/lib/python3.6/site-packages/airflow/example_dags/example_xcomargs.py for tasks to queue
[2021-10-16 23:36:51,258] {logging_mixin.py:109} INFO - [2021-10-16 23:36:51,257] {dagbag.py:500} INFO - Filling up the DagBag from /home/airflow/.local/lib/python3.6/site-packages/airflow/example_dags/example_xcomargs.py
[2021-10-16 23:36:51,293] {processor.py:632} INFO - DAG(s) dict_keys(['example_xcom_args', 'example_xcom_args_with_operators']) retrieved from /home/airflow/.local/lib/python3.6/site-packages/airflow/example_dags/example_xcomargs.py
[2021-10-16 23:36:51,493] {logging_mixin.py:109} INFO - [2021-10-16 23:36:51,493] {dag.py:2389} INFO - Sync 2 DAGs
[2021-10-16 23:36:51,507] {logging_mixin.py:109} INFO - [2021-10-16 23:36:51,507] {dag.py:2914} INFO - Setting next_dagrun for example_xcom_args to None
[2021-10-16 23:36:51,508] {logging_mixin.py:109} INFO - [2021-10-16 23:36:51,508] {dag.py:2914} INFO - Setting next_dagrun for example_xcom_args_with_operators to None
[2021-10-16 23:36:51,519] {processor.py:171} INFO - Processing /home/airflow/.local/lib/python3.6/site-packages/airflow/example_dags/example_xcomargs.py took 0.266 seconds
[2021-10-16 23:37:21,784] {processor.py:163} INFO - Started process (PID=670) to work on /home/airflow/.local/lib/python3.6/site-packages/airflow/example_dags/example_xcomargs.py
[2021-10-16 23:37:21,786] {processor.py:620} INFO - Processing file /home/airflow/.local/lib/python3.6/site-packages/airflow/example_dags/example_xcomargs.py for tasks to queue
[2021-10-16 23:37:21,786] {logging_mixin.py:109} INFO - [2021-10-16 23:37:21,786] {dagbag.py:500} INFO - Filling up the DagBag from /home/airflow/.local/lib/python3.6/site-packages/airflow/example_dags/example_xcomargs.py
[2021-10-16 23:37:21,867] {processor.py:632} INFO - DAG(s) dict_keys(['example_xcom_args', 'example_xcom_args_with_operators']) retrieved from /home/airflow/.local/lib/python3.6/site-packages/airflow/example_dags/example_xcomargs.py
[2021-10-16 23:37:22,399] {logging_mixin.py:109} INFO - [2021-10-16 23:37:22,399] {dag.py:2389} INFO - Sync 2 DAGs
[2021-10-16 23:37:22,425] {logging_mixin.py:109} INFO - [2021-10-16 23:37:22,425] {dag.py:2914} INFO - Setting next_dagrun for example_xcom_args to None
[2021-10-16 23:37:22,425] {logging_mixin.py:109} INFO - [2021-10-16 23:37:22,425] {dag.py:2914} INFO - Setting next_dagrun for example_xcom_args_with_operators to None
[2021-10-16 23:37:22,443] {processor.py:171} INFO - Processing /home/airflow/.local/lib/python3.6/site-packages/airflow/example_dags/example_xcomargs.py took 0.664 seconds
[2021-10-16 23:37:52,911] {processor.py:163} INFO - Started process (PID=725) to work on /home/airflow/.local/lib/python3.6/site-packages/airflow/example_dags/example_xcomargs.py
[2021-10-16 23:37:52,912] {processor.py:620} INFO - Processing file /home/airflow/.local/lib/python3.6/site-packages/airflow/example_dags/example_xcomargs.py for tasks to queue
[2021-10-16 23:37:52,913] {logging_mixin.py:109} INFO - [2021-10-16 23:37:52,913] {dagbag.py:500} INFO - Filling up the DagBag from /home/airflow/.local/lib/python3.6/site-packages/airflow/example_dags/example_xcomargs.py
[2021-10-16 23:37:52,945] {processor.py:632} INFO - DAG(s) dict_keys(['example_xcom_args', 'example_xcom_args_with_operators']) retrieved from /home/airflow/.local/lib/python3.6/site-packages/airflow/example_dags/example_xcomargs.py
[2021-10-16 23:37:53,145] {logging_mixin.py:109} INFO - [2021-10-16 23:37:53,145] {dag.py:2389} INFO - Sync 2 DAGs
[2021-10-16 23:37:53,159] {logging_mixin.py:109} INFO - [2021-10-16 23:37:53,159] {dag.py:2914} INFO - Setting next_dagrun for example_xcom_args to None
[2021-10-16 23:37:53,159] {logging_mixin.py:109} INFO - [2021-10-16 23:37:53,159] {dag.py:2914} INFO - Setting next_dagrun for example_xcom_args_with_operators to None
[2021-10-16 23:37:53,169] {processor.py:171} INFO - Processing /home/airflow/.local/lib/python3.6/site-packages/airflow/example_dags/example_xcomargs.py took 0.262 seconds
[2021-10-16 23:38:23,244] {processor.py:163} INFO - Started process (PID=782) to work on /home/airflow/.local/lib/python3.6/site-packages/airflow/example_dags/example_xcomargs.py
[2021-10-16 23:38:23,245] {processor.py:620} INFO - Processing file /home/airflow/.local/lib/python3.6/site-packages/airflow/example_dags/example_xcomargs.py for tasks to queue
[2021-10-16 23:38:23,245] {logging_mixin.py:109} INFO - [2021-10-16 23:38:23,245] {dagbag.py:500} INFO - Filling up the DagBag from /home/airflow/.local/lib/python3.6/site-packages/airflow/example_dags/example_xcomargs.py
[2021-10-16 23:38:23,274] {processor.py:632} INFO - DAG(s) dict_keys(['example_xcom_args', 'example_xcom_args_with_operators']) retrieved from /home/airflow/.local/lib/python3.6/site-packages/airflow/example_dags/example_xcomargs.py
[2021-10-16 23:38:23,497] {logging_mixin.py:109} INFO - [2021-10-16 23:38:23,497] {dag.py:2389} INFO - Sync 2 DAGs
[2021-10-16 23:38:23,514] {logging_mixin.py:109} INFO - [2021-10-16 23:38:23,514] {dag.py:2914} INFO - Setting next_dagrun for example_xcom_args to None
[2021-10-16 23:38:23,515] {logging_mixin.py:109} INFO - [2021-10-16 23:38:23,514] {dag.py:2914} INFO - Setting next_dagrun for example_xcom_args_with_operators to None
[2021-10-16 23:38:23,528] {processor.py:171} INFO - Processing /home/airflow/.local/lib/python3.6/site-packages/airflow/example_dags/example_xcomargs.py took 0.287 seconds
[2021-10-16 23:38:53,605] {processor.py:163} INFO - Started process (PID=847) to work on /home/airflow/.local/lib/python3.6/site-packages/airflow/example_dags/example_xcomargs.py
[2021-10-16 23:38:53,606] {processor.py:620} INFO - Processing file /home/airflow/.local/lib/python3.6/site-packages/airflow/example_dags/example_xcomargs.py for tasks to queue
[2021-10-16 23:38:53,607] {logging_mixin.py:109} INFO - [2021-10-16 23:38:53,607] {dagbag.py:500} INFO - Filling up the DagBag from /home/airflow/.local/lib/python3.6/site-packages/airflow/example_dags/example_xcomargs.py
[2021-10-16 23:38:53,646] {processor.py:632} INFO - DAG(s) dict_keys(['example_xcom_args', 'example_xcom_args_with_operators']) retrieved from /home/airflow/.local/lib/python3.6/site-packages/airflow/example_dags/example_xcomargs.py
[2021-10-16 23:38:53,664] {logging_mixin.py:109} INFO - [2021-10-16 23:38:53,664] {dag.py:2389} INFO - Sync 2 DAGs
[2021-10-16 23:38:53,682] {logging_mixin.py:109} INFO - [2021-10-16 23:38:53,682] {dag.py:2914} INFO - Setting next_dagrun for example_xcom_args to None
[2021-10-16 23:38:53,682] {logging_mixin.py:109} INFO - [2021-10-16 23:38:53,682] {dag.py:2914} INFO - Setting next_dagrun for example_xcom_args_with_operators to None
[2021-10-16 23:38:53,691] {processor.py:171} INFO - Processing /home/airflow/.local/lib/python3.6/site-packages/airflow/example_dags/example_xcomargs.py took 0.088 seconds
[2021-10-16 23:39:23,988] {processor.py:163} INFO - Started process (PID=903) to work on /home/airflow/.local/lib/python3.6/site-packages/airflow/example_dags/example_xcomargs.py
[2021-10-16 23:39:23,990] {processor.py:620} INFO - Processing file /home/airflow/.local/lib/python3.6/site-packages/airflow/example_dags/example_xcomargs.py for tasks to queue
[2021-10-16 23:39:23,990] {logging_mixin.py:109} INFO - [2021-10-16 23:39:23,990] {dagbag.py:500} INFO - Filling up the DagBag from /home/airflow/.local/lib/python3.6/site-packages/airflow/example_dags/example_xcomargs.py
[2021-10-16 23:39:24,023] {processor.py:632} INFO - DAG(s) dict_keys(['example_xcom_args', 'example_xcom_args_with_operators']) retrieved from /home/airflow/.local/lib/python3.6/site-packages/airflow/example_dags/example_xcomargs.py
[2021-10-16 23:39:24,250] {logging_mixin.py:109} INFO - [2021-10-16 23:39:24,250] {dag.py:2389} INFO - Sync 2 DAGs
[2021-10-16 23:39:24,272] {logging_mixin.py:109} INFO - [2021-10-16 23:39:24,272] {dag.py:2914} INFO - Setting next_dagrun for example_xcom_args to None
[2021-10-16 23:39:24,272] {logging_mixin.py:109} INFO - [2021-10-16 23:39:24,272] {dag.py:2914} INFO - Setting next_dagrun for example_xcom_args_with_operators to None
[2021-10-16 23:39:24,286] {processor.py:171} INFO - Processing /home/airflow/.local/lib/python3.6/site-packages/airflow/example_dags/example_xcomargs.py took 0.300 seconds
[2021-10-16 23:39:54,389] {processor.py:163} INFO - Started process (PID=958) to work on /home/airflow/.local/lib/python3.6/site-packages/airflow/example_dags/example_xcomargs.py
[2021-10-16 23:39:54,392] {processor.py:620} INFO - Processing file /home/airflow/.local/lib/python3.6/site-packages/airflow/example_dags/example_xcomargs.py for tasks to queue
[2021-10-16 23:39:54,394] {logging_mixin.py:109} INFO - [2021-10-16 23:39:54,394] {dagbag.py:500} INFO - Filling up the DagBag from /home/airflow/.local/lib/python3.6/site-packages/airflow/example_dags/example_xcomargs.py
[2021-10-16 23:39:54,439] {processor.py:632} INFO - DAG(s) dict_keys(['example_xcom_args', 'example_xcom_args_with_operators']) retrieved from /home/airflow/.local/lib/python3.6/site-packages/airflow/example_dags/example_xcomargs.py
[2021-10-16 23:39:54,648] {logging_mixin.py:109} INFO - [2021-10-16 23:39:54,647] {dag.py:2389} INFO - Sync 2 DAGs
[2021-10-16 23:39:54,661] {logging_mixin.py:109} INFO - [2021-10-16 23:39:54,661] {dag.py:2914} INFO - Setting next_dagrun for example_xcom_args to None
[2021-10-16 23:39:54,661] {logging_mixin.py:109} INFO - [2021-10-16 23:39:54,661] {dag.py:2914} INFO - Setting next_dagrun for example_xcom_args_with_operators to None
[2021-10-16 23:39:54,672] {processor.py:171} INFO - Processing /home/airflow/.local/lib/python3.6/site-packages/airflow/example_dags/example_xcomargs.py took 0.291 seconds
[2021-10-16 23:40:25,227] {processor.py:163} INFO - Started process (PID=1024) to work on /home/airflow/.local/lib/python3.6/site-packages/airflow/example_dags/example_xcomargs.py
[2021-10-16 23:40:25,228] {processor.py:620} INFO - Processing file /home/airflow/.local/lib/python3.6/site-packages/airflow/example_dags/example_xcomargs.py for tasks to queue
[2021-10-16 23:40:25,229] {logging_mixin.py:109} INFO - [2021-10-16 23:40:25,229] {dagbag.py:500} INFO - Filling up the DagBag from /home/airflow/.local/lib/python3.6/site-packages/airflow/example_dags/example_xcomargs.py
[2021-10-16 23:40:25,263] {processor.py:632} INFO - DAG(s) dict_keys(['example_xcom_args', 'example_xcom_args_with_operators']) retrieved from /home/airflow/.local/lib/python3.6/site-packages/airflow/example_dags/example_xcomargs.py
[2021-10-16 23:40:25,580] {logging_mixin.py:109} INFO - [2021-10-16 23:40:25,580] {dag.py:2389} INFO - Sync 2 DAGs
[2021-10-16 23:40:25,598] {logging_mixin.py:109} INFO - [2021-10-16 23:40:25,598] {dag.py:2914} INFO - Setting next_dagrun for example_xcom_args to None
[2021-10-16 23:40:25,598] {logging_mixin.py:109} INFO - [2021-10-16 23:40:25,598] {dag.py:2914} INFO - Setting next_dagrun for example_xcom_args_with_operators to None
[2021-10-16 23:40:25,612] {processor.py:171} INFO - Processing /home/airflow/.local/lib/python3.6/site-packages/airflow/example_dags/example_xcomargs.py took 0.388 seconds
[2021-10-16 23:40:55,639] {processor.py:163} INFO - Started process (PID=1080) to work on /home/airflow/.local/lib/python3.6/site-packages/airflow/example_dags/example_xcomargs.py
[2021-10-16 23:40:55,640] {processor.py:620} INFO - Processing file /home/airflow/.local/lib/python3.6/site-packages/airflow/example_dags/example_xcomargs.py for tasks to queue
[2021-10-16 23:40:55,641] {logging_mixin.py:109} INFO - [2021-10-16 23:40:55,641] {dagbag.py:500} INFO - Filling up the DagBag from /home/airflow/.local/lib/python3.6/site-packages/airflow/example_dags/example_xcomargs.py
[2021-10-16 23:40:55,677] {processor.py:632} INFO - DAG(s) dict_keys(['example_xcom_args', 'example_xcom_args_with_operators']) retrieved from /home/airflow/.local/lib/python3.6/site-packages/airflow/example_dags/example_xcomargs.py
[2021-10-16 23:40:55,890] {logging_mixin.py:109} INFO - [2021-10-16 23:40:55,889] {dag.py:2389} INFO - Sync 2 DAGs
[2021-10-16 23:40:55,904] {logging_mixin.py:109} INFO - [2021-10-16 23:40:55,904] {dag.py:2914} INFO - Setting next_dagrun for example_xcom_args to None
[2021-10-16 23:40:55,905] {logging_mixin.py:109} INFO - [2021-10-16 23:40:55,905] {dag.py:2914} INFO - Setting next_dagrun for example_xcom_args_with_operators to None
[2021-10-16 23:40:55,914] {processor.py:171} INFO - Processing /home/airflow/.local/lib/python3.6/site-packages/airflow/example_dags/example_xcomargs.py took 0.279 seconds
[2021-10-16 23:41:25,946] {processor.py:163} INFO - Started process (PID=1145) to work on /home/airflow/.local/lib/python3.6/site-packages/airflow/example_dags/example_xcomargs.py
[2021-10-16 23:41:25,947] {processor.py:620} INFO - Processing file /home/airflow/.local/lib/python3.6/site-packages/airflow/example_dags/example_xcomargs.py for tasks to queue
[2021-10-16 23:41:25,948] {logging_mixin.py:109} INFO - [2021-10-16 23:41:25,948] {dagbag.py:500} INFO - Filling up the DagBag from /home/airflow/.local/lib/python3.6/site-packages/airflow/example_dags/example_xcomargs.py
[2021-10-16 23:41:25,977] {processor.py:632} INFO - DAG(s) dict_keys(['example_xcom_args', 'example_xcom_args_with_operators']) retrieved from /home/airflow/.local/lib/python3.6/site-packages/airflow/example_dags/example_xcomargs.py
[2021-10-16 23:41:26,221] {logging_mixin.py:109} INFO - [2021-10-16 23:41:26,220] {dag.py:2389} INFO - Sync 2 DAGs
[2021-10-16 23:41:26,237] {logging_mixin.py:109} INFO - [2021-10-16 23:41:26,236] {dag.py:2914} INFO - Setting next_dagrun for example_xcom_args to None
[2021-10-16 23:41:26,237] {logging_mixin.py:109} INFO - [2021-10-16 23:41:26,237] {dag.py:2914} INFO - Setting next_dagrun for example_xcom_args_with_operators to None
[2021-10-16 23:41:26,246] {processor.py:171} INFO - Processing /home/airflow/.local/lib/python3.6/site-packages/airflow/example_dags/example_xcomargs.py took 0.303 seconds
[2021-10-16 23:41:56,933] {processor.py:163} INFO - Started process (PID=1200) to work on /home/airflow/.local/lib/python3.6/site-packages/airflow/example_dags/example_xcomargs.py
[2021-10-16 23:41:56,934] {processor.py:620} INFO - Processing file /home/airflow/.local/lib/python3.6/site-packages/airflow/example_dags/example_xcomargs.py for tasks to queue
[2021-10-16 23:41:56,935] {logging_mixin.py:109} INFO - [2021-10-16 23:41:56,935] {dagbag.py:500} INFO - Filling up the DagBag from /home/airflow/.local/lib/python3.6/site-packages/airflow/example_dags/example_xcomargs.py
[2021-10-16 23:41:56,973] {processor.py:632} INFO - DAG(s) dict_keys(['example_xcom_args', 'example_xcom_args_with_operators']) retrieved from /home/airflow/.local/lib/python3.6/site-packages/airflow/example_dags/example_xcomargs.py
[2021-10-16 23:41:57,199] {logging_mixin.py:109} INFO - [2021-10-16 23:41:57,199] {dag.py:2389} INFO - Sync 2 DAGs
[2021-10-16 23:41:57,220] {logging_mixin.py:109} INFO - [2021-10-16 23:41:57,220] {dag.py:2914} INFO - Setting next_dagrun for example_xcom_args to None
[2021-10-16 23:41:57,220] {logging_mixin.py:109} INFO - [2021-10-16 23:41:57,220] {dag.py:2914} INFO - Setting next_dagrun for example_xcom_args_with_operators to None
[2021-10-16 23:41:57,234] {processor.py:171} INFO - Processing /home/airflow/.local/lib/python3.6/site-packages/airflow/example_dags/example_xcomargs.py took 0.305 seconds
[2021-10-16 23:42:27,346] {processor.py:163} INFO - Started process (PID=1265) to work on /home/airflow/.local/lib/python3.6/site-packages/airflow/example_dags/example_xcomargs.py
[2021-10-16 23:42:27,347] {processor.py:620} INFO - Processing file /home/airflow/.local/lib/python3.6/site-packages/airflow/example_dags/example_xcomargs.py for tasks to queue
[2021-10-16 23:42:27,348] {logging_mixin.py:109} INFO - [2021-10-16 23:42:27,348] {dagbag.py:500} INFO - Filling up the DagBag from /home/airflow/.local/lib/python3.6/site-packages/airflow/example_dags/example_xcomargs.py
[2021-10-16 23:42:27,378] {processor.py:632} INFO - DAG(s) dict_keys(['example_xcom_args', 'example_xcom_args_with_operators']) retrieved from /home/airflow/.local/lib/python3.6/site-packages/airflow/example_dags/example_xcomargs.py
[2021-10-16 23:42:27,575] {logging_mixin.py:109} INFO - [2021-10-16 23:42:27,575] {dag.py:2389} INFO - Sync 2 DAGs
[2021-10-16 23:42:27,589] {logging_mixin.py:109} INFO - [2021-10-16 23:42:27,589] {dag.py:2914} INFO - Setting next_dagrun for example_xcom_args to None
[2021-10-16 23:42:27,590] {logging_mixin.py:109} INFO - [2021-10-16 23:42:27,590] {dag.py:2914} INFO - Setting next_dagrun for example_xcom_args_with_operators to None
[2021-10-16 23:42:27,600] {processor.py:171} INFO - Processing /home/airflow/.local/lib/python3.6/site-packages/airflow/example_dags/example_xcomargs.py took 0.257 seconds
[2021-10-16 23:42:58,255] {processor.py:163} INFO - Started process (PID=1321) to work on /home/airflow/.local/lib/python3.6/site-packages/airflow/example_dags/example_xcomargs.py
[2021-10-16 23:42:58,258] {processor.py:620} INFO - Processing file /home/airflow/.local/lib/python3.6/site-packages/airflow/example_dags/example_xcomargs.py for tasks to queue
[2021-10-16 23:42:58,259] {logging_mixin.py:109} INFO - [2021-10-16 23:42:58,259] {dagbag.py:500} INFO - Filling up the DagBag from /home/airflow/.local/lib/python3.6/site-packages/airflow/example_dags/example_xcomargs.py
[2021-10-16 23:42:58,292] {processor.py:632} INFO - DAG(s) dict_keys(['example_xcom_args', 'example_xcom_args_with_operators']) retrieved from /home/airflow/.local/lib/python3.6/site-packages/airflow/example_dags/example_xcomargs.py
[2021-10-16 23:42:58,488] {logging_mixin.py:109} INFO - [2021-10-16 23:42:58,488] {dag.py:2389} INFO - Sync 2 DAGs
[2021-10-16 23:42:58,502] {logging_mixin.py:109} INFO - [2021-10-16 23:42:58,502] {dag.py:2914} INFO - Setting next_dagrun for example_xcom_args to None
[2021-10-16 23:42:58,502] {logging_mixin.py:109} INFO - [2021-10-16 23:42:58,502] {dag.py:2914} INFO - Setting next_dagrun for example_xcom_args_with_operators to None
[2021-10-16 23:42:58,513] {processor.py:171} INFO - Processing /home/airflow/.local/lib/python3.6/site-packages/airflow/example_dags/example_xcomargs.py took 0.261 seconds
[2021-10-16 23:43:28,855] {processor.py:163} INFO - Started process (PID=1376) to work on /home/airflow/.local/lib/python3.6/site-packages/airflow/example_dags/example_xcomargs.py
[2021-10-16 23:43:28,857] {processor.py:620} INFO - Processing file /home/airflow/.local/lib/python3.6/site-packages/airflow/example_dags/example_xcomargs.py for tasks to queue
[2021-10-16 23:43:28,858] {logging_mixin.py:109} INFO - [2021-10-16 23:43:28,857] {dagbag.py:500} INFO - Filling up the DagBag from /home/airflow/.local/lib/python3.6/site-packages/airflow/example_dags/example_xcomargs.py
[2021-10-16 23:43:28,908] {processor.py:632} INFO - DAG(s) dict_keys(['example_xcom_args', 'example_xcom_args_with_operators']) retrieved from /home/airflow/.local/lib/python3.6/site-packages/airflow/example_dags/example_xcomargs.py
[2021-10-16 23:43:29,203] {logging_mixin.py:109} INFO - [2021-10-16 23:43:29,203] {dag.py:2389} INFO - Sync 2 DAGs
[2021-10-16 23:43:29,223] {logging_mixin.py:109} INFO - [2021-10-16 23:43:29,223] {dag.py:2914} INFO - Setting next_dagrun for example_xcom_args to None
[2021-10-16 23:43:29,223] {logging_mixin.py:109} INFO - [2021-10-16 23:43:29,223] {dag.py:2914} INFO - Setting next_dagrun for example_xcom_args_with_operators to None
[2021-10-16 23:43:29,240] {processor.py:171} INFO - Processing /home/airflow/.local/lib/python3.6/site-packages/airflow/example_dags/example_xcomargs.py took 0.389 seconds
[2021-10-16 23:43:59,409] {processor.py:163} INFO - Started process (PID=1443) to work on /home/airflow/.local/lib/python3.6/site-packages/airflow/example_dags/example_xcomargs.py
[2021-10-16 23:43:59,411] {processor.py:620} INFO - Processing file /home/airflow/.local/lib/python3.6/site-packages/airflow/example_dags/example_xcomargs.py for tasks to queue
[2021-10-16 23:43:59,411] {logging_mixin.py:109} INFO - [2021-10-16 23:43:59,411] {dagbag.py:500} INFO - Filling up the DagBag from /home/airflow/.local/lib/python3.6/site-packages/airflow/example_dags/example_xcomargs.py
[2021-10-16 23:43:59,469] {processor.py:632} INFO - DAG(s) dict_keys(['example_xcom_args', 'example_xcom_args_with_operators']) retrieved from /home/airflow/.local/lib/python3.6/site-packages/airflow/example_dags/example_xcomargs.py
[2021-10-16 23:43:59,755] {logging_mixin.py:109} INFO - [2021-10-16 23:43:59,755] {dag.py:2389} INFO - Sync 2 DAGs
[2021-10-16 23:43:59,770] {logging_mixin.py:109} INFO - [2021-10-16 23:43:59,770] {dag.py:2914} INFO - Setting next_dagrun for example_xcom_args to None
[2021-10-16 23:43:59,770] {logging_mixin.py:109} INFO - [2021-10-16 23:43:59,770] {dag.py:2914} INFO - Setting next_dagrun for example_xcom_args_with_operators to None
[2021-10-16 23:43:59,781] {processor.py:171} INFO - Processing /home/airflow/.local/lib/python3.6/site-packages/airflow/example_dags/example_xcomargs.py took 0.375 seconds
[2021-10-16 23:44:29,919] {processor.py:163} INFO - Started process (PID=1499) to work on /home/airflow/.local/lib/python3.6/site-packages/airflow/example_dags/example_xcomargs.py
[2021-10-16 23:44:29,922] {processor.py:620} INFO - Processing file /home/airflow/.local/lib/python3.6/site-packages/airflow/example_dags/example_xcomargs.py for tasks to queue
[2021-10-16 23:44:29,923] {logging_mixin.py:109} INFO - [2021-10-16 23:44:29,923] {dagbag.py:500} INFO - Filling up the DagBag from /home/airflow/.local/lib/python3.6/site-packages/airflow/example_dags/example_xcomargs.py
[2021-10-16 23:44:29,968] {processor.py:632} INFO - DAG(s) dict_keys(['example_xcom_args', 'example_xcom_args_with_operators']) retrieved from /home/airflow/.local/lib/python3.6/site-packages/airflow/example_dags/example_xcomargs.py
[2021-10-16 23:44:30,181] {logging_mixin.py:109} INFO - [2021-10-16 23:44:30,181] {dag.py:2389} INFO - Sync 2 DAGs
[2021-10-16 23:44:30,195] {logging_mixin.py:109} INFO - [2021-10-16 23:44:30,195] {dag.py:2914} INFO - Setting next_dagrun for example_xcom_args to None
[2021-10-16 23:44:30,195] {logging_mixin.py:109} INFO - [2021-10-16 23:44:30,195] {dag.py:2914} INFO - Setting next_dagrun for example_xcom_args_with_operators to None
[2021-10-16 23:44:30,205] {processor.py:171} INFO - Processing /home/airflow/.local/lib/python3.6/site-packages/airflow/example_dags/example_xcomargs.py took 0.294 seconds
[2021-10-16 23:45:00,229] {processor.py:163} INFO - Started process (PID=1564) to work on /home/airflow/.local/lib/python3.6/site-packages/airflow/example_dags/example_xcomargs.py
[2021-10-16 23:45:00,230] {processor.py:620} INFO - Processing file /home/airflow/.local/lib/python3.6/site-packages/airflow/example_dags/example_xcomargs.py for tasks to queue
[2021-10-16 23:45:00,230] {logging_mixin.py:109} INFO - [2021-10-16 23:45:00,230] {dagbag.py:500} INFO - Filling up the DagBag from /home/airflow/.local/lib/python3.6/site-packages/airflow/example_dags/example_xcomargs.py
[2021-10-16 23:45:00,259] {processor.py:632} INFO - DAG(s) dict_keys(['example_xcom_args', 'example_xcom_args_with_operators']) retrieved from /home/airflow/.local/lib/python3.6/site-packages/airflow/example_dags/example_xcomargs.py
[2021-10-16 23:45:00,483] {logging_mixin.py:109} INFO - [2021-10-16 23:45:00,483] {dag.py:2389} INFO - Sync 2 DAGs
[2021-10-16 23:45:00,500] {logging_mixin.py:109} INFO - [2021-10-16 23:45:00,500] {dag.py:2914} INFO - Setting next_dagrun for example_xcom_args to None
[2021-10-16 23:45:00,500] {logging_mixin.py:109} INFO - [2021-10-16 23:45:00,500] {dag.py:2914} INFO - Setting next_dagrun for example_xcom_args_with_operators to None
[2021-10-16 23:45:00,510] {processor.py:171} INFO - Processing /home/airflow/.local/lib/python3.6/site-packages/airflow/example_dags/example_xcomargs.py took 0.284 seconds
[2021-10-16 23:45:30,708] {processor.py:163} INFO - Started process (PID=1619) to work on /home/airflow/.local/lib/python3.6/site-packages/airflow/example_dags/example_xcomargs.py
[2021-10-16 23:45:30,711] {processor.py:620} INFO - Processing file /home/airflow/.local/lib/python3.6/site-packages/airflow/example_dags/example_xcomargs.py for tasks to queue
[2021-10-16 23:45:30,712] {logging_mixin.py:109} INFO - [2021-10-16 23:45:30,712] {dagbag.py:500} INFO - Filling up the DagBag from /home/airflow/.local/lib/python3.6/site-packages/airflow/example_dags/example_xcomargs.py
[2021-10-16 23:45:30,746] {processor.py:632} INFO - DAG(s) dict_keys(['example_xcom_args', 'example_xcom_args_with_operators']) retrieved from /home/airflow/.local/lib/python3.6/site-packages/airflow/example_dags/example_xcomargs.py
[2021-10-16 23:45:30,978] {logging_mixin.py:109} INFO - [2021-10-16 23:45:30,978] {dag.py:2389} INFO - Sync 2 DAGs
[2021-10-16 23:45:30,992] {logging_mixin.py:109} INFO - [2021-10-16 23:45:30,992] {dag.py:2914} INFO - Setting next_dagrun for example_xcom_args to None
[2021-10-16 23:45:30,993] {logging_mixin.py:109} INFO - [2021-10-16 23:45:30,993] {dag.py:2914} INFO - Setting next_dagrun for example_xcom_args_with_operators to None
[2021-10-16 23:45:31,002] {processor.py:171} INFO - Processing /home/airflow/.local/lib/python3.6/site-packages/airflow/example_dags/example_xcomargs.py took 0.296 seconds
[2021-10-16 23:46:01,096] {processor.py:163} INFO - Started process (PID=1675) to work on /home/airflow/.local/lib/python3.6/site-packages/airflow/example_dags/example_xcomargs.py
[2021-10-16 23:46:01,097] {processor.py:620} INFO - Processing file /home/airflow/.local/lib/python3.6/site-packages/airflow/example_dags/example_xcomargs.py for tasks to queue
[2021-10-16 23:46:01,098] {logging_mixin.py:109} INFO - [2021-10-16 23:46:01,098] {dagbag.py:500} INFO - Filling up the DagBag from /home/airflow/.local/lib/python3.6/site-packages/airflow/example_dags/example_xcomargs.py
[2021-10-16 23:46:01,135] {processor.py:632} INFO - DAG(s) dict_keys(['example_xcom_args', 'example_xcom_args_with_operators']) retrieved from /home/airflow/.local/lib/python3.6/site-packages/airflow/example_dags/example_xcomargs.py
[2021-10-16 23:46:01,352] {logging_mixin.py:109} INFO - [2021-10-16 23:46:01,352] {dag.py:2389} INFO - Sync 2 DAGs
[2021-10-16 23:46:01,366] {logging_mixin.py:109} INFO - [2021-10-16 23:46:01,366] {dag.py:2914} INFO - Setting next_dagrun for example_xcom_args to None
[2021-10-16 23:46:01,367] {logging_mixin.py:109} INFO - [2021-10-16 23:46:01,367] {dag.py:2914} INFO - Setting next_dagrun for example_xcom_args_with_operators to None
[2021-10-16 23:46:01,377] {processor.py:171} INFO - Processing /home/airflow/.local/lib/python3.6/site-packages/airflow/example_dags/example_xcomargs.py took 0.285 seconds
[2021-10-16 23:46:31,400] {processor.py:163} INFO - Started process (PID=1741) to work on /home/airflow/.local/lib/python3.6/site-packages/airflow/example_dags/example_xcomargs.py
[2021-10-16 23:46:31,401] {processor.py:620} INFO - Processing file /home/airflow/.local/lib/python3.6/site-packages/airflow/example_dags/example_xcomargs.py for tasks to queue
[2021-10-16 23:46:31,401] {logging_mixin.py:109} INFO - [2021-10-16 23:46:31,401] {dagbag.py:500} INFO - Filling up the DagBag from /home/airflow/.local/lib/python3.6/site-packages/airflow/example_dags/example_xcomargs.py
[2021-10-16 23:46:31,432] {processor.py:632} INFO - DAG(s) dict_keys(['example_xcom_args', 'example_xcom_args_with_operators']) retrieved from /home/airflow/.local/lib/python3.6/site-packages/airflow/example_dags/example_xcomargs.py
[2021-10-16 23:46:31,768] {logging_mixin.py:109} INFO - [2021-10-16 23:46:31,768] {dag.py:2389} INFO - Sync 2 DAGs
[2021-10-16 23:46:31,788] {logging_mixin.py:109} INFO - [2021-10-16 23:46:31,788] {dag.py:2914} INFO - Setting next_dagrun for example_xcom_args to None
[2021-10-16 23:46:31,788] {logging_mixin.py:109} INFO - [2021-10-16 23:46:31,788] {dag.py:2914} INFO - Setting next_dagrun for example_xcom_args_with_operators to None
[2021-10-16 23:46:31,802] {processor.py:171} INFO - Processing /home/airflow/.local/lib/python3.6/site-packages/airflow/example_dags/example_xcomargs.py took 0.404 seconds
[2021-10-16 23:47:02,085] {processor.py:163} INFO - Started process (PID=1796) to work on /home/airflow/.local/lib/python3.6/site-packages/airflow/example_dags/example_xcomargs.py
[2021-10-16 23:47:02,087] {processor.py:620} INFO - Processing file /home/airflow/.local/lib/python3.6/site-packages/airflow/example_dags/example_xcomargs.py for tasks to queue
[2021-10-16 23:47:02,087] {logging_mixin.py:109} INFO - [2021-10-16 23:47:02,087] {dagbag.py:500} INFO - Filling up the DagBag from /home/airflow/.local/lib/python3.6/site-packages/airflow/example_dags/example_xcomargs.py
[2021-10-16 23:47:02,123] {processor.py:632} INFO - DAG(s) dict_keys(['example_xcom_args', 'example_xcom_args_with_operators']) retrieved from /home/airflow/.local/lib/python3.6/site-packages/airflow/example_dags/example_xcomargs.py
[2021-10-16 23:47:02,335] {logging_mixin.py:109} INFO - [2021-10-16 23:47:02,335] {dag.py:2389} INFO - Sync 2 DAGs
[2021-10-16 23:47:02,349] {logging_mixin.py:109} INFO - [2021-10-16 23:47:02,349] {dag.py:2914} INFO - Setting next_dagrun for example_xcom_args to None
[2021-10-16 23:47:02,349] {logging_mixin.py:109} INFO - [2021-10-16 23:47:02,349] {dag.py:2914} INFO - Setting next_dagrun for example_xcom_args_with_operators to None
[2021-10-16 23:47:02,360] {processor.py:171} INFO - Processing /home/airflow/.local/lib/python3.6/site-packages/airflow/example_dags/example_xcomargs.py took 0.277 seconds
[2021-10-16 23:47:32,618] {processor.py:163} INFO - Started process (PID=1862) to work on /home/airflow/.local/lib/python3.6/site-packages/airflow/example_dags/example_xcomargs.py
[2021-10-16 23:47:32,619] {processor.py:620} INFO - Processing file /home/airflow/.local/lib/python3.6/site-packages/airflow/example_dags/example_xcomargs.py for tasks to queue
[2021-10-16 23:47:32,620] {logging_mixin.py:109} INFO - [2021-10-16 23:47:32,620] {dagbag.py:500} INFO - Filling up the DagBag from /home/airflow/.local/lib/python3.6/site-packages/airflow/example_dags/example_xcomargs.py
[2021-10-16 23:47:32,650] {processor.py:632} INFO - DAG(s) dict_keys(['example_xcom_args', 'example_xcom_args_with_operators']) retrieved from /home/airflow/.local/lib/python3.6/site-packages/airflow/example_dags/example_xcomargs.py
[2021-10-16 23:47:32,864] {logging_mixin.py:109} INFO - [2021-10-16 23:47:32,864] {dag.py:2389} INFO - Sync 2 DAGs
[2021-10-16 23:47:32,880] {logging_mixin.py:109} INFO - [2021-10-16 23:47:32,880] {dag.py:2914} INFO - Setting next_dagrun for example_xcom_args to None
[2021-10-16 23:47:32,880] {logging_mixin.py:109} INFO - [2021-10-16 23:47:32,880] {dag.py:2914} INFO - Setting next_dagrun for example_xcom_args_with_operators to None
[2021-10-16 23:47:32,895] {processor.py:171} INFO - Processing /home/airflow/.local/lib/python3.6/site-packages/airflow/example_dags/example_xcomargs.py took 0.279 seconds
[2021-10-16 23:48:03,504] {processor.py:163} INFO - Started process (PID=1917) to work on /home/airflow/.local/lib/python3.6/site-packages/airflow/example_dags/example_xcomargs.py
[2021-10-16 23:48:03,506] {processor.py:620} INFO - Processing file /home/airflow/.local/lib/python3.6/site-packages/airflow/example_dags/example_xcomargs.py for tasks to queue
[2021-10-16 23:48:03,508] {logging_mixin.py:109} INFO - [2021-10-16 23:48:03,507] {dagbag.py:500} INFO - Filling up the DagBag from /home/airflow/.local/lib/python3.6/site-packages/airflow/example_dags/example_xcomargs.py
[2021-10-16 23:48:03,549] {processor.py:632} INFO - DAG(s) dict_keys(['example_xcom_args', 'example_xcom_args_with_operators']) retrieved from /home/airflow/.local/lib/python3.6/site-packages/airflow/example_dags/example_xcomargs.py
[2021-10-16 23:48:03,774] {logging_mixin.py:109} INFO - [2021-10-16 23:48:03,774] {dag.py:2389} INFO - Sync 2 DAGs
[2021-10-16 23:48:03,788] {logging_mixin.py:109} INFO - [2021-10-16 23:48:03,788] {dag.py:2914} INFO - Setting next_dagrun for example_xcom_args to None
[2021-10-16 23:48:03,788] {logging_mixin.py:109} INFO - [2021-10-16 23:48:03,788] {dag.py:2914} INFO - Setting next_dagrun for example_xcom_args_with_operators to None
[2021-10-16 23:48:03,797] {processor.py:171} INFO - Processing /home/airflow/.local/lib/python3.6/site-packages/airflow/example_dags/example_xcomargs.py took 0.303 seconds
[2021-10-16 23:48:34,529] {processor.py:163} INFO - Started process (PID=1972) to work on /home/airflow/.local/lib/python3.6/site-packages/airflow/example_dags/example_xcomargs.py
[2021-10-16 23:48:34,532] {processor.py:620} INFO - Processing file /home/airflow/.local/lib/python3.6/site-packages/airflow/example_dags/example_xcomargs.py for tasks to queue
[2021-10-16 23:48:34,534] {logging_mixin.py:109} INFO - [2021-10-16 23:48:34,533] {dagbag.py:500} INFO - Filling up the DagBag from /home/airflow/.local/lib/python3.6/site-packages/airflow/example_dags/example_xcomargs.py
[2021-10-16 23:48:34,577] {processor.py:632} INFO - DAG(s) dict_keys(['example_xcom_args', 'example_xcom_args_with_operators']) retrieved from /home/airflow/.local/lib/python3.6/site-packages/airflow/example_dags/example_xcomargs.py
[2021-10-16 23:48:34,801] {logging_mixin.py:109} INFO - [2021-10-16 23:48:34,801] {dag.py:2389} INFO - Sync 2 DAGs
[2021-10-16 23:48:34,815] {logging_mixin.py:109} INFO - [2021-10-16 23:48:34,815] {dag.py:2914} INFO - Setting next_dagrun for example_xcom_args to None
[2021-10-16 23:48:34,815] {logging_mixin.py:109} INFO - [2021-10-16 23:48:34,815] {dag.py:2914} INFO - Setting next_dagrun for example_xcom_args_with_operators to None
[2021-10-16 23:48:34,828] {processor.py:171} INFO - Processing /home/airflow/.local/lib/python3.6/site-packages/airflow/example_dags/example_xcomargs.py took 0.309 seconds
[2021-10-16 23:49:04,878] {processor.py:163} INFO - Started process (PID=2037) to work on /home/airflow/.local/lib/python3.6/site-packages/airflow/example_dags/example_xcomargs.py
[2021-10-16 23:49:04,879] {processor.py:620} INFO - Processing file /home/airflow/.local/lib/python3.6/site-packages/airflow/example_dags/example_xcomargs.py for tasks to queue
[2021-10-16 23:49:04,880] {logging_mixin.py:109} INFO - [2021-10-16 23:49:04,880] {dagbag.py:500} INFO - Filling up the DagBag from /home/airflow/.local/lib/python3.6/site-packages/airflow/example_dags/example_xcomargs.py
[2021-10-16 23:49:04,916] {processor.py:632} INFO - DAG(s) dict_keys(['example_xcom_args', 'example_xcom_args_with_operators']) retrieved from /home/airflow/.local/lib/python3.6/site-packages/airflow/example_dags/example_xcomargs.py
[2021-10-16 23:49:05,254] {logging_mixin.py:109} INFO - [2021-10-16 23:49:05,254] {dag.py:2389} INFO - Sync 2 DAGs
[2021-10-16 23:49:05,275] {logging_mixin.py:109} INFO - [2021-10-16 23:49:05,274] {dag.py:2914} INFO - Setting next_dagrun for example_xcom_args to None
[2021-10-16 23:49:05,275] {logging_mixin.py:109} INFO - [2021-10-16 23:49:05,275] {dag.py:2914} INFO - Setting next_dagrun for example_xcom_args_with_operators to None
[2021-10-16 23:49:05,291] {processor.py:171} INFO - Processing /home/airflow/.local/lib/python3.6/site-packages/airflow/example_dags/example_xcomargs.py took 0.417 seconds
[2021-10-16 23:49:35,476] {processor.py:163} INFO - Started process (PID=2093) to work on /home/airflow/.local/lib/python3.6/site-packages/airflow/example_dags/example_xcomargs.py
[2021-10-16 23:49:35,477] {processor.py:620} INFO - Processing file /home/airflow/.local/lib/python3.6/site-packages/airflow/example_dags/example_xcomargs.py for tasks to queue
[2021-10-16 23:49:35,478] {logging_mixin.py:109} INFO - [2021-10-16 23:49:35,478] {dagbag.py:500} INFO - Filling up the DagBag from /home/airflow/.local/lib/python3.6/site-packages/airflow/example_dags/example_xcomargs.py
[2021-10-16 23:49:35,515] {processor.py:632} INFO - DAG(s) dict_keys(['example_xcom_args', 'example_xcom_args_with_operators']) retrieved from /home/airflow/.local/lib/python3.6/site-packages/airflow/example_dags/example_xcomargs.py
[2021-10-16 23:49:35,713] {logging_mixin.py:109} INFO - [2021-10-16 23:49:35,713] {dag.py:2389} INFO - Sync 2 DAGs
[2021-10-16 23:49:35,727] {logging_mixin.py:109} INFO - [2021-10-16 23:49:35,727] {dag.py:2914} INFO - Setting next_dagrun for example_xcom_args to None
[2021-10-16 23:49:35,728] {logging_mixin.py:109} INFO - [2021-10-16 23:49:35,728] {dag.py:2914} INFO - Setting next_dagrun for example_xcom_args_with_operators to None
[2021-10-16 23:49:35,738] {processor.py:171} INFO - Processing /home/airflow/.local/lib/python3.6/site-packages/airflow/example_dags/example_xcomargs.py took 0.266 seconds
[2021-10-16 23:50:06,545] {processor.py:163} INFO - Started process (PID=2160) to work on /home/airflow/.local/lib/python3.6/site-packages/airflow/example_dags/example_xcomargs.py
[2021-10-16 23:50:06,547] {processor.py:620} INFO - Processing file /home/airflow/.local/lib/python3.6/site-packages/airflow/example_dags/example_xcomargs.py for tasks to queue
[2021-10-16 23:50:06,547] {logging_mixin.py:109} INFO - [2021-10-16 23:50:06,547] {dagbag.py:500} INFO - Filling up the DagBag from /home/airflow/.local/lib/python3.6/site-packages/airflow/example_dags/example_xcomargs.py
[2021-10-16 23:50:06,578] {processor.py:632} INFO - DAG(s) dict_keys(['example_xcom_args', 'example_xcom_args_with_operators']) retrieved from /home/airflow/.local/lib/python3.6/site-packages/airflow/example_dags/example_xcomargs.py
[2021-10-16 23:50:06,783] {logging_mixin.py:109} INFO - [2021-10-16 23:50:06,783] {dag.py:2389} INFO - Sync 2 DAGs
[2021-10-16 23:50:06,796] {logging_mixin.py:109} INFO - [2021-10-16 23:50:06,796] {dag.py:2914} INFO - Setting next_dagrun for example_xcom_args to None
[2021-10-16 23:50:06,797] {logging_mixin.py:109} INFO - [2021-10-16 23:50:06,797] {dag.py:2914} INFO - Setting next_dagrun for example_xcom_args_with_operators to None
[2021-10-16 23:50:06,808] {processor.py:171} INFO - Processing /home/airflow/.local/lib/python3.6/site-packages/airflow/example_dags/example_xcomargs.py took 0.266 seconds
[2021-10-16 23:50:36,855] {processor.py:163} INFO - Started process (PID=2215) to work on /home/airflow/.local/lib/python3.6/site-packages/airflow/example_dags/example_xcomargs.py
[2021-10-16 23:50:36,856] {processor.py:620} INFO - Processing file /home/airflow/.local/lib/python3.6/site-packages/airflow/example_dags/example_xcomargs.py for tasks to queue
[2021-10-16 23:50:36,856] {logging_mixin.py:109} INFO - [2021-10-16 23:50:36,856] {dagbag.py:500} INFO - Filling up the DagBag from /home/airflow/.local/lib/python3.6/site-packages/airflow/example_dags/example_xcomargs.py
[2021-10-16 23:50:36,899] {processor.py:632} INFO - DAG(s) dict_keys(['example_xcom_args', 'example_xcom_args_with_operators']) retrieved from /home/airflow/.local/lib/python3.6/site-packages/airflow/example_dags/example_xcomargs.py
[2021-10-16 23:50:37,119] {logging_mixin.py:109} INFO - [2021-10-16 23:50:37,119] {dag.py:2389} INFO - Sync 2 DAGs
[2021-10-16 23:50:37,133] {logging_mixin.py:109} INFO - [2021-10-16 23:50:37,133] {dag.py:2914} INFO - Setting next_dagrun for example_xcom_args to None
[2021-10-16 23:50:37,134] {logging_mixin.py:109} INFO - [2021-10-16 23:50:37,133] {dag.py:2914} INFO - Setting next_dagrun for example_xcom_args_with_operators to None
[2021-10-16 23:50:37,145] {processor.py:171} INFO - Processing /home/airflow/.local/lib/python3.6/site-packages/airflow/example_dags/example_xcomargs.py took 0.293 seconds
[2021-10-16 23:51:08,060] {processor.py:163} INFO - Started process (PID=2280) to work on /home/airflow/.local/lib/python3.6/site-packages/airflow/example_dags/example_xcomargs.py
[2021-10-16 23:51:08,061] {processor.py:620} INFO - Processing file /home/airflow/.local/lib/python3.6/site-packages/airflow/example_dags/example_xcomargs.py for tasks to queue
[2021-10-16 23:51:08,062] {logging_mixin.py:109} INFO - [2021-10-16 23:51:08,062] {dagbag.py:500} INFO - Filling up the DagBag from /home/airflow/.local/lib/python3.6/site-packages/airflow/example_dags/example_xcomargs.py
[2021-10-16 23:51:08,091] {processor.py:632} INFO - DAG(s) dict_keys(['example_xcom_args', 'example_xcom_args_with_operators']) retrieved from /home/airflow/.local/lib/python3.6/site-packages/airflow/example_dags/example_xcomargs.py
[2021-10-16 23:51:08,107] {logging_mixin.py:109} INFO - [2021-10-16 23:51:08,107] {dag.py:2389} INFO - Sync 2 DAGs
[2021-10-16 23:51:08,123] {logging_mixin.py:109} INFO - [2021-10-16 23:51:08,123] {dag.py:2914} INFO - Setting next_dagrun for example_xcom_args to None
[2021-10-16 23:51:08,124] {logging_mixin.py:109} INFO - [2021-10-16 23:51:08,124] {dag.py:2914} INFO - Setting next_dagrun for example_xcom_args_with_operators to None
[2021-10-16 23:51:08,132] {processor.py:171} INFO - Processing /home/airflow/.local/lib/python3.6/site-packages/airflow/example_dags/example_xcomargs.py took 0.074 seconds
[2021-10-16 23:51:38,807] {processor.py:163} INFO - Started process (PID=2336) to work on /home/airflow/.local/lib/python3.6/site-packages/airflow/example_dags/example_xcomargs.py
[2021-10-16 23:51:38,808] {processor.py:620} INFO - Processing file /home/airflow/.local/lib/python3.6/site-packages/airflow/example_dags/example_xcomargs.py for tasks to queue
[2021-10-16 23:51:38,809] {logging_mixin.py:109} INFO - [2021-10-16 23:51:38,809] {dagbag.py:500} INFO - Filling up the DagBag from /home/airflow/.local/lib/python3.6/site-packages/airflow/example_dags/example_xcomargs.py
[2021-10-16 23:51:38,844] {processor.py:632} INFO - DAG(s) dict_keys(['example_xcom_args', 'example_xcom_args_with_operators']) retrieved from /home/airflow/.local/lib/python3.6/site-packages/airflow/example_dags/example_xcomargs.py
[2021-10-16 23:51:39,041] {logging_mixin.py:109} INFO - [2021-10-16 23:51:39,041] {dag.py:2389} INFO - Sync 2 DAGs
[2021-10-16 23:51:39,055] {logging_mixin.py:109} INFO - [2021-10-16 23:51:39,054] {dag.py:2914} INFO - Setting next_dagrun for example_xcom_args to None
[2021-10-16 23:51:39,055] {logging_mixin.py:109} INFO - [2021-10-16 23:51:39,055] {dag.py:2914} INFO - Setting next_dagrun for example_xcom_args_with_operators to None
[2021-10-16 23:51:39,064] {processor.py:171} INFO - Processing /home/airflow/.local/lib/python3.6/site-packages/airflow/example_dags/example_xcomargs.py took 0.260 seconds
[2021-10-16 23:52:09,885] {processor.py:163} INFO - Started process (PID=2402) to work on /home/airflow/.local/lib/python3.6/site-packages/airflow/example_dags/example_xcomargs.py
[2021-10-16 23:52:09,886] {processor.py:620} INFO - Processing file /home/airflow/.local/lib/python3.6/site-packages/airflow/example_dags/example_xcomargs.py for tasks to queue
[2021-10-16 23:52:09,887] {logging_mixin.py:109} INFO - [2021-10-16 23:52:09,887] {dagbag.py:500} INFO - Filling up the DagBag from /home/airflow/.local/lib/python3.6/site-packages/airflow/example_dags/example_xcomargs.py
[2021-10-16 23:52:09,917] {processor.py:632} INFO - DAG(s) dict_keys(['example_xcom_args', 'example_xcom_args_with_operators']) retrieved from /home/airflow/.local/lib/python3.6/site-packages/airflow/example_dags/example_xcomargs.py
[2021-10-16 23:52:10,117] {logging_mixin.py:109} INFO - [2021-10-16 23:52:10,117] {dag.py:2389} INFO - Sync 2 DAGs
[2021-10-16 23:52:10,130] {logging_mixin.py:109} INFO - [2021-10-16 23:52:10,130] {dag.py:2914} INFO - Setting next_dagrun for example_xcom_args to None
[2021-10-16 23:52:10,131] {logging_mixin.py:109} INFO - [2021-10-16 23:52:10,131] {dag.py:2914} INFO - Setting next_dagrun for example_xcom_args_with_operators to None
[2021-10-16 23:52:10,140] {processor.py:171} INFO - Processing /home/airflow/.local/lib/python3.6/site-packages/airflow/example_dags/example_xcomargs.py took 0.258 seconds
[2021-10-16 23:52:40,340] {processor.py:163} INFO - Started process (PID=2458) to work on /home/airflow/.local/lib/python3.6/site-packages/airflow/example_dags/example_xcomargs.py
[2021-10-16 23:52:40,341] {processor.py:620} INFO - Processing file /home/airflow/.local/lib/python3.6/site-packages/airflow/example_dags/example_xcomargs.py for tasks to queue
[2021-10-16 23:52:40,341] {logging_mixin.py:109} INFO - [2021-10-16 23:52:40,341] {dagbag.py:500} INFO - Filling up the DagBag from /home/airflow/.local/lib/python3.6/site-packages/airflow/example_dags/example_xcomargs.py
[2021-10-16 23:52:40,372] {processor.py:632} INFO - DAG(s) dict_keys(['example_xcom_args', 'example_xcom_args_with_operators']) retrieved from /home/airflow/.local/lib/python3.6/site-packages/airflow/example_dags/example_xcomargs.py
[2021-10-16 23:52:40,586] {logging_mixin.py:109} INFO - [2021-10-16 23:52:40,586] {dag.py:2389} INFO - Sync 2 DAGs
[2021-10-16 23:52:40,604] {logging_mixin.py:109} INFO - [2021-10-16 23:52:40,604] {dag.py:2914} INFO - Setting next_dagrun for example_xcom_args to None
[2021-10-16 23:52:40,604] {logging_mixin.py:109} INFO - [2021-10-16 23:52:40,604] {dag.py:2914} INFO - Setting next_dagrun for example_xcom_args_with_operators to None
[2021-10-16 23:52:40,620] {processor.py:171} INFO - Processing /home/airflow/.local/lib/python3.6/site-packages/airflow/example_dags/example_xcomargs.py took 0.283 seconds
[2021-10-16 23:53:11,040] {processor.py:163} INFO - Started process (PID=2514) to work on /home/airflow/.local/lib/python3.6/site-packages/airflow/example_dags/example_xcomargs.py
[2021-10-16 23:53:11,041] {processor.py:620} INFO - Processing file /home/airflow/.local/lib/python3.6/site-packages/airflow/example_dags/example_xcomargs.py for tasks to queue
[2021-10-16 23:53:11,042] {logging_mixin.py:109} INFO - [2021-10-16 23:53:11,041] {dagbag.py:500} INFO - Filling up the DagBag from /home/airflow/.local/lib/python3.6/site-packages/airflow/example_dags/example_xcomargs.py
[2021-10-16 23:53:11,082] {processor.py:632} INFO - DAG(s) dict_keys(['example_xcom_args', 'example_xcom_args_with_operators']) retrieved from /home/airflow/.local/lib/python3.6/site-packages/airflow/example_dags/example_xcomargs.py
[2021-10-16 23:53:11,098] {logging_mixin.py:109} INFO - [2021-10-16 23:53:11,097] {dag.py:2389} INFO - Sync 2 DAGs
[2021-10-16 23:53:11,113] {logging_mixin.py:109} INFO - [2021-10-16 23:53:11,113] {dag.py:2914} INFO - Setting next_dagrun for example_xcom_args to None
[2021-10-16 23:53:11,113] {logging_mixin.py:109} INFO - [2021-10-16 23:53:11,113] {dag.py:2914} INFO - Setting next_dagrun for example_xcom_args_with_operators to None
[2021-10-16 23:53:11,122] {processor.py:171} INFO - Processing /home/airflow/.local/lib/python3.6/site-packages/airflow/example_dags/example_xcomargs.py took 0.086 seconds
[2021-10-16 23:53:41,267] {processor.py:163} INFO - Started process (PID=2580) to work on /home/airflow/.local/lib/python3.6/site-packages/airflow/example_dags/example_xcomargs.py
[2021-10-16 23:53:41,268] {processor.py:620} INFO - Processing file /home/airflow/.local/lib/python3.6/site-packages/airflow/example_dags/example_xcomargs.py for tasks to queue
[2021-10-16 23:53:41,269] {logging_mixin.py:109} INFO - [2021-10-16 23:53:41,268] {dagbag.py:500} INFO - Filling up the DagBag from /home/airflow/.local/lib/python3.6/site-packages/airflow/example_dags/example_xcomargs.py
[2021-10-16 23:53:41,307] {processor.py:632} INFO - DAG(s) dict_keys(['example_xcom_args', 'example_xcom_args_with_operators']) retrieved from /home/airflow/.local/lib/python3.6/site-packages/airflow/example_dags/example_xcomargs.py
[2021-10-16 23:53:41,535] {logging_mixin.py:109} INFO - [2021-10-16 23:53:41,535] {dag.py:2389} INFO - Sync 2 DAGs
[2021-10-16 23:53:41,558] {logging_mixin.py:109} INFO - [2021-10-16 23:53:41,558] {dag.py:2914} INFO - Setting next_dagrun for example_xcom_args to None
[2021-10-16 23:53:41,559] {logging_mixin.py:109} INFO - [2021-10-16 23:53:41,559] {dag.py:2914} INFO - Setting next_dagrun for example_xcom_args_with_operators to None
[2021-10-16 23:53:41,577] {processor.py:171} INFO - Processing /home/airflow/.local/lib/python3.6/site-packages/airflow/example_dags/example_xcomargs.py took 0.313 seconds
[2021-10-16 23:54:11,625] {processor.py:163} INFO - Started process (PID=2635) to work on /home/airflow/.local/lib/python3.6/site-packages/airflow/example_dags/example_xcomargs.py
[2021-10-16 23:54:11,629] {processor.py:620} INFO - Processing file /home/airflow/.local/lib/python3.6/site-packages/airflow/example_dags/example_xcomargs.py for tasks to queue
[2021-10-16 23:54:11,631] {logging_mixin.py:109} INFO - [2021-10-16 23:54:11,630] {dagbag.py:500} INFO - Filling up the DagBag from /home/airflow/.local/lib/python3.6/site-packages/airflow/example_dags/example_xcomargs.py
[2021-10-16 23:54:11,682] {processor.py:632} INFO - DAG(s) dict_keys(['example_xcom_args', 'example_xcom_args_with_operators']) retrieved from /home/airflow/.local/lib/python3.6/site-packages/airflow/example_dags/example_xcomargs.py
[2021-10-16 23:54:11,991] {logging_mixin.py:109} INFO - [2021-10-16 23:54:11,991] {dag.py:2389} INFO - Sync 2 DAGs
[2021-10-16 23:54:12,006] {logging_mixin.py:109} INFO - [2021-10-16 23:54:12,006] {dag.py:2914} INFO - Setting next_dagrun for example_xcom_args to None
[2021-10-16 23:54:12,006] {logging_mixin.py:109} INFO - [2021-10-16 23:54:12,006] {dag.py:2914} INFO - Setting next_dagrun for example_xcom_args_with_operators to None
[2021-10-16 23:54:12,018] {processor.py:171} INFO - Processing /home/airflow/.local/lib/python3.6/site-packages/airflow/example_dags/example_xcomargs.py took 0.397 seconds
[2021-10-16 23:54:42,827] {processor.py:163} INFO - Started process (PID=2691) to work on /home/airflow/.local/lib/python3.6/site-packages/airflow/example_dags/example_xcomargs.py
[2021-10-16 23:54:42,829] {processor.py:620} INFO - Processing file /home/airflow/.local/lib/python3.6/site-packages/airflow/example_dags/example_xcomargs.py for tasks to queue
[2021-10-16 23:54:42,831] {logging_mixin.py:109} INFO - [2021-10-16 23:54:42,831] {dagbag.py:500} INFO - Filling up the DagBag from /home/airflow/.local/lib/python3.6/site-packages/airflow/example_dags/example_xcomargs.py
[2021-10-16 23:54:42,891] {processor.py:632} INFO - DAG(s) dict_keys(['example_xcom_args', 'example_xcom_args_with_operators']) retrieved from /home/airflow/.local/lib/python3.6/site-packages/airflow/example_dags/example_xcomargs.py
[2021-10-16 23:54:43,218] {logging_mixin.py:109} INFO - [2021-10-16 23:54:43,218] {dag.py:2389} INFO - Sync 2 DAGs
[2021-10-16 23:54:43,233] {logging_mixin.py:109} INFO - [2021-10-16 23:54:43,233] {dag.py:2914} INFO - Setting next_dagrun for example_xcom_args to None
[2021-10-16 23:54:43,233] {logging_mixin.py:109} INFO - [2021-10-16 23:54:43,233] {dag.py:2914} INFO - Setting next_dagrun for example_xcom_args_with_operators to None
[2021-10-16 23:54:43,243] {processor.py:171} INFO - Processing /home/airflow/.local/lib/python3.6/site-packages/airflow/example_dags/example_xcomargs.py took 0.421 seconds
[2021-10-16 23:55:14,059] {processor.py:163} INFO - Started process (PID=2759) to work on /home/airflow/.local/lib/python3.6/site-packages/airflow/example_dags/example_xcomargs.py
[2021-10-16 23:55:14,061] {processor.py:620} INFO - Processing file /home/airflow/.local/lib/python3.6/site-packages/airflow/example_dags/example_xcomargs.py for tasks to queue
[2021-10-16 23:55:14,061] {logging_mixin.py:109} INFO - [2021-10-16 23:55:14,061] {dagbag.py:500} INFO - Filling up the DagBag from /home/airflow/.local/lib/python3.6/site-packages/airflow/example_dags/example_xcomargs.py
[2021-10-16 23:55:14,099] {processor.py:632} INFO - DAG(s) dict_keys(['example_xcom_args', 'example_xcom_args_with_operators']) retrieved from /home/airflow/.local/lib/python3.6/site-packages/airflow/example_dags/example_xcomargs.py
[2021-10-16 23:55:14,307] {logging_mixin.py:109} INFO - [2021-10-16 23:55:14,307] {dag.py:2389} INFO - Sync 2 DAGs
[2021-10-16 23:55:14,321] {logging_mixin.py:109} INFO - [2021-10-16 23:55:14,321] {dag.py:2914} INFO - Setting next_dagrun for example_xcom_args to None
[2021-10-16 23:55:14,322] {logging_mixin.py:109} INFO - [2021-10-16 23:55:14,322] {dag.py:2914} INFO - Setting next_dagrun for example_xcom_args_with_operators to None
[2021-10-16 23:55:14,332] {processor.py:171} INFO - Processing /home/airflow/.local/lib/python3.6/site-packages/airflow/example_dags/example_xcomargs.py took 0.276 seconds
[2021-10-16 23:55:44,412] {processor.py:163} INFO - Started process (PID=2816) to work on /home/airflow/.local/lib/python3.6/site-packages/airflow/example_dags/example_xcomargs.py
[2021-10-16 23:55:44,414] {processor.py:620} INFO - Processing file /home/airflow/.local/lib/python3.6/site-packages/airflow/example_dags/example_xcomargs.py for tasks to queue
[2021-10-16 23:55:44,415] {logging_mixin.py:109} INFO - [2021-10-16 23:55:44,415] {dagbag.py:500} INFO - Filling up the DagBag from /home/airflow/.local/lib/python3.6/site-packages/airflow/example_dags/example_xcomargs.py
[2021-10-16 23:55:44,459] {processor.py:632} INFO - DAG(s) dict_keys(['example_xcom_args', 'example_xcom_args_with_operators']) retrieved from /home/airflow/.local/lib/python3.6/site-packages/airflow/example_dags/example_xcomargs.py
[2021-10-16 23:55:44,697] {logging_mixin.py:109} INFO - [2021-10-16 23:55:44,696] {dag.py:2389} INFO - Sync 2 DAGs
[2021-10-16 23:55:44,711] {logging_mixin.py:109} INFO - [2021-10-16 23:55:44,711] {dag.py:2914} INFO - Setting next_dagrun for example_xcom_args to None
[2021-10-16 23:55:44,711] {logging_mixin.py:109} INFO - [2021-10-16 23:55:44,711] {dag.py:2914} INFO - Setting next_dagrun for example_xcom_args_with_operators to None
[2021-10-16 23:55:44,720] {processor.py:171} INFO - Processing /home/airflow/.local/lib/python3.6/site-packages/airflow/example_dags/example_xcomargs.py took 0.319 seconds
[2021-10-16 23:56:14,928] {processor.py:163} INFO - Started process (PID=2871) to work on /home/airflow/.local/lib/python3.6/site-packages/airflow/example_dags/example_xcomargs.py
[2021-10-16 23:56:14,930] {processor.py:620} INFO - Processing file /home/airflow/.local/lib/python3.6/site-packages/airflow/example_dags/example_xcomargs.py for tasks to queue
[2021-10-16 23:56:14,931] {logging_mixin.py:109} INFO - [2021-10-16 23:56:14,931] {dagbag.py:500} INFO - Filling up the DagBag from /home/airflow/.local/lib/python3.6/site-packages/airflow/example_dags/example_xcomargs.py
[2021-10-16 23:56:14,996] {processor.py:632} INFO - DAG(s) dict_keys(['example_xcom_args', 'example_xcom_args_with_operators']) retrieved from /home/airflow/.local/lib/python3.6/site-packages/airflow/example_dags/example_xcomargs.py
[2021-10-16 23:56:15,310] {logging_mixin.py:109} INFO - [2021-10-16 23:56:15,310] {dag.py:2389} INFO - Sync 2 DAGs
[2021-10-16 23:56:15,335] {logging_mixin.py:109} INFO - [2021-10-16 23:56:15,335] {dag.py:2914} INFO - Setting next_dagrun for example_xcom_args to None
[2021-10-16 23:56:15,335] {logging_mixin.py:109} INFO - [2021-10-16 23:56:15,335] {dag.py:2914} INFO - Setting next_dagrun for example_xcom_args_with_operators to None
[2021-10-16 23:56:15,350] {processor.py:171} INFO - Processing /home/airflow/.local/lib/python3.6/site-packages/airflow/example_dags/example_xcomargs.py took 0.426 seconds
[2021-10-16 23:56:45,803] {processor.py:163} INFO - Started process (PID=2938) to work on /home/airflow/.local/lib/python3.6/site-packages/airflow/example_dags/example_xcomargs.py
[2021-10-16 23:56:45,805] {processor.py:620} INFO - Processing file /home/airflow/.local/lib/python3.6/site-packages/airflow/example_dags/example_xcomargs.py for tasks to queue
[2021-10-16 23:56:45,806] {logging_mixin.py:109} INFO - [2021-10-16 23:56:45,806] {dagbag.py:500} INFO - Filling up the DagBag from /home/airflow/.local/lib/python3.6/site-packages/airflow/example_dags/example_xcomargs.py
[2021-10-16 23:56:45,848] {processor.py:632} INFO - DAG(s) dict_keys(['example_xcom_args', 'example_xcom_args_with_operators']) retrieved from /home/airflow/.local/lib/python3.6/site-packages/airflow/example_dags/example_xcomargs.py
[2021-10-16 23:56:46,124] {logging_mixin.py:109} INFO - [2021-10-16 23:56:46,123] {dag.py:2389} INFO - Sync 2 DAGs
[2021-10-16 23:56:46,143] {logging_mixin.py:109} INFO - [2021-10-16 23:56:46,143] {dag.py:2914} INFO - Setting next_dagrun for example_xcom_args to None
[2021-10-16 23:56:46,143] {logging_mixin.py:109} INFO - [2021-10-16 23:56:46,143] {dag.py:2914} INFO - Setting next_dagrun for example_xcom_args_with_operators to None
[2021-10-16 23:56:46,161] {processor.py:171} INFO - Processing /home/airflow/.local/lib/python3.6/site-packages/airflow/example_dags/example_xcomargs.py took 0.363 seconds
[2021-10-16 23:57:16,966] {processor.py:163} INFO - Started process (PID=2994) to work on /home/airflow/.local/lib/python3.6/site-packages/airflow/example_dags/example_xcomargs.py
[2021-10-16 23:57:16,967] {processor.py:620} INFO - Processing file /home/airflow/.local/lib/python3.6/site-packages/airflow/example_dags/example_xcomargs.py for tasks to queue
[2021-10-16 23:57:16,967] {logging_mixin.py:109} INFO - [2021-10-16 23:57:16,967] {dagbag.py:500} INFO - Filling up the DagBag from /home/airflow/.local/lib/python3.6/site-packages/airflow/example_dags/example_xcomargs.py
[2021-10-16 23:57:17,010] {processor.py:632} INFO - DAG(s) dict_keys(['example_xcom_args', 'example_xcom_args_with_operators']) retrieved from /home/airflow/.local/lib/python3.6/site-packages/airflow/example_dags/example_xcomargs.py
[2021-10-16 23:57:17,237] {logging_mixin.py:109} INFO - [2021-10-16 23:57:17,237] {dag.py:2389} INFO - Sync 2 DAGs
[2021-10-16 23:57:17,254] {logging_mixin.py:109} INFO - [2021-10-16 23:57:17,254] {dag.py:2914} INFO - Setting next_dagrun for example_xcom_args to None
[2021-10-16 23:57:17,254] {logging_mixin.py:109} INFO - [2021-10-16 23:57:17,254] {dag.py:2914} INFO - Setting next_dagrun for example_xcom_args_with_operators to None
[2021-10-16 23:57:17,264] {processor.py:171} INFO - Processing /home/airflow/.local/lib/python3.6/site-packages/airflow/example_dags/example_xcomargs.py took 0.301 seconds
[2021-10-16 23:57:47,401] {processor.py:163} INFO - Started process (PID=3057) to work on /home/airflow/.local/lib/python3.6/site-packages/airflow/example_dags/example_xcomargs.py
[2021-10-16 23:57:47,402] {processor.py:620} INFO - Processing file /home/airflow/.local/lib/python3.6/site-packages/airflow/example_dags/example_xcomargs.py for tasks to queue
[2021-10-16 23:57:47,403] {logging_mixin.py:109} INFO - [2021-10-16 23:57:47,403] {dagbag.py:500} INFO - Filling up the DagBag from /home/airflow/.local/lib/python3.6/site-packages/airflow/example_dags/example_xcomargs.py
[2021-10-16 23:57:47,444] {processor.py:632} INFO - DAG(s) dict_keys(['example_xcom_args', 'example_xcom_args_with_operators']) retrieved from /home/airflow/.local/lib/python3.6/site-packages/airflow/example_dags/example_xcomargs.py
[2021-10-16 23:57:47,789] {logging_mixin.py:109} INFO - [2021-10-16 23:57:47,789] {dag.py:2389} INFO - Sync 2 DAGs
[2021-10-16 23:57:47,817] {logging_mixin.py:109} INFO - [2021-10-16 23:57:47,817] {dag.py:2914} INFO - Setting next_dagrun for example_xcom_args to None
[2021-10-16 23:57:47,818] {logging_mixin.py:109} INFO - [2021-10-16 23:57:47,818] {dag.py:2914} INFO - Setting next_dagrun for example_xcom_args_with_operators to None
[2021-10-16 23:57:47,834] {processor.py:171} INFO - Processing /home/airflow/.local/lib/python3.6/site-packages/airflow/example_dags/example_xcomargs.py took 0.437 seconds
[2021-10-16 23:58:18,204] {processor.py:163} INFO - Started process (PID=3117) to work on /home/airflow/.local/lib/python3.6/site-packages/airflow/example_dags/example_xcomargs.py
[2021-10-16 23:58:18,205] {processor.py:620} INFO - Processing file /home/airflow/.local/lib/python3.6/site-packages/airflow/example_dags/example_xcomargs.py for tasks to queue
[2021-10-16 23:58:18,206] {logging_mixin.py:109} INFO - [2021-10-16 23:58:18,206] {dagbag.py:500} INFO - Filling up the DagBag from /home/airflow/.local/lib/python3.6/site-packages/airflow/example_dags/example_xcomargs.py
[2021-10-16 23:58:18,262] {processor.py:632} INFO - DAG(s) dict_keys(['example_xcom_args', 'example_xcom_args_with_operators']) retrieved from /home/airflow/.local/lib/python3.6/site-packages/airflow/example_dags/example_xcomargs.py
[2021-10-16 23:58:18,533] {logging_mixin.py:109} INFO - [2021-10-16 23:58:18,533] {dag.py:2389} INFO - Sync 2 DAGs
[2021-10-16 23:58:18,550] {logging_mixin.py:109} INFO - [2021-10-16 23:58:18,550] {dag.py:2914} INFO - Setting next_dagrun for example_xcom_args to None
[2021-10-16 23:58:18,551] {logging_mixin.py:109} INFO - [2021-10-16 23:58:18,551] {dag.py:2914} INFO - Setting next_dagrun for example_xcom_args_with_operators to None
[2021-10-16 23:58:18,566] {processor.py:171} INFO - Processing /home/airflow/.local/lib/python3.6/site-packages/airflow/example_dags/example_xcomargs.py took 0.367 seconds
[2021-10-16 23:58:49,157] {processor.py:163} INFO - Started process (PID=3172) to work on /home/airflow/.local/lib/python3.6/site-packages/airflow/example_dags/example_xcomargs.py
[2021-10-16 23:58:49,158] {processor.py:620} INFO - Processing file /home/airflow/.local/lib/python3.6/site-packages/airflow/example_dags/example_xcomargs.py for tasks to queue
[2021-10-16 23:58:49,159] {logging_mixin.py:109} INFO - [2021-10-16 23:58:49,159] {dagbag.py:500} INFO - Filling up the DagBag from /home/airflow/.local/lib/python3.6/site-packages/airflow/example_dags/example_xcomargs.py
[2021-10-16 23:58:49,200] {processor.py:632} INFO - DAG(s) dict_keys(['example_xcom_args', 'example_xcom_args_with_operators']) retrieved from /home/airflow/.local/lib/python3.6/site-packages/airflow/example_dags/example_xcomargs.py
[2021-10-16 23:58:49,446] {logging_mixin.py:109} INFO - [2021-10-16 23:58:49,446] {dag.py:2389} INFO - Sync 2 DAGs
[2021-10-16 23:58:49,461] {logging_mixin.py:109} INFO - [2021-10-16 23:58:49,460] {dag.py:2914} INFO - Setting next_dagrun for example_xcom_args to None
[2021-10-16 23:58:49,461] {logging_mixin.py:109} INFO - [2021-10-16 23:58:49,461] {dag.py:2914} INFO - Setting next_dagrun for example_xcom_args_with_operators to None
[2021-10-16 23:58:49,472] {processor.py:171} INFO - Processing /home/airflow/.local/lib/python3.6/site-packages/airflow/example_dags/example_xcomargs.py took 0.319 seconds
[2021-10-16 23:59:19,488] {processor.py:163} INFO - Started process (PID=3236) to work on /home/airflow/.local/lib/python3.6/site-packages/airflow/example_dags/example_xcomargs.py
[2021-10-16 23:59:19,489] {processor.py:620} INFO - Processing file /home/airflow/.local/lib/python3.6/site-packages/airflow/example_dags/example_xcomargs.py for tasks to queue
[2021-10-16 23:59:19,490] {logging_mixin.py:109} INFO - [2021-10-16 23:59:19,490] {dagbag.py:500} INFO - Filling up the DagBag from /home/airflow/.local/lib/python3.6/site-packages/airflow/example_dags/example_xcomargs.py
[2021-10-16 23:59:19,524] {processor.py:632} INFO - DAG(s) dict_keys(['example_xcom_args', 'example_xcom_args_with_operators']) retrieved from /home/airflow/.local/lib/python3.6/site-packages/airflow/example_dags/example_xcomargs.py
[2021-10-16 23:59:19,797] {logging_mixin.py:109} INFO - [2021-10-16 23:59:19,797] {dag.py:2389} INFO - Sync 2 DAGs
[2021-10-16 23:59:19,815] {logging_mixin.py:109} INFO - [2021-10-16 23:59:19,815] {dag.py:2914} INFO - Setting next_dagrun for example_xcom_args to None
[2021-10-16 23:59:19,816] {logging_mixin.py:109} INFO - [2021-10-16 23:59:19,816] {dag.py:2914} INFO - Setting next_dagrun for example_xcom_args_with_operators to None
[2021-10-16 23:59:19,827] {processor.py:171} INFO - Processing /home/airflow/.local/lib/python3.6/site-packages/airflow/example_dags/example_xcomargs.py took 0.341 seconds
[2021-10-16 23:59:50,027] {processor.py:163} INFO - Started process (PID=3293) to work on /home/airflow/.local/lib/python3.6/site-packages/airflow/example_dags/example_xcomargs.py
[2021-10-16 23:59:50,028] {processor.py:620} INFO - Processing file /home/airflow/.local/lib/python3.6/site-packages/airflow/example_dags/example_xcomargs.py for tasks to queue
[2021-10-16 23:59:50,029] {logging_mixin.py:109} INFO - [2021-10-16 23:59:50,029] {dagbag.py:500} INFO - Filling up the DagBag from /home/airflow/.local/lib/python3.6/site-packages/airflow/example_dags/example_xcomargs.py
[2021-10-16 23:59:50,069] {processor.py:632} INFO - DAG(s) dict_keys(['example_xcom_args', 'example_xcom_args_with_operators']) retrieved from /home/airflow/.local/lib/python3.6/site-packages/airflow/example_dags/example_xcomargs.py
[2021-10-16 23:59:50,335] {logging_mixin.py:109} INFO - [2021-10-16 23:59:50,335] {dag.py:2389} INFO - Sync 2 DAGs
[2021-10-16 23:59:50,361] {logging_mixin.py:109} INFO - [2021-10-16 23:59:50,361] {dag.py:2914} INFO - Setting next_dagrun for example_xcom_args to None
[2021-10-16 23:59:50,361] {logging_mixin.py:109} INFO - [2021-10-16 23:59:50,361] {dag.py:2914} INFO - Setting next_dagrun for example_xcom_args_with_operators to None
[2021-10-16 23:59:50,377] {processor.py:171} INFO - Processing /home/airflow/.local/lib/python3.6/site-packages/airflow/example_dags/example_xcomargs.py took 0.354 seconds
