[2021-10-16 23:32:13,961] {processor.py:163} INFO - Started process (PID=69) to work on /home/airflow/.local/lib/python3.6/site-packages/airflow/example_dags/example_xcom.py
[2021-10-16 23:32:13,963] {processor.py:620} INFO - Processing file /home/airflow/.local/lib/python3.6/site-packages/airflow/example_dags/example_xcom.py for tasks to queue
[2021-10-16 23:32:13,964] {logging_mixin.py:109} INFO - [2021-10-16 23:32:13,964] {dagbag.py:500} INFO - Filling up the DagBag from /home/airflow/.local/lib/python3.6/site-packages/airflow/example_dags/example_xcom.py
[2021-10-16 23:32:14,015] {processor.py:632} INFO - DAG(s) dict_keys(['example_xcom']) retrieved from /home/airflow/.local/lib/python3.6/site-packages/airflow/example_dags/example_xcom.py
[2021-10-16 23:32:14,356] {logging_mixin.py:109} INFO - [2021-10-16 23:32:14,356] {dag.py:2389} INFO - Sync 1 DAGs
[2021-10-16 23:32:14,374] {logging_mixin.py:109} INFO - [2021-10-16 23:32:14,373] {dag.py:2914} INFO - Setting next_dagrun for example_xcom to 2021-01-01T00:00:00+00:00
[2021-10-16 23:32:14,385] {processor.py:171} INFO - Processing /home/airflow/.local/lib/python3.6/site-packages/airflow/example_dags/example_xcom.py took 0.437 seconds
[2021-10-16 23:32:44,611] {processor.py:163} INFO - Started process (PID=135) to work on /home/airflow/.local/lib/python3.6/site-packages/airflow/example_dags/example_xcom.py
[2021-10-16 23:32:44,612] {processor.py:620} INFO - Processing file /home/airflow/.local/lib/python3.6/site-packages/airflow/example_dags/example_xcom.py for tasks to queue
[2021-10-16 23:32:44,613] {logging_mixin.py:109} INFO - [2021-10-16 23:32:44,613] {dagbag.py:500} INFO - Filling up the DagBag from /home/airflow/.local/lib/python3.6/site-packages/airflow/example_dags/example_xcom.py
[2021-10-16 23:32:44,647] {processor.py:632} INFO - DAG(s) dict_keys(['example_xcom']) retrieved from /home/airflow/.local/lib/python3.6/site-packages/airflow/example_dags/example_xcom.py
[2021-10-16 23:32:44,894] {logging_mixin.py:109} INFO - [2021-10-16 23:32:44,893] {dag.py:2389} INFO - Sync 1 DAGs
[2021-10-16 23:32:44,909] {logging_mixin.py:109} INFO - [2021-10-16 23:32:44,909] {dag.py:2914} INFO - Setting next_dagrun for example_xcom to 2021-01-01T00:00:00+00:00
[2021-10-16 23:32:44,921] {processor.py:171} INFO - Processing /home/airflow/.local/lib/python3.6/site-packages/airflow/example_dags/example_xcom.py took 0.314 seconds
[2021-10-16 23:33:15,905] {processor.py:163} INFO - Started process (PID=190) to work on /home/airflow/.local/lib/python3.6/site-packages/airflow/example_dags/example_xcom.py
[2021-10-16 23:33:15,906] {processor.py:620} INFO - Processing file /home/airflow/.local/lib/python3.6/site-packages/airflow/example_dags/example_xcom.py for tasks to queue
[2021-10-16 23:33:15,907] {logging_mixin.py:109} INFO - [2021-10-16 23:33:15,907] {dagbag.py:500} INFO - Filling up the DagBag from /home/airflow/.local/lib/python3.6/site-packages/airflow/example_dags/example_xcom.py
[2021-10-16 23:33:15,963] {processor.py:632} INFO - DAG(s) dict_keys(['example_xcom']) retrieved from /home/airflow/.local/lib/python3.6/site-packages/airflow/example_dags/example_xcom.py
[2021-10-16 23:33:16,238] {logging_mixin.py:109} INFO - [2021-10-16 23:33:16,238] {dag.py:2389} INFO - Sync 1 DAGs
[2021-10-16 23:33:16,254] {logging_mixin.py:109} INFO - [2021-10-16 23:33:16,254] {dag.py:2914} INFO - Setting next_dagrun for example_xcom to 2021-01-01T00:00:00+00:00
[2021-10-16 23:33:16,264] {processor.py:171} INFO - Processing /home/airflow/.local/lib/python3.6/site-packages/airflow/example_dags/example_xcom.py took 0.363 seconds
[2021-10-16 23:33:47,042] {processor.py:163} INFO - Started process (PID=247) to work on /home/airflow/.local/lib/python3.6/site-packages/airflow/example_dags/example_xcom.py
[2021-10-16 23:33:47,043] {processor.py:620} INFO - Processing file /home/airflow/.local/lib/python3.6/site-packages/airflow/example_dags/example_xcom.py for tasks to queue
[2021-10-16 23:33:47,045] {logging_mixin.py:109} INFO - [2021-10-16 23:33:47,044] {dagbag.py:500} INFO - Filling up the DagBag from /home/airflow/.local/lib/python3.6/site-packages/airflow/example_dags/example_xcom.py
[2021-10-16 23:33:47,098] {processor.py:632} INFO - DAG(s) dict_keys(['example_xcom']) retrieved from /home/airflow/.local/lib/python3.6/site-packages/airflow/example_dags/example_xcom.py
[2021-10-16 23:33:47,484] {logging_mixin.py:109} INFO - [2021-10-16 23:33:47,484] {dag.py:2389} INFO - Sync 1 DAGs
[2021-10-16 23:33:47,506] {logging_mixin.py:109} INFO - [2021-10-16 23:33:47,505] {dag.py:2914} INFO - Setting next_dagrun for example_xcom to 2021-01-01T00:00:00+00:00
[2021-10-16 23:33:47,520] {processor.py:171} INFO - Processing /home/airflow/.local/lib/python3.6/site-packages/airflow/example_dags/example_xcom.py took 0.484 seconds
[2021-10-16 23:34:17,719] {processor.py:163} INFO - Started process (PID=316) to work on /home/airflow/.local/lib/python3.6/site-packages/airflow/example_dags/example_xcom.py
[2021-10-16 23:34:17,721] {processor.py:620} INFO - Processing file /home/airflow/.local/lib/python3.6/site-packages/airflow/example_dags/example_xcom.py for tasks to queue
[2021-10-16 23:34:17,722] {logging_mixin.py:109} INFO - [2021-10-16 23:34:17,722] {dagbag.py:500} INFO - Filling up the DagBag from /home/airflow/.local/lib/python3.6/site-packages/airflow/example_dags/example_xcom.py
[2021-10-16 23:34:17,768] {processor.py:632} INFO - DAG(s) dict_keys(['example_xcom']) retrieved from /home/airflow/.local/lib/python3.6/site-packages/airflow/example_dags/example_xcom.py
[2021-10-16 23:34:17,787] {logging_mixin.py:109} INFO - [2021-10-16 23:34:17,787] {dag.py:2389} INFO - Sync 1 DAGs
[2021-10-16 23:34:17,814] {logging_mixin.py:109} INFO - [2021-10-16 23:34:17,814] {dag.py:2914} INFO - Setting next_dagrun for example_xcom to 2021-01-01T00:00:00+00:00
[2021-10-16 23:34:17,827] {processor.py:171} INFO - Processing /home/airflow/.local/lib/python3.6/site-packages/airflow/example_dags/example_xcom.py took 0.111 seconds
[2021-10-16 23:34:49,311] {processor.py:163} INFO - Started process (PID=376) to work on /home/airflow/.local/lib/python3.6/site-packages/airflow/example_dags/example_xcom.py
[2021-10-16 23:34:49,313] {processor.py:620} INFO - Processing file /home/airflow/.local/lib/python3.6/site-packages/airflow/example_dags/example_xcom.py for tasks to queue
[2021-10-16 23:34:49,314] {logging_mixin.py:109} INFO - [2021-10-16 23:34:49,314] {dagbag.py:500} INFO - Filling up the DagBag from /home/airflow/.local/lib/python3.6/site-packages/airflow/example_dags/example_xcom.py
[2021-10-16 23:34:49,356] {processor.py:632} INFO - DAG(s) dict_keys(['example_xcom']) retrieved from /home/airflow/.local/lib/python3.6/site-packages/airflow/example_dags/example_xcom.py
[2021-10-16 23:34:49,729] {logging_mixin.py:109} INFO - [2021-10-16 23:34:49,729] {dag.py:2389} INFO - Sync 1 DAGs
[2021-10-16 23:34:49,753] {logging_mixin.py:109} INFO - [2021-10-16 23:34:49,753] {dag.py:2914} INFO - Setting next_dagrun for example_xcom to 2021-01-01T00:00:00+00:00
[2021-10-16 23:34:49,770] {processor.py:171} INFO - Processing /home/airflow/.local/lib/python3.6/site-packages/airflow/example_dags/example_xcom.py took 0.463 seconds
[2021-10-16 23:35:20,347] {processor.py:163} INFO - Started process (PID=436) to work on /home/airflow/.local/lib/python3.6/site-packages/airflow/example_dags/example_xcom.py
[2021-10-16 23:35:20,349] {processor.py:620} INFO - Processing file /home/airflow/.local/lib/python3.6/site-packages/airflow/example_dags/example_xcom.py for tasks to queue
[2021-10-16 23:35:20,349] {logging_mixin.py:109} INFO - [2021-10-16 23:35:20,349] {dagbag.py:500} INFO - Filling up the DagBag from /home/airflow/.local/lib/python3.6/site-packages/airflow/example_dags/example_xcom.py
[2021-10-16 23:35:20,388] {processor.py:632} INFO - DAG(s) dict_keys(['example_xcom']) retrieved from /home/airflow/.local/lib/python3.6/site-packages/airflow/example_dags/example_xcom.py
[2021-10-16 23:35:20,682] {logging_mixin.py:109} INFO - [2021-10-16 23:35:20,681] {dag.py:2389} INFO - Sync 1 DAGs
[2021-10-16 23:35:20,701] {logging_mixin.py:109} INFO - [2021-10-16 23:35:20,701] {dag.py:2914} INFO - Setting next_dagrun for example_xcom to 2021-01-01T00:00:00+00:00
[2021-10-16 23:35:20,715] {processor.py:171} INFO - Processing /home/airflow/.local/lib/python3.6/site-packages/airflow/example_dags/example_xcom.py took 0.372 seconds
[2021-10-16 23:35:51,180] {processor.py:163} INFO - Started process (PID=501) to work on /home/airflow/.local/lib/python3.6/site-packages/airflow/example_dags/example_xcom.py
[2021-10-16 23:35:51,182] {processor.py:620} INFO - Processing file /home/airflow/.local/lib/python3.6/site-packages/airflow/example_dags/example_xcom.py for tasks to queue
[2021-10-16 23:35:51,183] {logging_mixin.py:109} INFO - [2021-10-16 23:35:51,182] {dagbag.py:500} INFO - Filling up the DagBag from /home/airflow/.local/lib/python3.6/site-packages/airflow/example_dags/example_xcom.py
[2021-10-16 23:35:51,252] {processor.py:632} INFO - DAG(s) dict_keys(['example_xcom']) retrieved from /home/airflow/.local/lib/python3.6/site-packages/airflow/example_dags/example_xcom.py
[2021-10-16 23:35:51,527] {logging_mixin.py:109} INFO - [2021-10-16 23:35:51,527] {dag.py:2389} INFO - Sync 1 DAGs
[2021-10-16 23:35:51,544] {logging_mixin.py:109} INFO - [2021-10-16 23:35:51,543] {dag.py:2914} INFO - Setting next_dagrun for example_xcom to 2021-01-01T00:00:00+00:00
[2021-10-16 23:35:51,556] {processor.py:171} INFO - Processing /home/airflow/.local/lib/python3.6/site-packages/airflow/example_dags/example_xcom.py took 0.380 seconds
[2021-10-16 23:36:21,620] {processor.py:163} INFO - Started process (PID=557) to work on /home/airflow/.local/lib/python3.6/site-packages/airflow/example_dags/example_xcom.py
[2021-10-16 23:36:21,622] {processor.py:620} INFO - Processing file /home/airflow/.local/lib/python3.6/site-packages/airflow/example_dags/example_xcom.py for tasks to queue
[2021-10-16 23:36:21,622] {logging_mixin.py:109} INFO - [2021-10-16 23:36:21,622] {dagbag.py:500} INFO - Filling up the DagBag from /home/airflow/.local/lib/python3.6/site-packages/airflow/example_dags/example_xcom.py
[2021-10-16 23:36:21,648] {processor.py:632} INFO - DAG(s) dict_keys(['example_xcom']) retrieved from /home/airflow/.local/lib/python3.6/site-packages/airflow/example_dags/example_xcom.py
[2021-10-16 23:36:21,890] {logging_mixin.py:109} INFO - [2021-10-16 23:36:21,890] {dag.py:2389} INFO - Sync 1 DAGs
[2021-10-16 23:36:21,908] {logging_mixin.py:109} INFO - [2021-10-16 23:36:21,908] {dag.py:2914} INFO - Setting next_dagrun for example_xcom to 2021-01-01T00:00:00+00:00
[2021-10-16 23:36:21,920] {processor.py:171} INFO - Processing /home/airflow/.local/lib/python3.6/site-packages/airflow/example_dags/example_xcom.py took 0.302 seconds
[2021-10-16 23:36:51,970] {processor.py:163} INFO - Started process (PID=615) to work on /home/airflow/.local/lib/python3.6/site-packages/airflow/example_dags/example_xcom.py
[2021-10-16 23:36:51,970] {processor.py:620} INFO - Processing file /home/airflow/.local/lib/python3.6/site-packages/airflow/example_dags/example_xcom.py for tasks to queue
[2021-10-16 23:36:51,971] {logging_mixin.py:109} INFO - [2021-10-16 23:36:51,971] {dagbag.py:500} INFO - Filling up the DagBag from /home/airflow/.local/lib/python3.6/site-packages/airflow/example_dags/example_xcom.py
[2021-10-16 23:36:51,996] {processor.py:632} INFO - DAG(s) dict_keys(['example_xcom']) retrieved from /home/airflow/.local/lib/python3.6/site-packages/airflow/example_dags/example_xcom.py
[2021-10-16 23:36:52,220] {logging_mixin.py:109} INFO - [2021-10-16 23:36:52,219] {dag.py:2389} INFO - Sync 1 DAGs
[2021-10-16 23:36:52,233] {logging_mixin.py:109} INFO - [2021-10-16 23:36:52,233] {dag.py:2914} INFO - Setting next_dagrun for example_xcom to 2021-01-01T00:00:00+00:00
[2021-10-16 23:36:52,243] {processor.py:171} INFO - Processing /home/airflow/.local/lib/python3.6/site-packages/airflow/example_dags/example_xcom.py took 0.276 seconds
[2021-10-16 23:37:22,763] {processor.py:163} INFO - Started process (PID=677) to work on /home/airflow/.local/lib/python3.6/site-packages/airflow/example_dags/example_xcom.py
[2021-10-16 23:37:22,764] {processor.py:620} INFO - Processing file /home/airflow/.local/lib/python3.6/site-packages/airflow/example_dags/example_xcom.py for tasks to queue
[2021-10-16 23:37:22,765] {logging_mixin.py:109} INFO - [2021-10-16 23:37:22,765] {dagbag.py:500} INFO - Filling up the DagBag from /home/airflow/.local/lib/python3.6/site-packages/airflow/example_dags/example_xcom.py
[2021-10-16 23:37:22,820] {processor.py:632} INFO - DAG(s) dict_keys(['example_xcom']) retrieved from /home/airflow/.local/lib/python3.6/site-packages/airflow/example_dags/example_xcom.py
[2021-10-16 23:37:23,289] {logging_mixin.py:109} INFO - [2021-10-16 23:37:23,289] {dag.py:2389} INFO - Sync 1 DAGs
[2021-10-16 23:37:23,318] {logging_mixin.py:109} INFO - [2021-10-16 23:37:23,318] {dag.py:2914} INFO - Setting next_dagrun for example_xcom to 2021-01-01T00:00:00+00:00
[2021-10-16 23:37:23,331] {processor.py:171} INFO - Processing /home/airflow/.local/lib/python3.6/site-packages/airflow/example_dags/example_xcom.py took 0.573 seconds
[2021-10-16 23:37:53,358] {processor.py:163} INFO - Started process (PID=732) to work on /home/airflow/.local/lib/python3.6/site-packages/airflow/example_dags/example_xcom.py
[2021-10-16 23:37:53,360] {processor.py:620} INFO - Processing file /home/airflow/.local/lib/python3.6/site-packages/airflow/example_dags/example_xcom.py for tasks to queue
[2021-10-16 23:37:53,361] {logging_mixin.py:109} INFO - [2021-10-16 23:37:53,360] {dagbag.py:500} INFO - Filling up the DagBag from /home/airflow/.local/lib/python3.6/site-packages/airflow/example_dags/example_xcom.py
[2021-10-16 23:37:53,393] {processor.py:632} INFO - DAG(s) dict_keys(['example_xcom']) retrieved from /home/airflow/.local/lib/python3.6/site-packages/airflow/example_dags/example_xcom.py
[2021-10-16 23:37:53,599] {logging_mixin.py:109} INFO - [2021-10-16 23:37:53,599] {dag.py:2389} INFO - Sync 1 DAGs
[2021-10-16 23:37:53,613] {logging_mixin.py:109} INFO - [2021-10-16 23:37:53,613] {dag.py:2914} INFO - Setting next_dagrun for example_xcom to 2021-01-01T00:00:00+00:00
[2021-10-16 23:37:53,623] {processor.py:171} INFO - Processing /home/airflow/.local/lib/python3.6/site-packages/airflow/example_dags/example_xcom.py took 0.268 seconds
[2021-10-16 23:38:23,745] {processor.py:163} INFO - Started process (PID=789) to work on /home/airflow/.local/lib/python3.6/site-packages/airflow/example_dags/example_xcom.py
[2021-10-16 23:38:23,747] {processor.py:620} INFO - Processing file /home/airflow/.local/lib/python3.6/site-packages/airflow/example_dags/example_xcom.py for tasks to queue
[2021-10-16 23:38:23,748] {logging_mixin.py:109} INFO - [2021-10-16 23:38:23,747] {dagbag.py:500} INFO - Filling up the DagBag from /home/airflow/.local/lib/python3.6/site-packages/airflow/example_dags/example_xcom.py
[2021-10-16 23:38:23,780] {processor.py:632} INFO - DAG(s) dict_keys(['example_xcom']) retrieved from /home/airflow/.local/lib/python3.6/site-packages/airflow/example_dags/example_xcom.py
[2021-10-16 23:38:23,995] {logging_mixin.py:109} INFO - [2021-10-16 23:38:23,995] {dag.py:2389} INFO - Sync 1 DAGs
[2021-10-16 23:38:24,011] {logging_mixin.py:109} INFO - [2021-10-16 23:38:24,011] {dag.py:2914} INFO - Setting next_dagrun for example_xcom to 2021-01-01T00:00:00+00:00
[2021-10-16 23:38:24,025] {processor.py:171} INFO - Processing /home/airflow/.local/lib/python3.6/site-packages/airflow/example_dags/example_xcom.py took 0.282 seconds
[2021-10-16 23:38:54,118] {processor.py:163} INFO - Started process (PID=854) to work on /home/airflow/.local/lib/python3.6/site-packages/airflow/example_dags/example_xcom.py
[2021-10-16 23:38:54,120] {processor.py:620} INFO - Processing file /home/airflow/.local/lib/python3.6/site-packages/airflow/example_dags/example_xcom.py for tasks to queue
[2021-10-16 23:38:54,120] {logging_mixin.py:109} INFO - [2021-10-16 23:38:54,120] {dagbag.py:500} INFO - Filling up the DagBag from /home/airflow/.local/lib/python3.6/site-packages/airflow/example_dags/example_xcom.py
[2021-10-16 23:38:54,153] {processor.py:632} INFO - DAG(s) dict_keys(['example_xcom']) retrieved from /home/airflow/.local/lib/python3.6/site-packages/airflow/example_dags/example_xcom.py
[2021-10-16 23:38:54,350] {logging_mixin.py:109} INFO - [2021-10-16 23:38:54,350] {dag.py:2389} INFO - Sync 1 DAGs
[2021-10-16 23:38:54,362] {logging_mixin.py:109} INFO - [2021-10-16 23:38:54,362] {dag.py:2914} INFO - Setting next_dagrun for example_xcom to 2021-01-01T00:00:00+00:00
[2021-10-16 23:38:54,372] {processor.py:171} INFO - Processing /home/airflow/.local/lib/python3.6/site-packages/airflow/example_dags/example_xcom.py took 0.257 seconds
[2021-10-16 23:39:24,487] {processor.py:163} INFO - Started process (PID=910) to work on /home/airflow/.local/lib/python3.6/site-packages/airflow/example_dags/example_xcom.py
[2021-10-16 23:39:24,489] {processor.py:620} INFO - Processing file /home/airflow/.local/lib/python3.6/site-packages/airflow/example_dags/example_xcom.py for tasks to queue
[2021-10-16 23:39:24,490] {logging_mixin.py:109} INFO - [2021-10-16 23:39:24,490] {dagbag.py:500} INFO - Filling up the DagBag from /home/airflow/.local/lib/python3.6/site-packages/airflow/example_dags/example_xcom.py
[2021-10-16 23:39:24,528] {processor.py:632} INFO - DAG(s) dict_keys(['example_xcom']) retrieved from /home/airflow/.local/lib/python3.6/site-packages/airflow/example_dags/example_xcom.py
[2021-10-16 23:39:24,542] {logging_mixin.py:109} INFO - [2021-10-16 23:39:24,542] {dag.py:2389} INFO - Sync 1 DAGs
[2021-10-16 23:39:24,562] {logging_mixin.py:109} INFO - [2021-10-16 23:39:24,562] {dag.py:2914} INFO - Setting next_dagrun for example_xcom to 2021-01-01T00:00:00+00:00
[2021-10-16 23:39:24,576] {processor.py:171} INFO - Processing /home/airflow/.local/lib/python3.6/site-packages/airflow/example_dags/example_xcom.py took 0.093 seconds
[2021-10-16 23:39:54,834] {processor.py:163} INFO - Started process (PID=964) to work on /home/airflow/.local/lib/python3.6/site-packages/airflow/example_dags/example_xcom.py
[2021-10-16 23:39:54,835] {processor.py:620} INFO - Processing file /home/airflow/.local/lib/python3.6/site-packages/airflow/example_dags/example_xcom.py for tasks to queue
[2021-10-16 23:39:54,836] {logging_mixin.py:109} INFO - [2021-10-16 23:39:54,836] {dagbag.py:500} INFO - Filling up the DagBag from /home/airflow/.local/lib/python3.6/site-packages/airflow/example_dags/example_xcom.py
[2021-10-16 23:39:54,864] {processor.py:632} INFO - DAG(s) dict_keys(['example_xcom']) retrieved from /home/airflow/.local/lib/python3.6/site-packages/airflow/example_dags/example_xcom.py
[2021-10-16 23:39:55,115] {logging_mixin.py:109} INFO - [2021-10-16 23:39:55,115] {dag.py:2389} INFO - Sync 1 DAGs
[2021-10-16 23:39:55,129] {logging_mixin.py:109} INFO - [2021-10-16 23:39:55,129] {dag.py:2914} INFO - Setting next_dagrun for example_xcom to 2021-01-01T00:00:00+00:00
[2021-10-16 23:39:55,140] {processor.py:171} INFO - Processing /home/airflow/.local/lib/python3.6/site-packages/airflow/example_dags/example_xcom.py took 0.308 seconds
[2021-10-16 23:40:25,861] {processor.py:163} INFO - Started process (PID=1030) to work on /home/airflow/.local/lib/python3.6/site-packages/airflow/example_dags/example_xcom.py
[2021-10-16 23:40:25,862] {processor.py:620} INFO - Processing file /home/airflow/.local/lib/python3.6/site-packages/airflow/example_dags/example_xcom.py for tasks to queue
[2021-10-16 23:40:25,863] {logging_mixin.py:109} INFO - [2021-10-16 23:40:25,863] {dagbag.py:500} INFO - Filling up the DagBag from /home/airflow/.local/lib/python3.6/site-packages/airflow/example_dags/example_xcom.py
[2021-10-16 23:40:25,911] {processor.py:632} INFO - DAG(s) dict_keys(['example_xcom']) retrieved from /home/airflow/.local/lib/python3.6/site-packages/airflow/example_dags/example_xcom.py
[2021-10-16 23:40:26,289] {logging_mixin.py:109} INFO - [2021-10-16 23:40:26,289] {dag.py:2389} INFO - Sync 1 DAGs
[2021-10-16 23:40:26,316] {logging_mixin.py:109} INFO - [2021-10-16 23:40:26,316] {dag.py:2914} INFO - Setting next_dagrun for example_xcom to 2021-01-01T00:00:00+00:00
[2021-10-16 23:40:26,337] {processor.py:171} INFO - Processing /home/airflow/.local/lib/python3.6/site-packages/airflow/example_dags/example_xcom.py took 0.481 seconds
[2021-10-16 23:40:57,190] {processor.py:163} INFO - Started process (PID=1089) to work on /home/airflow/.local/lib/python3.6/site-packages/airflow/example_dags/example_xcom.py
[2021-10-16 23:40:57,194] {processor.py:620} INFO - Processing file /home/airflow/.local/lib/python3.6/site-packages/airflow/example_dags/example_xcom.py for tasks to queue
[2021-10-16 23:40:57,195] {logging_mixin.py:109} INFO - [2021-10-16 23:40:57,195] {dagbag.py:500} INFO - Filling up the DagBag from /home/airflow/.local/lib/python3.6/site-packages/airflow/example_dags/example_xcom.py
[2021-10-16 23:40:57,234] {processor.py:632} INFO - DAG(s) dict_keys(['example_xcom']) retrieved from /home/airflow/.local/lib/python3.6/site-packages/airflow/example_dags/example_xcom.py
[2021-10-16 23:40:57,441] {logging_mixin.py:109} INFO - [2021-10-16 23:40:57,441] {dag.py:2389} INFO - Sync 1 DAGs
[2021-10-16 23:40:57,455] {logging_mixin.py:109} INFO - [2021-10-16 23:40:57,455] {dag.py:2914} INFO - Setting next_dagrun for example_xcom to 2021-01-01T00:00:00+00:00
[2021-10-16 23:40:57,464] {processor.py:171} INFO - Processing /home/airflow/.local/lib/python3.6/site-packages/airflow/example_dags/example_xcom.py took 0.283 seconds
[2021-10-16 23:41:27,541] {processor.py:163} INFO - Started process (PID=1154) to work on /home/airflow/.local/lib/python3.6/site-packages/airflow/example_dags/example_xcom.py
[2021-10-16 23:41:27,543] {processor.py:620} INFO - Processing file /home/airflow/.local/lib/python3.6/site-packages/airflow/example_dags/example_xcom.py for tasks to queue
[2021-10-16 23:41:27,543] {logging_mixin.py:109} INFO - [2021-10-16 23:41:27,543] {dagbag.py:500} INFO - Filling up the DagBag from /home/airflow/.local/lib/python3.6/site-packages/airflow/example_dags/example_xcom.py
[2021-10-16 23:41:27,573] {processor.py:632} INFO - DAG(s) dict_keys(['example_xcom']) retrieved from /home/airflow/.local/lib/python3.6/site-packages/airflow/example_dags/example_xcom.py
[2021-10-16 23:41:27,584] {logging_mixin.py:109} INFO - [2021-10-16 23:41:27,584] {dag.py:2389} INFO - Sync 1 DAGs
[2021-10-16 23:41:27,599] {logging_mixin.py:109} INFO - [2021-10-16 23:41:27,599] {dag.py:2914} INFO - Setting next_dagrun for example_xcom to 2021-01-01T00:00:00+00:00
[2021-10-16 23:41:27,608] {processor.py:171} INFO - Processing /home/airflow/.local/lib/python3.6/site-packages/airflow/example_dags/example_xcom.py took 0.070 seconds
[2021-10-16 23:41:58,516] {processor.py:163} INFO - Started process (PID=1209) to work on /home/airflow/.local/lib/python3.6/site-packages/airflow/example_dags/example_xcom.py
[2021-10-16 23:41:58,517] {processor.py:620} INFO - Processing file /home/airflow/.local/lib/python3.6/site-packages/airflow/example_dags/example_xcom.py for tasks to queue
[2021-10-16 23:41:58,518] {logging_mixin.py:109} INFO - [2021-10-16 23:41:58,518] {dagbag.py:500} INFO - Filling up the DagBag from /home/airflow/.local/lib/python3.6/site-packages/airflow/example_dags/example_xcom.py
[2021-10-16 23:41:58,545] {processor.py:632} INFO - DAG(s) dict_keys(['example_xcom']) retrieved from /home/airflow/.local/lib/python3.6/site-packages/airflow/example_dags/example_xcom.py
[2021-10-16 23:41:58,798] {logging_mixin.py:109} INFO - [2021-10-16 23:41:58,798] {dag.py:2389} INFO - Sync 1 DAGs
[2021-10-16 23:41:58,812] {logging_mixin.py:109} INFO - [2021-10-16 23:41:58,812] {dag.py:2914} INFO - Setting next_dagrun for example_xcom to 2021-01-01T00:00:00+00:00
[2021-10-16 23:41:58,821] {processor.py:171} INFO - Processing /home/airflow/.local/lib/python3.6/site-packages/airflow/example_dags/example_xcom.py took 0.307 seconds
[2021-10-16 23:42:28,861] {processor.py:163} INFO - Started process (PID=1274) to work on /home/airflow/.local/lib/python3.6/site-packages/airflow/example_dags/example_xcom.py
[2021-10-16 23:42:28,862] {processor.py:620} INFO - Processing file /home/airflow/.local/lib/python3.6/site-packages/airflow/example_dags/example_xcom.py for tasks to queue
[2021-10-16 23:42:28,863] {logging_mixin.py:109} INFO - [2021-10-16 23:42:28,862] {dagbag.py:500} INFO - Filling up the DagBag from /home/airflow/.local/lib/python3.6/site-packages/airflow/example_dags/example_xcom.py
[2021-10-16 23:42:28,894] {processor.py:632} INFO - DAG(s) dict_keys(['example_xcom']) retrieved from /home/airflow/.local/lib/python3.6/site-packages/airflow/example_dags/example_xcom.py
[2021-10-16 23:42:29,175] {logging_mixin.py:109} INFO - [2021-10-16 23:42:29,175] {dag.py:2389} INFO - Sync 1 DAGs
[2021-10-16 23:42:29,196] {logging_mixin.py:109} INFO - [2021-10-16 23:42:29,195] {dag.py:2914} INFO - Setting next_dagrun for example_xcom to 2021-01-01T00:00:00+00:00
[2021-10-16 23:42:29,209] {processor.py:171} INFO - Processing /home/airflow/.local/lib/python3.6/site-packages/airflow/example_dags/example_xcom.py took 0.351 seconds
[2021-10-16 23:42:59,804] {processor.py:163} INFO - Started process (PID=1330) to work on /home/airflow/.local/lib/python3.6/site-packages/airflow/example_dags/example_xcom.py
[2021-10-16 23:42:59,807] {processor.py:620} INFO - Processing file /home/airflow/.local/lib/python3.6/site-packages/airflow/example_dags/example_xcom.py for tasks to queue
[2021-10-16 23:42:59,807] {logging_mixin.py:109} INFO - [2021-10-16 23:42:59,807] {dagbag.py:500} INFO - Filling up the DagBag from /home/airflow/.local/lib/python3.6/site-packages/airflow/example_dags/example_xcom.py
[2021-10-16 23:42:59,840] {processor.py:632} INFO - DAG(s) dict_keys(['example_xcom']) retrieved from /home/airflow/.local/lib/python3.6/site-packages/airflow/example_dags/example_xcom.py
[2021-10-16 23:43:00,043] {logging_mixin.py:109} INFO - [2021-10-16 23:43:00,043] {dag.py:2389} INFO - Sync 1 DAGs
[2021-10-16 23:43:00,056] {logging_mixin.py:109} INFO - [2021-10-16 23:43:00,056] {dag.py:2914} INFO - Setting next_dagrun for example_xcom to 2021-01-01T00:00:00+00:00
[2021-10-16 23:43:00,065] {processor.py:171} INFO - Processing /home/airflow/.local/lib/python3.6/site-packages/airflow/example_dags/example_xcom.py took 0.269 seconds
[2021-10-16 23:43:30,636] {processor.py:163} INFO - Started process (PID=1397) to work on /home/airflow/.local/lib/python3.6/site-packages/airflow/example_dags/example_xcom.py
[2021-10-16 23:43:30,637] {processor.py:620} INFO - Processing file /home/airflow/.local/lib/python3.6/site-packages/airflow/example_dags/example_xcom.py for tasks to queue
[2021-10-16 23:43:30,637] {logging_mixin.py:109} INFO - [2021-10-16 23:43:30,637] {dagbag.py:500} INFO - Filling up the DagBag from /home/airflow/.local/lib/python3.6/site-packages/airflow/example_dags/example_xcom.py
[2021-10-16 23:43:30,664] {processor.py:632} INFO - DAG(s) dict_keys(['example_xcom']) retrieved from /home/airflow/.local/lib/python3.6/site-packages/airflow/example_dags/example_xcom.py
[2021-10-16 23:43:30,678] {logging_mixin.py:109} INFO - [2021-10-16 23:43:30,678] {dag.py:2389} INFO - Sync 1 DAGs
[2021-10-16 23:43:30,700] {logging_mixin.py:109} INFO - [2021-10-16 23:43:30,699] {dag.py:2914} INFO - Setting next_dagrun for example_xcom to 2021-01-01T00:00:00+00:00
[2021-10-16 23:43:30,714] {processor.py:171} INFO - Processing /home/airflow/.local/lib/python3.6/site-packages/airflow/example_dags/example_xcom.py took 0.081 seconds
[2021-10-16 23:44:01,005] {processor.py:163} INFO - Started process (PID=1452) to work on /home/airflow/.local/lib/python3.6/site-packages/airflow/example_dags/example_xcom.py
[2021-10-16 23:44:01,006] {processor.py:620} INFO - Processing file /home/airflow/.local/lib/python3.6/site-packages/airflow/example_dags/example_xcom.py for tasks to queue
[2021-10-16 23:44:01,007] {logging_mixin.py:109} INFO - [2021-10-16 23:44:01,006] {dagbag.py:500} INFO - Filling up the DagBag from /home/airflow/.local/lib/python3.6/site-packages/airflow/example_dags/example_xcom.py
[2021-10-16 23:44:01,070] {processor.py:632} INFO - DAG(s) dict_keys(['example_xcom']) retrieved from /home/airflow/.local/lib/python3.6/site-packages/airflow/example_dags/example_xcom.py
[2021-10-16 23:44:01,276] {logging_mixin.py:109} INFO - [2021-10-16 23:44:01,276] {dag.py:2389} INFO - Sync 1 DAGs
[2021-10-16 23:44:01,289] {logging_mixin.py:109} INFO - [2021-10-16 23:44:01,288] {dag.py:2914} INFO - Setting next_dagrun for example_xcom to 2021-01-01T00:00:00+00:00
[2021-10-16 23:44:01,298] {processor.py:171} INFO - Processing /home/airflow/.local/lib/python3.6/site-packages/airflow/example_dags/example_xcom.py took 0.297 seconds
[2021-10-16 23:44:31,506] {processor.py:163} INFO - Started process (PID=1508) to work on /home/airflow/.local/lib/python3.6/site-packages/airflow/example_dags/example_xcom.py
[2021-10-16 23:44:31,509] {processor.py:620} INFO - Processing file /home/airflow/.local/lib/python3.6/site-packages/airflow/example_dags/example_xcom.py for tasks to queue
[2021-10-16 23:44:31,510] {logging_mixin.py:109} INFO - [2021-10-16 23:44:31,510] {dagbag.py:500} INFO - Filling up the DagBag from /home/airflow/.local/lib/python3.6/site-packages/airflow/example_dags/example_xcom.py
[2021-10-16 23:44:31,546] {processor.py:632} INFO - DAG(s) dict_keys(['example_xcom']) retrieved from /home/airflow/.local/lib/python3.6/site-packages/airflow/example_dags/example_xcom.py
[2021-10-16 23:44:31,755] {logging_mixin.py:109} INFO - [2021-10-16 23:44:31,755] {dag.py:2389} INFO - Sync 1 DAGs
[2021-10-16 23:44:31,768] {logging_mixin.py:109} INFO - [2021-10-16 23:44:31,768] {dag.py:2914} INFO - Setting next_dagrun for example_xcom to 2021-01-01T00:00:00+00:00
[2021-10-16 23:44:31,778] {processor.py:171} INFO - Processing /home/airflow/.local/lib/python3.6/site-packages/airflow/example_dags/example_xcom.py took 0.281 seconds
[2021-10-16 23:45:02,084] {processor.py:163} INFO - Started process (PID=1573) to work on /home/airflow/.local/lib/python3.6/site-packages/airflow/example_dags/example_xcom.py
[2021-10-16 23:45:02,086] {processor.py:620} INFO - Processing file /home/airflow/.local/lib/python3.6/site-packages/airflow/example_dags/example_xcom.py for tasks to queue
[2021-10-16 23:45:02,086] {logging_mixin.py:109} INFO - [2021-10-16 23:45:02,086] {dagbag.py:500} INFO - Filling up the DagBag from /home/airflow/.local/lib/python3.6/site-packages/airflow/example_dags/example_xcom.py
[2021-10-16 23:45:02,113] {processor.py:632} INFO - DAG(s) dict_keys(['example_xcom']) retrieved from /home/airflow/.local/lib/python3.6/site-packages/airflow/example_dags/example_xcom.py
[2021-10-16 23:45:02,337] {logging_mixin.py:109} INFO - [2021-10-16 23:45:02,337] {dag.py:2389} INFO - Sync 1 DAGs
[2021-10-16 23:45:02,353] {logging_mixin.py:109} INFO - [2021-10-16 23:45:02,353] {dag.py:2914} INFO - Setting next_dagrun for example_xcom to 2021-01-01T00:00:00+00:00
[2021-10-16 23:45:02,364] {processor.py:171} INFO - Processing /home/airflow/.local/lib/python3.6/site-packages/airflow/example_dags/example_xcom.py took 0.282 seconds
[2021-10-16 23:45:32,469] {processor.py:163} INFO - Started process (PID=1630) to work on /home/airflow/.local/lib/python3.6/site-packages/airflow/example_dags/example_xcom.py
[2021-10-16 23:45:32,470] {processor.py:620} INFO - Processing file /home/airflow/.local/lib/python3.6/site-packages/airflow/example_dags/example_xcom.py for tasks to queue
[2021-10-16 23:45:32,471] {logging_mixin.py:109} INFO - [2021-10-16 23:45:32,471] {dagbag.py:500} INFO - Filling up the DagBag from /home/airflow/.local/lib/python3.6/site-packages/airflow/example_dags/example_xcom.py
[2021-10-16 23:45:32,507] {processor.py:632} INFO - DAG(s) dict_keys(['example_xcom']) retrieved from /home/airflow/.local/lib/python3.6/site-packages/airflow/example_dags/example_xcom.py
[2021-10-16 23:45:32,729] {logging_mixin.py:109} INFO - [2021-10-16 23:45:32,729] {dag.py:2389} INFO - Sync 1 DAGs
[2021-10-16 23:45:32,743] {logging_mixin.py:109} INFO - [2021-10-16 23:45:32,743] {dag.py:2914} INFO - Setting next_dagrun for example_xcom to 2021-01-01T00:00:00+00:00
[2021-10-16 23:45:32,753] {processor.py:171} INFO - Processing /home/airflow/.local/lib/python3.6/site-packages/airflow/example_dags/example_xcom.py took 0.287 seconds
[2021-10-16 23:46:03,025] {processor.py:163} INFO - Started process (PID=1696) to work on /home/airflow/.local/lib/python3.6/site-packages/airflow/example_dags/example_xcom.py
[2021-10-16 23:46:03,027] {processor.py:620} INFO - Processing file /home/airflow/.local/lib/python3.6/site-packages/airflow/example_dags/example_xcom.py for tasks to queue
[2021-10-16 23:46:03,027] {logging_mixin.py:109} INFO - [2021-10-16 23:46:03,027] {dagbag.py:500} INFO - Filling up the DagBag from /home/airflow/.local/lib/python3.6/site-packages/airflow/example_dags/example_xcom.py
[2021-10-16 23:46:03,058] {processor.py:632} INFO - DAG(s) dict_keys(['example_xcom']) retrieved from /home/airflow/.local/lib/python3.6/site-packages/airflow/example_dags/example_xcom.py
[2021-10-16 23:46:03,302] {logging_mixin.py:109} INFO - [2021-10-16 23:46:03,302] {dag.py:2389} INFO - Sync 1 DAGs
[2021-10-16 23:46:03,317] {logging_mixin.py:109} INFO - [2021-10-16 23:46:03,317] {dag.py:2914} INFO - Setting next_dagrun for example_xcom to 2021-01-01T00:00:00+00:00
[2021-10-16 23:46:03,327] {processor.py:171} INFO - Processing /home/airflow/.local/lib/python3.6/site-packages/airflow/example_dags/example_xcom.py took 0.306 seconds
[2021-10-16 23:46:33,462] {processor.py:163} INFO - Started process (PID=1753) to work on /home/airflow/.local/lib/python3.6/site-packages/airflow/example_dags/example_xcom.py
[2021-10-16 23:46:33,463] {processor.py:620} INFO - Processing file /home/airflow/.local/lib/python3.6/site-packages/airflow/example_dags/example_xcom.py for tasks to queue
[2021-10-16 23:46:33,463] {logging_mixin.py:109} INFO - [2021-10-16 23:46:33,463] {dagbag.py:500} INFO - Filling up the DagBag from /home/airflow/.local/lib/python3.6/site-packages/airflow/example_dags/example_xcom.py
[2021-10-16 23:46:33,490] {processor.py:632} INFO - DAG(s) dict_keys(['example_xcom']) retrieved from /home/airflow/.local/lib/python3.6/site-packages/airflow/example_dags/example_xcom.py
[2021-10-16 23:46:33,761] {logging_mixin.py:109} INFO - [2021-10-16 23:46:33,760] {dag.py:2389} INFO - Sync 1 DAGs
[2021-10-16 23:46:33,773] {logging_mixin.py:109} INFO - [2021-10-16 23:46:33,773] {dag.py:2914} INFO - Setting next_dagrun for example_xcom to 2021-01-01T00:00:00+00:00
[2021-10-16 23:46:33,782] {processor.py:171} INFO - Processing /home/airflow/.local/lib/python3.6/site-packages/airflow/example_dags/example_xcom.py took 0.322 seconds
[2021-10-16 23:47:04,057] {processor.py:163} INFO - Started process (PID=1810) to work on /home/airflow/.local/lib/python3.6/site-packages/airflow/example_dags/example_xcom.py
[2021-10-16 23:47:04,059] {processor.py:620} INFO - Processing file /home/airflow/.local/lib/python3.6/site-packages/airflow/example_dags/example_xcom.py for tasks to queue
[2021-10-16 23:47:04,059] {logging_mixin.py:109} INFO - [2021-10-16 23:47:04,059] {dagbag.py:500} INFO - Filling up the DagBag from /home/airflow/.local/lib/python3.6/site-packages/airflow/example_dags/example_xcom.py
[2021-10-16 23:47:04,097] {processor.py:632} INFO - DAG(s) dict_keys(['example_xcom']) retrieved from /home/airflow/.local/lib/python3.6/site-packages/airflow/example_dags/example_xcom.py
[2021-10-16 23:47:04,313] {logging_mixin.py:109} INFO - [2021-10-16 23:47:04,312] {dag.py:2389} INFO - Sync 1 DAGs
[2021-10-16 23:47:04,326] {logging_mixin.py:109} INFO - [2021-10-16 23:47:04,326] {dag.py:2914} INFO - Setting next_dagrun for example_xcom to 2021-01-01T00:00:00+00:00
[2021-10-16 23:47:04,334] {processor.py:171} INFO - Processing /home/airflow/.local/lib/python3.6/site-packages/airflow/example_dags/example_xcom.py took 0.281 seconds
[2021-10-16 23:47:34,592] {processor.py:163} INFO - Started process (PID=1877) to work on /home/airflow/.local/lib/python3.6/site-packages/airflow/example_dags/example_xcom.py
[2021-10-16 23:47:34,594] {processor.py:620} INFO - Processing file /home/airflow/.local/lib/python3.6/site-packages/airflow/example_dags/example_xcom.py for tasks to queue
[2021-10-16 23:47:34,595] {logging_mixin.py:109} INFO - [2021-10-16 23:47:34,594] {dagbag.py:500} INFO - Filling up the DagBag from /home/airflow/.local/lib/python3.6/site-packages/airflow/example_dags/example_xcom.py
[2021-10-16 23:47:34,631] {processor.py:632} INFO - DAG(s) dict_keys(['example_xcom']) retrieved from /home/airflow/.local/lib/python3.6/site-packages/airflow/example_dags/example_xcom.py
[2021-10-16 23:47:34,883] {logging_mixin.py:109} INFO - [2021-10-16 23:47:34,883] {dag.py:2389} INFO - Sync 1 DAGs
[2021-10-16 23:47:34,898] {logging_mixin.py:109} INFO - [2021-10-16 23:47:34,898] {dag.py:2914} INFO - Setting next_dagrun for example_xcom to 2021-01-01T00:00:00+00:00
[2021-10-16 23:47:34,909] {processor.py:171} INFO - Processing /home/airflow/.local/lib/python3.6/site-packages/airflow/example_dags/example_xcom.py took 0.320 seconds
[2021-10-16 23:48:05,226] {processor.py:163} INFO - Started process (PID=1926) to work on /home/airflow/.local/lib/python3.6/site-packages/airflow/example_dags/example_xcom.py
[2021-10-16 23:48:05,230] {processor.py:620} INFO - Processing file /home/airflow/.local/lib/python3.6/site-packages/airflow/example_dags/example_xcom.py for tasks to queue
[2021-10-16 23:48:05,231] {logging_mixin.py:109} INFO - [2021-10-16 23:48:05,231] {dagbag.py:500} INFO - Filling up the DagBag from /home/airflow/.local/lib/python3.6/site-packages/airflow/example_dags/example_xcom.py
[2021-10-16 23:48:05,267] {processor.py:632} INFO - DAG(s) dict_keys(['example_xcom']) retrieved from /home/airflow/.local/lib/python3.6/site-packages/airflow/example_dags/example_xcom.py
[2021-10-16 23:48:05,485] {logging_mixin.py:109} INFO - [2021-10-16 23:48:05,485] {dag.py:2389} INFO - Sync 1 DAGs
[2021-10-16 23:48:05,502] {logging_mixin.py:109} INFO - [2021-10-16 23:48:05,502] {dag.py:2914} INFO - Setting next_dagrun for example_xcom to 2021-01-01T00:00:00+00:00
[2021-10-16 23:48:05,512] {processor.py:171} INFO - Processing /home/airflow/.local/lib/python3.6/site-packages/airflow/example_dags/example_xcom.py took 0.295 seconds
[2021-10-16 23:48:36,247] {processor.py:163} INFO - Started process (PID=1991) to work on /home/airflow/.local/lib/python3.6/site-packages/airflow/example_dags/example_xcom.py
[2021-10-16 23:48:36,249] {processor.py:620} INFO - Processing file /home/airflow/.local/lib/python3.6/site-packages/airflow/example_dags/example_xcom.py for tasks to queue
[2021-10-16 23:48:36,249] {logging_mixin.py:109} INFO - [2021-10-16 23:48:36,249] {dagbag.py:500} INFO - Filling up the DagBag from /home/airflow/.local/lib/python3.6/site-packages/airflow/example_dags/example_xcom.py
[2021-10-16 23:48:36,279] {processor.py:632} INFO - DAG(s) dict_keys(['example_xcom']) retrieved from /home/airflow/.local/lib/python3.6/site-packages/airflow/example_dags/example_xcom.py
[2021-10-16 23:48:36,517] {logging_mixin.py:109} INFO - [2021-10-16 23:48:36,517] {dag.py:2389} INFO - Sync 1 DAGs
[2021-10-16 23:48:36,533] {logging_mixin.py:109} INFO - [2021-10-16 23:48:36,533] {dag.py:2914} INFO - Setting next_dagrun for example_xcom to 2021-01-01T00:00:00+00:00
[2021-10-16 23:48:36,543] {processor.py:171} INFO - Processing /home/airflow/.local/lib/python3.6/site-packages/airflow/example_dags/example_xcom.py took 0.299 seconds
[2021-10-16 23:49:06,873] {processor.py:163} INFO - Started process (PID=2046) to work on /home/airflow/.local/lib/python3.6/site-packages/airflow/example_dags/example_xcom.py
[2021-10-16 23:49:06,874] {processor.py:620} INFO - Processing file /home/airflow/.local/lib/python3.6/site-packages/airflow/example_dags/example_xcom.py for tasks to queue
[2021-10-16 23:49:06,875] {logging_mixin.py:109} INFO - [2021-10-16 23:49:06,875] {dagbag.py:500} INFO - Filling up the DagBag from /home/airflow/.local/lib/python3.6/site-packages/airflow/example_dags/example_xcom.py
[2021-10-16 23:49:06,901] {processor.py:632} INFO - DAG(s) dict_keys(['example_xcom']) retrieved from /home/airflow/.local/lib/python3.6/site-packages/airflow/example_dags/example_xcom.py
[2021-10-16 23:49:07,097] {logging_mixin.py:109} INFO - [2021-10-16 23:49:07,097] {dag.py:2389} INFO - Sync 1 DAGs
[2021-10-16 23:49:07,110] {logging_mixin.py:109} INFO - [2021-10-16 23:49:07,110] {dag.py:2914} INFO - Setting next_dagrun for example_xcom to 2021-01-01T00:00:00+00:00
[2021-10-16 23:49:07,120] {processor.py:171} INFO - Processing /home/airflow/.local/lib/python3.6/site-packages/airflow/example_dags/example_xcom.py took 0.249 seconds
[2021-10-16 23:49:37,201] {processor.py:163} INFO - Started process (PID=2102) to work on /home/airflow/.local/lib/python3.6/site-packages/airflow/example_dags/example_xcom.py
[2021-10-16 23:49:37,203] {processor.py:620} INFO - Processing file /home/airflow/.local/lib/python3.6/site-packages/airflow/example_dags/example_xcom.py for tasks to queue
[2021-10-16 23:49:37,203] {logging_mixin.py:109} INFO - [2021-10-16 23:49:37,203] {dagbag.py:500} INFO - Filling up the DagBag from /home/airflow/.local/lib/python3.6/site-packages/airflow/example_dags/example_xcom.py
[2021-10-16 23:49:37,233] {processor.py:632} INFO - DAG(s) dict_keys(['example_xcom']) retrieved from /home/airflow/.local/lib/python3.6/site-packages/airflow/example_dags/example_xcom.py
[2021-10-16 23:49:37,243] {logging_mixin.py:109} INFO - [2021-10-16 23:49:37,243] {dag.py:2389} INFO - Sync 1 DAGs
[2021-10-16 23:49:37,258] {logging_mixin.py:109} INFO - [2021-10-16 23:49:37,258] {dag.py:2914} INFO - Setting next_dagrun for example_xcom to 2021-01-01T00:00:00+00:00
[2021-10-16 23:49:37,266] {processor.py:171} INFO - Processing /home/airflow/.local/lib/python3.6/site-packages/airflow/example_dags/example_xcom.py took 0.068 seconds
[2021-10-16 23:50:07,366] {processor.py:163} INFO - Started process (PID=2168) to work on /home/airflow/.local/lib/python3.6/site-packages/airflow/example_dags/example_xcom.py
[2021-10-16 23:50:07,367] {processor.py:620} INFO - Processing file /home/airflow/.local/lib/python3.6/site-packages/airflow/example_dags/example_xcom.py for tasks to queue
[2021-10-16 23:50:07,368] {logging_mixin.py:109} INFO - [2021-10-16 23:50:07,368] {dagbag.py:500} INFO - Filling up the DagBag from /home/airflow/.local/lib/python3.6/site-packages/airflow/example_dags/example_xcom.py
[2021-10-16 23:50:07,402] {processor.py:632} INFO - DAG(s) dict_keys(['example_xcom']) retrieved from /home/airflow/.local/lib/python3.6/site-packages/airflow/example_dags/example_xcom.py
[2021-10-16 23:50:07,604] {logging_mixin.py:109} INFO - [2021-10-16 23:50:07,604] {dag.py:2389} INFO - Sync 1 DAGs
[2021-10-16 23:50:07,616] {logging_mixin.py:109} INFO - [2021-10-16 23:50:07,616] {dag.py:2914} INFO - Setting next_dagrun for example_xcom to 2021-01-01T00:00:00+00:00
[2021-10-16 23:50:07,625] {processor.py:171} INFO - Processing /home/airflow/.local/lib/python3.6/site-packages/airflow/example_dags/example_xcom.py took 0.263 seconds
[2021-10-16 23:50:38,569] {processor.py:163} INFO - Started process (PID=2224) to work on /home/airflow/.local/lib/python3.6/site-packages/airflow/example_dags/example_xcom.py
[2021-10-16 23:50:38,572] {processor.py:620} INFO - Processing file /home/airflow/.local/lib/python3.6/site-packages/airflow/example_dags/example_xcom.py for tasks to queue
[2021-10-16 23:50:38,573] {logging_mixin.py:109} INFO - [2021-10-16 23:50:38,573] {dagbag.py:500} INFO - Filling up the DagBag from /home/airflow/.local/lib/python3.6/site-packages/airflow/example_dags/example_xcom.py
[2021-10-16 23:50:38,607] {processor.py:632} INFO - DAG(s) dict_keys(['example_xcom']) retrieved from /home/airflow/.local/lib/python3.6/site-packages/airflow/example_dags/example_xcom.py
[2021-10-16 23:50:38,816] {logging_mixin.py:109} INFO - [2021-10-16 23:50:38,816] {dag.py:2389} INFO - Sync 1 DAGs
[2021-10-16 23:50:38,832] {logging_mixin.py:109} INFO - [2021-10-16 23:50:38,832] {dag.py:2914} INFO - Setting next_dagrun for example_xcom to 2021-01-01T00:00:00+00:00
[2021-10-16 23:50:38,848] {processor.py:171} INFO - Processing /home/airflow/.local/lib/python3.6/site-packages/airflow/example_dags/example_xcom.py took 0.287 seconds
[2021-10-16 23:51:09,519] {processor.py:163} INFO - Started process (PID=2289) to work on /home/airflow/.local/lib/python3.6/site-packages/airflow/example_dags/example_xcom.py
[2021-10-16 23:51:09,520] {processor.py:620} INFO - Processing file /home/airflow/.local/lib/python3.6/site-packages/airflow/example_dags/example_xcom.py for tasks to queue
[2021-10-16 23:51:09,521] {logging_mixin.py:109} INFO - [2021-10-16 23:51:09,521] {dagbag.py:500} INFO - Filling up the DagBag from /home/airflow/.local/lib/python3.6/site-packages/airflow/example_dags/example_xcom.py
[2021-10-16 23:51:09,581] {processor.py:632} INFO - DAG(s) dict_keys(['example_xcom']) retrieved from /home/airflow/.local/lib/python3.6/site-packages/airflow/example_dags/example_xcom.py
[2021-10-16 23:51:09,804] {logging_mixin.py:109} INFO - [2021-10-16 23:51:09,804] {dag.py:2389} INFO - Sync 1 DAGs
[2021-10-16 23:51:09,819] {logging_mixin.py:109} INFO - [2021-10-16 23:51:09,819] {dag.py:2914} INFO - Setting next_dagrun for example_xcom to 2021-01-01T00:00:00+00:00
[2021-10-16 23:51:09,829] {processor.py:171} INFO - Processing /home/airflow/.local/lib/python3.6/site-packages/airflow/example_dags/example_xcom.py took 0.313 seconds
[2021-10-16 23:51:40,433] {processor.py:163} INFO - Started process (PID=2345) to work on /home/airflow/.local/lib/python3.6/site-packages/airflow/example_dags/example_xcom.py
[2021-10-16 23:51:40,434] {processor.py:620} INFO - Processing file /home/airflow/.local/lib/python3.6/site-packages/airflow/example_dags/example_xcom.py for tasks to queue
[2021-10-16 23:51:40,435] {logging_mixin.py:109} INFO - [2021-10-16 23:51:40,435] {dagbag.py:500} INFO - Filling up the DagBag from /home/airflow/.local/lib/python3.6/site-packages/airflow/example_dags/example_xcom.py
[2021-10-16 23:51:40,463] {processor.py:632} INFO - DAG(s) dict_keys(['example_xcom']) retrieved from /home/airflow/.local/lib/python3.6/site-packages/airflow/example_dags/example_xcom.py
[2021-10-16 23:51:40,476] {logging_mixin.py:109} INFO - [2021-10-16 23:51:40,476] {dag.py:2389} INFO - Sync 1 DAGs
[2021-10-16 23:51:40,493] {logging_mixin.py:109} INFO - [2021-10-16 23:51:40,493] {dag.py:2914} INFO - Setting next_dagrun for example_xcom to 2021-01-01T00:00:00+00:00
[2021-10-16 23:51:40,501] {processor.py:171} INFO - Processing /home/airflow/.local/lib/python3.6/site-packages/airflow/example_dags/example_xcom.py took 0.072 seconds
[2021-10-16 23:52:10,750] {processor.py:163} INFO - Started process (PID=2411) to work on /home/airflow/.local/lib/python3.6/site-packages/airflow/example_dags/example_xcom.py
[2021-10-16 23:52:10,751] {processor.py:620} INFO - Processing file /home/airflow/.local/lib/python3.6/site-packages/airflow/example_dags/example_xcom.py for tasks to queue
[2021-10-16 23:52:10,752] {logging_mixin.py:109} INFO - [2021-10-16 23:52:10,752] {dagbag.py:500} INFO - Filling up the DagBag from /home/airflow/.local/lib/python3.6/site-packages/airflow/example_dags/example_xcom.py
[2021-10-16 23:52:10,782] {processor.py:632} INFO - DAG(s) dict_keys(['example_xcom']) retrieved from /home/airflow/.local/lib/python3.6/site-packages/airflow/example_dags/example_xcom.py
[2021-10-16 23:52:11,066] {logging_mixin.py:109} INFO - [2021-10-16 23:52:11,066] {dag.py:2389} INFO - Sync 1 DAGs
[2021-10-16 23:52:11,080] {logging_mixin.py:109} INFO - [2021-10-16 23:52:11,080] {dag.py:2914} INFO - Setting next_dagrun for example_xcom to 2021-01-01T00:00:00+00:00
[2021-10-16 23:52:11,091] {processor.py:171} INFO - Processing /home/airflow/.local/lib/python3.6/site-packages/airflow/example_dags/example_xcom.py took 0.343 seconds
[2021-10-16 23:52:41,260] {processor.py:163} INFO - Started process (PID=2465) to work on /home/airflow/.local/lib/python3.6/site-packages/airflow/example_dags/example_xcom.py
[2021-10-16 23:52:41,261] {processor.py:620} INFO - Processing file /home/airflow/.local/lib/python3.6/site-packages/airflow/example_dags/example_xcom.py for tasks to queue
[2021-10-16 23:52:41,262] {logging_mixin.py:109} INFO - [2021-10-16 23:52:41,262] {dagbag.py:500} INFO - Filling up the DagBag from /home/airflow/.local/lib/python3.6/site-packages/airflow/example_dags/example_xcom.py
[2021-10-16 23:52:41,298] {processor.py:632} INFO - DAG(s) dict_keys(['example_xcom']) retrieved from /home/airflow/.local/lib/python3.6/site-packages/airflow/example_dags/example_xcom.py
[2021-10-16 23:52:41,565] {logging_mixin.py:109} INFO - [2021-10-16 23:52:41,565] {dag.py:2389} INFO - Sync 1 DAGs
[2021-10-16 23:52:41,579] {logging_mixin.py:109} INFO - [2021-10-16 23:52:41,579] {dag.py:2914} INFO - Setting next_dagrun for example_xcom to 2021-01-01T00:00:00+00:00
[2021-10-16 23:52:41,589] {processor.py:171} INFO - Processing /home/airflow/.local/lib/python3.6/site-packages/airflow/example_dags/example_xcom.py took 0.332 seconds
[2021-10-16 23:53:11,824] {processor.py:163} INFO - Started process (PID=2521) to work on /home/airflow/.local/lib/python3.6/site-packages/airflow/example_dags/example_xcom.py
[2021-10-16 23:53:11,825] {processor.py:620} INFO - Processing file /home/airflow/.local/lib/python3.6/site-packages/airflow/example_dags/example_xcom.py for tasks to queue
[2021-10-16 23:53:11,826] {logging_mixin.py:109} INFO - [2021-10-16 23:53:11,826] {dagbag.py:500} INFO - Filling up the DagBag from /home/airflow/.local/lib/python3.6/site-packages/airflow/example_dags/example_xcom.py
[2021-10-16 23:53:11,858] {processor.py:632} INFO - DAG(s) dict_keys(['example_xcom']) retrieved from /home/airflow/.local/lib/python3.6/site-packages/airflow/example_dags/example_xcom.py
[2021-10-16 23:53:12,080] {logging_mixin.py:109} INFO - [2021-10-16 23:53:12,080] {dag.py:2389} INFO - Sync 1 DAGs
[2021-10-16 23:53:12,094] {logging_mixin.py:109} INFO - [2021-10-16 23:53:12,094] {dag.py:2914} INFO - Setting next_dagrun for example_xcom to 2021-01-01T00:00:00+00:00
[2021-10-16 23:53:12,104] {processor.py:171} INFO - Processing /home/airflow/.local/lib/python3.6/site-packages/airflow/example_dags/example_xcom.py took 0.283 seconds
[2021-10-16 23:53:42,305] {processor.py:163} INFO - Started process (PID=2588) to work on /home/airflow/.local/lib/python3.6/site-packages/airflow/example_dags/example_xcom.py
[2021-10-16 23:53:42,306] {processor.py:620} INFO - Processing file /home/airflow/.local/lib/python3.6/site-packages/airflow/example_dags/example_xcom.py for tasks to queue
[2021-10-16 23:53:42,307] {logging_mixin.py:109} INFO - [2021-10-16 23:53:42,306] {dagbag.py:500} INFO - Filling up the DagBag from /home/airflow/.local/lib/python3.6/site-packages/airflow/example_dags/example_xcom.py
[2021-10-16 23:53:42,334] {processor.py:632} INFO - DAG(s) dict_keys(['example_xcom']) retrieved from /home/airflow/.local/lib/python3.6/site-packages/airflow/example_dags/example_xcom.py
[2021-10-16 23:53:42,652] {logging_mixin.py:109} INFO - [2021-10-16 23:53:42,652] {dag.py:2389} INFO - Sync 1 DAGs
[2021-10-16 23:53:42,671] {logging_mixin.py:109} INFO - [2021-10-16 23:53:42,671] {dag.py:2914} INFO - Setting next_dagrun for example_xcom to 2021-01-01T00:00:00+00:00
[2021-10-16 23:53:42,684] {processor.py:171} INFO - Processing /home/airflow/.local/lib/python3.6/site-packages/airflow/example_dags/example_xcom.py took 0.382 seconds
[2021-10-16 23:54:12,876] {processor.py:163} INFO - Started process (PID=2643) to work on /home/airflow/.local/lib/python3.6/site-packages/airflow/example_dags/example_xcom.py
[2021-10-16 23:54:12,877] {processor.py:620} INFO - Processing file /home/airflow/.local/lib/python3.6/site-packages/airflow/example_dags/example_xcom.py for tasks to queue
[2021-10-16 23:54:12,878] {logging_mixin.py:109} INFO - [2021-10-16 23:54:12,878] {dagbag.py:500} INFO - Filling up the DagBag from /home/airflow/.local/lib/python3.6/site-packages/airflow/example_dags/example_xcom.py
[2021-10-16 23:54:12,908] {processor.py:632} INFO - DAG(s) dict_keys(['example_xcom']) retrieved from /home/airflow/.local/lib/python3.6/site-packages/airflow/example_dags/example_xcom.py
[2021-10-16 23:54:13,190] {logging_mixin.py:109} INFO - [2021-10-16 23:54:13,189] {dag.py:2389} INFO - Sync 1 DAGs
[2021-10-16 23:54:13,213] {logging_mixin.py:109} INFO - [2021-10-16 23:54:13,213] {dag.py:2914} INFO - Setting next_dagrun for example_xcom to 2021-01-01T00:00:00+00:00
[2021-10-16 23:54:13,228] {processor.py:171} INFO - Processing /home/airflow/.local/lib/python3.6/site-packages/airflow/example_dags/example_xcom.py took 0.355 seconds
[2021-10-16 23:54:43,630] {processor.py:163} INFO - Started process (PID=2698) to work on /home/airflow/.local/lib/python3.6/site-packages/airflow/example_dags/example_xcom.py
[2021-10-16 23:54:43,632] {processor.py:620} INFO - Processing file /home/airflow/.local/lib/python3.6/site-packages/airflow/example_dags/example_xcom.py for tasks to queue
[2021-10-16 23:54:43,632] {logging_mixin.py:109} INFO - [2021-10-16 23:54:43,632] {dagbag.py:500} INFO - Filling up the DagBag from /home/airflow/.local/lib/python3.6/site-packages/airflow/example_dags/example_xcom.py
[2021-10-16 23:54:43,664] {processor.py:632} INFO - DAG(s) dict_keys(['example_xcom']) retrieved from /home/airflow/.local/lib/python3.6/site-packages/airflow/example_dags/example_xcom.py
[2021-10-16 23:54:43,923] {logging_mixin.py:109} INFO - [2021-10-16 23:54:43,922] {dag.py:2389} INFO - Sync 1 DAGs
[2021-10-16 23:54:43,939] {logging_mixin.py:109} INFO - [2021-10-16 23:54:43,939] {dag.py:2914} INFO - Setting next_dagrun for example_xcom to 2021-01-01T00:00:00+00:00
[2021-10-16 23:54:43,952] {processor.py:171} INFO - Processing /home/airflow/.local/lib/python3.6/site-packages/airflow/example_dags/example_xcom.py took 0.325 seconds
[2021-10-16 23:55:14,777] {processor.py:163} INFO - Started process (PID=2766) to work on /home/airflow/.local/lib/python3.6/site-packages/airflow/example_dags/example_xcom.py
[2021-10-16 23:55:14,779] {processor.py:620} INFO - Processing file /home/airflow/.local/lib/python3.6/site-packages/airflow/example_dags/example_xcom.py for tasks to queue
[2021-10-16 23:55:14,779] {logging_mixin.py:109} INFO - [2021-10-16 23:55:14,779] {dagbag.py:500} INFO - Filling up the DagBag from /home/airflow/.local/lib/python3.6/site-packages/airflow/example_dags/example_xcom.py
[2021-10-16 23:55:14,805] {processor.py:632} INFO - DAG(s) dict_keys(['example_xcom']) retrieved from /home/airflow/.local/lib/python3.6/site-packages/airflow/example_dags/example_xcom.py
[2021-10-16 23:55:15,027] {logging_mixin.py:109} INFO - [2021-10-16 23:55:15,027] {dag.py:2389} INFO - Sync 1 DAGs
[2021-10-16 23:55:15,043] {logging_mixin.py:109} INFO - [2021-10-16 23:55:15,043] {dag.py:2914} INFO - Setting next_dagrun for example_xcom to 2021-01-01T00:00:00+00:00
[2021-10-16 23:55:15,054] {processor.py:171} INFO - Processing /home/airflow/.local/lib/python3.6/site-packages/airflow/example_dags/example_xcom.py took 0.279 seconds
[2021-10-16 23:55:45,201] {processor.py:163} INFO - Started process (PID=2823) to work on /home/airflow/.local/lib/python3.6/site-packages/airflow/example_dags/example_xcom.py
[2021-10-16 23:55:45,202] {processor.py:620} INFO - Processing file /home/airflow/.local/lib/python3.6/site-packages/airflow/example_dags/example_xcom.py for tasks to queue
[2021-10-16 23:55:45,202] {logging_mixin.py:109} INFO - [2021-10-16 23:55:45,202] {dagbag.py:500} INFO - Filling up the DagBag from /home/airflow/.local/lib/python3.6/site-packages/airflow/example_dags/example_xcom.py
[2021-10-16 23:55:45,232] {processor.py:632} INFO - DAG(s) dict_keys(['example_xcom']) retrieved from /home/airflow/.local/lib/python3.6/site-packages/airflow/example_dags/example_xcom.py
[2021-10-16 23:55:45,455] {logging_mixin.py:109} INFO - [2021-10-16 23:55:45,455] {dag.py:2389} INFO - Sync 1 DAGs
[2021-10-16 23:55:45,475] {logging_mixin.py:109} INFO - [2021-10-16 23:55:45,475] {dag.py:2914} INFO - Setting next_dagrun for example_xcom to 2021-01-01T00:00:00+00:00
[2021-10-16 23:55:45,485] {processor.py:171} INFO - Processing /home/airflow/.local/lib/python3.6/site-packages/airflow/example_dags/example_xcom.py took 0.287 seconds
[2021-10-16 23:56:16,021] {processor.py:163} INFO - Started process (PID=2879) to work on /home/airflow/.local/lib/python3.6/site-packages/airflow/example_dags/example_xcom.py
[2021-10-16 23:56:16,023] {processor.py:620} INFO - Processing file /home/airflow/.local/lib/python3.6/site-packages/airflow/example_dags/example_xcom.py for tasks to queue
[2021-10-16 23:56:16,023] {logging_mixin.py:109} INFO - [2021-10-16 23:56:16,023] {dagbag.py:500} INFO - Filling up the DagBag from /home/airflow/.local/lib/python3.6/site-packages/airflow/example_dags/example_xcom.py
[2021-10-16 23:56:16,053] {processor.py:632} INFO - DAG(s) dict_keys(['example_xcom']) retrieved from /home/airflow/.local/lib/python3.6/site-packages/airflow/example_dags/example_xcom.py
[2021-10-16 23:56:16,298] {logging_mixin.py:109} INFO - [2021-10-16 23:56:16,298] {dag.py:2389} INFO - Sync 1 DAGs
[2021-10-16 23:56:16,319] {logging_mixin.py:109} INFO - [2021-10-16 23:56:16,319] {dag.py:2914} INFO - Setting next_dagrun for example_xcom to 2021-01-01T00:00:00+00:00
[2021-10-16 23:56:16,331] {processor.py:171} INFO - Processing /home/airflow/.local/lib/python3.6/site-packages/airflow/example_dags/example_xcom.py took 0.313 seconds
[2021-10-16 23:56:47,039] {processor.py:163} INFO - Started process (PID=2948) to work on /home/airflow/.local/lib/python3.6/site-packages/airflow/example_dags/example_xcom.py
[2021-10-16 23:56:47,041] {processor.py:620} INFO - Processing file /home/airflow/.local/lib/python3.6/site-packages/airflow/example_dags/example_xcom.py for tasks to queue
[2021-10-16 23:56:47,042] {logging_mixin.py:109} INFO - [2021-10-16 23:56:47,042] {dagbag.py:500} INFO - Filling up the DagBag from /home/airflow/.local/lib/python3.6/site-packages/airflow/example_dags/example_xcom.py
[2021-10-16 23:56:47,102] {processor.py:632} INFO - DAG(s) dict_keys(['example_xcom']) retrieved from /home/airflow/.local/lib/python3.6/site-packages/airflow/example_dags/example_xcom.py
[2021-10-16 23:56:47,473] {logging_mixin.py:109} INFO - [2021-10-16 23:56:47,472] {dag.py:2389} INFO - Sync 1 DAGs
[2021-10-16 23:56:47,509] {logging_mixin.py:109} INFO - [2021-10-16 23:56:47,509] {dag.py:2914} INFO - Setting next_dagrun for example_xcom to 2021-01-01T00:00:00+00:00
[2021-10-16 23:56:47,529] {processor.py:171} INFO - Processing /home/airflow/.local/lib/python3.6/site-packages/airflow/example_dags/example_xcom.py took 0.495 seconds
[2021-10-16 23:57:17,879] {processor.py:163} INFO - Started process (PID=3001) to work on /home/airflow/.local/lib/python3.6/site-packages/airflow/example_dags/example_xcom.py
[2021-10-16 23:57:17,880] {processor.py:620} INFO - Processing file /home/airflow/.local/lib/python3.6/site-packages/airflow/example_dags/example_xcom.py for tasks to queue
[2021-10-16 23:57:17,881] {logging_mixin.py:109} INFO - [2021-10-16 23:57:17,881] {dagbag.py:500} INFO - Filling up the DagBag from /home/airflow/.local/lib/python3.6/site-packages/airflow/example_dags/example_xcom.py
[2021-10-16 23:57:17,906] {processor.py:632} INFO - DAG(s) dict_keys(['example_xcom']) retrieved from /home/airflow/.local/lib/python3.6/site-packages/airflow/example_dags/example_xcom.py
[2021-10-16 23:57:18,109] {logging_mixin.py:109} INFO - [2021-10-16 23:57:18,109] {dag.py:2389} INFO - Sync 1 DAGs
[2021-10-16 23:57:18,121] {logging_mixin.py:109} INFO - [2021-10-16 23:57:18,121] {dag.py:2914} INFO - Setting next_dagrun for example_xcom to 2021-01-01T00:00:00+00:00
[2021-10-16 23:57:18,130] {processor.py:171} INFO - Processing /home/airflow/.local/lib/python3.6/site-packages/airflow/example_dags/example_xcom.py took 0.253 seconds
[2021-10-16 23:57:48,397] {processor.py:163} INFO - Started process (PID=3067) to work on /home/airflow/.local/lib/python3.6/site-packages/airflow/example_dags/example_xcom.py
[2021-10-16 23:57:48,398] {processor.py:620} INFO - Processing file /home/airflow/.local/lib/python3.6/site-packages/airflow/example_dags/example_xcom.py for tasks to queue
[2021-10-16 23:57:48,399] {logging_mixin.py:109} INFO - [2021-10-16 23:57:48,399] {dagbag.py:500} INFO - Filling up the DagBag from /home/airflow/.local/lib/python3.6/site-packages/airflow/example_dags/example_xcom.py
[2021-10-16 23:57:48,429] {processor.py:632} INFO - DAG(s) dict_keys(['example_xcom']) retrieved from /home/airflow/.local/lib/python3.6/site-packages/airflow/example_dags/example_xcom.py
[2021-10-16 23:57:48,655] {logging_mixin.py:109} INFO - [2021-10-16 23:57:48,655] {dag.py:2389} INFO - Sync 1 DAGs
[2021-10-16 23:57:48,669] {logging_mixin.py:109} INFO - [2021-10-16 23:57:48,669] {dag.py:2914} INFO - Setting next_dagrun for example_xcom to 2021-01-01T00:00:00+00:00
[2021-10-16 23:57:48,679] {processor.py:171} INFO - Processing /home/airflow/.local/lib/python3.6/site-packages/airflow/example_dags/example_xcom.py took 0.285 seconds
[2021-10-16 23:58:19,243] {processor.py:163} INFO - Started process (PID=3124) to work on /home/airflow/.local/lib/python3.6/site-packages/airflow/example_dags/example_xcom.py
[2021-10-16 23:58:19,245] {processor.py:620} INFO - Processing file /home/airflow/.local/lib/python3.6/site-packages/airflow/example_dags/example_xcom.py for tasks to queue
[2021-10-16 23:58:19,246] {logging_mixin.py:109} INFO - [2021-10-16 23:58:19,246] {dagbag.py:500} INFO - Filling up the DagBag from /home/airflow/.local/lib/python3.6/site-packages/airflow/example_dags/example_xcom.py
[2021-10-16 23:58:19,286] {processor.py:632} INFO - DAG(s) dict_keys(['example_xcom']) retrieved from /home/airflow/.local/lib/python3.6/site-packages/airflow/example_dags/example_xcom.py
[2021-10-16 23:58:19,600] {logging_mixin.py:109} INFO - [2021-10-16 23:58:19,600] {dag.py:2389} INFO - Sync 1 DAGs
[2021-10-16 23:58:19,619] {logging_mixin.py:109} INFO - [2021-10-16 23:58:19,619] {dag.py:2914} INFO - Setting next_dagrun for example_xcom to 2021-01-01T00:00:00+00:00
[2021-10-16 23:58:19,632] {processor.py:171} INFO - Processing /home/airflow/.local/lib/python3.6/site-packages/airflow/example_dags/example_xcom.py took 0.393 seconds
[2021-10-16 23:58:50,116] {processor.py:163} INFO - Started process (PID=3182) to work on /home/airflow/.local/lib/python3.6/site-packages/airflow/example_dags/example_xcom.py
[2021-10-16 23:58:50,117] {processor.py:620} INFO - Processing file /home/airflow/.local/lib/python3.6/site-packages/airflow/example_dags/example_xcom.py for tasks to queue
[2021-10-16 23:58:50,117] {logging_mixin.py:109} INFO - [2021-10-16 23:58:50,117] {dagbag.py:500} INFO - Filling up the DagBag from /home/airflow/.local/lib/python3.6/site-packages/airflow/example_dags/example_xcom.py
[2021-10-16 23:58:50,144] {processor.py:632} INFO - DAG(s) dict_keys(['example_xcom']) retrieved from /home/airflow/.local/lib/python3.6/site-packages/airflow/example_dags/example_xcom.py
[2021-10-16 23:58:50,361] {logging_mixin.py:109} INFO - [2021-10-16 23:58:50,360] {dag.py:2389} INFO - Sync 1 DAGs
[2021-10-16 23:58:50,374] {logging_mixin.py:109} INFO - [2021-10-16 23:58:50,374] {dag.py:2914} INFO - Setting next_dagrun for example_xcom to 2021-01-01T00:00:00+00:00
[2021-10-16 23:58:50,385] {processor.py:171} INFO - Processing /home/airflow/.local/lib/python3.6/site-packages/airflow/example_dags/example_xcom.py took 0.272 seconds
[2021-10-16 23:59:20,603] {processor.py:163} INFO - Started process (PID=3249) to work on /home/airflow/.local/lib/python3.6/site-packages/airflow/example_dags/example_xcom.py
[2021-10-16 23:59:20,604] {processor.py:620} INFO - Processing file /home/airflow/.local/lib/python3.6/site-packages/airflow/example_dags/example_xcom.py for tasks to queue
[2021-10-16 23:59:20,605] {logging_mixin.py:109} INFO - [2021-10-16 23:59:20,605] {dagbag.py:500} INFO - Filling up the DagBag from /home/airflow/.local/lib/python3.6/site-packages/airflow/example_dags/example_xcom.py
[2021-10-16 23:59:20,634] {processor.py:632} INFO - DAG(s) dict_keys(['example_xcom']) retrieved from /home/airflow/.local/lib/python3.6/site-packages/airflow/example_dags/example_xcom.py
[2021-10-16 23:59:20,885] {logging_mixin.py:109} INFO - [2021-10-16 23:59:20,885] {dag.py:2389} INFO - Sync 1 DAGs
[2021-10-16 23:59:20,898] {logging_mixin.py:109} INFO - [2021-10-16 23:59:20,898] {dag.py:2914} INFO - Setting next_dagrun for example_xcom to 2021-01-01T00:00:00+00:00
[2021-10-16 23:59:20,908] {processor.py:171} INFO - Processing /home/airflow/.local/lib/python3.6/site-packages/airflow/example_dags/example_xcom.py took 0.309 seconds
[2021-10-16 23:59:51,052] {processor.py:163} INFO - Started process (PID=3303) to work on /home/airflow/.local/lib/python3.6/site-packages/airflow/example_dags/example_xcom.py
[2021-10-16 23:59:51,053] {processor.py:620} INFO - Processing file /home/airflow/.local/lib/python3.6/site-packages/airflow/example_dags/example_xcom.py for tasks to queue
[2021-10-16 23:59:51,054] {logging_mixin.py:109} INFO - [2021-10-16 23:59:51,054] {dagbag.py:500} INFO - Filling up the DagBag from /home/airflow/.local/lib/python3.6/site-packages/airflow/example_dags/example_xcom.py
[2021-10-16 23:59:51,086] {processor.py:632} INFO - DAG(s) dict_keys(['example_xcom']) retrieved from /home/airflow/.local/lib/python3.6/site-packages/airflow/example_dags/example_xcom.py
[2021-10-16 23:59:51,437] {logging_mixin.py:109} INFO - [2021-10-16 23:59:51,437] {dag.py:2389} INFO - Sync 1 DAGs
[2021-10-16 23:59:51,454] {logging_mixin.py:109} INFO - [2021-10-16 23:59:51,454] {dag.py:2914} INFO - Setting next_dagrun for example_xcom to 2021-01-01T00:00:00+00:00
[2021-10-16 23:59:51,465] {processor.py:171} INFO - Processing /home/airflow/.local/lib/python3.6/site-packages/airflow/example_dags/example_xcom.py took 0.415 seconds
