[2021-10-16 23:32:11,145] {processor.py:163} INFO - Started process (PID=52) to work on /home/airflow/.local/lib/python3.6/site-packages/airflow/example_dags/example_time_delta_sensor_async.py
[2021-10-16 23:32:11,147] {processor.py:620} INFO - Processing file /home/airflow/.local/lib/python3.6/site-packages/airflow/example_dags/example_time_delta_sensor_async.py for tasks to queue
[2021-10-16 23:32:11,148] {logging_mixin.py:109} INFO - [2021-10-16 23:32:11,148] {dagbag.py:500} INFO - Filling up the DagBag from /home/airflow/.local/lib/python3.6/site-packages/airflow/example_dags/example_time_delta_sensor_async.py
[2021-10-16 23:32:11,199] {processor.py:632} INFO - DAG(s) dict_keys(['example_time_delta_sensor_async']) retrieved from /home/airflow/.local/lib/python3.6/site-packages/airflow/example_dags/example_time_delta_sensor_async.py
[2021-10-16 23:32:11,215] {logging_mixin.py:109} INFO - [2021-10-16 23:32:11,215] {dag.py:2389} INFO - Sync 1 DAGs
[2021-10-16 23:32:11,240] {logging_mixin.py:109} INFO - [2021-10-16 23:32:11,240] {dag.py:2914} INFO - Setting next_dagrun for example_time_delta_sensor_async to None
[2021-10-16 23:32:11,253] {processor.py:171} INFO - Processing /home/airflow/.local/lib/python3.6/site-packages/airflow/example_dags/example_time_delta_sensor_async.py took 0.112 seconds
[2021-10-16 23:32:42,210] {processor.py:163} INFO - Started process (PID=108) to work on /home/airflow/.local/lib/python3.6/site-packages/airflow/example_dags/example_time_delta_sensor_async.py
[2021-10-16 23:32:42,211] {processor.py:620} INFO - Processing file /home/airflow/.local/lib/python3.6/site-packages/airflow/example_dags/example_time_delta_sensor_async.py for tasks to queue
[2021-10-16 23:32:42,212] {logging_mixin.py:109} INFO - [2021-10-16 23:32:42,212] {dagbag.py:500} INFO - Filling up the DagBag from /home/airflow/.local/lib/python3.6/site-packages/airflow/example_dags/example_time_delta_sensor_async.py
[2021-10-16 23:32:42,235] {processor.py:632} INFO - DAG(s) dict_keys(['example_time_delta_sensor_async']) retrieved from /home/airflow/.local/lib/python3.6/site-packages/airflow/example_dags/example_time_delta_sensor_async.py
[2021-10-16 23:32:42,244] {logging_mixin.py:109} INFO - [2021-10-16 23:32:42,244] {dag.py:2389} INFO - Sync 1 DAGs
[2021-10-16 23:32:42,259] {logging_mixin.py:109} INFO - [2021-10-16 23:32:42,259] {dag.py:2914} INFO - Setting next_dagrun for example_time_delta_sensor_async to None
[2021-10-16 23:32:42,268] {processor.py:171} INFO - Processing /home/airflow/.local/lib/python3.6/site-packages/airflow/example_dags/example_time_delta_sensor_async.py took 0.060 seconds
[2021-10-16 23:33:12,755] {processor.py:163} INFO - Started process (PID=173) to work on /home/airflow/.local/lib/python3.6/site-packages/airflow/example_dags/example_time_delta_sensor_async.py
[2021-10-16 23:33:12,756] {processor.py:620} INFO - Processing file /home/airflow/.local/lib/python3.6/site-packages/airflow/example_dags/example_time_delta_sensor_async.py for tasks to queue
[2021-10-16 23:33:12,757] {logging_mixin.py:109} INFO - [2021-10-16 23:33:12,757] {dagbag.py:500} INFO - Filling up the DagBag from /home/airflow/.local/lib/python3.6/site-packages/airflow/example_dags/example_time_delta_sensor_async.py
[2021-10-16 23:33:12,781] {processor.py:632} INFO - DAG(s) dict_keys(['example_time_delta_sensor_async']) retrieved from /home/airflow/.local/lib/python3.6/site-packages/airflow/example_dags/example_time_delta_sensor_async.py
[2021-10-16 23:33:12,790] {logging_mixin.py:109} INFO - [2021-10-16 23:33:12,790] {dag.py:2389} INFO - Sync 1 DAGs
[2021-10-16 23:33:12,804] {logging_mixin.py:109} INFO - [2021-10-16 23:33:12,804] {dag.py:2914} INFO - Setting next_dagrun for example_time_delta_sensor_async to None
[2021-10-16 23:33:12,812] {processor.py:171} INFO - Processing /home/airflow/.local/lib/python3.6/site-packages/airflow/example_dags/example_time_delta_sensor_async.py took 0.059 seconds
[2021-10-16 23:33:43,164] {processor.py:163} INFO - Started process (PID=230) to work on /home/airflow/.local/lib/python3.6/site-packages/airflow/example_dags/example_time_delta_sensor_async.py
[2021-10-16 23:33:43,166] {processor.py:620} INFO - Processing file /home/airflow/.local/lib/python3.6/site-packages/airflow/example_dags/example_time_delta_sensor_async.py for tasks to queue
[2021-10-16 23:33:43,167] {logging_mixin.py:109} INFO - [2021-10-16 23:33:43,167] {dagbag.py:500} INFO - Filling up the DagBag from /home/airflow/.local/lib/python3.6/site-packages/airflow/example_dags/example_time_delta_sensor_async.py
[2021-10-16 23:33:43,198] {processor.py:632} INFO - DAG(s) dict_keys(['example_time_delta_sensor_async']) retrieved from /home/airflow/.local/lib/python3.6/site-packages/airflow/example_dags/example_time_delta_sensor_async.py
[2021-10-16 23:33:43,209] {logging_mixin.py:109} INFO - [2021-10-16 23:33:43,209] {dag.py:2389} INFO - Sync 1 DAGs
[2021-10-16 23:33:43,226] {logging_mixin.py:109} INFO - [2021-10-16 23:33:43,226] {dag.py:2914} INFO - Setting next_dagrun for example_time_delta_sensor_async to None
[2021-10-16 23:33:43,235] {processor.py:171} INFO - Processing /home/airflow/.local/lib/python3.6/site-packages/airflow/example_dags/example_time_delta_sensor_async.py took 0.074 seconds
[2021-10-16 23:34:13,516] {processor.py:163} INFO - Started process (PID=288) to work on /home/airflow/.local/lib/python3.6/site-packages/airflow/example_dags/example_time_delta_sensor_async.py
[2021-10-16 23:34:13,518] {processor.py:620} INFO - Processing file /home/airflow/.local/lib/python3.6/site-packages/airflow/example_dags/example_time_delta_sensor_async.py for tasks to queue
[2021-10-16 23:34:13,519] {logging_mixin.py:109} INFO - [2021-10-16 23:34:13,519] {dagbag.py:500} INFO - Filling up the DagBag from /home/airflow/.local/lib/python3.6/site-packages/airflow/example_dags/example_time_delta_sensor_async.py
[2021-10-16 23:34:13,554] {processor.py:632} INFO - DAG(s) dict_keys(['example_time_delta_sensor_async']) retrieved from /home/airflow/.local/lib/python3.6/site-packages/airflow/example_dags/example_time_delta_sensor_async.py
[2021-10-16 23:34:13,576] {logging_mixin.py:109} INFO - [2021-10-16 23:34:13,575] {dag.py:2389} INFO - Sync 1 DAGs
[2021-10-16 23:34:13,605] {logging_mixin.py:109} INFO - [2021-10-16 23:34:13,605] {dag.py:2914} INFO - Setting next_dagrun for example_time_delta_sensor_async to None
[2021-10-16 23:34:13,629] {processor.py:171} INFO - Processing /home/airflow/.local/lib/python3.6/site-packages/airflow/example_dags/example_time_delta_sensor_async.py took 0.117 seconds
[2021-10-16 23:34:44,376] {processor.py:163} INFO - Started process (PID=359) to work on /home/airflow/.local/lib/python3.6/site-packages/airflow/example_dags/example_time_delta_sensor_async.py
[2021-10-16 23:34:44,378] {processor.py:620} INFO - Processing file /home/airflow/.local/lib/python3.6/site-packages/airflow/example_dags/example_time_delta_sensor_async.py for tasks to queue
[2021-10-16 23:34:44,379] {logging_mixin.py:109} INFO - [2021-10-16 23:34:44,379] {dagbag.py:500} INFO - Filling up the DagBag from /home/airflow/.local/lib/python3.6/site-packages/airflow/example_dags/example_time_delta_sensor_async.py
[2021-10-16 23:34:44,416] {processor.py:632} INFO - DAG(s) dict_keys(['example_time_delta_sensor_async']) retrieved from /home/airflow/.local/lib/python3.6/site-packages/airflow/example_dags/example_time_delta_sensor_async.py
[2021-10-16 23:34:44,434] {logging_mixin.py:109} INFO - [2021-10-16 23:34:44,434] {dag.py:2389} INFO - Sync 1 DAGs
[2021-10-16 23:34:44,455] {logging_mixin.py:109} INFO - [2021-10-16 23:34:44,455] {dag.py:2914} INFO - Setting next_dagrun for example_time_delta_sensor_async to None
[2021-10-16 23:34:44,468] {processor.py:171} INFO - Processing /home/airflow/.local/lib/python3.6/site-packages/airflow/example_dags/example_time_delta_sensor_async.py took 0.096 seconds
[2021-10-16 23:35:14,740] {processor.py:163} INFO - Started process (PID=418) to work on /home/airflow/.local/lib/python3.6/site-packages/airflow/example_dags/example_time_delta_sensor_async.py
[2021-10-16 23:35:14,742] {processor.py:620} INFO - Processing file /home/airflow/.local/lib/python3.6/site-packages/airflow/example_dags/example_time_delta_sensor_async.py for tasks to queue
[2021-10-16 23:35:14,742] {logging_mixin.py:109} INFO - [2021-10-16 23:35:14,742] {dagbag.py:500} INFO - Filling up the DagBag from /home/airflow/.local/lib/python3.6/site-packages/airflow/example_dags/example_time_delta_sensor_async.py
[2021-10-16 23:35:14,773] {processor.py:632} INFO - DAG(s) dict_keys(['example_time_delta_sensor_async']) retrieved from /home/airflow/.local/lib/python3.6/site-packages/airflow/example_dags/example_time_delta_sensor_async.py
[2021-10-16 23:35:14,785] {logging_mixin.py:109} INFO - [2021-10-16 23:35:14,785] {dag.py:2389} INFO - Sync 1 DAGs
[2021-10-16 23:35:14,806] {logging_mixin.py:109} INFO - [2021-10-16 23:35:14,806] {dag.py:2914} INFO - Setting next_dagrun for example_time_delta_sensor_async to None
[2021-10-16 23:35:14,816] {processor.py:171} INFO - Processing /home/airflow/.local/lib/python3.6/site-packages/airflow/example_dags/example_time_delta_sensor_async.py took 0.080 seconds
[2021-10-16 23:35:45,642] {processor.py:163} INFO - Started process (PID=474) to work on /home/airflow/.local/lib/python3.6/site-packages/airflow/example_dags/example_time_delta_sensor_async.py
[2021-10-16 23:35:45,644] {processor.py:620} INFO - Processing file /home/airflow/.local/lib/python3.6/site-packages/airflow/example_dags/example_time_delta_sensor_async.py for tasks to queue
[2021-10-16 23:35:45,645] {logging_mixin.py:109} INFO - [2021-10-16 23:35:45,645] {dagbag.py:500} INFO - Filling up the DagBag from /home/airflow/.local/lib/python3.6/site-packages/airflow/example_dags/example_time_delta_sensor_async.py
[2021-10-16 23:35:45,681] {processor.py:632} INFO - DAG(s) dict_keys(['example_time_delta_sensor_async']) retrieved from /home/airflow/.local/lib/python3.6/site-packages/airflow/example_dags/example_time_delta_sensor_async.py
[2021-10-16 23:35:45,702] {logging_mixin.py:109} INFO - [2021-10-16 23:35:45,702] {dag.py:2389} INFO - Sync 1 DAGs
[2021-10-16 23:35:45,725] {logging_mixin.py:109} INFO - [2021-10-16 23:35:45,725] {dag.py:2914} INFO - Setting next_dagrun for example_time_delta_sensor_async to None
[2021-10-16 23:35:45,737] {processor.py:171} INFO - Processing /home/airflow/.local/lib/python3.6/site-packages/airflow/example_dags/example_time_delta_sensor_async.py took 0.098 seconds
[2021-10-16 23:36:16,133] {processor.py:163} INFO - Started process (PID=529) to work on /home/airflow/.local/lib/python3.6/site-packages/airflow/example_dags/example_time_delta_sensor_async.py
[2021-10-16 23:36:16,134] {processor.py:620} INFO - Processing file /home/airflow/.local/lib/python3.6/site-packages/airflow/example_dags/example_time_delta_sensor_async.py for tasks to queue
[2021-10-16 23:36:16,134] {logging_mixin.py:109} INFO - [2021-10-16 23:36:16,134] {dagbag.py:500} INFO - Filling up the DagBag from /home/airflow/.local/lib/python3.6/site-packages/airflow/example_dags/example_time_delta_sensor_async.py
[2021-10-16 23:36:16,156] {processor.py:632} INFO - DAG(s) dict_keys(['example_time_delta_sensor_async']) retrieved from /home/airflow/.local/lib/python3.6/site-packages/airflow/example_dags/example_time_delta_sensor_async.py
[2021-10-16 23:36:16,165] {logging_mixin.py:109} INFO - [2021-10-16 23:36:16,165] {dag.py:2389} INFO - Sync 1 DAGs
[2021-10-16 23:36:16,180] {logging_mixin.py:109} INFO - [2021-10-16 23:36:16,180] {dag.py:2914} INFO - Setting next_dagrun for example_time_delta_sensor_async to None
[2021-10-16 23:36:16,188] {processor.py:171} INFO - Processing /home/airflow/.local/lib/python3.6/site-packages/airflow/example_dags/example_time_delta_sensor_async.py took 0.057 seconds
[2021-10-16 23:36:46,539] {processor.py:163} INFO - Started process (PID=595) to work on /home/airflow/.local/lib/python3.6/site-packages/airflow/example_dags/example_time_delta_sensor_async.py
[2021-10-16 23:36:46,540] {processor.py:620} INFO - Processing file /home/airflow/.local/lib/python3.6/site-packages/airflow/example_dags/example_time_delta_sensor_async.py for tasks to queue
[2021-10-16 23:36:46,540] {logging_mixin.py:109} INFO - [2021-10-16 23:36:46,540] {dagbag.py:500} INFO - Filling up the DagBag from /home/airflow/.local/lib/python3.6/site-packages/airflow/example_dags/example_time_delta_sensor_async.py
[2021-10-16 23:36:46,565] {processor.py:632} INFO - DAG(s) dict_keys(['example_time_delta_sensor_async']) retrieved from /home/airflow/.local/lib/python3.6/site-packages/airflow/example_dags/example_time_delta_sensor_async.py
[2021-10-16 23:36:46,577] {logging_mixin.py:109} INFO - [2021-10-16 23:36:46,577] {dag.py:2389} INFO - Sync 1 DAGs
[2021-10-16 23:36:46,594] {logging_mixin.py:109} INFO - [2021-10-16 23:36:46,594] {dag.py:2914} INFO - Setting next_dagrun for example_time_delta_sensor_async to None
[2021-10-16 23:36:46,604] {processor.py:171} INFO - Processing /home/airflow/.local/lib/python3.6/site-packages/airflow/example_dags/example_time_delta_sensor_async.py took 0.067 seconds
[2021-10-16 23:37:17,054] {processor.py:163} INFO - Started process (PID=650) to work on /home/airflow/.local/lib/python3.6/site-packages/airflow/example_dags/example_time_delta_sensor_async.py
[2021-10-16 23:37:17,056] {processor.py:620} INFO - Processing file /home/airflow/.local/lib/python3.6/site-packages/airflow/example_dags/example_time_delta_sensor_async.py for tasks to queue
[2021-10-16 23:37:17,057] {logging_mixin.py:109} INFO - [2021-10-16 23:37:17,057] {dagbag.py:500} INFO - Filling up the DagBag from /home/airflow/.local/lib/python3.6/site-packages/airflow/example_dags/example_time_delta_sensor_async.py
[2021-10-16 23:37:17,085] {processor.py:632} INFO - DAG(s) dict_keys(['example_time_delta_sensor_async']) retrieved from /home/airflow/.local/lib/python3.6/site-packages/airflow/example_dags/example_time_delta_sensor_async.py
[2021-10-16 23:37:17,098] {logging_mixin.py:109} INFO - [2021-10-16 23:37:17,097] {dag.py:2389} INFO - Sync 1 DAGs
[2021-10-16 23:37:17,117] {logging_mixin.py:109} INFO - [2021-10-16 23:37:17,117] {dag.py:2914} INFO - Setting next_dagrun for example_time_delta_sensor_async to None
[2021-10-16 23:37:17,126] {processor.py:171} INFO - Processing /home/airflow/.local/lib/python3.6/site-packages/airflow/example_dags/example_time_delta_sensor_async.py took 0.075 seconds
[2021-10-16 23:37:47,405] {processor.py:163} INFO - Started process (PID=705) to work on /home/airflow/.local/lib/python3.6/site-packages/airflow/example_dags/example_time_delta_sensor_async.py
[2021-10-16 23:37:47,406] {processor.py:620} INFO - Processing file /home/airflow/.local/lib/python3.6/site-packages/airflow/example_dags/example_time_delta_sensor_async.py for tasks to queue
[2021-10-16 23:37:47,407] {logging_mixin.py:109} INFO - [2021-10-16 23:37:47,407] {dagbag.py:500} INFO - Filling up the DagBag from /home/airflow/.local/lib/python3.6/site-packages/airflow/example_dags/example_time_delta_sensor_async.py
[2021-10-16 23:37:47,433] {processor.py:632} INFO - DAG(s) dict_keys(['example_time_delta_sensor_async']) retrieved from /home/airflow/.local/lib/python3.6/site-packages/airflow/example_dags/example_time_delta_sensor_async.py
[2021-10-16 23:37:47,442] {logging_mixin.py:109} INFO - [2021-10-16 23:37:47,442] {dag.py:2389} INFO - Sync 1 DAGs
[2021-10-16 23:37:47,456] {logging_mixin.py:109} INFO - [2021-10-16 23:37:47,456] {dag.py:2914} INFO - Setting next_dagrun for example_time_delta_sensor_async to None
[2021-10-16 23:37:47,465] {processor.py:171} INFO - Processing /home/airflow/.local/lib/python3.6/site-packages/airflow/example_dags/example_time_delta_sensor_async.py took 0.062 seconds
[2021-10-16 23:38:18,433] {processor.py:163} INFO - Started process (PID=772) to work on /home/airflow/.local/lib/python3.6/site-packages/airflow/example_dags/example_time_delta_sensor_async.py
[2021-10-16 23:38:18,435] {processor.py:620} INFO - Processing file /home/airflow/.local/lib/python3.6/site-packages/airflow/example_dags/example_time_delta_sensor_async.py for tasks to queue
[2021-10-16 23:38:18,435] {logging_mixin.py:109} INFO - [2021-10-16 23:38:18,435] {dagbag.py:500} INFO - Filling up the DagBag from /home/airflow/.local/lib/python3.6/site-packages/airflow/example_dags/example_time_delta_sensor_async.py
[2021-10-16 23:38:18,459] {processor.py:632} INFO - DAG(s) dict_keys(['example_time_delta_sensor_async']) retrieved from /home/airflow/.local/lib/python3.6/site-packages/airflow/example_dags/example_time_delta_sensor_async.py
[2021-10-16 23:38:18,468] {logging_mixin.py:109} INFO - [2021-10-16 23:38:18,468] {dag.py:2389} INFO - Sync 1 DAGs
[2021-10-16 23:38:18,483] {logging_mixin.py:109} INFO - [2021-10-16 23:38:18,483] {dag.py:2914} INFO - Setting next_dagrun for example_time_delta_sensor_async to None
[2021-10-16 23:38:18,492] {processor.py:171} INFO - Processing /home/airflow/.local/lib/python3.6/site-packages/airflow/example_dags/example_time_delta_sensor_async.py took 0.062 seconds
[2021-10-16 23:38:48,736] {processor.py:163} INFO - Started process (PID=827) to work on /home/airflow/.local/lib/python3.6/site-packages/airflow/example_dags/example_time_delta_sensor_async.py
[2021-10-16 23:38:48,737] {processor.py:620} INFO - Processing file /home/airflow/.local/lib/python3.6/site-packages/airflow/example_dags/example_time_delta_sensor_async.py for tasks to queue
[2021-10-16 23:38:48,738] {logging_mixin.py:109} INFO - [2021-10-16 23:38:48,738] {dagbag.py:500} INFO - Filling up the DagBag from /home/airflow/.local/lib/python3.6/site-packages/airflow/example_dags/example_time_delta_sensor_async.py
[2021-10-16 23:38:48,762] {processor.py:632} INFO - DAG(s) dict_keys(['example_time_delta_sensor_async']) retrieved from /home/airflow/.local/lib/python3.6/site-packages/airflow/example_dags/example_time_delta_sensor_async.py
[2021-10-16 23:38:48,772] {logging_mixin.py:109} INFO - [2021-10-16 23:38:48,772] {dag.py:2389} INFO - Sync 1 DAGs
[2021-10-16 23:38:48,788] {logging_mixin.py:109} INFO - [2021-10-16 23:38:48,788] {dag.py:2914} INFO - Setting next_dagrun for example_time_delta_sensor_async to None
[2021-10-16 23:38:48,796] {processor.py:171} INFO - Processing /home/airflow/.local/lib/python3.6/site-packages/airflow/example_dags/example_time_delta_sensor_async.py took 0.063 seconds
[2021-10-16 23:39:19,148] {processor.py:163} INFO - Started process (PID=893) to work on /home/airflow/.local/lib/python3.6/site-packages/airflow/example_dags/example_time_delta_sensor_async.py
[2021-10-16 23:39:19,149] {processor.py:620} INFO - Processing file /home/airflow/.local/lib/python3.6/site-packages/airflow/example_dags/example_time_delta_sensor_async.py for tasks to queue
[2021-10-16 23:39:19,149] {logging_mixin.py:109} INFO - [2021-10-16 23:39:19,149] {dagbag.py:500} INFO - Filling up the DagBag from /home/airflow/.local/lib/python3.6/site-packages/airflow/example_dags/example_time_delta_sensor_async.py
[2021-10-16 23:39:19,179] {processor.py:632} INFO - DAG(s) dict_keys(['example_time_delta_sensor_async']) retrieved from /home/airflow/.local/lib/python3.6/site-packages/airflow/example_dags/example_time_delta_sensor_async.py
[2021-10-16 23:39:19,190] {logging_mixin.py:109} INFO - [2021-10-16 23:39:19,190] {dag.py:2389} INFO - Sync 1 DAGs
[2021-10-16 23:39:19,207] {logging_mixin.py:109} INFO - [2021-10-16 23:39:19,206] {dag.py:2914} INFO - Setting next_dagrun for example_time_delta_sensor_async to None
[2021-10-16 23:39:19,218] {processor.py:171} INFO - Processing /home/airflow/.local/lib/python3.6/site-packages/airflow/example_dags/example_time_delta_sensor_async.py took 0.073 seconds
[2021-10-16 23:39:49,616] {processor.py:163} INFO - Started process (PID=948) to work on /home/airflow/.local/lib/python3.6/site-packages/airflow/example_dags/example_time_delta_sensor_async.py
[2021-10-16 23:39:49,617] {processor.py:620} INFO - Processing file /home/airflow/.local/lib/python3.6/site-packages/airflow/example_dags/example_time_delta_sensor_async.py for tasks to queue
[2021-10-16 23:39:49,617] {logging_mixin.py:109} INFO - [2021-10-16 23:39:49,617] {dagbag.py:500} INFO - Filling up the DagBag from /home/airflow/.local/lib/python3.6/site-packages/airflow/example_dags/example_time_delta_sensor_async.py
[2021-10-16 23:39:49,641] {processor.py:632} INFO - DAG(s) dict_keys(['example_time_delta_sensor_async']) retrieved from /home/airflow/.local/lib/python3.6/site-packages/airflow/example_dags/example_time_delta_sensor_async.py
[2021-10-16 23:39:49,652] {logging_mixin.py:109} INFO - [2021-10-16 23:39:49,652] {dag.py:2389} INFO - Sync 1 DAGs
[2021-10-16 23:39:49,667] {logging_mixin.py:109} INFO - [2021-10-16 23:39:49,666] {dag.py:2914} INFO - Setting next_dagrun for example_time_delta_sensor_async to None
[2021-10-16 23:39:49,675] {processor.py:171} INFO - Processing /home/airflow/.local/lib/python3.6/site-packages/airflow/example_dags/example_time_delta_sensor_async.py took 0.063 seconds
[2021-10-16 23:40:19,820] {processor.py:163} INFO - Started process (PID=1003) to work on /home/airflow/.local/lib/python3.6/site-packages/airflow/example_dags/example_time_delta_sensor_async.py
[2021-10-16 23:40:19,821] {processor.py:620} INFO - Processing file /home/airflow/.local/lib/python3.6/site-packages/airflow/example_dags/example_time_delta_sensor_async.py for tasks to queue
[2021-10-16 23:40:19,822] {logging_mixin.py:109} INFO - [2021-10-16 23:40:19,822] {dagbag.py:500} INFO - Filling up the DagBag from /home/airflow/.local/lib/python3.6/site-packages/airflow/example_dags/example_time_delta_sensor_async.py
[2021-10-16 23:40:19,846] {processor.py:632} INFO - DAG(s) dict_keys(['example_time_delta_sensor_async']) retrieved from /home/airflow/.local/lib/python3.6/site-packages/airflow/example_dags/example_time_delta_sensor_async.py
[2021-10-16 23:40:19,855] {logging_mixin.py:109} INFO - [2021-10-16 23:40:19,855] {dag.py:2389} INFO - Sync 1 DAGs
[2021-10-16 23:40:19,870] {logging_mixin.py:109} INFO - [2021-10-16 23:40:19,869] {dag.py:2914} INFO - Setting next_dagrun for example_time_delta_sensor_async to None
[2021-10-16 23:40:19,878] {processor.py:171} INFO - Processing /home/airflow/.local/lib/python3.6/site-packages/airflow/example_dags/example_time_delta_sensor_async.py took 0.060 seconds
[2021-10-16 23:40:50,144] {processor.py:163} INFO - Started process (PID=1070) to work on /home/airflow/.local/lib/python3.6/site-packages/airflow/example_dags/example_time_delta_sensor_async.py
[2021-10-16 23:40:50,145] {processor.py:620} INFO - Processing file /home/airflow/.local/lib/python3.6/site-packages/airflow/example_dags/example_time_delta_sensor_async.py for tasks to queue
[2021-10-16 23:40:50,146] {logging_mixin.py:109} INFO - [2021-10-16 23:40:50,146] {dagbag.py:500} INFO - Filling up the DagBag from /home/airflow/.local/lib/python3.6/site-packages/airflow/example_dags/example_time_delta_sensor_async.py
[2021-10-16 23:40:50,170] {processor.py:632} INFO - DAG(s) dict_keys(['example_time_delta_sensor_async']) retrieved from /home/airflow/.local/lib/python3.6/site-packages/airflow/example_dags/example_time_delta_sensor_async.py
[2021-10-16 23:40:50,182] {logging_mixin.py:109} INFO - [2021-10-16 23:40:50,182] {dag.py:2389} INFO - Sync 1 DAGs
[2021-10-16 23:40:50,200] {logging_mixin.py:109} INFO - [2021-10-16 23:40:50,200] {dag.py:2914} INFO - Setting next_dagrun for example_time_delta_sensor_async to None
[2021-10-16 23:40:50,210] {processor.py:171} INFO - Processing /home/airflow/.local/lib/python3.6/site-packages/airflow/example_dags/example_time_delta_sensor_async.py took 0.069 seconds
[2021-10-16 23:41:20,447] {processor.py:163} INFO - Started process (PID=1125) to work on /home/airflow/.local/lib/python3.6/site-packages/airflow/example_dags/example_time_delta_sensor_async.py
[2021-10-16 23:41:20,448] {processor.py:620} INFO - Processing file /home/airflow/.local/lib/python3.6/site-packages/airflow/example_dags/example_time_delta_sensor_async.py for tasks to queue
[2021-10-16 23:41:20,448] {logging_mixin.py:109} INFO - [2021-10-16 23:41:20,448] {dagbag.py:500} INFO - Filling up the DagBag from /home/airflow/.local/lib/python3.6/site-packages/airflow/example_dags/example_time_delta_sensor_async.py
[2021-10-16 23:41:20,470] {processor.py:632} INFO - DAG(s) dict_keys(['example_time_delta_sensor_async']) retrieved from /home/airflow/.local/lib/python3.6/site-packages/airflow/example_dags/example_time_delta_sensor_async.py
[2021-10-16 23:41:20,479] {logging_mixin.py:109} INFO - [2021-10-16 23:41:20,479] {dag.py:2389} INFO - Sync 1 DAGs
[2021-10-16 23:41:20,494] {logging_mixin.py:109} INFO - [2021-10-16 23:41:20,494] {dag.py:2914} INFO - Setting next_dagrun for example_time_delta_sensor_async to None
[2021-10-16 23:41:20,501] {processor.py:171} INFO - Processing /home/airflow/.local/lib/python3.6/site-packages/airflow/example_dags/example_time_delta_sensor_async.py took 0.057 seconds
[2021-10-16 23:41:51,330] {processor.py:163} INFO - Started process (PID=1190) to work on /home/airflow/.local/lib/python3.6/site-packages/airflow/example_dags/example_time_delta_sensor_async.py
[2021-10-16 23:41:51,331] {processor.py:620} INFO - Processing file /home/airflow/.local/lib/python3.6/site-packages/airflow/example_dags/example_time_delta_sensor_async.py for tasks to queue
[2021-10-16 23:41:51,332] {logging_mixin.py:109} INFO - [2021-10-16 23:41:51,332] {dagbag.py:500} INFO - Filling up the DagBag from /home/airflow/.local/lib/python3.6/site-packages/airflow/example_dags/example_time_delta_sensor_async.py
[2021-10-16 23:41:51,356] {processor.py:632} INFO - DAG(s) dict_keys(['example_time_delta_sensor_async']) retrieved from /home/airflow/.local/lib/python3.6/site-packages/airflow/example_dags/example_time_delta_sensor_async.py
[2021-10-16 23:41:51,369] {logging_mixin.py:109} INFO - [2021-10-16 23:41:51,368] {dag.py:2389} INFO - Sync 1 DAGs
[2021-10-16 23:41:51,389] {logging_mixin.py:109} INFO - [2021-10-16 23:41:51,389] {dag.py:2914} INFO - Setting next_dagrun for example_time_delta_sensor_async to None
[2021-10-16 23:41:51,401] {processor.py:171} INFO - Processing /home/airflow/.local/lib/python3.6/site-packages/airflow/example_dags/example_time_delta_sensor_async.py took 0.074 seconds
[2021-10-16 23:42:21,573] {processor.py:163} INFO - Started process (PID=1245) to work on /home/airflow/.local/lib/python3.6/site-packages/airflow/example_dags/example_time_delta_sensor_async.py
[2021-10-16 23:42:21,574] {processor.py:620} INFO - Processing file /home/airflow/.local/lib/python3.6/site-packages/airflow/example_dags/example_time_delta_sensor_async.py for tasks to queue
[2021-10-16 23:42:21,575] {logging_mixin.py:109} INFO - [2021-10-16 23:42:21,575] {dagbag.py:500} INFO - Filling up the DagBag from /home/airflow/.local/lib/python3.6/site-packages/airflow/example_dags/example_time_delta_sensor_async.py
[2021-10-16 23:42:21,597] {processor.py:632} INFO - DAG(s) dict_keys(['example_time_delta_sensor_async']) retrieved from /home/airflow/.local/lib/python3.6/site-packages/airflow/example_dags/example_time_delta_sensor_async.py
[2021-10-16 23:42:21,607] {logging_mixin.py:109} INFO - [2021-10-16 23:42:21,607] {dag.py:2389} INFO - Sync 1 DAGs
[2021-10-16 23:42:21,622] {logging_mixin.py:109} INFO - [2021-10-16 23:42:21,621] {dag.py:2914} INFO - Setting next_dagrun for example_time_delta_sensor_async to None
[2021-10-16 23:42:21,630] {processor.py:171} INFO - Processing /home/airflow/.local/lib/python3.6/site-packages/airflow/example_dags/example_time_delta_sensor_async.py took 0.060 seconds
[2021-10-16 23:42:51,786] {processor.py:163} INFO - Started process (PID=1300) to work on /home/airflow/.local/lib/python3.6/site-packages/airflow/example_dags/example_time_delta_sensor_async.py
[2021-10-16 23:42:51,787] {processor.py:620} INFO - Processing file /home/airflow/.local/lib/python3.6/site-packages/airflow/example_dags/example_time_delta_sensor_async.py for tasks to queue
[2021-10-16 23:42:51,787] {logging_mixin.py:109} INFO - [2021-10-16 23:42:51,787] {dagbag.py:500} INFO - Filling up the DagBag from /home/airflow/.local/lib/python3.6/site-packages/airflow/example_dags/example_time_delta_sensor_async.py
[2021-10-16 23:42:51,808] {processor.py:632} INFO - DAG(s) dict_keys(['example_time_delta_sensor_async']) retrieved from /home/airflow/.local/lib/python3.6/site-packages/airflow/example_dags/example_time_delta_sensor_async.py
[2021-10-16 23:42:51,820] {logging_mixin.py:109} INFO - [2021-10-16 23:42:51,820] {dag.py:2389} INFO - Sync 1 DAGs
[2021-10-16 23:42:51,838] {logging_mixin.py:109} INFO - [2021-10-16 23:42:51,837] {dag.py:2914} INFO - Setting next_dagrun for example_time_delta_sensor_async to None
[2021-10-16 23:42:51,846] {processor.py:171} INFO - Processing /home/airflow/.local/lib/python3.6/site-packages/airflow/example_dags/example_time_delta_sensor_async.py took 0.063 seconds
[2021-10-16 23:43:22,057] {processor.py:163} INFO - Started process (PID=1366) to work on /home/airflow/.local/lib/python3.6/site-packages/airflow/example_dags/example_time_delta_sensor_async.py
[2021-10-16 23:43:22,059] {processor.py:620} INFO - Processing file /home/airflow/.local/lib/python3.6/site-packages/airflow/example_dags/example_time_delta_sensor_async.py for tasks to queue
[2021-10-16 23:43:22,060] {logging_mixin.py:109} INFO - [2021-10-16 23:43:22,059] {dagbag.py:500} INFO - Filling up the DagBag from /home/airflow/.local/lib/python3.6/site-packages/airflow/example_dags/example_time_delta_sensor_async.py
[2021-10-16 23:43:22,098] {processor.py:632} INFO - DAG(s) dict_keys(['example_time_delta_sensor_async']) retrieved from /home/airflow/.local/lib/python3.6/site-packages/airflow/example_dags/example_time_delta_sensor_async.py
[2021-10-16 23:43:22,117] {logging_mixin.py:109} INFO - [2021-10-16 23:43:22,117] {dag.py:2389} INFO - Sync 1 DAGs
[2021-10-16 23:43:22,145] {logging_mixin.py:109} INFO - [2021-10-16 23:43:22,144] {dag.py:2914} INFO - Setting next_dagrun for example_time_delta_sensor_async to None
[2021-10-16 23:43:22,159] {processor.py:171} INFO - Processing /home/airflow/.local/lib/python3.6/site-packages/airflow/example_dags/example_time_delta_sensor_async.py took 0.107 seconds
[2021-10-16 23:43:52,696] {processor.py:163} INFO - Started process (PID=1423) to work on /home/airflow/.local/lib/python3.6/site-packages/airflow/example_dags/example_time_delta_sensor_async.py
[2021-10-16 23:43:52,697] {processor.py:620} INFO - Processing file /home/airflow/.local/lib/python3.6/site-packages/airflow/example_dags/example_time_delta_sensor_async.py for tasks to queue
[2021-10-16 23:43:52,698] {logging_mixin.py:109} INFO - [2021-10-16 23:43:52,698] {dagbag.py:500} INFO - Filling up the DagBag from /home/airflow/.local/lib/python3.6/site-packages/airflow/example_dags/example_time_delta_sensor_async.py
[2021-10-16 23:43:52,726] {processor.py:632} INFO - DAG(s) dict_keys(['example_time_delta_sensor_async']) retrieved from /home/airflow/.local/lib/python3.6/site-packages/airflow/example_dags/example_time_delta_sensor_async.py
[2021-10-16 23:43:52,737] {logging_mixin.py:109} INFO - [2021-10-16 23:43:52,737] {dag.py:2389} INFO - Sync 1 DAGs
[2021-10-16 23:43:52,753] {logging_mixin.py:109} INFO - [2021-10-16 23:43:52,753] {dag.py:2914} INFO - Setting next_dagrun for example_time_delta_sensor_async to None
[2021-10-16 23:43:52,761] {processor.py:171} INFO - Processing /home/airflow/.local/lib/python3.6/site-packages/airflow/example_dags/example_time_delta_sensor_async.py took 0.068 seconds
[2021-10-16 23:44:22,944] {processor.py:163} INFO - Started process (PID=1489) to work on /home/airflow/.local/lib/python3.6/site-packages/airflow/example_dags/example_time_delta_sensor_async.py
[2021-10-16 23:44:22,945] {processor.py:620} INFO - Processing file /home/airflow/.local/lib/python3.6/site-packages/airflow/example_dags/example_time_delta_sensor_async.py for tasks to queue
[2021-10-16 23:44:22,945] {logging_mixin.py:109} INFO - [2021-10-16 23:44:22,945] {dagbag.py:500} INFO - Filling up the DagBag from /home/airflow/.local/lib/python3.6/site-packages/airflow/example_dags/example_time_delta_sensor_async.py
[2021-10-16 23:44:22,968] {processor.py:632} INFO - DAG(s) dict_keys(['example_time_delta_sensor_async']) retrieved from /home/airflow/.local/lib/python3.6/site-packages/airflow/example_dags/example_time_delta_sensor_async.py
[2021-10-16 23:44:22,977] {logging_mixin.py:109} INFO - [2021-10-16 23:44:22,977] {dag.py:2389} INFO - Sync 1 DAGs
[2021-10-16 23:44:22,991] {logging_mixin.py:109} INFO - [2021-10-16 23:44:22,990] {dag.py:2914} INFO - Setting next_dagrun for example_time_delta_sensor_async to None
[2021-10-16 23:44:22,998] {processor.py:171} INFO - Processing /home/airflow/.local/lib/python3.6/site-packages/airflow/example_dags/example_time_delta_sensor_async.py took 0.057 seconds
[2021-10-16 23:44:53,455] {processor.py:163} INFO - Started process (PID=1544) to work on /home/airflow/.local/lib/python3.6/site-packages/airflow/example_dags/example_time_delta_sensor_async.py
[2021-10-16 23:44:53,456] {processor.py:620} INFO - Processing file /home/airflow/.local/lib/python3.6/site-packages/airflow/example_dags/example_time_delta_sensor_async.py for tasks to queue
[2021-10-16 23:44:53,457] {logging_mixin.py:109} INFO - [2021-10-16 23:44:53,457] {dagbag.py:500} INFO - Filling up the DagBag from /home/airflow/.local/lib/python3.6/site-packages/airflow/example_dags/example_time_delta_sensor_async.py
[2021-10-16 23:44:53,480] {processor.py:632} INFO - DAG(s) dict_keys(['example_time_delta_sensor_async']) retrieved from /home/airflow/.local/lib/python3.6/site-packages/airflow/example_dags/example_time_delta_sensor_async.py
[2021-10-16 23:44:53,489] {logging_mixin.py:109} INFO - [2021-10-16 23:44:53,489] {dag.py:2389} INFO - Sync 1 DAGs
[2021-10-16 23:44:53,504] {logging_mixin.py:109} INFO - [2021-10-16 23:44:53,503] {dag.py:2914} INFO - Setting next_dagrun for example_time_delta_sensor_async to None
[2021-10-16 23:44:53,512] {processor.py:171} INFO - Processing /home/airflow/.local/lib/python3.6/site-packages/airflow/example_dags/example_time_delta_sensor_async.py took 0.060 seconds
[2021-10-16 23:45:23,935] {processor.py:163} INFO - Started process (PID=1599) to work on /home/airflow/.local/lib/python3.6/site-packages/airflow/example_dags/example_time_delta_sensor_async.py
[2021-10-16 23:45:23,937] {processor.py:620} INFO - Processing file /home/airflow/.local/lib/python3.6/site-packages/airflow/example_dags/example_time_delta_sensor_async.py for tasks to queue
[2021-10-16 23:45:23,938] {logging_mixin.py:109} INFO - [2021-10-16 23:45:23,938] {dagbag.py:500} INFO - Filling up the DagBag from /home/airflow/.local/lib/python3.6/site-packages/airflow/example_dags/example_time_delta_sensor_async.py
[2021-10-16 23:45:23,979] {processor.py:632} INFO - DAG(s) dict_keys(['example_time_delta_sensor_async']) retrieved from /home/airflow/.local/lib/python3.6/site-packages/airflow/example_dags/example_time_delta_sensor_async.py
[2021-10-16 23:45:23,994] {logging_mixin.py:109} INFO - [2021-10-16 23:45:23,994] {dag.py:2389} INFO - Sync 1 DAGs
[2021-10-16 23:45:24,018] {logging_mixin.py:109} INFO - [2021-10-16 23:45:24,018] {dag.py:2914} INFO - Setting next_dagrun for example_time_delta_sensor_async to None
[2021-10-16 23:45:24,029] {processor.py:171} INFO - Processing /home/airflow/.local/lib/python3.6/site-packages/airflow/example_dags/example_time_delta_sensor_async.py took 0.098 seconds
[2021-10-16 23:45:54,315] {processor.py:163} INFO - Started process (PID=1665) to work on /home/airflow/.local/lib/python3.6/site-packages/airflow/example_dags/example_time_delta_sensor_async.py
[2021-10-16 23:45:54,316] {processor.py:620} INFO - Processing file /home/airflow/.local/lib/python3.6/site-packages/airflow/example_dags/example_time_delta_sensor_async.py for tasks to queue
[2021-10-16 23:45:54,317] {logging_mixin.py:109} INFO - [2021-10-16 23:45:54,317] {dagbag.py:500} INFO - Filling up the DagBag from /home/airflow/.local/lib/python3.6/site-packages/airflow/example_dags/example_time_delta_sensor_async.py
[2021-10-16 23:45:54,338] {processor.py:632} INFO - DAG(s) dict_keys(['example_time_delta_sensor_async']) retrieved from /home/airflow/.local/lib/python3.6/site-packages/airflow/example_dags/example_time_delta_sensor_async.py
[2021-10-16 23:45:54,347] {logging_mixin.py:109} INFO - [2021-10-16 23:45:54,347] {dag.py:2389} INFO - Sync 1 DAGs
[2021-10-16 23:45:54,361] {logging_mixin.py:109} INFO - [2021-10-16 23:45:54,361] {dag.py:2914} INFO - Setting next_dagrun for example_time_delta_sensor_async to None
[2021-10-16 23:45:54,369] {processor.py:171} INFO - Processing /home/airflow/.local/lib/python3.6/site-packages/airflow/example_dags/example_time_delta_sensor_async.py took 0.056 seconds
[2021-10-16 23:46:24,730] {processor.py:163} INFO - Started process (PID=1720) to work on /home/airflow/.local/lib/python3.6/site-packages/airflow/example_dags/example_time_delta_sensor_async.py
[2021-10-16 23:46:24,731] {processor.py:620} INFO - Processing file /home/airflow/.local/lib/python3.6/site-packages/airflow/example_dags/example_time_delta_sensor_async.py for tasks to queue
[2021-10-16 23:46:24,731] {logging_mixin.py:109} INFO - [2021-10-16 23:46:24,731] {dagbag.py:500} INFO - Filling up the DagBag from /home/airflow/.local/lib/python3.6/site-packages/airflow/example_dags/example_time_delta_sensor_async.py
[2021-10-16 23:46:24,758] {processor.py:632} INFO - DAG(s) dict_keys(['example_time_delta_sensor_async']) retrieved from /home/airflow/.local/lib/python3.6/site-packages/airflow/example_dags/example_time_delta_sensor_async.py
[2021-10-16 23:46:24,771] {logging_mixin.py:109} INFO - [2021-10-16 23:46:24,771] {dag.py:2389} INFO - Sync 1 DAGs
[2021-10-16 23:46:24,803] {logging_mixin.py:109} INFO - [2021-10-16 23:46:24,802] {dag.py:2914} INFO - Setting next_dagrun for example_time_delta_sensor_async to None
[2021-10-16 23:46:24,822] {processor.py:171} INFO - Processing /home/airflow/.local/lib/python3.6/site-packages/airflow/example_dags/example_time_delta_sensor_async.py took 0.095 seconds
[2021-10-16 23:46:55,154] {processor.py:163} INFO - Started process (PID=1786) to work on /home/airflow/.local/lib/python3.6/site-packages/airflow/example_dags/example_time_delta_sensor_async.py
[2021-10-16 23:46:55,155] {processor.py:620} INFO - Processing file /home/airflow/.local/lib/python3.6/site-packages/airflow/example_dags/example_time_delta_sensor_async.py for tasks to queue
[2021-10-16 23:46:55,156] {logging_mixin.py:109} INFO - [2021-10-16 23:46:55,156] {dagbag.py:500} INFO - Filling up the DagBag from /home/airflow/.local/lib/python3.6/site-packages/airflow/example_dags/example_time_delta_sensor_async.py
[2021-10-16 23:46:55,183] {processor.py:632} INFO - DAG(s) dict_keys(['example_time_delta_sensor_async']) retrieved from /home/airflow/.local/lib/python3.6/site-packages/airflow/example_dags/example_time_delta_sensor_async.py
[2021-10-16 23:46:55,194] {logging_mixin.py:109} INFO - [2021-10-16 23:46:55,194] {dag.py:2389} INFO - Sync 1 DAGs
[2021-10-16 23:46:55,212] {logging_mixin.py:109} INFO - [2021-10-16 23:46:55,212] {dag.py:2914} INFO - Setting next_dagrun for example_time_delta_sensor_async to None
[2021-10-16 23:46:55,225] {processor.py:171} INFO - Processing /home/airflow/.local/lib/python3.6/site-packages/airflow/example_dags/example_time_delta_sensor_async.py took 0.073 seconds
[2021-10-16 23:47:25,896] {processor.py:163} INFO - Started process (PID=1842) to work on /home/airflow/.local/lib/python3.6/site-packages/airflow/example_dags/example_time_delta_sensor_async.py
[2021-10-16 23:47:25,897] {processor.py:620} INFO - Processing file /home/airflow/.local/lib/python3.6/site-packages/airflow/example_dags/example_time_delta_sensor_async.py for tasks to queue
[2021-10-16 23:47:25,898] {logging_mixin.py:109} INFO - [2021-10-16 23:47:25,898] {dagbag.py:500} INFO - Filling up the DagBag from /home/airflow/.local/lib/python3.6/site-packages/airflow/example_dags/example_time_delta_sensor_async.py
[2021-10-16 23:47:25,922] {processor.py:632} INFO - DAG(s) dict_keys(['example_time_delta_sensor_async']) retrieved from /home/airflow/.local/lib/python3.6/site-packages/airflow/example_dags/example_time_delta_sensor_async.py
[2021-10-16 23:47:25,931] {logging_mixin.py:109} INFO - [2021-10-16 23:47:25,931] {dag.py:2389} INFO - Sync 1 DAGs
[2021-10-16 23:47:25,946] {logging_mixin.py:109} INFO - [2021-10-16 23:47:25,946] {dag.py:2914} INFO - Setting next_dagrun for example_time_delta_sensor_async to None
[2021-10-16 23:47:25,953] {processor.py:171} INFO - Processing /home/airflow/.local/lib/python3.6/site-packages/airflow/example_dags/example_time_delta_sensor_async.py took 0.059 seconds
[2021-10-16 23:47:56,008] {processor.py:163} INFO - Started process (PID=1897) to work on /home/airflow/.local/lib/python3.6/site-packages/airflow/example_dags/example_time_delta_sensor_async.py
[2021-10-16 23:47:56,009] {processor.py:620} INFO - Processing file /home/airflow/.local/lib/python3.6/site-packages/airflow/example_dags/example_time_delta_sensor_async.py for tasks to queue
[2021-10-16 23:47:56,009] {logging_mixin.py:109} INFO - [2021-10-16 23:47:56,009] {dagbag.py:500} INFO - Filling up the DagBag from /home/airflow/.local/lib/python3.6/site-packages/airflow/example_dags/example_time_delta_sensor_async.py
[2021-10-16 23:47:56,031] {processor.py:632} INFO - DAG(s) dict_keys(['example_time_delta_sensor_async']) retrieved from /home/airflow/.local/lib/python3.6/site-packages/airflow/example_dags/example_time_delta_sensor_async.py
[2021-10-16 23:47:56,041] {logging_mixin.py:109} INFO - [2021-10-16 23:47:56,040] {dag.py:2389} INFO - Sync 1 DAGs
[2021-10-16 23:47:56,055] {logging_mixin.py:109} INFO - [2021-10-16 23:47:56,055] {dag.py:2914} INFO - Setting next_dagrun for example_time_delta_sensor_async to None
[2021-10-16 23:47:56,063] {processor.py:171} INFO - Processing /home/airflow/.local/lib/python3.6/site-packages/airflow/example_dags/example_time_delta_sensor_async.py took 0.057 seconds
[2021-10-16 23:48:26,139] {processor.py:163} INFO - Started process (PID=1962) to work on /home/airflow/.local/lib/python3.6/site-packages/airflow/example_dags/example_time_delta_sensor_async.py
[2021-10-16 23:48:26,140] {processor.py:620} INFO - Processing file /home/airflow/.local/lib/python3.6/site-packages/airflow/example_dags/example_time_delta_sensor_async.py for tasks to queue
[2021-10-16 23:48:26,140] {logging_mixin.py:109} INFO - [2021-10-16 23:48:26,140] {dagbag.py:500} INFO - Filling up the DagBag from /home/airflow/.local/lib/python3.6/site-packages/airflow/example_dags/example_time_delta_sensor_async.py
[2021-10-16 23:48:26,162] {processor.py:632} INFO - DAG(s) dict_keys(['example_time_delta_sensor_async']) retrieved from /home/airflow/.local/lib/python3.6/site-packages/airflow/example_dags/example_time_delta_sensor_async.py
[2021-10-16 23:48:26,171] {logging_mixin.py:109} INFO - [2021-10-16 23:48:26,171] {dag.py:2389} INFO - Sync 1 DAGs
[2021-10-16 23:48:26,185] {logging_mixin.py:109} INFO - [2021-10-16 23:48:26,184] {dag.py:2914} INFO - Setting next_dagrun for example_time_delta_sensor_async to None
[2021-10-16 23:48:26,192] {processor.py:171} INFO - Processing /home/airflow/.local/lib/python3.6/site-packages/airflow/example_dags/example_time_delta_sensor_async.py took 0.056 seconds
[2021-10-16 23:48:56,422] {processor.py:163} INFO - Started process (PID=2017) to work on /home/airflow/.local/lib/python3.6/site-packages/airflow/example_dags/example_time_delta_sensor_async.py
[2021-10-16 23:48:56,423] {processor.py:620} INFO - Processing file /home/airflow/.local/lib/python3.6/site-packages/airflow/example_dags/example_time_delta_sensor_async.py for tasks to queue
[2021-10-16 23:48:56,424] {logging_mixin.py:109} INFO - [2021-10-16 23:48:56,424] {dagbag.py:500} INFO - Filling up the DagBag from /home/airflow/.local/lib/python3.6/site-packages/airflow/example_dags/example_time_delta_sensor_async.py
[2021-10-16 23:48:56,446] {processor.py:632} INFO - DAG(s) dict_keys(['example_time_delta_sensor_async']) retrieved from /home/airflow/.local/lib/python3.6/site-packages/airflow/example_dags/example_time_delta_sensor_async.py
[2021-10-16 23:48:56,455] {logging_mixin.py:109} INFO - [2021-10-16 23:48:56,454] {dag.py:2389} INFO - Sync 1 DAGs
[2021-10-16 23:48:56,469] {logging_mixin.py:109} INFO - [2021-10-16 23:48:56,469] {dag.py:2914} INFO - Setting next_dagrun for example_time_delta_sensor_async to None
[2021-10-16 23:48:56,477] {processor.py:171} INFO - Processing /home/airflow/.local/lib/python3.6/site-packages/airflow/example_dags/example_time_delta_sensor_async.py took 0.057 seconds
[2021-10-16 23:49:26,854] {processor.py:163} INFO - Started process (PID=2083) to work on /home/airflow/.local/lib/python3.6/site-packages/airflow/example_dags/example_time_delta_sensor_async.py
[2021-10-16 23:49:26,855] {processor.py:620} INFO - Processing file /home/airflow/.local/lib/python3.6/site-packages/airflow/example_dags/example_time_delta_sensor_async.py for tasks to queue
[2021-10-16 23:49:26,856] {logging_mixin.py:109} INFO - [2021-10-16 23:49:26,856] {dagbag.py:500} INFO - Filling up the DagBag from /home/airflow/.local/lib/python3.6/site-packages/airflow/example_dags/example_time_delta_sensor_async.py
[2021-10-16 23:49:26,890] {processor.py:632} INFO - DAG(s) dict_keys(['example_time_delta_sensor_async']) retrieved from /home/airflow/.local/lib/python3.6/site-packages/airflow/example_dags/example_time_delta_sensor_async.py
[2021-10-16 23:49:26,905] {logging_mixin.py:109} INFO - [2021-10-16 23:49:26,905] {dag.py:2389} INFO - Sync 1 DAGs
[2021-10-16 23:49:26,929] {logging_mixin.py:109} INFO - [2021-10-16 23:49:26,929] {dag.py:2914} INFO - Setting next_dagrun for example_time_delta_sensor_async to None
[2021-10-16 23:49:26,943] {processor.py:171} INFO - Processing /home/airflow/.local/lib/python3.6/site-packages/airflow/example_dags/example_time_delta_sensor_async.py took 0.094 seconds
[2021-10-16 23:49:56,969] {processor.py:163} INFO - Started process (PID=2139) to work on /home/airflow/.local/lib/python3.6/site-packages/airflow/example_dags/example_time_delta_sensor_async.py
[2021-10-16 23:49:56,970] {processor.py:620} INFO - Processing file /home/airflow/.local/lib/python3.6/site-packages/airflow/example_dags/example_time_delta_sensor_async.py for tasks to queue
[2021-10-16 23:49:56,971] {logging_mixin.py:109} INFO - [2021-10-16 23:49:56,971] {dagbag.py:500} INFO - Filling up the DagBag from /home/airflow/.local/lib/python3.6/site-packages/airflow/example_dags/example_time_delta_sensor_async.py
[2021-10-16 23:49:57,001] {processor.py:632} INFO - DAG(s) dict_keys(['example_time_delta_sensor_async']) retrieved from /home/airflow/.local/lib/python3.6/site-packages/airflow/example_dags/example_time_delta_sensor_async.py
[2021-10-16 23:49:57,012] {logging_mixin.py:109} INFO - [2021-10-16 23:49:57,012] {dag.py:2389} INFO - Sync 1 DAGs
[2021-10-16 23:49:57,028] {logging_mixin.py:109} INFO - [2021-10-16 23:49:57,028] {dag.py:2914} INFO - Setting next_dagrun for example_time_delta_sensor_async to None
[2021-10-16 23:49:57,037] {processor.py:171} INFO - Processing /home/airflow/.local/lib/python3.6/site-packages/airflow/example_dags/example_time_delta_sensor_async.py took 0.072 seconds
[2021-10-16 23:50:27,472] {processor.py:163} INFO - Started process (PID=2195) to work on /home/airflow/.local/lib/python3.6/site-packages/airflow/example_dags/example_time_delta_sensor_async.py
[2021-10-16 23:50:27,473] {processor.py:620} INFO - Processing file /home/airflow/.local/lib/python3.6/site-packages/airflow/example_dags/example_time_delta_sensor_async.py for tasks to queue
[2021-10-16 23:50:27,473] {logging_mixin.py:109} INFO - [2021-10-16 23:50:27,473] {dagbag.py:500} INFO - Filling up the DagBag from /home/airflow/.local/lib/python3.6/site-packages/airflow/example_dags/example_time_delta_sensor_async.py
[2021-10-16 23:50:27,495] {processor.py:632} INFO - DAG(s) dict_keys(['example_time_delta_sensor_async']) retrieved from /home/airflow/.local/lib/python3.6/site-packages/airflow/example_dags/example_time_delta_sensor_async.py
[2021-10-16 23:50:27,503] {logging_mixin.py:109} INFO - [2021-10-16 23:50:27,503] {dag.py:2389} INFO - Sync 1 DAGs
[2021-10-16 23:50:27,517] {logging_mixin.py:109} INFO - [2021-10-16 23:50:27,517] {dag.py:2914} INFO - Setting next_dagrun for example_time_delta_sensor_async to None
[2021-10-16 23:50:27,529] {processor.py:171} INFO - Processing /home/airflow/.local/lib/python3.6/site-packages/airflow/example_dags/example_time_delta_sensor_async.py took 0.060 seconds
[2021-10-16 23:50:58,514] {processor.py:163} INFO - Started process (PID=2260) to work on /home/airflow/.local/lib/python3.6/site-packages/airflow/example_dags/example_time_delta_sensor_async.py
[2021-10-16 23:50:58,515] {processor.py:620} INFO - Processing file /home/airflow/.local/lib/python3.6/site-packages/airflow/example_dags/example_time_delta_sensor_async.py for tasks to queue
[2021-10-16 23:50:58,515] {logging_mixin.py:109} INFO - [2021-10-16 23:50:58,515] {dagbag.py:500} INFO - Filling up the DagBag from /home/airflow/.local/lib/python3.6/site-packages/airflow/example_dags/example_time_delta_sensor_async.py
[2021-10-16 23:50:58,538] {processor.py:632} INFO - DAG(s) dict_keys(['example_time_delta_sensor_async']) retrieved from /home/airflow/.local/lib/python3.6/site-packages/airflow/example_dags/example_time_delta_sensor_async.py
[2021-10-16 23:50:58,547] {logging_mixin.py:109} INFO - [2021-10-16 23:50:58,547] {dag.py:2389} INFO - Sync 1 DAGs
[2021-10-16 23:50:58,561] {logging_mixin.py:109} INFO - [2021-10-16 23:50:58,561] {dag.py:2914} INFO - Setting next_dagrun for example_time_delta_sensor_async to None
[2021-10-16 23:50:58,569] {processor.py:171} INFO - Processing /home/airflow/.local/lib/python3.6/site-packages/airflow/example_dags/example_time_delta_sensor_async.py took 0.058 seconds
[2021-10-16 23:51:29,310] {processor.py:163} INFO - Started process (PID=2315) to work on /home/airflow/.local/lib/python3.6/site-packages/airflow/example_dags/example_time_delta_sensor_async.py
[2021-10-16 23:51:29,311] {processor.py:620} INFO - Processing file /home/airflow/.local/lib/python3.6/site-packages/airflow/example_dags/example_time_delta_sensor_async.py for tasks to queue
[2021-10-16 23:51:29,312] {logging_mixin.py:109} INFO - [2021-10-16 23:51:29,312] {dagbag.py:500} INFO - Filling up the DagBag from /home/airflow/.local/lib/python3.6/site-packages/airflow/example_dags/example_time_delta_sensor_async.py
[2021-10-16 23:51:29,336] {processor.py:632} INFO - DAG(s) dict_keys(['example_time_delta_sensor_async']) retrieved from /home/airflow/.local/lib/python3.6/site-packages/airflow/example_dags/example_time_delta_sensor_async.py
[2021-10-16 23:51:29,345] {logging_mixin.py:109} INFO - [2021-10-16 23:51:29,345] {dag.py:2389} INFO - Sync 1 DAGs
[2021-10-16 23:51:29,360] {logging_mixin.py:109} INFO - [2021-10-16 23:51:29,360] {dag.py:2914} INFO - Setting next_dagrun for example_time_delta_sensor_async to None
[2021-10-16 23:51:29,367] {processor.py:171} INFO - Processing /home/airflow/.local/lib/python3.6/site-packages/airflow/example_dags/example_time_delta_sensor_async.py took 0.060 seconds
[2021-10-16 23:51:59,469] {processor.py:163} INFO - Started process (PID=2382) to work on /home/airflow/.local/lib/python3.6/site-packages/airflow/example_dags/example_time_delta_sensor_async.py
[2021-10-16 23:51:59,470] {processor.py:620} INFO - Processing file /home/airflow/.local/lib/python3.6/site-packages/airflow/example_dags/example_time_delta_sensor_async.py for tasks to queue
[2021-10-16 23:51:59,470] {logging_mixin.py:109} INFO - [2021-10-16 23:51:59,470] {dagbag.py:500} INFO - Filling up the DagBag from /home/airflow/.local/lib/python3.6/site-packages/airflow/example_dags/example_time_delta_sensor_async.py
[2021-10-16 23:51:59,492] {processor.py:632} INFO - DAG(s) dict_keys(['example_time_delta_sensor_async']) retrieved from /home/airflow/.local/lib/python3.6/site-packages/airflow/example_dags/example_time_delta_sensor_async.py
[2021-10-16 23:51:59,501] {logging_mixin.py:109} INFO - [2021-10-16 23:51:59,501] {dag.py:2389} INFO - Sync 1 DAGs
[2021-10-16 23:51:59,515] {logging_mixin.py:109} INFO - [2021-10-16 23:51:59,515] {dag.py:2914} INFO - Setting next_dagrun for example_time_delta_sensor_async to None
[2021-10-16 23:51:59,523] {processor.py:171} INFO - Processing /home/airflow/.local/lib/python3.6/site-packages/airflow/example_dags/example_time_delta_sensor_async.py took 0.056 seconds
[2021-10-16 23:52:29,830] {processor.py:163} INFO - Started process (PID=2437) to work on /home/airflow/.local/lib/python3.6/site-packages/airflow/example_dags/example_time_delta_sensor_async.py
[2021-10-16 23:52:29,832] {processor.py:620} INFO - Processing file /home/airflow/.local/lib/python3.6/site-packages/airflow/example_dags/example_time_delta_sensor_async.py for tasks to queue
[2021-10-16 23:52:29,833] {logging_mixin.py:109} INFO - [2021-10-16 23:52:29,833] {dagbag.py:500} INFO - Filling up the DagBag from /home/airflow/.local/lib/python3.6/site-packages/airflow/example_dags/example_time_delta_sensor_async.py
[2021-10-16 23:52:29,874] {processor.py:632} INFO - DAG(s) dict_keys(['example_time_delta_sensor_async']) retrieved from /home/airflow/.local/lib/python3.6/site-packages/airflow/example_dags/example_time_delta_sensor_async.py
[2021-10-16 23:52:29,895] {logging_mixin.py:109} INFO - [2021-10-16 23:52:29,895] {dag.py:2389} INFO - Sync 1 DAGs
[2021-10-16 23:52:29,922] {logging_mixin.py:109} INFO - [2021-10-16 23:52:29,921] {dag.py:2914} INFO - Setting next_dagrun for example_time_delta_sensor_async to None
[2021-10-16 23:52:29,935] {processor.py:171} INFO - Processing /home/airflow/.local/lib/python3.6/site-packages/airflow/example_dags/example_time_delta_sensor_async.py took 0.110 seconds
[2021-10-16 23:53:00,357] {processor.py:163} INFO - Started process (PID=2493) to work on /home/airflow/.local/lib/python3.6/site-packages/airflow/example_dags/example_time_delta_sensor_async.py
[2021-10-16 23:53:00,358] {processor.py:620} INFO - Processing file /home/airflow/.local/lib/python3.6/site-packages/airflow/example_dags/example_time_delta_sensor_async.py for tasks to queue
[2021-10-16 23:53:00,359] {logging_mixin.py:109} INFO - [2021-10-16 23:53:00,359] {dagbag.py:500} INFO - Filling up the DagBag from /home/airflow/.local/lib/python3.6/site-packages/airflow/example_dags/example_time_delta_sensor_async.py
[2021-10-16 23:53:00,393] {processor.py:632} INFO - DAG(s) dict_keys(['example_time_delta_sensor_async']) retrieved from /home/airflow/.local/lib/python3.6/site-packages/airflow/example_dags/example_time_delta_sensor_async.py
[2021-10-16 23:53:00,407] {logging_mixin.py:109} INFO - [2021-10-16 23:53:00,407] {dag.py:2389} INFO - Sync 1 DAGs
[2021-10-16 23:53:00,429] {logging_mixin.py:109} INFO - [2021-10-16 23:53:00,429] {dag.py:2914} INFO - Setting next_dagrun for example_time_delta_sensor_async to None
[2021-10-16 23:53:00,439] {processor.py:171} INFO - Processing /home/airflow/.local/lib/python3.6/site-packages/airflow/example_dags/example_time_delta_sensor_async.py took 0.085 seconds
[2021-10-16 23:53:30,752] {processor.py:163} INFO - Started process (PID=2561) to work on /home/airflow/.local/lib/python3.6/site-packages/airflow/example_dags/example_time_delta_sensor_async.py
[2021-10-16 23:53:30,754] {processor.py:620} INFO - Processing file /home/airflow/.local/lib/python3.6/site-packages/airflow/example_dags/example_time_delta_sensor_async.py for tasks to queue
[2021-10-16 23:53:30,754] {logging_mixin.py:109} INFO - [2021-10-16 23:53:30,754] {dagbag.py:500} INFO - Filling up the DagBag from /home/airflow/.local/lib/python3.6/site-packages/airflow/example_dags/example_time_delta_sensor_async.py
[2021-10-16 23:53:30,784] {processor.py:632} INFO - DAG(s) dict_keys(['example_time_delta_sensor_async']) retrieved from /home/airflow/.local/lib/python3.6/site-packages/airflow/example_dags/example_time_delta_sensor_async.py
[2021-10-16 23:53:30,796] {logging_mixin.py:109} INFO - [2021-10-16 23:53:30,796] {dag.py:2389} INFO - Sync 1 DAGs
[2021-10-16 23:53:30,814] {logging_mixin.py:109} INFO - [2021-10-16 23:53:30,814] {dag.py:2914} INFO - Setting next_dagrun for example_time_delta_sensor_async to None
[2021-10-16 23:53:30,823] {processor.py:171} INFO - Processing /home/airflow/.local/lib/python3.6/site-packages/airflow/example_dags/example_time_delta_sensor_async.py took 0.074 seconds
[2021-10-16 23:54:01,019] {processor.py:163} INFO - Started process (PID=2616) to work on /home/airflow/.local/lib/python3.6/site-packages/airflow/example_dags/example_time_delta_sensor_async.py
[2021-10-16 23:54:01,021] {processor.py:620} INFO - Processing file /home/airflow/.local/lib/python3.6/site-packages/airflow/example_dags/example_time_delta_sensor_async.py for tasks to queue
[2021-10-16 23:54:01,022] {logging_mixin.py:109} INFO - [2021-10-16 23:54:01,022] {dagbag.py:500} INFO - Filling up the DagBag from /home/airflow/.local/lib/python3.6/site-packages/airflow/example_dags/example_time_delta_sensor_async.py
[2021-10-16 23:54:01,064] {processor.py:632} INFO - DAG(s) dict_keys(['example_time_delta_sensor_async']) retrieved from /home/airflow/.local/lib/python3.6/site-packages/airflow/example_dags/example_time_delta_sensor_async.py
[2021-10-16 23:54:01,088] {logging_mixin.py:109} INFO - [2021-10-16 23:54:01,088] {dag.py:2389} INFO - Sync 1 DAGs
[2021-10-16 23:54:01,118] {logging_mixin.py:109} INFO - [2021-10-16 23:54:01,118] {dag.py:2914} INFO - Setting next_dagrun for example_time_delta_sensor_async to None
[2021-10-16 23:54:01,133] {processor.py:171} INFO - Processing /home/airflow/.local/lib/python3.6/site-packages/airflow/example_dags/example_time_delta_sensor_async.py took 0.120 seconds
[2021-10-16 23:54:31,252] {processor.py:163} INFO - Started process (PID=2671) to work on /home/airflow/.local/lib/python3.6/site-packages/airflow/example_dags/example_time_delta_sensor_async.py
[2021-10-16 23:54:31,253] {processor.py:620} INFO - Processing file /home/airflow/.local/lib/python3.6/site-packages/airflow/example_dags/example_time_delta_sensor_async.py for tasks to queue
[2021-10-16 23:54:31,254] {logging_mixin.py:109} INFO - [2021-10-16 23:54:31,254] {dagbag.py:500} INFO - Filling up the DagBag from /home/airflow/.local/lib/python3.6/site-packages/airflow/example_dags/example_time_delta_sensor_async.py
[2021-10-16 23:54:31,282] {processor.py:632} INFO - DAG(s) dict_keys(['example_time_delta_sensor_async']) retrieved from /home/airflow/.local/lib/python3.6/site-packages/airflow/example_dags/example_time_delta_sensor_async.py
[2021-10-16 23:54:31,293] {logging_mixin.py:109} INFO - [2021-10-16 23:54:31,293] {dag.py:2389} INFO - Sync 1 DAGs
[2021-10-16 23:54:31,310] {logging_mixin.py:109} INFO - [2021-10-16 23:54:31,310] {dag.py:2914} INFO - Setting next_dagrun for example_time_delta_sensor_async to None
[2021-10-16 23:54:31,319] {processor.py:171} INFO - Processing /home/airflow/.local/lib/python3.6/site-packages/airflow/example_dags/example_time_delta_sensor_async.py took 0.070 seconds
[2021-10-16 23:55:01,657] {processor.py:163} INFO - Started process (PID=2738) to work on /home/airflow/.local/lib/python3.6/site-packages/airflow/example_dags/example_time_delta_sensor_async.py
[2021-10-16 23:55:01,658] {processor.py:620} INFO - Processing file /home/airflow/.local/lib/python3.6/site-packages/airflow/example_dags/example_time_delta_sensor_async.py for tasks to queue
[2021-10-16 23:55:01,659] {logging_mixin.py:109} INFO - [2021-10-16 23:55:01,658] {dagbag.py:500} INFO - Filling up the DagBag from /home/airflow/.local/lib/python3.6/site-packages/airflow/example_dags/example_time_delta_sensor_async.py
[2021-10-16 23:55:01,681] {processor.py:632} INFO - DAG(s) dict_keys(['example_time_delta_sensor_async']) retrieved from /home/airflow/.local/lib/python3.6/site-packages/airflow/example_dags/example_time_delta_sensor_async.py
[2021-10-16 23:55:01,690] {logging_mixin.py:109} INFO - [2021-10-16 23:55:01,690] {dag.py:2389} INFO - Sync 1 DAGs
[2021-10-16 23:55:01,704] {logging_mixin.py:109} INFO - [2021-10-16 23:55:01,704] {dag.py:2914} INFO - Setting next_dagrun for example_time_delta_sensor_async to None
[2021-10-16 23:55:01,712] {processor.py:171} INFO - Processing /home/airflow/.local/lib/python3.6/site-packages/airflow/example_dags/example_time_delta_sensor_async.py took 0.058 seconds
[2021-10-16 23:55:31,936] {processor.py:163} INFO - Started process (PID=2795) to work on /home/airflow/.local/lib/python3.6/site-packages/airflow/example_dags/example_time_delta_sensor_async.py
[2021-10-16 23:55:31,937] {processor.py:620} INFO - Processing file /home/airflow/.local/lib/python3.6/site-packages/airflow/example_dags/example_time_delta_sensor_async.py for tasks to queue
[2021-10-16 23:55:31,938] {logging_mixin.py:109} INFO - [2021-10-16 23:55:31,938] {dagbag.py:500} INFO - Filling up the DagBag from /home/airflow/.local/lib/python3.6/site-packages/airflow/example_dags/example_time_delta_sensor_async.py
[2021-10-16 23:55:31,960] {processor.py:632} INFO - DAG(s) dict_keys(['example_time_delta_sensor_async']) retrieved from /home/airflow/.local/lib/python3.6/site-packages/airflow/example_dags/example_time_delta_sensor_async.py
[2021-10-16 23:55:31,970] {logging_mixin.py:109} INFO - [2021-10-16 23:55:31,970] {dag.py:2389} INFO - Sync 1 DAGs
[2021-10-16 23:55:31,984] {logging_mixin.py:109} INFO - [2021-10-16 23:55:31,984] {dag.py:2914} INFO - Setting next_dagrun for example_time_delta_sensor_async to None
[2021-10-16 23:55:31,993] {processor.py:171} INFO - Processing /home/airflow/.local/lib/python3.6/site-packages/airflow/example_dags/example_time_delta_sensor_async.py took 0.059 seconds
[2021-10-16 23:56:02,265] {processor.py:163} INFO - Started process (PID=2851) to work on /home/airflow/.local/lib/python3.6/site-packages/airflow/example_dags/example_time_delta_sensor_async.py
[2021-10-16 23:56:02,267] {processor.py:620} INFO - Processing file /home/airflow/.local/lib/python3.6/site-packages/airflow/example_dags/example_time_delta_sensor_async.py for tasks to queue
[2021-10-16 23:56:02,268] {logging_mixin.py:109} INFO - [2021-10-16 23:56:02,268] {dagbag.py:500} INFO - Filling up the DagBag from /home/airflow/.local/lib/python3.6/site-packages/airflow/example_dags/example_time_delta_sensor_async.py
[2021-10-16 23:56:02,306] {processor.py:632} INFO - DAG(s) dict_keys(['example_time_delta_sensor_async']) retrieved from /home/airflow/.local/lib/python3.6/site-packages/airflow/example_dags/example_time_delta_sensor_async.py
[2021-10-16 23:56:02,323] {logging_mixin.py:109} INFO - [2021-10-16 23:56:02,322] {dag.py:2389} INFO - Sync 1 DAGs
[2021-10-16 23:56:02,349] {logging_mixin.py:109} INFO - [2021-10-16 23:56:02,348] {dag.py:2914} INFO - Setting next_dagrun for example_time_delta_sensor_async to None
[2021-10-16 23:56:02,364] {processor.py:171} INFO - Processing /home/airflow/.local/lib/python3.6/site-packages/airflow/example_dags/example_time_delta_sensor_async.py took 0.103 seconds
[2021-10-16 23:56:33,259] {processor.py:163} INFO - Started process (PID=2918) to work on /home/airflow/.local/lib/python3.6/site-packages/airflow/example_dags/example_time_delta_sensor_async.py
[2021-10-16 23:56:33,260] {processor.py:620} INFO - Processing file /home/airflow/.local/lib/python3.6/site-packages/airflow/example_dags/example_time_delta_sensor_async.py for tasks to queue
[2021-10-16 23:56:33,261] {logging_mixin.py:109} INFO - [2021-10-16 23:56:33,260] {dagbag.py:500} INFO - Filling up the DagBag from /home/airflow/.local/lib/python3.6/site-packages/airflow/example_dags/example_time_delta_sensor_async.py
[2021-10-16 23:56:33,284] {processor.py:632} INFO - DAG(s) dict_keys(['example_time_delta_sensor_async']) retrieved from /home/airflow/.local/lib/python3.6/site-packages/airflow/example_dags/example_time_delta_sensor_async.py
[2021-10-16 23:56:33,293] {logging_mixin.py:109} INFO - [2021-10-16 23:56:33,293] {dag.py:2389} INFO - Sync 1 DAGs
[2021-10-16 23:56:33,309] {logging_mixin.py:109} INFO - [2021-10-16 23:56:33,309] {dag.py:2914} INFO - Setting next_dagrun for example_time_delta_sensor_async to None
[2021-10-16 23:56:33,318] {processor.py:171} INFO - Processing /home/airflow/.local/lib/python3.6/site-packages/airflow/example_dags/example_time_delta_sensor_async.py took 0.062 seconds
[2021-10-16 23:57:03,416] {processor.py:163} INFO - Started process (PID=2973) to work on /home/airflow/.local/lib/python3.6/site-packages/airflow/example_dags/example_time_delta_sensor_async.py
[2021-10-16 23:57:03,418] {processor.py:620} INFO - Processing file /home/airflow/.local/lib/python3.6/site-packages/airflow/example_dags/example_time_delta_sensor_async.py for tasks to queue
[2021-10-16 23:57:03,419] {logging_mixin.py:109} INFO - [2021-10-16 23:57:03,419] {dagbag.py:500} INFO - Filling up the DagBag from /home/airflow/.local/lib/python3.6/site-packages/airflow/example_dags/example_time_delta_sensor_async.py
[2021-10-16 23:57:03,447] {processor.py:632} INFO - DAG(s) dict_keys(['example_time_delta_sensor_async']) retrieved from /home/airflow/.local/lib/python3.6/site-packages/airflow/example_dags/example_time_delta_sensor_async.py
[2021-10-16 23:57:03,459] {logging_mixin.py:109} INFO - [2021-10-16 23:57:03,459] {dag.py:2389} INFO - Sync 1 DAGs
[2021-10-16 23:57:03,477] {logging_mixin.py:109} INFO - [2021-10-16 23:57:03,477] {dag.py:2914} INFO - Setting next_dagrun for example_time_delta_sensor_async to None
[2021-10-16 23:57:03,485] {processor.py:171} INFO - Processing /home/airflow/.local/lib/python3.6/site-packages/airflow/example_dags/example_time_delta_sensor_async.py took 0.072 seconds
[2021-10-16 23:57:33,952] {processor.py:163} INFO - Started process (PID=3029) to work on /home/airflow/.local/lib/python3.6/site-packages/airflow/example_dags/example_time_delta_sensor_async.py
[2021-10-16 23:57:33,953] {processor.py:620} INFO - Processing file /home/airflow/.local/lib/python3.6/site-packages/airflow/example_dags/example_time_delta_sensor_async.py for tasks to queue
[2021-10-16 23:57:33,954] {logging_mixin.py:109} INFO - [2021-10-16 23:57:33,954] {dagbag.py:500} INFO - Filling up the DagBag from /home/airflow/.local/lib/python3.6/site-packages/airflow/example_dags/example_time_delta_sensor_async.py
[2021-10-16 23:57:33,980] {processor.py:632} INFO - DAG(s) dict_keys(['example_time_delta_sensor_async']) retrieved from /home/airflow/.local/lib/python3.6/site-packages/airflow/example_dags/example_time_delta_sensor_async.py
[2021-10-16 23:57:33,992] {logging_mixin.py:109} INFO - [2021-10-16 23:57:33,992] {dag.py:2389} INFO - Sync 1 DAGs
[2021-10-16 23:57:34,008] {logging_mixin.py:109} INFO - [2021-10-16 23:57:34,008] {dag.py:2914} INFO - Setting next_dagrun for example_time_delta_sensor_async to None
[2021-10-16 23:57:34,018] {processor.py:171} INFO - Processing /home/airflow/.local/lib/python3.6/site-packages/airflow/example_dags/example_time_delta_sensor_async.py took 0.069 seconds
[2021-10-16 23:58:04,534] {processor.py:163} INFO - Started process (PID=3095) to work on /home/airflow/.local/lib/python3.6/site-packages/airflow/example_dags/example_time_delta_sensor_async.py
[2021-10-16 23:58:04,535] {processor.py:620} INFO - Processing file /home/airflow/.local/lib/python3.6/site-packages/airflow/example_dags/example_time_delta_sensor_async.py for tasks to queue
[2021-10-16 23:58:04,537] {logging_mixin.py:109} INFO - [2021-10-16 23:58:04,536] {dagbag.py:500} INFO - Filling up the DagBag from /home/airflow/.local/lib/python3.6/site-packages/airflow/example_dags/example_time_delta_sensor_async.py
[2021-10-16 23:58:04,578] {processor.py:632} INFO - DAG(s) dict_keys(['example_time_delta_sensor_async']) retrieved from /home/airflow/.local/lib/python3.6/site-packages/airflow/example_dags/example_time_delta_sensor_async.py
[2021-10-16 23:58:04,596] {logging_mixin.py:109} INFO - [2021-10-16 23:58:04,596] {dag.py:2389} INFO - Sync 1 DAGs
[2021-10-16 23:58:04,623] {logging_mixin.py:109} INFO - [2021-10-16 23:58:04,623] {dag.py:2914} INFO - Setting next_dagrun for example_time_delta_sensor_async to None
[2021-10-16 23:58:04,638] {processor.py:171} INFO - Processing /home/airflow/.local/lib/python3.6/site-packages/airflow/example_dags/example_time_delta_sensor_async.py took 0.108 seconds
[2021-10-16 23:58:35,605] {processor.py:163} INFO - Started process (PID=3152) to work on /home/airflow/.local/lib/python3.6/site-packages/airflow/example_dags/example_time_delta_sensor_async.py
[2021-10-16 23:58:35,607] {processor.py:620} INFO - Processing file /home/airflow/.local/lib/python3.6/site-packages/airflow/example_dags/example_time_delta_sensor_async.py for tasks to queue
[2021-10-16 23:58:35,608] {logging_mixin.py:109} INFO - [2021-10-16 23:58:35,608] {dagbag.py:500} INFO - Filling up the DagBag from /home/airflow/.local/lib/python3.6/site-packages/airflow/example_dags/example_time_delta_sensor_async.py
[2021-10-16 23:58:35,644] {processor.py:632} INFO - DAG(s) dict_keys(['example_time_delta_sensor_async']) retrieved from /home/airflow/.local/lib/python3.6/site-packages/airflow/example_dags/example_time_delta_sensor_async.py
[2021-10-16 23:58:35,656] {logging_mixin.py:109} INFO - [2021-10-16 23:58:35,656] {dag.py:2389} INFO - Sync 1 DAGs
[2021-10-16 23:58:35,677] {logging_mixin.py:109} INFO - [2021-10-16 23:58:35,676] {dag.py:2914} INFO - Setting next_dagrun for example_time_delta_sensor_async to None
[2021-10-16 23:58:35,687] {processor.py:171} INFO - Processing /home/airflow/.local/lib/python3.6/site-packages/airflow/example_dags/example_time_delta_sensor_async.py took 0.085 seconds
[2021-10-16 23:59:05,901] {processor.py:163} INFO - Started process (PID=3208) to work on /home/airflow/.local/lib/python3.6/site-packages/airflow/example_dags/example_time_delta_sensor_async.py
[2021-10-16 23:59:05,902] {processor.py:620} INFO - Processing file /home/airflow/.local/lib/python3.6/site-packages/airflow/example_dags/example_time_delta_sensor_async.py for tasks to queue
[2021-10-16 23:59:05,903] {logging_mixin.py:109} INFO - [2021-10-16 23:59:05,903] {dagbag.py:500} INFO - Filling up the DagBag from /home/airflow/.local/lib/python3.6/site-packages/airflow/example_dags/example_time_delta_sensor_async.py
[2021-10-16 23:59:05,929] {processor.py:632} INFO - DAG(s) dict_keys(['example_time_delta_sensor_async']) retrieved from /home/airflow/.local/lib/python3.6/site-packages/airflow/example_dags/example_time_delta_sensor_async.py
[2021-10-16 23:59:05,940] {logging_mixin.py:109} INFO - [2021-10-16 23:59:05,940] {dag.py:2389} INFO - Sync 1 DAGs
[2021-10-16 23:59:05,958] {logging_mixin.py:109} INFO - [2021-10-16 23:59:05,958] {dag.py:2914} INFO - Setting next_dagrun for example_time_delta_sensor_async to None
[2021-10-16 23:59:05,967] {processor.py:171} INFO - Processing /home/airflow/.local/lib/python3.6/site-packages/airflow/example_dags/example_time_delta_sensor_async.py took 0.069 seconds
[2021-10-16 23:59:36,594] {processor.py:163} INFO - Started process (PID=3274) to work on /home/airflow/.local/lib/python3.6/site-packages/airflow/example_dags/example_time_delta_sensor_async.py
[2021-10-16 23:59:36,596] {processor.py:620} INFO - Processing file /home/airflow/.local/lib/python3.6/site-packages/airflow/example_dags/example_time_delta_sensor_async.py for tasks to queue
[2021-10-16 23:59:36,596] {logging_mixin.py:109} INFO - [2021-10-16 23:59:36,596] {dagbag.py:500} INFO - Filling up the DagBag from /home/airflow/.local/lib/python3.6/site-packages/airflow/example_dags/example_time_delta_sensor_async.py
[2021-10-16 23:59:36,622] {processor.py:632} INFO - DAG(s) dict_keys(['example_time_delta_sensor_async']) retrieved from /home/airflow/.local/lib/python3.6/site-packages/airflow/example_dags/example_time_delta_sensor_async.py
[2021-10-16 23:59:36,631] {logging_mixin.py:109} INFO - [2021-10-16 23:59:36,631] {dag.py:2389} INFO - Sync 1 DAGs
[2021-10-16 23:59:36,646] {logging_mixin.py:109} INFO - [2021-10-16 23:59:36,646] {dag.py:2914} INFO - Setting next_dagrun for example_time_delta_sensor_async to None
[2021-10-16 23:59:36,653] {processor.py:171} INFO - Processing /home/airflow/.local/lib/python3.6/site-packages/airflow/example_dags/example_time_delta_sensor_async.py took 0.062 seconds
