[2021-10-16 23:32:11,028] {processor.py:163} INFO - Started process (PID=51) to work on /home/airflow/.local/lib/python3.6/site-packages/airflow/example_dags/example_latest_only_with_trigger.py
[2021-10-16 23:32:11,030] {processor.py:620} INFO - Processing file /home/airflow/.local/lib/python3.6/site-packages/airflow/example_dags/example_latest_only_with_trigger.py for tasks to queue
[2021-10-16 23:32:11,031] {logging_mixin.py:109} INFO - [2021-10-16 23:32:11,030] {dagbag.py:500} INFO - Filling up the DagBag from /home/airflow/.local/lib/python3.6/site-packages/airflow/example_dags/example_latest_only_with_trigger.py
[2021-10-16 23:32:11,072] {processor.py:632} INFO - DAG(s) dict_keys(['latest_only_with_trigger']) retrieved from /home/airflow/.local/lib/python3.6/site-packages/airflow/example_dags/example_latest_only_with_trigger.py
[2021-10-16 23:32:11,093] {logging_mixin.py:109} INFO - [2021-10-16 23:32:11,092] {dag.py:2389} INFO - Sync 1 DAGs
[2021-10-16 23:32:11,135] {logging_mixin.py:109} INFO - [2021-10-16 23:32:11,135] {dag.py:2914} INFO - Setting next_dagrun for latest_only_with_trigger to 2021-10-16T19:32:11.135371+00:00
[2021-10-16 23:32:11,158] {processor.py:171} INFO - Processing /home/airflow/.local/lib/python3.6/site-packages/airflow/example_dags/example_latest_only_with_trigger.py took 0.134 seconds
[2021-10-16 23:32:42,116] {processor.py:163} INFO - Started process (PID=107) to work on /home/airflow/.local/lib/python3.6/site-packages/airflow/example_dags/example_latest_only_with_trigger.py
[2021-10-16 23:32:42,118] {processor.py:620} INFO - Processing file /home/airflow/.local/lib/python3.6/site-packages/airflow/example_dags/example_latest_only_with_trigger.py for tasks to queue
[2021-10-16 23:32:42,118] {logging_mixin.py:109} INFO - [2021-10-16 23:32:42,118] {dagbag.py:500} INFO - Filling up the DagBag from /home/airflow/.local/lib/python3.6/site-packages/airflow/example_dags/example_latest_only_with_trigger.py
[2021-10-16 23:32:42,155] {processor.py:632} INFO - DAG(s) dict_keys(['latest_only_with_trigger']) retrieved from /home/airflow/.local/lib/python3.6/site-packages/airflow/example_dags/example_latest_only_with_trigger.py
[2021-10-16 23:32:42,168] {logging_mixin.py:109} INFO - [2021-10-16 23:32:42,168] {dag.py:2389} INFO - Sync 1 DAGs
[2021-10-16 23:32:42,186] {logging_mixin.py:109} INFO - [2021-10-16 23:32:42,186] {dag.py:2914} INFO - Setting next_dagrun for latest_only_with_trigger to 2021-10-16T19:32:42.186240+00:00
[2021-10-16 23:32:42,198] {processor.py:171} INFO - Processing /home/airflow/.local/lib/python3.6/site-packages/airflow/example_dags/example_latest_only_with_trigger.py took 0.086 seconds
[2021-10-16 23:33:12,677] {processor.py:163} INFO - Started process (PID=172) to work on /home/airflow/.local/lib/python3.6/site-packages/airflow/example_dags/example_latest_only_with_trigger.py
[2021-10-16 23:33:12,679] {processor.py:620} INFO - Processing file /home/airflow/.local/lib/python3.6/site-packages/airflow/example_dags/example_latest_only_with_trigger.py for tasks to queue
[2021-10-16 23:33:12,680] {logging_mixin.py:109} INFO - [2021-10-16 23:33:12,680] {dagbag.py:500} INFO - Filling up the DagBag from /home/airflow/.local/lib/python3.6/site-packages/airflow/example_dags/example_latest_only_with_trigger.py
[2021-10-16 23:33:12,708] {processor.py:632} INFO - DAG(s) dict_keys(['latest_only_with_trigger']) retrieved from /home/airflow/.local/lib/python3.6/site-packages/airflow/example_dags/example_latest_only_with_trigger.py
[2021-10-16 23:33:12,719] {logging_mixin.py:109} INFO - [2021-10-16 23:33:12,719] {dag.py:2389} INFO - Sync 1 DAGs
[2021-10-16 23:33:12,734] {logging_mixin.py:109} INFO - [2021-10-16 23:33:12,734] {dag.py:2914} INFO - Setting next_dagrun for latest_only_with_trigger to 2021-10-16T19:33:12.734450+00:00
[2021-10-16 23:33:12,742] {processor.py:171} INFO - Processing /home/airflow/.local/lib/python3.6/site-packages/airflow/example_dags/example_latest_only_with_trigger.py took 0.072 seconds
[2021-10-16 23:33:43,072] {processor.py:163} INFO - Started process (PID=229) to work on /home/airflow/.local/lib/python3.6/site-packages/airflow/example_dags/example_latest_only_with_trigger.py
[2021-10-16 23:33:43,074] {processor.py:620} INFO - Processing file /home/airflow/.local/lib/python3.6/site-packages/airflow/example_dags/example_latest_only_with_trigger.py for tasks to queue
[2021-10-16 23:33:43,074] {logging_mixin.py:109} INFO - [2021-10-16 23:33:43,074] {dagbag.py:500} INFO - Filling up the DagBag from /home/airflow/.local/lib/python3.6/site-packages/airflow/example_dags/example_latest_only_with_trigger.py
[2021-10-16 23:33:43,099] {processor.py:632} INFO - DAG(s) dict_keys(['latest_only_with_trigger']) retrieved from /home/airflow/.local/lib/python3.6/site-packages/airflow/example_dags/example_latest_only_with_trigger.py
[2021-10-16 23:33:43,112] {logging_mixin.py:109} INFO - [2021-10-16 23:33:43,112] {dag.py:2389} INFO - Sync 1 DAGs
[2021-10-16 23:33:43,133] {logging_mixin.py:109} INFO - [2021-10-16 23:33:43,133] {dag.py:2914} INFO - Setting next_dagrun for latest_only_with_trigger to 2021-10-16T19:33:43.133422+00:00
[2021-10-16 23:33:43,152] {processor.py:171} INFO - Processing /home/airflow/.local/lib/python3.6/site-packages/airflow/example_dags/example_latest_only_with_trigger.py took 0.082 seconds
[2021-10-16 23:34:13,372] {processor.py:163} INFO - Started process (PID=287) to work on /home/airflow/.local/lib/python3.6/site-packages/airflow/example_dags/example_latest_only_with_trigger.py
[2021-10-16 23:34:13,379] {processor.py:620} INFO - Processing file /home/airflow/.local/lib/python3.6/site-packages/airflow/example_dags/example_latest_only_with_trigger.py for tasks to queue
[2021-10-16 23:34:13,380] {logging_mixin.py:109} INFO - [2021-10-16 23:34:13,380] {dagbag.py:500} INFO - Filling up the DagBag from /home/airflow/.local/lib/python3.6/site-packages/airflow/example_dags/example_latest_only_with_trigger.py
[2021-10-16 23:34:13,432] {processor.py:632} INFO - DAG(s) dict_keys(['latest_only_with_trigger']) retrieved from /home/airflow/.local/lib/python3.6/site-packages/airflow/example_dags/example_latest_only_with_trigger.py
[2021-10-16 23:34:13,448] {logging_mixin.py:109} INFO - [2021-10-16 23:34:13,448] {dag.py:2389} INFO - Sync 1 DAGs
[2021-10-16 23:34:13,469] {logging_mixin.py:109} INFO - [2021-10-16 23:34:13,469] {dag.py:2914} INFO - Setting next_dagrun for latest_only_with_trigger to 2021-10-16T19:34:13.469127+00:00
[2021-10-16 23:34:13,494] {processor.py:171} INFO - Processing /home/airflow/.local/lib/python3.6/site-packages/airflow/example_dags/example_latest_only_with_trigger.py took 0.126 seconds
[2021-10-16 23:34:44,240] {processor.py:163} INFO - Started process (PID=358) to work on /home/airflow/.local/lib/python3.6/site-packages/airflow/example_dags/example_latest_only_with_trigger.py
[2021-10-16 23:34:44,241] {processor.py:620} INFO - Processing file /home/airflow/.local/lib/python3.6/site-packages/airflow/example_dags/example_latest_only_with_trigger.py for tasks to queue
[2021-10-16 23:34:44,242] {logging_mixin.py:109} INFO - [2021-10-16 23:34:44,242] {dagbag.py:500} INFO - Filling up the DagBag from /home/airflow/.local/lib/python3.6/site-packages/airflow/example_dags/example_latest_only_with_trigger.py
[2021-10-16 23:34:44,285] {processor.py:632} INFO - DAG(s) dict_keys(['latest_only_with_trigger']) retrieved from /home/airflow/.local/lib/python3.6/site-packages/airflow/example_dags/example_latest_only_with_trigger.py
[2021-10-16 23:34:44,307] {logging_mixin.py:109} INFO - [2021-10-16 23:34:44,307] {dag.py:2389} INFO - Sync 1 DAGs
[2021-10-16 23:34:44,333] {logging_mixin.py:109} INFO - [2021-10-16 23:34:44,333] {dag.py:2914} INFO - Setting next_dagrun for latest_only_with_trigger to 2021-10-16T19:34:44.333076+00:00
[2021-10-16 23:34:44,348] {processor.py:171} INFO - Processing /home/airflow/.local/lib/python3.6/site-packages/airflow/example_dags/example_latest_only_with_trigger.py took 0.115 seconds
[2021-10-16 23:35:14,621] {processor.py:163} INFO - Started process (PID=417) to work on /home/airflow/.local/lib/python3.6/site-packages/airflow/example_dags/example_latest_only_with_trigger.py
[2021-10-16 23:35:14,622] {processor.py:620} INFO - Processing file /home/airflow/.local/lib/python3.6/site-packages/airflow/example_dags/example_latest_only_with_trigger.py for tasks to queue
[2021-10-16 23:35:14,623] {logging_mixin.py:109} INFO - [2021-10-16 23:35:14,623] {dagbag.py:500} INFO - Filling up the DagBag from /home/airflow/.local/lib/python3.6/site-packages/airflow/example_dags/example_latest_only_with_trigger.py
[2021-10-16 23:35:14,658] {processor.py:632} INFO - DAG(s) dict_keys(['latest_only_with_trigger']) retrieved from /home/airflow/.local/lib/python3.6/site-packages/airflow/example_dags/example_latest_only_with_trigger.py
[2021-10-16 23:35:14,678] {logging_mixin.py:109} INFO - [2021-10-16 23:35:14,678] {dag.py:2389} INFO - Sync 1 DAGs
[2021-10-16 23:35:14,705] {logging_mixin.py:109} INFO - [2021-10-16 23:35:14,704] {dag.py:2914} INFO - Setting next_dagrun for latest_only_with_trigger to 2021-10-16T19:35:14.704562+00:00
[2021-10-16 23:35:14,719] {processor.py:171} INFO - Processing /home/airflow/.local/lib/python3.6/site-packages/airflow/example_dags/example_latest_only_with_trigger.py took 0.103 seconds
[2021-10-16 23:35:45,515] {processor.py:163} INFO - Started process (PID=473) to work on /home/airflow/.local/lib/python3.6/site-packages/airflow/example_dags/example_latest_only_with_trigger.py
[2021-10-16 23:35:45,517] {processor.py:620} INFO - Processing file /home/airflow/.local/lib/python3.6/site-packages/airflow/example_dags/example_latest_only_with_trigger.py for tasks to queue
[2021-10-16 23:35:45,518] {logging_mixin.py:109} INFO - [2021-10-16 23:35:45,518] {dagbag.py:500} INFO - Filling up the DagBag from /home/airflow/.local/lib/python3.6/site-packages/airflow/example_dags/example_latest_only_with_trigger.py
[2021-10-16 23:35:45,562] {processor.py:632} INFO - DAG(s) dict_keys(['latest_only_with_trigger']) retrieved from /home/airflow/.local/lib/python3.6/site-packages/airflow/example_dags/example_latest_only_with_trigger.py
[2021-10-16 23:35:45,579] {logging_mixin.py:109} INFO - [2021-10-16 23:35:45,578] {dag.py:2389} INFO - Sync 1 DAGs
[2021-10-16 23:35:45,606] {logging_mixin.py:109} INFO - [2021-10-16 23:35:45,606] {dag.py:2914} INFO - Setting next_dagrun for latest_only_with_trigger to 2021-10-16T19:35:45.605912+00:00
[2021-10-16 23:35:45,622] {processor.py:171} INFO - Processing /home/airflow/.local/lib/python3.6/site-packages/airflow/example_dags/example_latest_only_with_trigger.py took 0.115 seconds
[2021-10-16 23:36:16,056] {processor.py:163} INFO - Started process (PID=528) to work on /home/airflow/.local/lib/python3.6/site-packages/airflow/example_dags/example_latest_only_with_trigger.py
[2021-10-16 23:36:16,057] {processor.py:620} INFO - Processing file /home/airflow/.local/lib/python3.6/site-packages/airflow/example_dags/example_latest_only_with_trigger.py for tasks to queue
[2021-10-16 23:36:16,058] {logging_mixin.py:109} INFO - [2021-10-16 23:36:16,058] {dagbag.py:500} INFO - Filling up the DagBag from /home/airflow/.local/lib/python3.6/site-packages/airflow/example_dags/example_latest_only_with_trigger.py
[2021-10-16 23:36:16,086] {processor.py:632} INFO - DAG(s) dict_keys(['latest_only_with_trigger']) retrieved from /home/airflow/.local/lib/python3.6/site-packages/airflow/example_dags/example_latest_only_with_trigger.py
[2021-10-16 23:36:16,097] {logging_mixin.py:109} INFO - [2021-10-16 23:36:16,097] {dag.py:2389} INFO - Sync 1 DAGs
[2021-10-16 23:36:16,113] {logging_mixin.py:109} INFO - [2021-10-16 23:36:16,113] {dag.py:2914} INFO - Setting next_dagrun for latest_only_with_trigger to 2021-10-16T19:36:16.113326+00:00
[2021-10-16 23:36:16,123] {processor.py:171} INFO - Processing /home/airflow/.local/lib/python3.6/site-packages/airflow/example_dags/example_latest_only_with_trigger.py took 0.071 seconds
[2021-10-16 23:36:46,472] {processor.py:163} INFO - Started process (PID=594) to work on /home/airflow/.local/lib/python3.6/site-packages/airflow/example_dags/example_latest_only_with_trigger.py
[2021-10-16 23:36:46,473] {processor.py:620} INFO - Processing file /home/airflow/.local/lib/python3.6/site-packages/airflow/example_dags/example_latest_only_with_trigger.py for tasks to queue
[2021-10-16 23:36:46,473] {logging_mixin.py:109} INFO - [2021-10-16 23:36:46,473] {dagbag.py:500} INFO - Filling up the DagBag from /home/airflow/.local/lib/python3.6/site-packages/airflow/example_dags/example_latest_only_with_trigger.py
[2021-10-16 23:36:46,495] {processor.py:632} INFO - DAG(s) dict_keys(['latest_only_with_trigger']) retrieved from /home/airflow/.local/lib/python3.6/site-packages/airflow/example_dags/example_latest_only_with_trigger.py
[2021-10-16 23:36:46,505] {logging_mixin.py:109} INFO - [2021-10-16 23:36:46,505] {dag.py:2389} INFO - Sync 1 DAGs
[2021-10-16 23:36:46,518] {logging_mixin.py:109} INFO - [2021-10-16 23:36:46,518] {dag.py:2914} INFO - Setting next_dagrun for latest_only_with_trigger to 2021-10-16T19:36:46.518540+00:00
[2021-10-16 23:36:46,527] {processor.py:171} INFO - Processing /home/airflow/.local/lib/python3.6/site-packages/airflow/example_dags/example_latest_only_with_trigger.py took 0.057 seconds
[2021-10-16 23:37:16,916] {processor.py:163} INFO - Started process (PID=649) to work on /home/airflow/.local/lib/python3.6/site-packages/airflow/example_dags/example_latest_only_with_trigger.py
[2021-10-16 23:37:16,926] {processor.py:620} INFO - Processing file /home/airflow/.local/lib/python3.6/site-packages/airflow/example_dags/example_latest_only_with_trigger.py for tasks to queue
[2021-10-16 23:37:16,926] {logging_mixin.py:109} INFO - [2021-10-16 23:37:16,926] {dagbag.py:500} INFO - Filling up the DagBag from /home/airflow/.local/lib/python3.6/site-packages/airflow/example_dags/example_latest_only_with_trigger.py
[2021-10-16 23:37:16,956] {processor.py:632} INFO - DAG(s) dict_keys(['latest_only_with_trigger']) retrieved from /home/airflow/.local/lib/python3.6/site-packages/airflow/example_dags/example_latest_only_with_trigger.py
[2021-10-16 23:37:16,969] {logging_mixin.py:109} INFO - [2021-10-16 23:37:16,969] {dag.py:2389} INFO - Sync 1 DAGs
[2021-10-16 23:37:16,989] {logging_mixin.py:109} INFO - [2021-10-16 23:37:16,989] {dag.py:2914} INFO - Setting next_dagrun for latest_only_with_trigger to 2021-10-16T19:37:16.989390+00:00
[2021-10-16 23:37:17,056] {processor.py:171} INFO - Processing /home/airflow/.local/lib/python3.6/site-packages/airflow/example_dags/example_latest_only_with_trigger.py took 0.142 seconds
[2021-10-16 23:37:47,325] {processor.py:163} INFO - Started process (PID=704) to work on /home/airflow/.local/lib/python3.6/site-packages/airflow/example_dags/example_latest_only_with_trigger.py
[2021-10-16 23:37:47,326] {processor.py:620} INFO - Processing file /home/airflow/.local/lib/python3.6/site-packages/airflow/example_dags/example_latest_only_with_trigger.py for tasks to queue
[2021-10-16 23:37:47,326] {logging_mixin.py:109} INFO - [2021-10-16 23:37:47,326] {dagbag.py:500} INFO - Filling up the DagBag from /home/airflow/.local/lib/python3.6/site-packages/airflow/example_dags/example_latest_only_with_trigger.py
[2021-10-16 23:37:47,359] {processor.py:632} INFO - DAG(s) dict_keys(['latest_only_with_trigger']) retrieved from /home/airflow/.local/lib/python3.6/site-packages/airflow/example_dags/example_latest_only_with_trigger.py
[2021-10-16 23:37:47,372] {logging_mixin.py:109} INFO - [2021-10-16 23:37:47,372] {dag.py:2389} INFO - Sync 1 DAGs
[2021-10-16 23:37:47,389] {logging_mixin.py:109} INFO - [2021-10-16 23:37:47,389] {dag.py:2914} INFO - Setting next_dagrun for latest_only_with_trigger to 2021-10-16T19:37:47.388965+00:00
[2021-10-16 23:37:47,398] {processor.py:171} INFO - Processing /home/airflow/.local/lib/python3.6/site-packages/airflow/example_dags/example_latest_only_with_trigger.py took 0.076 seconds
[2021-10-16 23:38:18,345] {processor.py:163} INFO - Started process (PID=771) to work on /home/airflow/.local/lib/python3.6/site-packages/airflow/example_dags/example_latest_only_with_trigger.py
[2021-10-16 23:38:18,348] {processor.py:620} INFO - Processing file /home/airflow/.local/lib/python3.6/site-packages/airflow/example_dags/example_latest_only_with_trigger.py for tasks to queue
[2021-10-16 23:38:18,350] {logging_mixin.py:109} INFO - [2021-10-16 23:38:18,349] {dagbag.py:500} INFO - Filling up the DagBag from /home/airflow/.local/lib/python3.6/site-packages/airflow/example_dags/example_latest_only_with_trigger.py
[2021-10-16 23:38:18,381] {processor.py:632} INFO - DAG(s) dict_keys(['latest_only_with_trigger']) retrieved from /home/airflow/.local/lib/python3.6/site-packages/airflow/example_dags/example_latest_only_with_trigger.py
[2021-10-16 23:38:18,393] {logging_mixin.py:109} INFO - [2021-10-16 23:38:18,393] {dag.py:2389} INFO - Sync 1 DAGs
[2021-10-16 23:38:18,409] {logging_mixin.py:109} INFO - [2021-10-16 23:38:18,409] {dag.py:2914} INFO - Setting next_dagrun for latest_only_with_trigger to 2021-10-16T19:38:18.409260+00:00
[2021-10-16 23:38:18,418] {processor.py:171} INFO - Processing /home/airflow/.local/lib/python3.6/site-packages/airflow/example_dags/example_latest_only_with_trigger.py took 0.082 seconds
[2021-10-16 23:38:48,660] {processor.py:163} INFO - Started process (PID=826) to work on /home/airflow/.local/lib/python3.6/site-packages/airflow/example_dags/example_latest_only_with_trigger.py
[2021-10-16 23:38:48,661] {processor.py:620} INFO - Processing file /home/airflow/.local/lib/python3.6/site-packages/airflow/example_dags/example_latest_only_with_trigger.py for tasks to queue
[2021-10-16 23:38:48,662] {logging_mixin.py:109} INFO - [2021-10-16 23:38:48,662] {dagbag.py:500} INFO - Filling up the DagBag from /home/airflow/.local/lib/python3.6/site-packages/airflow/example_dags/example_latest_only_with_trigger.py
[2021-10-16 23:38:48,687] {processor.py:632} INFO - DAG(s) dict_keys(['latest_only_with_trigger']) retrieved from /home/airflow/.local/lib/python3.6/site-packages/airflow/example_dags/example_latest_only_with_trigger.py
[2021-10-16 23:38:48,698] {logging_mixin.py:109} INFO - [2021-10-16 23:38:48,698] {dag.py:2389} INFO - Sync 1 DAGs
[2021-10-16 23:38:48,714] {logging_mixin.py:109} INFO - [2021-10-16 23:38:48,713] {dag.py:2914} INFO - Setting next_dagrun for latest_only_with_trigger to 2021-10-16T19:38:48.713680+00:00
[2021-10-16 23:38:48,723] {processor.py:171} INFO - Processing /home/airflow/.local/lib/python3.6/site-packages/airflow/example_dags/example_latest_only_with_trigger.py took 0.066 seconds
[2021-10-16 23:39:19,045] {processor.py:163} INFO - Started process (PID=892) to work on /home/airflow/.local/lib/python3.6/site-packages/airflow/example_dags/example_latest_only_with_trigger.py
[2021-10-16 23:39:19,046] {processor.py:620} INFO - Processing file /home/airflow/.local/lib/python3.6/site-packages/airflow/example_dags/example_latest_only_with_trigger.py for tasks to queue
[2021-10-16 23:39:19,047] {logging_mixin.py:109} INFO - [2021-10-16 23:39:19,046] {dagbag.py:500} INFO - Filling up the DagBag from /home/airflow/.local/lib/python3.6/site-packages/airflow/example_dags/example_latest_only_with_trigger.py
[2021-10-16 23:39:19,082] {processor.py:632} INFO - DAG(s) dict_keys(['latest_only_with_trigger']) retrieved from /home/airflow/.local/lib/python3.6/site-packages/airflow/example_dags/example_latest_only_with_trigger.py
[2021-10-16 23:39:19,098] {logging_mixin.py:109} INFO - [2021-10-16 23:39:19,097] {dag.py:2389} INFO - Sync 1 DAGs
[2021-10-16 23:39:19,119] {logging_mixin.py:109} INFO - [2021-10-16 23:39:19,119] {dag.py:2914} INFO - Setting next_dagrun for latest_only_with_trigger to 2021-10-16T19:39:19.118851+00:00
[2021-10-16 23:39:19,131] {processor.py:171} INFO - Processing /home/airflow/.local/lib/python3.6/site-packages/airflow/example_dags/example_latest_only_with_trigger.py took 0.090 seconds
[2021-10-16 23:39:49,531] {processor.py:163} INFO - Started process (PID=947) to work on /home/airflow/.local/lib/python3.6/site-packages/airflow/example_dags/example_latest_only_with_trigger.py
[2021-10-16 23:39:49,533] {processor.py:620} INFO - Processing file /home/airflow/.local/lib/python3.6/site-packages/airflow/example_dags/example_latest_only_with_trigger.py for tasks to queue
[2021-10-16 23:39:49,534] {logging_mixin.py:109} INFO - [2021-10-16 23:39:49,534] {dagbag.py:500} INFO - Filling up the DagBag from /home/airflow/.local/lib/python3.6/site-packages/airflow/example_dags/example_latest_only_with_trigger.py
[2021-10-16 23:39:49,564] {processor.py:632} INFO - DAG(s) dict_keys(['latest_only_with_trigger']) retrieved from /home/airflow/.local/lib/python3.6/site-packages/airflow/example_dags/example_latest_only_with_trigger.py
[2021-10-16 23:39:49,575] {logging_mixin.py:109} INFO - [2021-10-16 23:39:49,575] {dag.py:2389} INFO - Sync 1 DAGs
[2021-10-16 23:39:49,591] {logging_mixin.py:109} INFO - [2021-10-16 23:39:49,591] {dag.py:2914} INFO - Setting next_dagrun for latest_only_with_trigger to 2021-10-16T19:39:49.591399+00:00
[2021-10-16 23:39:49,602] {processor.py:171} INFO - Processing /home/airflow/.local/lib/python3.6/site-packages/airflow/example_dags/example_latest_only_with_trigger.py took 0.077 seconds
[2021-10-16 23:40:19,739] {processor.py:163} INFO - Started process (PID=1002) to work on /home/airflow/.local/lib/python3.6/site-packages/airflow/example_dags/example_latest_only_with_trigger.py
[2021-10-16 23:40:19,741] {processor.py:620} INFO - Processing file /home/airflow/.local/lib/python3.6/site-packages/airflow/example_dags/example_latest_only_with_trigger.py for tasks to queue
[2021-10-16 23:40:19,742] {logging_mixin.py:109} INFO - [2021-10-16 23:40:19,742] {dagbag.py:500} INFO - Filling up the DagBag from /home/airflow/.local/lib/python3.6/site-packages/airflow/example_dags/example_latest_only_with_trigger.py
[2021-10-16 23:40:19,773] {processor.py:632} INFO - DAG(s) dict_keys(['latest_only_with_trigger']) retrieved from /home/airflow/.local/lib/python3.6/site-packages/airflow/example_dags/example_latest_only_with_trigger.py
[2021-10-16 23:40:19,784] {logging_mixin.py:109} INFO - [2021-10-16 23:40:19,784] {dag.py:2389} INFO - Sync 1 DAGs
[2021-10-16 23:40:19,799] {logging_mixin.py:109} INFO - [2021-10-16 23:40:19,799] {dag.py:2914} INFO - Setting next_dagrun for latest_only_with_trigger to 2021-10-16T19:40:19.798990+00:00
[2021-10-16 23:40:19,807] {processor.py:171} INFO - Processing /home/airflow/.local/lib/python3.6/site-packages/airflow/example_dags/example_latest_only_with_trigger.py took 0.072 seconds
[2021-10-16 23:40:50,065] {processor.py:163} INFO - Started process (PID=1069) to work on /home/airflow/.local/lib/python3.6/site-packages/airflow/example_dags/example_latest_only_with_trigger.py
[2021-10-16 23:40:50,066] {processor.py:620} INFO - Processing file /home/airflow/.local/lib/python3.6/site-packages/airflow/example_dags/example_latest_only_with_trigger.py for tasks to queue
[2021-10-16 23:40:50,067] {logging_mixin.py:109} INFO - [2021-10-16 23:40:50,067] {dagbag.py:500} INFO - Filling up the DagBag from /home/airflow/.local/lib/python3.6/site-packages/airflow/example_dags/example_latest_only_with_trigger.py
[2021-10-16 23:40:50,093] {processor.py:632} INFO - DAG(s) dict_keys(['latest_only_with_trigger']) retrieved from /home/airflow/.local/lib/python3.6/site-packages/airflow/example_dags/example_latest_only_with_trigger.py
[2021-10-16 23:40:50,107] {logging_mixin.py:109} INFO - [2021-10-16 23:40:50,107] {dag.py:2389} INFO - Sync 1 DAGs
[2021-10-16 23:40:50,124] {logging_mixin.py:109} INFO - [2021-10-16 23:40:50,124] {dag.py:2914} INFO - Setting next_dagrun for latest_only_with_trigger to 2021-10-16T19:40:50.124049+00:00
[2021-10-16 23:40:50,134] {processor.py:171} INFO - Processing /home/airflow/.local/lib/python3.6/site-packages/airflow/example_dags/example_latest_only_with_trigger.py took 0.073 seconds
[2021-10-16 23:41:20,364] {processor.py:163} INFO - Started process (PID=1124) to work on /home/airflow/.local/lib/python3.6/site-packages/airflow/example_dags/example_latest_only_with_trigger.py
[2021-10-16 23:41:20,367] {processor.py:620} INFO - Processing file /home/airflow/.local/lib/python3.6/site-packages/airflow/example_dags/example_latest_only_with_trigger.py for tasks to queue
[2021-10-16 23:41:20,368] {logging_mixin.py:109} INFO - [2021-10-16 23:41:20,368] {dagbag.py:500} INFO - Filling up the DagBag from /home/airflow/.local/lib/python3.6/site-packages/airflow/example_dags/example_latest_only_with_trigger.py
[2021-10-16 23:41:20,400] {processor.py:632} INFO - DAG(s) dict_keys(['latest_only_with_trigger']) retrieved from /home/airflow/.local/lib/python3.6/site-packages/airflow/example_dags/example_latest_only_with_trigger.py
[2021-10-16 23:41:20,411] {logging_mixin.py:109} INFO - [2021-10-16 23:41:20,411] {dag.py:2389} INFO - Sync 1 DAGs
[2021-10-16 23:41:20,426] {logging_mixin.py:109} INFO - [2021-10-16 23:41:20,426] {dag.py:2914} INFO - Setting next_dagrun for latest_only_with_trigger to 2021-10-16T19:41:20.425915+00:00
[2021-10-16 23:41:20,434] {processor.py:171} INFO - Processing /home/airflow/.local/lib/python3.6/site-packages/airflow/example_dags/example_latest_only_with_trigger.py took 0.080 seconds
[2021-10-16 23:41:51,256] {processor.py:163} INFO - Started process (PID=1189) to work on /home/airflow/.local/lib/python3.6/site-packages/airflow/example_dags/example_latest_only_with_trigger.py
[2021-10-16 23:41:51,257] {processor.py:620} INFO - Processing file /home/airflow/.local/lib/python3.6/site-packages/airflow/example_dags/example_latest_only_with_trigger.py for tasks to queue
[2021-10-16 23:41:51,257] {logging_mixin.py:109} INFO - [2021-10-16 23:41:51,257] {dagbag.py:500} INFO - Filling up the DagBag from /home/airflow/.local/lib/python3.6/site-packages/airflow/example_dags/example_latest_only_with_trigger.py
[2021-10-16 23:41:51,281] {processor.py:632} INFO - DAG(s) dict_keys(['latest_only_with_trigger']) retrieved from /home/airflow/.local/lib/python3.6/site-packages/airflow/example_dags/example_latest_only_with_trigger.py
[2021-10-16 23:41:51,291] {logging_mixin.py:109} INFO - [2021-10-16 23:41:51,291] {dag.py:2389} INFO - Sync 1 DAGs
[2021-10-16 23:41:51,308] {logging_mixin.py:109} INFO - [2021-10-16 23:41:51,308] {dag.py:2914} INFO - Setting next_dagrun for latest_only_with_trigger to 2021-10-16T19:41:51.308462+00:00
[2021-10-16 23:41:51,317] {processor.py:171} INFO - Processing /home/airflow/.local/lib/python3.6/site-packages/airflow/example_dags/example_latest_only_with_trigger.py took 0.064 seconds
[2021-10-16 23:42:21,474] {processor.py:163} INFO - Started process (PID=1244) to work on /home/airflow/.local/lib/python3.6/site-packages/airflow/example_dags/example_latest_only_with_trigger.py
[2021-10-16 23:42:21,476] {processor.py:620} INFO - Processing file /home/airflow/.local/lib/python3.6/site-packages/airflow/example_dags/example_latest_only_with_trigger.py for tasks to queue
[2021-10-16 23:42:21,476] {logging_mixin.py:109} INFO - [2021-10-16 23:42:21,476] {dagbag.py:500} INFO - Filling up the DagBag from /home/airflow/.local/lib/python3.6/site-packages/airflow/example_dags/example_latest_only_with_trigger.py
[2021-10-16 23:42:21,507] {processor.py:632} INFO - DAG(s) dict_keys(['latest_only_with_trigger']) retrieved from /home/airflow/.local/lib/python3.6/site-packages/airflow/example_dags/example_latest_only_with_trigger.py
[2021-10-16 23:42:21,522] {logging_mixin.py:109} INFO - [2021-10-16 23:42:21,521] {dag.py:2389} INFO - Sync 1 DAGs
[2021-10-16 23:42:21,545] {logging_mixin.py:109} INFO - [2021-10-16 23:42:21,545] {dag.py:2914} INFO - Setting next_dagrun for latest_only_with_trigger to 2021-10-16T19:42:21.545543+00:00
[2021-10-16 23:42:21,556] {processor.py:171} INFO - Processing /home/airflow/.local/lib/python3.6/site-packages/airflow/example_dags/example_latest_only_with_trigger.py took 0.085 seconds
[2021-10-16 23:42:51,713] {processor.py:163} INFO - Started process (PID=1299) to work on /home/airflow/.local/lib/python3.6/site-packages/airflow/example_dags/example_latest_only_with_trigger.py
[2021-10-16 23:42:51,714] {processor.py:620} INFO - Processing file /home/airflow/.local/lib/python3.6/site-packages/airflow/example_dags/example_latest_only_with_trigger.py for tasks to queue
[2021-10-16 23:42:51,715] {logging_mixin.py:109} INFO - [2021-10-16 23:42:51,715] {dagbag.py:500} INFO - Filling up the DagBag from /home/airflow/.local/lib/python3.6/site-packages/airflow/example_dags/example_latest_only_with_trigger.py
[2021-10-16 23:42:51,738] {processor.py:632} INFO - DAG(s) dict_keys(['latest_only_with_trigger']) retrieved from /home/airflow/.local/lib/python3.6/site-packages/airflow/example_dags/example_latest_only_with_trigger.py
[2021-10-16 23:42:51,750] {logging_mixin.py:109} INFO - [2021-10-16 23:42:51,750] {dag.py:2389} INFO - Sync 1 DAGs
[2021-10-16 23:42:51,764] {logging_mixin.py:109} INFO - [2021-10-16 23:42:51,764] {dag.py:2914} INFO - Setting next_dagrun for latest_only_with_trigger to 2021-10-16T19:42:51.764627+00:00
[2021-10-16 23:42:51,773] {processor.py:171} INFO - Processing /home/airflow/.local/lib/python3.6/site-packages/airflow/example_dags/example_latest_only_with_trigger.py took 0.063 seconds
[2021-10-16 23:43:21,958] {processor.py:163} INFO - Started process (PID=1365) to work on /home/airflow/.local/lib/python3.6/site-packages/airflow/example_dags/example_latest_only_with_trigger.py
[2021-10-16 23:43:21,960] {processor.py:620} INFO - Processing file /home/airflow/.local/lib/python3.6/site-packages/airflow/example_dags/example_latest_only_with_trigger.py for tasks to queue
[2021-10-16 23:43:21,961] {logging_mixin.py:109} INFO - [2021-10-16 23:43:21,960] {dagbag.py:500} INFO - Filling up the DagBag from /home/airflow/.local/lib/python3.6/site-packages/airflow/example_dags/example_latest_only_with_trigger.py
[2021-10-16 23:43:21,995] {processor.py:632} INFO - DAG(s) dict_keys(['latest_only_with_trigger']) retrieved from /home/airflow/.local/lib/python3.6/site-packages/airflow/example_dags/example_latest_only_with_trigger.py
[2021-10-16 23:43:22,011] {logging_mixin.py:109} INFO - [2021-10-16 23:43:22,011] {dag.py:2389} INFO - Sync 1 DAGs
[2021-10-16 23:43:22,036] {logging_mixin.py:109} INFO - [2021-10-16 23:43:22,036] {dag.py:2914} INFO - Setting next_dagrun for latest_only_with_trigger to 2021-10-16T19:43:22.035566+00:00
[2021-10-16 23:43:22,050] {processor.py:171} INFO - Processing /home/airflow/.local/lib/python3.6/site-packages/airflow/example_dags/example_latest_only_with_trigger.py took 0.096 seconds
[2021-10-16 23:43:52,593] {processor.py:163} INFO - Started process (PID=1422) to work on /home/airflow/.local/lib/python3.6/site-packages/airflow/example_dags/example_latest_only_with_trigger.py
[2021-10-16 23:43:52,596] {processor.py:620} INFO - Processing file /home/airflow/.local/lib/python3.6/site-packages/airflow/example_dags/example_latest_only_with_trigger.py for tasks to queue
[2021-10-16 23:43:52,598] {logging_mixin.py:109} INFO - [2021-10-16 23:43:52,598] {dagbag.py:500} INFO - Filling up the DagBag from /home/airflow/.local/lib/python3.6/site-packages/airflow/example_dags/example_latest_only_with_trigger.py
[2021-10-16 23:43:52,641] {processor.py:632} INFO - DAG(s) dict_keys(['latest_only_with_trigger']) retrieved from /home/airflow/.local/lib/python3.6/site-packages/airflow/example_dags/example_latest_only_with_trigger.py
[2021-10-16 23:43:52,653] {logging_mixin.py:109} INFO - [2021-10-16 23:43:52,653] {dag.py:2389} INFO - Sync 1 DAGs
[2021-10-16 23:43:52,672] {logging_mixin.py:109} INFO - [2021-10-16 23:43:52,672] {dag.py:2914} INFO - Setting next_dagrun for latest_only_with_trigger to 2021-10-16T19:43:52.672157+00:00
[2021-10-16 23:43:52,682] {processor.py:171} INFO - Processing /home/airflow/.local/lib/python3.6/site-packages/airflow/example_dags/example_latest_only_with_trigger.py took 0.100 seconds
[2021-10-16 23:44:22,851] {processor.py:163} INFO - Started process (PID=1488) to work on /home/airflow/.local/lib/python3.6/site-packages/airflow/example_dags/example_latest_only_with_trigger.py
[2021-10-16 23:44:22,852] {processor.py:620} INFO - Processing file /home/airflow/.local/lib/python3.6/site-packages/airflow/example_dags/example_latest_only_with_trigger.py for tasks to queue
[2021-10-16 23:44:22,853] {logging_mixin.py:109} INFO - [2021-10-16 23:44:22,852] {dagbag.py:500} INFO - Filling up the DagBag from /home/airflow/.local/lib/python3.6/site-packages/airflow/example_dags/example_latest_only_with_trigger.py
[2021-10-16 23:44:22,881] {processor.py:632} INFO - DAG(s) dict_keys(['latest_only_with_trigger']) retrieved from /home/airflow/.local/lib/python3.6/site-packages/airflow/example_dags/example_latest_only_with_trigger.py
[2021-10-16 23:44:22,892] {logging_mixin.py:109} INFO - [2021-10-16 23:44:22,892] {dag.py:2389} INFO - Sync 1 DAGs
[2021-10-16 23:44:22,907] {logging_mixin.py:109} INFO - [2021-10-16 23:44:22,907] {dag.py:2914} INFO - Setting next_dagrun for latest_only_with_trigger to 2021-10-16T19:44:22.906970+00:00
[2021-10-16 23:44:22,914] {processor.py:171} INFO - Processing /home/airflow/.local/lib/python3.6/site-packages/airflow/example_dags/example_latest_only_with_trigger.py took 0.068 seconds
[2021-10-16 23:44:53,367] {processor.py:163} INFO - Started process (PID=1543) to work on /home/airflow/.local/lib/python3.6/site-packages/airflow/example_dags/example_latest_only_with_trigger.py
[2021-10-16 23:44:53,368] {processor.py:620} INFO - Processing file /home/airflow/.local/lib/python3.6/site-packages/airflow/example_dags/example_latest_only_with_trigger.py for tasks to queue
[2021-10-16 23:44:53,368] {logging_mixin.py:109} INFO - [2021-10-16 23:44:53,368] {dagbag.py:500} INFO - Filling up the DagBag from /home/airflow/.local/lib/python3.6/site-packages/airflow/example_dags/example_latest_only_with_trigger.py
[2021-10-16 23:44:53,394] {processor.py:632} INFO - DAG(s) dict_keys(['latest_only_with_trigger']) retrieved from /home/airflow/.local/lib/python3.6/site-packages/airflow/example_dags/example_latest_only_with_trigger.py
[2021-10-16 23:44:53,405] {logging_mixin.py:109} INFO - [2021-10-16 23:44:53,405] {dag.py:2389} INFO - Sync 1 DAGs
[2021-10-16 23:44:53,420] {logging_mixin.py:109} INFO - [2021-10-16 23:44:53,420] {dag.py:2914} INFO - Setting next_dagrun for latest_only_with_trigger to 2021-10-16T19:44:53.420480+00:00
[2021-10-16 23:44:53,429] {processor.py:171} INFO - Processing /home/airflow/.local/lib/python3.6/site-packages/airflow/example_dags/example_latest_only_with_trigger.py took 0.066 seconds
[2021-10-16 23:45:23,794] {processor.py:163} INFO - Started process (PID=1598) to work on /home/airflow/.local/lib/python3.6/site-packages/airflow/example_dags/example_latest_only_with_trigger.py
[2021-10-16 23:45:23,796] {processor.py:620} INFO - Processing file /home/airflow/.local/lib/python3.6/site-packages/airflow/example_dags/example_latest_only_with_trigger.py for tasks to queue
[2021-10-16 23:45:23,797] {logging_mixin.py:109} INFO - [2021-10-16 23:45:23,797] {dagbag.py:500} INFO - Filling up the DagBag from /home/airflow/.local/lib/python3.6/site-packages/airflow/example_dags/example_latest_only_with_trigger.py
[2021-10-16 23:45:23,845] {processor.py:632} INFO - DAG(s) dict_keys(['latest_only_with_trigger']) retrieved from /home/airflow/.local/lib/python3.6/site-packages/airflow/example_dags/example_latest_only_with_trigger.py
[2021-10-16 23:45:23,865] {logging_mixin.py:109} INFO - [2021-10-16 23:45:23,865] {dag.py:2389} INFO - Sync 1 DAGs
[2021-10-16 23:45:23,894] {logging_mixin.py:109} INFO - [2021-10-16 23:45:23,894] {dag.py:2914} INFO - Setting next_dagrun for latest_only_with_trigger to 2021-10-16T19:45:23.894061+00:00
[2021-10-16 23:45:23,913] {processor.py:171} INFO - Processing /home/airflow/.local/lib/python3.6/site-packages/airflow/example_dags/example_latest_only_with_trigger.py took 0.124 seconds
[2021-10-16 23:45:54,219] {processor.py:163} INFO - Started process (PID=1664) to work on /home/airflow/.local/lib/python3.6/site-packages/airflow/example_dags/example_latest_only_with_trigger.py
[2021-10-16 23:45:54,220] {processor.py:620} INFO - Processing file /home/airflow/.local/lib/python3.6/site-packages/airflow/example_dags/example_latest_only_with_trigger.py for tasks to queue
[2021-10-16 23:45:54,221] {logging_mixin.py:109} INFO - [2021-10-16 23:45:54,221] {dagbag.py:500} INFO - Filling up the DagBag from /home/airflow/.local/lib/python3.6/site-packages/airflow/example_dags/example_latest_only_with_trigger.py
[2021-10-16 23:45:54,248] {processor.py:632} INFO - DAG(s) dict_keys(['latest_only_with_trigger']) retrieved from /home/airflow/.local/lib/python3.6/site-packages/airflow/example_dags/example_latest_only_with_trigger.py
[2021-10-16 23:45:54,259] {logging_mixin.py:109} INFO - [2021-10-16 23:45:54,259] {dag.py:2389} INFO - Sync 1 DAGs
[2021-10-16 23:45:54,277] {logging_mixin.py:109} INFO - [2021-10-16 23:45:54,277] {dag.py:2914} INFO - Setting next_dagrun for latest_only_with_trigger to 2021-10-16T19:45:54.276742+00:00
[2021-10-16 23:45:54,287] {processor.py:171} INFO - Processing /home/airflow/.local/lib/python3.6/site-packages/airflow/example_dags/example_latest_only_with_trigger.py took 0.072 seconds
[2021-10-16 23:46:24,657] {processor.py:163} INFO - Started process (PID=1719) to work on /home/airflow/.local/lib/python3.6/site-packages/airflow/example_dags/example_latest_only_with_trigger.py
[2021-10-16 23:46:24,659] {processor.py:620} INFO - Processing file /home/airflow/.local/lib/python3.6/site-packages/airflow/example_dags/example_latest_only_with_trigger.py for tasks to queue
[2021-10-16 23:46:24,659] {logging_mixin.py:109} INFO - [2021-10-16 23:46:24,659] {dagbag.py:500} INFO - Filling up the DagBag from /home/airflow/.local/lib/python3.6/site-packages/airflow/example_dags/example_latest_only_with_trigger.py
[2021-10-16 23:46:24,684] {processor.py:632} INFO - DAG(s) dict_keys(['latest_only_with_trigger']) retrieved from /home/airflow/.local/lib/python3.6/site-packages/airflow/example_dags/example_latest_only_with_trigger.py
[2021-10-16 23:46:24,694] {logging_mixin.py:109} INFO - [2021-10-16 23:46:24,694] {dag.py:2389} INFO - Sync 1 DAGs
[2021-10-16 23:46:24,709] {logging_mixin.py:109} INFO - [2021-10-16 23:46:24,709] {dag.py:2914} INFO - Setting next_dagrun for latest_only_with_trigger to 2021-10-16T19:46:24.708995+00:00
[2021-10-16 23:46:24,717] {processor.py:171} INFO - Processing /home/airflow/.local/lib/python3.6/site-packages/airflow/example_dags/example_latest_only_with_trigger.py took 0.063 seconds
[2021-10-16 23:46:55,077] {processor.py:163} INFO - Started process (PID=1785) to work on /home/airflow/.local/lib/python3.6/site-packages/airflow/example_dags/example_latest_only_with_trigger.py
[2021-10-16 23:46:55,078] {processor.py:620} INFO - Processing file /home/airflow/.local/lib/python3.6/site-packages/airflow/example_dags/example_latest_only_with_trigger.py for tasks to queue
[2021-10-16 23:46:55,079] {logging_mixin.py:109} INFO - [2021-10-16 23:46:55,079] {dagbag.py:500} INFO - Filling up the DagBag from /home/airflow/.local/lib/python3.6/site-packages/airflow/example_dags/example_latest_only_with_trigger.py
[2021-10-16 23:46:55,103] {processor.py:632} INFO - DAG(s) dict_keys(['latest_only_with_trigger']) retrieved from /home/airflow/.local/lib/python3.6/site-packages/airflow/example_dags/example_latest_only_with_trigger.py
[2021-10-16 23:46:55,115] {logging_mixin.py:109} INFO - [2021-10-16 23:46:55,115] {dag.py:2389} INFO - Sync 1 DAGs
[2021-10-16 23:46:55,131] {logging_mixin.py:109} INFO - [2021-10-16 23:46:55,131] {dag.py:2914} INFO - Setting next_dagrun for latest_only_with_trigger to 2021-10-16T19:46:55.130949+00:00
[2021-10-16 23:46:55,140] {processor.py:171} INFO - Processing /home/airflow/.local/lib/python3.6/site-packages/airflow/example_dags/example_latest_only_with_trigger.py took 0.065 seconds
[2021-10-16 23:47:25,818] {processor.py:163} INFO - Started process (PID=1841) to work on /home/airflow/.local/lib/python3.6/site-packages/airflow/example_dags/example_latest_only_with_trigger.py
[2021-10-16 23:47:25,819] {processor.py:620} INFO - Processing file /home/airflow/.local/lib/python3.6/site-packages/airflow/example_dags/example_latest_only_with_trigger.py for tasks to queue
[2021-10-16 23:47:25,820] {logging_mixin.py:109} INFO - [2021-10-16 23:47:25,820] {dagbag.py:500} INFO - Filling up the DagBag from /home/airflow/.local/lib/python3.6/site-packages/airflow/example_dags/example_latest_only_with_trigger.py
[2021-10-16 23:47:25,848] {processor.py:632} INFO - DAG(s) dict_keys(['latest_only_with_trigger']) retrieved from /home/airflow/.local/lib/python3.6/site-packages/airflow/example_dags/example_latest_only_with_trigger.py
[2021-10-16 23:47:25,859] {logging_mixin.py:109} INFO - [2021-10-16 23:47:25,859] {dag.py:2389} INFO - Sync 1 DAGs
[2021-10-16 23:47:25,875] {logging_mixin.py:109} INFO - [2021-10-16 23:47:25,875] {dag.py:2914} INFO - Setting next_dagrun for latest_only_with_trigger to 2021-10-16T19:47:25.874787+00:00
[2021-10-16 23:47:25,882] {processor.py:171} INFO - Processing /home/airflow/.local/lib/python3.6/site-packages/airflow/example_dags/example_latest_only_with_trigger.py took 0.068 seconds
[2021-10-16 23:47:55,922] {processor.py:163} INFO - Started process (PID=1896) to work on /home/airflow/.local/lib/python3.6/site-packages/airflow/example_dags/example_latest_only_with_trigger.py
[2021-10-16 23:47:55,923] {processor.py:620} INFO - Processing file /home/airflow/.local/lib/python3.6/site-packages/airflow/example_dags/example_latest_only_with_trigger.py for tasks to queue
[2021-10-16 23:47:55,924] {logging_mixin.py:109} INFO - [2021-10-16 23:47:55,924] {dagbag.py:500} INFO - Filling up the DagBag from /home/airflow/.local/lib/python3.6/site-packages/airflow/example_dags/example_latest_only_with_trigger.py
[2021-10-16 23:47:55,952] {processor.py:632} INFO - DAG(s) dict_keys(['latest_only_with_trigger']) retrieved from /home/airflow/.local/lib/python3.6/site-packages/airflow/example_dags/example_latest_only_with_trigger.py
[2021-10-16 23:47:55,966] {logging_mixin.py:109} INFO - [2021-10-16 23:47:55,966] {dag.py:2389} INFO - Sync 1 DAGs
[2021-10-16 23:47:55,985] {logging_mixin.py:109} INFO - [2021-10-16 23:47:55,985] {dag.py:2914} INFO - Setting next_dagrun for latest_only_with_trigger to 2021-10-16T19:47:55.985419+00:00
[2021-10-16 23:47:55,996] {processor.py:171} INFO - Processing /home/airflow/.local/lib/python3.6/site-packages/airflow/example_dags/example_latest_only_with_trigger.py took 0.077 seconds
[2021-10-16 23:48:26,070] {processor.py:163} INFO - Started process (PID=1961) to work on /home/airflow/.local/lib/python3.6/site-packages/airflow/example_dags/example_latest_only_with_trigger.py
[2021-10-16 23:48:26,071] {processor.py:620} INFO - Processing file /home/airflow/.local/lib/python3.6/site-packages/airflow/example_dags/example_latest_only_with_trigger.py for tasks to queue
[2021-10-16 23:48:26,071] {logging_mixin.py:109} INFO - [2021-10-16 23:48:26,071] {dagbag.py:500} INFO - Filling up the DagBag from /home/airflow/.local/lib/python3.6/site-packages/airflow/example_dags/example_latest_only_with_trigger.py
[2021-10-16 23:48:26,093] {processor.py:632} INFO - DAG(s) dict_keys(['latest_only_with_trigger']) retrieved from /home/airflow/.local/lib/python3.6/site-packages/airflow/example_dags/example_latest_only_with_trigger.py
[2021-10-16 23:48:26,103] {logging_mixin.py:109} INFO - [2021-10-16 23:48:26,103] {dag.py:2389} INFO - Sync 1 DAGs
[2021-10-16 23:48:26,118] {logging_mixin.py:109} INFO - [2021-10-16 23:48:26,117] {dag.py:2914} INFO - Setting next_dagrun for latest_only_with_trigger to 2021-10-16T19:48:26.117771+00:00
[2021-10-16 23:48:26,126] {processor.py:171} INFO - Processing /home/airflow/.local/lib/python3.6/site-packages/airflow/example_dags/example_latest_only_with_trigger.py took 0.058 seconds
[2021-10-16 23:48:56,332] {processor.py:163} INFO - Started process (PID=2016) to work on /home/airflow/.local/lib/python3.6/site-packages/airflow/example_dags/example_latest_only_with_trigger.py
[2021-10-16 23:48:56,333] {processor.py:620} INFO - Processing file /home/airflow/.local/lib/python3.6/site-packages/airflow/example_dags/example_latest_only_with_trigger.py for tasks to queue
[2021-10-16 23:48:56,334] {logging_mixin.py:109} INFO - [2021-10-16 23:48:56,334] {dagbag.py:500} INFO - Filling up the DagBag from /home/airflow/.local/lib/python3.6/site-packages/airflow/example_dags/example_latest_only_with_trigger.py
[2021-10-16 23:48:56,365] {processor.py:632} INFO - DAG(s) dict_keys(['latest_only_with_trigger']) retrieved from /home/airflow/.local/lib/python3.6/site-packages/airflow/example_dags/example_latest_only_with_trigger.py
[2021-10-16 23:48:56,381] {logging_mixin.py:109} INFO - [2021-10-16 23:48:56,381] {dag.py:2389} INFO - Sync 1 DAGs
[2021-10-16 23:48:56,400] {logging_mixin.py:109} INFO - [2021-10-16 23:48:56,400] {dag.py:2914} INFO - Setting next_dagrun for latest_only_with_trigger to 2021-10-16T19:48:56.400136+00:00
[2021-10-16 23:48:56,410] {processor.py:171} INFO - Processing /home/airflow/.local/lib/python3.6/site-packages/airflow/example_dags/example_latest_only_with_trigger.py took 0.083 seconds
[2021-10-16 23:49:26,769] {processor.py:163} INFO - Started process (PID=2082) to work on /home/airflow/.local/lib/python3.6/site-packages/airflow/example_dags/example_latest_only_with_trigger.py
[2021-10-16 23:49:26,770] {processor.py:620} INFO - Processing file /home/airflow/.local/lib/python3.6/site-packages/airflow/example_dags/example_latest_only_with_trigger.py for tasks to queue
[2021-10-16 23:49:26,771] {logging_mixin.py:109} INFO - [2021-10-16 23:49:26,771] {dagbag.py:500} INFO - Filling up the DagBag from /home/airflow/.local/lib/python3.6/site-packages/airflow/example_dags/example_latest_only_with_trigger.py
[2021-10-16 23:49:26,797] {processor.py:632} INFO - DAG(s) dict_keys(['latest_only_with_trigger']) retrieved from /home/airflow/.local/lib/python3.6/site-packages/airflow/example_dags/example_latest_only_with_trigger.py
[2021-10-16 23:49:26,809] {logging_mixin.py:109} INFO - [2021-10-16 23:49:26,809] {dag.py:2389} INFO - Sync 1 DAGs
[2021-10-16 23:49:26,826] {logging_mixin.py:109} INFO - [2021-10-16 23:49:26,826] {dag.py:2914} INFO - Setting next_dagrun for latest_only_with_trigger to 2021-10-16T19:49:26.826602+00:00
[2021-10-16 23:49:26,836] {processor.py:171} INFO - Processing /home/airflow/.local/lib/python3.6/site-packages/airflow/example_dags/example_latest_only_with_trigger.py took 0.072 seconds
[2021-10-16 23:49:56,894] {processor.py:163} INFO - Started process (PID=2138) to work on /home/airflow/.local/lib/python3.6/site-packages/airflow/example_dags/example_latest_only_with_trigger.py
[2021-10-16 23:49:56,895] {processor.py:620} INFO - Processing file /home/airflow/.local/lib/python3.6/site-packages/airflow/example_dags/example_latest_only_with_trigger.py for tasks to queue
[2021-10-16 23:49:56,896] {logging_mixin.py:109} INFO - [2021-10-16 23:49:56,895] {dagbag.py:500} INFO - Filling up the DagBag from /home/airflow/.local/lib/python3.6/site-packages/airflow/example_dags/example_latest_only_with_trigger.py
[2021-10-16 23:49:56,916] {processor.py:632} INFO - DAG(s) dict_keys(['latest_only_with_trigger']) retrieved from /home/airflow/.local/lib/python3.6/site-packages/airflow/example_dags/example_latest_only_with_trigger.py
[2021-10-16 23:49:56,926] {logging_mixin.py:109} INFO - [2021-10-16 23:49:56,926] {dag.py:2389} INFO - Sync 1 DAGs
[2021-10-16 23:49:56,941] {logging_mixin.py:109} INFO - [2021-10-16 23:49:56,941] {dag.py:2914} INFO - Setting next_dagrun for latest_only_with_trigger to 2021-10-16T19:49:56.940919+00:00
[2021-10-16 23:49:56,950] {processor.py:171} INFO - Processing /home/airflow/.local/lib/python3.6/site-packages/airflow/example_dags/example_latest_only_with_trigger.py took 0.059 seconds
[2021-10-16 23:50:27,376] {processor.py:163} INFO - Started process (PID=2194) to work on /home/airflow/.local/lib/python3.6/site-packages/airflow/example_dags/example_latest_only_with_trigger.py
[2021-10-16 23:50:27,377] {processor.py:620} INFO - Processing file /home/airflow/.local/lib/python3.6/site-packages/airflow/example_dags/example_latest_only_with_trigger.py for tasks to queue
[2021-10-16 23:50:27,377] {logging_mixin.py:109} INFO - [2021-10-16 23:50:27,377] {dagbag.py:500} INFO - Filling up the DagBag from /home/airflow/.local/lib/python3.6/site-packages/airflow/example_dags/example_latest_only_with_trigger.py
[2021-10-16 23:50:27,406] {processor.py:632} INFO - DAG(s) dict_keys(['latest_only_with_trigger']) retrieved from /home/airflow/.local/lib/python3.6/site-packages/airflow/example_dags/example_latest_only_with_trigger.py
[2021-10-16 23:50:27,418] {logging_mixin.py:109} INFO - [2021-10-16 23:50:27,417] {dag.py:2389} INFO - Sync 1 DAGs
[2021-10-16 23:50:27,438] {logging_mixin.py:109} INFO - [2021-10-16 23:50:27,438] {dag.py:2914} INFO - Setting next_dagrun for latest_only_with_trigger to 2021-10-16T19:50:27.437959+00:00
[2021-10-16 23:50:27,448] {processor.py:171} INFO - Processing /home/airflow/.local/lib/python3.6/site-packages/airflow/example_dags/example_latest_only_with_trigger.py took 0.075 seconds
[2021-10-16 23:50:58,442] {processor.py:163} INFO - Started process (PID=2259) to work on /home/airflow/.local/lib/python3.6/site-packages/airflow/example_dags/example_latest_only_with_trigger.py
[2021-10-16 23:50:58,443] {processor.py:620} INFO - Processing file /home/airflow/.local/lib/python3.6/site-packages/airflow/example_dags/example_latest_only_with_trigger.py for tasks to queue
[2021-10-16 23:50:58,444] {logging_mixin.py:109} INFO - [2021-10-16 23:50:58,443] {dagbag.py:500} INFO - Filling up the DagBag from /home/airflow/.local/lib/python3.6/site-packages/airflow/example_dags/example_latest_only_with_trigger.py
[2021-10-16 23:50:58,468] {processor.py:632} INFO - DAG(s) dict_keys(['latest_only_with_trigger']) retrieved from /home/airflow/.local/lib/python3.6/site-packages/airflow/example_dags/example_latest_only_with_trigger.py
[2021-10-16 23:50:58,478] {logging_mixin.py:109} INFO - [2021-10-16 23:50:58,478] {dag.py:2389} INFO - Sync 1 DAGs
[2021-10-16 23:50:58,493] {logging_mixin.py:109} INFO - [2021-10-16 23:50:58,493] {dag.py:2914} INFO - Setting next_dagrun for latest_only_with_trigger to 2021-10-16T19:50:58.493037+00:00
[2021-10-16 23:50:58,501] {processor.py:171} INFO - Processing /home/airflow/.local/lib/python3.6/site-packages/airflow/example_dags/example_latest_only_with_trigger.py took 0.063 seconds
[2021-10-16 23:51:29,176] {processor.py:163} INFO - Started process (PID=2314) to work on /home/airflow/.local/lib/python3.6/site-packages/airflow/example_dags/example_latest_only_with_trigger.py
[2021-10-16 23:51:29,178] {processor.py:620} INFO - Processing file /home/airflow/.local/lib/python3.6/site-packages/airflow/example_dags/example_latest_only_with_trigger.py for tasks to queue
[2021-10-16 23:51:29,179] {logging_mixin.py:109} INFO - [2021-10-16 23:51:29,178] {dagbag.py:500} INFO - Filling up the DagBag from /home/airflow/.local/lib/python3.6/site-packages/airflow/example_dags/example_latest_only_with_trigger.py
[2021-10-16 23:51:29,216] {processor.py:632} INFO - DAG(s) dict_keys(['latest_only_with_trigger']) retrieved from /home/airflow/.local/lib/python3.6/site-packages/airflow/example_dags/example_latest_only_with_trigger.py
[2021-10-16 23:51:29,231] {logging_mixin.py:109} INFO - [2021-10-16 23:51:29,230] {dag.py:2389} INFO - Sync 1 DAGs
[2021-10-16 23:51:29,256] {logging_mixin.py:109} INFO - [2021-10-16 23:51:29,256] {dag.py:2914} INFO - Setting next_dagrun for latest_only_with_trigger to 2021-10-16T19:51:29.256491+00:00
[2021-10-16 23:51:29,267] {processor.py:171} INFO - Processing /home/airflow/.local/lib/python3.6/site-packages/airflow/example_dags/example_latest_only_with_trigger.py took 0.094 seconds
[2021-10-16 23:51:59,400] {processor.py:163} INFO - Started process (PID=2381) to work on /home/airflow/.local/lib/python3.6/site-packages/airflow/example_dags/example_latest_only_with_trigger.py
[2021-10-16 23:51:59,401] {processor.py:620} INFO - Processing file /home/airflow/.local/lib/python3.6/site-packages/airflow/example_dags/example_latest_only_with_trigger.py for tasks to queue
[2021-10-16 23:51:59,402] {logging_mixin.py:109} INFO - [2021-10-16 23:51:59,402] {dagbag.py:500} INFO - Filling up the DagBag from /home/airflow/.local/lib/python3.6/site-packages/airflow/example_dags/example_latest_only_with_trigger.py
[2021-10-16 23:51:59,426] {processor.py:632} INFO - DAG(s) dict_keys(['latest_only_with_trigger']) retrieved from /home/airflow/.local/lib/python3.6/site-packages/airflow/example_dags/example_latest_only_with_trigger.py
[2021-10-16 23:51:59,437] {logging_mixin.py:109} INFO - [2021-10-16 23:51:59,436] {dag.py:2389} INFO - Sync 1 DAGs
[2021-10-16 23:51:59,451] {logging_mixin.py:109} INFO - [2021-10-16 23:51:59,451] {dag.py:2914} INFO - Setting next_dagrun for latest_only_with_trigger to 2021-10-16T19:51:59.451609+00:00
[2021-10-16 23:51:59,460] {processor.py:171} INFO - Processing /home/airflow/.local/lib/python3.6/site-packages/airflow/example_dags/example_latest_only_with_trigger.py took 0.063 seconds
[2021-10-16 23:52:29,724] {processor.py:163} INFO - Started process (PID=2436) to work on /home/airflow/.local/lib/python3.6/site-packages/airflow/example_dags/example_latest_only_with_trigger.py
[2021-10-16 23:52:29,726] {processor.py:620} INFO - Processing file /home/airflow/.local/lib/python3.6/site-packages/airflow/example_dags/example_latest_only_with_trigger.py for tasks to queue
[2021-10-16 23:52:29,727] {logging_mixin.py:109} INFO - [2021-10-16 23:52:29,727] {dagbag.py:500} INFO - Filling up the DagBag from /home/airflow/.local/lib/python3.6/site-packages/airflow/example_dags/example_latest_only_with_trigger.py
[2021-10-16 23:52:29,762] {processor.py:632} INFO - DAG(s) dict_keys(['latest_only_with_trigger']) retrieved from /home/airflow/.local/lib/python3.6/site-packages/airflow/example_dags/example_latest_only_with_trigger.py
[2021-10-16 23:52:29,777] {logging_mixin.py:109} INFO - [2021-10-16 23:52:29,777] {dag.py:2389} INFO - Sync 1 DAGs
[2021-10-16 23:52:29,797] {logging_mixin.py:109} INFO - [2021-10-16 23:52:29,797] {dag.py:2914} INFO - Setting next_dagrun for latest_only_with_trigger to 2021-10-16T19:52:29.797379+00:00
[2021-10-16 23:52:29,809] {processor.py:171} INFO - Processing /home/airflow/.local/lib/python3.6/site-packages/airflow/example_dags/example_latest_only_with_trigger.py took 0.091 seconds
[2021-10-16 23:53:00,242] {processor.py:163} INFO - Started process (PID=2492) to work on /home/airflow/.local/lib/python3.6/site-packages/airflow/example_dags/example_latest_only_with_trigger.py
[2021-10-16 23:53:00,244] {processor.py:620} INFO - Processing file /home/airflow/.local/lib/python3.6/site-packages/airflow/example_dags/example_latest_only_with_trigger.py for tasks to queue
[2021-10-16 23:53:00,245] {logging_mixin.py:109} INFO - [2021-10-16 23:53:00,245] {dagbag.py:500} INFO - Filling up the DagBag from /home/airflow/.local/lib/python3.6/site-packages/airflow/example_dags/example_latest_only_with_trigger.py
[2021-10-16 23:53:00,289] {processor.py:632} INFO - DAG(s) dict_keys(['latest_only_with_trigger']) retrieved from /home/airflow/.local/lib/python3.6/site-packages/airflow/example_dags/example_latest_only_with_trigger.py
[2021-10-16 23:53:00,308] {logging_mixin.py:109} INFO - [2021-10-16 23:53:00,307] {dag.py:2389} INFO - Sync 1 DAGs
[2021-10-16 23:53:00,335] {logging_mixin.py:109} INFO - [2021-10-16 23:53:00,335] {dag.py:2914} INFO - Setting next_dagrun for latest_only_with_trigger to 2021-10-16T19:53:00.334631+00:00
[2021-10-16 23:53:00,347] {processor.py:171} INFO - Processing /home/airflow/.local/lib/python3.6/site-packages/airflow/example_dags/example_latest_only_with_trigger.py took 0.109 seconds
[2021-10-16 23:53:30,663] {processor.py:163} INFO - Started process (PID=2560) to work on /home/airflow/.local/lib/python3.6/site-packages/airflow/example_dags/example_latest_only_with_trigger.py
[2021-10-16 23:53:30,664] {processor.py:620} INFO - Processing file /home/airflow/.local/lib/python3.6/site-packages/airflow/example_dags/example_latest_only_with_trigger.py for tasks to queue
[2021-10-16 23:53:30,665] {logging_mixin.py:109} INFO - [2021-10-16 23:53:30,665] {dagbag.py:500} INFO - Filling up the DagBag from /home/airflow/.local/lib/python3.6/site-packages/airflow/example_dags/example_latest_only_with_trigger.py
[2021-10-16 23:53:30,693] {processor.py:632} INFO - DAG(s) dict_keys(['latest_only_with_trigger']) retrieved from /home/airflow/.local/lib/python3.6/site-packages/airflow/example_dags/example_latest_only_with_trigger.py
[2021-10-16 23:53:30,705] {logging_mixin.py:109} INFO - [2021-10-16 23:53:30,705] {dag.py:2389} INFO - Sync 1 DAGs
[2021-10-16 23:53:30,723] {logging_mixin.py:109} INFO - [2021-10-16 23:53:30,723] {dag.py:2914} INFO - Setting next_dagrun for latest_only_with_trigger to 2021-10-16T19:53:30.723410+00:00
[2021-10-16 23:53:30,733] {processor.py:171} INFO - Processing /home/airflow/.local/lib/python3.6/site-packages/airflow/example_dags/example_latest_only_with_trigger.py took 0.073 seconds
[2021-10-16 23:54:00,872] {processor.py:163} INFO - Started process (PID=2615) to work on /home/airflow/.local/lib/python3.6/site-packages/airflow/example_dags/example_latest_only_with_trigger.py
[2021-10-16 23:54:00,874] {processor.py:620} INFO - Processing file /home/airflow/.local/lib/python3.6/site-packages/airflow/example_dags/example_latest_only_with_trigger.py for tasks to queue
[2021-10-16 23:54:00,876] {logging_mixin.py:109} INFO - [2021-10-16 23:54:00,875] {dagbag.py:500} INFO - Filling up the DagBag from /home/airflow/.local/lib/python3.6/site-packages/airflow/example_dags/example_latest_only_with_trigger.py
[2021-10-16 23:54:00,934] {processor.py:632} INFO - DAG(s) dict_keys(['latest_only_with_trigger']) retrieved from /home/airflow/.local/lib/python3.6/site-packages/airflow/example_dags/example_latest_only_with_trigger.py
[2021-10-16 23:54:00,955] {logging_mixin.py:109} INFO - [2021-10-16 23:54:00,954] {dag.py:2389} INFO - Sync 1 DAGs
[2021-10-16 23:54:00,981] {logging_mixin.py:109} INFO - [2021-10-16 23:54:00,981] {dag.py:2914} INFO - Setting next_dagrun for latest_only_with_trigger to 2021-10-16T19:54:00.980987+00:00
[2021-10-16 23:54:00,997] {processor.py:171} INFO - Processing /home/airflow/.local/lib/python3.6/site-packages/airflow/example_dags/example_latest_only_with_trigger.py took 0.130 seconds
[2021-10-16 23:54:31,148] {processor.py:163} INFO - Started process (PID=2670) to work on /home/airflow/.local/lib/python3.6/site-packages/airflow/example_dags/example_latest_only_with_trigger.py
[2021-10-16 23:54:31,150] {processor.py:620} INFO - Processing file /home/airflow/.local/lib/python3.6/site-packages/airflow/example_dags/example_latest_only_with_trigger.py for tasks to queue
[2021-10-16 23:54:31,150] {logging_mixin.py:109} INFO - [2021-10-16 23:54:31,150] {dagbag.py:500} INFO - Filling up the DagBag from /home/airflow/.local/lib/python3.6/site-packages/airflow/example_dags/example_latest_only_with_trigger.py
[2021-10-16 23:54:31,185] {processor.py:632} INFO - DAG(s) dict_keys(['latest_only_with_trigger']) retrieved from /home/airflow/.local/lib/python3.6/site-packages/airflow/example_dags/example_latest_only_with_trigger.py
[2021-10-16 23:54:31,205] {logging_mixin.py:109} INFO - [2021-10-16 23:54:31,205] {dag.py:2389} INFO - Sync 1 DAGs
[2021-10-16 23:54:31,225] {logging_mixin.py:109} INFO - [2021-10-16 23:54:31,225] {dag.py:2914} INFO - Setting next_dagrun for latest_only_with_trigger to 2021-10-16T19:54:31.225104+00:00
[2021-10-16 23:54:31,235] {processor.py:171} INFO - Processing /home/airflow/.local/lib/python3.6/site-packages/airflow/example_dags/example_latest_only_with_trigger.py took 0.092 seconds
[2021-10-16 23:55:01,583] {processor.py:163} INFO - Started process (PID=2737) to work on /home/airflow/.local/lib/python3.6/site-packages/airflow/example_dags/example_latest_only_with_trigger.py
[2021-10-16 23:55:01,584] {processor.py:620} INFO - Processing file /home/airflow/.local/lib/python3.6/site-packages/airflow/example_dags/example_latest_only_with_trigger.py for tasks to queue
[2021-10-16 23:55:01,585] {logging_mixin.py:109} INFO - [2021-10-16 23:55:01,585] {dagbag.py:500} INFO - Filling up the DagBag from /home/airflow/.local/lib/python3.6/site-packages/airflow/example_dags/example_latest_only_with_trigger.py
[2021-10-16 23:55:01,610] {processor.py:632} INFO - DAG(s) dict_keys(['latest_only_with_trigger']) retrieved from /home/airflow/.local/lib/python3.6/site-packages/airflow/example_dags/example_latest_only_with_trigger.py
[2021-10-16 23:55:01,620] {logging_mixin.py:109} INFO - [2021-10-16 23:55:01,620] {dag.py:2389} INFO - Sync 1 DAGs
[2021-10-16 23:55:01,635] {logging_mixin.py:109} INFO - [2021-10-16 23:55:01,635] {dag.py:2914} INFO - Setting next_dagrun for latest_only_with_trigger to 2021-10-16T19:55:01.635455+00:00
[2021-10-16 23:55:01,644] {processor.py:171} INFO - Processing /home/airflow/.local/lib/python3.6/site-packages/airflow/example_dags/example_latest_only_with_trigger.py took 0.063 seconds
[2021-10-16 23:55:31,842] {processor.py:163} INFO - Started process (PID=2794) to work on /home/airflow/.local/lib/python3.6/site-packages/airflow/example_dags/example_latest_only_with_trigger.py
[2021-10-16 23:55:31,845] {processor.py:620} INFO - Processing file /home/airflow/.local/lib/python3.6/site-packages/airflow/example_dags/example_latest_only_with_trigger.py for tasks to queue
[2021-10-16 23:55:31,846] {logging_mixin.py:109} INFO - [2021-10-16 23:55:31,846] {dagbag.py:500} INFO - Filling up the DagBag from /home/airflow/.local/lib/python3.6/site-packages/airflow/example_dags/example_latest_only_with_trigger.py
[2021-10-16 23:55:31,882] {processor.py:632} INFO - DAG(s) dict_keys(['latest_only_with_trigger']) retrieved from /home/airflow/.local/lib/python3.6/site-packages/airflow/example_dags/example_latest_only_with_trigger.py
[2021-10-16 23:55:31,895] {logging_mixin.py:109} INFO - [2021-10-16 23:55:31,895] {dag.py:2389} INFO - Sync 1 DAGs
[2021-10-16 23:55:31,914] {logging_mixin.py:109} INFO - [2021-10-16 23:55:31,914] {dag.py:2914} INFO - Setting next_dagrun for latest_only_with_trigger to 2021-10-16T19:55:31.914252+00:00
[2021-10-16 23:55:31,924] {processor.py:171} INFO - Processing /home/airflow/.local/lib/python3.6/site-packages/airflow/example_dags/example_latest_only_with_trigger.py took 0.091 seconds
[2021-10-16 23:56:02,145] {processor.py:163} INFO - Started process (PID=2850) to work on /home/airflow/.local/lib/python3.6/site-packages/airflow/example_dags/example_latest_only_with_trigger.py
[2021-10-16 23:56:02,146] {processor.py:620} INFO - Processing file /home/airflow/.local/lib/python3.6/site-packages/airflow/example_dags/example_latest_only_with_trigger.py for tasks to queue
[2021-10-16 23:56:02,147] {logging_mixin.py:109} INFO - [2021-10-16 23:56:02,146] {dagbag.py:500} INFO - Filling up the DagBag from /home/airflow/.local/lib/python3.6/site-packages/airflow/example_dags/example_latest_only_with_trigger.py
[2021-10-16 23:56:02,187] {processor.py:632} INFO - DAG(s) dict_keys(['latest_only_with_trigger']) retrieved from /home/airflow/.local/lib/python3.6/site-packages/airflow/example_dags/example_latest_only_with_trigger.py
[2021-10-16 23:56:02,203] {logging_mixin.py:109} INFO - [2021-10-16 23:56:02,202] {dag.py:2389} INFO - Sync 1 DAGs
[2021-10-16 23:56:02,228] {logging_mixin.py:109} INFO - [2021-10-16 23:56:02,228] {dag.py:2914} INFO - Setting next_dagrun for latest_only_with_trigger to 2021-10-16T19:56:02.227686+00:00
[2021-10-16 23:56:02,243] {processor.py:171} INFO - Processing /home/airflow/.local/lib/python3.6/site-packages/airflow/example_dags/example_latest_only_with_trigger.py took 0.102 seconds
[2021-10-16 23:56:33,182] {processor.py:163} INFO - Started process (PID=2917) to work on /home/airflow/.local/lib/python3.6/site-packages/airflow/example_dags/example_latest_only_with_trigger.py
[2021-10-16 23:56:33,184] {processor.py:620} INFO - Processing file /home/airflow/.local/lib/python3.6/site-packages/airflow/example_dags/example_latest_only_with_trigger.py for tasks to queue
[2021-10-16 23:56:33,184] {logging_mixin.py:109} INFO - [2021-10-16 23:56:33,184] {dagbag.py:500} INFO - Filling up the DagBag from /home/airflow/.local/lib/python3.6/site-packages/airflow/example_dags/example_latest_only_with_trigger.py
[2021-10-16 23:56:33,211] {processor.py:632} INFO - DAG(s) dict_keys(['latest_only_with_trigger']) retrieved from /home/airflow/.local/lib/python3.6/site-packages/airflow/example_dags/example_latest_only_with_trigger.py
[2021-10-16 23:56:33,222] {logging_mixin.py:109} INFO - [2021-10-16 23:56:33,222] {dag.py:2389} INFO - Sync 1 DAGs
[2021-10-16 23:56:33,237] {logging_mixin.py:109} INFO - [2021-10-16 23:56:33,237] {dag.py:2914} INFO - Setting next_dagrun for latest_only_with_trigger to 2021-10-16T19:56:33.237352+00:00
[2021-10-16 23:56:33,245] {processor.py:171} INFO - Processing /home/airflow/.local/lib/python3.6/site-packages/airflow/example_dags/example_latest_only_with_trigger.py took 0.066 seconds
[2021-10-16 23:57:03,325] {processor.py:163} INFO - Started process (PID=2972) to work on /home/airflow/.local/lib/python3.6/site-packages/airflow/example_dags/example_latest_only_with_trigger.py
[2021-10-16 23:57:03,326] {processor.py:620} INFO - Processing file /home/airflow/.local/lib/python3.6/site-packages/airflow/example_dags/example_latest_only_with_trigger.py for tasks to queue
[2021-10-16 23:57:03,327] {logging_mixin.py:109} INFO - [2021-10-16 23:57:03,327] {dagbag.py:500} INFO - Filling up the DagBag from /home/airflow/.local/lib/python3.6/site-packages/airflow/example_dags/example_latest_only_with_trigger.py
[2021-10-16 23:57:03,355] {processor.py:632} INFO - DAG(s) dict_keys(['latest_only_with_trigger']) retrieved from /home/airflow/.local/lib/python3.6/site-packages/airflow/example_dags/example_latest_only_with_trigger.py
[2021-10-16 23:57:03,368] {logging_mixin.py:109} INFO - [2021-10-16 23:57:03,367] {dag.py:2389} INFO - Sync 1 DAGs
[2021-10-16 23:57:03,387] {logging_mixin.py:109} INFO - [2021-10-16 23:57:03,387] {dag.py:2914} INFO - Setting next_dagrun for latest_only_with_trigger to 2021-10-16T19:57:03.386792+00:00
[2021-10-16 23:57:03,399] {processor.py:171} INFO - Processing /home/airflow/.local/lib/python3.6/site-packages/airflow/example_dags/example_latest_only_with_trigger.py took 0.078 seconds
[2021-10-16 23:57:33,867] {processor.py:163} INFO - Started process (PID=3028) to work on /home/airflow/.local/lib/python3.6/site-packages/airflow/example_dags/example_latest_only_with_trigger.py
[2021-10-16 23:57:33,869] {processor.py:620} INFO - Processing file /home/airflow/.local/lib/python3.6/site-packages/airflow/example_dags/example_latest_only_with_trigger.py for tasks to queue
[2021-10-16 23:57:33,870] {logging_mixin.py:109} INFO - [2021-10-16 23:57:33,870] {dagbag.py:500} INFO - Filling up the DagBag from /home/airflow/.local/lib/python3.6/site-packages/airflow/example_dags/example_latest_only_with_trigger.py
[2021-10-16 23:57:33,899] {processor.py:632} INFO - DAG(s) dict_keys(['latest_only_with_trigger']) retrieved from /home/airflow/.local/lib/python3.6/site-packages/airflow/example_dags/example_latest_only_with_trigger.py
[2021-10-16 23:57:33,910] {logging_mixin.py:109} INFO - [2021-10-16 23:57:33,910] {dag.py:2389} INFO - Sync 1 DAGs
[2021-10-16 23:57:33,927] {logging_mixin.py:109} INFO - [2021-10-16 23:57:33,927] {dag.py:2914} INFO - Setting next_dagrun for latest_only_with_trigger to 2021-10-16T19:57:33.927121+00:00
[2021-10-16 23:57:33,937] {processor.py:171} INFO - Processing /home/airflow/.local/lib/python3.6/site-packages/airflow/example_dags/example_latest_only_with_trigger.py took 0.075 seconds
[2021-10-16 23:58:04,414] {processor.py:163} INFO - Started process (PID=3094) to work on /home/airflow/.local/lib/python3.6/site-packages/airflow/example_dags/example_latest_only_with_trigger.py
[2021-10-16 23:58:04,416] {processor.py:620} INFO - Processing file /home/airflow/.local/lib/python3.6/site-packages/airflow/example_dags/example_latest_only_with_trigger.py for tasks to queue
[2021-10-16 23:58:04,417] {logging_mixin.py:109} INFO - [2021-10-16 23:58:04,417] {dagbag.py:500} INFO - Filling up the DagBag from /home/airflow/.local/lib/python3.6/site-packages/airflow/example_dags/example_latest_only_with_trigger.py
[2021-10-16 23:58:04,457] {processor.py:632} INFO - DAG(s) dict_keys(['latest_only_with_trigger']) retrieved from /home/airflow/.local/lib/python3.6/site-packages/airflow/example_dags/example_latest_only_with_trigger.py
[2021-10-16 23:58:04,475] {logging_mixin.py:109} INFO - [2021-10-16 23:58:04,475] {dag.py:2389} INFO - Sync 1 DAGs
[2021-10-16 23:58:04,500] {logging_mixin.py:109} INFO - [2021-10-16 23:58:04,500] {dag.py:2914} INFO - Setting next_dagrun for latest_only_with_trigger to 2021-10-16T19:58:04.499814+00:00
[2021-10-16 23:58:04,513] {processor.py:171} INFO - Processing /home/airflow/.local/lib/python3.6/site-packages/airflow/example_dags/example_latest_only_with_trigger.py took 0.103 seconds
[2021-10-16 23:58:35,502] {processor.py:163} INFO - Started process (PID=3151) to work on /home/airflow/.local/lib/python3.6/site-packages/airflow/example_dags/example_latest_only_with_trigger.py
[2021-10-16 23:58:35,503] {processor.py:620} INFO - Processing file /home/airflow/.local/lib/python3.6/site-packages/airflow/example_dags/example_latest_only_with_trigger.py for tasks to queue
[2021-10-16 23:58:35,504] {logging_mixin.py:109} INFO - [2021-10-16 23:58:35,504] {dagbag.py:500} INFO - Filling up the DagBag from /home/airflow/.local/lib/python3.6/site-packages/airflow/example_dags/example_latest_only_with_trigger.py
[2021-10-16 23:58:35,540] {processor.py:632} INFO - DAG(s) dict_keys(['latest_only_with_trigger']) retrieved from /home/airflow/.local/lib/python3.6/site-packages/airflow/example_dags/example_latest_only_with_trigger.py
[2021-10-16 23:58:35,554] {logging_mixin.py:109} INFO - [2021-10-16 23:58:35,554] {dag.py:2389} INFO - Sync 1 DAGs
[2021-10-16 23:58:35,575] {logging_mixin.py:109} INFO - [2021-10-16 23:58:35,575] {dag.py:2914} INFO - Setting next_dagrun for latest_only_with_trigger to 2021-10-16T19:58:35.574878+00:00
[2021-10-16 23:58:35,586] {processor.py:171} INFO - Processing /home/airflow/.local/lib/python3.6/site-packages/airflow/example_dags/example_latest_only_with_trigger.py took 0.088 seconds
[2021-10-16 23:59:05,753] {processor.py:163} INFO - Started process (PID=3207) to work on /home/airflow/.local/lib/python3.6/site-packages/airflow/example_dags/example_latest_only_with_trigger.py
[2021-10-16 23:59:05,755] {processor.py:620} INFO - Processing file /home/airflow/.local/lib/python3.6/site-packages/airflow/example_dags/example_latest_only_with_trigger.py for tasks to queue
[2021-10-16 23:59:05,756] {logging_mixin.py:109} INFO - [2021-10-16 23:59:05,756] {dagbag.py:500} INFO - Filling up the DagBag from /home/airflow/.local/lib/python3.6/site-packages/airflow/example_dags/example_latest_only_with_trigger.py
[2021-10-16 23:59:05,844] {processor.py:632} INFO - DAG(s) dict_keys(['latest_only_with_trigger']) retrieved from /home/airflow/.local/lib/python3.6/site-packages/airflow/example_dags/example_latest_only_with_trigger.py
[2021-10-16 23:59:05,857] {logging_mixin.py:109} INFO - [2021-10-16 23:59:05,857] {dag.py:2389} INFO - Sync 1 DAGs
[2021-10-16 23:59:05,877] {logging_mixin.py:109} INFO - [2021-10-16 23:59:05,877] {dag.py:2914} INFO - Setting next_dagrun for latest_only_with_trigger to 2021-10-16T19:59:05.876877+00:00
[2021-10-16 23:59:05,886] {processor.py:171} INFO - Processing /home/airflow/.local/lib/python3.6/site-packages/airflow/example_dags/example_latest_only_with_trigger.py took 0.139 seconds
[2021-10-16 23:59:36,496] {processor.py:163} INFO - Started process (PID=3273) to work on /home/airflow/.local/lib/python3.6/site-packages/airflow/example_dags/example_latest_only_with_trigger.py
[2021-10-16 23:59:36,498] {processor.py:620} INFO - Processing file /home/airflow/.local/lib/python3.6/site-packages/airflow/example_dags/example_latest_only_with_trigger.py for tasks to queue
[2021-10-16 23:59:36,499] {logging_mixin.py:109} INFO - [2021-10-16 23:59:36,499] {dagbag.py:500} INFO - Filling up the DagBag from /home/airflow/.local/lib/python3.6/site-packages/airflow/example_dags/example_latest_only_with_trigger.py
[2021-10-16 23:59:36,534] {processor.py:632} INFO - DAG(s) dict_keys(['latest_only_with_trigger']) retrieved from /home/airflow/.local/lib/python3.6/site-packages/airflow/example_dags/example_latest_only_with_trigger.py
[2021-10-16 23:59:36,550] {logging_mixin.py:109} INFO - [2021-10-16 23:59:36,550] {dag.py:2389} INFO - Sync 1 DAGs
[2021-10-16 23:59:36,569] {logging_mixin.py:109} INFO - [2021-10-16 23:59:36,569] {dag.py:2914} INFO - Setting next_dagrun for latest_only_with_trigger to 2021-10-16T19:59:36.569462+00:00
[2021-10-16 23:59:36,579] {processor.py:171} INFO - Processing /home/airflow/.local/lib/python3.6/site-packages/airflow/example_dags/example_latest_only_with_trigger.py took 0.091 seconds
