[2021-10-16 23:32:13,693] {processor.py:163} INFO - Started process (PID=67) to work on /home/airflow/.local/lib/python3.6/site-packages/airflow/example_dags/example_short_circuit_operator.py
[2021-10-16 23:32:13,694] {processor.py:620} INFO - Processing file /home/airflow/.local/lib/python3.6/site-packages/airflow/example_dags/example_short_circuit_operator.py for tasks to queue
[2021-10-16 23:32:13,695] {logging_mixin.py:109} INFO - [2021-10-16 23:32:13,695] {dagbag.py:500} INFO - Filling up the DagBag from /home/airflow/.local/lib/python3.6/site-packages/airflow/example_dags/example_short_circuit_operator.py
[2021-10-16 23:32:13,730] {processor.py:632} INFO - DAG(s) dict_keys(['example_short_circuit_operator']) retrieved from /home/airflow/.local/lib/python3.6/site-packages/airflow/example_dags/example_short_circuit_operator.py
[2021-10-16 23:32:13,744] {logging_mixin.py:109} INFO - [2021-10-16 23:32:13,744] {dag.py:2389} INFO - Sync 1 DAGs
[2021-10-16 23:32:13,765] {logging_mixin.py:109} INFO - [2021-10-16 23:32:13,765] {dag.py:2914} INFO - Setting next_dagrun for example_short_circuit_operator to 2021-10-15T23:32:13.765143+00:00
[2021-10-16 23:32:13,777] {processor.py:171} INFO - Processing /home/airflow/.local/lib/python3.6/site-packages/airflow/example_dags/example_short_circuit_operator.py took 0.089 seconds
[2021-10-16 23:32:44,419] {processor.py:163} INFO - Started process (PID=131) to work on /home/airflow/.local/lib/python3.6/site-packages/airflow/example_dags/example_short_circuit_operator.py
[2021-10-16 23:32:44,420] {processor.py:620} INFO - Processing file /home/airflow/.local/lib/python3.6/site-packages/airflow/example_dags/example_short_circuit_operator.py for tasks to queue
[2021-10-16 23:32:44,421] {logging_mixin.py:109} INFO - [2021-10-16 23:32:44,421] {dagbag.py:500} INFO - Filling up the DagBag from /home/airflow/.local/lib/python3.6/site-packages/airflow/example_dags/example_short_circuit_operator.py
[2021-10-16 23:32:44,451] {processor.py:632} INFO - DAG(s) dict_keys(['example_short_circuit_operator']) retrieved from /home/airflow/.local/lib/python3.6/site-packages/airflow/example_dags/example_short_circuit_operator.py
[2021-10-16 23:32:44,464] {logging_mixin.py:109} INFO - [2021-10-16 23:32:44,464] {dag.py:2389} INFO - Sync 1 DAGs
[2021-10-16 23:32:44,479] {logging_mixin.py:109} INFO - [2021-10-16 23:32:44,479] {dag.py:2914} INFO - Setting next_dagrun for example_short_circuit_operator to 2021-10-15T23:32:44.479255+00:00
[2021-10-16 23:32:44,488] {processor.py:171} INFO - Processing /home/airflow/.local/lib/python3.6/site-packages/airflow/example_dags/example_short_circuit_operator.py took 0.072 seconds
[2021-10-16 23:33:15,736] {processor.py:163} INFO - Started process (PID=188) to work on /home/airflow/.local/lib/python3.6/site-packages/airflow/example_dags/example_short_circuit_operator.py
[2021-10-16 23:33:15,737] {processor.py:620} INFO - Processing file /home/airflow/.local/lib/python3.6/site-packages/airflow/example_dags/example_short_circuit_operator.py for tasks to queue
[2021-10-16 23:33:15,738] {logging_mixin.py:109} INFO - [2021-10-16 23:33:15,738] {dagbag.py:500} INFO - Filling up the DagBag from /home/airflow/.local/lib/python3.6/site-packages/airflow/example_dags/example_short_circuit_operator.py
[2021-10-16 23:33:15,769] {processor.py:632} INFO - DAG(s) dict_keys(['example_short_circuit_operator']) retrieved from /home/airflow/.local/lib/python3.6/site-packages/airflow/example_dags/example_short_circuit_operator.py
[2021-10-16 23:33:15,779] {logging_mixin.py:109} INFO - [2021-10-16 23:33:15,779] {dag.py:2389} INFO - Sync 1 DAGs
[2021-10-16 23:33:15,793] {logging_mixin.py:109} INFO - [2021-10-16 23:33:15,793] {dag.py:2914} INFO - Setting next_dagrun for example_short_circuit_operator to 2021-10-15T23:33:15.793421+00:00
[2021-10-16 23:33:15,801] {processor.py:171} INFO - Processing /home/airflow/.local/lib/python3.6/site-packages/airflow/example_dags/example_short_circuit_operator.py took 0.069 seconds
[2021-10-16 23:33:46,688] {processor.py:163} INFO - Started process (PID=245) to work on /home/airflow/.local/lib/python3.6/site-packages/airflow/example_dags/example_short_circuit_operator.py
[2021-10-16 23:33:46,691] {processor.py:620} INFO - Processing file /home/airflow/.local/lib/python3.6/site-packages/airflow/example_dags/example_short_circuit_operator.py for tasks to queue
[2021-10-16 23:33:46,692] {logging_mixin.py:109} INFO - [2021-10-16 23:33:46,692] {dagbag.py:500} INFO - Filling up the DagBag from /home/airflow/.local/lib/python3.6/site-packages/airflow/example_dags/example_short_circuit_operator.py
[2021-10-16 23:33:46,778] {processor.py:632} INFO - DAG(s) dict_keys(['example_short_circuit_operator']) retrieved from /home/airflow/.local/lib/python3.6/site-packages/airflow/example_dags/example_short_circuit_operator.py
[2021-10-16 23:33:46,799] {logging_mixin.py:109} INFO - [2021-10-16 23:33:46,799] {dag.py:2389} INFO - Sync 1 DAGs
[2021-10-16 23:33:46,832] {logging_mixin.py:109} INFO - [2021-10-16 23:33:46,832] {dag.py:2914} INFO - Setting next_dagrun for example_short_circuit_operator to 2021-10-15T23:33:46.832273+00:00
[2021-10-16 23:33:46,846] {processor.py:171} INFO - Processing /home/airflow/.local/lib/python3.6/site-packages/airflow/example_dags/example_short_circuit_operator.py took 0.163 seconds
[2021-10-16 23:34:17,576] {processor.py:163} INFO - Started process (PID=313) to work on /home/airflow/.local/lib/python3.6/site-packages/airflow/example_dags/example_short_circuit_operator.py
[2021-10-16 23:34:17,577] {processor.py:620} INFO - Processing file /home/airflow/.local/lib/python3.6/site-packages/airflow/example_dags/example_short_circuit_operator.py for tasks to queue
[2021-10-16 23:34:17,579] {logging_mixin.py:109} INFO - [2021-10-16 23:34:17,578] {dagbag.py:500} INFO - Filling up the DagBag from /home/airflow/.local/lib/python3.6/site-packages/airflow/example_dags/example_short_circuit_operator.py
[2021-10-16 23:34:17,607] {processor.py:632} INFO - DAG(s) dict_keys(['example_short_circuit_operator']) retrieved from /home/airflow/.local/lib/python3.6/site-packages/airflow/example_dags/example_short_circuit_operator.py
[2021-10-16 23:34:17,620] {logging_mixin.py:109} INFO - [2021-10-16 23:34:17,620] {dag.py:2389} INFO - Sync 1 DAGs
[2021-10-16 23:34:17,644] {logging_mixin.py:109} INFO - [2021-10-16 23:34:17,643] {dag.py:2914} INFO - Setting next_dagrun for example_short_circuit_operator to 2021-10-15T23:34:17.643574+00:00
[2021-10-16 23:34:17,671] {processor.py:171} INFO - Processing /home/airflow/.local/lib/python3.6/site-packages/airflow/example_dags/example_short_circuit_operator.py took 0.099 seconds
[2021-10-16 23:34:49,043] {processor.py:163} INFO - Started process (PID=374) to work on /home/airflow/.local/lib/python3.6/site-packages/airflow/example_dags/example_short_circuit_operator.py
[2021-10-16 23:34:49,045] {processor.py:620} INFO - Processing file /home/airflow/.local/lib/python3.6/site-packages/airflow/example_dags/example_short_circuit_operator.py for tasks to queue
[2021-10-16 23:34:49,047] {logging_mixin.py:109} INFO - [2021-10-16 23:34:49,046] {dagbag.py:500} INFO - Filling up the DagBag from /home/airflow/.local/lib/python3.6/site-packages/airflow/example_dags/example_short_circuit_operator.py
[2021-10-16 23:34:49,111] {processor.py:632} INFO - DAG(s) dict_keys(['example_short_circuit_operator']) retrieved from /home/airflow/.local/lib/python3.6/site-packages/airflow/example_dags/example_short_circuit_operator.py
[2021-10-16 23:34:49,133] {logging_mixin.py:109} INFO - [2021-10-16 23:34:49,133] {dag.py:2389} INFO - Sync 1 DAGs
[2021-10-16 23:34:49,161] {logging_mixin.py:109} INFO - [2021-10-16 23:34:49,161] {dag.py:2914} INFO - Setting next_dagrun for example_short_circuit_operator to 2021-10-15T23:34:49.160764+00:00
[2021-10-16 23:34:49,176] {processor.py:171} INFO - Processing /home/airflow/.local/lib/python3.6/site-packages/airflow/example_dags/example_short_circuit_operator.py took 0.137 seconds
[2021-10-16 23:35:20,107] {processor.py:163} INFO - Started process (PID=433) to work on /home/airflow/.local/lib/python3.6/site-packages/airflow/example_dags/example_short_circuit_operator.py
[2021-10-16 23:35:20,108] {processor.py:620} INFO - Processing file /home/airflow/.local/lib/python3.6/site-packages/airflow/example_dags/example_short_circuit_operator.py for tasks to queue
[2021-10-16 23:35:20,110] {logging_mixin.py:109} INFO - [2021-10-16 23:35:20,109] {dagbag.py:500} INFO - Filling up the DagBag from /home/airflow/.local/lib/python3.6/site-packages/airflow/example_dags/example_short_circuit_operator.py
[2021-10-16 23:35:20,151] {processor.py:632} INFO - DAG(s) dict_keys(['example_short_circuit_operator']) retrieved from /home/airflow/.local/lib/python3.6/site-packages/airflow/example_dags/example_short_circuit_operator.py
[2021-10-16 23:35:20,166] {logging_mixin.py:109} INFO - [2021-10-16 23:35:20,166] {dag.py:2389} INFO - Sync 1 DAGs
[2021-10-16 23:35:20,185] {logging_mixin.py:109} INFO - [2021-10-16 23:35:20,185] {dag.py:2914} INFO - Setting next_dagrun for example_short_circuit_operator to 2021-10-15T23:35:20.184779+00:00
[2021-10-16 23:35:20,195] {processor.py:171} INFO - Processing /home/airflow/.local/lib/python3.6/site-packages/airflow/example_dags/example_short_circuit_operator.py took 0.092 seconds
[2021-10-16 23:35:50,979] {processor.py:163} INFO - Started process (PID=499) to work on /home/airflow/.local/lib/python3.6/site-packages/airflow/example_dags/example_short_circuit_operator.py
[2021-10-16 23:35:50,981] {processor.py:620} INFO - Processing file /home/airflow/.local/lib/python3.6/site-packages/airflow/example_dags/example_short_circuit_operator.py for tasks to queue
[2021-10-16 23:35:50,982] {logging_mixin.py:109} INFO - [2021-10-16 23:35:50,982] {dagbag.py:500} INFO - Filling up the DagBag from /home/airflow/.local/lib/python3.6/site-packages/airflow/example_dags/example_short_circuit_operator.py
[2021-10-16 23:35:51,011] {processor.py:632} INFO - DAG(s) dict_keys(['example_short_circuit_operator']) retrieved from /home/airflow/.local/lib/python3.6/site-packages/airflow/example_dags/example_short_circuit_operator.py
[2021-10-16 23:35:51,024] {logging_mixin.py:109} INFO - [2021-10-16 23:35:51,024] {dag.py:2389} INFO - Sync 1 DAGs
[2021-10-16 23:35:51,041] {logging_mixin.py:109} INFO - [2021-10-16 23:35:51,041] {dag.py:2914} INFO - Setting next_dagrun for example_short_circuit_operator to 2021-10-15T23:35:51.041062+00:00
[2021-10-16 23:35:51,051] {processor.py:171} INFO - Processing /home/airflow/.local/lib/python3.6/site-packages/airflow/example_dags/example_short_circuit_operator.py took 0.075 seconds
[2021-10-16 23:36:21,204] {processor.py:163} INFO - Started process (PID=554) to work on /home/airflow/.local/lib/python3.6/site-packages/airflow/example_dags/example_short_circuit_operator.py
[2021-10-16 23:36:21,205] {processor.py:620} INFO - Processing file /home/airflow/.local/lib/python3.6/site-packages/airflow/example_dags/example_short_circuit_operator.py for tasks to queue
[2021-10-16 23:36:21,205] {logging_mixin.py:109} INFO - [2021-10-16 23:36:21,205] {dagbag.py:500} INFO - Filling up the DagBag from /home/airflow/.local/lib/python3.6/site-packages/airflow/example_dags/example_short_circuit_operator.py
[2021-10-16 23:36:21,230] {processor.py:632} INFO - DAG(s) dict_keys(['example_short_circuit_operator']) retrieved from /home/airflow/.local/lib/python3.6/site-packages/airflow/example_dags/example_short_circuit_operator.py
[2021-10-16 23:36:21,240] {logging_mixin.py:109} INFO - [2021-10-16 23:36:21,240] {dag.py:2389} INFO - Sync 1 DAGs
[2021-10-16 23:36:21,255] {logging_mixin.py:109} INFO - [2021-10-16 23:36:21,255] {dag.py:2914} INFO - Setting next_dagrun for example_short_circuit_operator to 2021-10-15T23:36:21.255344+00:00
[2021-10-16 23:36:21,263] {processor.py:171} INFO - Processing /home/airflow/.local/lib/python3.6/site-packages/airflow/example_dags/example_short_circuit_operator.py took 0.063 seconds
[2021-10-16 23:36:51,599] {processor.py:163} INFO - Started process (PID=609) to work on /home/airflow/.local/lib/python3.6/site-packages/airflow/example_dags/example_short_circuit_operator.py
[2021-10-16 23:36:51,600] {processor.py:620} INFO - Processing file /home/airflow/.local/lib/python3.6/site-packages/airflow/example_dags/example_short_circuit_operator.py for tasks to queue
[2021-10-16 23:36:51,600] {logging_mixin.py:109} INFO - [2021-10-16 23:36:51,600] {dagbag.py:500} INFO - Filling up the DagBag from /home/airflow/.local/lib/python3.6/site-packages/airflow/example_dags/example_short_circuit_operator.py
[2021-10-16 23:36:51,625] {processor.py:632} INFO - DAG(s) dict_keys(['example_short_circuit_operator']) retrieved from /home/airflow/.local/lib/python3.6/site-packages/airflow/example_dags/example_short_circuit_operator.py
[2021-10-16 23:36:51,635] {logging_mixin.py:109} INFO - [2021-10-16 23:36:51,635] {dag.py:2389} INFO - Sync 1 DAGs
[2021-10-16 23:36:51,650] {logging_mixin.py:109} INFO - [2021-10-16 23:36:51,650] {dag.py:2914} INFO - Setting next_dagrun for example_short_circuit_operator to 2021-10-15T23:36:51.650458+00:00
[2021-10-16 23:36:51,658] {processor.py:171} INFO - Processing /home/airflow/.local/lib/python3.6/site-packages/airflow/example_dags/example_short_circuit_operator.py took 0.062 seconds
[2021-10-16 23:37:22,590] {processor.py:163} INFO - Started process (PID=674) to work on /home/airflow/.local/lib/python3.6/site-packages/airflow/example_dags/example_short_circuit_operator.py
[2021-10-16 23:37:22,591] {processor.py:620} INFO - Processing file /home/airflow/.local/lib/python3.6/site-packages/airflow/example_dags/example_short_circuit_operator.py for tasks to queue
[2021-10-16 23:37:22,592] {logging_mixin.py:109} INFO - [2021-10-16 23:37:22,592] {dagbag.py:500} INFO - Filling up the DagBag from /home/airflow/.local/lib/python3.6/site-packages/airflow/example_dags/example_short_circuit_operator.py
[2021-10-16 23:37:22,636] {processor.py:632} INFO - DAG(s) dict_keys(['example_short_circuit_operator']) retrieved from /home/airflow/.local/lib/python3.6/site-packages/airflow/example_dags/example_short_circuit_operator.py
[2021-10-16 23:37:22,657] {logging_mixin.py:109} INFO - [2021-10-16 23:37:22,657] {dag.py:2389} INFO - Sync 1 DAGs
[2021-10-16 23:37:22,697] {logging_mixin.py:109} INFO - [2021-10-16 23:37:22,697] {dag.py:2914} INFO - Setting next_dagrun for example_short_circuit_operator to 2021-10-15T23:37:22.696770+00:00
[2021-10-16 23:37:22,710] {processor.py:171} INFO - Processing /home/airflow/.local/lib/python3.6/site-packages/airflow/example_dags/example_short_circuit_operator.py took 0.125 seconds
[2021-10-16 23:37:53,251] {processor.py:163} INFO - Started process (PID=729) to work on /home/airflow/.local/lib/python3.6/site-packages/airflow/example_dags/example_short_circuit_operator.py
[2021-10-16 23:37:53,252] {processor.py:620} INFO - Processing file /home/airflow/.local/lib/python3.6/site-packages/airflow/example_dags/example_short_circuit_operator.py for tasks to queue
[2021-10-16 23:37:53,253] {logging_mixin.py:109} INFO - [2021-10-16 23:37:53,253] {dagbag.py:500} INFO - Filling up the DagBag from /home/airflow/.local/lib/python3.6/site-packages/airflow/example_dags/example_short_circuit_operator.py
[2021-10-16 23:37:53,278] {processor.py:632} INFO - DAG(s) dict_keys(['example_short_circuit_operator']) retrieved from /home/airflow/.local/lib/python3.6/site-packages/airflow/example_dags/example_short_circuit_operator.py
[2021-10-16 23:37:53,288] {logging_mixin.py:109} INFO - [2021-10-16 23:37:53,288] {dag.py:2389} INFO - Sync 1 DAGs
[2021-10-16 23:37:53,303] {logging_mixin.py:109} INFO - [2021-10-16 23:37:53,303] {dag.py:2914} INFO - Setting next_dagrun for example_short_circuit_operator to 2021-10-15T23:37:53.303017+00:00
[2021-10-16 23:37:53,312] {processor.py:171} INFO - Processing /home/airflow/.local/lib/python3.6/site-packages/airflow/example_dags/example_short_circuit_operator.py took 0.064 seconds
[2021-10-16 23:38:23,636] {processor.py:163} INFO - Started process (PID=786) to work on /home/airflow/.local/lib/python3.6/site-packages/airflow/example_dags/example_short_circuit_operator.py
[2021-10-16 23:38:23,637] {processor.py:620} INFO - Processing file /home/airflow/.local/lib/python3.6/site-packages/airflow/example_dags/example_short_circuit_operator.py for tasks to queue
[2021-10-16 23:38:23,638] {logging_mixin.py:109} INFO - [2021-10-16 23:38:23,638] {dagbag.py:500} INFO - Filling up the DagBag from /home/airflow/.local/lib/python3.6/site-packages/airflow/example_dags/example_short_circuit_operator.py
[2021-10-16 23:38:23,670] {processor.py:632} INFO - DAG(s) dict_keys(['example_short_circuit_operator']) retrieved from /home/airflow/.local/lib/python3.6/site-packages/airflow/example_dags/example_short_circuit_operator.py
[2021-10-16 23:38:23,681] {logging_mixin.py:109} INFO - [2021-10-16 23:38:23,681] {dag.py:2389} INFO - Sync 1 DAGs
[2021-10-16 23:38:23,697] {logging_mixin.py:109} INFO - [2021-10-16 23:38:23,697] {dag.py:2914} INFO - Setting next_dagrun for example_short_circuit_operator to 2021-10-15T23:38:23.697416+00:00
[2021-10-16 23:38:23,705] {processor.py:171} INFO - Processing /home/airflow/.local/lib/python3.6/site-packages/airflow/example_dags/example_short_circuit_operator.py took 0.074 seconds
[2021-10-16 23:38:53,907] {processor.py:163} INFO - Started process (PID=851) to work on /home/airflow/.local/lib/python3.6/site-packages/airflow/example_dags/example_short_circuit_operator.py
[2021-10-16 23:38:53,909] {processor.py:620} INFO - Processing file /home/airflow/.local/lib/python3.6/site-packages/airflow/example_dags/example_short_circuit_operator.py for tasks to queue
[2021-10-16 23:38:53,910] {logging_mixin.py:109} INFO - [2021-10-16 23:38:53,910] {dagbag.py:500} INFO - Filling up the DagBag from /home/airflow/.local/lib/python3.6/site-packages/airflow/example_dags/example_short_circuit_operator.py
[2021-10-16 23:38:53,946] {processor.py:632} INFO - DAG(s) dict_keys(['example_short_circuit_operator']) retrieved from /home/airflow/.local/lib/python3.6/site-packages/airflow/example_dags/example_short_circuit_operator.py
[2021-10-16 23:38:53,961] {logging_mixin.py:109} INFO - [2021-10-16 23:38:53,961] {dag.py:2389} INFO - Sync 1 DAGs
[2021-10-16 23:38:53,985] {logging_mixin.py:109} INFO - [2021-10-16 23:38:53,984] {dag.py:2914} INFO - Setting next_dagrun for example_short_circuit_operator to 2021-10-15T23:38:53.984689+00:00
[2021-10-16 23:38:53,997] {processor.py:171} INFO - Processing /home/airflow/.local/lib/python3.6/site-packages/airflow/example_dags/example_short_circuit_operator.py took 0.094 seconds
[2021-10-16 23:39:24,358] {processor.py:163} INFO - Started process (PID=907) to work on /home/airflow/.local/lib/python3.6/site-packages/airflow/example_dags/example_short_circuit_operator.py
[2021-10-16 23:39:24,359] {processor.py:620} INFO - Processing file /home/airflow/.local/lib/python3.6/site-packages/airflow/example_dags/example_short_circuit_operator.py for tasks to queue
[2021-10-16 23:39:24,360] {logging_mixin.py:109} INFO - [2021-10-16 23:39:24,359] {dagbag.py:500} INFO - Filling up the DagBag from /home/airflow/.local/lib/python3.6/site-packages/airflow/example_dags/example_short_circuit_operator.py
[2021-10-16 23:39:24,388] {processor.py:632} INFO - DAG(s) dict_keys(['example_short_circuit_operator']) retrieved from /home/airflow/.local/lib/python3.6/site-packages/airflow/example_dags/example_short_circuit_operator.py
[2021-10-16 23:39:24,404] {logging_mixin.py:109} INFO - [2021-10-16 23:39:24,403] {dag.py:2389} INFO - Sync 1 DAGs
[2021-10-16 23:39:24,425] {logging_mixin.py:109} INFO - [2021-10-16 23:39:24,425] {dag.py:2914} INFO - Setting next_dagrun for example_short_circuit_operator to 2021-10-15T23:39:24.424732+00:00
[2021-10-16 23:39:24,437] {processor.py:171} INFO - Processing /home/airflow/.local/lib/python3.6/site-packages/airflow/example_dags/example_short_circuit_operator.py took 0.081 seconds
[2021-10-16 23:39:54,757] {processor.py:163} INFO - Started process (PID=962) to work on /home/airflow/.local/lib/python3.6/site-packages/airflow/example_dags/example_short_circuit_operator.py
[2021-10-16 23:39:54,758] {processor.py:620} INFO - Processing file /home/airflow/.local/lib/python3.6/site-packages/airflow/example_dags/example_short_circuit_operator.py for tasks to queue
[2021-10-16 23:39:54,759] {logging_mixin.py:109} INFO - [2021-10-16 23:39:54,759] {dagbag.py:500} INFO - Filling up the DagBag from /home/airflow/.local/lib/python3.6/site-packages/airflow/example_dags/example_short_circuit_operator.py
[2021-10-16 23:39:54,787] {processor.py:632} INFO - DAG(s) dict_keys(['example_short_circuit_operator']) retrieved from /home/airflow/.local/lib/python3.6/site-packages/airflow/example_dags/example_short_circuit_operator.py
[2021-10-16 23:39:54,798] {logging_mixin.py:109} INFO - [2021-10-16 23:39:54,798] {dag.py:2389} INFO - Sync 1 DAGs
[2021-10-16 23:39:54,813] {logging_mixin.py:109} INFO - [2021-10-16 23:39:54,813] {dag.py:2914} INFO - Setting next_dagrun for example_short_circuit_operator to 2021-10-15T23:39:54.813382+00:00
[2021-10-16 23:39:54,822] {processor.py:171} INFO - Processing /home/airflow/.local/lib/python3.6/site-packages/airflow/example_dags/example_short_circuit_operator.py took 0.067 seconds
[2021-10-16 23:40:25,725] {processor.py:163} INFO - Started process (PID=1028) to work on /home/airflow/.local/lib/python3.6/site-packages/airflow/example_dags/example_short_circuit_operator.py
[2021-10-16 23:40:25,727] {processor.py:620} INFO - Processing file /home/airflow/.local/lib/python3.6/site-packages/airflow/example_dags/example_short_circuit_operator.py for tasks to queue
[2021-10-16 23:40:25,728] {logging_mixin.py:109} INFO - [2021-10-16 23:40:25,728] {dagbag.py:500} INFO - Filling up the DagBag from /home/airflow/.local/lib/python3.6/site-packages/airflow/example_dags/example_short_circuit_operator.py
[2021-10-16 23:40:25,777] {processor.py:632} INFO - DAG(s) dict_keys(['example_short_circuit_operator']) retrieved from /home/airflow/.local/lib/python3.6/site-packages/airflow/example_dags/example_short_circuit_operator.py
[2021-10-16 23:40:25,798] {logging_mixin.py:109} INFO - [2021-10-16 23:40:25,798] {dag.py:2389} INFO - Sync 1 DAGs
[2021-10-16 23:40:25,822] {logging_mixin.py:109} INFO - [2021-10-16 23:40:25,822] {dag.py:2914} INFO - Setting next_dagrun for example_short_circuit_operator to 2021-10-15T23:40:25.821854+00:00
[2021-10-16 23:40:25,839] {processor.py:171} INFO - Processing /home/airflow/.local/lib/python3.6/site-packages/airflow/example_dags/example_short_circuit_operator.py took 0.118 seconds
[2021-10-16 23:40:56,001] {processor.py:163} INFO - Started process (PID=1084) to work on /home/airflow/.local/lib/python3.6/site-packages/airflow/example_dags/example_short_circuit_operator.py
[2021-10-16 23:40:56,002] {processor.py:620} INFO - Processing file /home/airflow/.local/lib/python3.6/site-packages/airflow/example_dags/example_short_circuit_operator.py for tasks to queue
[2021-10-16 23:40:56,002] {logging_mixin.py:109} INFO - [2021-10-16 23:40:56,002] {dagbag.py:500} INFO - Filling up the DagBag from /home/airflow/.local/lib/python3.6/site-packages/airflow/example_dags/example_short_circuit_operator.py
[2021-10-16 23:40:56,028] {processor.py:632} INFO - DAG(s) dict_keys(['example_short_circuit_operator']) retrieved from /home/airflow/.local/lib/python3.6/site-packages/airflow/example_dags/example_short_circuit_operator.py
[2021-10-16 23:40:56,039] {logging_mixin.py:109} INFO - [2021-10-16 23:40:56,038] {dag.py:2389} INFO - Sync 1 DAGs
[2021-10-16 23:40:56,054] {logging_mixin.py:109} INFO - [2021-10-16 23:40:56,054] {dag.py:2914} INFO - Setting next_dagrun for example_short_circuit_operator to 2021-10-15T23:40:56.054002+00:00
[2021-10-16 23:40:56,064] {processor.py:171} INFO - Processing /home/airflow/.local/lib/python3.6/site-packages/airflow/example_dags/example_short_circuit_operator.py took 0.066 seconds
[2021-10-16 23:41:26,334] {processor.py:163} INFO - Started process (PID=1149) to work on /home/airflow/.local/lib/python3.6/site-packages/airflow/example_dags/example_short_circuit_operator.py
[2021-10-16 23:41:26,335] {processor.py:620} INFO - Processing file /home/airflow/.local/lib/python3.6/site-packages/airflow/example_dags/example_short_circuit_operator.py for tasks to queue
[2021-10-16 23:41:26,336] {logging_mixin.py:109} INFO - [2021-10-16 23:41:26,335] {dagbag.py:500} INFO - Filling up the DagBag from /home/airflow/.local/lib/python3.6/site-packages/airflow/example_dags/example_short_circuit_operator.py
[2021-10-16 23:41:26,360] {processor.py:632} INFO - DAG(s) dict_keys(['example_short_circuit_operator']) retrieved from /home/airflow/.local/lib/python3.6/site-packages/airflow/example_dags/example_short_circuit_operator.py
[2021-10-16 23:41:26,375] {logging_mixin.py:109} INFO - [2021-10-16 23:41:26,375] {dag.py:2389} INFO - Sync 1 DAGs
[2021-10-16 23:41:26,396] {logging_mixin.py:109} INFO - [2021-10-16 23:41:26,396] {dag.py:2914} INFO - Setting next_dagrun for example_short_circuit_operator to 2021-10-15T23:41:26.396329+00:00
[2021-10-16 23:41:26,405] {processor.py:171} INFO - Processing /home/airflow/.local/lib/python3.6/site-packages/airflow/example_dags/example_short_circuit_operator.py took 0.074 seconds
[2021-10-16 23:41:57,338] {processor.py:163} INFO - Started process (PID=1204) to work on /home/airflow/.local/lib/python3.6/site-packages/airflow/example_dags/example_short_circuit_operator.py
[2021-10-16 23:41:57,339] {processor.py:620} INFO - Processing file /home/airflow/.local/lib/python3.6/site-packages/airflow/example_dags/example_short_circuit_operator.py for tasks to queue
[2021-10-16 23:41:57,339] {logging_mixin.py:109} INFO - [2021-10-16 23:41:57,339] {dagbag.py:500} INFO - Filling up the DagBag from /home/airflow/.local/lib/python3.6/site-packages/airflow/example_dags/example_short_circuit_operator.py
[2021-10-16 23:41:57,367] {processor.py:632} INFO - DAG(s) dict_keys(['example_short_circuit_operator']) retrieved from /home/airflow/.local/lib/python3.6/site-packages/airflow/example_dags/example_short_circuit_operator.py
[2021-10-16 23:41:57,378] {logging_mixin.py:109} INFO - [2021-10-16 23:41:57,378] {dag.py:2389} INFO - Sync 1 DAGs
[2021-10-16 23:41:57,394] {logging_mixin.py:109} INFO - [2021-10-16 23:41:57,394] {dag.py:2914} INFO - Setting next_dagrun for example_short_circuit_operator to 2021-10-15T23:41:57.394557+00:00
[2021-10-16 23:41:57,404] {processor.py:171} INFO - Processing /home/airflow/.local/lib/python3.6/site-packages/airflow/example_dags/example_short_circuit_operator.py took 0.069 seconds
[2021-10-16 23:42:27,683] {processor.py:163} INFO - Started process (PID=1269) to work on /home/airflow/.local/lib/python3.6/site-packages/airflow/example_dags/example_short_circuit_operator.py
[2021-10-16 23:42:27,684] {processor.py:620} INFO - Processing file /home/airflow/.local/lib/python3.6/site-packages/airflow/example_dags/example_short_circuit_operator.py for tasks to queue
[2021-10-16 23:42:27,685] {logging_mixin.py:109} INFO - [2021-10-16 23:42:27,684] {dagbag.py:500} INFO - Filling up the DagBag from /home/airflow/.local/lib/python3.6/site-packages/airflow/example_dags/example_short_circuit_operator.py
[2021-10-16 23:42:27,713] {processor.py:632} INFO - DAG(s) dict_keys(['example_short_circuit_operator']) retrieved from /home/airflow/.local/lib/python3.6/site-packages/airflow/example_dags/example_short_circuit_operator.py
[2021-10-16 23:42:27,725] {logging_mixin.py:109} INFO - [2021-10-16 23:42:27,725] {dag.py:2389} INFO - Sync 1 DAGs
[2021-10-16 23:42:27,740] {logging_mixin.py:109} INFO - [2021-10-16 23:42:27,740] {dag.py:2914} INFO - Setting next_dagrun for example_short_circuit_operator to 2021-10-15T23:42:27.739855+00:00
[2021-10-16 23:42:27,747] {processor.py:171} INFO - Processing /home/airflow/.local/lib/python3.6/site-packages/airflow/example_dags/example_short_circuit_operator.py took 0.067 seconds
[2021-10-16 23:42:58,613] {processor.py:163} INFO - Started process (PID=1325) to work on /home/airflow/.local/lib/python3.6/site-packages/airflow/example_dags/example_short_circuit_operator.py
[2021-10-16 23:42:58,614] {processor.py:620} INFO - Processing file /home/airflow/.local/lib/python3.6/site-packages/airflow/example_dags/example_short_circuit_operator.py for tasks to queue
[2021-10-16 23:42:58,615] {logging_mixin.py:109} INFO - [2021-10-16 23:42:58,615] {dagbag.py:500} INFO - Filling up the DagBag from /home/airflow/.local/lib/python3.6/site-packages/airflow/example_dags/example_short_circuit_operator.py
[2021-10-16 23:42:58,639] {processor.py:632} INFO - DAG(s) dict_keys(['example_short_circuit_operator']) retrieved from /home/airflow/.local/lib/python3.6/site-packages/airflow/example_dags/example_short_circuit_operator.py
[2021-10-16 23:42:58,649] {logging_mixin.py:109} INFO - [2021-10-16 23:42:58,649] {dag.py:2389} INFO - Sync 1 DAGs
[2021-10-16 23:42:58,663] {logging_mixin.py:109} INFO - [2021-10-16 23:42:58,663] {dag.py:2914} INFO - Setting next_dagrun for example_short_circuit_operator to 2021-10-15T23:42:58.663214+00:00
[2021-10-16 23:42:58,671] {processor.py:171} INFO - Processing /home/airflow/.local/lib/python3.6/site-packages/airflow/example_dags/example_short_circuit_operator.py took 0.061 seconds
[2021-10-16 23:43:29,436] {processor.py:163} INFO - Started process (PID=1380) to work on /home/airflow/.local/lib/python3.6/site-packages/airflow/example_dags/example_short_circuit_operator.py
[2021-10-16 23:43:29,438] {processor.py:620} INFO - Processing file /home/airflow/.local/lib/python3.6/site-packages/airflow/example_dags/example_short_circuit_operator.py for tasks to queue
[2021-10-16 23:43:29,438] {logging_mixin.py:109} INFO - [2021-10-16 23:43:29,438] {dagbag.py:500} INFO - Filling up the DagBag from /home/airflow/.local/lib/python3.6/site-packages/airflow/example_dags/example_short_circuit_operator.py
[2021-10-16 23:43:29,466] {processor.py:632} INFO - DAG(s) dict_keys(['example_short_circuit_operator']) retrieved from /home/airflow/.local/lib/python3.6/site-packages/airflow/example_dags/example_short_circuit_operator.py
[2021-10-16 23:43:29,477] {logging_mixin.py:109} INFO - [2021-10-16 23:43:29,477] {dag.py:2389} INFO - Sync 1 DAGs
[2021-10-16 23:43:29,493] {logging_mixin.py:109} INFO - [2021-10-16 23:43:29,493] {dag.py:2914} INFO - Setting next_dagrun for example_short_circuit_operator to 2021-10-15T23:43:29.493005+00:00
[2021-10-16 23:43:29,502] {processor.py:171} INFO - Processing /home/airflow/.local/lib/python3.6/site-packages/airflow/example_dags/example_short_circuit_operator.py took 0.069 seconds
[2021-10-16 23:43:59,854] {processor.py:163} INFO - Started process (PID=1447) to work on /home/airflow/.local/lib/python3.6/site-packages/airflow/example_dags/example_short_circuit_operator.py
[2021-10-16 23:43:59,855] {processor.py:620} INFO - Processing file /home/airflow/.local/lib/python3.6/site-packages/airflow/example_dags/example_short_circuit_operator.py for tasks to queue
[2021-10-16 23:43:59,855] {logging_mixin.py:109} INFO - [2021-10-16 23:43:59,855] {dagbag.py:500} INFO - Filling up the DagBag from /home/airflow/.local/lib/python3.6/site-packages/airflow/example_dags/example_short_circuit_operator.py
[2021-10-16 23:43:59,879] {processor.py:632} INFO - DAG(s) dict_keys(['example_short_circuit_operator']) retrieved from /home/airflow/.local/lib/python3.6/site-packages/airflow/example_dags/example_short_circuit_operator.py
[2021-10-16 23:43:59,890] {logging_mixin.py:109} INFO - [2021-10-16 23:43:59,890] {dag.py:2389} INFO - Sync 1 DAGs
[2021-10-16 23:43:59,905] {logging_mixin.py:109} INFO - [2021-10-16 23:43:59,904] {dag.py:2914} INFO - Setting next_dagrun for example_short_circuit_operator to 2021-10-15T23:43:59.904675+00:00
[2021-10-16 23:43:59,912] {processor.py:171} INFO - Processing /home/airflow/.local/lib/python3.6/site-packages/airflow/example_dags/example_short_circuit_operator.py took 0.061 seconds
[2021-10-16 23:44:30,291] {processor.py:163} INFO - Started process (PID=1503) to work on /home/airflow/.local/lib/python3.6/site-packages/airflow/example_dags/example_short_circuit_operator.py
[2021-10-16 23:44:30,292] {processor.py:620} INFO - Processing file /home/airflow/.local/lib/python3.6/site-packages/airflow/example_dags/example_short_circuit_operator.py for tasks to queue
[2021-10-16 23:44:30,293] {logging_mixin.py:109} INFO - [2021-10-16 23:44:30,293] {dagbag.py:500} INFO - Filling up the DagBag from /home/airflow/.local/lib/python3.6/site-packages/airflow/example_dags/example_short_circuit_operator.py
[2021-10-16 23:44:30,319] {processor.py:632} INFO - DAG(s) dict_keys(['example_short_circuit_operator']) retrieved from /home/airflow/.local/lib/python3.6/site-packages/airflow/example_dags/example_short_circuit_operator.py
[2021-10-16 23:44:30,330] {logging_mixin.py:109} INFO - [2021-10-16 23:44:30,330] {dag.py:2389} INFO - Sync 1 DAGs
[2021-10-16 23:44:30,344] {logging_mixin.py:109} INFO - [2021-10-16 23:44:30,344] {dag.py:2914} INFO - Setting next_dagrun for example_short_circuit_operator to 2021-10-15T23:44:30.344542+00:00
[2021-10-16 23:44:30,353] {processor.py:171} INFO - Processing /home/airflow/.local/lib/python3.6/site-packages/airflow/example_dags/example_short_circuit_operator.py took 0.065 seconds
[2021-10-16 23:45:00,611] {processor.py:163} INFO - Started process (PID=1568) to work on /home/airflow/.local/lib/python3.6/site-packages/airflow/example_dags/example_short_circuit_operator.py
[2021-10-16 23:45:00,612] {processor.py:620} INFO - Processing file /home/airflow/.local/lib/python3.6/site-packages/airflow/example_dags/example_short_circuit_operator.py for tasks to queue
[2021-10-16 23:45:00,613] {logging_mixin.py:109} INFO - [2021-10-16 23:45:00,613] {dagbag.py:500} INFO - Filling up the DagBag from /home/airflow/.local/lib/python3.6/site-packages/airflow/example_dags/example_short_circuit_operator.py
[2021-10-16 23:45:00,642] {processor.py:632} INFO - DAG(s) dict_keys(['example_short_circuit_operator']) retrieved from /home/airflow/.local/lib/python3.6/site-packages/airflow/example_dags/example_short_circuit_operator.py
[2021-10-16 23:45:00,656] {logging_mixin.py:109} INFO - [2021-10-16 23:45:00,655] {dag.py:2389} INFO - Sync 1 DAGs
[2021-10-16 23:45:00,671] {logging_mixin.py:109} INFO - [2021-10-16 23:45:00,670] {dag.py:2914} INFO - Setting next_dagrun for example_short_circuit_operator to 2021-10-15T23:45:00.670673+00:00
[2021-10-16 23:45:00,679] {processor.py:171} INFO - Processing /home/airflow/.local/lib/python3.6/site-packages/airflow/example_dags/example_short_circuit_operator.py took 0.073 seconds
[2021-10-16 23:45:31,066] {processor.py:163} INFO - Started process (PID=1623) to work on /home/airflow/.local/lib/python3.6/site-packages/airflow/example_dags/example_short_circuit_operator.py
[2021-10-16 23:45:31,068] {processor.py:620} INFO - Processing file /home/airflow/.local/lib/python3.6/site-packages/airflow/example_dags/example_short_circuit_operator.py for tasks to queue
[2021-10-16 23:45:31,069] {logging_mixin.py:109} INFO - [2021-10-16 23:45:31,069] {dagbag.py:500} INFO - Filling up the DagBag from /home/airflow/.local/lib/python3.6/site-packages/airflow/example_dags/example_short_circuit_operator.py
[2021-10-16 23:45:31,099] {processor.py:632} INFO - DAG(s) dict_keys(['example_short_circuit_operator']) retrieved from /home/airflow/.local/lib/python3.6/site-packages/airflow/example_dags/example_short_circuit_operator.py
[2021-10-16 23:45:31,112] {logging_mixin.py:109} INFO - [2021-10-16 23:45:31,112] {dag.py:2389} INFO - Sync 1 DAGs
[2021-10-16 23:45:31,129] {logging_mixin.py:109} INFO - [2021-10-16 23:45:31,129] {dag.py:2914} INFO - Setting next_dagrun for example_short_circuit_operator to 2021-10-15T23:45:31.128830+00:00
[2021-10-16 23:45:31,138] {processor.py:171} INFO - Processing /home/airflow/.local/lib/python3.6/site-packages/airflow/example_dags/example_short_circuit_operator.py took 0.074 seconds
[2021-10-16 23:46:01,459] {processor.py:163} INFO - Started process (PID=1679) to work on /home/airflow/.local/lib/python3.6/site-packages/airflow/example_dags/example_short_circuit_operator.py
[2021-10-16 23:46:01,461] {processor.py:620} INFO - Processing file /home/airflow/.local/lib/python3.6/site-packages/airflow/example_dags/example_short_circuit_operator.py for tasks to queue
[2021-10-16 23:46:01,462] {logging_mixin.py:109} INFO - [2021-10-16 23:46:01,461] {dagbag.py:500} INFO - Filling up the DagBag from /home/airflow/.local/lib/python3.6/site-packages/airflow/example_dags/example_short_circuit_operator.py
[2021-10-16 23:46:01,491] {processor.py:632} INFO - DAG(s) dict_keys(['example_short_circuit_operator']) retrieved from /home/airflow/.local/lib/python3.6/site-packages/airflow/example_dags/example_short_circuit_operator.py
[2021-10-16 23:46:01,503] {logging_mixin.py:109} INFO - [2021-10-16 23:46:01,503] {dag.py:2389} INFO - Sync 1 DAGs
[2021-10-16 23:46:01,518] {logging_mixin.py:109} INFO - [2021-10-16 23:46:01,518] {dag.py:2914} INFO - Setting next_dagrun for example_short_circuit_operator to 2021-10-15T23:46:01.518120+00:00
[2021-10-16 23:46:01,526] {processor.py:171} INFO - Processing /home/airflow/.local/lib/python3.6/site-packages/airflow/example_dags/example_short_circuit_operator.py took 0.070 seconds
[2021-10-16 23:46:31,989] {processor.py:163} INFO - Started process (PID=1745) to work on /home/airflow/.local/lib/python3.6/site-packages/airflow/example_dags/example_short_circuit_operator.py
[2021-10-16 23:46:31,991] {processor.py:620} INFO - Processing file /home/airflow/.local/lib/python3.6/site-packages/airflow/example_dags/example_short_circuit_operator.py for tasks to queue
[2021-10-16 23:46:31,991] {logging_mixin.py:109} INFO - [2021-10-16 23:46:31,991] {dagbag.py:500} INFO - Filling up the DagBag from /home/airflow/.local/lib/python3.6/site-packages/airflow/example_dags/example_short_circuit_operator.py
[2021-10-16 23:46:32,018] {processor.py:632} INFO - DAG(s) dict_keys(['example_short_circuit_operator']) retrieved from /home/airflow/.local/lib/python3.6/site-packages/airflow/example_dags/example_short_circuit_operator.py
[2021-10-16 23:46:32,031] {logging_mixin.py:109} INFO - [2021-10-16 23:46:32,031] {dag.py:2389} INFO - Sync 1 DAGs
[2021-10-16 23:46:32,050] {logging_mixin.py:109} INFO - [2021-10-16 23:46:32,050] {dag.py:2914} INFO - Setting next_dagrun for example_short_circuit_operator to 2021-10-15T23:46:32.049910+00:00
[2021-10-16 23:46:32,058] {processor.py:171} INFO - Processing /home/airflow/.local/lib/python3.6/site-packages/airflow/example_dags/example_short_circuit_operator.py took 0.072 seconds
[2021-10-16 23:47:02,462] {processor.py:163} INFO - Started process (PID=1800) to work on /home/airflow/.local/lib/python3.6/site-packages/airflow/example_dags/example_short_circuit_operator.py
[2021-10-16 23:47:02,463] {processor.py:620} INFO - Processing file /home/airflow/.local/lib/python3.6/site-packages/airflow/example_dags/example_short_circuit_operator.py for tasks to queue
[2021-10-16 23:47:02,464] {logging_mixin.py:109} INFO - [2021-10-16 23:47:02,464] {dagbag.py:500} INFO - Filling up the DagBag from /home/airflow/.local/lib/python3.6/site-packages/airflow/example_dags/example_short_circuit_operator.py
[2021-10-16 23:47:02,522] {processor.py:632} INFO - DAG(s) dict_keys(['example_short_circuit_operator']) retrieved from /home/airflow/.local/lib/python3.6/site-packages/airflow/example_dags/example_short_circuit_operator.py
[2021-10-16 23:47:02,534] {logging_mixin.py:109} INFO - [2021-10-16 23:47:02,534] {dag.py:2389} INFO - Sync 1 DAGs
[2021-10-16 23:47:02,551] {logging_mixin.py:109} INFO - [2021-10-16 23:47:02,551] {dag.py:2914} INFO - Setting next_dagrun for example_short_circuit_operator to 2021-10-15T23:47:02.551555+00:00
[2021-10-16 23:47:02,561] {processor.py:171} INFO - Processing /home/airflow/.local/lib/python3.6/site-packages/airflow/example_dags/example_short_circuit_operator.py took 0.104 seconds
[2021-10-16 23:47:33,006] {processor.py:163} INFO - Started process (PID=1866) to work on /home/airflow/.local/lib/python3.6/site-packages/airflow/example_dags/example_short_circuit_operator.py
[2021-10-16 23:47:33,007] {processor.py:620} INFO - Processing file /home/airflow/.local/lib/python3.6/site-packages/airflow/example_dags/example_short_circuit_operator.py for tasks to queue
[2021-10-16 23:47:33,008] {logging_mixin.py:109} INFO - [2021-10-16 23:47:33,008] {dagbag.py:500} INFO - Filling up the DagBag from /home/airflow/.local/lib/python3.6/site-packages/airflow/example_dags/example_short_circuit_operator.py
[2021-10-16 23:47:33,040] {processor.py:632} INFO - DAG(s) dict_keys(['example_short_circuit_operator']) retrieved from /home/airflow/.local/lib/python3.6/site-packages/airflow/example_dags/example_short_circuit_operator.py
[2021-10-16 23:47:33,055] {logging_mixin.py:109} INFO - [2021-10-16 23:47:33,055] {dag.py:2389} INFO - Sync 1 DAGs
[2021-10-16 23:47:33,076] {logging_mixin.py:109} INFO - [2021-10-16 23:47:33,076] {dag.py:2914} INFO - Setting next_dagrun for example_short_circuit_operator to 2021-10-15T23:47:33.076165+00:00
[2021-10-16 23:47:33,087] {processor.py:171} INFO - Processing /home/airflow/.local/lib/python3.6/site-packages/airflow/example_dags/example_short_circuit_operator.py took 0.085 seconds
[2021-10-16 23:48:03,978] {processor.py:163} INFO - Started process (PID=1921) to work on /home/airflow/.local/lib/python3.6/site-packages/airflow/example_dags/example_short_circuit_operator.py
[2021-10-16 23:48:03,979] {processor.py:620} INFO - Processing file /home/airflow/.local/lib/python3.6/site-packages/airflow/example_dags/example_short_circuit_operator.py for tasks to queue
[2021-10-16 23:48:03,980] {logging_mixin.py:109} INFO - [2021-10-16 23:48:03,980] {dagbag.py:500} INFO - Filling up the DagBag from /home/airflow/.local/lib/python3.6/site-packages/airflow/example_dags/example_short_circuit_operator.py
[2021-10-16 23:48:04,004] {processor.py:632} INFO - DAG(s) dict_keys(['example_short_circuit_operator']) retrieved from /home/airflow/.local/lib/python3.6/site-packages/airflow/example_dags/example_short_circuit_operator.py
[2021-10-16 23:48:04,015] {logging_mixin.py:109} INFO - [2021-10-16 23:48:04,015] {dag.py:2389} INFO - Sync 1 DAGs
[2021-10-16 23:48:04,031] {logging_mixin.py:109} INFO - [2021-10-16 23:48:04,031] {dag.py:2914} INFO - Setting next_dagrun for example_short_circuit_operator to 2021-10-15T23:48:04.030754+00:00
[2021-10-16 23:48:04,039] {processor.py:171} INFO - Processing /home/airflow/.local/lib/python3.6/site-packages/airflow/example_dags/example_short_circuit_operator.py took 0.063 seconds
[2021-10-16 23:48:35,026] {processor.py:163} INFO - Started process (PID=1985) to work on /home/airflow/.local/lib/python3.6/site-packages/airflow/example_dags/example_short_circuit_operator.py
[2021-10-16 23:48:35,027] {processor.py:620} INFO - Processing file /home/airflow/.local/lib/python3.6/site-packages/airflow/example_dags/example_short_circuit_operator.py for tasks to queue
[2021-10-16 23:48:35,028] {logging_mixin.py:109} INFO - [2021-10-16 23:48:35,028] {dagbag.py:500} INFO - Filling up the DagBag from /home/airflow/.local/lib/python3.6/site-packages/airflow/example_dags/example_short_circuit_operator.py
[2021-10-16 23:48:35,055] {processor.py:632} INFO - DAG(s) dict_keys(['example_short_circuit_operator']) retrieved from /home/airflow/.local/lib/python3.6/site-packages/airflow/example_dags/example_short_circuit_operator.py
[2021-10-16 23:48:35,069] {logging_mixin.py:109} INFO - [2021-10-16 23:48:35,069] {dag.py:2389} INFO - Sync 1 DAGs
[2021-10-16 23:48:35,086] {logging_mixin.py:109} INFO - [2021-10-16 23:48:35,086] {dag.py:2914} INFO - Setting next_dagrun for example_short_circuit_operator to 2021-10-15T23:48:35.086337+00:00
[2021-10-16 23:48:35,095] {processor.py:171} INFO - Processing /home/airflow/.local/lib/python3.6/site-packages/airflow/example_dags/example_short_circuit_operator.py took 0.071 seconds
[2021-10-16 23:49:05,535] {processor.py:163} INFO - Started process (PID=2041) to work on /home/airflow/.local/lib/python3.6/site-packages/airflow/example_dags/example_short_circuit_operator.py
[2021-10-16 23:49:05,537] {processor.py:620} INFO - Processing file /home/airflow/.local/lib/python3.6/site-packages/airflow/example_dags/example_short_circuit_operator.py for tasks to queue
[2021-10-16 23:49:05,538] {logging_mixin.py:109} INFO - [2021-10-16 23:49:05,537] {dagbag.py:500} INFO - Filling up the DagBag from /home/airflow/.local/lib/python3.6/site-packages/airflow/example_dags/example_short_circuit_operator.py
[2021-10-16 23:49:05,575] {processor.py:632} INFO - DAG(s) dict_keys(['example_short_circuit_operator']) retrieved from /home/airflow/.local/lib/python3.6/site-packages/airflow/example_dags/example_short_circuit_operator.py
[2021-10-16 23:49:05,594] {logging_mixin.py:109} INFO - [2021-10-16 23:49:05,594] {dag.py:2389} INFO - Sync 1 DAGs
[2021-10-16 23:49:05,621] {logging_mixin.py:109} INFO - [2021-10-16 23:49:05,621] {dag.py:2914} INFO - Setting next_dagrun for example_short_circuit_operator to 2021-10-15T23:49:05.620639+00:00
[2021-10-16 23:49:05,636] {processor.py:171} INFO - Processing /home/airflow/.local/lib/python3.6/site-packages/airflow/example_dags/example_short_circuit_operator.py took 0.104 seconds
[2021-10-16 23:49:35,896] {processor.py:163} INFO - Started process (PID=2097) to work on /home/airflow/.local/lib/python3.6/site-packages/airflow/example_dags/example_short_circuit_operator.py
[2021-10-16 23:49:35,897] {processor.py:620} INFO - Processing file /home/airflow/.local/lib/python3.6/site-packages/airflow/example_dags/example_short_circuit_operator.py for tasks to queue
[2021-10-16 23:49:35,898] {logging_mixin.py:109} INFO - [2021-10-16 23:49:35,898] {dagbag.py:500} INFO - Filling up the DagBag from /home/airflow/.local/lib/python3.6/site-packages/airflow/example_dags/example_short_circuit_operator.py
[2021-10-16 23:49:35,922] {processor.py:632} INFO - DAG(s) dict_keys(['example_short_circuit_operator']) retrieved from /home/airflow/.local/lib/python3.6/site-packages/airflow/example_dags/example_short_circuit_operator.py
[2021-10-16 23:49:35,932] {logging_mixin.py:109} INFO - [2021-10-16 23:49:35,932] {dag.py:2389} INFO - Sync 1 DAGs
[2021-10-16 23:49:35,946] {logging_mixin.py:109} INFO - [2021-10-16 23:49:35,946] {dag.py:2914} INFO - Setting next_dagrun for example_short_circuit_operator to 2021-10-15T23:49:35.946014+00:00
[2021-10-16 23:49:35,954] {processor.py:171} INFO - Processing /home/airflow/.local/lib/python3.6/site-packages/airflow/example_dags/example_short_circuit_operator.py took 0.060 seconds
[2021-10-16 23:50:07,048] {processor.py:163} INFO - Started process (PID=2164) to work on /home/airflow/.local/lib/python3.6/site-packages/airflow/example_dags/example_short_circuit_operator.py
[2021-10-16 23:50:07,049] {processor.py:620} INFO - Processing file /home/airflow/.local/lib/python3.6/site-packages/airflow/example_dags/example_short_circuit_operator.py for tasks to queue
[2021-10-16 23:50:07,050] {logging_mixin.py:109} INFO - [2021-10-16 23:50:07,050] {dagbag.py:500} INFO - Filling up the DagBag from /home/airflow/.local/lib/python3.6/site-packages/airflow/example_dags/example_short_circuit_operator.py
[2021-10-16 23:50:07,078] {processor.py:632} INFO - DAG(s) dict_keys(['example_short_circuit_operator']) retrieved from /home/airflow/.local/lib/python3.6/site-packages/airflow/example_dags/example_short_circuit_operator.py
[2021-10-16 23:50:07,094] {logging_mixin.py:109} INFO - [2021-10-16 23:50:07,094] {dag.py:2389} INFO - Sync 1 DAGs
[2021-10-16 23:50:07,113] {logging_mixin.py:109} INFO - [2021-10-16 23:50:07,113] {dag.py:2914} INFO - Setting next_dagrun for example_short_circuit_operator to 2021-10-15T23:50:07.113209+00:00
[2021-10-16 23:50:07,124] {processor.py:171} INFO - Processing /home/airflow/.local/lib/python3.6/site-packages/airflow/example_dags/example_short_circuit_operator.py took 0.079 seconds
[2021-10-16 23:50:37,330] {processor.py:163} INFO - Started process (PID=2219) to work on /home/airflow/.local/lib/python3.6/site-packages/airflow/example_dags/example_short_circuit_operator.py
[2021-10-16 23:50:37,331] {processor.py:620} INFO - Processing file /home/airflow/.local/lib/python3.6/site-packages/airflow/example_dags/example_short_circuit_operator.py for tasks to queue
[2021-10-16 23:50:37,332] {logging_mixin.py:109} INFO - [2021-10-16 23:50:37,332] {dagbag.py:500} INFO - Filling up the DagBag from /home/airflow/.local/lib/python3.6/site-packages/airflow/example_dags/example_short_circuit_operator.py
[2021-10-16 23:50:37,357] {processor.py:632} INFO - DAG(s) dict_keys(['example_short_circuit_operator']) retrieved from /home/airflow/.local/lib/python3.6/site-packages/airflow/example_dags/example_short_circuit_operator.py
[2021-10-16 23:50:37,367] {logging_mixin.py:109} INFO - [2021-10-16 23:50:37,367] {dag.py:2389} INFO - Sync 1 DAGs
[2021-10-16 23:50:37,382] {logging_mixin.py:109} INFO - [2021-10-16 23:50:37,382] {dag.py:2914} INFO - Setting next_dagrun for example_short_circuit_operator to 2021-10-15T23:50:37.382374+00:00
[2021-10-16 23:50:37,390] {processor.py:171} INFO - Processing /home/airflow/.local/lib/python3.6/site-packages/airflow/example_dags/example_short_circuit_operator.py took 0.063 seconds
[2021-10-16 23:51:08,353] {processor.py:163} INFO - Started process (PID=2284) to work on /home/airflow/.local/lib/python3.6/site-packages/airflow/example_dags/example_short_circuit_operator.py
[2021-10-16 23:51:08,354] {processor.py:620} INFO - Processing file /home/airflow/.local/lib/python3.6/site-packages/airflow/example_dags/example_short_circuit_operator.py for tasks to queue
[2021-10-16 23:51:08,355] {logging_mixin.py:109} INFO - [2021-10-16 23:51:08,355] {dagbag.py:500} INFO - Filling up the DagBag from /home/airflow/.local/lib/python3.6/site-packages/airflow/example_dags/example_short_circuit_operator.py
[2021-10-16 23:51:08,380] {processor.py:632} INFO - DAG(s) dict_keys(['example_short_circuit_operator']) retrieved from /home/airflow/.local/lib/python3.6/site-packages/airflow/example_dags/example_short_circuit_operator.py
[2021-10-16 23:51:08,391] {logging_mixin.py:109} INFO - [2021-10-16 23:51:08,391] {dag.py:2389} INFO - Sync 1 DAGs
[2021-10-16 23:51:08,408] {logging_mixin.py:109} INFO - [2021-10-16 23:51:08,408] {dag.py:2914} INFO - Setting next_dagrun for example_short_circuit_operator to 2021-10-15T23:51:08.408157+00:00
[2021-10-16 23:51:08,416] {processor.py:171} INFO - Processing /home/airflow/.local/lib/python3.6/site-packages/airflow/example_dags/example_short_circuit_operator.py took 0.067 seconds
[2021-10-16 23:51:39,227] {processor.py:163} INFO - Started process (PID=2340) to work on /home/airflow/.local/lib/python3.6/site-packages/airflow/example_dags/example_short_circuit_operator.py
[2021-10-16 23:51:39,228] {processor.py:620} INFO - Processing file /home/airflow/.local/lib/python3.6/site-packages/airflow/example_dags/example_short_circuit_operator.py for tasks to queue
[2021-10-16 23:51:39,228] {logging_mixin.py:109} INFO - [2021-10-16 23:51:39,228] {dagbag.py:500} INFO - Filling up the DagBag from /home/airflow/.local/lib/python3.6/site-packages/airflow/example_dags/example_short_circuit_operator.py
[2021-10-16 23:51:39,253] {processor.py:632} INFO - DAG(s) dict_keys(['example_short_circuit_operator']) retrieved from /home/airflow/.local/lib/python3.6/site-packages/airflow/example_dags/example_short_circuit_operator.py
[2021-10-16 23:51:39,263] {logging_mixin.py:109} INFO - [2021-10-16 23:51:39,263] {dag.py:2389} INFO - Sync 1 DAGs
[2021-10-16 23:51:39,277] {logging_mixin.py:109} INFO - [2021-10-16 23:51:39,277] {dag.py:2914} INFO - Setting next_dagrun for example_short_circuit_operator to 2021-10-15T23:51:39.277363+00:00
[2021-10-16 23:51:39,285] {processor.py:171} INFO - Processing /home/airflow/.local/lib/python3.6/site-packages/airflow/example_dags/example_short_circuit_operator.py took 0.061 seconds
[2021-10-16 23:52:10,514] {processor.py:163} INFO - Started process (PID=2406) to work on /home/airflow/.local/lib/python3.6/site-packages/airflow/example_dags/example_short_circuit_operator.py
[2021-10-16 23:52:10,515] {processor.py:620} INFO - Processing file /home/airflow/.local/lib/python3.6/site-packages/airflow/example_dags/example_short_circuit_operator.py for tasks to queue
[2021-10-16 23:52:10,515] {logging_mixin.py:109} INFO - [2021-10-16 23:52:10,515] {dagbag.py:500} INFO - Filling up the DagBag from /home/airflow/.local/lib/python3.6/site-packages/airflow/example_dags/example_short_circuit_operator.py
[2021-10-16 23:52:10,539] {processor.py:632} INFO - DAG(s) dict_keys(['example_short_circuit_operator']) retrieved from /home/airflow/.local/lib/python3.6/site-packages/airflow/example_dags/example_short_circuit_operator.py
[2021-10-16 23:52:10,549] {logging_mixin.py:109} INFO - [2021-10-16 23:52:10,549] {dag.py:2389} INFO - Sync 1 DAGs
[2021-10-16 23:52:10,563] {logging_mixin.py:109} INFO - [2021-10-16 23:52:10,563] {dag.py:2914} INFO - Setting next_dagrun for example_short_circuit_operator to 2021-10-15T23:52:10.562885+00:00
[2021-10-16 23:52:10,571] {processor.py:171} INFO - Processing /home/airflow/.local/lib/python3.6/site-packages/airflow/example_dags/example_short_circuit_operator.py took 0.060 seconds
[2021-10-16 23:52:41,059] {processor.py:163} INFO - Started process (PID=2462) to work on /home/airflow/.local/lib/python3.6/site-packages/airflow/example_dags/example_short_circuit_operator.py
[2021-10-16 23:52:41,060] {processor.py:620} INFO - Processing file /home/airflow/.local/lib/python3.6/site-packages/airflow/example_dags/example_short_circuit_operator.py for tasks to queue
[2021-10-16 23:52:41,060] {logging_mixin.py:109} INFO - [2021-10-16 23:52:41,060] {dagbag.py:500} INFO - Filling up the DagBag from /home/airflow/.local/lib/python3.6/site-packages/airflow/example_dags/example_short_circuit_operator.py
[2021-10-16 23:52:41,084] {processor.py:632} INFO - DAG(s) dict_keys(['example_short_circuit_operator']) retrieved from /home/airflow/.local/lib/python3.6/site-packages/airflow/example_dags/example_short_circuit_operator.py
[2021-10-16 23:52:41,096] {logging_mixin.py:109} INFO - [2021-10-16 23:52:41,096] {dag.py:2389} INFO - Sync 1 DAGs
[2021-10-16 23:52:41,117] {logging_mixin.py:109} INFO - [2021-10-16 23:52:41,117] {dag.py:2914} INFO - Setting next_dagrun for example_short_circuit_operator to 2021-10-15T23:52:41.116851+00:00
[2021-10-16 23:52:41,127] {processor.py:171} INFO - Processing /home/airflow/.local/lib/python3.6/site-packages/airflow/example_dags/example_short_circuit_operator.py took 0.071 seconds
[2021-10-16 23:53:11,483] {processor.py:163} INFO - Started process (PID=2518) to work on /home/airflow/.local/lib/python3.6/site-packages/airflow/example_dags/example_short_circuit_operator.py
[2021-10-16 23:53:11,484] {processor.py:620} INFO - Processing file /home/airflow/.local/lib/python3.6/site-packages/airflow/example_dags/example_short_circuit_operator.py for tasks to queue
[2021-10-16 23:53:11,485] {logging_mixin.py:109} INFO - [2021-10-16 23:53:11,485] {dagbag.py:500} INFO - Filling up the DagBag from /home/airflow/.local/lib/python3.6/site-packages/airflow/example_dags/example_short_circuit_operator.py
[2021-10-16 23:53:11,510] {processor.py:632} INFO - DAG(s) dict_keys(['example_short_circuit_operator']) retrieved from /home/airflow/.local/lib/python3.6/site-packages/airflow/example_dags/example_short_circuit_operator.py
[2021-10-16 23:53:11,520] {logging_mixin.py:109} INFO - [2021-10-16 23:53:11,520] {dag.py:2389} INFO - Sync 1 DAGs
[2021-10-16 23:53:11,536] {logging_mixin.py:109} INFO - [2021-10-16 23:53:11,536] {dag.py:2914} INFO - Setting next_dagrun for example_short_circuit_operator to 2021-10-15T23:53:11.536375+00:00
[2021-10-16 23:53:11,544] {processor.py:171} INFO - Processing /home/airflow/.local/lib/python3.6/site-packages/airflow/example_dags/example_short_circuit_operator.py took 0.064 seconds
[2021-10-16 23:53:42,057] {processor.py:163} INFO - Started process (PID=2585) to work on /home/airflow/.local/lib/python3.6/site-packages/airflow/example_dags/example_short_circuit_operator.py
[2021-10-16 23:53:42,058] {processor.py:620} INFO - Processing file /home/airflow/.local/lib/python3.6/site-packages/airflow/example_dags/example_short_circuit_operator.py for tasks to queue
[2021-10-16 23:53:42,059] {logging_mixin.py:109} INFO - [2021-10-16 23:53:42,059] {dagbag.py:500} INFO - Filling up the DagBag from /home/airflow/.local/lib/python3.6/site-packages/airflow/example_dags/example_short_circuit_operator.py
[2021-10-16 23:53:42,103] {processor.py:632} INFO - DAG(s) dict_keys(['example_short_circuit_operator']) retrieved from /home/airflow/.local/lib/python3.6/site-packages/airflow/example_dags/example_short_circuit_operator.py
[2021-10-16 23:53:42,125] {logging_mixin.py:109} INFO - [2021-10-16 23:53:42,124] {dag.py:2389} INFO - Sync 1 DAGs
[2021-10-16 23:53:42,153] {logging_mixin.py:109} INFO - [2021-10-16 23:53:42,153] {dag.py:2914} INFO - Setting next_dagrun for example_short_circuit_operator to 2021-10-15T23:53:42.152682+00:00
[2021-10-16 23:53:42,168] {processor.py:171} INFO - Processing /home/airflow/.local/lib/python3.6/site-packages/airflow/example_dags/example_short_circuit_operator.py took 0.116 seconds
[2021-10-16 23:54:12,434] {processor.py:163} INFO - Started process (PID=2640) to work on /home/airflow/.local/lib/python3.6/site-packages/airflow/example_dags/example_short_circuit_operator.py
[2021-10-16 23:54:12,436] {processor.py:620} INFO - Processing file /home/airflow/.local/lib/python3.6/site-packages/airflow/example_dags/example_short_circuit_operator.py for tasks to queue
[2021-10-16 23:54:12,436] {logging_mixin.py:109} INFO - [2021-10-16 23:54:12,436] {dagbag.py:500} INFO - Filling up the DagBag from /home/airflow/.local/lib/python3.6/site-packages/airflow/example_dags/example_short_circuit_operator.py
[2021-10-16 23:54:12,467] {processor.py:632} INFO - DAG(s) dict_keys(['example_short_circuit_operator']) retrieved from /home/airflow/.local/lib/python3.6/site-packages/airflow/example_dags/example_short_circuit_operator.py
[2021-10-16 23:54:12,478] {logging_mixin.py:109} INFO - [2021-10-16 23:54:12,478] {dag.py:2389} INFO - Sync 1 DAGs
[2021-10-16 23:54:12,496] {logging_mixin.py:109} INFO - [2021-10-16 23:54:12,495] {dag.py:2914} INFO - Setting next_dagrun for example_short_circuit_operator to 2021-10-15T23:54:12.495639+00:00
[2021-10-16 23:54:12,508] {processor.py:171} INFO - Processing /home/airflow/.local/lib/python3.6/site-packages/airflow/example_dags/example_short_circuit_operator.py took 0.078 seconds
[2021-10-16 23:54:43,447] {processor.py:163} INFO - Started process (PID=2695) to work on /home/airflow/.local/lib/python3.6/site-packages/airflow/example_dags/example_short_circuit_operator.py
[2021-10-16 23:54:43,448] {processor.py:620} INFO - Processing file /home/airflow/.local/lib/python3.6/site-packages/airflow/example_dags/example_short_circuit_operator.py for tasks to queue
[2021-10-16 23:54:43,449] {logging_mixin.py:109} INFO - [2021-10-16 23:54:43,449] {dagbag.py:500} INFO - Filling up the DagBag from /home/airflow/.local/lib/python3.6/site-packages/airflow/example_dags/example_short_circuit_operator.py
[2021-10-16 23:54:43,478] {processor.py:632} INFO - DAG(s) dict_keys(['example_short_circuit_operator']) retrieved from /home/airflow/.local/lib/python3.6/site-packages/airflow/example_dags/example_short_circuit_operator.py
[2021-10-16 23:54:43,491] {logging_mixin.py:109} INFO - [2021-10-16 23:54:43,491] {dag.py:2389} INFO - Sync 1 DAGs
[2021-10-16 23:54:43,507] {logging_mixin.py:109} INFO - [2021-10-16 23:54:43,507] {dag.py:2914} INFO - Setting next_dagrun for example_short_circuit_operator to 2021-10-15T23:54:43.506914+00:00
[2021-10-16 23:54:43,515] {processor.py:171} INFO - Processing /home/airflow/.local/lib/python3.6/site-packages/airflow/example_dags/example_short_circuit_operator.py took 0.071 seconds
[2021-10-16 23:55:14,701] {processor.py:163} INFO - Started process (PID=2764) to work on /home/airflow/.local/lib/python3.6/site-packages/airflow/example_dags/example_short_circuit_operator.py
[2021-10-16 23:55:14,703] {processor.py:620} INFO - Processing file /home/airflow/.local/lib/python3.6/site-packages/airflow/example_dags/example_short_circuit_operator.py for tasks to queue
[2021-10-16 23:55:14,703] {logging_mixin.py:109} INFO - [2021-10-16 23:55:14,703] {dagbag.py:500} INFO - Filling up the DagBag from /home/airflow/.local/lib/python3.6/site-packages/airflow/example_dags/example_short_circuit_operator.py
[2021-10-16 23:55:14,729] {processor.py:632} INFO - DAG(s) dict_keys(['example_short_circuit_operator']) retrieved from /home/airflow/.local/lib/python3.6/site-packages/airflow/example_dags/example_short_circuit_operator.py
[2021-10-16 23:55:14,740] {logging_mixin.py:109} INFO - [2021-10-16 23:55:14,740] {dag.py:2389} INFO - Sync 1 DAGs
[2021-10-16 23:55:14,756] {logging_mixin.py:109} INFO - [2021-10-16 23:55:14,755] {dag.py:2914} INFO - Setting next_dagrun for example_short_circuit_operator to 2021-10-15T23:55:14.755715+00:00
[2021-10-16 23:55:14,764] {processor.py:171} INFO - Processing /home/airflow/.local/lib/python3.6/site-packages/airflow/example_dags/example_short_circuit_operator.py took 0.066 seconds
[2021-10-16 23:55:45,108] {processor.py:163} INFO - Started process (PID=2821) to work on /home/airflow/.local/lib/python3.6/site-packages/airflow/example_dags/example_short_circuit_operator.py
[2021-10-16 23:55:45,110] {processor.py:620} INFO - Processing file /home/airflow/.local/lib/python3.6/site-packages/airflow/example_dags/example_short_circuit_operator.py for tasks to queue
[2021-10-16 23:55:45,110] {logging_mixin.py:109} INFO - [2021-10-16 23:55:45,110] {dagbag.py:500} INFO - Filling up the DagBag from /home/airflow/.local/lib/python3.6/site-packages/airflow/example_dags/example_short_circuit_operator.py
[2021-10-16 23:55:45,143] {processor.py:632} INFO - DAG(s) dict_keys(['example_short_circuit_operator']) retrieved from /home/airflow/.local/lib/python3.6/site-packages/airflow/example_dags/example_short_circuit_operator.py
[2021-10-16 23:55:45,158] {logging_mixin.py:109} INFO - [2021-10-16 23:55:45,158] {dag.py:2389} INFO - Sync 1 DAGs
[2021-10-16 23:55:45,178] {logging_mixin.py:109} INFO - [2021-10-16 23:55:45,178] {dag.py:2914} INFO - Setting next_dagrun for example_short_circuit_operator to 2021-10-15T23:55:45.177865+00:00
[2021-10-16 23:55:45,187] {processor.py:171} INFO - Processing /home/airflow/.local/lib/python3.6/site-packages/airflow/example_dags/example_short_circuit_operator.py took 0.082 seconds
[2021-10-16 23:56:15,899] {processor.py:163} INFO - Started process (PID=2876) to work on /home/airflow/.local/lib/python3.6/site-packages/airflow/example_dags/example_short_circuit_operator.py
[2021-10-16 23:56:15,900] {processor.py:620} INFO - Processing file /home/airflow/.local/lib/python3.6/site-packages/airflow/example_dags/example_short_circuit_operator.py for tasks to queue
[2021-10-16 23:56:15,901] {logging_mixin.py:109} INFO - [2021-10-16 23:56:15,901] {dagbag.py:500} INFO - Filling up the DagBag from /home/airflow/.local/lib/python3.6/site-packages/airflow/example_dags/example_short_circuit_operator.py
[2021-10-16 23:56:15,931] {processor.py:632} INFO - DAG(s) dict_keys(['example_short_circuit_operator']) retrieved from /home/airflow/.local/lib/python3.6/site-packages/airflow/example_dags/example_short_circuit_operator.py
[2021-10-16 23:56:15,943] {logging_mixin.py:109} INFO - [2021-10-16 23:56:15,943] {dag.py:2389} INFO - Sync 1 DAGs
[2021-10-16 23:56:15,960] {logging_mixin.py:109} INFO - [2021-10-16 23:56:15,960] {dag.py:2914} INFO - Setting next_dagrun for example_short_circuit_operator to 2021-10-15T23:56:15.959879+00:00
[2021-10-16 23:56:15,968] {processor.py:171} INFO - Processing /home/airflow/.local/lib/python3.6/site-packages/airflow/example_dags/example_short_circuit_operator.py took 0.072 seconds
[2021-10-16 23:56:46,729] {processor.py:163} INFO - Started process (PID=2943) to work on /home/airflow/.local/lib/python3.6/site-packages/airflow/example_dags/example_short_circuit_operator.py
[2021-10-16 23:56:46,731] {processor.py:620} INFO - Processing file /home/airflow/.local/lib/python3.6/site-packages/airflow/example_dags/example_short_circuit_operator.py for tasks to queue
[2021-10-16 23:56:46,732] {logging_mixin.py:109} INFO - [2021-10-16 23:56:46,731] {dagbag.py:500} INFO - Filling up the DagBag from /home/airflow/.local/lib/python3.6/site-packages/airflow/example_dags/example_short_circuit_operator.py
[2021-10-16 23:56:46,780] {processor.py:632} INFO - DAG(s) dict_keys(['example_short_circuit_operator']) retrieved from /home/airflow/.local/lib/python3.6/site-packages/airflow/example_dags/example_short_circuit_operator.py
[2021-10-16 23:56:46,800] {logging_mixin.py:109} INFO - [2021-10-16 23:56:46,800] {dag.py:2389} INFO - Sync 1 DAGs
[2021-10-16 23:56:46,826] {logging_mixin.py:109} INFO - [2021-10-16 23:56:46,826] {dag.py:2914} INFO - Setting next_dagrun for example_short_circuit_operator to 2021-10-15T23:56:46.826014+00:00
[2021-10-16 23:56:46,840] {processor.py:171} INFO - Processing /home/airflow/.local/lib/python3.6/site-packages/airflow/example_dags/example_short_circuit_operator.py took 0.115 seconds
[2021-10-16 23:57:17,709] {processor.py:163} INFO - Started process (PID=2999) to work on /home/airflow/.local/lib/python3.6/site-packages/airflow/example_dags/example_short_circuit_operator.py
[2021-10-16 23:57:17,710] {processor.py:620} INFO - Processing file /home/airflow/.local/lib/python3.6/site-packages/airflow/example_dags/example_short_circuit_operator.py for tasks to queue
[2021-10-16 23:57:17,710] {logging_mixin.py:109} INFO - [2021-10-16 23:57:17,710] {dagbag.py:500} INFO - Filling up the DagBag from /home/airflow/.local/lib/python3.6/site-packages/airflow/example_dags/example_short_circuit_operator.py
[2021-10-16 23:57:17,742] {processor.py:632} INFO - DAG(s) dict_keys(['example_short_circuit_operator']) retrieved from /home/airflow/.local/lib/python3.6/site-packages/airflow/example_dags/example_short_circuit_operator.py
[2021-10-16 23:57:17,756] {logging_mixin.py:109} INFO - [2021-10-16 23:57:17,756] {dag.py:2389} INFO - Sync 1 DAGs
[2021-10-16 23:57:17,775] {logging_mixin.py:109} INFO - [2021-10-16 23:57:17,775] {dag.py:2914} INFO - Setting next_dagrun for example_short_circuit_operator to 2021-10-15T23:57:17.775210+00:00
[2021-10-16 23:57:17,785] {processor.py:171} INFO - Processing /home/airflow/.local/lib/python3.6/site-packages/airflow/example_dags/example_short_circuit_operator.py took 0.079 seconds
[2021-10-16 23:57:48,077] {processor.py:163} INFO - Started process (PID=3064) to work on /home/airflow/.local/lib/python3.6/site-packages/airflow/example_dags/example_short_circuit_operator.py
[2021-10-16 23:57:48,078] {processor.py:620} INFO - Processing file /home/airflow/.local/lib/python3.6/site-packages/airflow/example_dags/example_short_circuit_operator.py for tasks to queue
[2021-10-16 23:57:48,078] {logging_mixin.py:109} INFO - [2021-10-16 23:57:48,078] {dagbag.py:500} INFO - Filling up the DagBag from /home/airflow/.local/lib/python3.6/site-packages/airflow/example_dags/example_short_circuit_operator.py
[2021-10-16 23:57:48,109] {processor.py:632} INFO - DAG(s) dict_keys(['example_short_circuit_operator']) retrieved from /home/airflow/.local/lib/python3.6/site-packages/airflow/example_dags/example_short_circuit_operator.py
[2021-10-16 23:57:48,123] {logging_mixin.py:109} INFO - [2021-10-16 23:57:48,123] {dag.py:2389} INFO - Sync 1 DAGs
[2021-10-16 23:57:48,142] {logging_mixin.py:109} INFO - [2021-10-16 23:57:48,142] {dag.py:2914} INFO - Setting next_dagrun for example_short_circuit_operator to 2021-10-15T23:57:48.142555+00:00
[2021-10-16 23:57:48,157] {processor.py:171} INFO - Processing /home/airflow/.local/lib/python3.6/site-packages/airflow/example_dags/example_short_circuit_operator.py took 0.083 seconds
[2021-10-16 23:58:18,695] {processor.py:163} INFO - Started process (PID=3120) to work on /home/airflow/.local/lib/python3.6/site-packages/airflow/example_dags/example_short_circuit_operator.py
[2021-10-16 23:58:18,696] {processor.py:620} INFO - Processing file /home/airflow/.local/lib/python3.6/site-packages/airflow/example_dags/example_short_circuit_operator.py for tasks to queue
[2021-10-16 23:58:18,698] {logging_mixin.py:109} INFO - [2021-10-16 23:58:18,697] {dagbag.py:500} INFO - Filling up the DagBag from /home/airflow/.local/lib/python3.6/site-packages/airflow/example_dags/example_short_circuit_operator.py
[2021-10-16 23:58:18,762] {processor.py:632} INFO - DAG(s) dict_keys(['example_short_circuit_operator']) retrieved from /home/airflow/.local/lib/python3.6/site-packages/airflow/example_dags/example_short_circuit_operator.py
[2021-10-16 23:58:18,786] {logging_mixin.py:109} INFO - [2021-10-16 23:58:18,785] {dag.py:2389} INFO - Sync 1 DAGs
[2021-10-16 23:58:18,812] {logging_mixin.py:109} INFO - [2021-10-16 23:58:18,811] {dag.py:2914} INFO - Setting next_dagrun for example_short_circuit_operator to 2021-10-15T23:58:18.811338+00:00
[2021-10-16 23:58:18,825] {processor.py:171} INFO - Processing /home/airflow/.local/lib/python3.6/site-packages/airflow/example_dags/example_short_circuit_operator.py took 0.135 seconds
[2021-10-16 23:58:49,558] {processor.py:163} INFO - Started process (PID=3175) to work on /home/airflow/.local/lib/python3.6/site-packages/airflow/example_dags/example_short_circuit_operator.py
[2021-10-16 23:58:49,559] {processor.py:620} INFO - Processing file /home/airflow/.local/lib/python3.6/site-packages/airflow/example_dags/example_short_circuit_operator.py for tasks to queue
[2021-10-16 23:58:49,560] {logging_mixin.py:109} INFO - [2021-10-16 23:58:49,560] {dagbag.py:500} INFO - Filling up the DagBag from /home/airflow/.local/lib/python3.6/site-packages/airflow/example_dags/example_short_circuit_operator.py
[2021-10-16 23:58:49,584] {processor.py:632} INFO - DAG(s) dict_keys(['example_short_circuit_operator']) retrieved from /home/airflow/.local/lib/python3.6/site-packages/airflow/example_dags/example_short_circuit_operator.py
[2021-10-16 23:58:49,595] {logging_mixin.py:109} INFO - [2021-10-16 23:58:49,595] {dag.py:2389} INFO - Sync 1 DAGs
[2021-10-16 23:58:49,610] {logging_mixin.py:109} INFO - [2021-10-16 23:58:49,610] {dag.py:2914} INFO - Setting next_dagrun for example_short_circuit_operator to 2021-10-15T23:58:49.610120+00:00
[2021-10-16 23:58:49,620] {processor.py:171} INFO - Processing /home/airflow/.local/lib/python3.6/site-packages/airflow/example_dags/example_short_circuit_operator.py took 0.065 seconds
[2021-10-16 23:59:20,017] {processor.py:163} INFO - Started process (PID=3243) to work on /home/airflow/.local/lib/python3.6/site-packages/airflow/example_dags/example_short_circuit_operator.py
[2021-10-16 23:59:20,018] {processor.py:620} INFO - Processing file /home/airflow/.local/lib/python3.6/site-packages/airflow/example_dags/example_short_circuit_operator.py for tasks to queue
[2021-10-16 23:59:20,019] {logging_mixin.py:109} INFO - [2021-10-16 23:59:20,019] {dagbag.py:500} INFO - Filling up the DagBag from /home/airflow/.local/lib/python3.6/site-packages/airflow/example_dags/example_short_circuit_operator.py
[2021-10-16 23:59:20,052] {processor.py:632} INFO - DAG(s) dict_keys(['example_short_circuit_operator']) retrieved from /home/airflow/.local/lib/python3.6/site-packages/airflow/example_dags/example_short_circuit_operator.py
[2021-10-16 23:59:20,064] {logging_mixin.py:109} INFO - [2021-10-16 23:59:20,064] {dag.py:2389} INFO - Sync 1 DAGs
[2021-10-16 23:59:20,080] {logging_mixin.py:109} INFO - [2021-10-16 23:59:20,080] {dag.py:2914} INFO - Setting next_dagrun for example_short_circuit_operator to 2021-10-15T23:59:20.079988+00:00
[2021-10-16 23:59:20,089] {processor.py:171} INFO - Processing /home/airflow/.local/lib/python3.6/site-packages/airflow/example_dags/example_short_circuit_operator.py took 0.075 seconds
[2021-10-16 23:59:50,399] {processor.py:163} INFO - Started process (PID=3297) to work on /home/airflow/.local/lib/python3.6/site-packages/airflow/example_dags/example_short_circuit_operator.py
[2021-10-16 23:59:50,401] {processor.py:620} INFO - Processing file /home/airflow/.local/lib/python3.6/site-packages/airflow/example_dags/example_short_circuit_operator.py for tasks to queue
[2021-10-16 23:59:50,401] {logging_mixin.py:109} INFO - [2021-10-16 23:59:50,401] {dagbag.py:500} INFO - Filling up the DagBag from /home/airflow/.local/lib/python3.6/site-packages/airflow/example_dags/example_short_circuit_operator.py
[2021-10-16 23:59:50,438] {processor.py:632} INFO - DAG(s) dict_keys(['example_short_circuit_operator']) retrieved from /home/airflow/.local/lib/python3.6/site-packages/airflow/example_dags/example_short_circuit_operator.py
[2021-10-16 23:59:50,453] {logging_mixin.py:109} INFO - [2021-10-16 23:59:50,453] {dag.py:2389} INFO - Sync 1 DAGs
[2021-10-16 23:59:50,472] {logging_mixin.py:109} INFO - [2021-10-16 23:59:50,472] {dag.py:2914} INFO - Setting next_dagrun for example_short_circuit_operator to 2021-10-15T23:59:50.472539+00:00
[2021-10-16 23:59:50,483] {processor.py:171} INFO - Processing /home/airflow/.local/lib/python3.6/site-packages/airflow/example_dags/example_short_circuit_operator.py took 0.087 seconds
