[2021-10-16 23:32:10,771] {processor.py:163} INFO - Started process (PID=46) to work on /home/airflow/.local/lib/python3.6/site-packages/airflow/example_dags/example_skip_dag.py
[2021-10-16 23:32:10,772] {processor.py:620} INFO - Processing file /home/airflow/.local/lib/python3.6/site-packages/airflow/example_dags/example_skip_dag.py for tasks to queue
[2021-10-16 23:32:10,773] {logging_mixin.py:109} INFO - [2021-10-16 23:32:10,773] {dagbag.py:500} INFO - Filling up the DagBag from /home/airflow/.local/lib/python3.6/site-packages/airflow/example_dags/example_skip_dag.py
[2021-10-16 23:32:10,805] {processor.py:632} INFO - DAG(s) dict_keys(['example_skip_dag']) retrieved from /home/airflow/.local/lib/python3.6/site-packages/airflow/example_dags/example_skip_dag.py
[2021-10-16 23:32:10,820] {logging_mixin.py:109} INFO - [2021-10-16 23:32:10,820] {dag.py:2389} INFO - Sync 1 DAGs
[2021-10-16 23:32:10,844] {logging_mixin.py:109} INFO - [2021-10-16 23:32:10,844] {dag.py:2914} INFO - Setting next_dagrun for example_skip_dag to 2021-10-15T23:32:10.843646+00:00
[2021-10-16 23:32:10,857] {processor.py:171} INFO - Processing /home/airflow/.local/lib/python3.6/site-packages/airflow/example_dags/example_skip_dag.py took 0.091 seconds
[2021-10-16 23:32:40,937] {processor.py:163} INFO - Started process (PID=102) to work on /home/airflow/.local/lib/python3.6/site-packages/airflow/example_dags/example_skip_dag.py
[2021-10-16 23:32:40,938] {processor.py:620} INFO - Processing file /home/airflow/.local/lib/python3.6/site-packages/airflow/example_dags/example_skip_dag.py for tasks to queue
[2021-10-16 23:32:40,939] {logging_mixin.py:109} INFO - [2021-10-16 23:32:40,939] {dagbag.py:500} INFO - Filling up the DagBag from /home/airflow/.local/lib/python3.6/site-packages/airflow/example_dags/example_skip_dag.py
[2021-10-16 23:32:40,968] {processor.py:632} INFO - DAG(s) dict_keys(['example_skip_dag']) retrieved from /home/airflow/.local/lib/python3.6/site-packages/airflow/example_dags/example_skip_dag.py
[2021-10-16 23:32:40,982] {logging_mixin.py:109} INFO - [2021-10-16 23:32:40,982] {dag.py:2389} INFO - Sync 1 DAGs
[2021-10-16 23:32:41,002] {logging_mixin.py:109} INFO - [2021-10-16 23:32:41,002] {dag.py:2914} INFO - Setting next_dagrun for example_skip_dag to 2021-10-15T23:32:41.001903+00:00
[2021-10-16 23:32:41,012] {processor.py:171} INFO - Processing /home/airflow/.local/lib/python3.6/site-packages/airflow/example_dags/example_skip_dag.py took 0.078 seconds
[2021-10-16 23:33:11,477] {processor.py:163} INFO - Started process (PID=167) to work on /home/airflow/.local/lib/python3.6/site-packages/airflow/example_dags/example_skip_dag.py
[2021-10-16 23:33:11,479] {processor.py:620} INFO - Processing file /home/airflow/.local/lib/python3.6/site-packages/airflow/example_dags/example_skip_dag.py for tasks to queue
[2021-10-16 23:33:11,480] {logging_mixin.py:109} INFO - [2021-10-16 23:33:11,479] {dagbag.py:500} INFO - Filling up the DagBag from /home/airflow/.local/lib/python3.6/site-packages/airflow/example_dags/example_skip_dag.py
[2021-10-16 23:33:11,512] {processor.py:632} INFO - DAG(s) dict_keys(['example_skip_dag']) retrieved from /home/airflow/.local/lib/python3.6/site-packages/airflow/example_dags/example_skip_dag.py
[2021-10-16 23:33:11,528] {logging_mixin.py:109} INFO - [2021-10-16 23:33:11,527] {dag.py:2389} INFO - Sync 1 DAGs
[2021-10-16 23:33:11,545] {logging_mixin.py:109} INFO - [2021-10-16 23:33:11,545] {dag.py:2914} INFO - Setting next_dagrun for example_skip_dag to 2021-10-15T23:33:11.545319+00:00
[2021-10-16 23:33:11,555] {processor.py:171} INFO - Processing /home/airflow/.local/lib/python3.6/site-packages/airflow/example_dags/example_skip_dag.py took 0.082 seconds
[2021-10-16 23:33:41,874] {processor.py:163} INFO - Started process (PID=224) to work on /home/airflow/.local/lib/python3.6/site-packages/airflow/example_dags/example_skip_dag.py
[2021-10-16 23:33:41,876] {processor.py:620} INFO - Processing file /home/airflow/.local/lib/python3.6/site-packages/airflow/example_dags/example_skip_dag.py for tasks to queue
[2021-10-16 23:33:41,877] {logging_mixin.py:109} INFO - [2021-10-16 23:33:41,877] {dagbag.py:500} INFO - Filling up the DagBag from /home/airflow/.local/lib/python3.6/site-packages/airflow/example_dags/example_skip_dag.py
[2021-10-16 23:33:41,904] {processor.py:632} INFO - DAG(s) dict_keys(['example_skip_dag']) retrieved from /home/airflow/.local/lib/python3.6/site-packages/airflow/example_dags/example_skip_dag.py
[2021-10-16 23:33:41,917] {logging_mixin.py:109} INFO - [2021-10-16 23:33:41,917] {dag.py:2389} INFO - Sync 1 DAGs
[2021-10-16 23:33:41,937] {logging_mixin.py:109} INFO - [2021-10-16 23:33:41,937] {dag.py:2914} INFO - Setting next_dagrun for example_skip_dag to 2021-10-15T23:33:41.936978+00:00
[2021-10-16 23:33:41,946] {processor.py:171} INFO - Processing /home/airflow/.local/lib/python3.6/site-packages/airflow/example_dags/example_skip_dag.py took 0.075 seconds
[2021-10-16 23:34:12,115] {processor.py:163} INFO - Started process (PID=282) to work on /home/airflow/.local/lib/python3.6/site-packages/airflow/example_dags/example_skip_dag.py
[2021-10-16 23:34:12,116] {processor.py:620} INFO - Processing file /home/airflow/.local/lib/python3.6/site-packages/airflow/example_dags/example_skip_dag.py for tasks to queue
[2021-10-16 23:34:12,117] {logging_mixin.py:109} INFO - [2021-10-16 23:34:12,117] {dagbag.py:500} INFO - Filling up the DagBag from /home/airflow/.local/lib/python3.6/site-packages/airflow/example_dags/example_skip_dag.py
[2021-10-16 23:34:12,174] {processor.py:632} INFO - DAG(s) dict_keys(['example_skip_dag']) retrieved from /home/airflow/.local/lib/python3.6/site-packages/airflow/example_dags/example_skip_dag.py
[2021-10-16 23:34:12,191] {logging_mixin.py:109} INFO - [2021-10-16 23:34:12,191] {dag.py:2389} INFO - Sync 1 DAGs
[2021-10-16 23:34:12,218] {logging_mixin.py:109} INFO - [2021-10-16 23:34:12,218] {dag.py:2914} INFO - Setting next_dagrun for example_skip_dag to 2021-10-15T23:34:12.217869+00:00
[2021-10-16 23:34:12,230] {processor.py:171} INFO - Processing /home/airflow/.local/lib/python3.6/site-packages/airflow/example_dags/example_skip_dag.py took 0.120 seconds
[2021-10-16 23:34:42,907] {processor.py:163} INFO - Started process (PID=349) to work on /home/airflow/.local/lib/python3.6/site-packages/airflow/example_dags/example_skip_dag.py
[2021-10-16 23:34:42,909] {processor.py:620} INFO - Processing file /home/airflow/.local/lib/python3.6/site-packages/airflow/example_dags/example_skip_dag.py for tasks to queue
[2021-10-16 23:34:42,910] {logging_mixin.py:109} INFO - [2021-10-16 23:34:42,910] {dagbag.py:500} INFO - Filling up the DagBag from /home/airflow/.local/lib/python3.6/site-packages/airflow/example_dags/example_skip_dag.py
[2021-10-16 23:34:42,961] {processor.py:632} INFO - DAG(s) dict_keys(['example_skip_dag']) retrieved from /home/airflow/.local/lib/python3.6/site-packages/airflow/example_dags/example_skip_dag.py
[2021-10-16 23:34:42,982] {logging_mixin.py:109} INFO - [2021-10-16 23:34:42,982] {dag.py:2389} INFO - Sync 1 DAGs
[2021-10-16 23:34:43,016] {logging_mixin.py:109} INFO - [2021-10-16 23:34:43,016] {dag.py:2914} INFO - Setting next_dagrun for example_skip_dag to 2021-10-15T23:34:43.015946+00:00
[2021-10-16 23:34:43,034] {processor.py:171} INFO - Processing /home/airflow/.local/lib/python3.6/site-packages/airflow/example_dags/example_skip_dag.py took 0.133 seconds
[2021-10-16 23:35:13,350] {processor.py:163} INFO - Started process (PID=412) to work on /home/airflow/.local/lib/python3.6/site-packages/airflow/example_dags/example_skip_dag.py
[2021-10-16 23:35:13,355] {processor.py:620} INFO - Processing file /home/airflow/.local/lib/python3.6/site-packages/airflow/example_dags/example_skip_dag.py for tasks to queue
[2021-10-16 23:35:13,356] {logging_mixin.py:109} INFO - [2021-10-16 23:35:13,356] {dagbag.py:500} INFO - Filling up the DagBag from /home/airflow/.local/lib/python3.6/site-packages/airflow/example_dags/example_skip_dag.py
[2021-10-16 23:35:13,401] {processor.py:632} INFO - DAG(s) dict_keys(['example_skip_dag']) retrieved from /home/airflow/.local/lib/python3.6/site-packages/airflow/example_dags/example_skip_dag.py
[2021-10-16 23:35:13,422] {logging_mixin.py:109} INFO - [2021-10-16 23:35:13,422] {dag.py:2389} INFO - Sync 1 DAGs
[2021-10-16 23:35:13,450] {logging_mixin.py:109} INFO - [2021-10-16 23:35:13,449] {dag.py:2914} INFO - Setting next_dagrun for example_skip_dag to 2021-10-15T23:35:13.449425+00:00
[2021-10-16 23:35:13,465] {processor.py:171} INFO - Processing /home/airflow/.local/lib/python3.6/site-packages/airflow/example_dags/example_skip_dag.py took 0.122 seconds
[2021-10-16 23:35:44,269] {processor.py:163} INFO - Started process (PID=468) to work on /home/airflow/.local/lib/python3.6/site-packages/airflow/example_dags/example_skip_dag.py
[2021-10-16 23:35:44,272] {processor.py:620} INFO - Processing file /home/airflow/.local/lib/python3.6/site-packages/airflow/example_dags/example_skip_dag.py for tasks to queue
[2021-10-16 23:35:44,273] {logging_mixin.py:109} INFO - [2021-10-16 23:35:44,273] {dagbag.py:500} INFO - Filling up the DagBag from /home/airflow/.local/lib/python3.6/site-packages/airflow/example_dags/example_skip_dag.py
[2021-10-16 23:35:44,307] {processor.py:632} INFO - DAG(s) dict_keys(['example_skip_dag']) retrieved from /home/airflow/.local/lib/python3.6/site-packages/airflow/example_dags/example_skip_dag.py
[2021-10-16 23:35:44,324] {logging_mixin.py:109} INFO - [2021-10-16 23:35:44,324] {dag.py:2389} INFO - Sync 1 DAGs
[2021-10-16 23:35:44,350] {logging_mixin.py:109} INFO - [2021-10-16 23:35:44,349] {dag.py:2914} INFO - Setting next_dagrun for example_skip_dag to 2021-10-15T23:35:44.349537+00:00
[2021-10-16 23:35:44,363] {processor.py:171} INFO - Processing /home/airflow/.local/lib/python3.6/site-packages/airflow/example_dags/example_skip_dag.py took 0.098 seconds
[2021-10-16 23:36:14,959] {processor.py:163} INFO - Started process (PID=523) to work on /home/airflow/.local/lib/python3.6/site-packages/airflow/example_dags/example_skip_dag.py
[2021-10-16 23:36:14,960] {processor.py:620} INFO - Processing file /home/airflow/.local/lib/python3.6/site-packages/airflow/example_dags/example_skip_dag.py for tasks to queue
[2021-10-16 23:36:14,960] {logging_mixin.py:109} INFO - [2021-10-16 23:36:14,960] {dagbag.py:500} INFO - Filling up the DagBag from /home/airflow/.local/lib/python3.6/site-packages/airflow/example_dags/example_skip_dag.py
[2021-10-16 23:36:14,985] {processor.py:632} INFO - DAG(s) dict_keys(['example_skip_dag']) retrieved from /home/airflow/.local/lib/python3.6/site-packages/airflow/example_dags/example_skip_dag.py
[2021-10-16 23:36:14,996] {logging_mixin.py:109} INFO - [2021-10-16 23:36:14,996] {dag.py:2389} INFO - Sync 1 DAGs
[2021-10-16 23:36:15,010] {logging_mixin.py:109} INFO - [2021-10-16 23:36:15,010] {dag.py:2914} INFO - Setting next_dagrun for example_skip_dag to 2021-10-15T23:36:15.010330+00:00
[2021-10-16 23:36:15,019] {processor.py:171} INFO - Processing /home/airflow/.local/lib/python3.6/site-packages/airflow/example_dags/example_skip_dag.py took 0.062 seconds
[2021-10-16 23:36:45,300] {processor.py:163} INFO - Started process (PID=589) to work on /home/airflow/.local/lib/python3.6/site-packages/airflow/example_dags/example_skip_dag.py
[2021-10-16 23:36:45,301] {processor.py:620} INFO - Processing file /home/airflow/.local/lib/python3.6/site-packages/airflow/example_dags/example_skip_dag.py for tasks to queue
[2021-10-16 23:36:45,302] {logging_mixin.py:109} INFO - [2021-10-16 23:36:45,302] {dagbag.py:500} INFO - Filling up the DagBag from /home/airflow/.local/lib/python3.6/site-packages/airflow/example_dags/example_skip_dag.py
[2021-10-16 23:36:45,326] {processor.py:632} INFO - DAG(s) dict_keys(['example_skip_dag']) retrieved from /home/airflow/.local/lib/python3.6/site-packages/airflow/example_dags/example_skip_dag.py
[2021-10-16 23:36:45,337] {logging_mixin.py:109} INFO - [2021-10-16 23:36:45,337] {dag.py:2389} INFO - Sync 1 DAGs
[2021-10-16 23:36:45,352] {logging_mixin.py:109} INFO - [2021-10-16 23:36:45,352] {dag.py:2914} INFO - Setting next_dagrun for example_skip_dag to 2021-10-15T23:36:45.352448+00:00
[2021-10-16 23:36:45,360] {processor.py:171} INFO - Processing /home/airflow/.local/lib/python3.6/site-packages/airflow/example_dags/example_skip_dag.py took 0.063 seconds
[2021-10-16 23:37:15,627] {processor.py:163} INFO - Started process (PID=644) to work on /home/airflow/.local/lib/python3.6/site-packages/airflow/example_dags/example_skip_dag.py
[2021-10-16 23:37:15,630] {processor.py:620} INFO - Processing file /home/airflow/.local/lib/python3.6/site-packages/airflow/example_dags/example_skip_dag.py for tasks to queue
[2021-10-16 23:37:15,630] {logging_mixin.py:109} INFO - [2021-10-16 23:37:15,630] {dagbag.py:500} INFO - Filling up the DagBag from /home/airflow/.local/lib/python3.6/site-packages/airflow/example_dags/example_skip_dag.py
[2021-10-16 23:37:15,676] {processor.py:632} INFO - DAG(s) dict_keys(['example_skip_dag']) retrieved from /home/airflow/.local/lib/python3.6/site-packages/airflow/example_dags/example_skip_dag.py
[2021-10-16 23:37:15,700] {logging_mixin.py:109} INFO - [2021-10-16 23:37:15,700] {dag.py:2389} INFO - Sync 1 DAGs
[2021-10-16 23:37:15,725] {logging_mixin.py:109} INFO - [2021-10-16 23:37:15,725] {dag.py:2914} INFO - Setting next_dagrun for example_skip_dag to 2021-10-15T23:37:15.725254+00:00
[2021-10-16 23:37:15,738] {processor.py:171} INFO - Processing /home/airflow/.local/lib/python3.6/site-packages/airflow/example_dags/example_skip_dag.py took 0.115 seconds
[2021-10-16 23:37:46,102] {processor.py:163} INFO - Started process (PID=699) to work on /home/airflow/.local/lib/python3.6/site-packages/airflow/example_dags/example_skip_dag.py
[2021-10-16 23:37:46,104] {processor.py:620} INFO - Processing file /home/airflow/.local/lib/python3.6/site-packages/airflow/example_dags/example_skip_dag.py for tasks to queue
[2021-10-16 23:37:46,105] {logging_mixin.py:109} INFO - [2021-10-16 23:37:46,105] {dagbag.py:500} INFO - Filling up the DagBag from /home/airflow/.local/lib/python3.6/site-packages/airflow/example_dags/example_skip_dag.py
[2021-10-16 23:37:46,142] {processor.py:632} INFO - DAG(s) dict_keys(['example_skip_dag']) retrieved from /home/airflow/.local/lib/python3.6/site-packages/airflow/example_dags/example_skip_dag.py
[2021-10-16 23:37:46,158] {logging_mixin.py:109} INFO - [2021-10-16 23:37:46,158] {dag.py:2389} INFO - Sync 1 DAGs
[2021-10-16 23:37:46,182] {logging_mixin.py:109} INFO - [2021-10-16 23:37:46,181] {dag.py:2914} INFO - Setting next_dagrun for example_skip_dag to 2021-10-15T23:37:46.181550+00:00
[2021-10-16 23:37:46,193] {processor.py:171} INFO - Processing /home/airflow/.local/lib/python3.6/site-packages/airflow/example_dags/example_skip_dag.py took 0.094 seconds
[2021-10-16 23:38:16,210] {processor.py:163} INFO - Started process (PID=766) to work on /home/airflow/.local/lib/python3.6/site-packages/airflow/example_dags/example_skip_dag.py
[2021-10-16 23:38:16,211] {processor.py:620} INFO - Processing file /home/airflow/.local/lib/python3.6/site-packages/airflow/example_dags/example_skip_dag.py for tasks to queue
[2021-10-16 23:38:16,211] {logging_mixin.py:109} INFO - [2021-10-16 23:38:16,211] {dagbag.py:500} INFO - Filling up the DagBag from /home/airflow/.local/lib/python3.6/site-packages/airflow/example_dags/example_skip_dag.py
[2021-10-16 23:38:16,234] {processor.py:632} INFO - DAG(s) dict_keys(['example_skip_dag']) retrieved from /home/airflow/.local/lib/python3.6/site-packages/airflow/example_dags/example_skip_dag.py
[2021-10-16 23:38:16,245] {logging_mixin.py:109} INFO - [2021-10-16 23:38:16,245] {dag.py:2389} INFO - Sync 1 DAGs
[2021-10-16 23:38:16,261] {logging_mixin.py:109} INFO - [2021-10-16 23:38:16,261] {dag.py:2914} INFO - Setting next_dagrun for example_skip_dag to 2021-10-15T23:38:16.260742+00:00
[2021-10-16 23:38:16,273] {processor.py:171} INFO - Processing /home/airflow/.local/lib/python3.6/site-packages/airflow/example_dags/example_skip_dag.py took 0.066 seconds
[2021-10-16 23:38:46,547] {processor.py:163} INFO - Started process (PID=821) to work on /home/airflow/.local/lib/python3.6/site-packages/airflow/example_dags/example_skip_dag.py
[2021-10-16 23:38:46,549] {processor.py:620} INFO - Processing file /home/airflow/.local/lib/python3.6/site-packages/airflow/example_dags/example_skip_dag.py for tasks to queue
[2021-10-16 23:38:46,549] {logging_mixin.py:109} INFO - [2021-10-16 23:38:46,549] {dagbag.py:500} INFO - Filling up the DagBag from /home/airflow/.local/lib/python3.6/site-packages/airflow/example_dags/example_skip_dag.py
[2021-10-16 23:38:46,574] {processor.py:632} INFO - DAG(s) dict_keys(['example_skip_dag']) retrieved from /home/airflow/.local/lib/python3.6/site-packages/airflow/example_dags/example_skip_dag.py
[2021-10-16 23:38:46,586] {logging_mixin.py:109} INFO - [2021-10-16 23:38:46,586] {dag.py:2389} INFO - Sync 1 DAGs
[2021-10-16 23:38:46,602] {logging_mixin.py:109} INFO - [2021-10-16 23:38:46,602] {dag.py:2914} INFO - Setting next_dagrun for example_skip_dag to 2021-10-15T23:38:46.601804+00:00
[2021-10-16 23:38:46,611] {processor.py:171} INFO - Processing /home/airflow/.local/lib/python3.6/site-packages/airflow/example_dags/example_skip_dag.py took 0.066 seconds
[2021-10-16 23:39:16,923] {processor.py:163} INFO - Started process (PID=877) to work on /home/airflow/.local/lib/python3.6/site-packages/airflow/example_dags/example_skip_dag.py
[2021-10-16 23:39:16,924] {processor.py:620} INFO - Processing file /home/airflow/.local/lib/python3.6/site-packages/airflow/example_dags/example_skip_dag.py for tasks to queue
[2021-10-16 23:39:16,924] {logging_mixin.py:109} INFO - [2021-10-16 23:39:16,924] {dagbag.py:500} INFO - Filling up the DagBag from /home/airflow/.local/lib/python3.6/site-packages/airflow/example_dags/example_skip_dag.py
[2021-10-16 23:39:16,948] {processor.py:632} INFO - DAG(s) dict_keys(['example_skip_dag']) retrieved from /home/airflow/.local/lib/python3.6/site-packages/airflow/example_dags/example_skip_dag.py
[2021-10-16 23:39:16,961] {logging_mixin.py:109} INFO - [2021-10-16 23:39:16,960] {dag.py:2389} INFO - Sync 1 DAGs
[2021-10-16 23:39:16,980] {logging_mixin.py:109} INFO - [2021-10-16 23:39:16,980] {dag.py:2914} INFO - Setting next_dagrun for example_skip_dag to 2021-10-15T23:39:16.979957+00:00
[2021-10-16 23:39:16,988] {processor.py:171} INFO - Processing /home/airflow/.local/lib/python3.6/site-packages/airflow/example_dags/example_skip_dag.py took 0.069 seconds
[2021-10-16 23:39:47,401] {processor.py:163} INFO - Started process (PID=942) to work on /home/airflow/.local/lib/python3.6/site-packages/airflow/example_dags/example_skip_dag.py
[2021-10-16 23:39:47,402] {processor.py:620} INFO - Processing file /home/airflow/.local/lib/python3.6/site-packages/airflow/example_dags/example_skip_dag.py for tasks to queue
[2021-10-16 23:39:47,403] {logging_mixin.py:109} INFO - [2021-10-16 23:39:47,403] {dagbag.py:500} INFO - Filling up the DagBag from /home/airflow/.local/lib/python3.6/site-packages/airflow/example_dags/example_skip_dag.py
[2021-10-16 23:39:47,428] {processor.py:632} INFO - DAG(s) dict_keys(['example_skip_dag']) retrieved from /home/airflow/.local/lib/python3.6/site-packages/airflow/example_dags/example_skip_dag.py
[2021-10-16 23:39:47,442] {logging_mixin.py:109} INFO - [2021-10-16 23:39:47,442] {dag.py:2389} INFO - Sync 1 DAGs
[2021-10-16 23:39:47,458] {logging_mixin.py:109} INFO - [2021-10-16 23:39:47,458] {dag.py:2914} INFO - Setting next_dagrun for example_skip_dag to 2021-10-15T23:39:47.458614+00:00
[2021-10-16 23:39:47,468] {processor.py:171} INFO - Processing /home/airflow/.local/lib/python3.6/site-packages/airflow/example_dags/example_skip_dag.py took 0.071 seconds
[2021-10-16 23:40:17,625] {processor.py:163} INFO - Started process (PID=997) to work on /home/airflow/.local/lib/python3.6/site-packages/airflow/example_dags/example_skip_dag.py
[2021-10-16 23:40:17,627] {processor.py:620} INFO - Processing file /home/airflow/.local/lib/python3.6/site-packages/airflow/example_dags/example_skip_dag.py for tasks to queue
[2021-10-16 23:40:17,627] {logging_mixin.py:109} INFO - [2021-10-16 23:40:17,627] {dagbag.py:500} INFO - Filling up the DagBag from /home/airflow/.local/lib/python3.6/site-packages/airflow/example_dags/example_skip_dag.py
[2021-10-16 23:40:17,650] {processor.py:632} INFO - DAG(s) dict_keys(['example_skip_dag']) retrieved from /home/airflow/.local/lib/python3.6/site-packages/airflow/example_dags/example_skip_dag.py
[2021-10-16 23:40:17,661] {logging_mixin.py:109} INFO - [2021-10-16 23:40:17,661] {dag.py:2389} INFO - Sync 1 DAGs
[2021-10-16 23:40:17,675] {logging_mixin.py:109} INFO - [2021-10-16 23:40:17,675] {dag.py:2914} INFO - Setting next_dagrun for example_skip_dag to 2021-10-15T23:40:17.675190+00:00
[2021-10-16 23:40:17,684] {processor.py:171} INFO - Processing /home/airflow/.local/lib/python3.6/site-packages/airflow/example_dags/example_skip_dag.py took 0.061 seconds
[2021-10-16 23:40:47,915] {processor.py:163} INFO - Started process (PID=1064) to work on /home/airflow/.local/lib/python3.6/site-packages/airflow/example_dags/example_skip_dag.py
[2021-10-16 23:40:47,916] {processor.py:620} INFO - Processing file /home/airflow/.local/lib/python3.6/site-packages/airflow/example_dags/example_skip_dag.py for tasks to queue
[2021-10-16 23:40:47,917] {logging_mixin.py:109} INFO - [2021-10-16 23:40:47,916] {dagbag.py:500} INFO - Filling up the DagBag from /home/airflow/.local/lib/python3.6/site-packages/airflow/example_dags/example_skip_dag.py
[2021-10-16 23:40:47,941] {processor.py:632} INFO - DAG(s) dict_keys(['example_skip_dag']) retrieved from /home/airflow/.local/lib/python3.6/site-packages/airflow/example_dags/example_skip_dag.py
[2021-10-16 23:40:47,952] {logging_mixin.py:109} INFO - [2021-10-16 23:40:47,951] {dag.py:2389} INFO - Sync 1 DAGs
[2021-10-16 23:40:47,966] {logging_mixin.py:109} INFO - [2021-10-16 23:40:47,966] {dag.py:2914} INFO - Setting next_dagrun for example_skip_dag to 2021-10-15T23:40:47.966104+00:00
[2021-10-16 23:40:47,974] {processor.py:171} INFO - Processing /home/airflow/.local/lib/python3.6/site-packages/airflow/example_dags/example_skip_dag.py took 0.061 seconds
[2021-10-16 23:41:18,193] {processor.py:163} INFO - Started process (PID=1119) to work on /home/airflow/.local/lib/python3.6/site-packages/airflow/example_dags/example_skip_dag.py
[2021-10-16 23:41:18,194] {processor.py:620} INFO - Processing file /home/airflow/.local/lib/python3.6/site-packages/airflow/example_dags/example_skip_dag.py for tasks to queue
[2021-10-16 23:41:18,195] {logging_mixin.py:109} INFO - [2021-10-16 23:41:18,194] {dagbag.py:500} INFO - Filling up the DagBag from /home/airflow/.local/lib/python3.6/site-packages/airflow/example_dags/example_skip_dag.py
[2021-10-16 23:41:18,218] {processor.py:632} INFO - DAG(s) dict_keys(['example_skip_dag']) retrieved from /home/airflow/.local/lib/python3.6/site-packages/airflow/example_dags/example_skip_dag.py
[2021-10-16 23:41:18,229] {logging_mixin.py:109} INFO - [2021-10-16 23:41:18,229] {dag.py:2389} INFO - Sync 1 DAGs
[2021-10-16 23:41:18,243] {logging_mixin.py:109} INFO - [2021-10-16 23:41:18,243] {dag.py:2914} INFO - Setting next_dagrun for example_skip_dag to 2021-10-15T23:41:18.243482+00:00
[2021-10-16 23:41:18,252] {processor.py:171} INFO - Processing /home/airflow/.local/lib/python3.6/site-packages/airflow/example_dags/example_skip_dag.py took 0.061 seconds
[2021-10-16 23:41:49,151] {processor.py:163} INFO - Started process (PID=1181) to work on /home/airflow/.local/lib/python3.6/site-packages/airflow/example_dags/example_skip_dag.py
[2021-10-16 23:41:49,152] {processor.py:620} INFO - Processing file /home/airflow/.local/lib/python3.6/site-packages/airflow/example_dags/example_skip_dag.py for tasks to queue
[2021-10-16 23:41:49,153] {logging_mixin.py:109} INFO - [2021-10-16 23:41:49,153] {dagbag.py:500} INFO - Filling up the DagBag from /home/airflow/.local/lib/python3.6/site-packages/airflow/example_dags/example_skip_dag.py
[2021-10-16 23:41:49,175] {processor.py:632} INFO - DAG(s) dict_keys(['example_skip_dag']) retrieved from /home/airflow/.local/lib/python3.6/site-packages/airflow/example_dags/example_skip_dag.py
[2021-10-16 23:41:49,186] {logging_mixin.py:109} INFO - [2021-10-16 23:41:49,186] {dag.py:2389} INFO - Sync 1 DAGs
[2021-10-16 23:41:49,200] {logging_mixin.py:109} INFO - [2021-10-16 23:41:49,200] {dag.py:2914} INFO - Setting next_dagrun for example_skip_dag to 2021-10-15T23:41:49.199844+00:00
[2021-10-16 23:41:49,208] {processor.py:171} INFO - Processing /home/airflow/.local/lib/python3.6/site-packages/airflow/example_dags/example_skip_dag.py took 0.059 seconds
[2021-10-16 23:42:19,327] {processor.py:163} INFO - Started process (PID=1239) to work on /home/airflow/.local/lib/python3.6/site-packages/airflow/example_dags/example_skip_dag.py
[2021-10-16 23:42:19,328] {processor.py:620} INFO - Processing file /home/airflow/.local/lib/python3.6/site-packages/airflow/example_dags/example_skip_dag.py for tasks to queue
[2021-10-16 23:42:19,329] {logging_mixin.py:109} INFO - [2021-10-16 23:42:19,328] {dagbag.py:500} INFO - Filling up the DagBag from /home/airflow/.local/lib/python3.6/site-packages/airflow/example_dags/example_skip_dag.py
[2021-10-16 23:42:19,353] {processor.py:632} INFO - DAG(s) dict_keys(['example_skip_dag']) retrieved from /home/airflow/.local/lib/python3.6/site-packages/airflow/example_dags/example_skip_dag.py
[2021-10-16 23:42:19,364] {logging_mixin.py:109} INFO - [2021-10-16 23:42:19,364] {dag.py:2389} INFO - Sync 1 DAGs
[2021-10-16 23:42:19,380] {logging_mixin.py:109} INFO - [2021-10-16 23:42:19,380] {dag.py:2914} INFO - Setting next_dagrun for example_skip_dag to 2021-10-15T23:42:19.380336+00:00
[2021-10-16 23:42:19,389] {processor.py:171} INFO - Processing /home/airflow/.local/lib/python3.6/site-packages/airflow/example_dags/example_skip_dag.py took 0.065 seconds
[2021-10-16 23:42:49,621] {processor.py:163} INFO - Started process (PID=1294) to work on /home/airflow/.local/lib/python3.6/site-packages/airflow/example_dags/example_skip_dag.py
[2021-10-16 23:42:49,622] {processor.py:620} INFO - Processing file /home/airflow/.local/lib/python3.6/site-packages/airflow/example_dags/example_skip_dag.py for tasks to queue
[2021-10-16 23:42:49,623] {logging_mixin.py:109} INFO - [2021-10-16 23:42:49,623] {dagbag.py:500} INFO - Filling up the DagBag from /home/airflow/.local/lib/python3.6/site-packages/airflow/example_dags/example_skip_dag.py
[2021-10-16 23:42:49,646] {processor.py:632} INFO - DAG(s) dict_keys(['example_skip_dag']) retrieved from /home/airflow/.local/lib/python3.6/site-packages/airflow/example_dags/example_skip_dag.py
[2021-10-16 23:42:49,656] {logging_mixin.py:109} INFO - [2021-10-16 23:42:49,656] {dag.py:2389} INFO - Sync 1 DAGs
[2021-10-16 23:42:49,671] {logging_mixin.py:109} INFO - [2021-10-16 23:42:49,671] {dag.py:2914} INFO - Setting next_dagrun for example_skip_dag to 2021-10-15T23:42:49.671494+00:00
[2021-10-16 23:42:49,680] {processor.py:171} INFO - Processing /home/airflow/.local/lib/python3.6/site-packages/airflow/example_dags/example_skip_dag.py took 0.061 seconds
[2021-10-16 23:43:19,757] {processor.py:163} INFO - Started process (PID=1360) to work on /home/airflow/.local/lib/python3.6/site-packages/airflow/example_dags/example_skip_dag.py
[2021-10-16 23:43:19,761] {processor.py:620} INFO - Processing file /home/airflow/.local/lib/python3.6/site-packages/airflow/example_dags/example_skip_dag.py for tasks to queue
[2021-10-16 23:43:19,762] {logging_mixin.py:109} INFO - [2021-10-16 23:43:19,762] {dagbag.py:500} INFO - Filling up the DagBag from /home/airflow/.local/lib/python3.6/site-packages/airflow/example_dags/example_skip_dag.py
[2021-10-16 23:43:19,820] {processor.py:632} INFO - DAG(s) dict_keys(['example_skip_dag']) retrieved from /home/airflow/.local/lib/python3.6/site-packages/airflow/example_dags/example_skip_dag.py
[2021-10-16 23:43:19,833] {logging_mixin.py:109} INFO - [2021-10-16 23:43:19,833] {dag.py:2389} INFO - Sync 1 DAGs
[2021-10-16 23:43:19,851] {logging_mixin.py:109} INFO - [2021-10-16 23:43:19,851] {dag.py:2914} INFO - Setting next_dagrun for example_skip_dag to 2021-10-15T23:43:19.851018+00:00
[2021-10-16 23:43:19,862] {processor.py:171} INFO - Processing /home/airflow/.local/lib/python3.6/site-packages/airflow/example_dags/example_skip_dag.py took 0.108 seconds
[2021-10-16 23:43:50,347] {processor.py:163} INFO - Started process (PID=1417) to work on /home/airflow/.local/lib/python3.6/site-packages/airflow/example_dags/example_skip_dag.py
[2021-10-16 23:43:50,348] {processor.py:620} INFO - Processing file /home/airflow/.local/lib/python3.6/site-packages/airflow/example_dags/example_skip_dag.py for tasks to queue
[2021-10-16 23:43:50,349] {logging_mixin.py:109} INFO - [2021-10-16 23:43:50,349] {dagbag.py:500} INFO - Filling up the DagBag from /home/airflow/.local/lib/python3.6/site-packages/airflow/example_dags/example_skip_dag.py
[2021-10-16 23:43:50,376] {processor.py:632} INFO - DAG(s) dict_keys(['example_skip_dag']) retrieved from /home/airflow/.local/lib/python3.6/site-packages/airflow/example_dags/example_skip_dag.py
[2021-10-16 23:43:50,388] {logging_mixin.py:109} INFO - [2021-10-16 23:43:50,388] {dag.py:2389} INFO - Sync 1 DAGs
[2021-10-16 23:43:50,404] {logging_mixin.py:109} INFO - [2021-10-16 23:43:50,403] {dag.py:2914} INFO - Setting next_dagrun for example_skip_dag to 2021-10-15T23:43:50.403711+00:00
[2021-10-16 23:43:50,412] {processor.py:171} INFO - Processing /home/airflow/.local/lib/python3.6/site-packages/airflow/example_dags/example_skip_dag.py took 0.068 seconds
[2021-10-16 23:44:20,734] {processor.py:163} INFO - Started process (PID=1472) to work on /home/airflow/.local/lib/python3.6/site-packages/airflow/example_dags/example_skip_dag.py
[2021-10-16 23:44:20,735] {processor.py:620} INFO - Processing file /home/airflow/.local/lib/python3.6/site-packages/airflow/example_dags/example_skip_dag.py for tasks to queue
[2021-10-16 23:44:20,736] {logging_mixin.py:109} INFO - [2021-10-16 23:44:20,736] {dagbag.py:500} INFO - Filling up the DagBag from /home/airflow/.local/lib/python3.6/site-packages/airflow/example_dags/example_skip_dag.py
[2021-10-16 23:44:20,767] {processor.py:632} INFO - DAG(s) dict_keys(['example_skip_dag']) retrieved from /home/airflow/.local/lib/python3.6/site-packages/airflow/example_dags/example_skip_dag.py
[2021-10-16 23:44:20,783] {logging_mixin.py:109} INFO - [2021-10-16 23:44:20,782] {dag.py:2389} INFO - Sync 1 DAGs
[2021-10-16 23:44:20,804] {logging_mixin.py:109} INFO - [2021-10-16 23:44:20,804] {dag.py:2914} INFO - Setting next_dagrun for example_skip_dag to 2021-10-15T23:44:20.804337+00:00
[2021-10-16 23:44:20,817] {processor.py:171} INFO - Processing /home/airflow/.local/lib/python3.6/site-packages/airflow/example_dags/example_skip_dag.py took 0.086 seconds
[2021-10-16 23:44:51,197] {processor.py:163} INFO - Started process (PID=1538) to work on /home/airflow/.local/lib/python3.6/site-packages/airflow/example_dags/example_skip_dag.py
[2021-10-16 23:44:51,198] {processor.py:620} INFO - Processing file /home/airflow/.local/lib/python3.6/site-packages/airflow/example_dags/example_skip_dag.py for tasks to queue
[2021-10-16 23:44:51,198] {logging_mixin.py:109} INFO - [2021-10-16 23:44:51,198] {dagbag.py:500} INFO - Filling up the DagBag from /home/airflow/.local/lib/python3.6/site-packages/airflow/example_dags/example_skip_dag.py
[2021-10-16 23:44:51,220] {processor.py:632} INFO - DAG(s) dict_keys(['example_skip_dag']) retrieved from /home/airflow/.local/lib/python3.6/site-packages/airflow/example_dags/example_skip_dag.py
[2021-10-16 23:44:51,231] {logging_mixin.py:109} INFO - [2021-10-16 23:44:51,231] {dag.py:2389} INFO - Sync 1 DAGs
[2021-10-16 23:44:51,245] {logging_mixin.py:109} INFO - [2021-10-16 23:44:51,245] {dag.py:2914} INFO - Setting next_dagrun for example_skip_dag to 2021-10-15T23:44:51.244985+00:00
[2021-10-16 23:44:51,253] {processor.py:171} INFO - Processing /home/airflow/.local/lib/python3.6/site-packages/airflow/example_dags/example_skip_dag.py took 0.059 seconds
[2021-10-16 23:45:21,597] {processor.py:163} INFO - Started process (PID=1593) to work on /home/airflow/.local/lib/python3.6/site-packages/airflow/example_dags/example_skip_dag.py
[2021-10-16 23:45:21,598] {processor.py:620} INFO - Processing file /home/airflow/.local/lib/python3.6/site-packages/airflow/example_dags/example_skip_dag.py for tasks to queue
[2021-10-16 23:45:21,598] {logging_mixin.py:109} INFO - [2021-10-16 23:45:21,598] {dagbag.py:500} INFO - Filling up the DagBag from /home/airflow/.local/lib/python3.6/site-packages/airflow/example_dags/example_skip_dag.py
[2021-10-16 23:45:21,627] {processor.py:632} INFO - DAG(s) dict_keys(['example_skip_dag']) retrieved from /home/airflow/.local/lib/python3.6/site-packages/airflow/example_dags/example_skip_dag.py
[2021-10-16 23:45:21,642] {logging_mixin.py:109} INFO - [2021-10-16 23:45:21,642] {dag.py:2389} INFO - Sync 1 DAGs
[2021-10-16 23:45:21,662] {logging_mixin.py:109} INFO - [2021-10-16 23:45:21,662] {dag.py:2914} INFO - Setting next_dagrun for example_skip_dag to 2021-10-15T23:45:21.662387+00:00
[2021-10-16 23:45:21,673] {processor.py:171} INFO - Processing /home/airflow/.local/lib/python3.6/site-packages/airflow/example_dags/example_skip_dag.py took 0.079 seconds
[2021-10-16 23:45:51,996] {processor.py:163} INFO - Started process (PID=1659) to work on /home/airflow/.local/lib/python3.6/site-packages/airflow/example_dags/example_skip_dag.py
[2021-10-16 23:45:51,998] {processor.py:620} INFO - Processing file /home/airflow/.local/lib/python3.6/site-packages/airflow/example_dags/example_skip_dag.py for tasks to queue
[2021-10-16 23:45:51,998] {logging_mixin.py:109} INFO - [2021-10-16 23:45:51,998] {dagbag.py:500} INFO - Filling up the DagBag from /home/airflow/.local/lib/python3.6/site-packages/airflow/example_dags/example_skip_dag.py
[2021-10-16 23:45:52,023] {processor.py:632} INFO - DAG(s) dict_keys(['example_skip_dag']) retrieved from /home/airflow/.local/lib/python3.6/site-packages/airflow/example_dags/example_skip_dag.py
[2021-10-16 23:45:52,034] {logging_mixin.py:109} INFO - [2021-10-16 23:45:52,034] {dag.py:2389} INFO - Sync 1 DAGs
[2021-10-16 23:45:52,050] {logging_mixin.py:109} INFO - [2021-10-16 23:45:52,050] {dag.py:2914} INFO - Setting next_dagrun for example_skip_dag to 2021-10-15T23:45:52.049960+00:00
[2021-10-16 23:45:52,060] {processor.py:171} INFO - Processing /home/airflow/.local/lib/python3.6/site-packages/airflow/example_dags/example_skip_dag.py took 0.067 seconds
[2021-10-16 23:46:22,527] {processor.py:163} INFO - Started process (PID=1714) to work on /home/airflow/.local/lib/python3.6/site-packages/airflow/example_dags/example_skip_dag.py
[2021-10-16 23:46:22,528] {processor.py:620} INFO - Processing file /home/airflow/.local/lib/python3.6/site-packages/airflow/example_dags/example_skip_dag.py for tasks to queue
[2021-10-16 23:46:22,529] {logging_mixin.py:109} INFO - [2021-10-16 23:46:22,529] {dagbag.py:500} INFO - Filling up the DagBag from /home/airflow/.local/lib/python3.6/site-packages/airflow/example_dags/example_skip_dag.py
[2021-10-16 23:46:22,552] {processor.py:632} INFO - DAG(s) dict_keys(['example_skip_dag']) retrieved from /home/airflow/.local/lib/python3.6/site-packages/airflow/example_dags/example_skip_dag.py
[2021-10-16 23:46:22,562] {logging_mixin.py:109} INFO - [2021-10-16 23:46:22,562] {dag.py:2389} INFO - Sync 1 DAGs
[2021-10-16 23:46:22,577] {logging_mixin.py:109} INFO - [2021-10-16 23:46:22,577] {dag.py:2914} INFO - Setting next_dagrun for example_skip_dag to 2021-10-15T23:46:22.577038+00:00
[2021-10-16 23:46:22,585] {processor.py:171} INFO - Processing /home/airflow/.local/lib/python3.6/site-packages/airflow/example_dags/example_skip_dag.py took 0.061 seconds
[2021-10-16 23:46:52,959] {processor.py:163} INFO - Started process (PID=1777) to work on /home/airflow/.local/lib/python3.6/site-packages/airflow/example_dags/example_skip_dag.py
[2021-10-16 23:46:52,960] {processor.py:620} INFO - Processing file /home/airflow/.local/lib/python3.6/site-packages/airflow/example_dags/example_skip_dag.py for tasks to queue
[2021-10-16 23:46:52,961] {logging_mixin.py:109} INFO - [2021-10-16 23:46:52,960] {dagbag.py:500} INFO - Filling up the DagBag from /home/airflow/.local/lib/python3.6/site-packages/airflow/example_dags/example_skip_dag.py
[2021-10-16 23:46:52,983] {processor.py:632} INFO - DAG(s) dict_keys(['example_skip_dag']) retrieved from /home/airflow/.local/lib/python3.6/site-packages/airflow/example_dags/example_skip_dag.py
[2021-10-16 23:46:52,994] {logging_mixin.py:109} INFO - [2021-10-16 23:46:52,994] {dag.py:2389} INFO - Sync 1 DAGs
[2021-10-16 23:46:53,008] {logging_mixin.py:109} INFO - [2021-10-16 23:46:53,008] {dag.py:2914} INFO - Setting next_dagrun for example_skip_dag to 2021-10-15T23:46:53.008497+00:00
[2021-10-16 23:46:53,017] {processor.py:171} INFO - Processing /home/airflow/.local/lib/python3.6/site-packages/airflow/example_dags/example_skip_dag.py took 0.060 seconds
[2021-10-16 23:47:23,644] {processor.py:163} INFO - Started process (PID=1836) to work on /home/airflow/.local/lib/python3.6/site-packages/airflow/example_dags/example_skip_dag.py
[2021-10-16 23:47:23,645] {processor.py:620} INFO - Processing file /home/airflow/.local/lib/python3.6/site-packages/airflow/example_dags/example_skip_dag.py for tasks to queue
[2021-10-16 23:47:23,646] {logging_mixin.py:109} INFO - [2021-10-16 23:47:23,646] {dagbag.py:500} INFO - Filling up the DagBag from /home/airflow/.local/lib/python3.6/site-packages/airflow/example_dags/example_skip_dag.py
[2021-10-16 23:47:23,676] {processor.py:632} INFO - DAG(s) dict_keys(['example_skip_dag']) retrieved from /home/airflow/.local/lib/python3.6/site-packages/airflow/example_dags/example_skip_dag.py
[2021-10-16 23:47:23,690] {logging_mixin.py:109} INFO - [2021-10-16 23:47:23,690] {dag.py:2389} INFO - Sync 1 DAGs
[2021-10-16 23:47:23,709] {logging_mixin.py:109} INFO - [2021-10-16 23:47:23,709] {dag.py:2914} INFO - Setting next_dagrun for example_skip_dag to 2021-10-15T23:47:23.709225+00:00
[2021-10-16 23:47:23,719] {processor.py:171} INFO - Processing /home/airflow/.local/lib/python3.6/site-packages/airflow/example_dags/example_skip_dag.py took 0.079 seconds
[2021-10-16 23:47:53,817] {processor.py:163} INFO - Started process (PID=1891) to work on /home/airflow/.local/lib/python3.6/site-packages/airflow/example_dags/example_skip_dag.py
[2021-10-16 23:47:53,819] {processor.py:620} INFO - Processing file /home/airflow/.local/lib/python3.6/site-packages/airflow/example_dags/example_skip_dag.py for tasks to queue
[2021-10-16 23:47:53,820] {logging_mixin.py:109} INFO - [2021-10-16 23:47:53,819] {dagbag.py:500} INFO - Filling up the DagBag from /home/airflow/.local/lib/python3.6/site-packages/airflow/example_dags/example_skip_dag.py
[2021-10-16 23:47:53,844] {processor.py:632} INFO - DAG(s) dict_keys(['example_skip_dag']) retrieved from /home/airflow/.local/lib/python3.6/site-packages/airflow/example_dags/example_skip_dag.py
[2021-10-16 23:47:53,855] {logging_mixin.py:109} INFO - [2021-10-16 23:47:53,855] {dag.py:2389} INFO - Sync 1 DAGs
[2021-10-16 23:47:53,870] {logging_mixin.py:109} INFO - [2021-10-16 23:47:53,870] {dag.py:2914} INFO - Setting next_dagrun for example_skip_dag to 2021-10-15T23:47:53.870342+00:00
[2021-10-16 23:47:53,879] {processor.py:171} INFO - Processing /home/airflow/.local/lib/python3.6/site-packages/airflow/example_dags/example_skip_dag.py took 0.064 seconds
[2021-10-16 23:48:23,972] {processor.py:163} INFO - Started process (PID=1956) to work on /home/airflow/.local/lib/python3.6/site-packages/airflow/example_dags/example_skip_dag.py
[2021-10-16 23:48:23,973] {processor.py:620} INFO - Processing file /home/airflow/.local/lib/python3.6/site-packages/airflow/example_dags/example_skip_dag.py for tasks to queue
[2021-10-16 23:48:23,974] {logging_mixin.py:109} INFO - [2021-10-16 23:48:23,974] {dagbag.py:500} INFO - Filling up the DagBag from /home/airflow/.local/lib/python3.6/site-packages/airflow/example_dags/example_skip_dag.py
[2021-10-16 23:48:24,005] {processor.py:632} INFO - DAG(s) dict_keys(['example_skip_dag']) retrieved from /home/airflow/.local/lib/python3.6/site-packages/airflow/example_dags/example_skip_dag.py
[2021-10-16 23:48:24,022] {logging_mixin.py:109} INFO - [2021-10-16 23:48:24,021] {dag.py:2389} INFO - Sync 1 DAGs
[2021-10-16 23:48:24,037] {logging_mixin.py:109} INFO - [2021-10-16 23:48:24,037] {dag.py:2914} INFO - Setting next_dagrun for example_skip_dag to 2021-10-15T23:48:24.036972+00:00
[2021-10-16 23:48:24,044] {processor.py:171} INFO - Processing /home/airflow/.local/lib/python3.6/site-packages/airflow/example_dags/example_skip_dag.py took 0.076 seconds
[2021-10-16 23:48:54,224] {processor.py:163} INFO - Started process (PID=2011) to work on /home/airflow/.local/lib/python3.6/site-packages/airflow/example_dags/example_skip_dag.py
[2021-10-16 23:48:54,225] {processor.py:620} INFO - Processing file /home/airflow/.local/lib/python3.6/site-packages/airflow/example_dags/example_skip_dag.py for tasks to queue
[2021-10-16 23:48:54,226] {logging_mixin.py:109} INFO - [2021-10-16 23:48:54,226] {dagbag.py:500} INFO - Filling up the DagBag from /home/airflow/.local/lib/python3.6/site-packages/airflow/example_dags/example_skip_dag.py
[2021-10-16 23:48:54,282] {processor.py:632} INFO - DAG(s) dict_keys(['example_skip_dag']) retrieved from /home/airflow/.local/lib/python3.6/site-packages/airflow/example_dags/example_skip_dag.py
[2021-10-16 23:48:54,293] {logging_mixin.py:109} INFO - [2021-10-16 23:48:54,293] {dag.py:2389} INFO - Sync 1 DAGs
[2021-10-16 23:48:54,309] {logging_mixin.py:109} INFO - [2021-10-16 23:48:54,308] {dag.py:2914} INFO - Setting next_dagrun for example_skip_dag to 2021-10-15T23:48:54.308709+00:00
[2021-10-16 23:48:54,317] {processor.py:171} INFO - Processing /home/airflow/.local/lib/python3.6/site-packages/airflow/example_dags/example_skip_dag.py took 0.096 seconds
[2021-10-16 23:49:24,638] {processor.py:163} INFO - Started process (PID=2066) to work on /home/airflow/.local/lib/python3.6/site-packages/airflow/example_dags/example_skip_dag.py
[2021-10-16 23:49:24,641] {processor.py:620} INFO - Processing file /home/airflow/.local/lib/python3.6/site-packages/airflow/example_dags/example_skip_dag.py for tasks to queue
[2021-10-16 23:49:24,642] {logging_mixin.py:109} INFO - [2021-10-16 23:49:24,641] {dagbag.py:500} INFO - Filling up the DagBag from /home/airflow/.local/lib/python3.6/site-packages/airflow/example_dags/example_skip_dag.py
[2021-10-16 23:49:24,689] {processor.py:632} INFO - DAG(s) dict_keys(['example_skip_dag']) retrieved from /home/airflow/.local/lib/python3.6/site-packages/airflow/example_dags/example_skip_dag.py
[2021-10-16 23:49:24,708] {logging_mixin.py:109} INFO - [2021-10-16 23:49:24,708] {dag.py:2389} INFO - Sync 1 DAGs
[2021-10-16 23:49:24,727] {logging_mixin.py:109} INFO - [2021-10-16 23:49:24,727] {dag.py:2914} INFO - Setting next_dagrun for example_skip_dag to 2021-10-15T23:49:24.727281+00:00
[2021-10-16 23:49:24,736] {processor.py:171} INFO - Processing /home/airflow/.local/lib/python3.6/site-packages/airflow/example_dags/example_skip_dag.py took 0.103 seconds
[2021-10-16 23:49:55,741] {processor.py:163} INFO - Started process (PID=2133) to work on /home/airflow/.local/lib/python3.6/site-packages/airflow/example_dags/example_skip_dag.py
[2021-10-16 23:49:55,742] {processor.py:620} INFO - Processing file /home/airflow/.local/lib/python3.6/site-packages/airflow/example_dags/example_skip_dag.py for tasks to queue
[2021-10-16 23:49:55,743] {logging_mixin.py:109} INFO - [2021-10-16 23:49:55,743] {dagbag.py:500} INFO - Filling up the DagBag from /home/airflow/.local/lib/python3.6/site-packages/airflow/example_dags/example_skip_dag.py
[2021-10-16 23:49:55,764] {processor.py:632} INFO - DAG(s) dict_keys(['example_skip_dag']) retrieved from /home/airflow/.local/lib/python3.6/site-packages/airflow/example_dags/example_skip_dag.py
[2021-10-16 23:49:55,773] {logging_mixin.py:109} INFO - [2021-10-16 23:49:55,773] {dag.py:2389} INFO - Sync 1 DAGs
[2021-10-16 23:49:55,787] {logging_mixin.py:109} INFO - [2021-10-16 23:49:55,787] {dag.py:2914} INFO - Setting next_dagrun for example_skip_dag to 2021-10-15T23:49:55.787523+00:00
[2021-10-16 23:49:55,796] {processor.py:171} INFO - Processing /home/airflow/.local/lib/python3.6/site-packages/airflow/example_dags/example_skip_dag.py took 0.057 seconds
[2021-10-16 23:50:26,181] {processor.py:163} INFO - Started process (PID=2189) to work on /home/airflow/.local/lib/python3.6/site-packages/airflow/example_dags/example_skip_dag.py
[2021-10-16 23:50:26,182] {processor.py:620} INFO - Processing file /home/airflow/.local/lib/python3.6/site-packages/airflow/example_dags/example_skip_dag.py for tasks to queue
[2021-10-16 23:50:26,183] {logging_mixin.py:109} INFO - [2021-10-16 23:50:26,183] {dagbag.py:500} INFO - Filling up the DagBag from /home/airflow/.local/lib/python3.6/site-packages/airflow/example_dags/example_skip_dag.py
[2021-10-16 23:50:26,215] {processor.py:632} INFO - DAG(s) dict_keys(['example_skip_dag']) retrieved from /home/airflow/.local/lib/python3.6/site-packages/airflow/example_dags/example_skip_dag.py
[2021-10-16 23:50:26,232] {logging_mixin.py:109} INFO - [2021-10-16 23:50:26,232] {dag.py:2389} INFO - Sync 1 DAGs
[2021-10-16 23:50:26,257] {logging_mixin.py:109} INFO - [2021-10-16 23:50:26,257] {dag.py:2914} INFO - Setting next_dagrun for example_skip_dag to 2021-10-15T23:50:26.256936+00:00
[2021-10-16 23:50:26,270] {processor.py:171} INFO - Processing /home/airflow/.local/lib/python3.6/site-packages/airflow/example_dags/example_skip_dag.py took 0.096 seconds
[2021-10-16 23:50:57,279] {processor.py:163} INFO - Started process (PID=2254) to work on /home/airflow/.local/lib/python3.6/site-packages/airflow/example_dags/example_skip_dag.py
[2021-10-16 23:50:57,281] {processor.py:620} INFO - Processing file /home/airflow/.local/lib/python3.6/site-packages/airflow/example_dags/example_skip_dag.py for tasks to queue
[2021-10-16 23:50:57,282] {logging_mixin.py:109} INFO - [2021-10-16 23:50:57,282] {dagbag.py:500} INFO - Filling up the DagBag from /home/airflow/.local/lib/python3.6/site-packages/airflow/example_dags/example_skip_dag.py
[2021-10-16 23:50:57,309] {processor.py:632} INFO - DAG(s) dict_keys(['example_skip_dag']) retrieved from /home/airflow/.local/lib/python3.6/site-packages/airflow/example_dags/example_skip_dag.py
[2021-10-16 23:50:57,323] {logging_mixin.py:109} INFO - [2021-10-16 23:50:57,323] {dag.py:2389} INFO - Sync 1 DAGs
[2021-10-16 23:50:57,341] {logging_mixin.py:109} INFO - [2021-10-16 23:50:57,341] {dag.py:2914} INFO - Setting next_dagrun for example_skip_dag to 2021-10-15T23:50:57.341629+00:00
[2021-10-16 23:50:57,349] {processor.py:171} INFO - Processing /home/airflow/.local/lib/python3.6/site-packages/airflow/example_dags/example_skip_dag.py took 0.073 seconds
[2021-10-16 23:51:28,073] {processor.py:163} INFO - Started process (PID=2309) to work on /home/airflow/.local/lib/python3.6/site-packages/airflow/example_dags/example_skip_dag.py
[2021-10-16 23:51:28,074] {processor.py:620} INFO - Processing file /home/airflow/.local/lib/python3.6/site-packages/airflow/example_dags/example_skip_dag.py for tasks to queue
[2021-10-16 23:51:28,075] {logging_mixin.py:109} INFO - [2021-10-16 23:51:28,075] {dagbag.py:500} INFO - Filling up the DagBag from /home/airflow/.local/lib/python3.6/site-packages/airflow/example_dags/example_skip_dag.py
[2021-10-16 23:51:28,103] {processor.py:632} INFO - DAG(s) dict_keys(['example_skip_dag']) retrieved from /home/airflow/.local/lib/python3.6/site-packages/airflow/example_dags/example_skip_dag.py
[2021-10-16 23:51:28,114] {logging_mixin.py:109} INFO - [2021-10-16 23:51:28,114] {dag.py:2389} INFO - Sync 1 DAGs
[2021-10-16 23:51:28,129] {logging_mixin.py:109} INFO - [2021-10-16 23:51:28,129] {dag.py:2914} INFO - Setting next_dagrun for example_skip_dag to 2021-10-15T23:51:28.129144+00:00
[2021-10-16 23:51:28,138] {processor.py:171} INFO - Processing /home/airflow/.local/lib/python3.6/site-packages/airflow/example_dags/example_skip_dag.py took 0.067 seconds
[2021-10-16 23:51:58,240] {processor.py:163} INFO - Started process (PID=2376) to work on /home/airflow/.local/lib/python3.6/site-packages/airflow/example_dags/example_skip_dag.py
[2021-10-16 23:51:58,241] {processor.py:620} INFO - Processing file /home/airflow/.local/lib/python3.6/site-packages/airflow/example_dags/example_skip_dag.py for tasks to queue
[2021-10-16 23:51:58,242] {logging_mixin.py:109} INFO - [2021-10-16 23:51:58,242] {dagbag.py:500} INFO - Filling up the DagBag from /home/airflow/.local/lib/python3.6/site-packages/airflow/example_dags/example_skip_dag.py
[2021-10-16 23:51:58,265] {processor.py:632} INFO - DAG(s) dict_keys(['example_skip_dag']) retrieved from /home/airflow/.local/lib/python3.6/site-packages/airflow/example_dags/example_skip_dag.py
[2021-10-16 23:51:58,277] {logging_mixin.py:109} INFO - [2021-10-16 23:51:58,277] {dag.py:2389} INFO - Sync 1 DAGs
[2021-10-16 23:51:58,293] {logging_mixin.py:109} INFO - [2021-10-16 23:51:58,293] {dag.py:2914} INFO - Setting next_dagrun for example_skip_dag to 2021-10-15T23:51:58.293112+00:00
[2021-10-16 23:51:58,301] {processor.py:171} INFO - Processing /home/airflow/.local/lib/python3.6/site-packages/airflow/example_dags/example_skip_dag.py took 0.064 seconds
[2021-10-16 23:52:28,598] {processor.py:163} INFO - Started process (PID=2431) to work on /home/airflow/.local/lib/python3.6/site-packages/airflow/example_dags/example_skip_dag.py
[2021-10-16 23:52:28,599] {processor.py:620} INFO - Processing file /home/airflow/.local/lib/python3.6/site-packages/airflow/example_dags/example_skip_dag.py for tasks to queue
[2021-10-16 23:52:28,600] {logging_mixin.py:109} INFO - [2021-10-16 23:52:28,600] {dagbag.py:500} INFO - Filling up the DagBag from /home/airflow/.local/lib/python3.6/site-packages/airflow/example_dags/example_skip_dag.py
[2021-10-16 23:52:28,623] {processor.py:632} INFO - DAG(s) dict_keys(['example_skip_dag']) retrieved from /home/airflow/.local/lib/python3.6/site-packages/airflow/example_dags/example_skip_dag.py
[2021-10-16 23:52:28,636] {logging_mixin.py:109} INFO - [2021-10-16 23:52:28,636] {dag.py:2389} INFO - Sync 1 DAGs
[2021-10-16 23:52:28,657] {logging_mixin.py:109} INFO - [2021-10-16 23:52:28,657] {dag.py:2914} INFO - Setting next_dagrun for example_skip_dag to 2021-10-15T23:52:28.656765+00:00
[2021-10-16 23:52:28,668] {processor.py:171} INFO - Processing /home/airflow/.local/lib/python3.6/site-packages/airflow/example_dags/example_skip_dag.py took 0.072 seconds
[2021-10-16 23:52:59,037] {processor.py:163} INFO - Started process (PID=2487) to work on /home/airflow/.local/lib/python3.6/site-packages/airflow/example_dags/example_skip_dag.py
[2021-10-16 23:52:59,039] {processor.py:620} INFO - Processing file /home/airflow/.local/lib/python3.6/site-packages/airflow/example_dags/example_skip_dag.py for tasks to queue
[2021-10-16 23:52:59,039] {logging_mixin.py:109} INFO - [2021-10-16 23:52:59,039] {dagbag.py:500} INFO - Filling up the DagBag from /home/airflow/.local/lib/python3.6/site-packages/airflow/example_dags/example_skip_dag.py
[2021-10-16 23:52:59,068] {processor.py:632} INFO - DAG(s) dict_keys(['example_skip_dag']) retrieved from /home/airflow/.local/lib/python3.6/site-packages/airflow/example_dags/example_skip_dag.py
[2021-10-16 23:52:59,083] {logging_mixin.py:109} INFO - [2021-10-16 23:52:59,083] {dag.py:2389} INFO - Sync 1 DAGs
[2021-10-16 23:52:59,105] {logging_mixin.py:109} INFO - [2021-10-16 23:52:59,105] {dag.py:2914} INFO - Setting next_dagrun for example_skip_dag to 2021-10-15T23:52:59.104926+00:00
[2021-10-16 23:52:59,115] {processor.py:171} INFO - Processing /home/airflow/.local/lib/python3.6/site-packages/airflow/example_dags/example_skip_dag.py took 0.081 seconds
[2021-10-16 23:53:29,480] {processor.py:163} INFO - Started process (PID=2555) to work on /home/airflow/.local/lib/python3.6/site-packages/airflow/example_dags/example_skip_dag.py
[2021-10-16 23:53:29,481] {processor.py:620} INFO - Processing file /home/airflow/.local/lib/python3.6/site-packages/airflow/example_dags/example_skip_dag.py for tasks to queue
[2021-10-16 23:53:29,482] {logging_mixin.py:109} INFO - [2021-10-16 23:53:29,482] {dagbag.py:500} INFO - Filling up the DagBag from /home/airflow/.local/lib/python3.6/site-packages/airflow/example_dags/example_skip_dag.py
[2021-10-16 23:53:29,514] {processor.py:632} INFO - DAG(s) dict_keys(['example_skip_dag']) retrieved from /home/airflow/.local/lib/python3.6/site-packages/airflow/example_dags/example_skip_dag.py
[2021-10-16 23:53:29,526] {logging_mixin.py:109} INFO - [2021-10-16 23:53:29,526] {dag.py:2389} INFO - Sync 1 DAGs
[2021-10-16 23:53:29,542] {logging_mixin.py:109} INFO - [2021-10-16 23:53:29,542] {dag.py:2914} INFO - Setting next_dagrun for example_skip_dag to 2021-10-15T23:53:29.542270+00:00
[2021-10-16 23:53:29,554] {processor.py:171} INFO - Processing /home/airflow/.local/lib/python3.6/site-packages/airflow/example_dags/example_skip_dag.py took 0.078 seconds
[2021-10-16 23:53:59,618] {processor.py:163} INFO - Started process (PID=2610) to work on /home/airflow/.local/lib/python3.6/site-packages/airflow/example_dags/example_skip_dag.py
[2021-10-16 23:53:59,619] {processor.py:620} INFO - Processing file /home/airflow/.local/lib/python3.6/site-packages/airflow/example_dags/example_skip_dag.py for tasks to queue
[2021-10-16 23:53:59,620] {logging_mixin.py:109} INFO - [2021-10-16 23:53:59,620] {dagbag.py:500} INFO - Filling up the DagBag from /home/airflow/.local/lib/python3.6/site-packages/airflow/example_dags/example_skip_dag.py
[2021-10-16 23:53:59,660] {processor.py:632} INFO - DAG(s) dict_keys(['example_skip_dag']) retrieved from /home/airflow/.local/lib/python3.6/site-packages/airflow/example_dags/example_skip_dag.py
[2021-10-16 23:53:59,679] {logging_mixin.py:109} INFO - [2021-10-16 23:53:59,678] {dag.py:2389} INFO - Sync 1 DAGs
[2021-10-16 23:53:59,706] {logging_mixin.py:109} INFO - [2021-10-16 23:53:59,706] {dag.py:2914} INFO - Setting next_dagrun for example_skip_dag to 2021-10-15T23:53:59.706048+00:00
[2021-10-16 23:53:59,720] {processor.py:171} INFO - Processing /home/airflow/.local/lib/python3.6/site-packages/airflow/example_dags/example_skip_dag.py took 0.107 seconds
[2021-10-16 23:54:29,954] {processor.py:163} INFO - Started process (PID=2665) to work on /home/airflow/.local/lib/python3.6/site-packages/airflow/example_dags/example_skip_dag.py
[2021-10-16 23:54:29,956] {processor.py:620} INFO - Processing file /home/airflow/.local/lib/python3.6/site-packages/airflow/example_dags/example_skip_dag.py for tasks to queue
[2021-10-16 23:54:29,957] {logging_mixin.py:109} INFO - [2021-10-16 23:54:29,956] {dagbag.py:500} INFO - Filling up the DagBag from /home/airflow/.local/lib/python3.6/site-packages/airflow/example_dags/example_skip_dag.py
[2021-10-16 23:54:30,002] {processor.py:632} INFO - DAG(s) dict_keys(['example_skip_dag']) retrieved from /home/airflow/.local/lib/python3.6/site-packages/airflow/example_dags/example_skip_dag.py
[2021-10-16 23:54:30,014] {logging_mixin.py:109} INFO - [2021-10-16 23:54:30,014] {dag.py:2389} INFO - Sync 1 DAGs
[2021-10-16 23:54:30,033] {logging_mixin.py:109} INFO - [2021-10-16 23:54:30,033] {dag.py:2914} INFO - Setting next_dagrun for example_skip_dag to 2021-10-15T23:54:30.033177+00:00
[2021-10-16 23:54:30,042] {processor.py:171} INFO - Processing /home/airflow/.local/lib/python3.6/site-packages/airflow/example_dags/example_skip_dag.py took 0.092 seconds
[2021-10-16 23:55:00,345] {processor.py:163} INFO - Started process (PID=2732) to work on /home/airflow/.local/lib/python3.6/site-packages/airflow/example_dags/example_skip_dag.py
[2021-10-16 23:55:00,347] {processor.py:620} INFO - Processing file /home/airflow/.local/lib/python3.6/site-packages/airflow/example_dags/example_skip_dag.py for tasks to queue
[2021-10-16 23:55:00,348] {logging_mixin.py:109} INFO - [2021-10-16 23:55:00,348] {dagbag.py:500} INFO - Filling up the DagBag from /home/airflow/.local/lib/python3.6/site-packages/airflow/example_dags/example_skip_dag.py
[2021-10-16 23:55:00,391] {processor.py:632} INFO - DAG(s) dict_keys(['example_skip_dag']) retrieved from /home/airflow/.local/lib/python3.6/site-packages/airflow/example_dags/example_skip_dag.py
[2021-10-16 23:55:00,409] {logging_mixin.py:109} INFO - [2021-10-16 23:55:00,409] {dag.py:2389} INFO - Sync 1 DAGs
[2021-10-16 23:55:00,446] {logging_mixin.py:109} INFO - [2021-10-16 23:55:00,446] {dag.py:2914} INFO - Setting next_dagrun for example_skip_dag to 2021-10-15T23:55:00.445609+00:00
[2021-10-16 23:55:00,460] {processor.py:171} INFO - Processing /home/airflow/.local/lib/python3.6/site-packages/airflow/example_dags/example_skip_dag.py took 0.118 seconds
[2021-10-16 23:55:30,661] {processor.py:163} INFO - Started process (PID=2789) to work on /home/airflow/.local/lib/python3.6/site-packages/airflow/example_dags/example_skip_dag.py
[2021-10-16 23:55:30,663] {processor.py:620} INFO - Processing file /home/airflow/.local/lib/python3.6/site-packages/airflow/example_dags/example_skip_dag.py for tasks to queue
[2021-10-16 23:55:30,663] {logging_mixin.py:109} INFO - [2021-10-16 23:55:30,663] {dagbag.py:500} INFO - Filling up the DagBag from /home/airflow/.local/lib/python3.6/site-packages/airflow/example_dags/example_skip_dag.py
[2021-10-16 23:55:30,686] {processor.py:632} INFO - DAG(s) dict_keys(['example_skip_dag']) retrieved from /home/airflow/.local/lib/python3.6/site-packages/airflow/example_dags/example_skip_dag.py
[2021-10-16 23:55:30,698] {logging_mixin.py:109} INFO - [2021-10-16 23:55:30,698] {dag.py:2389} INFO - Sync 1 DAGs
[2021-10-16 23:55:30,714] {logging_mixin.py:109} INFO - [2021-10-16 23:55:30,714] {dag.py:2914} INFO - Setting next_dagrun for example_skip_dag to 2021-10-15T23:55:30.714554+00:00
[2021-10-16 23:55:30,724] {processor.py:171} INFO - Processing /home/airflow/.local/lib/python3.6/site-packages/airflow/example_dags/example_skip_dag.py took 0.065 seconds
[2021-10-16 23:56:00,864] {processor.py:163} INFO - Started process (PID=2845) to work on /home/airflow/.local/lib/python3.6/site-packages/airflow/example_dags/example_skip_dag.py
[2021-10-16 23:56:00,865] {processor.py:620} INFO - Processing file /home/airflow/.local/lib/python3.6/site-packages/airflow/example_dags/example_skip_dag.py for tasks to queue
[2021-10-16 23:56:00,867] {logging_mixin.py:109} INFO - [2021-10-16 23:56:00,866] {dagbag.py:500} INFO - Filling up the DagBag from /home/airflow/.local/lib/python3.6/site-packages/airflow/example_dags/example_skip_dag.py
[2021-10-16 23:56:00,907] {processor.py:632} INFO - DAG(s) dict_keys(['example_skip_dag']) retrieved from /home/airflow/.local/lib/python3.6/site-packages/airflow/example_dags/example_skip_dag.py
[2021-10-16 23:56:00,925] {logging_mixin.py:109} INFO - [2021-10-16 23:56:00,925] {dag.py:2389} INFO - Sync 1 DAGs
[2021-10-16 23:56:00,954] {logging_mixin.py:109} INFO - [2021-10-16 23:56:00,954] {dag.py:2914} INFO - Setting next_dagrun for example_skip_dag to 2021-10-15T23:56:00.953747+00:00
[2021-10-16 23:56:00,973] {processor.py:171} INFO - Processing /home/airflow/.local/lib/python3.6/site-packages/airflow/example_dags/example_skip_dag.py took 0.113 seconds
[2021-10-16 23:56:30,996] {processor.py:163} INFO - Started process (PID=2912) to work on /home/airflow/.local/lib/python3.6/site-packages/airflow/example_dags/example_skip_dag.py
[2021-10-16 23:56:30,998] {processor.py:620} INFO - Processing file /home/airflow/.local/lib/python3.6/site-packages/airflow/example_dags/example_skip_dag.py for tasks to queue
[2021-10-16 23:56:30,999] {logging_mixin.py:109} INFO - [2021-10-16 23:56:30,998] {dagbag.py:500} INFO - Filling up the DagBag from /home/airflow/.local/lib/python3.6/site-packages/airflow/example_dags/example_skip_dag.py
[2021-10-16 23:56:31,026] {processor.py:632} INFO - DAG(s) dict_keys(['example_skip_dag']) retrieved from /home/airflow/.local/lib/python3.6/site-packages/airflow/example_dags/example_skip_dag.py
[2021-10-16 23:56:31,040] {logging_mixin.py:109} INFO - [2021-10-16 23:56:31,040] {dag.py:2389} INFO - Sync 1 DAGs
[2021-10-16 23:56:31,059] {logging_mixin.py:109} INFO - [2021-10-16 23:56:31,059] {dag.py:2914} INFO - Setting next_dagrun for example_skip_dag to 2021-10-15T23:56:31.059099+00:00
[2021-10-16 23:56:31,070] {processor.py:171} INFO - Processing /home/airflow/.local/lib/python3.6/site-packages/airflow/example_dags/example_skip_dag.py took 0.076 seconds
[2021-10-16 23:57:01,200] {processor.py:163} INFO - Started process (PID=2967) to work on /home/airflow/.local/lib/python3.6/site-packages/airflow/example_dags/example_skip_dag.py
[2021-10-16 23:57:01,203] {processor.py:620} INFO - Processing file /home/airflow/.local/lib/python3.6/site-packages/airflow/example_dags/example_skip_dag.py for tasks to queue
[2021-10-16 23:57:01,204] {logging_mixin.py:109} INFO - [2021-10-16 23:57:01,204] {dagbag.py:500} INFO - Filling up the DagBag from /home/airflow/.local/lib/python3.6/site-packages/airflow/example_dags/example_skip_dag.py
[2021-10-16 23:57:01,237] {processor.py:632} INFO - DAG(s) dict_keys(['example_skip_dag']) retrieved from /home/airflow/.local/lib/python3.6/site-packages/airflow/example_dags/example_skip_dag.py
[2021-10-16 23:57:01,254] {logging_mixin.py:109} INFO - [2021-10-16 23:57:01,253] {dag.py:2389} INFO - Sync 1 DAGs
[2021-10-16 23:57:01,275] {logging_mixin.py:109} INFO - [2021-10-16 23:57:01,275] {dag.py:2914} INFO - Setting next_dagrun for example_skip_dag to 2021-10-15T23:57:01.275365+00:00
[2021-10-16 23:57:01,286] {processor.py:171} INFO - Processing /home/airflow/.local/lib/python3.6/site-packages/airflow/example_dags/example_skip_dag.py took 0.094 seconds
[2021-10-16 23:57:31,667] {processor.py:163} INFO - Started process (PID=3023) to work on /home/airflow/.local/lib/python3.6/site-packages/airflow/example_dags/example_skip_dag.py
[2021-10-16 23:57:31,669] {processor.py:620} INFO - Processing file /home/airflow/.local/lib/python3.6/site-packages/airflow/example_dags/example_skip_dag.py for tasks to queue
[2021-10-16 23:57:31,671] {logging_mixin.py:109} INFO - [2021-10-16 23:57:31,671] {dagbag.py:500} INFO - Filling up the DagBag from /home/airflow/.local/lib/python3.6/site-packages/airflow/example_dags/example_skip_dag.py
[2021-10-16 23:57:31,703] {processor.py:632} INFO - DAG(s) dict_keys(['example_skip_dag']) retrieved from /home/airflow/.local/lib/python3.6/site-packages/airflow/example_dags/example_skip_dag.py
[2021-10-16 23:57:31,717] {logging_mixin.py:109} INFO - [2021-10-16 23:57:31,717] {dag.py:2389} INFO - Sync 1 DAGs
[2021-10-16 23:57:31,734] {logging_mixin.py:109} INFO - [2021-10-16 23:57:31,734] {dag.py:2914} INFO - Setting next_dagrun for example_skip_dag to 2021-10-15T23:57:31.734058+00:00
[2021-10-16 23:57:31,743] {processor.py:171} INFO - Processing /home/airflow/.local/lib/python3.6/site-packages/airflow/example_dags/example_skip_dag.py took 0.087 seconds
[2021-10-16 23:58:02,151] {processor.py:163} INFO - Started process (PID=3089) to work on /home/airflow/.local/lib/python3.6/site-packages/airflow/example_dags/example_skip_dag.py
[2021-10-16 23:58:02,153] {processor.py:620} INFO - Processing file /home/airflow/.local/lib/python3.6/site-packages/airflow/example_dags/example_skip_dag.py for tasks to queue
[2021-10-16 23:58:02,154] {logging_mixin.py:109} INFO - [2021-10-16 23:58:02,154] {dagbag.py:500} INFO - Filling up the DagBag from /home/airflow/.local/lib/python3.6/site-packages/airflow/example_dags/example_skip_dag.py
[2021-10-16 23:58:02,196] {processor.py:632} INFO - DAG(s) dict_keys(['example_skip_dag']) retrieved from /home/airflow/.local/lib/python3.6/site-packages/airflow/example_dags/example_skip_dag.py
[2021-10-16 23:58:02,218] {logging_mixin.py:109} INFO - [2021-10-16 23:58:02,218] {dag.py:2389} INFO - Sync 1 DAGs
[2021-10-16 23:58:02,246] {logging_mixin.py:109} INFO - [2021-10-16 23:58:02,246] {dag.py:2914} INFO - Setting next_dagrun for example_skip_dag to 2021-10-15T23:58:02.246116+00:00
[2021-10-16 23:58:02,261] {processor.py:171} INFO - Processing /home/airflow/.local/lib/python3.6/site-packages/airflow/example_dags/example_skip_dag.py took 0.114 seconds
[2021-10-16 23:58:32,330] {processor.py:163} INFO - Started process (PID=3146) to work on /home/airflow/.local/lib/python3.6/site-packages/airflow/example_dags/example_skip_dag.py
[2021-10-16 23:58:32,331] {processor.py:620} INFO - Processing file /home/airflow/.local/lib/python3.6/site-packages/airflow/example_dags/example_skip_dag.py for tasks to queue
[2021-10-16 23:58:32,332] {logging_mixin.py:109} INFO - [2021-10-16 23:58:32,332] {dagbag.py:500} INFO - Filling up the DagBag from /home/airflow/.local/lib/python3.6/site-packages/airflow/example_dags/example_skip_dag.py
[2021-10-16 23:58:32,358] {processor.py:632} INFO - DAG(s) dict_keys(['example_skip_dag']) retrieved from /home/airflow/.local/lib/python3.6/site-packages/airflow/example_dags/example_skip_dag.py
[2021-10-16 23:58:32,373] {logging_mixin.py:109} INFO - [2021-10-16 23:58:32,373] {dag.py:2389} INFO - Sync 1 DAGs
[2021-10-16 23:58:32,393] {logging_mixin.py:109} INFO - [2021-10-16 23:58:32,393] {dag.py:2914} INFO - Setting next_dagrun for example_skip_dag to 2021-10-15T23:58:32.392886+00:00
[2021-10-16 23:58:32,404] {processor.py:171} INFO - Processing /home/airflow/.local/lib/python3.6/site-packages/airflow/example_dags/example_skip_dag.py took 0.077 seconds
[2021-10-16 23:59:02,547] {processor.py:163} INFO - Started process (PID=3202) to work on /home/airflow/.local/lib/python3.6/site-packages/airflow/example_dags/example_skip_dag.py
[2021-10-16 23:59:02,548] {processor.py:620} INFO - Processing file /home/airflow/.local/lib/python3.6/site-packages/airflow/example_dags/example_skip_dag.py for tasks to queue
[2021-10-16 23:59:02,549] {logging_mixin.py:109} INFO - [2021-10-16 23:59:02,549] {dagbag.py:500} INFO - Filling up the DagBag from /home/airflow/.local/lib/python3.6/site-packages/airflow/example_dags/example_skip_dag.py
[2021-10-16 23:59:02,574] {processor.py:632} INFO - DAG(s) dict_keys(['example_skip_dag']) retrieved from /home/airflow/.local/lib/python3.6/site-packages/airflow/example_dags/example_skip_dag.py
[2021-10-16 23:59:02,587] {logging_mixin.py:109} INFO - [2021-10-16 23:59:02,586] {dag.py:2389} INFO - Sync 1 DAGs
[2021-10-16 23:59:02,604] {logging_mixin.py:109} INFO - [2021-10-16 23:59:02,604] {dag.py:2914} INFO - Setting next_dagrun for example_skip_dag to 2021-10-15T23:59:02.604323+00:00
[2021-10-16 23:59:02,613] {processor.py:171} INFO - Processing /home/airflow/.local/lib/python3.6/site-packages/airflow/example_dags/example_skip_dag.py took 0.069 seconds
[2021-10-16 23:59:33,278] {processor.py:163} INFO - Started process (PID=3268) to work on /home/airflow/.local/lib/python3.6/site-packages/airflow/example_dags/example_skip_dag.py
[2021-10-16 23:59:33,280] {processor.py:620} INFO - Processing file /home/airflow/.local/lib/python3.6/site-packages/airflow/example_dags/example_skip_dag.py for tasks to queue
[2021-10-16 23:59:33,280] {logging_mixin.py:109} INFO - [2021-10-16 23:59:33,280] {dagbag.py:500} INFO - Filling up the DagBag from /home/airflow/.local/lib/python3.6/site-packages/airflow/example_dags/example_skip_dag.py
[2021-10-16 23:59:33,304] {processor.py:632} INFO - DAG(s) dict_keys(['example_skip_dag']) retrieved from /home/airflow/.local/lib/python3.6/site-packages/airflow/example_dags/example_skip_dag.py
[2021-10-16 23:59:33,315] {logging_mixin.py:109} INFO - [2021-10-16 23:59:33,314] {dag.py:2389} INFO - Sync 1 DAGs
[2021-10-16 23:59:33,329] {logging_mixin.py:109} INFO - [2021-10-16 23:59:33,329] {dag.py:2914} INFO - Setting next_dagrun for example_skip_dag to 2021-10-15T23:59:33.328913+00:00
[2021-10-16 23:59:33,336] {processor.py:171} INFO - Processing /home/airflow/.local/lib/python3.6/site-packages/airflow/example_dags/example_skip_dag.py took 0.061 seconds
