[2021-10-16 23:32:10,914] {processor.py:163} INFO - Started process (PID=49) to work on /home/airflow/.local/lib/python3.6/site-packages/airflow/example_dags/example_python_operator.py
[2021-10-16 23:32:10,915] {processor.py:620} INFO - Processing file /home/airflow/.local/lib/python3.6/site-packages/airflow/example_dags/example_python_operator.py for tasks to queue
[2021-10-16 23:32:10,916] {logging_mixin.py:109} INFO - [2021-10-16 23:32:10,916] {dagbag.py:500} INFO - Filling up the DagBag from /home/airflow/.local/lib/python3.6/site-packages/airflow/example_dags/example_python_operator.py
[2021-10-16 23:32:10,951] {processor.py:632} INFO - DAG(s) dict_keys(['example_python_operator']) retrieved from /home/airflow/.local/lib/python3.6/site-packages/airflow/example_dags/example_python_operator.py
[2021-10-16 23:32:10,970] {logging_mixin.py:109} INFO - [2021-10-16 23:32:10,970] {dag.py:2389} INFO - Sync 1 DAGs
[2021-10-16 23:32:10,995] {logging_mixin.py:109} INFO - [2021-10-16 23:32:10,995] {dag.py:2914} INFO - Setting next_dagrun for example_python_operator to None
[2021-10-16 23:32:11,009] {processor.py:171} INFO - Processing /home/airflow/.local/lib/python3.6/site-packages/airflow/example_dags/example_python_operator.py took 0.099 seconds
[2021-10-16 23:32:41,038] {processor.py:163} INFO - Started process (PID=105) to work on /home/airflow/.local/lib/python3.6/site-packages/airflow/example_dags/example_python_operator.py
[2021-10-16 23:32:41,039] {processor.py:620} INFO - Processing file /home/airflow/.local/lib/python3.6/site-packages/airflow/example_dags/example_python_operator.py for tasks to queue
[2021-10-16 23:32:41,039] {logging_mixin.py:109} INFO - [2021-10-16 23:32:41,039] {dagbag.py:500} INFO - Filling up the DagBag from /home/airflow/.local/lib/python3.6/site-packages/airflow/example_dags/example_python_operator.py
[2021-10-16 23:32:41,066] {processor.py:632} INFO - DAG(s) dict_keys(['example_python_operator']) retrieved from /home/airflow/.local/lib/python3.6/site-packages/airflow/example_dags/example_python_operator.py
[2021-10-16 23:32:41,079] {logging_mixin.py:109} INFO - [2021-10-16 23:32:41,078] {dag.py:2389} INFO - Sync 1 DAGs
[2021-10-16 23:32:41,097] {logging_mixin.py:109} INFO - [2021-10-16 23:32:41,096] {dag.py:2914} INFO - Setting next_dagrun for example_python_operator to None
[2021-10-16 23:32:41,106] {processor.py:171} INFO - Processing /home/airflow/.local/lib/python3.6/site-packages/airflow/example_dags/example_python_operator.py took 0.071 seconds
[2021-10-16 23:33:11,580] {processor.py:163} INFO - Started process (PID=170) to work on /home/airflow/.local/lib/python3.6/site-packages/airflow/example_dags/example_python_operator.py
[2021-10-16 23:33:11,582] {processor.py:620} INFO - Processing file /home/airflow/.local/lib/python3.6/site-packages/airflow/example_dags/example_python_operator.py for tasks to queue
[2021-10-16 23:33:11,582] {logging_mixin.py:109} INFO - [2021-10-16 23:33:11,582] {dagbag.py:500} INFO - Filling up the DagBag from /home/airflow/.local/lib/python3.6/site-packages/airflow/example_dags/example_python_operator.py
[2021-10-16 23:33:11,606] {processor.py:632} INFO - DAG(s) dict_keys(['example_python_operator']) retrieved from /home/airflow/.local/lib/python3.6/site-packages/airflow/example_dags/example_python_operator.py
[2021-10-16 23:33:11,617] {logging_mixin.py:109} INFO - [2021-10-16 23:33:11,617] {dag.py:2389} INFO - Sync 1 DAGs
[2021-10-16 23:33:11,632] {logging_mixin.py:109} INFO - [2021-10-16 23:33:11,632] {dag.py:2914} INFO - Setting next_dagrun for example_python_operator to None
[2021-10-16 23:33:11,641] {processor.py:171} INFO - Processing /home/airflow/.local/lib/python3.6/site-packages/airflow/example_dags/example_python_operator.py took 0.063 seconds
[2021-10-16 23:33:42,064] {processor.py:163} INFO - Started process (PID=227) to work on /home/airflow/.local/lib/python3.6/site-packages/airflow/example_dags/example_python_operator.py
[2021-10-16 23:33:42,065] {processor.py:620} INFO - Processing file /home/airflow/.local/lib/python3.6/site-packages/airflow/example_dags/example_python_operator.py for tasks to queue
[2021-10-16 23:33:42,066] {logging_mixin.py:109} INFO - [2021-10-16 23:33:42,066] {dagbag.py:500} INFO - Filling up the DagBag from /home/airflow/.local/lib/python3.6/site-packages/airflow/example_dags/example_python_operator.py
[2021-10-16 23:33:42,096] {processor.py:632} INFO - DAG(s) dict_keys(['example_python_operator']) retrieved from /home/airflow/.local/lib/python3.6/site-packages/airflow/example_dags/example_python_operator.py
[2021-10-16 23:33:42,109] {logging_mixin.py:109} INFO - [2021-10-16 23:33:42,109] {dag.py:2389} INFO - Sync 1 DAGs
[2021-10-16 23:33:42,126] {logging_mixin.py:109} INFO - [2021-10-16 23:33:42,126] {dag.py:2914} INFO - Setting next_dagrun for example_python_operator to None
[2021-10-16 23:33:42,134] {processor.py:171} INFO - Processing /home/airflow/.local/lib/python3.6/site-packages/airflow/example_dags/example_python_operator.py took 0.074 seconds
[2021-10-16 23:34:12,268] {processor.py:163} INFO - Started process (PID=285) to work on /home/airflow/.local/lib/python3.6/site-packages/airflow/example_dags/example_python_operator.py
[2021-10-16 23:34:12,269] {processor.py:620} INFO - Processing file /home/airflow/.local/lib/python3.6/site-packages/airflow/example_dags/example_python_operator.py for tasks to queue
[2021-10-16 23:34:12,270] {logging_mixin.py:109} INFO - [2021-10-16 23:34:12,270] {dagbag.py:500} INFO - Filling up the DagBag from /home/airflow/.local/lib/python3.6/site-packages/airflow/example_dags/example_python_operator.py
[2021-10-16 23:34:12,305] {processor.py:632} INFO - DAG(s) dict_keys(['example_python_operator']) retrieved from /home/airflow/.local/lib/python3.6/site-packages/airflow/example_dags/example_python_operator.py
[2021-10-16 23:34:12,318] {logging_mixin.py:109} INFO - [2021-10-16 23:34:12,318] {dag.py:2389} INFO - Sync 1 DAGs
[2021-10-16 23:34:12,338] {logging_mixin.py:109} INFO - [2021-10-16 23:34:12,338] {dag.py:2914} INFO - Setting next_dagrun for example_python_operator to None
[2021-10-16 23:34:12,348] {processor.py:171} INFO - Processing /home/airflow/.local/lib/python3.6/site-packages/airflow/example_dags/example_python_operator.py took 0.084 seconds
[2021-10-16 23:34:43,092] {processor.py:163} INFO - Started process (PID=353) to work on /home/airflow/.local/lib/python3.6/site-packages/airflow/example_dags/example_python_operator.py
[2021-10-16 23:34:43,094] {processor.py:620} INFO - Processing file /home/airflow/.local/lib/python3.6/site-packages/airflow/example_dags/example_python_operator.py for tasks to queue
[2021-10-16 23:34:43,095] {logging_mixin.py:109} INFO - [2021-10-16 23:34:43,095] {dagbag.py:500} INFO - Filling up the DagBag from /home/airflow/.local/lib/python3.6/site-packages/airflow/example_dags/example_python_operator.py
[2021-10-16 23:34:43,148] {processor.py:632} INFO - DAG(s) dict_keys(['example_python_operator']) retrieved from /home/airflow/.local/lib/python3.6/site-packages/airflow/example_dags/example_python_operator.py
[2021-10-16 23:34:43,171] {logging_mixin.py:109} INFO - [2021-10-16 23:34:43,170] {dag.py:2389} INFO - Sync 1 DAGs
[2021-10-16 23:34:43,202] {logging_mixin.py:109} INFO - [2021-10-16 23:34:43,202] {dag.py:2914} INFO - Setting next_dagrun for example_python_operator to None
[2021-10-16 23:34:43,217] {processor.py:171} INFO - Processing /home/airflow/.local/lib/python3.6/site-packages/airflow/example_dags/example_python_operator.py took 0.130 seconds
[2021-10-16 23:35:13,606] {processor.py:163} INFO - Started process (PID=415) to work on /home/airflow/.local/lib/python3.6/site-packages/airflow/example_dags/example_python_operator.py
[2021-10-16 23:35:13,608] {processor.py:620} INFO - Processing file /home/airflow/.local/lib/python3.6/site-packages/airflow/example_dags/example_python_operator.py for tasks to queue
[2021-10-16 23:35:13,609] {logging_mixin.py:109} INFO - [2021-10-16 23:35:13,609] {dagbag.py:500} INFO - Filling up the DagBag from /home/airflow/.local/lib/python3.6/site-packages/airflow/example_dags/example_python_operator.py
[2021-10-16 23:35:13,647] {processor.py:632} INFO - DAG(s) dict_keys(['example_python_operator']) retrieved from /home/airflow/.local/lib/python3.6/site-packages/airflow/example_dags/example_python_operator.py
[2021-10-16 23:35:13,663] {logging_mixin.py:109} INFO - [2021-10-16 23:35:13,663] {dag.py:2389} INFO - Sync 1 DAGs
[2021-10-16 23:35:13,686] {logging_mixin.py:109} INFO - [2021-10-16 23:35:13,686] {dag.py:2914} INFO - Setting next_dagrun for example_python_operator to None
[2021-10-16 23:35:13,699] {processor.py:171} INFO - Processing /home/airflow/.local/lib/python3.6/site-packages/airflow/example_dags/example_python_operator.py took 0.096 seconds
[2021-10-16 23:35:44,494] {processor.py:163} INFO - Started process (PID=471) to work on /home/airflow/.local/lib/python3.6/site-packages/airflow/example_dags/example_python_operator.py
[2021-10-16 23:35:44,496] {processor.py:620} INFO - Processing file /home/airflow/.local/lib/python3.6/site-packages/airflow/example_dags/example_python_operator.py for tasks to queue
[2021-10-16 23:35:44,497] {logging_mixin.py:109} INFO - [2021-10-16 23:35:44,497] {dagbag.py:500} INFO - Filling up the DagBag from /home/airflow/.local/lib/python3.6/site-packages/airflow/example_dags/example_python_operator.py
[2021-10-16 23:35:44,532] {processor.py:632} INFO - DAG(s) dict_keys(['example_python_operator']) retrieved from /home/airflow/.local/lib/python3.6/site-packages/airflow/example_dags/example_python_operator.py
[2021-10-16 23:35:44,547] {logging_mixin.py:109} INFO - [2021-10-16 23:35:44,546] {dag.py:2389} INFO - Sync 1 DAGs
[2021-10-16 23:35:44,567] {logging_mixin.py:109} INFO - [2021-10-16 23:35:44,566] {dag.py:2914} INFO - Setting next_dagrun for example_python_operator to None
[2021-10-16 23:35:44,577] {processor.py:171} INFO - Processing /home/airflow/.local/lib/python3.6/site-packages/airflow/example_dags/example_python_operator.py took 0.087 seconds
[2021-10-16 23:36:15,041] {processor.py:163} INFO - Started process (PID=526) to work on /home/airflow/.local/lib/python3.6/site-packages/airflow/example_dags/example_python_operator.py
[2021-10-16 23:36:15,042] {processor.py:620} INFO - Processing file /home/airflow/.local/lib/python3.6/site-packages/airflow/example_dags/example_python_operator.py for tasks to queue
[2021-10-16 23:36:15,042] {logging_mixin.py:109} INFO - [2021-10-16 23:36:15,042] {dagbag.py:500} INFO - Filling up the DagBag from /home/airflow/.local/lib/python3.6/site-packages/airflow/example_dags/example_python_operator.py
[2021-10-16 23:36:15,068] {processor.py:632} INFO - DAG(s) dict_keys(['example_python_operator']) retrieved from /home/airflow/.local/lib/python3.6/site-packages/airflow/example_dags/example_python_operator.py
[2021-10-16 23:36:15,080] {logging_mixin.py:109} INFO - [2021-10-16 23:36:15,080] {dag.py:2389} INFO - Sync 1 DAGs
[2021-10-16 23:36:15,095] {logging_mixin.py:109} INFO - [2021-10-16 23:36:15,095] {dag.py:2914} INFO - Setting next_dagrun for example_python_operator to None
[2021-10-16 23:36:15,104] {processor.py:171} INFO - Processing /home/airflow/.local/lib/python3.6/site-packages/airflow/example_dags/example_python_operator.py took 0.066 seconds
[2021-10-16 23:36:45,389] {processor.py:163} INFO - Started process (PID=592) to work on /home/airflow/.local/lib/python3.6/site-packages/airflow/example_dags/example_python_operator.py
[2021-10-16 23:36:45,390] {processor.py:620} INFO - Processing file /home/airflow/.local/lib/python3.6/site-packages/airflow/example_dags/example_python_operator.py for tasks to queue
[2021-10-16 23:36:45,391] {logging_mixin.py:109} INFO - [2021-10-16 23:36:45,391] {dagbag.py:500} INFO - Filling up the DagBag from /home/airflow/.local/lib/python3.6/site-packages/airflow/example_dags/example_python_operator.py
[2021-10-16 23:36:45,429] {processor.py:632} INFO - DAG(s) dict_keys(['example_python_operator']) retrieved from /home/airflow/.local/lib/python3.6/site-packages/airflow/example_dags/example_python_operator.py
[2021-10-16 23:36:45,444] {logging_mixin.py:109} INFO - [2021-10-16 23:36:45,444] {dag.py:2389} INFO - Sync 1 DAGs
[2021-10-16 23:36:45,461] {logging_mixin.py:109} INFO - [2021-10-16 23:36:45,461] {dag.py:2914} INFO - Setting next_dagrun for example_python_operator to None
[2021-10-16 23:36:45,469] {processor.py:171} INFO - Processing /home/airflow/.local/lib/python3.6/site-packages/airflow/example_dags/example_python_operator.py took 0.083 seconds
[2021-10-16 23:37:15,902] {processor.py:163} INFO - Started process (PID=647) to work on /home/airflow/.local/lib/python3.6/site-packages/airflow/example_dags/example_python_operator.py
[2021-10-16 23:37:15,903] {processor.py:620} INFO - Processing file /home/airflow/.local/lib/python3.6/site-packages/airflow/example_dags/example_python_operator.py for tasks to queue
[2021-10-16 23:37:15,904] {logging_mixin.py:109} INFO - [2021-10-16 23:37:15,904] {dagbag.py:500} INFO - Filling up the DagBag from /home/airflow/.local/lib/python3.6/site-packages/airflow/example_dags/example_python_operator.py
[2021-10-16 23:37:15,949] {processor.py:632} INFO - DAG(s) dict_keys(['example_python_operator']) retrieved from /home/airflow/.local/lib/python3.6/site-packages/airflow/example_dags/example_python_operator.py
[2021-10-16 23:37:15,966] {logging_mixin.py:109} INFO - [2021-10-16 23:37:15,966] {dag.py:2389} INFO - Sync 1 DAGs
[2021-10-16 23:37:16,005] {logging_mixin.py:109} INFO - [2021-10-16 23:37:16,005] {dag.py:2914} INFO - Setting next_dagrun for example_python_operator to None
[2021-10-16 23:37:16,024] {processor.py:171} INFO - Processing /home/airflow/.local/lib/python3.6/site-packages/airflow/example_dags/example_python_operator.py took 0.126 seconds
[2021-10-16 23:37:46,316] {processor.py:163} INFO - Started process (PID=702) to work on /home/airflow/.local/lib/python3.6/site-packages/airflow/example_dags/example_python_operator.py
[2021-10-16 23:37:46,317] {processor.py:620} INFO - Processing file /home/airflow/.local/lib/python3.6/site-packages/airflow/example_dags/example_python_operator.py for tasks to queue
[2021-10-16 23:37:46,318] {logging_mixin.py:109} INFO - [2021-10-16 23:37:46,318] {dagbag.py:500} INFO - Filling up the DagBag from /home/airflow/.local/lib/python3.6/site-packages/airflow/example_dags/example_python_operator.py
[2021-10-16 23:37:46,355] {processor.py:632} INFO - DAG(s) dict_keys(['example_python_operator']) retrieved from /home/airflow/.local/lib/python3.6/site-packages/airflow/example_dags/example_python_operator.py
[2021-10-16 23:37:46,373] {logging_mixin.py:109} INFO - [2021-10-16 23:37:46,373] {dag.py:2389} INFO - Sync 1 DAGs
[2021-10-16 23:37:46,393] {logging_mixin.py:109} INFO - [2021-10-16 23:37:46,393] {dag.py:2914} INFO - Setting next_dagrun for example_python_operator to None
[2021-10-16 23:37:46,403] {processor.py:171} INFO - Processing /home/airflow/.local/lib/python3.6/site-packages/airflow/example_dags/example_python_operator.py took 0.092 seconds
[2021-10-16 23:38:17,310] {processor.py:163} INFO - Started process (PID=769) to work on /home/airflow/.local/lib/python3.6/site-packages/airflow/example_dags/example_python_operator.py
[2021-10-16 23:38:17,310] {processor.py:620} INFO - Processing file /home/airflow/.local/lib/python3.6/site-packages/airflow/example_dags/example_python_operator.py for tasks to queue
[2021-10-16 23:38:17,311] {logging_mixin.py:109} INFO - [2021-10-16 23:38:17,311] {dagbag.py:500} INFO - Filling up the DagBag from /home/airflow/.local/lib/python3.6/site-packages/airflow/example_dags/example_python_operator.py
[2021-10-16 23:38:17,340] {processor.py:632} INFO - DAG(s) dict_keys(['example_python_operator']) retrieved from /home/airflow/.local/lib/python3.6/site-packages/airflow/example_dags/example_python_operator.py
[2021-10-16 23:38:17,350] {logging_mixin.py:109} INFO - [2021-10-16 23:38:17,350] {dag.py:2389} INFO - Sync 1 DAGs
[2021-10-16 23:38:17,365] {logging_mixin.py:109} INFO - [2021-10-16 23:38:17,365] {dag.py:2914} INFO - Setting next_dagrun for example_python_operator to None
[2021-10-16 23:38:17,373] {processor.py:171} INFO - Processing /home/airflow/.local/lib/python3.6/site-packages/airflow/example_dags/example_python_operator.py took 0.066 seconds
[2021-10-16 23:38:47,652] {processor.py:163} INFO - Started process (PID=824) to work on /home/airflow/.local/lib/python3.6/site-packages/airflow/example_dags/example_python_operator.py
[2021-10-16 23:38:47,653] {processor.py:620} INFO - Processing file /home/airflow/.local/lib/python3.6/site-packages/airflow/example_dags/example_python_operator.py for tasks to queue
[2021-10-16 23:38:47,654] {logging_mixin.py:109} INFO - [2021-10-16 23:38:47,654] {dagbag.py:500} INFO - Filling up the DagBag from /home/airflow/.local/lib/python3.6/site-packages/airflow/example_dags/example_python_operator.py
[2021-10-16 23:38:47,687] {processor.py:632} INFO - DAG(s) dict_keys(['example_python_operator']) retrieved from /home/airflow/.local/lib/python3.6/site-packages/airflow/example_dags/example_python_operator.py
[2021-10-16 23:38:47,700] {logging_mixin.py:109} INFO - [2021-10-16 23:38:47,699] {dag.py:2389} INFO - Sync 1 DAGs
[2021-10-16 23:38:47,717] {logging_mixin.py:109} INFO - [2021-10-16 23:38:47,717] {dag.py:2914} INFO - Setting next_dagrun for example_python_operator to None
[2021-10-16 23:38:47,725] {processor.py:171} INFO - Processing /home/airflow/.local/lib/python3.6/site-packages/airflow/example_dags/example_python_operator.py took 0.076 seconds
[2021-10-16 23:39:18,024] {processor.py:163} INFO - Started process (PID=890) to work on /home/airflow/.local/lib/python3.6/site-packages/airflow/example_dags/example_python_operator.py
[2021-10-16 23:39:18,025] {processor.py:620} INFO - Processing file /home/airflow/.local/lib/python3.6/site-packages/airflow/example_dags/example_python_operator.py for tasks to queue
[2021-10-16 23:39:18,026] {logging_mixin.py:109} INFO - [2021-10-16 23:39:18,026] {dagbag.py:500} INFO - Filling up the DagBag from /home/airflow/.local/lib/python3.6/site-packages/airflow/example_dags/example_python_operator.py
[2021-10-16 23:39:18,051] {processor.py:632} INFO - DAG(s) dict_keys(['example_python_operator']) retrieved from /home/airflow/.local/lib/python3.6/site-packages/airflow/example_dags/example_python_operator.py
[2021-10-16 23:39:18,062] {logging_mixin.py:109} INFO - [2021-10-16 23:39:18,062] {dag.py:2389} INFO - Sync 1 DAGs
[2021-10-16 23:39:18,076] {logging_mixin.py:109} INFO - [2021-10-16 23:39:18,076] {dag.py:2914} INFO - Setting next_dagrun for example_python_operator to None
[2021-10-16 23:39:18,084] {processor.py:171} INFO - Processing /home/airflow/.local/lib/python3.6/site-packages/airflow/example_dags/example_python_operator.py took 0.063 seconds
[2021-10-16 23:39:48,489] {processor.py:163} INFO - Started process (PID=945) to work on /home/airflow/.local/lib/python3.6/site-packages/airflow/example_dags/example_python_operator.py
[2021-10-16 23:39:48,491] {processor.py:620} INFO - Processing file /home/airflow/.local/lib/python3.6/site-packages/airflow/example_dags/example_python_operator.py for tasks to queue
[2021-10-16 23:39:48,491] {logging_mixin.py:109} INFO - [2021-10-16 23:39:48,491] {dagbag.py:500} INFO - Filling up the DagBag from /home/airflow/.local/lib/python3.6/site-packages/airflow/example_dags/example_python_operator.py
[2021-10-16 23:39:48,518] {processor.py:632} INFO - DAG(s) dict_keys(['example_python_operator']) retrieved from /home/airflow/.local/lib/python3.6/site-packages/airflow/example_dags/example_python_operator.py
[2021-10-16 23:39:48,528] {logging_mixin.py:109} INFO - [2021-10-16 23:39:48,528] {dag.py:2389} INFO - Sync 1 DAGs
[2021-10-16 23:39:48,547] {logging_mixin.py:109} INFO - [2021-10-16 23:39:48,547] {dag.py:2914} INFO - Setting next_dagrun for example_python_operator to None
[2021-10-16 23:39:48,558] {processor.py:171} INFO - Processing /home/airflow/.local/lib/python3.6/site-packages/airflow/example_dags/example_python_operator.py took 0.072 seconds
[2021-10-16 23:40:18,722] {processor.py:163} INFO - Started process (PID=1000) to work on /home/airflow/.local/lib/python3.6/site-packages/airflow/example_dags/example_python_operator.py
[2021-10-16 23:40:18,723] {processor.py:620} INFO - Processing file /home/airflow/.local/lib/python3.6/site-packages/airflow/example_dags/example_python_operator.py for tasks to queue
[2021-10-16 23:40:18,724] {logging_mixin.py:109} INFO - [2021-10-16 23:40:18,723] {dagbag.py:500} INFO - Filling up the DagBag from /home/airflow/.local/lib/python3.6/site-packages/airflow/example_dags/example_python_operator.py
[2021-10-16 23:40:18,748] {processor.py:632} INFO - DAG(s) dict_keys(['example_python_operator']) retrieved from /home/airflow/.local/lib/python3.6/site-packages/airflow/example_dags/example_python_operator.py
[2021-10-16 23:40:18,759] {logging_mixin.py:109} INFO - [2021-10-16 23:40:18,758] {dag.py:2389} INFO - Sync 1 DAGs
[2021-10-16 23:40:18,773] {logging_mixin.py:109} INFO - [2021-10-16 23:40:18,772] {dag.py:2914} INFO - Setting next_dagrun for example_python_operator to None
[2021-10-16 23:40:18,781] {processor.py:171} INFO - Processing /home/airflow/.local/lib/python3.6/site-packages/airflow/example_dags/example_python_operator.py took 0.061 seconds
[2021-10-16 23:40:49,042] {processor.py:163} INFO - Started process (PID=1067) to work on /home/airflow/.local/lib/python3.6/site-packages/airflow/example_dags/example_python_operator.py
[2021-10-16 23:40:49,043] {processor.py:620} INFO - Processing file /home/airflow/.local/lib/python3.6/site-packages/airflow/example_dags/example_python_operator.py for tasks to queue
[2021-10-16 23:40:49,044] {logging_mixin.py:109} INFO - [2021-10-16 23:40:49,044] {dagbag.py:500} INFO - Filling up the DagBag from /home/airflow/.local/lib/python3.6/site-packages/airflow/example_dags/example_python_operator.py
[2021-10-16 23:40:49,070] {processor.py:632} INFO - DAG(s) dict_keys(['example_python_operator']) retrieved from /home/airflow/.local/lib/python3.6/site-packages/airflow/example_dags/example_python_operator.py
[2021-10-16 23:40:49,081] {logging_mixin.py:109} INFO - [2021-10-16 23:40:49,081] {dag.py:2389} INFO - Sync 1 DAGs
[2021-10-16 23:40:49,096] {logging_mixin.py:109} INFO - [2021-10-16 23:40:49,096] {dag.py:2914} INFO - Setting next_dagrun for example_python_operator to None
[2021-10-16 23:40:49,104] {processor.py:171} INFO - Processing /home/airflow/.local/lib/python3.6/site-packages/airflow/example_dags/example_python_operator.py took 0.065 seconds
[2021-10-16 23:41:19,329] {processor.py:163} INFO - Started process (PID=1122) to work on /home/airflow/.local/lib/python3.6/site-packages/airflow/example_dags/example_python_operator.py
[2021-10-16 23:41:19,330] {processor.py:620} INFO - Processing file /home/airflow/.local/lib/python3.6/site-packages/airflow/example_dags/example_python_operator.py for tasks to queue
[2021-10-16 23:41:19,331] {logging_mixin.py:109} INFO - [2021-10-16 23:41:19,331] {dagbag.py:500} INFO - Filling up the DagBag from /home/airflow/.local/lib/python3.6/site-packages/airflow/example_dags/example_python_operator.py
[2021-10-16 23:41:19,357] {processor.py:632} INFO - DAG(s) dict_keys(['example_python_operator']) retrieved from /home/airflow/.local/lib/python3.6/site-packages/airflow/example_dags/example_python_operator.py
[2021-10-16 23:41:19,368] {logging_mixin.py:109} INFO - [2021-10-16 23:41:19,368] {dag.py:2389} INFO - Sync 1 DAGs
[2021-10-16 23:41:19,384] {logging_mixin.py:109} INFO - [2021-10-16 23:41:19,384] {dag.py:2914} INFO - Setting next_dagrun for example_python_operator to None
[2021-10-16 23:41:19,392] {processor.py:171} INFO - Processing /home/airflow/.local/lib/python3.6/site-packages/airflow/example_dags/example_python_operator.py took 0.065 seconds
[2021-10-16 23:41:50,244] {processor.py:163} INFO - Started process (PID=1187) to work on /home/airflow/.local/lib/python3.6/site-packages/airflow/example_dags/example_python_operator.py
[2021-10-16 23:41:50,245] {processor.py:620} INFO - Processing file /home/airflow/.local/lib/python3.6/site-packages/airflow/example_dags/example_python_operator.py for tasks to queue
[2021-10-16 23:41:50,246] {logging_mixin.py:109} INFO - [2021-10-16 23:41:50,246] {dagbag.py:500} INFO - Filling up the DagBag from /home/airflow/.local/lib/python3.6/site-packages/airflow/example_dags/example_python_operator.py
[2021-10-16 23:41:50,271] {processor.py:632} INFO - DAG(s) dict_keys(['example_python_operator']) retrieved from /home/airflow/.local/lib/python3.6/site-packages/airflow/example_dags/example_python_operator.py
[2021-10-16 23:41:50,281] {logging_mixin.py:109} INFO - [2021-10-16 23:41:50,281] {dag.py:2389} INFO - Sync 1 DAGs
[2021-10-16 23:41:50,296] {logging_mixin.py:109} INFO - [2021-10-16 23:41:50,296] {dag.py:2914} INFO - Setting next_dagrun for example_python_operator to None
[2021-10-16 23:41:50,303] {processor.py:171} INFO - Processing /home/airflow/.local/lib/python3.6/site-packages/airflow/example_dags/example_python_operator.py took 0.061 seconds
[2021-10-16 23:42:20,458] {processor.py:163} INFO - Started process (PID=1242) to work on /home/airflow/.local/lib/python3.6/site-packages/airflow/example_dags/example_python_operator.py
[2021-10-16 23:42:20,459] {processor.py:620} INFO - Processing file /home/airflow/.local/lib/python3.6/site-packages/airflow/example_dags/example_python_operator.py for tasks to queue
[2021-10-16 23:42:20,460] {logging_mixin.py:109} INFO - [2021-10-16 23:42:20,459] {dagbag.py:500} INFO - Filling up the DagBag from /home/airflow/.local/lib/python3.6/site-packages/airflow/example_dags/example_python_operator.py
[2021-10-16 23:42:20,488] {processor.py:632} INFO - DAG(s) dict_keys(['example_python_operator']) retrieved from /home/airflow/.local/lib/python3.6/site-packages/airflow/example_dags/example_python_operator.py
[2021-10-16 23:42:20,501] {logging_mixin.py:109} INFO - [2021-10-16 23:42:20,501] {dag.py:2389} INFO - Sync 1 DAGs
[2021-10-16 23:42:20,518] {logging_mixin.py:109} INFO - [2021-10-16 23:42:20,518] {dag.py:2914} INFO - Setting next_dagrun for example_python_operator to None
[2021-10-16 23:42:20,527] {processor.py:171} INFO - Processing /home/airflow/.local/lib/python3.6/site-packages/airflow/example_dags/example_python_operator.py took 0.072 seconds
[2021-10-16 23:42:50,702] {processor.py:163} INFO - Started process (PID=1297) to work on /home/airflow/.local/lib/python3.6/site-packages/airflow/example_dags/example_python_operator.py
[2021-10-16 23:42:50,703] {processor.py:620} INFO - Processing file /home/airflow/.local/lib/python3.6/site-packages/airflow/example_dags/example_python_operator.py for tasks to queue
[2021-10-16 23:42:50,703] {logging_mixin.py:109} INFO - [2021-10-16 23:42:50,703] {dagbag.py:500} INFO - Filling up the DagBag from /home/airflow/.local/lib/python3.6/site-packages/airflow/example_dags/example_python_operator.py
[2021-10-16 23:42:50,727] {processor.py:632} INFO - DAG(s) dict_keys(['example_python_operator']) retrieved from /home/airflow/.local/lib/python3.6/site-packages/airflow/example_dags/example_python_operator.py
[2021-10-16 23:42:50,738] {logging_mixin.py:109} INFO - [2021-10-16 23:42:50,738] {dag.py:2389} INFO - Sync 1 DAGs
[2021-10-16 23:42:50,752] {logging_mixin.py:109} INFO - [2021-10-16 23:42:50,752] {dag.py:2914} INFO - Setting next_dagrun for example_python_operator to None
[2021-10-16 23:42:50,760] {processor.py:171} INFO - Processing /home/airflow/.local/lib/python3.6/site-packages/airflow/example_dags/example_python_operator.py took 0.060 seconds
[2021-10-16 23:43:20,928] {processor.py:163} INFO - Started process (PID=1363) to work on /home/airflow/.local/lib/python3.6/site-packages/airflow/example_dags/example_python_operator.py
[2021-10-16 23:43:20,930] {processor.py:620} INFO - Processing file /home/airflow/.local/lib/python3.6/site-packages/airflow/example_dags/example_python_operator.py for tasks to queue
[2021-10-16 23:43:20,931] {logging_mixin.py:109} INFO - [2021-10-16 23:43:20,931] {dagbag.py:500} INFO - Filling up the DagBag from /home/airflow/.local/lib/python3.6/site-packages/airflow/example_dags/example_python_operator.py
[2021-10-16 23:43:20,985] {processor.py:632} INFO - DAG(s) dict_keys(['example_python_operator']) retrieved from /home/airflow/.local/lib/python3.6/site-packages/airflow/example_dags/example_python_operator.py
[2021-10-16 23:43:21,004] {logging_mixin.py:109} INFO - [2021-10-16 23:43:21,004] {dag.py:2389} INFO - Sync 1 DAGs
[2021-10-16 23:43:21,025] {logging_mixin.py:109} INFO - [2021-10-16 23:43:21,025] {dag.py:2914} INFO - Setting next_dagrun for example_python_operator to None
[2021-10-16 23:43:21,035] {processor.py:171} INFO - Processing /home/airflow/.local/lib/python3.6/site-packages/airflow/example_dags/example_python_operator.py took 0.112 seconds
[2021-10-16 23:43:51,520] {processor.py:163} INFO - Started process (PID=1420) to work on /home/airflow/.local/lib/python3.6/site-packages/airflow/example_dags/example_python_operator.py
[2021-10-16 23:43:51,521] {processor.py:620} INFO - Processing file /home/airflow/.local/lib/python3.6/site-packages/airflow/example_dags/example_python_operator.py for tasks to queue
[2021-10-16 23:43:51,522] {logging_mixin.py:109} INFO - [2021-10-16 23:43:51,522] {dagbag.py:500} INFO - Filling up the DagBag from /home/airflow/.local/lib/python3.6/site-packages/airflow/example_dags/example_python_operator.py
[2021-10-16 23:43:51,549] {processor.py:632} INFO - DAG(s) dict_keys(['example_python_operator']) retrieved from /home/airflow/.local/lib/python3.6/site-packages/airflow/example_dags/example_python_operator.py
[2021-10-16 23:43:51,559] {logging_mixin.py:109} INFO - [2021-10-16 23:43:51,559] {dag.py:2389} INFO - Sync 1 DAGs
[2021-10-16 23:43:51,573] {logging_mixin.py:109} INFO - [2021-10-16 23:43:51,573] {dag.py:2914} INFO - Setting next_dagrun for example_python_operator to None
[2021-10-16 23:43:51,581] {processor.py:171} INFO - Processing /home/airflow/.local/lib/python3.6/site-packages/airflow/example_dags/example_python_operator.py took 0.063 seconds
[2021-10-16 23:44:21,832] {processor.py:163} INFO - Started process (PID=1486) to work on /home/airflow/.local/lib/python3.6/site-packages/airflow/example_dags/example_python_operator.py
[2021-10-16 23:44:21,834] {processor.py:620} INFO - Processing file /home/airflow/.local/lib/python3.6/site-packages/airflow/example_dags/example_python_operator.py for tasks to queue
[2021-10-16 23:44:21,834] {logging_mixin.py:109} INFO - [2021-10-16 23:44:21,834] {dagbag.py:500} INFO - Filling up the DagBag from /home/airflow/.local/lib/python3.6/site-packages/airflow/example_dags/example_python_operator.py
[2021-10-16 23:44:21,871] {processor.py:632} INFO - DAG(s) dict_keys(['example_python_operator']) retrieved from /home/airflow/.local/lib/python3.6/site-packages/airflow/example_dags/example_python_operator.py
[2021-10-16 23:44:21,885] {logging_mixin.py:109} INFO - [2021-10-16 23:44:21,885] {dag.py:2389} INFO - Sync 1 DAGs
[2021-10-16 23:44:21,902] {logging_mixin.py:109} INFO - [2021-10-16 23:44:21,902] {dag.py:2914} INFO - Setting next_dagrun for example_python_operator to None
[2021-10-16 23:44:21,910] {processor.py:171} INFO - Processing /home/airflow/.local/lib/python3.6/site-packages/airflow/example_dags/example_python_operator.py took 0.082 seconds
[2021-10-16 23:44:52,328] {processor.py:163} INFO - Started process (PID=1541) to work on /home/airflow/.local/lib/python3.6/site-packages/airflow/example_dags/example_python_operator.py
[2021-10-16 23:44:52,329] {processor.py:620} INFO - Processing file /home/airflow/.local/lib/python3.6/site-packages/airflow/example_dags/example_python_operator.py for tasks to queue
[2021-10-16 23:44:52,330] {logging_mixin.py:109} INFO - [2021-10-16 23:44:52,330] {dagbag.py:500} INFO - Filling up the DagBag from /home/airflow/.local/lib/python3.6/site-packages/airflow/example_dags/example_python_operator.py
[2021-10-16 23:44:52,370] {processor.py:632} INFO - DAG(s) dict_keys(['example_python_operator']) retrieved from /home/airflow/.local/lib/python3.6/site-packages/airflow/example_dags/example_python_operator.py
[2021-10-16 23:44:52,384] {logging_mixin.py:109} INFO - [2021-10-16 23:44:52,384] {dag.py:2389} INFO - Sync 1 DAGs
[2021-10-16 23:44:52,406] {logging_mixin.py:109} INFO - [2021-10-16 23:44:52,406] {dag.py:2914} INFO - Setting next_dagrun for example_python_operator to None
[2021-10-16 23:44:52,420] {processor.py:171} INFO - Processing /home/airflow/.local/lib/python3.6/site-packages/airflow/example_dags/example_python_operator.py took 0.096 seconds
[2021-10-16 23:45:22,752] {processor.py:163} INFO - Started process (PID=1596) to work on /home/airflow/.local/lib/python3.6/site-packages/airflow/example_dags/example_python_operator.py
[2021-10-16 23:45:22,753] {processor.py:620} INFO - Processing file /home/airflow/.local/lib/python3.6/site-packages/airflow/example_dags/example_python_operator.py for tasks to queue
[2021-10-16 23:45:22,754] {logging_mixin.py:109} INFO - [2021-10-16 23:45:22,753] {dagbag.py:500} INFO - Filling up the DagBag from /home/airflow/.local/lib/python3.6/site-packages/airflow/example_dags/example_python_operator.py
[2021-10-16 23:45:22,788] {processor.py:632} INFO - DAG(s) dict_keys(['example_python_operator']) retrieved from /home/airflow/.local/lib/python3.6/site-packages/airflow/example_dags/example_python_operator.py
[2021-10-16 23:45:22,801] {logging_mixin.py:109} INFO - [2021-10-16 23:45:22,801] {dag.py:2389} INFO - Sync 1 DAGs
[2021-10-16 23:45:22,818] {logging_mixin.py:109} INFO - [2021-10-16 23:45:22,818] {dag.py:2914} INFO - Setting next_dagrun for example_python_operator to None
[2021-10-16 23:45:22,825] {processor.py:171} INFO - Processing /home/airflow/.local/lib/python3.6/site-packages/airflow/example_dags/example_python_operator.py took 0.076 seconds
[2021-10-16 23:45:53,169] {processor.py:163} INFO - Started process (PID=1662) to work on /home/airflow/.local/lib/python3.6/site-packages/airflow/example_dags/example_python_operator.py
[2021-10-16 23:45:53,170] {processor.py:620} INFO - Processing file /home/airflow/.local/lib/python3.6/site-packages/airflow/example_dags/example_python_operator.py for tasks to queue
[2021-10-16 23:45:53,171] {logging_mixin.py:109} INFO - [2021-10-16 23:45:53,171] {dagbag.py:500} INFO - Filling up the DagBag from /home/airflow/.local/lib/python3.6/site-packages/airflow/example_dags/example_python_operator.py
[2021-10-16 23:45:53,196] {processor.py:632} INFO - DAG(s) dict_keys(['example_python_operator']) retrieved from /home/airflow/.local/lib/python3.6/site-packages/airflow/example_dags/example_python_operator.py
[2021-10-16 23:45:53,206] {logging_mixin.py:109} INFO - [2021-10-16 23:45:53,206] {dag.py:2389} INFO - Sync 1 DAGs
[2021-10-16 23:45:53,220] {logging_mixin.py:109} INFO - [2021-10-16 23:45:53,220] {dag.py:2914} INFO - Setting next_dagrun for example_python_operator to None
[2021-10-16 23:45:53,228] {processor.py:171} INFO - Processing /home/airflow/.local/lib/python3.6/site-packages/airflow/example_dags/example_python_operator.py took 0.062 seconds
[2021-10-16 23:46:23,630] {processor.py:163} INFO - Started process (PID=1717) to work on /home/airflow/.local/lib/python3.6/site-packages/airflow/example_dags/example_python_operator.py
[2021-10-16 23:46:23,632] {processor.py:620} INFO - Processing file /home/airflow/.local/lib/python3.6/site-packages/airflow/example_dags/example_python_operator.py for tasks to queue
[2021-10-16 23:46:23,632] {logging_mixin.py:109} INFO - [2021-10-16 23:46:23,632] {dagbag.py:500} INFO - Filling up the DagBag from /home/airflow/.local/lib/python3.6/site-packages/airflow/example_dags/example_python_operator.py
[2021-10-16 23:46:23,656] {processor.py:632} INFO - DAG(s) dict_keys(['example_python_operator']) retrieved from /home/airflow/.local/lib/python3.6/site-packages/airflow/example_dags/example_python_operator.py
[2021-10-16 23:46:23,666] {logging_mixin.py:109} INFO - [2021-10-16 23:46:23,666] {dag.py:2389} INFO - Sync 1 DAGs
[2021-10-16 23:46:23,680] {logging_mixin.py:109} INFO - [2021-10-16 23:46:23,680] {dag.py:2914} INFO - Setting next_dagrun for example_python_operator to None
[2021-10-16 23:46:23,695] {processor.py:171} INFO - Processing /home/airflow/.local/lib/python3.6/site-packages/airflow/example_dags/example_python_operator.py took 0.068 seconds
[2021-10-16 23:46:54,052] {processor.py:163} INFO - Started process (PID=1783) to work on /home/airflow/.local/lib/python3.6/site-packages/airflow/example_dags/example_python_operator.py
[2021-10-16 23:46:54,053] {processor.py:620} INFO - Processing file /home/airflow/.local/lib/python3.6/site-packages/airflow/example_dags/example_python_operator.py for tasks to queue
[2021-10-16 23:46:54,054] {logging_mixin.py:109} INFO - [2021-10-16 23:46:54,054] {dagbag.py:500} INFO - Filling up the DagBag from /home/airflow/.local/lib/python3.6/site-packages/airflow/example_dags/example_python_operator.py
[2021-10-16 23:46:54,079] {processor.py:632} INFO - DAG(s) dict_keys(['example_python_operator']) retrieved from /home/airflow/.local/lib/python3.6/site-packages/airflow/example_dags/example_python_operator.py
[2021-10-16 23:46:54,089] {logging_mixin.py:109} INFO - [2021-10-16 23:46:54,089] {dag.py:2389} INFO - Sync 1 DAGs
[2021-10-16 23:46:54,104] {logging_mixin.py:109} INFO - [2021-10-16 23:46:54,104] {dag.py:2914} INFO - Setting next_dagrun for example_python_operator to None
[2021-10-16 23:46:54,113] {processor.py:171} INFO - Processing /home/airflow/.local/lib/python3.6/site-packages/airflow/example_dags/example_python_operator.py took 0.064 seconds
[2021-10-16 23:47:24,774] {processor.py:163} INFO - Started process (PID=1839) to work on /home/airflow/.local/lib/python3.6/site-packages/airflow/example_dags/example_python_operator.py
[2021-10-16 23:47:24,775] {processor.py:620} INFO - Processing file /home/airflow/.local/lib/python3.6/site-packages/airflow/example_dags/example_python_operator.py for tasks to queue
[2021-10-16 23:47:24,775] {logging_mixin.py:109} INFO - [2021-10-16 23:47:24,775] {dagbag.py:500} INFO - Filling up the DagBag from /home/airflow/.local/lib/python3.6/site-packages/airflow/example_dags/example_python_operator.py
[2021-10-16 23:47:24,801] {processor.py:632} INFO - DAG(s) dict_keys(['example_python_operator']) retrieved from /home/airflow/.local/lib/python3.6/site-packages/airflow/example_dags/example_python_operator.py
[2021-10-16 23:47:24,811] {logging_mixin.py:109} INFO - [2021-10-16 23:47:24,811] {dag.py:2389} INFO - Sync 1 DAGs
[2021-10-16 23:47:24,825] {logging_mixin.py:109} INFO - [2021-10-16 23:47:24,825] {dag.py:2914} INFO - Setting next_dagrun for example_python_operator to None
[2021-10-16 23:47:24,834] {processor.py:171} INFO - Processing /home/airflow/.local/lib/python3.6/site-packages/airflow/example_dags/example_python_operator.py took 0.063 seconds
[2021-10-16 23:47:54,910] {processor.py:163} INFO - Started process (PID=1894) to work on /home/airflow/.local/lib/python3.6/site-packages/airflow/example_dags/example_python_operator.py
[2021-10-16 23:47:54,911] {processor.py:620} INFO - Processing file /home/airflow/.local/lib/python3.6/site-packages/airflow/example_dags/example_python_operator.py for tasks to queue
[2021-10-16 23:47:54,911] {logging_mixin.py:109} INFO - [2021-10-16 23:47:54,911] {dagbag.py:500} INFO - Filling up the DagBag from /home/airflow/.local/lib/python3.6/site-packages/airflow/example_dags/example_python_operator.py
[2021-10-16 23:47:54,936] {processor.py:632} INFO - DAG(s) dict_keys(['example_python_operator']) retrieved from /home/airflow/.local/lib/python3.6/site-packages/airflow/example_dags/example_python_operator.py
[2021-10-16 23:47:54,946] {logging_mixin.py:109} INFO - [2021-10-16 23:47:54,946] {dag.py:2389} INFO - Sync 1 DAGs
[2021-10-16 23:47:54,960] {logging_mixin.py:109} INFO - [2021-10-16 23:47:54,960] {dag.py:2914} INFO - Setting next_dagrun for example_python_operator to None
[2021-10-16 23:47:54,968] {processor.py:171} INFO - Processing /home/airflow/.local/lib/python3.6/site-packages/airflow/example_dags/example_python_operator.py took 0.061 seconds
[2021-10-16 23:48:25,061] {processor.py:163} INFO - Started process (PID=1959) to work on /home/airflow/.local/lib/python3.6/site-packages/airflow/example_dags/example_python_operator.py
[2021-10-16 23:48:25,062] {processor.py:620} INFO - Processing file /home/airflow/.local/lib/python3.6/site-packages/airflow/example_dags/example_python_operator.py for tasks to queue
[2021-10-16 23:48:25,063] {logging_mixin.py:109} INFO - [2021-10-16 23:48:25,063] {dagbag.py:500} INFO - Filling up the DagBag from /home/airflow/.local/lib/python3.6/site-packages/airflow/example_dags/example_python_operator.py
[2021-10-16 23:48:25,092] {processor.py:632} INFO - DAG(s) dict_keys(['example_python_operator']) retrieved from /home/airflow/.local/lib/python3.6/site-packages/airflow/example_dags/example_python_operator.py
[2021-10-16 23:48:25,105] {logging_mixin.py:109} INFO - [2021-10-16 23:48:25,105] {dag.py:2389} INFO - Sync 1 DAGs
[2021-10-16 23:48:25,122] {logging_mixin.py:109} INFO - [2021-10-16 23:48:25,122] {dag.py:2914} INFO - Setting next_dagrun for example_python_operator to None
[2021-10-16 23:48:25,130] {processor.py:171} INFO - Processing /home/airflow/.local/lib/python3.6/site-packages/airflow/example_dags/example_python_operator.py took 0.072 seconds
[2021-10-16 23:48:55,310] {processor.py:163} INFO - Started process (PID=2014) to work on /home/airflow/.local/lib/python3.6/site-packages/airflow/example_dags/example_python_operator.py
[2021-10-16 23:48:55,312] {processor.py:620} INFO - Processing file /home/airflow/.local/lib/python3.6/site-packages/airflow/example_dags/example_python_operator.py for tasks to queue
[2021-10-16 23:48:55,312] {logging_mixin.py:109} INFO - [2021-10-16 23:48:55,312] {dagbag.py:500} INFO - Filling up the DagBag from /home/airflow/.local/lib/python3.6/site-packages/airflow/example_dags/example_python_operator.py
[2021-10-16 23:48:55,337] {processor.py:632} INFO - DAG(s) dict_keys(['example_python_operator']) retrieved from /home/airflow/.local/lib/python3.6/site-packages/airflow/example_dags/example_python_operator.py
[2021-10-16 23:48:55,349] {logging_mixin.py:109} INFO - [2021-10-16 23:48:55,349] {dag.py:2389} INFO - Sync 1 DAGs
[2021-10-16 23:48:55,363] {logging_mixin.py:109} INFO - [2021-10-16 23:48:55,363] {dag.py:2914} INFO - Setting next_dagrun for example_python_operator to None
[2021-10-16 23:48:55,371] {processor.py:171} INFO - Processing /home/airflow/.local/lib/python3.6/site-packages/airflow/example_dags/example_python_operator.py took 0.063 seconds
[2021-10-16 23:49:25,753] {processor.py:163} INFO - Started process (PID=2079) to work on /home/airflow/.local/lib/python3.6/site-packages/airflow/example_dags/example_python_operator.py
[2021-10-16 23:49:25,754] {processor.py:620} INFO - Processing file /home/airflow/.local/lib/python3.6/site-packages/airflow/example_dags/example_python_operator.py for tasks to queue
[2021-10-16 23:49:25,755] {logging_mixin.py:109} INFO - [2021-10-16 23:49:25,755] {dagbag.py:500} INFO - Filling up the DagBag from /home/airflow/.local/lib/python3.6/site-packages/airflow/example_dags/example_python_operator.py
[2021-10-16 23:49:25,782] {processor.py:632} INFO - DAG(s) dict_keys(['example_python_operator']) retrieved from /home/airflow/.local/lib/python3.6/site-packages/airflow/example_dags/example_python_operator.py
[2021-10-16 23:49:25,794] {logging_mixin.py:109} INFO - [2021-10-16 23:49:25,794] {dag.py:2389} INFO - Sync 1 DAGs
[2021-10-16 23:49:25,816] {logging_mixin.py:109} INFO - [2021-10-16 23:49:25,815] {dag.py:2914} INFO - Setting next_dagrun for example_python_operator to None
[2021-10-16 23:49:25,828] {processor.py:171} INFO - Processing /home/airflow/.local/lib/python3.6/site-packages/airflow/example_dags/example_python_operator.py took 0.077 seconds
[2021-10-16 23:49:55,886] {processor.py:163} INFO - Started process (PID=2136) to work on /home/airflow/.local/lib/python3.6/site-packages/airflow/example_dags/example_python_operator.py
[2021-10-16 23:49:55,887] {processor.py:620} INFO - Processing file /home/airflow/.local/lib/python3.6/site-packages/airflow/example_dags/example_python_operator.py for tasks to queue
[2021-10-16 23:49:55,887] {logging_mixin.py:109} INFO - [2021-10-16 23:49:55,887] {dagbag.py:500} INFO - Filling up the DagBag from /home/airflow/.local/lib/python3.6/site-packages/airflow/example_dags/example_python_operator.py
[2021-10-16 23:49:55,911] {processor.py:632} INFO - DAG(s) dict_keys(['example_python_operator']) retrieved from /home/airflow/.local/lib/python3.6/site-packages/airflow/example_dags/example_python_operator.py
[2021-10-16 23:49:55,921] {logging_mixin.py:109} INFO - [2021-10-16 23:49:55,921] {dag.py:2389} INFO - Sync 1 DAGs
[2021-10-16 23:49:55,935] {logging_mixin.py:109} INFO - [2021-10-16 23:49:55,935] {dag.py:2914} INFO - Setting next_dagrun for example_python_operator to None
[2021-10-16 23:49:55,943] {processor.py:171} INFO - Processing /home/airflow/.local/lib/python3.6/site-packages/airflow/example_dags/example_python_operator.py took 0.060 seconds
[2021-10-16 23:50:26,295] {processor.py:163} INFO - Started process (PID=2192) to work on /home/airflow/.local/lib/python3.6/site-packages/airflow/example_dags/example_python_operator.py
[2021-10-16 23:50:26,296] {processor.py:620} INFO - Processing file /home/airflow/.local/lib/python3.6/site-packages/airflow/example_dags/example_python_operator.py for tasks to queue
[2021-10-16 23:50:26,297] {logging_mixin.py:109} INFO - [2021-10-16 23:50:26,297] {dagbag.py:500} INFO - Filling up the DagBag from /home/airflow/.local/lib/python3.6/site-packages/airflow/example_dags/example_python_operator.py
[2021-10-16 23:50:26,323] {processor.py:632} INFO - DAG(s) dict_keys(['example_python_operator']) retrieved from /home/airflow/.local/lib/python3.6/site-packages/airflow/example_dags/example_python_operator.py
[2021-10-16 23:50:26,333] {logging_mixin.py:109} INFO - [2021-10-16 23:50:26,333] {dag.py:2389} INFO - Sync 1 DAGs
[2021-10-16 23:50:26,348] {logging_mixin.py:109} INFO - [2021-10-16 23:50:26,348] {dag.py:2914} INFO - Setting next_dagrun for example_python_operator to None
[2021-10-16 23:50:26,357] {processor.py:171} INFO - Processing /home/airflow/.local/lib/python3.6/site-packages/airflow/example_dags/example_python_operator.py took 0.065 seconds
[2021-10-16 23:50:57,368] {processor.py:163} INFO - Started process (PID=2257) to work on /home/airflow/.local/lib/python3.6/site-packages/airflow/example_dags/example_python_operator.py
[2021-10-16 23:50:57,369] {processor.py:620} INFO - Processing file /home/airflow/.local/lib/python3.6/site-packages/airflow/example_dags/example_python_operator.py for tasks to queue
[2021-10-16 23:50:57,370] {logging_mixin.py:109} INFO - [2021-10-16 23:50:57,370] {dagbag.py:500} INFO - Filling up the DagBag from /home/airflow/.local/lib/python3.6/site-packages/airflow/example_dags/example_python_operator.py
[2021-10-16 23:50:57,396] {processor.py:632} INFO - DAG(s) dict_keys(['example_python_operator']) retrieved from /home/airflow/.local/lib/python3.6/site-packages/airflow/example_dags/example_python_operator.py
[2021-10-16 23:50:57,407] {logging_mixin.py:109} INFO - [2021-10-16 23:50:57,407] {dag.py:2389} INFO - Sync 1 DAGs
[2021-10-16 23:50:57,423] {logging_mixin.py:109} INFO - [2021-10-16 23:50:57,423] {dag.py:2914} INFO - Setting next_dagrun for example_python_operator to None
[2021-10-16 23:50:57,432] {processor.py:171} INFO - Processing /home/airflow/.local/lib/python3.6/site-packages/airflow/example_dags/example_python_operator.py took 0.067 seconds
[2021-10-16 23:51:28,160] {processor.py:163} INFO - Started process (PID=2312) to work on /home/airflow/.local/lib/python3.6/site-packages/airflow/example_dags/example_python_operator.py
[2021-10-16 23:51:28,161] {processor.py:620} INFO - Processing file /home/airflow/.local/lib/python3.6/site-packages/airflow/example_dags/example_python_operator.py for tasks to queue
[2021-10-16 23:51:28,161] {logging_mixin.py:109} INFO - [2021-10-16 23:51:28,161] {dagbag.py:500} INFO - Filling up the DagBag from /home/airflow/.local/lib/python3.6/site-packages/airflow/example_dags/example_python_operator.py
[2021-10-16 23:51:28,189] {processor.py:632} INFO - DAG(s) dict_keys(['example_python_operator']) retrieved from /home/airflow/.local/lib/python3.6/site-packages/airflow/example_dags/example_python_operator.py
[2021-10-16 23:51:28,201] {logging_mixin.py:109} INFO - [2021-10-16 23:51:28,200] {dag.py:2389} INFO - Sync 1 DAGs
[2021-10-16 23:51:28,222] {logging_mixin.py:109} INFO - [2021-10-16 23:51:28,222] {dag.py:2914} INFO - Setting next_dagrun for example_python_operator to None
[2021-10-16 23:51:28,231] {processor.py:171} INFO - Processing /home/airflow/.local/lib/python3.6/site-packages/airflow/example_dags/example_python_operator.py took 0.074 seconds
[2021-10-16 23:51:58,332] {processor.py:163} INFO - Started process (PID=2379) to work on /home/airflow/.local/lib/python3.6/site-packages/airflow/example_dags/example_python_operator.py
[2021-10-16 23:51:58,334] {processor.py:620} INFO - Processing file /home/airflow/.local/lib/python3.6/site-packages/airflow/example_dags/example_python_operator.py for tasks to queue
[2021-10-16 23:51:58,334] {logging_mixin.py:109} INFO - [2021-10-16 23:51:58,334] {dagbag.py:500} INFO - Filling up the DagBag from /home/airflow/.local/lib/python3.6/site-packages/airflow/example_dags/example_python_operator.py
[2021-10-16 23:51:58,360] {processor.py:632} INFO - DAG(s) dict_keys(['example_python_operator']) retrieved from /home/airflow/.local/lib/python3.6/site-packages/airflow/example_dags/example_python_operator.py
[2021-10-16 23:51:58,371] {logging_mixin.py:109} INFO - [2021-10-16 23:51:58,371] {dag.py:2389} INFO - Sync 1 DAGs
[2021-10-16 23:51:58,387] {logging_mixin.py:109} INFO - [2021-10-16 23:51:58,387] {dag.py:2914} INFO - Setting next_dagrun for example_python_operator to None
[2021-10-16 23:51:58,394] {processor.py:171} INFO - Processing /home/airflow/.local/lib/python3.6/site-packages/airflow/example_dags/example_python_operator.py took 0.065 seconds
[2021-10-16 23:52:28,695] {processor.py:163} INFO - Started process (PID=2434) to work on /home/airflow/.local/lib/python3.6/site-packages/airflow/example_dags/example_python_operator.py
[2021-10-16 23:52:28,697] {processor.py:620} INFO - Processing file /home/airflow/.local/lib/python3.6/site-packages/airflow/example_dags/example_python_operator.py for tasks to queue
[2021-10-16 23:52:28,697] {logging_mixin.py:109} INFO - [2021-10-16 23:52:28,697] {dagbag.py:500} INFO - Filling up the DagBag from /home/airflow/.local/lib/python3.6/site-packages/airflow/example_dags/example_python_operator.py
[2021-10-16 23:52:28,726] {processor.py:632} INFO - DAG(s) dict_keys(['example_python_operator']) retrieved from /home/airflow/.local/lib/python3.6/site-packages/airflow/example_dags/example_python_operator.py
[2021-10-16 23:52:28,742] {logging_mixin.py:109} INFO - [2021-10-16 23:52:28,742] {dag.py:2389} INFO - Sync 1 DAGs
[2021-10-16 23:52:28,767] {logging_mixin.py:109} INFO - [2021-10-16 23:52:28,766] {dag.py:2914} INFO - Setting next_dagrun for example_python_operator to None
[2021-10-16 23:52:28,780] {processor.py:171} INFO - Processing /home/airflow/.local/lib/python3.6/site-packages/airflow/example_dags/example_python_operator.py took 0.088 seconds
[2021-10-16 23:52:59,139] {processor.py:163} INFO - Started process (PID=2490) to work on /home/airflow/.local/lib/python3.6/site-packages/airflow/example_dags/example_python_operator.py
[2021-10-16 23:52:59,141] {processor.py:620} INFO - Processing file /home/airflow/.local/lib/python3.6/site-packages/airflow/example_dags/example_python_operator.py for tasks to queue
[2021-10-16 23:52:59,141] {logging_mixin.py:109} INFO - [2021-10-16 23:52:59,141] {dagbag.py:500} INFO - Filling up the DagBag from /home/airflow/.local/lib/python3.6/site-packages/airflow/example_dags/example_python_operator.py
[2021-10-16 23:52:59,173] {processor.py:632} INFO - DAG(s) dict_keys(['example_python_operator']) retrieved from /home/airflow/.local/lib/python3.6/site-packages/airflow/example_dags/example_python_operator.py
[2021-10-16 23:52:59,187] {logging_mixin.py:109} INFO - [2021-10-16 23:52:59,187] {dag.py:2389} INFO - Sync 1 DAGs
[2021-10-16 23:52:59,206] {logging_mixin.py:109} INFO - [2021-10-16 23:52:59,206] {dag.py:2914} INFO - Setting next_dagrun for example_python_operator to None
[2021-10-16 23:52:59,217] {processor.py:171} INFO - Processing /home/airflow/.local/lib/python3.6/site-packages/airflow/example_dags/example_python_operator.py took 0.081 seconds
[2021-10-16 23:53:29,577] {processor.py:163} INFO - Started process (PID=2558) to work on /home/airflow/.local/lib/python3.6/site-packages/airflow/example_dags/example_python_operator.py
[2021-10-16 23:53:29,578] {processor.py:620} INFO - Processing file /home/airflow/.local/lib/python3.6/site-packages/airflow/example_dags/example_python_operator.py for tasks to queue
[2021-10-16 23:53:29,579] {logging_mixin.py:109} INFO - [2021-10-16 23:53:29,579] {dagbag.py:500} INFO - Filling up the DagBag from /home/airflow/.local/lib/python3.6/site-packages/airflow/example_dags/example_python_operator.py
[2021-10-16 23:53:29,609] {processor.py:632} INFO - DAG(s) dict_keys(['example_python_operator']) retrieved from /home/airflow/.local/lib/python3.6/site-packages/airflow/example_dags/example_python_operator.py
[2021-10-16 23:53:29,623] {logging_mixin.py:109} INFO - [2021-10-16 23:53:29,623] {dag.py:2389} INFO - Sync 1 DAGs
[2021-10-16 23:53:29,641] {logging_mixin.py:109} INFO - [2021-10-16 23:53:29,640] {dag.py:2914} INFO - Setting next_dagrun for example_python_operator to None
[2021-10-16 23:53:29,649] {processor.py:171} INFO - Processing /home/airflow/.local/lib/python3.6/site-packages/airflow/example_dags/example_python_operator.py took 0.076 seconds
[2021-10-16 23:53:59,752] {processor.py:163} INFO - Started process (PID=2613) to work on /home/airflow/.local/lib/python3.6/site-packages/airflow/example_dags/example_python_operator.py
[2021-10-16 23:53:59,754] {processor.py:620} INFO - Processing file /home/airflow/.local/lib/python3.6/site-packages/airflow/example_dags/example_python_operator.py for tasks to queue
[2021-10-16 23:53:59,754] {logging_mixin.py:109} INFO - [2021-10-16 23:53:59,754] {dagbag.py:500} INFO - Filling up the DagBag from /home/airflow/.local/lib/python3.6/site-packages/airflow/example_dags/example_python_operator.py
[2021-10-16 23:53:59,795] {processor.py:632} INFO - DAG(s) dict_keys(['example_python_operator']) retrieved from /home/airflow/.local/lib/python3.6/site-packages/airflow/example_dags/example_python_operator.py
[2021-10-16 23:53:59,814] {logging_mixin.py:109} INFO - [2021-10-16 23:53:59,814] {dag.py:2389} INFO - Sync 1 DAGs
[2021-10-16 23:53:59,840] {logging_mixin.py:109} INFO - [2021-10-16 23:53:59,840] {dag.py:2914} INFO - Setting next_dagrun for example_python_operator to None
[2021-10-16 23:53:59,854] {processor.py:171} INFO - Processing /home/airflow/.local/lib/python3.6/site-packages/airflow/example_dags/example_python_operator.py took 0.108 seconds
[2021-10-16 23:54:30,129] {processor.py:163} INFO - Started process (PID=2668) to work on /home/airflow/.local/lib/python3.6/site-packages/airflow/example_dags/example_python_operator.py
[2021-10-16 23:54:30,130] {processor.py:620} INFO - Processing file /home/airflow/.local/lib/python3.6/site-packages/airflow/example_dags/example_python_operator.py for tasks to queue
[2021-10-16 23:54:30,131] {logging_mixin.py:109} INFO - [2021-10-16 23:54:30,131] {dagbag.py:500} INFO - Filling up the DagBag from /home/airflow/.local/lib/python3.6/site-packages/airflow/example_dags/example_python_operator.py
[2021-10-16 23:54:30,156] {processor.py:632} INFO - DAG(s) dict_keys(['example_python_operator']) retrieved from /home/airflow/.local/lib/python3.6/site-packages/airflow/example_dags/example_python_operator.py
[2021-10-16 23:54:30,167] {logging_mixin.py:109} INFO - [2021-10-16 23:54:30,167] {dag.py:2389} INFO - Sync 1 DAGs
[2021-10-16 23:54:30,185] {logging_mixin.py:109} INFO - [2021-10-16 23:54:30,185] {dag.py:2914} INFO - Setting next_dagrun for example_python_operator to None
[2021-10-16 23:54:30,196] {processor.py:171} INFO - Processing /home/airflow/.local/lib/python3.6/site-packages/airflow/example_dags/example_python_operator.py took 0.069 seconds
[2021-10-16 23:55:00,572] {processor.py:163} INFO - Started process (PID=2735) to work on /home/airflow/.local/lib/python3.6/site-packages/airflow/example_dags/example_python_operator.py
[2021-10-16 23:55:00,573] {processor.py:620} INFO - Processing file /home/airflow/.local/lib/python3.6/site-packages/airflow/example_dags/example_python_operator.py for tasks to queue
[2021-10-16 23:55:00,574] {logging_mixin.py:109} INFO - [2021-10-16 23:55:00,574] {dagbag.py:500} INFO - Filling up the DagBag from /home/airflow/.local/lib/python3.6/site-packages/airflow/example_dags/example_python_operator.py
[2021-10-16 23:55:00,623] {processor.py:632} INFO - DAG(s) dict_keys(['example_python_operator']) retrieved from /home/airflow/.local/lib/python3.6/site-packages/airflow/example_dags/example_python_operator.py
[2021-10-16 23:55:00,638] {logging_mixin.py:109} INFO - [2021-10-16 23:55:00,638] {dag.py:2389} INFO - Sync 1 DAGs
[2021-10-16 23:55:00,657] {logging_mixin.py:109} INFO - [2021-10-16 23:55:00,657] {dag.py:2914} INFO - Setting next_dagrun for example_python_operator to None
[2021-10-16 23:55:00,671] {processor.py:171} INFO - Processing /home/airflow/.local/lib/python3.6/site-packages/airflow/example_dags/example_python_operator.py took 0.102 seconds
[2021-10-16 23:55:30,808] {processor.py:163} INFO - Started process (PID=2792) to work on /home/airflow/.local/lib/python3.6/site-packages/airflow/example_dags/example_python_operator.py
[2021-10-16 23:55:30,809] {processor.py:620} INFO - Processing file /home/airflow/.local/lib/python3.6/site-packages/airflow/example_dags/example_python_operator.py for tasks to queue
[2021-10-16 23:55:30,810] {logging_mixin.py:109} INFO - [2021-10-16 23:55:30,809] {dagbag.py:500} INFO - Filling up the DagBag from /home/airflow/.local/lib/python3.6/site-packages/airflow/example_dags/example_python_operator.py
[2021-10-16 23:55:30,835] {processor.py:632} INFO - DAG(s) dict_keys(['example_python_operator']) retrieved from /home/airflow/.local/lib/python3.6/site-packages/airflow/example_dags/example_python_operator.py
[2021-10-16 23:55:30,847] {logging_mixin.py:109} INFO - [2021-10-16 23:55:30,846] {dag.py:2389} INFO - Sync 1 DAGs
[2021-10-16 23:55:30,866] {logging_mixin.py:109} INFO - [2021-10-16 23:55:30,866] {dag.py:2914} INFO - Setting next_dagrun for example_python_operator to None
[2021-10-16 23:55:30,874] {processor.py:171} INFO - Processing /home/airflow/.local/lib/python3.6/site-packages/airflow/example_dags/example_python_operator.py took 0.068 seconds
[2021-10-16 23:56:01,007] {processor.py:163} INFO - Started process (PID=2848) to work on /home/airflow/.local/lib/python3.6/site-packages/airflow/example_dags/example_python_operator.py
[2021-10-16 23:56:01,008] {processor.py:620} INFO - Processing file /home/airflow/.local/lib/python3.6/site-packages/airflow/example_dags/example_python_operator.py for tasks to queue
[2021-10-16 23:56:01,009] {logging_mixin.py:109} INFO - [2021-10-16 23:56:01,008] {dagbag.py:500} INFO - Filling up the DagBag from /home/airflow/.local/lib/python3.6/site-packages/airflow/example_dags/example_python_operator.py
[2021-10-16 23:56:01,049] {processor.py:632} INFO - DAG(s) dict_keys(['example_python_operator']) retrieved from /home/airflow/.local/lib/python3.6/site-packages/airflow/example_dags/example_python_operator.py
[2021-10-16 23:56:01,069] {logging_mixin.py:109} INFO - [2021-10-16 23:56:01,069] {dag.py:2389} INFO - Sync 1 DAGs
[2021-10-16 23:56:01,093] {logging_mixin.py:109} INFO - [2021-10-16 23:56:01,093] {dag.py:2914} INFO - Setting next_dagrun for example_python_operator to None
[2021-10-16 23:56:01,108] {processor.py:171} INFO - Processing /home/airflow/.local/lib/python3.6/site-packages/airflow/example_dags/example_python_operator.py took 0.106 seconds
[2021-10-16 23:56:32,094] {processor.py:163} INFO - Started process (PID=2915) to work on /home/airflow/.local/lib/python3.6/site-packages/airflow/example_dags/example_python_operator.py
[2021-10-16 23:56:32,095] {processor.py:620} INFO - Processing file /home/airflow/.local/lib/python3.6/site-packages/airflow/example_dags/example_python_operator.py for tasks to queue
[2021-10-16 23:56:32,096] {logging_mixin.py:109} INFO - [2021-10-16 23:56:32,096] {dagbag.py:500} INFO - Filling up the DagBag from /home/airflow/.local/lib/python3.6/site-packages/airflow/example_dags/example_python_operator.py
[2021-10-16 23:56:32,127] {processor.py:632} INFO - DAG(s) dict_keys(['example_python_operator']) retrieved from /home/airflow/.local/lib/python3.6/site-packages/airflow/example_dags/example_python_operator.py
[2021-10-16 23:56:32,141] {logging_mixin.py:109} INFO - [2021-10-16 23:56:32,141] {dag.py:2389} INFO - Sync 1 DAGs
[2021-10-16 23:56:32,159] {logging_mixin.py:109} INFO - [2021-10-16 23:56:32,159] {dag.py:2914} INFO - Setting next_dagrun for example_python_operator to None
[2021-10-16 23:56:32,168] {processor.py:171} INFO - Processing /home/airflow/.local/lib/python3.6/site-packages/airflow/example_dags/example_python_operator.py took 0.077 seconds
[2021-10-16 23:57:02,311] {processor.py:163} INFO - Started process (PID=2970) to work on /home/airflow/.local/lib/python3.6/site-packages/airflow/example_dags/example_python_operator.py
[2021-10-16 23:57:02,312] {processor.py:620} INFO - Processing file /home/airflow/.local/lib/python3.6/site-packages/airflow/example_dags/example_python_operator.py for tasks to queue
[2021-10-16 23:57:02,313] {logging_mixin.py:109} INFO - [2021-10-16 23:57:02,313] {dagbag.py:500} INFO - Filling up the DagBag from /home/airflow/.local/lib/python3.6/site-packages/airflow/example_dags/example_python_operator.py
[2021-10-16 23:57:02,344] {processor.py:632} INFO - DAG(s) dict_keys(['example_python_operator']) retrieved from /home/airflow/.local/lib/python3.6/site-packages/airflow/example_dags/example_python_operator.py
[2021-10-16 23:57:02,356] {logging_mixin.py:109} INFO - [2021-10-16 23:57:02,356] {dag.py:2389} INFO - Sync 1 DAGs
[2021-10-16 23:57:02,372] {logging_mixin.py:109} INFO - [2021-10-16 23:57:02,372] {dag.py:2914} INFO - Setting next_dagrun for example_python_operator to None
[2021-10-16 23:57:02,381] {processor.py:171} INFO - Processing /home/airflow/.local/lib/python3.6/site-packages/airflow/example_dags/example_python_operator.py took 0.073 seconds
[2021-10-16 23:57:32,765] {processor.py:163} INFO - Started process (PID=3026) to work on /home/airflow/.local/lib/python3.6/site-packages/airflow/example_dags/example_python_operator.py
[2021-10-16 23:57:32,767] {processor.py:620} INFO - Processing file /home/airflow/.local/lib/python3.6/site-packages/airflow/example_dags/example_python_operator.py for tasks to queue
[2021-10-16 23:57:32,767] {logging_mixin.py:109} INFO - [2021-10-16 23:57:32,767] {dagbag.py:500} INFO - Filling up the DagBag from /home/airflow/.local/lib/python3.6/site-packages/airflow/example_dags/example_python_operator.py
[2021-10-16 23:57:32,802] {processor.py:632} INFO - DAG(s) dict_keys(['example_python_operator']) retrieved from /home/airflow/.local/lib/python3.6/site-packages/airflow/example_dags/example_python_operator.py
[2021-10-16 23:57:32,814] {logging_mixin.py:109} INFO - [2021-10-16 23:57:32,814] {dag.py:2389} INFO - Sync 1 DAGs
[2021-10-16 23:57:32,831] {logging_mixin.py:109} INFO - [2021-10-16 23:57:32,831] {dag.py:2914} INFO - Setting next_dagrun for example_python_operator to None
[2021-10-16 23:57:32,840] {processor.py:171} INFO - Processing /home/airflow/.local/lib/python3.6/site-packages/airflow/example_dags/example_python_operator.py took 0.078 seconds
[2021-10-16 23:58:03,291] {processor.py:163} INFO - Started process (PID=3092) to work on /home/airflow/.local/lib/python3.6/site-packages/airflow/example_dags/example_python_operator.py
[2021-10-16 23:58:03,293] {processor.py:620} INFO - Processing file /home/airflow/.local/lib/python3.6/site-packages/airflow/example_dags/example_python_operator.py for tasks to queue
[2021-10-16 23:58:03,294] {logging_mixin.py:109} INFO - [2021-10-16 23:58:03,294] {dagbag.py:500} INFO - Filling up the DagBag from /home/airflow/.local/lib/python3.6/site-packages/airflow/example_dags/example_python_operator.py
[2021-10-16 23:58:03,334] {processor.py:632} INFO - DAG(s) dict_keys(['example_python_operator']) retrieved from /home/airflow/.local/lib/python3.6/site-packages/airflow/example_dags/example_python_operator.py
[2021-10-16 23:58:03,353] {logging_mixin.py:109} INFO - [2021-10-16 23:58:03,353] {dag.py:2389} INFO - Sync 1 DAGs
[2021-10-16 23:58:03,377] {logging_mixin.py:109} INFO - [2021-10-16 23:58:03,377] {dag.py:2914} INFO - Setting next_dagrun for example_python_operator to None
[2021-10-16 23:58:03,393] {processor.py:171} INFO - Processing /home/airflow/.local/lib/python3.6/site-packages/airflow/example_dags/example_python_operator.py took 0.106 seconds
[2021-10-16 23:58:33,421] {processor.py:163} INFO - Started process (PID=3149) to work on /home/airflow/.local/lib/python3.6/site-packages/airflow/example_dags/example_python_operator.py
[2021-10-16 23:58:33,422] {processor.py:620} INFO - Processing file /home/airflow/.local/lib/python3.6/site-packages/airflow/example_dags/example_python_operator.py for tasks to queue
[2021-10-16 23:58:33,423] {logging_mixin.py:109} INFO - [2021-10-16 23:58:33,422] {dagbag.py:500} INFO - Filling up the DagBag from /home/airflow/.local/lib/python3.6/site-packages/airflow/example_dags/example_python_operator.py
[2021-10-16 23:58:33,453] {processor.py:632} INFO - DAG(s) dict_keys(['example_python_operator']) retrieved from /home/airflow/.local/lib/python3.6/site-packages/airflow/example_dags/example_python_operator.py
[2021-10-16 23:58:33,468] {logging_mixin.py:109} INFO - [2021-10-16 23:58:33,468] {dag.py:2389} INFO - Sync 1 DAGs
[2021-10-16 23:58:33,487] {logging_mixin.py:109} INFO - [2021-10-16 23:58:33,487] {dag.py:2914} INFO - Setting next_dagrun for example_python_operator to None
[2021-10-16 23:58:33,495] {processor.py:171} INFO - Processing /home/airflow/.local/lib/python3.6/site-packages/airflow/example_dags/example_python_operator.py took 0.076 seconds
[2021-10-16 23:59:03,637] {processor.py:163} INFO - Started process (PID=3205) to work on /home/airflow/.local/lib/python3.6/site-packages/airflow/example_dags/example_python_operator.py
[2021-10-16 23:59:03,639] {processor.py:620} INFO - Processing file /home/airflow/.local/lib/python3.6/site-packages/airflow/example_dags/example_python_operator.py for tasks to queue
[2021-10-16 23:59:03,640] {logging_mixin.py:109} INFO - [2021-10-16 23:59:03,640] {dagbag.py:500} INFO - Filling up the DagBag from /home/airflow/.local/lib/python3.6/site-packages/airflow/example_dags/example_python_operator.py
[2021-10-16 23:59:03,677] {processor.py:632} INFO - DAG(s) dict_keys(['example_python_operator']) retrieved from /home/airflow/.local/lib/python3.6/site-packages/airflow/example_dags/example_python_operator.py
[2021-10-16 23:59:03,694] {logging_mixin.py:109} INFO - [2021-10-16 23:59:03,693] {dag.py:2389} INFO - Sync 1 DAGs
[2021-10-16 23:59:03,717] {logging_mixin.py:109} INFO - [2021-10-16 23:59:03,717] {dag.py:2914} INFO - Setting next_dagrun for example_python_operator to None
[2021-10-16 23:59:03,728] {processor.py:171} INFO - Processing /home/airflow/.local/lib/python3.6/site-packages/airflow/example_dags/example_python_operator.py took 0.095 seconds
[2021-10-16 23:59:34,358] {processor.py:163} INFO - Started process (PID=3271) to work on /home/airflow/.local/lib/python3.6/site-packages/airflow/example_dags/example_python_operator.py
[2021-10-16 23:59:34,373] {processor.py:620} INFO - Processing file /home/airflow/.local/lib/python3.6/site-packages/airflow/example_dags/example_python_operator.py for tasks to queue
[2021-10-16 23:59:34,374] {logging_mixin.py:109} INFO - [2021-10-16 23:59:34,373] {dagbag.py:500} INFO - Filling up the DagBag from /home/airflow/.local/lib/python3.6/site-packages/airflow/example_dags/example_python_operator.py
[2021-10-16 23:59:34,411] {processor.py:632} INFO - DAG(s) dict_keys(['example_python_operator']) retrieved from /home/airflow/.local/lib/python3.6/site-packages/airflow/example_dags/example_python_operator.py
[2021-10-16 23:59:34,421] {logging_mixin.py:109} INFO - [2021-10-16 23:59:34,421] {dag.py:2389} INFO - Sync 1 DAGs
[2021-10-16 23:59:34,438] {logging_mixin.py:109} INFO - [2021-10-16 23:59:34,438] {dag.py:2914} INFO - Setting next_dagrun for example_python_operator to None
[2021-10-16 23:59:34,446] {processor.py:171} INFO - Processing /home/airflow/.local/lib/python3.6/site-packages/airflow/example_dags/example_python_operator.py took 0.092 seconds
