[2021-10-16 23:32:10,993] {processor.py:163} INFO - Started process (PID=50) to work on /home/airflow/.local/lib/python3.6/site-packages/airflow/example_dags/example_nested_branch_dag.py
[2021-10-16 23:32:10,994] {processor.py:620} INFO - Processing file /home/airflow/.local/lib/python3.6/site-packages/airflow/example_dags/example_nested_branch_dag.py for tasks to queue
[2021-10-16 23:32:10,995] {logging_mixin.py:109} INFO - [2021-10-16 23:32:10,995] {dagbag.py:500} INFO - Filling up the DagBag from /home/airflow/.local/lib/python3.6/site-packages/airflow/example_dags/example_nested_branch_dag.py
[2021-10-16 23:32:11,034] {processor.py:632} INFO - DAG(s) dict_keys(['example_nested_branch_dag']) retrieved from /home/airflow/.local/lib/python3.6/site-packages/airflow/example_dags/example_nested_branch_dag.py
[2021-10-16 23:32:11,052] {logging_mixin.py:109} INFO - [2021-10-16 23:32:11,052] {dag.py:2389} INFO - Sync 1 DAGs
[2021-10-16 23:32:11,083] {logging_mixin.py:109} INFO - [2021-10-16 23:32:11,083] {dag.py:2914} INFO - Setting next_dagrun for example_nested_branch_dag to 2021-10-15 00:00:00+00:00
[2021-10-16 23:32:11,113] {processor.py:171} INFO - Processing /home/airflow/.local/lib/python3.6/site-packages/airflow/example_dags/example_nested_branch_dag.py took 0.124 seconds
[2021-10-16 23:32:42,112] {processor.py:163} INFO - Started process (PID=106) to work on /home/airflow/.local/lib/python3.6/site-packages/airflow/example_dags/example_nested_branch_dag.py
[2021-10-16 23:32:42,114] {processor.py:620} INFO - Processing file /home/airflow/.local/lib/python3.6/site-packages/airflow/example_dags/example_nested_branch_dag.py for tasks to queue
[2021-10-16 23:32:42,115] {logging_mixin.py:109} INFO - [2021-10-16 23:32:42,115] {dagbag.py:500} INFO - Filling up the DagBag from /home/airflow/.local/lib/python3.6/site-packages/airflow/example_dags/example_nested_branch_dag.py
[2021-10-16 23:32:42,155] {processor.py:632} INFO - DAG(s) dict_keys(['example_nested_branch_dag']) retrieved from /home/airflow/.local/lib/python3.6/site-packages/airflow/example_dags/example_nested_branch_dag.py
[2021-10-16 23:32:42,166] {logging_mixin.py:109} INFO - [2021-10-16 23:32:42,166] {dag.py:2389} INFO - Sync 1 DAGs
[2021-10-16 23:32:42,186] {logging_mixin.py:109} INFO - [2021-10-16 23:32:42,186] {dag.py:2914} INFO - Setting next_dagrun for example_nested_branch_dag to 2021-10-15 00:00:00+00:00
[2021-10-16 23:32:42,198] {processor.py:171} INFO - Processing /home/airflow/.local/lib/python3.6/site-packages/airflow/example_dags/example_nested_branch_dag.py took 0.090 seconds
[2021-10-16 23:33:12,670] {processor.py:163} INFO - Started process (PID=171) to work on /home/airflow/.local/lib/python3.6/site-packages/airflow/example_dags/example_nested_branch_dag.py
[2021-10-16 23:33:12,673] {processor.py:620} INFO - Processing file /home/airflow/.local/lib/python3.6/site-packages/airflow/example_dags/example_nested_branch_dag.py for tasks to queue
[2021-10-16 23:33:12,674] {logging_mixin.py:109} INFO - [2021-10-16 23:33:12,674] {dagbag.py:500} INFO - Filling up the DagBag from /home/airflow/.local/lib/python3.6/site-packages/airflow/example_dags/example_nested_branch_dag.py
[2021-10-16 23:33:12,709] {processor.py:632} INFO - DAG(s) dict_keys(['example_nested_branch_dag']) retrieved from /home/airflow/.local/lib/python3.6/site-packages/airflow/example_dags/example_nested_branch_dag.py
[2021-10-16 23:33:12,721] {logging_mixin.py:109} INFO - [2021-10-16 23:33:12,721] {dag.py:2389} INFO - Sync 1 DAGs
[2021-10-16 23:33:12,738] {logging_mixin.py:109} INFO - [2021-10-16 23:33:12,738] {dag.py:2914} INFO - Setting next_dagrun for example_nested_branch_dag to 2021-10-15 00:00:00+00:00
[2021-10-16 23:33:12,747] {processor.py:171} INFO - Processing /home/airflow/.local/lib/python3.6/site-packages/airflow/example_dags/example_nested_branch_dag.py took 0.085 seconds
[2021-10-16 23:33:43,069] {processor.py:163} INFO - Started process (PID=228) to work on /home/airflow/.local/lib/python3.6/site-packages/airflow/example_dags/example_nested_branch_dag.py
[2021-10-16 23:33:43,070] {processor.py:620} INFO - Processing file /home/airflow/.local/lib/python3.6/site-packages/airflow/example_dags/example_nested_branch_dag.py for tasks to queue
[2021-10-16 23:33:43,071] {logging_mixin.py:109} INFO - [2021-10-16 23:33:43,071] {dagbag.py:500} INFO - Filling up the DagBag from /home/airflow/.local/lib/python3.6/site-packages/airflow/example_dags/example_nested_branch_dag.py
[2021-10-16 23:33:43,098] {processor.py:632} INFO - DAG(s) dict_keys(['example_nested_branch_dag']) retrieved from /home/airflow/.local/lib/python3.6/site-packages/airflow/example_dags/example_nested_branch_dag.py
[2021-10-16 23:33:43,109] {logging_mixin.py:109} INFO - [2021-10-16 23:33:43,109] {dag.py:2389} INFO - Sync 1 DAGs
[2021-10-16 23:33:43,131] {logging_mixin.py:109} INFO - [2021-10-16 23:33:43,131] {dag.py:2914} INFO - Setting next_dagrun for example_nested_branch_dag to 2021-10-15 00:00:00+00:00
[2021-10-16 23:33:43,142] {processor.py:171} INFO - Processing /home/airflow/.local/lib/python3.6/site-packages/airflow/example_dags/example_nested_branch_dag.py took 0.075 seconds
[2021-10-16 23:34:13,369] {processor.py:163} INFO - Started process (PID=286) to work on /home/airflow/.local/lib/python3.6/site-packages/airflow/example_dags/example_nested_branch_dag.py
[2021-10-16 23:34:13,396] {processor.py:620} INFO - Processing file /home/airflow/.local/lib/python3.6/site-packages/airflow/example_dags/example_nested_branch_dag.py for tasks to queue
[2021-10-16 23:34:13,400] {logging_mixin.py:109} INFO - [2021-10-16 23:34:13,400] {dagbag.py:500} INFO - Filling up the DagBag from /home/airflow/.local/lib/python3.6/site-packages/airflow/example_dags/example_nested_branch_dag.py
[2021-10-16 23:34:13,445] {processor.py:632} INFO - DAG(s) dict_keys(['example_nested_branch_dag']) retrieved from /home/airflow/.local/lib/python3.6/site-packages/airflow/example_dags/example_nested_branch_dag.py
[2021-10-16 23:34:13,464] {logging_mixin.py:109} INFO - [2021-10-16 23:34:13,463] {dag.py:2389} INFO - Sync 1 DAGs
[2021-10-16 23:34:13,492] {logging_mixin.py:109} INFO - [2021-10-16 23:34:13,491] {dag.py:2914} INFO - Setting next_dagrun for example_nested_branch_dag to 2021-10-15 00:00:00+00:00
[2021-10-16 23:34:13,505] {processor.py:171} INFO - Processing /home/airflow/.local/lib/python3.6/site-packages/airflow/example_dags/example_nested_branch_dag.py took 0.141 seconds
[2021-10-16 23:34:44,226] {processor.py:163} INFO - Started process (PID=357) to work on /home/airflow/.local/lib/python3.6/site-packages/airflow/example_dags/example_nested_branch_dag.py
[2021-10-16 23:34:44,227] {processor.py:620} INFO - Processing file /home/airflow/.local/lib/python3.6/site-packages/airflow/example_dags/example_nested_branch_dag.py for tasks to queue
[2021-10-16 23:34:44,228] {logging_mixin.py:109} INFO - [2021-10-16 23:34:44,228] {dagbag.py:500} INFO - Filling up the DagBag from /home/airflow/.local/lib/python3.6/site-packages/airflow/example_dags/example_nested_branch_dag.py
[2021-10-16 23:34:44,280] {processor.py:632} INFO - DAG(s) dict_keys(['example_nested_branch_dag']) retrieved from /home/airflow/.local/lib/python3.6/site-packages/airflow/example_dags/example_nested_branch_dag.py
[2021-10-16 23:34:44,300] {logging_mixin.py:109} INFO - [2021-10-16 23:34:44,300] {dag.py:2389} INFO - Sync 1 DAGs
[2021-10-16 23:34:44,328] {logging_mixin.py:109} INFO - [2021-10-16 23:34:44,328] {dag.py:2914} INFO - Setting next_dagrun for example_nested_branch_dag to 2021-10-15 00:00:00+00:00
[2021-10-16 23:34:44,345] {processor.py:171} INFO - Processing /home/airflow/.local/lib/python3.6/site-packages/airflow/example_dags/example_nested_branch_dag.py took 0.123 seconds
[2021-10-16 23:35:14,616] {processor.py:163} INFO - Started process (PID=416) to work on /home/airflow/.local/lib/python3.6/site-packages/airflow/example_dags/example_nested_branch_dag.py
[2021-10-16 23:35:14,617] {processor.py:620} INFO - Processing file /home/airflow/.local/lib/python3.6/site-packages/airflow/example_dags/example_nested_branch_dag.py for tasks to queue
[2021-10-16 23:35:14,618] {logging_mixin.py:109} INFO - [2021-10-16 23:35:14,618] {dagbag.py:500} INFO - Filling up the DagBag from /home/airflow/.local/lib/python3.6/site-packages/airflow/example_dags/example_nested_branch_dag.py
[2021-10-16 23:35:14,658] {processor.py:632} INFO - DAG(s) dict_keys(['example_nested_branch_dag']) retrieved from /home/airflow/.local/lib/python3.6/site-packages/airflow/example_dags/example_nested_branch_dag.py
[2021-10-16 23:35:14,679] {logging_mixin.py:109} INFO - [2021-10-16 23:35:14,679] {dag.py:2389} INFO - Sync 1 DAGs
[2021-10-16 23:35:14,707] {logging_mixin.py:109} INFO - [2021-10-16 23:35:14,707] {dag.py:2914} INFO - Setting next_dagrun for example_nested_branch_dag to 2021-10-15 00:00:00+00:00
[2021-10-16 23:35:14,720] {processor.py:171} INFO - Processing /home/airflow/.local/lib/python3.6/site-packages/airflow/example_dags/example_nested_branch_dag.py took 0.108 seconds
[2021-10-16 23:35:45,506] {processor.py:163} INFO - Started process (PID=472) to work on /home/airflow/.local/lib/python3.6/site-packages/airflow/example_dags/example_nested_branch_dag.py
[2021-10-16 23:35:45,509] {processor.py:620} INFO - Processing file /home/airflow/.local/lib/python3.6/site-packages/airflow/example_dags/example_nested_branch_dag.py for tasks to queue
[2021-10-16 23:35:45,510] {logging_mixin.py:109} INFO - [2021-10-16 23:35:45,510] {dagbag.py:500} INFO - Filling up the DagBag from /home/airflow/.local/lib/python3.6/site-packages/airflow/example_dags/example_nested_branch_dag.py
[2021-10-16 23:35:45,562] {processor.py:632} INFO - DAG(s) dict_keys(['example_nested_branch_dag']) retrieved from /home/airflow/.local/lib/python3.6/site-packages/airflow/example_dags/example_nested_branch_dag.py
[2021-10-16 23:35:45,580] {logging_mixin.py:109} INFO - [2021-10-16 23:35:45,580] {dag.py:2389} INFO - Sync 1 DAGs
[2021-10-16 23:35:45,610] {logging_mixin.py:109} INFO - [2021-10-16 23:35:45,610] {dag.py:2914} INFO - Setting next_dagrun for example_nested_branch_dag to 2021-10-15 00:00:00+00:00
[2021-10-16 23:35:45,626] {processor.py:171} INFO - Processing /home/airflow/.local/lib/python3.6/site-packages/airflow/example_dags/example_nested_branch_dag.py took 0.126 seconds
[2021-10-16 23:36:16,051] {processor.py:163} INFO - Started process (PID=527) to work on /home/airflow/.local/lib/python3.6/site-packages/airflow/example_dags/example_nested_branch_dag.py
[2021-10-16 23:36:16,053] {processor.py:620} INFO - Processing file /home/airflow/.local/lib/python3.6/site-packages/airflow/example_dags/example_nested_branch_dag.py for tasks to queue
[2021-10-16 23:36:16,053] {logging_mixin.py:109} INFO - [2021-10-16 23:36:16,053] {dagbag.py:500} INFO - Filling up the DagBag from /home/airflow/.local/lib/python3.6/site-packages/airflow/example_dags/example_nested_branch_dag.py
[2021-10-16 23:36:16,083] {processor.py:632} INFO - DAG(s) dict_keys(['example_nested_branch_dag']) retrieved from /home/airflow/.local/lib/python3.6/site-packages/airflow/example_dags/example_nested_branch_dag.py
[2021-10-16 23:36:16,095] {logging_mixin.py:109} INFO - [2021-10-16 23:36:16,095] {dag.py:2389} INFO - Sync 1 DAGs
[2021-10-16 23:36:16,112] {logging_mixin.py:109} INFO - [2021-10-16 23:36:16,112] {dag.py:2914} INFO - Setting next_dagrun for example_nested_branch_dag to 2021-10-15 00:00:00+00:00
[2021-10-16 23:36:16,120] {processor.py:171} INFO - Processing /home/airflow/.local/lib/python3.6/site-packages/airflow/example_dags/example_nested_branch_dag.py took 0.074 seconds
[2021-10-16 23:36:46,468] {processor.py:163} INFO - Started process (PID=593) to work on /home/airflow/.local/lib/python3.6/site-packages/airflow/example_dags/example_nested_branch_dag.py
[2021-10-16 23:36:46,469] {processor.py:620} INFO - Processing file /home/airflow/.local/lib/python3.6/site-packages/airflow/example_dags/example_nested_branch_dag.py for tasks to queue
[2021-10-16 23:36:46,469] {logging_mixin.py:109} INFO - [2021-10-16 23:36:46,469] {dagbag.py:500} INFO - Filling up the DagBag from /home/airflow/.local/lib/python3.6/site-packages/airflow/example_dags/example_nested_branch_dag.py
[2021-10-16 23:36:46,495] {processor.py:632} INFO - DAG(s) dict_keys(['example_nested_branch_dag']) retrieved from /home/airflow/.local/lib/python3.6/site-packages/airflow/example_dags/example_nested_branch_dag.py
[2021-10-16 23:36:46,509] {logging_mixin.py:109} INFO - [2021-10-16 23:36:46,508] {dag.py:2389} INFO - Sync 1 DAGs
[2021-10-16 23:36:46,531] {logging_mixin.py:109} INFO - [2021-10-16 23:36:46,531] {dag.py:2914} INFO - Setting next_dagrun for example_nested_branch_dag to 2021-10-15 00:00:00+00:00
[2021-10-16 23:36:46,541] {processor.py:171} INFO - Processing /home/airflow/.local/lib/python3.6/site-packages/airflow/example_dags/example_nested_branch_dag.py took 0.075 seconds
[2021-10-16 23:37:16,913] {processor.py:163} INFO - Started process (PID=648) to work on /home/airflow/.local/lib/python3.6/site-packages/airflow/example_dags/example_nested_branch_dag.py
[2021-10-16 23:37:16,920] {processor.py:620} INFO - Processing file /home/airflow/.local/lib/python3.6/site-packages/airflow/example_dags/example_nested_branch_dag.py for tasks to queue
[2021-10-16 23:37:16,921] {logging_mixin.py:109} INFO - [2021-10-16 23:37:16,921] {dagbag.py:500} INFO - Filling up the DagBag from /home/airflow/.local/lib/python3.6/site-packages/airflow/example_dags/example_nested_branch_dag.py
[2021-10-16 23:37:16,954] {processor.py:632} INFO - DAG(s) dict_keys(['example_nested_branch_dag']) retrieved from /home/airflow/.local/lib/python3.6/site-packages/airflow/example_dags/example_nested_branch_dag.py
[2021-10-16 23:37:16,968] {logging_mixin.py:109} INFO - [2021-10-16 23:37:16,968] {dag.py:2389} INFO - Sync 1 DAGs
[2021-10-16 23:37:16,993] {logging_mixin.py:109} INFO - [2021-10-16 23:37:16,993] {dag.py:2914} INFO - Setting next_dagrun for example_nested_branch_dag to 2021-10-15 00:00:00+00:00
[2021-10-16 23:37:17,025] {processor.py:171} INFO - Processing /home/airflow/.local/lib/python3.6/site-packages/airflow/example_dags/example_nested_branch_dag.py took 0.115 seconds
[2021-10-16 23:37:47,321] {processor.py:163} INFO - Started process (PID=703) to work on /home/airflow/.local/lib/python3.6/site-packages/airflow/example_dags/example_nested_branch_dag.py
[2021-10-16 23:37:47,324] {processor.py:620} INFO - Processing file /home/airflow/.local/lib/python3.6/site-packages/airflow/example_dags/example_nested_branch_dag.py for tasks to queue
[2021-10-16 23:37:47,325] {logging_mixin.py:109} INFO - [2021-10-16 23:37:47,325] {dagbag.py:500} INFO - Filling up the DagBag from /home/airflow/.local/lib/python3.6/site-packages/airflow/example_dags/example_nested_branch_dag.py
[2021-10-16 23:37:47,354] {processor.py:632} INFO - DAG(s) dict_keys(['example_nested_branch_dag']) retrieved from /home/airflow/.local/lib/python3.6/site-packages/airflow/example_dags/example_nested_branch_dag.py
[2021-10-16 23:37:47,367] {logging_mixin.py:109} INFO - [2021-10-16 23:37:47,367] {dag.py:2389} INFO - Sync 1 DAGs
[2021-10-16 23:37:47,384] {logging_mixin.py:109} INFO - [2021-10-16 23:37:47,384] {dag.py:2914} INFO - Setting next_dagrun for example_nested_branch_dag to 2021-10-15 00:00:00+00:00
[2021-10-16 23:37:47,392] {processor.py:171} INFO - Processing /home/airflow/.local/lib/python3.6/site-packages/airflow/example_dags/example_nested_branch_dag.py took 0.073 seconds
[2021-10-16 23:38:18,336] {processor.py:163} INFO - Started process (PID=770) to work on /home/airflow/.local/lib/python3.6/site-packages/airflow/example_dags/example_nested_branch_dag.py
[2021-10-16 23:38:18,339] {processor.py:620} INFO - Processing file /home/airflow/.local/lib/python3.6/site-packages/airflow/example_dags/example_nested_branch_dag.py for tasks to queue
[2021-10-16 23:38:18,341] {logging_mixin.py:109} INFO - [2021-10-16 23:38:18,341] {dagbag.py:500} INFO - Filling up the DagBag from /home/airflow/.local/lib/python3.6/site-packages/airflow/example_dags/example_nested_branch_dag.py
[2021-10-16 23:38:18,380] {processor.py:632} INFO - DAG(s) dict_keys(['example_nested_branch_dag']) retrieved from /home/airflow/.local/lib/python3.6/site-packages/airflow/example_dags/example_nested_branch_dag.py
[2021-10-16 23:38:18,393] {logging_mixin.py:109} INFO - [2021-10-16 23:38:18,393] {dag.py:2389} INFO - Sync 1 DAGs
[2021-10-16 23:38:18,412] {logging_mixin.py:109} INFO - [2021-10-16 23:38:18,412] {dag.py:2914} INFO - Setting next_dagrun for example_nested_branch_dag to 2021-10-15 00:00:00+00:00
[2021-10-16 23:38:18,422] {processor.py:171} INFO - Processing /home/airflow/.local/lib/python3.6/site-packages/airflow/example_dags/example_nested_branch_dag.py took 0.095 seconds
[2021-10-16 23:38:48,656] {processor.py:163} INFO - Started process (PID=825) to work on /home/airflow/.local/lib/python3.6/site-packages/airflow/example_dags/example_nested_branch_dag.py
[2021-10-16 23:38:48,657] {processor.py:620} INFO - Processing file /home/airflow/.local/lib/python3.6/site-packages/airflow/example_dags/example_nested_branch_dag.py for tasks to queue
[2021-10-16 23:38:48,657] {logging_mixin.py:109} INFO - [2021-10-16 23:38:48,657] {dagbag.py:500} INFO - Filling up the DagBag from /home/airflow/.local/lib/python3.6/site-packages/airflow/example_dags/example_nested_branch_dag.py
[2021-10-16 23:38:48,685] {processor.py:632} INFO - DAG(s) dict_keys(['example_nested_branch_dag']) retrieved from /home/airflow/.local/lib/python3.6/site-packages/airflow/example_dags/example_nested_branch_dag.py
[2021-10-16 23:38:48,698] {logging_mixin.py:109} INFO - [2021-10-16 23:38:48,698] {dag.py:2389} INFO - Sync 1 DAGs
[2021-10-16 23:38:48,717] {logging_mixin.py:109} INFO - [2021-10-16 23:38:48,717] {dag.py:2914} INFO - Setting next_dagrun for example_nested_branch_dag to 2021-10-15 00:00:00+00:00
[2021-10-16 23:38:48,726] {processor.py:171} INFO - Processing /home/airflow/.local/lib/python3.6/site-packages/airflow/example_dags/example_nested_branch_dag.py took 0.073 seconds
[2021-10-16 23:39:19,039] {processor.py:163} INFO - Started process (PID=891) to work on /home/airflow/.local/lib/python3.6/site-packages/airflow/example_dags/example_nested_branch_dag.py
[2021-10-16 23:39:19,043] {processor.py:620} INFO - Processing file /home/airflow/.local/lib/python3.6/site-packages/airflow/example_dags/example_nested_branch_dag.py for tasks to queue
[2021-10-16 23:39:19,043] {logging_mixin.py:109} INFO - [2021-10-16 23:39:19,043] {dagbag.py:500} INFO - Filling up the DagBag from /home/airflow/.local/lib/python3.6/site-packages/airflow/example_dags/example_nested_branch_dag.py
[2021-10-16 23:39:19,082] {processor.py:632} INFO - DAG(s) dict_keys(['example_nested_branch_dag']) retrieved from /home/airflow/.local/lib/python3.6/site-packages/airflow/example_dags/example_nested_branch_dag.py
[2021-10-16 23:39:19,104] {logging_mixin.py:109} INFO - [2021-10-16 23:39:19,104] {dag.py:2389} INFO - Sync 1 DAGs
[2021-10-16 23:39:19,134] {logging_mixin.py:109} INFO - [2021-10-16 23:39:19,134] {dag.py:2914} INFO - Setting next_dagrun for example_nested_branch_dag to 2021-10-15 00:00:00+00:00
[2021-10-16 23:39:19,147] {processor.py:171} INFO - Processing /home/airflow/.local/lib/python3.6/site-packages/airflow/example_dags/example_nested_branch_dag.py took 0.112 seconds
[2021-10-16 23:39:49,524] {processor.py:163} INFO - Started process (PID=946) to work on /home/airflow/.local/lib/python3.6/site-packages/airflow/example_dags/example_nested_branch_dag.py
[2021-10-16 23:39:49,528] {processor.py:620} INFO - Processing file /home/airflow/.local/lib/python3.6/site-packages/airflow/example_dags/example_nested_branch_dag.py for tasks to queue
[2021-10-16 23:39:49,530] {logging_mixin.py:109} INFO - [2021-10-16 23:39:49,529] {dagbag.py:500} INFO - Filling up the DagBag from /home/airflow/.local/lib/python3.6/site-packages/airflow/example_dags/example_nested_branch_dag.py
[2021-10-16 23:39:49,565] {processor.py:632} INFO - DAG(s) dict_keys(['example_nested_branch_dag']) retrieved from /home/airflow/.local/lib/python3.6/site-packages/airflow/example_dags/example_nested_branch_dag.py
[2021-10-16 23:39:49,577] {logging_mixin.py:109} INFO - [2021-10-16 23:39:49,577] {dag.py:2389} INFO - Sync 1 DAGs
[2021-10-16 23:39:49,595] {logging_mixin.py:109} INFO - [2021-10-16 23:39:49,595] {dag.py:2914} INFO - Setting next_dagrun for example_nested_branch_dag to 2021-10-15 00:00:00+00:00
[2021-10-16 23:39:49,605] {processor.py:171} INFO - Processing /home/airflow/.local/lib/python3.6/site-packages/airflow/example_dags/example_nested_branch_dag.py took 0.088 seconds
[2021-10-16 23:40:19,734] {processor.py:163} INFO - Started process (PID=1001) to work on /home/airflow/.local/lib/python3.6/site-packages/airflow/example_dags/example_nested_branch_dag.py
[2021-10-16 23:40:19,737] {processor.py:620} INFO - Processing file /home/airflow/.local/lib/python3.6/site-packages/airflow/example_dags/example_nested_branch_dag.py for tasks to queue
[2021-10-16 23:40:19,737] {logging_mixin.py:109} INFO - [2021-10-16 23:40:19,737] {dagbag.py:500} INFO - Filling up the DagBag from /home/airflow/.local/lib/python3.6/site-packages/airflow/example_dags/example_nested_branch_dag.py
[2021-10-16 23:40:19,774] {processor.py:632} INFO - DAG(s) dict_keys(['example_nested_branch_dag']) retrieved from /home/airflow/.local/lib/python3.6/site-packages/airflow/example_dags/example_nested_branch_dag.py
[2021-10-16 23:40:19,786] {logging_mixin.py:109} INFO - [2021-10-16 23:40:19,786] {dag.py:2389} INFO - Sync 1 DAGs
[2021-10-16 23:40:19,803] {logging_mixin.py:109} INFO - [2021-10-16 23:40:19,803] {dag.py:2914} INFO - Setting next_dagrun for example_nested_branch_dag to 2021-10-15 00:00:00+00:00
[2021-10-16 23:40:19,811] {processor.py:171} INFO - Processing /home/airflow/.local/lib/python3.6/site-packages/airflow/example_dags/example_nested_branch_dag.py took 0.082 seconds
[2021-10-16 23:40:50,049] {processor.py:163} INFO - Started process (PID=1068) to work on /home/airflow/.local/lib/python3.6/site-packages/airflow/example_dags/example_nested_branch_dag.py
[2021-10-16 23:40:50,050] {processor.py:620} INFO - Processing file /home/airflow/.local/lib/python3.6/site-packages/airflow/example_dags/example_nested_branch_dag.py for tasks to queue
[2021-10-16 23:40:50,051] {logging_mixin.py:109} INFO - [2021-10-16 23:40:50,051] {dagbag.py:500} INFO - Filling up the DagBag from /home/airflow/.local/lib/python3.6/site-packages/airflow/example_dags/example_nested_branch_dag.py
[2021-10-16 23:40:50,084] {processor.py:632} INFO - DAG(s) dict_keys(['example_nested_branch_dag']) retrieved from /home/airflow/.local/lib/python3.6/site-packages/airflow/example_dags/example_nested_branch_dag.py
[2021-10-16 23:40:50,097] {logging_mixin.py:109} INFO - [2021-10-16 23:40:50,097] {dag.py:2389} INFO - Sync 1 DAGs
[2021-10-16 23:40:50,119] {logging_mixin.py:109} INFO - [2021-10-16 23:40:50,119] {dag.py:2914} INFO - Setting next_dagrun for example_nested_branch_dag to 2021-10-15 00:00:00+00:00
[2021-10-16 23:40:50,128] {processor.py:171} INFO - Processing /home/airflow/.local/lib/python3.6/site-packages/airflow/example_dags/example_nested_branch_dag.py took 0.082 seconds
[2021-10-16 23:41:20,354] {processor.py:163} INFO - Started process (PID=1123) to work on /home/airflow/.local/lib/python3.6/site-packages/airflow/example_dags/example_nested_branch_dag.py
[2021-10-16 23:41:20,357] {processor.py:620} INFO - Processing file /home/airflow/.local/lib/python3.6/site-packages/airflow/example_dags/example_nested_branch_dag.py for tasks to queue
[2021-10-16 23:41:20,359] {logging_mixin.py:109} INFO - [2021-10-16 23:41:20,358] {dagbag.py:500} INFO - Filling up the DagBag from /home/airflow/.local/lib/python3.6/site-packages/airflow/example_dags/example_nested_branch_dag.py
[2021-10-16 23:41:20,400] {processor.py:632} INFO - DAG(s) dict_keys(['example_nested_branch_dag']) retrieved from /home/airflow/.local/lib/python3.6/site-packages/airflow/example_dags/example_nested_branch_dag.py
[2021-10-16 23:41:20,412] {logging_mixin.py:109} INFO - [2021-10-16 23:41:20,411] {dag.py:2389} INFO - Sync 1 DAGs
[2021-10-16 23:41:20,429] {logging_mixin.py:109} INFO - [2021-10-16 23:41:20,428] {dag.py:2914} INFO - Setting next_dagrun for example_nested_branch_dag to 2021-10-15 00:00:00+00:00
[2021-10-16 23:41:20,437] {processor.py:171} INFO - Processing /home/airflow/.local/lib/python3.6/site-packages/airflow/example_dags/example_nested_branch_dag.py took 0.092 seconds
[2021-10-16 23:41:51,253] {processor.py:163} INFO - Started process (PID=1188) to work on /home/airflow/.local/lib/python3.6/site-packages/airflow/example_dags/example_nested_branch_dag.py
[2021-10-16 23:41:51,254] {processor.py:620} INFO - Processing file /home/airflow/.local/lib/python3.6/site-packages/airflow/example_dags/example_nested_branch_dag.py for tasks to queue
[2021-10-16 23:41:51,254] {logging_mixin.py:109} INFO - [2021-10-16 23:41:51,254] {dagbag.py:500} INFO - Filling up the DagBag from /home/airflow/.local/lib/python3.6/site-packages/airflow/example_dags/example_nested_branch_dag.py
[2021-10-16 23:41:51,282] {processor.py:632} INFO - DAG(s) dict_keys(['example_nested_branch_dag']) retrieved from /home/airflow/.local/lib/python3.6/site-packages/airflow/example_dags/example_nested_branch_dag.py
[2021-10-16 23:41:51,293] {logging_mixin.py:109} INFO - [2021-10-16 23:41:51,293] {dag.py:2389} INFO - Sync 1 DAGs
[2021-10-16 23:41:51,311] {logging_mixin.py:109} INFO - [2021-10-16 23:41:51,311] {dag.py:2914} INFO - Setting next_dagrun for example_nested_branch_dag to 2021-10-15 00:00:00+00:00
[2021-10-16 23:41:51,319] {processor.py:171} INFO - Processing /home/airflow/.local/lib/python3.6/site-packages/airflow/example_dags/example_nested_branch_dag.py took 0.069 seconds
[2021-10-16 23:42:21,470] {processor.py:163} INFO - Started process (PID=1243) to work on /home/airflow/.local/lib/python3.6/site-packages/airflow/example_dags/example_nested_branch_dag.py
[2021-10-16 23:42:21,473] {processor.py:620} INFO - Processing file /home/airflow/.local/lib/python3.6/site-packages/airflow/example_dags/example_nested_branch_dag.py for tasks to queue
[2021-10-16 23:42:21,474] {logging_mixin.py:109} INFO - [2021-10-16 23:42:21,473] {dagbag.py:500} INFO - Filling up the DagBag from /home/airflow/.local/lib/python3.6/site-packages/airflow/example_dags/example_nested_branch_dag.py
[2021-10-16 23:42:21,508] {processor.py:632} INFO - DAG(s) dict_keys(['example_nested_branch_dag']) retrieved from /home/airflow/.local/lib/python3.6/site-packages/airflow/example_dags/example_nested_branch_dag.py
[2021-10-16 23:42:21,524] {logging_mixin.py:109} INFO - [2021-10-16 23:42:21,524] {dag.py:2389} INFO - Sync 1 DAGs
[2021-10-16 23:42:21,548] {logging_mixin.py:109} INFO - [2021-10-16 23:42:21,547] {dag.py:2914} INFO - Setting next_dagrun for example_nested_branch_dag to 2021-10-15 00:00:00+00:00
[2021-10-16 23:42:21,556] {processor.py:171} INFO - Processing /home/airflow/.local/lib/python3.6/site-packages/airflow/example_dags/example_nested_branch_dag.py took 0.090 seconds
[2021-10-16 23:42:51,710] {processor.py:163} INFO - Started process (PID=1298) to work on /home/airflow/.local/lib/python3.6/site-packages/airflow/example_dags/example_nested_branch_dag.py
[2021-10-16 23:42:51,711] {processor.py:620} INFO - Processing file /home/airflow/.local/lib/python3.6/site-packages/airflow/example_dags/example_nested_branch_dag.py for tasks to queue
[2021-10-16 23:42:51,712] {logging_mixin.py:109} INFO - [2021-10-16 23:42:51,712] {dagbag.py:500} INFO - Filling up the DagBag from /home/airflow/.local/lib/python3.6/site-packages/airflow/example_dags/example_nested_branch_dag.py
[2021-10-16 23:42:51,738] {processor.py:632} INFO - DAG(s) dict_keys(['example_nested_branch_dag']) retrieved from /home/airflow/.local/lib/python3.6/site-packages/airflow/example_dags/example_nested_branch_dag.py
[2021-10-16 23:42:51,749] {logging_mixin.py:109} INFO - [2021-10-16 23:42:51,748] {dag.py:2389} INFO - Sync 1 DAGs
[2021-10-16 23:42:51,765] {logging_mixin.py:109} INFO - [2021-10-16 23:42:51,765] {dag.py:2914} INFO - Setting next_dagrun for example_nested_branch_dag to 2021-10-15 00:00:00+00:00
[2021-10-16 23:42:51,775] {processor.py:171} INFO - Processing /home/airflow/.local/lib/python3.6/site-packages/airflow/example_dags/example_nested_branch_dag.py took 0.067 seconds
[2021-10-16 23:43:21,952] {processor.py:163} INFO - Started process (PID=1364) to work on /home/airflow/.local/lib/python3.6/site-packages/airflow/example_dags/example_nested_branch_dag.py
[2021-10-16 23:43:21,954] {processor.py:620} INFO - Processing file /home/airflow/.local/lib/python3.6/site-packages/airflow/example_dags/example_nested_branch_dag.py for tasks to queue
[2021-10-16 23:43:21,955] {logging_mixin.py:109} INFO - [2021-10-16 23:43:21,955] {dagbag.py:500} INFO - Filling up the DagBag from /home/airflow/.local/lib/python3.6/site-packages/airflow/example_dags/example_nested_branch_dag.py
[2021-10-16 23:43:21,991] {processor.py:632} INFO - DAG(s) dict_keys(['example_nested_branch_dag']) retrieved from /home/airflow/.local/lib/python3.6/site-packages/airflow/example_dags/example_nested_branch_dag.py
[2021-10-16 23:43:22,005] {logging_mixin.py:109} INFO - [2021-10-16 23:43:22,005] {dag.py:2389} INFO - Sync 1 DAGs
[2021-10-16 23:43:22,027] {logging_mixin.py:109} INFO - [2021-10-16 23:43:22,026] {dag.py:2914} INFO - Setting next_dagrun for example_nested_branch_dag to 2021-10-15 00:00:00+00:00
[2021-10-16 23:43:22,039] {processor.py:171} INFO - Processing /home/airflow/.local/lib/python3.6/site-packages/airflow/example_dags/example_nested_branch_dag.py took 0.091 seconds
[2021-10-16 23:43:52,582] {processor.py:163} INFO - Started process (PID=1421) to work on /home/airflow/.local/lib/python3.6/site-packages/airflow/example_dags/example_nested_branch_dag.py
[2021-10-16 23:43:52,585] {processor.py:620} INFO - Processing file /home/airflow/.local/lib/python3.6/site-packages/airflow/example_dags/example_nested_branch_dag.py for tasks to queue
[2021-10-16 23:43:52,587] {logging_mixin.py:109} INFO - [2021-10-16 23:43:52,587] {dagbag.py:500} INFO - Filling up the DagBag from /home/airflow/.local/lib/python3.6/site-packages/airflow/example_dags/example_nested_branch_dag.py
[2021-10-16 23:43:52,641] {processor.py:632} INFO - DAG(s) dict_keys(['example_nested_branch_dag']) retrieved from /home/airflow/.local/lib/python3.6/site-packages/airflow/example_dags/example_nested_branch_dag.py
[2021-10-16 23:43:52,654] {logging_mixin.py:109} INFO - [2021-10-16 23:43:52,654] {dag.py:2389} INFO - Sync 1 DAGs
[2021-10-16 23:43:52,675] {logging_mixin.py:109} INFO - [2021-10-16 23:43:52,675] {dag.py:2914} INFO - Setting next_dagrun for example_nested_branch_dag to 2021-10-15 00:00:00+00:00
[2021-10-16 23:43:52,685] {processor.py:171} INFO - Processing /home/airflow/.local/lib/python3.6/site-packages/airflow/example_dags/example_nested_branch_dag.py took 0.113 seconds
[2021-10-16 23:44:22,846] {processor.py:163} INFO - Started process (PID=1487) to work on /home/airflow/.local/lib/python3.6/site-packages/airflow/example_dags/example_nested_branch_dag.py
[2021-10-16 23:44:22,848] {processor.py:620} INFO - Processing file /home/airflow/.local/lib/python3.6/site-packages/airflow/example_dags/example_nested_branch_dag.py for tasks to queue
[2021-10-16 23:44:22,849] {logging_mixin.py:109} INFO - [2021-10-16 23:44:22,848] {dagbag.py:500} INFO - Filling up the DagBag from /home/airflow/.local/lib/python3.6/site-packages/airflow/example_dags/example_nested_branch_dag.py
[2021-10-16 23:44:22,882] {processor.py:632} INFO - DAG(s) dict_keys(['example_nested_branch_dag']) retrieved from /home/airflow/.local/lib/python3.6/site-packages/airflow/example_dags/example_nested_branch_dag.py
[2021-10-16 23:44:22,898] {logging_mixin.py:109} INFO - [2021-10-16 23:44:22,897] {dag.py:2389} INFO - Sync 1 DAGs
[2021-10-16 23:44:22,920] {logging_mixin.py:109} INFO - [2021-10-16 23:44:22,920] {dag.py:2914} INFO - Setting next_dagrun for example_nested_branch_dag to 2021-10-15 00:00:00+00:00
[2021-10-16 23:44:22,930] {processor.py:171} INFO - Processing /home/airflow/.local/lib/python3.6/site-packages/airflow/example_dags/example_nested_branch_dag.py took 0.088 seconds
[2021-10-16 23:44:53,362] {processor.py:163} INFO - Started process (PID=1542) to work on /home/airflow/.local/lib/python3.6/site-packages/airflow/example_dags/example_nested_branch_dag.py
[2021-10-16 23:44:53,366] {processor.py:620} INFO - Processing file /home/airflow/.local/lib/python3.6/site-packages/airflow/example_dags/example_nested_branch_dag.py for tasks to queue
[2021-10-16 23:44:53,367] {logging_mixin.py:109} INFO - [2021-10-16 23:44:53,367] {dagbag.py:500} INFO - Filling up the DagBag from /home/airflow/.local/lib/python3.6/site-packages/airflow/example_dags/example_nested_branch_dag.py
[2021-10-16 23:44:53,398] {processor.py:632} INFO - DAG(s) dict_keys(['example_nested_branch_dag']) retrieved from /home/airflow/.local/lib/python3.6/site-packages/airflow/example_dags/example_nested_branch_dag.py
[2021-10-16 23:44:53,412] {logging_mixin.py:109} INFO - [2021-10-16 23:44:53,412] {dag.py:2389} INFO - Sync 1 DAGs
[2021-10-16 23:44:53,434] {logging_mixin.py:109} INFO - [2021-10-16 23:44:53,434] {dag.py:2914} INFO - Setting next_dagrun for example_nested_branch_dag to 2021-10-15 00:00:00+00:00
[2021-10-16 23:44:53,442] {processor.py:171} INFO - Processing /home/airflow/.local/lib/python3.6/site-packages/airflow/example_dags/example_nested_branch_dag.py took 0.085 seconds
[2021-10-16 23:45:23,788] {processor.py:163} INFO - Started process (PID=1597) to work on /home/airflow/.local/lib/python3.6/site-packages/airflow/example_dags/example_nested_branch_dag.py
[2021-10-16 23:45:23,791] {processor.py:620} INFO - Processing file /home/airflow/.local/lib/python3.6/site-packages/airflow/example_dags/example_nested_branch_dag.py for tasks to queue
[2021-10-16 23:45:23,792] {logging_mixin.py:109} INFO - [2021-10-16 23:45:23,791] {dagbag.py:500} INFO - Filling up the DagBag from /home/airflow/.local/lib/python3.6/site-packages/airflow/example_dags/example_nested_branch_dag.py
[2021-10-16 23:45:23,845] {processor.py:632} INFO - DAG(s) dict_keys(['example_nested_branch_dag']) retrieved from /home/airflow/.local/lib/python3.6/site-packages/airflow/example_dags/example_nested_branch_dag.py
[2021-10-16 23:45:23,868] {logging_mixin.py:109} INFO - [2021-10-16 23:45:23,867] {dag.py:2389} INFO - Sync 1 DAGs
[2021-10-16 23:45:23,902] {logging_mixin.py:109} INFO - [2021-10-16 23:45:23,902] {dag.py:2914} INFO - Setting next_dagrun for example_nested_branch_dag to 2021-10-15 00:00:00+00:00
[2021-10-16 23:45:23,919] {processor.py:171} INFO - Processing /home/airflow/.local/lib/python3.6/site-packages/airflow/example_dags/example_nested_branch_dag.py took 0.136 seconds
[2021-10-16 23:45:54,215] {processor.py:163} INFO - Started process (PID=1663) to work on /home/airflow/.local/lib/python3.6/site-packages/airflow/example_dags/example_nested_branch_dag.py
[2021-10-16 23:45:54,218] {processor.py:620} INFO - Processing file /home/airflow/.local/lib/python3.6/site-packages/airflow/example_dags/example_nested_branch_dag.py for tasks to queue
[2021-10-16 23:45:54,219] {logging_mixin.py:109} INFO - [2021-10-16 23:45:54,219] {dagbag.py:500} INFO - Filling up the DagBag from /home/airflow/.local/lib/python3.6/site-packages/airflow/example_dags/example_nested_branch_dag.py
[2021-10-16 23:45:54,249] {processor.py:632} INFO - DAG(s) dict_keys(['example_nested_branch_dag']) retrieved from /home/airflow/.local/lib/python3.6/site-packages/airflow/example_dags/example_nested_branch_dag.py
[2021-10-16 23:45:54,261] {logging_mixin.py:109} INFO - [2021-10-16 23:45:54,261] {dag.py:2389} INFO - Sync 1 DAGs
[2021-10-16 23:45:54,286] {logging_mixin.py:109} INFO - [2021-10-16 23:45:54,286] {dag.py:2914} INFO - Setting next_dagrun for example_nested_branch_dag to 2021-10-15 00:00:00+00:00
[2021-10-16 23:45:54,294] {processor.py:171} INFO - Processing /home/airflow/.local/lib/python3.6/site-packages/airflow/example_dags/example_nested_branch_dag.py took 0.083 seconds
[2021-10-16 23:46:24,653] {processor.py:163} INFO - Started process (PID=1718) to work on /home/airflow/.local/lib/python3.6/site-packages/airflow/example_dags/example_nested_branch_dag.py
[2021-10-16 23:46:24,656] {processor.py:620} INFO - Processing file /home/airflow/.local/lib/python3.6/site-packages/airflow/example_dags/example_nested_branch_dag.py for tasks to queue
[2021-10-16 23:46:24,657] {logging_mixin.py:109} INFO - [2021-10-16 23:46:24,657] {dagbag.py:500} INFO - Filling up the DagBag from /home/airflow/.local/lib/python3.6/site-packages/airflow/example_dags/example_nested_branch_dag.py
[2021-10-16 23:46:24,684] {processor.py:632} INFO - DAG(s) dict_keys(['example_nested_branch_dag']) retrieved from /home/airflow/.local/lib/python3.6/site-packages/airflow/example_dags/example_nested_branch_dag.py
[2021-10-16 23:46:24,698] {logging_mixin.py:109} INFO - [2021-10-16 23:46:24,698] {dag.py:2389} INFO - Sync 1 DAGs
[2021-10-16 23:46:24,718] {logging_mixin.py:109} INFO - [2021-10-16 23:46:24,717] {dag.py:2914} INFO - Setting next_dagrun for example_nested_branch_dag to 2021-10-15 00:00:00+00:00
[2021-10-16 23:46:24,727] {processor.py:171} INFO - Processing /home/airflow/.local/lib/python3.6/site-packages/airflow/example_dags/example_nested_branch_dag.py took 0.077 seconds
[2021-10-16 23:46:55,074] {processor.py:163} INFO - Started process (PID=1784) to work on /home/airflow/.local/lib/python3.6/site-packages/airflow/example_dags/example_nested_branch_dag.py
[2021-10-16 23:46:55,075] {processor.py:620} INFO - Processing file /home/airflow/.local/lib/python3.6/site-packages/airflow/example_dags/example_nested_branch_dag.py for tasks to queue
[2021-10-16 23:46:55,075] {logging_mixin.py:109} INFO - [2021-10-16 23:46:55,075] {dagbag.py:500} INFO - Filling up the DagBag from /home/airflow/.local/lib/python3.6/site-packages/airflow/example_dags/example_nested_branch_dag.py
[2021-10-16 23:46:55,106] {processor.py:632} INFO - DAG(s) dict_keys(['example_nested_branch_dag']) retrieved from /home/airflow/.local/lib/python3.6/site-packages/airflow/example_dags/example_nested_branch_dag.py
[2021-10-16 23:46:55,119] {logging_mixin.py:109} INFO - [2021-10-16 23:46:55,119] {dag.py:2389} INFO - Sync 1 DAGs
[2021-10-16 23:46:55,142] {logging_mixin.py:109} INFO - [2021-10-16 23:46:55,142] {dag.py:2914} INFO - Setting next_dagrun for example_nested_branch_dag to 2021-10-15 00:00:00+00:00
[2021-10-16 23:46:55,153] {processor.py:171} INFO - Processing /home/airflow/.local/lib/python3.6/site-packages/airflow/example_dags/example_nested_branch_dag.py took 0.082 seconds
[2021-10-16 23:47:25,814] {processor.py:163} INFO - Started process (PID=1840) to work on /home/airflow/.local/lib/python3.6/site-packages/airflow/example_dags/example_nested_branch_dag.py
[2021-10-16 23:47:25,817] {processor.py:620} INFO - Processing file /home/airflow/.local/lib/python3.6/site-packages/airflow/example_dags/example_nested_branch_dag.py for tasks to queue
[2021-10-16 23:47:25,818] {logging_mixin.py:109} INFO - [2021-10-16 23:47:25,818] {dagbag.py:500} INFO - Filling up the DagBag from /home/airflow/.local/lib/python3.6/site-packages/airflow/example_dags/example_nested_branch_dag.py
[2021-10-16 23:47:25,852] {processor.py:632} INFO - DAG(s) dict_keys(['example_nested_branch_dag']) retrieved from /home/airflow/.local/lib/python3.6/site-packages/airflow/example_dags/example_nested_branch_dag.py
[2021-10-16 23:47:25,863] {logging_mixin.py:109} INFO - [2021-10-16 23:47:25,863] {dag.py:2389} INFO - Sync 1 DAGs
[2021-10-16 23:47:25,880] {logging_mixin.py:109} INFO - [2021-10-16 23:47:25,880] {dag.py:2914} INFO - Setting next_dagrun for example_nested_branch_dag to 2021-10-15 00:00:00+00:00
[2021-10-16 23:47:25,889] {processor.py:171} INFO - Processing /home/airflow/.local/lib/python3.6/site-packages/airflow/example_dags/example_nested_branch_dag.py took 0.078 seconds
[2021-10-16 23:47:55,918] {processor.py:163} INFO - Started process (PID=1895) to work on /home/airflow/.local/lib/python3.6/site-packages/airflow/example_dags/example_nested_branch_dag.py
[2021-10-16 23:47:55,919] {processor.py:620} INFO - Processing file /home/airflow/.local/lib/python3.6/site-packages/airflow/example_dags/example_nested_branch_dag.py for tasks to queue
[2021-10-16 23:47:55,920] {logging_mixin.py:109} INFO - [2021-10-16 23:47:55,920] {dagbag.py:500} INFO - Filling up the DagBag from /home/airflow/.local/lib/python3.6/site-packages/airflow/example_dags/example_nested_branch_dag.py
[2021-10-16 23:47:55,947] {processor.py:632} INFO - DAG(s) dict_keys(['example_nested_branch_dag']) retrieved from /home/airflow/.local/lib/python3.6/site-packages/airflow/example_dags/example_nested_branch_dag.py
[2021-10-16 23:47:55,961] {logging_mixin.py:109} INFO - [2021-10-16 23:47:55,961] {dag.py:2389} INFO - Sync 1 DAGs
[2021-10-16 23:47:55,983] {logging_mixin.py:109} INFO - [2021-10-16 23:47:55,983] {dag.py:2914} INFO - Setting next_dagrun for example_nested_branch_dag to 2021-10-15 00:00:00+00:00
[2021-10-16 23:47:55,993] {processor.py:171} INFO - Processing /home/airflow/.local/lib/python3.6/site-packages/airflow/example_dags/example_nested_branch_dag.py took 0.077 seconds
[2021-10-16 23:48:26,067] {processor.py:163} INFO - Started process (PID=1960) to work on /home/airflow/.local/lib/python3.6/site-packages/airflow/example_dags/example_nested_branch_dag.py
[2021-10-16 23:48:26,068] {processor.py:620} INFO - Processing file /home/airflow/.local/lib/python3.6/site-packages/airflow/example_dags/example_nested_branch_dag.py for tasks to queue
[2021-10-16 23:48:26,068] {logging_mixin.py:109} INFO - [2021-10-16 23:48:26,068] {dagbag.py:500} INFO - Filling up the DagBag from /home/airflow/.local/lib/python3.6/site-packages/airflow/example_dags/example_nested_branch_dag.py
[2021-10-16 23:48:26,093] {processor.py:632} INFO - DAG(s) dict_keys(['example_nested_branch_dag']) retrieved from /home/airflow/.local/lib/python3.6/site-packages/airflow/example_dags/example_nested_branch_dag.py
[2021-10-16 23:48:26,106] {logging_mixin.py:109} INFO - [2021-10-16 23:48:26,106] {dag.py:2389} INFO - Sync 1 DAGs
[2021-10-16 23:48:26,125] {logging_mixin.py:109} INFO - [2021-10-16 23:48:26,125] {dag.py:2914} INFO - Setting next_dagrun for example_nested_branch_dag to 2021-10-15 00:00:00+00:00
[2021-10-16 23:48:26,134] {processor.py:171} INFO - Processing /home/airflow/.local/lib/python3.6/site-packages/airflow/example_dags/example_nested_branch_dag.py took 0.070 seconds
[2021-10-16 23:48:56,327] {processor.py:163} INFO - Started process (PID=2015) to work on /home/airflow/.local/lib/python3.6/site-packages/airflow/example_dags/example_nested_branch_dag.py
[2021-10-16 23:48:56,328] {processor.py:620} INFO - Processing file /home/airflow/.local/lib/python3.6/site-packages/airflow/example_dags/example_nested_branch_dag.py for tasks to queue
[2021-10-16 23:48:56,329] {logging_mixin.py:109} INFO - [2021-10-16 23:48:56,329] {dagbag.py:500} INFO - Filling up the DagBag from /home/airflow/.local/lib/python3.6/site-packages/airflow/example_dags/example_nested_branch_dag.py
[2021-10-16 23:48:56,361] {processor.py:632} INFO - DAG(s) dict_keys(['example_nested_branch_dag']) retrieved from /home/airflow/.local/lib/python3.6/site-packages/airflow/example_dags/example_nested_branch_dag.py
[2021-10-16 23:48:56,378] {logging_mixin.py:109} INFO - [2021-10-16 23:48:56,378] {dag.py:2389} INFO - Sync 1 DAGs
[2021-10-16 23:48:56,400] {logging_mixin.py:109} INFO - [2021-10-16 23:48:56,400] {dag.py:2914} INFO - Setting next_dagrun for example_nested_branch_dag to 2021-10-15 00:00:00+00:00
[2021-10-16 23:48:56,409] {processor.py:171} INFO - Processing /home/airflow/.local/lib/python3.6/site-packages/airflow/example_dags/example_nested_branch_dag.py took 0.086 seconds
[2021-10-16 23:49:26,764] {processor.py:163} INFO - Started process (PID=2081) to work on /home/airflow/.local/lib/python3.6/site-packages/airflow/example_dags/example_nested_branch_dag.py
[2021-10-16 23:49:26,765] {processor.py:620} INFO - Processing file /home/airflow/.local/lib/python3.6/site-packages/airflow/example_dags/example_nested_branch_dag.py for tasks to queue
[2021-10-16 23:49:26,766] {logging_mixin.py:109} INFO - [2021-10-16 23:49:26,765] {dagbag.py:500} INFO - Filling up the DagBag from /home/airflow/.local/lib/python3.6/site-packages/airflow/example_dags/example_nested_branch_dag.py
[2021-10-16 23:49:26,799] {processor.py:632} INFO - DAG(s) dict_keys(['example_nested_branch_dag']) retrieved from /home/airflow/.local/lib/python3.6/site-packages/airflow/example_dags/example_nested_branch_dag.py
[2021-10-16 23:49:26,813] {logging_mixin.py:109} INFO - [2021-10-16 23:49:26,813] {dag.py:2389} INFO - Sync 1 DAGs
[2021-10-16 23:49:26,834] {logging_mixin.py:109} INFO - [2021-10-16 23:49:26,834] {dag.py:2914} INFO - Setting next_dagrun for example_nested_branch_dag to 2021-10-15 00:00:00+00:00
[2021-10-16 23:49:26,849] {processor.py:171} INFO - Processing /home/airflow/.local/lib/python3.6/site-packages/airflow/example_dags/example_nested_branch_dag.py took 0.089 seconds
[2021-10-16 23:49:56,891] {processor.py:163} INFO - Started process (PID=2137) to work on /home/airflow/.local/lib/python3.6/site-packages/airflow/example_dags/example_nested_branch_dag.py
[2021-10-16 23:49:56,892] {processor.py:620} INFO - Processing file /home/airflow/.local/lib/python3.6/site-packages/airflow/example_dags/example_nested_branch_dag.py for tasks to queue
[2021-10-16 23:49:56,893] {logging_mixin.py:109} INFO - [2021-10-16 23:49:56,893] {dagbag.py:500} INFO - Filling up the DagBag from /home/airflow/.local/lib/python3.6/site-packages/airflow/example_dags/example_nested_branch_dag.py
[2021-10-16 23:49:56,918] {processor.py:632} INFO - DAG(s) dict_keys(['example_nested_branch_dag']) retrieved from /home/airflow/.local/lib/python3.6/site-packages/airflow/example_dags/example_nested_branch_dag.py
[2021-10-16 23:49:56,931] {logging_mixin.py:109} INFO - [2021-10-16 23:49:56,931] {dag.py:2389} INFO - Sync 1 DAGs
[2021-10-16 23:49:56,953] {logging_mixin.py:109} INFO - [2021-10-16 23:49:56,953] {dag.py:2914} INFO - Setting next_dagrun for example_nested_branch_dag to 2021-10-15 00:00:00+00:00
[2021-10-16 23:49:56,967] {processor.py:171} INFO - Processing /home/airflow/.local/lib/python3.6/site-packages/airflow/example_dags/example_nested_branch_dag.py took 0.078 seconds
[2021-10-16 23:50:27,372] {processor.py:163} INFO - Started process (PID=2193) to work on /home/airflow/.local/lib/python3.6/site-packages/airflow/example_dags/example_nested_branch_dag.py
[2021-10-16 23:50:27,374] {processor.py:620} INFO - Processing file /home/airflow/.local/lib/python3.6/site-packages/airflow/example_dags/example_nested_branch_dag.py for tasks to queue
[2021-10-16 23:50:27,374] {logging_mixin.py:109} INFO - [2021-10-16 23:50:27,374] {dagbag.py:500} INFO - Filling up the DagBag from /home/airflow/.local/lib/python3.6/site-packages/airflow/example_dags/example_nested_branch_dag.py
[2021-10-16 23:50:27,407] {processor.py:632} INFO - DAG(s) dict_keys(['example_nested_branch_dag']) retrieved from /home/airflow/.local/lib/python3.6/site-packages/airflow/example_dags/example_nested_branch_dag.py
[2021-10-16 23:50:27,418] {logging_mixin.py:109} INFO - [2021-10-16 23:50:27,418] {dag.py:2389} INFO - Sync 1 DAGs
[2021-10-16 23:50:27,441] {logging_mixin.py:109} INFO - [2021-10-16 23:50:27,440] {dag.py:2914} INFO - Setting next_dagrun for example_nested_branch_dag to 2021-10-15 00:00:00+00:00
[2021-10-16 23:50:27,450] {processor.py:171} INFO - Processing /home/airflow/.local/lib/python3.6/site-packages/airflow/example_dags/example_nested_branch_dag.py took 0.081 seconds
[2021-10-16 23:50:58,438] {processor.py:163} INFO - Started process (PID=2258) to work on /home/airflow/.local/lib/python3.6/site-packages/airflow/example_dags/example_nested_branch_dag.py
[2021-10-16 23:50:58,439] {processor.py:620} INFO - Processing file /home/airflow/.local/lib/python3.6/site-packages/airflow/example_dags/example_nested_branch_dag.py for tasks to queue
[2021-10-16 23:50:58,440] {logging_mixin.py:109} INFO - [2021-10-16 23:50:58,440] {dagbag.py:500} INFO - Filling up the DagBag from /home/airflow/.local/lib/python3.6/site-packages/airflow/example_dags/example_nested_branch_dag.py
[2021-10-16 23:50:58,468] {processor.py:632} INFO - DAG(s) dict_keys(['example_nested_branch_dag']) retrieved from /home/airflow/.local/lib/python3.6/site-packages/airflow/example_dags/example_nested_branch_dag.py
[2021-10-16 23:50:58,478] {logging_mixin.py:109} INFO - [2021-10-16 23:50:58,478] {dag.py:2389} INFO - Sync 1 DAGs
[2021-10-16 23:50:58,495] {logging_mixin.py:109} INFO - [2021-10-16 23:50:58,495] {dag.py:2914} INFO - Setting next_dagrun for example_nested_branch_dag to 2021-10-15 00:00:00+00:00
[2021-10-16 23:50:58,503] {processor.py:171} INFO - Processing /home/airflow/.local/lib/python3.6/site-packages/airflow/example_dags/example_nested_branch_dag.py took 0.068 seconds
[2021-10-16 23:51:29,178] {processor.py:163} INFO - Started process (PID=2313) to work on /home/airflow/.local/lib/python3.6/site-packages/airflow/example_dags/example_nested_branch_dag.py
[2021-10-16 23:51:29,185] {processor.py:620} INFO - Processing file /home/airflow/.local/lib/python3.6/site-packages/airflow/example_dags/example_nested_branch_dag.py for tasks to queue
[2021-10-16 23:51:29,186] {logging_mixin.py:109} INFO - [2021-10-16 23:51:29,186] {dagbag.py:500} INFO - Filling up the DagBag from /home/airflow/.local/lib/python3.6/site-packages/airflow/example_dags/example_nested_branch_dag.py
[2021-10-16 23:51:29,224] {processor.py:632} INFO - DAG(s) dict_keys(['example_nested_branch_dag']) retrieved from /home/airflow/.local/lib/python3.6/site-packages/airflow/example_dags/example_nested_branch_dag.py
[2021-10-16 23:51:29,241] {logging_mixin.py:109} INFO - [2021-10-16 23:51:29,240] {dag.py:2389} INFO - Sync 1 DAGs
[2021-10-16 23:51:29,265] {logging_mixin.py:109} INFO - [2021-10-16 23:51:29,265] {dag.py:2914} INFO - Setting next_dagrun for example_nested_branch_dag to 2021-10-15 00:00:00+00:00
[2021-10-16 23:51:29,273] {processor.py:171} INFO - Processing /home/airflow/.local/lib/python3.6/site-packages/airflow/example_dags/example_nested_branch_dag.py took 0.099 seconds
[2021-10-16 23:51:59,396] {processor.py:163} INFO - Started process (PID=2380) to work on /home/airflow/.local/lib/python3.6/site-packages/airflow/example_dags/example_nested_branch_dag.py
[2021-10-16 23:51:59,397] {processor.py:620} INFO - Processing file /home/airflow/.local/lib/python3.6/site-packages/airflow/example_dags/example_nested_branch_dag.py for tasks to queue
[2021-10-16 23:51:59,398] {logging_mixin.py:109} INFO - [2021-10-16 23:51:59,397] {dagbag.py:500} INFO - Filling up the DagBag from /home/airflow/.local/lib/python3.6/site-packages/airflow/example_dags/example_nested_branch_dag.py
[2021-10-16 23:51:59,423] {processor.py:632} INFO - DAG(s) dict_keys(['example_nested_branch_dag']) retrieved from /home/airflow/.local/lib/python3.6/site-packages/airflow/example_dags/example_nested_branch_dag.py
[2021-10-16 23:51:59,433] {logging_mixin.py:109} INFO - [2021-10-16 23:51:59,433] {dag.py:2389} INFO - Sync 1 DAGs
[2021-10-16 23:51:59,449] {logging_mixin.py:109} INFO - [2021-10-16 23:51:59,449] {dag.py:2914} INFO - Setting next_dagrun for example_nested_branch_dag to 2021-10-15 00:00:00+00:00
[2021-10-16 23:51:59,456] {processor.py:171} INFO - Processing /home/airflow/.local/lib/python3.6/site-packages/airflow/example_dags/example_nested_branch_dag.py took 0.063 seconds
[2021-10-16 23:52:29,717] {processor.py:163} INFO - Started process (PID=2435) to work on /home/airflow/.local/lib/python3.6/site-packages/airflow/example_dags/example_nested_branch_dag.py
[2021-10-16 23:52:29,721] {processor.py:620} INFO - Processing file /home/airflow/.local/lib/python3.6/site-packages/airflow/example_dags/example_nested_branch_dag.py for tasks to queue
[2021-10-16 23:52:29,722] {logging_mixin.py:109} INFO - [2021-10-16 23:52:29,721] {dagbag.py:500} INFO - Filling up the DagBag from /home/airflow/.local/lib/python3.6/site-packages/airflow/example_dags/example_nested_branch_dag.py
[2021-10-16 23:52:29,761] {processor.py:632} INFO - DAG(s) dict_keys(['example_nested_branch_dag']) retrieved from /home/airflow/.local/lib/python3.6/site-packages/airflow/example_dags/example_nested_branch_dag.py
[2021-10-16 23:52:29,780] {logging_mixin.py:109} INFO - [2021-10-16 23:52:29,780] {dag.py:2389} INFO - Sync 1 DAGs
[2021-10-16 23:52:29,803] {logging_mixin.py:109} INFO - [2021-10-16 23:52:29,803] {dag.py:2914} INFO - Setting next_dagrun for example_nested_branch_dag to 2021-10-15 00:00:00+00:00
[2021-10-16 23:52:29,816] {processor.py:171} INFO - Processing /home/airflow/.local/lib/python3.6/site-packages/airflow/example_dags/example_nested_branch_dag.py took 0.104 seconds
[2021-10-16 23:53:00,235] {processor.py:163} INFO - Started process (PID=2491) to work on /home/airflow/.local/lib/python3.6/site-packages/airflow/example_dags/example_nested_branch_dag.py
[2021-10-16 23:53:00,236] {processor.py:620} INFO - Processing file /home/airflow/.local/lib/python3.6/site-packages/airflow/example_dags/example_nested_branch_dag.py for tasks to queue
[2021-10-16 23:53:00,237] {logging_mixin.py:109} INFO - [2021-10-16 23:53:00,237] {dagbag.py:500} INFO - Filling up the DagBag from /home/airflow/.local/lib/python3.6/site-packages/airflow/example_dags/example_nested_branch_dag.py
[2021-10-16 23:53:00,283] {processor.py:632} INFO - DAG(s) dict_keys(['example_nested_branch_dag']) retrieved from /home/airflow/.local/lib/python3.6/site-packages/airflow/example_dags/example_nested_branch_dag.py
[2021-10-16 23:53:00,301] {logging_mixin.py:109} INFO - [2021-10-16 23:53:00,301] {dag.py:2389} INFO - Sync 1 DAGs
[2021-10-16 23:53:00,329] {logging_mixin.py:109} INFO - [2021-10-16 23:53:00,329] {dag.py:2914} INFO - Setting next_dagrun for example_nested_branch_dag to 2021-10-15 00:00:00+00:00
[2021-10-16 23:53:00,340] {processor.py:171} INFO - Processing /home/airflow/.local/lib/python3.6/site-packages/airflow/example_dags/example_nested_branch_dag.py took 0.109 seconds
[2021-10-16 23:53:30,657] {processor.py:163} INFO - Started process (PID=2559) to work on /home/airflow/.local/lib/python3.6/site-packages/airflow/example_dags/example_nested_branch_dag.py
[2021-10-16 23:53:30,659] {processor.py:620} INFO - Processing file /home/airflow/.local/lib/python3.6/site-packages/airflow/example_dags/example_nested_branch_dag.py for tasks to queue
[2021-10-16 23:53:30,659] {logging_mixin.py:109} INFO - [2021-10-16 23:53:30,659] {dagbag.py:500} INFO - Filling up the DagBag from /home/airflow/.local/lib/python3.6/site-packages/airflow/example_dags/example_nested_branch_dag.py
[2021-10-16 23:53:30,692] {processor.py:632} INFO - DAG(s) dict_keys(['example_nested_branch_dag']) retrieved from /home/airflow/.local/lib/python3.6/site-packages/airflow/example_dags/example_nested_branch_dag.py
[2021-10-16 23:53:30,705] {logging_mixin.py:109} INFO - [2021-10-16 23:53:30,705] {dag.py:2389} INFO - Sync 1 DAGs
[2021-10-16 23:53:30,725] {logging_mixin.py:109} INFO - [2021-10-16 23:53:30,724] {dag.py:2914} INFO - Setting next_dagrun for example_nested_branch_dag to 2021-10-15 00:00:00+00:00
[2021-10-16 23:53:30,734] {processor.py:171} INFO - Processing /home/airflow/.local/lib/python3.6/site-packages/airflow/example_dags/example_nested_branch_dag.py took 0.079 seconds
[2021-10-16 23:54:00,866] {processor.py:163} INFO - Started process (PID=2614) to work on /home/airflow/.local/lib/python3.6/site-packages/airflow/example_dags/example_nested_branch_dag.py
[2021-10-16 23:54:00,868] {processor.py:620} INFO - Processing file /home/airflow/.local/lib/python3.6/site-packages/airflow/example_dags/example_nested_branch_dag.py for tasks to queue
[2021-10-16 23:54:00,869] {logging_mixin.py:109} INFO - [2021-10-16 23:54:00,869] {dagbag.py:500} INFO - Filling up the DagBag from /home/airflow/.local/lib/python3.6/site-packages/airflow/example_dags/example_nested_branch_dag.py
[2021-10-16 23:54:00,925] {processor.py:632} INFO - DAG(s) dict_keys(['example_nested_branch_dag']) retrieved from /home/airflow/.local/lib/python3.6/site-packages/airflow/example_dags/example_nested_branch_dag.py
[2021-10-16 23:54:00,947] {logging_mixin.py:109} INFO - [2021-10-16 23:54:00,947] {dag.py:2389} INFO - Sync 1 DAGs
[2021-10-16 23:54:00,978] {logging_mixin.py:109} INFO - [2021-10-16 23:54:00,977] {dag.py:2914} INFO - Setting next_dagrun for example_nested_branch_dag to 2021-10-15 00:00:00+00:00
[2021-10-16 23:54:00,994] {processor.py:171} INFO - Processing /home/airflow/.local/lib/python3.6/site-packages/airflow/example_dags/example_nested_branch_dag.py took 0.132 seconds
[2021-10-16 23:54:31,143] {processor.py:163} INFO - Started process (PID=2669) to work on /home/airflow/.local/lib/python3.6/site-packages/airflow/example_dags/example_nested_branch_dag.py
[2021-10-16 23:54:31,145] {processor.py:620} INFO - Processing file /home/airflow/.local/lib/python3.6/site-packages/airflow/example_dags/example_nested_branch_dag.py for tasks to queue
[2021-10-16 23:54:31,146] {logging_mixin.py:109} INFO - [2021-10-16 23:54:31,146] {dagbag.py:500} INFO - Filling up the DagBag from /home/airflow/.local/lib/python3.6/site-packages/airflow/example_dags/example_nested_branch_dag.py
[2021-10-16 23:54:31,190] {processor.py:632} INFO - DAG(s) dict_keys(['example_nested_branch_dag']) retrieved from /home/airflow/.local/lib/python3.6/site-packages/airflow/example_dags/example_nested_branch_dag.py
[2021-10-16 23:54:31,209] {logging_mixin.py:109} INFO - [2021-10-16 23:54:31,209] {dag.py:2389} INFO - Sync 1 DAGs
[2021-10-16 23:54:31,231] {logging_mixin.py:109} INFO - [2021-10-16 23:54:31,231] {dag.py:2914} INFO - Setting next_dagrun for example_nested_branch_dag to 2021-10-15 00:00:00+00:00
[2021-10-16 23:54:31,242] {processor.py:171} INFO - Processing /home/airflow/.local/lib/python3.6/site-packages/airflow/example_dags/example_nested_branch_dag.py took 0.105 seconds
[2021-10-16 23:55:01,580] {processor.py:163} INFO - Started process (PID=2736) to work on /home/airflow/.local/lib/python3.6/site-packages/airflow/example_dags/example_nested_branch_dag.py
[2021-10-16 23:55:01,581] {processor.py:620} INFO - Processing file /home/airflow/.local/lib/python3.6/site-packages/airflow/example_dags/example_nested_branch_dag.py for tasks to queue
[2021-10-16 23:55:01,582] {logging_mixin.py:109} INFO - [2021-10-16 23:55:01,582] {dagbag.py:500} INFO - Filling up the DagBag from /home/airflow/.local/lib/python3.6/site-packages/airflow/example_dags/example_nested_branch_dag.py
[2021-10-16 23:55:01,611] {processor.py:632} INFO - DAG(s) dict_keys(['example_nested_branch_dag']) retrieved from /home/airflow/.local/lib/python3.6/site-packages/airflow/example_dags/example_nested_branch_dag.py
[2021-10-16 23:55:01,622] {logging_mixin.py:109} INFO - [2021-10-16 23:55:01,622] {dag.py:2389} INFO - Sync 1 DAGs
[2021-10-16 23:55:01,638] {logging_mixin.py:109} INFO - [2021-10-16 23:55:01,638] {dag.py:2914} INFO - Setting next_dagrun for example_nested_branch_dag to 2021-10-15 00:00:00+00:00
[2021-10-16 23:55:01,646] {processor.py:171} INFO - Processing /home/airflow/.local/lib/python3.6/site-packages/airflow/example_dags/example_nested_branch_dag.py took 0.069 seconds
[2021-10-16 23:55:31,833] {processor.py:163} INFO - Started process (PID=2793) to work on /home/airflow/.local/lib/python3.6/site-packages/airflow/example_dags/example_nested_branch_dag.py
[2021-10-16 23:55:31,836] {processor.py:620} INFO - Processing file /home/airflow/.local/lib/python3.6/site-packages/airflow/example_dags/example_nested_branch_dag.py for tasks to queue
[2021-10-16 23:55:31,837] {logging_mixin.py:109} INFO - [2021-10-16 23:55:31,837] {dagbag.py:500} INFO - Filling up the DagBag from /home/airflow/.local/lib/python3.6/site-packages/airflow/example_dags/example_nested_branch_dag.py
[2021-10-16 23:55:31,882] {processor.py:632} INFO - DAG(s) dict_keys(['example_nested_branch_dag']) retrieved from /home/airflow/.local/lib/python3.6/site-packages/airflow/example_dags/example_nested_branch_dag.py
[2021-10-16 23:55:31,896] {logging_mixin.py:109} INFO - [2021-10-16 23:55:31,895] {dag.py:2389} INFO - Sync 1 DAGs
[2021-10-16 23:55:31,917] {logging_mixin.py:109} INFO - [2021-10-16 23:55:31,917] {dag.py:2914} INFO - Setting next_dagrun for example_nested_branch_dag to 2021-10-15 00:00:00+00:00
[2021-10-16 23:55:31,925] {processor.py:171} INFO - Processing /home/airflow/.local/lib/python3.6/site-packages/airflow/example_dags/example_nested_branch_dag.py took 0.101 seconds
[2021-10-16 23:56:02,140] {processor.py:163} INFO - Started process (PID=2849) to work on /home/airflow/.local/lib/python3.6/site-packages/airflow/example_dags/example_nested_branch_dag.py
[2021-10-16 23:56:02,142] {processor.py:620} INFO - Processing file /home/airflow/.local/lib/python3.6/site-packages/airflow/example_dags/example_nested_branch_dag.py for tasks to queue
[2021-10-16 23:56:02,143] {logging_mixin.py:109} INFO - [2021-10-16 23:56:02,143] {dagbag.py:500} INFO - Filling up the DagBag from /home/airflow/.local/lib/python3.6/site-packages/airflow/example_dags/example_nested_branch_dag.py
[2021-10-16 23:56:02,186] {processor.py:632} INFO - DAG(s) dict_keys(['example_nested_branch_dag']) retrieved from /home/airflow/.local/lib/python3.6/site-packages/airflow/example_dags/example_nested_branch_dag.py
[2021-10-16 23:56:02,205] {logging_mixin.py:109} INFO - [2021-10-16 23:56:02,205] {dag.py:2389} INFO - Sync 1 DAGs
[2021-10-16 23:56:02,234] {logging_mixin.py:109} INFO - [2021-10-16 23:56:02,234] {dag.py:2914} INFO - Setting next_dagrun for example_nested_branch_dag to 2021-10-15 00:00:00+00:00
[2021-10-16 23:56:02,246] {processor.py:171} INFO - Processing /home/airflow/.local/lib/python3.6/site-packages/airflow/example_dags/example_nested_branch_dag.py took 0.109 seconds
[2021-10-16 23:56:33,179] {processor.py:163} INFO - Started process (PID=2916) to work on /home/airflow/.local/lib/python3.6/site-packages/airflow/example_dags/example_nested_branch_dag.py
[2021-10-16 23:56:33,180] {processor.py:620} INFO - Processing file /home/airflow/.local/lib/python3.6/site-packages/airflow/example_dags/example_nested_branch_dag.py for tasks to queue
[2021-10-16 23:56:33,180] {logging_mixin.py:109} INFO - [2021-10-16 23:56:33,180] {dagbag.py:500} INFO - Filling up the DagBag from /home/airflow/.local/lib/python3.6/site-packages/airflow/example_dags/example_nested_branch_dag.py
[2021-10-16 23:56:33,211] {processor.py:632} INFO - DAG(s) dict_keys(['example_nested_branch_dag']) retrieved from /home/airflow/.local/lib/python3.6/site-packages/airflow/example_dags/example_nested_branch_dag.py
[2021-10-16 23:56:33,222] {logging_mixin.py:109} INFO - [2021-10-16 23:56:33,222] {dag.py:2389} INFO - Sync 1 DAGs
[2021-10-16 23:56:33,239] {logging_mixin.py:109} INFO - [2021-10-16 23:56:33,239] {dag.py:2914} INFO - Setting next_dagrun for example_nested_branch_dag to 2021-10-15 00:00:00+00:00
[2021-10-16 23:56:33,247] {processor.py:171} INFO - Processing /home/airflow/.local/lib/python3.6/site-packages/airflow/example_dags/example_nested_branch_dag.py took 0.072 seconds
[2021-10-16 23:57:03,320] {processor.py:163} INFO - Started process (PID=2971) to work on /home/airflow/.local/lib/python3.6/site-packages/airflow/example_dags/example_nested_branch_dag.py
[2021-10-16 23:57:03,322] {processor.py:620} INFO - Processing file /home/airflow/.local/lib/python3.6/site-packages/airflow/example_dags/example_nested_branch_dag.py for tasks to queue
[2021-10-16 23:57:03,323] {logging_mixin.py:109} INFO - [2021-10-16 23:57:03,323] {dagbag.py:500} INFO - Filling up the DagBag from /home/airflow/.local/lib/python3.6/site-packages/airflow/example_dags/example_nested_branch_dag.py
[2021-10-16 23:57:03,355] {processor.py:632} INFO - DAG(s) dict_keys(['example_nested_branch_dag']) retrieved from /home/airflow/.local/lib/python3.6/site-packages/airflow/example_dags/example_nested_branch_dag.py
[2021-10-16 23:57:03,369] {logging_mixin.py:109} INFO - [2021-10-16 23:57:03,369] {dag.py:2389} INFO - Sync 1 DAGs
[2021-10-16 23:57:03,389] {logging_mixin.py:109} INFO - [2021-10-16 23:57:03,389] {dag.py:2914} INFO - Setting next_dagrun for example_nested_branch_dag to 2021-10-15 00:00:00+00:00
[2021-10-16 23:57:03,400] {processor.py:171} INFO - Processing /home/airflow/.local/lib/python3.6/site-packages/airflow/example_dags/example_nested_branch_dag.py took 0.083 seconds
[2021-10-16 23:57:33,861] {processor.py:163} INFO - Started process (PID=3027) to work on /home/airflow/.local/lib/python3.6/site-packages/airflow/example_dags/example_nested_branch_dag.py
[2021-10-16 23:57:33,863] {processor.py:620} INFO - Processing file /home/airflow/.local/lib/python3.6/site-packages/airflow/example_dags/example_nested_branch_dag.py for tasks to queue
[2021-10-16 23:57:33,864] {logging_mixin.py:109} INFO - [2021-10-16 23:57:33,864] {dagbag.py:500} INFO - Filling up the DagBag from /home/airflow/.local/lib/python3.6/site-packages/airflow/example_dags/example_nested_branch_dag.py
[2021-10-16 23:57:33,898] {processor.py:632} INFO - DAG(s) dict_keys(['example_nested_branch_dag']) retrieved from /home/airflow/.local/lib/python3.6/site-packages/airflow/example_dags/example_nested_branch_dag.py
[2021-10-16 23:57:33,913] {logging_mixin.py:109} INFO - [2021-10-16 23:57:33,912] {dag.py:2389} INFO - Sync 1 DAGs
[2021-10-16 23:57:33,931] {logging_mixin.py:109} INFO - [2021-10-16 23:57:33,931] {dag.py:2914} INFO - Setting next_dagrun for example_nested_branch_dag to 2021-10-15 00:00:00+00:00
[2021-10-16 23:57:33,941] {processor.py:171} INFO - Processing /home/airflow/.local/lib/python3.6/site-packages/airflow/example_dags/example_nested_branch_dag.py took 0.087 seconds
[2021-10-16 23:58:04,410] {processor.py:163} INFO - Started process (PID=3093) to work on /home/airflow/.local/lib/python3.6/site-packages/airflow/example_dags/example_nested_branch_dag.py
[2021-10-16 23:58:04,412] {processor.py:620} INFO - Processing file /home/airflow/.local/lib/python3.6/site-packages/airflow/example_dags/example_nested_branch_dag.py for tasks to queue
[2021-10-16 23:58:04,413] {logging_mixin.py:109} INFO - [2021-10-16 23:58:04,413] {dagbag.py:500} INFO - Filling up the DagBag from /home/airflow/.local/lib/python3.6/site-packages/airflow/example_dags/example_nested_branch_dag.py
[2021-10-16 23:58:04,461] {processor.py:632} INFO - DAG(s) dict_keys(['example_nested_branch_dag']) retrieved from /home/airflow/.local/lib/python3.6/site-packages/airflow/example_dags/example_nested_branch_dag.py
[2021-10-16 23:58:04,478] {logging_mixin.py:109} INFO - [2021-10-16 23:58:04,478] {dag.py:2389} INFO - Sync 1 DAGs
[2021-10-16 23:58:04,506] {logging_mixin.py:109} INFO - [2021-10-16 23:58:04,506] {dag.py:2914} INFO - Setting next_dagrun for example_nested_branch_dag to 2021-10-15 00:00:00+00:00
[2021-10-16 23:58:04,522] {processor.py:171} INFO - Processing /home/airflow/.local/lib/python3.6/site-packages/airflow/example_dags/example_nested_branch_dag.py took 0.117 seconds
[2021-10-16 23:58:35,498] {processor.py:163} INFO - Started process (PID=3150) to work on /home/airflow/.local/lib/python3.6/site-packages/airflow/example_dags/example_nested_branch_dag.py
[2021-10-16 23:58:35,499] {processor.py:620} INFO - Processing file /home/airflow/.local/lib/python3.6/site-packages/airflow/example_dags/example_nested_branch_dag.py for tasks to queue
[2021-10-16 23:58:35,500] {logging_mixin.py:109} INFO - [2021-10-16 23:58:35,500] {dagbag.py:500} INFO - Filling up the DagBag from /home/airflow/.local/lib/python3.6/site-packages/airflow/example_dags/example_nested_branch_dag.py
[2021-10-16 23:58:35,538] {processor.py:632} INFO - DAG(s) dict_keys(['example_nested_branch_dag']) retrieved from /home/airflow/.local/lib/python3.6/site-packages/airflow/example_dags/example_nested_branch_dag.py
[2021-10-16 23:58:35,554] {logging_mixin.py:109} INFO - [2021-10-16 23:58:35,554] {dag.py:2389} INFO - Sync 1 DAGs
[2021-10-16 23:58:35,577] {logging_mixin.py:109} INFO - [2021-10-16 23:58:35,577] {dag.py:2914} INFO - Setting next_dagrun for example_nested_branch_dag to 2021-10-15 00:00:00+00:00
[2021-10-16 23:58:35,589] {processor.py:171} INFO - Processing /home/airflow/.local/lib/python3.6/site-packages/airflow/example_dags/example_nested_branch_dag.py took 0.094 seconds
[2021-10-16 23:59:05,745] {processor.py:163} INFO - Started process (PID=3206) to work on /home/airflow/.local/lib/python3.6/site-packages/airflow/example_dags/example_nested_branch_dag.py
[2021-10-16 23:59:05,747] {processor.py:620} INFO - Processing file /home/airflow/.local/lib/python3.6/site-packages/airflow/example_dags/example_nested_branch_dag.py for tasks to queue
[2021-10-16 23:59:05,749] {logging_mixin.py:109} INFO - [2021-10-16 23:59:05,748] {dagbag.py:500} INFO - Filling up the DagBag from /home/airflow/.local/lib/python3.6/site-packages/airflow/example_dags/example_nested_branch_dag.py
[2021-10-16 23:59:05,844] {processor.py:632} INFO - DAG(s) dict_keys(['example_nested_branch_dag']) retrieved from /home/airflow/.local/lib/python3.6/site-packages/airflow/example_dags/example_nested_branch_dag.py
[2021-10-16 23:59:05,860] {logging_mixin.py:109} INFO - [2021-10-16 23:59:05,860] {dag.py:2389} INFO - Sync 1 DAGs
[2021-10-16 23:59:05,880] {logging_mixin.py:109} INFO - [2021-10-16 23:59:05,880] {dag.py:2914} INFO - Setting next_dagrun for example_nested_branch_dag to 2021-10-15 00:00:00+00:00
[2021-10-16 23:59:05,889] {processor.py:171} INFO - Processing /home/airflow/.local/lib/python3.6/site-packages/airflow/example_dags/example_nested_branch_dag.py took 0.151 seconds
[2021-10-16 23:59:36,488] {processor.py:163} INFO - Started process (PID=3272) to work on /home/airflow/.local/lib/python3.6/site-packages/airflow/example_dags/example_nested_branch_dag.py
[2021-10-16 23:59:36,493] {processor.py:620} INFO - Processing file /home/airflow/.local/lib/python3.6/site-packages/airflow/example_dags/example_nested_branch_dag.py for tasks to queue
[2021-10-16 23:59:36,495] {logging_mixin.py:109} INFO - [2021-10-16 23:59:36,495] {dagbag.py:500} INFO - Filling up the DagBag from /home/airflow/.local/lib/python3.6/site-packages/airflow/example_dags/example_nested_branch_dag.py
[2021-10-16 23:59:36,542] {processor.py:632} INFO - DAG(s) dict_keys(['example_nested_branch_dag']) retrieved from /home/airflow/.local/lib/python3.6/site-packages/airflow/example_dags/example_nested_branch_dag.py
[2021-10-16 23:59:36,558] {logging_mixin.py:109} INFO - [2021-10-16 23:59:36,558] {dag.py:2389} INFO - Sync 1 DAGs
[2021-10-16 23:59:36,578] {logging_mixin.py:109} INFO - [2021-10-16 23:59:36,578] {dag.py:2914} INFO - Setting next_dagrun for example_nested_branch_dag to 2021-10-15 00:00:00+00:00
[2021-10-16 23:59:36,588] {processor.py:171} INFO - Processing /home/airflow/.local/lib/python3.6/site-packages/airflow/example_dags/example_nested_branch_dag.py took 0.110 seconds
