[2021-10-16 23:32:11,191] {processor.py:163} INFO - Started process (PID=53) to work on /home/airflow/.local/lib/python3.6/site-packages/airflow/example_dags/example_complex.py
[2021-10-16 23:32:11,193] {processor.py:620} INFO - Processing file /home/airflow/.local/lib/python3.6/site-packages/airflow/example_dags/example_complex.py for tasks to queue
[2021-10-16 23:32:11,200] {logging_mixin.py:109} INFO - [2021-10-16 23:32:11,200] {dagbag.py:500} INFO - Filling up the DagBag from /home/airflow/.local/lib/python3.6/site-packages/airflow/example_dags/example_complex.py
[2021-10-16 23:32:11,262] {processor.py:632} INFO - DAG(s) dict_keys(['example_complex']) retrieved from /home/airflow/.local/lib/python3.6/site-packages/airflow/example_dags/example_complex.py
[2021-10-16 23:32:11,293] {logging_mixin.py:109} INFO - [2021-10-16 23:32:11,293] {dag.py:2389} INFO - Sync 1 DAGs
[2021-10-16 23:32:11,319] {logging_mixin.py:109} INFO - [2021-10-16 23:32:11,319] {dag.py:2914} INFO - Setting next_dagrun for example_complex to None
[2021-10-16 23:32:11,332] {processor.py:171} INFO - Processing /home/airflow/.local/lib/python3.6/site-packages/airflow/example_dags/example_complex.py took 0.147 seconds
[2021-10-16 23:32:42,280] {processor.py:163} INFO - Started process (PID=109) to work on /home/airflow/.local/lib/python3.6/site-packages/airflow/example_dags/example_complex.py
[2021-10-16 23:32:42,281] {processor.py:620} INFO - Processing file /home/airflow/.local/lib/python3.6/site-packages/airflow/example_dags/example_complex.py for tasks to queue
[2021-10-16 23:32:42,281] {logging_mixin.py:109} INFO - [2021-10-16 23:32:42,281] {dagbag.py:500} INFO - Filling up the DagBag from /home/airflow/.local/lib/python3.6/site-packages/airflow/example_dags/example_complex.py
[2021-10-16 23:32:42,317] {processor.py:632} INFO - DAG(s) dict_keys(['example_complex']) retrieved from /home/airflow/.local/lib/python3.6/site-packages/airflow/example_dags/example_complex.py
[2021-10-16 23:32:42,334] {logging_mixin.py:109} INFO - [2021-10-16 23:32:42,334] {dag.py:2389} INFO - Sync 1 DAGs
[2021-10-16 23:32:42,349] {logging_mixin.py:109} INFO - [2021-10-16 23:32:42,349] {dag.py:2914} INFO - Setting next_dagrun for example_complex to None
[2021-10-16 23:32:42,358] {processor.py:171} INFO - Processing /home/airflow/.local/lib/python3.6/site-packages/airflow/example_dags/example_complex.py took 0.081 seconds
[2021-10-16 23:33:12,762] {processor.py:163} INFO - Started process (PID=174) to work on /home/airflow/.local/lib/python3.6/site-packages/airflow/example_dags/example_complex.py
[2021-10-16 23:33:12,763] {processor.py:620} INFO - Processing file /home/airflow/.local/lib/python3.6/site-packages/airflow/example_dags/example_complex.py for tasks to queue
[2021-10-16 23:33:12,764] {logging_mixin.py:109} INFO - [2021-10-16 23:33:12,763] {dagbag.py:500} INFO - Filling up the DagBag from /home/airflow/.local/lib/python3.6/site-packages/airflow/example_dags/example_complex.py
[2021-10-16 23:33:12,799] {processor.py:632} INFO - DAG(s) dict_keys(['example_complex']) retrieved from /home/airflow/.local/lib/python3.6/site-packages/airflow/example_dags/example_complex.py
[2021-10-16 23:33:12,816] {logging_mixin.py:109} INFO - [2021-10-16 23:33:12,816] {dag.py:2389} INFO - Sync 1 DAGs
[2021-10-16 23:33:12,832] {logging_mixin.py:109} INFO - [2021-10-16 23:33:12,832] {dag.py:2914} INFO - Setting next_dagrun for example_complex to None
[2021-10-16 23:33:12,840] {processor.py:171} INFO - Processing /home/airflow/.local/lib/python3.6/site-packages/airflow/example_dags/example_complex.py took 0.081 seconds
[2021-10-16 23:33:43,172] {processor.py:163} INFO - Started process (PID=231) to work on /home/airflow/.local/lib/python3.6/site-packages/airflow/example_dags/example_complex.py
[2021-10-16 23:33:43,174] {processor.py:620} INFO - Processing file /home/airflow/.local/lib/python3.6/site-packages/airflow/example_dags/example_complex.py for tasks to queue
[2021-10-16 23:33:43,175] {logging_mixin.py:109} INFO - [2021-10-16 23:33:43,175] {dagbag.py:500} INFO - Filling up the DagBag from /home/airflow/.local/lib/python3.6/site-packages/airflow/example_dags/example_complex.py
[2021-10-16 23:33:43,218] {processor.py:632} INFO - DAG(s) dict_keys(['example_complex']) retrieved from /home/airflow/.local/lib/python3.6/site-packages/airflow/example_dags/example_complex.py
[2021-10-16 23:33:43,243] {logging_mixin.py:109} INFO - [2021-10-16 23:33:43,243] {dag.py:2389} INFO - Sync 1 DAGs
[2021-10-16 23:33:43,265] {logging_mixin.py:109} INFO - [2021-10-16 23:33:43,265] {dag.py:2914} INFO - Setting next_dagrun for example_complex to None
[2021-10-16 23:33:43,276] {processor.py:171} INFO - Processing /home/airflow/.local/lib/python3.6/site-packages/airflow/example_dags/example_complex.py took 0.108 seconds
[2021-10-16 23:34:13,527] {processor.py:163} INFO - Started process (PID=289) to work on /home/airflow/.local/lib/python3.6/site-packages/airflow/example_dags/example_complex.py
[2021-10-16 23:34:13,528] {processor.py:620} INFO - Processing file /home/airflow/.local/lib/python3.6/site-packages/airflow/example_dags/example_complex.py for tasks to queue
[2021-10-16 23:34:13,529] {logging_mixin.py:109} INFO - [2021-10-16 23:34:13,529] {dagbag.py:500} INFO - Filling up the DagBag from /home/airflow/.local/lib/python3.6/site-packages/airflow/example_dags/example_complex.py
[2021-10-16 23:34:13,581] {processor.py:632} INFO - DAG(s) dict_keys(['example_complex']) retrieved from /home/airflow/.local/lib/python3.6/site-packages/airflow/example_dags/example_complex.py
[2021-10-16 23:34:13,610] {logging_mixin.py:109} INFO - [2021-10-16 23:34:13,610] {dag.py:2389} INFO - Sync 1 DAGs
[2021-10-16 23:34:13,635] {logging_mixin.py:109} INFO - [2021-10-16 23:34:13,635] {dag.py:2914} INFO - Setting next_dagrun for example_complex to None
[2021-10-16 23:34:13,651] {processor.py:171} INFO - Processing /home/airflow/.local/lib/python3.6/site-packages/airflow/example_dags/example_complex.py took 0.128 seconds
[2021-10-16 23:34:44,486] {processor.py:163} INFO - Started process (PID=360) to work on /home/airflow/.local/lib/python3.6/site-packages/airflow/example_dags/example_complex.py
[2021-10-16 23:34:44,488] {processor.py:620} INFO - Processing file /home/airflow/.local/lib/python3.6/site-packages/airflow/example_dags/example_complex.py for tasks to queue
[2021-10-16 23:34:44,489] {logging_mixin.py:109} INFO - [2021-10-16 23:34:44,489] {dagbag.py:500} INFO - Filling up the DagBag from /home/airflow/.local/lib/python3.6/site-packages/airflow/example_dags/example_complex.py
[2021-10-16 23:34:44,543] {processor.py:632} INFO - DAG(s) dict_keys(['example_complex']) retrieved from /home/airflow/.local/lib/python3.6/site-packages/airflow/example_dags/example_complex.py
[2021-10-16 23:34:44,583] {logging_mixin.py:109} INFO - [2021-10-16 23:34:44,582] {dag.py:2389} INFO - Sync 1 DAGs
[2021-10-16 23:34:44,617] {logging_mixin.py:109} INFO - [2021-10-16 23:34:44,617] {dag.py:2914} INFO - Setting next_dagrun for example_complex to None
[2021-10-16 23:34:44,633] {processor.py:171} INFO - Processing /home/airflow/.local/lib/python3.6/site-packages/airflow/example_dags/example_complex.py took 0.151 seconds
[2021-10-16 23:35:14,833] {processor.py:163} INFO - Started process (PID=419) to work on /home/airflow/.local/lib/python3.6/site-packages/airflow/example_dags/example_complex.py
[2021-10-16 23:35:14,835] {processor.py:620} INFO - Processing file /home/airflow/.local/lib/python3.6/site-packages/airflow/example_dags/example_complex.py for tasks to queue
[2021-10-16 23:35:14,836] {logging_mixin.py:109} INFO - [2021-10-16 23:35:14,835] {dagbag.py:500} INFO - Filling up the DagBag from /home/airflow/.local/lib/python3.6/site-packages/airflow/example_dags/example_complex.py
[2021-10-16 23:35:14,878] {processor.py:632} INFO - DAG(s) dict_keys(['example_complex']) retrieved from /home/airflow/.local/lib/python3.6/site-packages/airflow/example_dags/example_complex.py
[2021-10-16 23:35:14,897] {logging_mixin.py:109} INFO - [2021-10-16 23:35:14,897] {dag.py:2389} INFO - Sync 1 DAGs
[2021-10-16 23:35:14,914] {logging_mixin.py:109} INFO - [2021-10-16 23:35:14,913] {dag.py:2914} INFO - Setting next_dagrun for example_complex to None
[2021-10-16 23:35:14,922] {processor.py:171} INFO - Processing /home/airflow/.local/lib/python3.6/site-packages/airflow/example_dags/example_complex.py took 0.093 seconds
[2021-10-16 23:35:45,755] {processor.py:163} INFO - Started process (PID=475) to work on /home/airflow/.local/lib/python3.6/site-packages/airflow/example_dags/example_complex.py
[2021-10-16 23:35:45,757] {processor.py:620} INFO - Processing file /home/airflow/.local/lib/python3.6/site-packages/airflow/example_dags/example_complex.py for tasks to queue
[2021-10-16 23:35:45,757] {logging_mixin.py:109} INFO - [2021-10-16 23:35:45,757] {dagbag.py:500} INFO - Filling up the DagBag from /home/airflow/.local/lib/python3.6/site-packages/airflow/example_dags/example_complex.py
[2021-10-16 23:35:45,806] {processor.py:632} INFO - DAG(s) dict_keys(['example_complex']) retrieved from /home/airflow/.local/lib/python3.6/site-packages/airflow/example_dags/example_complex.py
[2021-10-16 23:35:45,832] {logging_mixin.py:109} INFO - [2021-10-16 23:35:45,832] {dag.py:2389} INFO - Sync 1 DAGs
[2021-10-16 23:35:45,852] {logging_mixin.py:109} INFO - [2021-10-16 23:35:45,852] {dag.py:2914} INFO - Setting next_dagrun for example_complex to None
[2021-10-16 23:35:45,865] {processor.py:171} INFO - Processing /home/airflow/.local/lib/python3.6/site-packages/airflow/example_dags/example_complex.py took 0.114 seconds
[2021-10-16 23:36:16,200] {processor.py:163} INFO - Started process (PID=530) to work on /home/airflow/.local/lib/python3.6/site-packages/airflow/example_dags/example_complex.py
[2021-10-16 23:36:16,201] {processor.py:620} INFO - Processing file /home/airflow/.local/lib/python3.6/site-packages/airflow/example_dags/example_complex.py for tasks to queue
[2021-10-16 23:36:16,202] {logging_mixin.py:109} INFO - [2021-10-16 23:36:16,202] {dagbag.py:500} INFO - Filling up the DagBag from /home/airflow/.local/lib/python3.6/site-packages/airflow/example_dags/example_complex.py
[2021-10-16 23:36:16,238] {processor.py:632} INFO - DAG(s) dict_keys(['example_complex']) retrieved from /home/airflow/.local/lib/python3.6/site-packages/airflow/example_dags/example_complex.py
[2021-10-16 23:36:16,258] {logging_mixin.py:109} INFO - [2021-10-16 23:36:16,258] {dag.py:2389} INFO - Sync 1 DAGs
[2021-10-16 23:36:16,273] {logging_mixin.py:109} INFO - [2021-10-16 23:36:16,273] {dag.py:2914} INFO - Setting next_dagrun for example_complex to None
[2021-10-16 23:36:16,282] {processor.py:171} INFO - Processing /home/airflow/.local/lib/python3.6/site-packages/airflow/example_dags/example_complex.py took 0.085 seconds
[2021-10-16 23:36:46,556] {processor.py:163} INFO - Started process (PID=596) to work on /home/airflow/.local/lib/python3.6/site-packages/airflow/example_dags/example_complex.py
[2021-10-16 23:36:46,557] {processor.py:620} INFO - Processing file /home/airflow/.local/lib/python3.6/site-packages/airflow/example_dags/example_complex.py for tasks to queue
[2021-10-16 23:36:46,558] {logging_mixin.py:109} INFO - [2021-10-16 23:36:46,558] {dagbag.py:500} INFO - Filling up the DagBag from /home/airflow/.local/lib/python3.6/site-packages/airflow/example_dags/example_complex.py
[2021-10-16 23:36:46,598] {processor.py:632} INFO - DAG(s) dict_keys(['example_complex']) retrieved from /home/airflow/.local/lib/python3.6/site-packages/airflow/example_dags/example_complex.py
[2021-10-16 23:36:46,620] {logging_mixin.py:109} INFO - [2021-10-16 23:36:46,620] {dag.py:2389} INFO - Sync 1 DAGs
[2021-10-16 23:36:46,639] {logging_mixin.py:109} INFO - [2021-10-16 23:36:46,639] {dag.py:2914} INFO - Setting next_dagrun for example_complex to None
[2021-10-16 23:36:46,648] {processor.py:171} INFO - Processing /home/airflow/.local/lib/python3.6/site-packages/airflow/example_dags/example_complex.py took 0.095 seconds
[2021-10-16 23:37:17,075] {processor.py:163} INFO - Started process (PID=651) to work on /home/airflow/.local/lib/python3.6/site-packages/airflow/example_dags/example_complex.py
[2021-10-16 23:37:17,077] {processor.py:620} INFO - Processing file /home/airflow/.local/lib/python3.6/site-packages/airflow/example_dags/example_complex.py for tasks to queue
[2021-10-16 23:37:17,078] {logging_mixin.py:109} INFO - [2021-10-16 23:37:17,078] {dagbag.py:500} INFO - Filling up the DagBag from /home/airflow/.local/lib/python3.6/site-packages/airflow/example_dags/example_complex.py
[2021-10-16 23:37:17,122] {processor.py:632} INFO - DAG(s) dict_keys(['example_complex']) retrieved from /home/airflow/.local/lib/python3.6/site-packages/airflow/example_dags/example_complex.py
[2021-10-16 23:37:17,145] {logging_mixin.py:109} INFO - [2021-10-16 23:37:17,145] {dag.py:2389} INFO - Sync 1 DAGs
[2021-10-16 23:37:17,219] {logging_mixin.py:109} INFO - [2021-10-16 23:37:17,218] {dag.py:2914} INFO - Setting next_dagrun for example_complex to None
[2021-10-16 23:37:17,290] {processor.py:171} INFO - Processing /home/airflow/.local/lib/python3.6/site-packages/airflow/example_dags/example_complex.py took 0.219 seconds
[2021-10-16 23:37:47,416] {processor.py:163} INFO - Started process (PID=706) to work on /home/airflow/.local/lib/python3.6/site-packages/airflow/example_dags/example_complex.py
[2021-10-16 23:37:47,417] {processor.py:620} INFO - Processing file /home/airflow/.local/lib/python3.6/site-packages/airflow/example_dags/example_complex.py for tasks to queue
[2021-10-16 23:37:47,417] {logging_mixin.py:109} INFO - [2021-10-16 23:37:47,417] {dagbag.py:500} INFO - Filling up the DagBag from /home/airflow/.local/lib/python3.6/site-packages/airflow/example_dags/example_complex.py
[2021-10-16 23:37:47,462] {processor.py:632} INFO - DAG(s) dict_keys(['example_complex']) retrieved from /home/airflow/.local/lib/python3.6/site-packages/airflow/example_dags/example_complex.py
[2021-10-16 23:37:47,479] {logging_mixin.py:109} INFO - [2021-10-16 23:37:47,479] {dag.py:2389} INFO - Sync 1 DAGs
[2021-10-16 23:37:47,495] {logging_mixin.py:109} INFO - [2021-10-16 23:37:47,494] {dag.py:2914} INFO - Setting next_dagrun for example_complex to None
[2021-10-16 23:37:47,502] {processor.py:171} INFO - Processing /home/airflow/.local/lib/python3.6/site-packages/airflow/example_dags/example_complex.py took 0.090 seconds
[2021-10-16 23:38:18,505] {processor.py:163} INFO - Started process (PID=773) to work on /home/airflow/.local/lib/python3.6/site-packages/airflow/example_dags/example_complex.py
[2021-10-16 23:38:18,506] {processor.py:620} INFO - Processing file /home/airflow/.local/lib/python3.6/site-packages/airflow/example_dags/example_complex.py for tasks to queue
[2021-10-16 23:38:18,507] {logging_mixin.py:109} INFO - [2021-10-16 23:38:18,506] {dagbag.py:500} INFO - Filling up the DagBag from /home/airflow/.local/lib/python3.6/site-packages/airflow/example_dags/example_complex.py
[2021-10-16 23:38:18,541] {processor.py:632} INFO - DAG(s) dict_keys(['example_complex']) retrieved from /home/airflow/.local/lib/python3.6/site-packages/airflow/example_dags/example_complex.py
[2021-10-16 23:38:18,558] {logging_mixin.py:109} INFO - [2021-10-16 23:38:18,558] {dag.py:2389} INFO - Sync 1 DAGs
[2021-10-16 23:38:18,572] {logging_mixin.py:109} INFO - [2021-10-16 23:38:18,572] {dag.py:2914} INFO - Setting next_dagrun for example_complex to None
[2021-10-16 23:38:18,581] {processor.py:171} INFO - Processing /home/airflow/.local/lib/python3.6/site-packages/airflow/example_dags/example_complex.py took 0.079 seconds
[2021-10-16 23:38:48,809] {processor.py:163} INFO - Started process (PID=828) to work on /home/airflow/.local/lib/python3.6/site-packages/airflow/example_dags/example_complex.py
[2021-10-16 23:38:48,810] {processor.py:620} INFO - Processing file /home/airflow/.local/lib/python3.6/site-packages/airflow/example_dags/example_complex.py for tasks to queue
[2021-10-16 23:38:48,811] {logging_mixin.py:109} INFO - [2021-10-16 23:38:48,811] {dagbag.py:500} INFO - Filling up the DagBag from /home/airflow/.local/lib/python3.6/site-packages/airflow/example_dags/example_complex.py
[2021-10-16 23:38:48,848] {processor.py:632} INFO - DAG(s) dict_keys(['example_complex']) retrieved from /home/airflow/.local/lib/python3.6/site-packages/airflow/example_dags/example_complex.py
[2021-10-16 23:38:48,866] {logging_mixin.py:109} INFO - [2021-10-16 23:38:48,866] {dag.py:2389} INFO - Sync 1 DAGs
[2021-10-16 23:38:48,881] {logging_mixin.py:109} INFO - [2021-10-16 23:38:48,881] {dag.py:2914} INFO - Setting next_dagrun for example_complex to None
[2021-10-16 23:38:48,889] {processor.py:171} INFO - Processing /home/airflow/.local/lib/python3.6/site-packages/airflow/example_dags/example_complex.py took 0.083 seconds
[2021-10-16 23:39:19,165] {processor.py:163} INFO - Started process (PID=894) to work on /home/airflow/.local/lib/python3.6/site-packages/airflow/example_dags/example_complex.py
[2021-10-16 23:39:19,167] {processor.py:620} INFO - Processing file /home/airflow/.local/lib/python3.6/site-packages/airflow/example_dags/example_complex.py for tasks to queue
[2021-10-16 23:39:19,168] {logging_mixin.py:109} INFO - [2021-10-16 23:39:19,167] {dagbag.py:500} INFO - Filling up the DagBag from /home/airflow/.local/lib/python3.6/site-packages/airflow/example_dags/example_complex.py
[2021-10-16 23:39:19,222] {processor.py:632} INFO - DAG(s) dict_keys(['example_complex']) retrieved from /home/airflow/.local/lib/python3.6/site-packages/airflow/example_dags/example_complex.py
[2021-10-16 23:39:19,244] {logging_mixin.py:109} INFO - [2021-10-16 23:39:19,243] {dag.py:2389} INFO - Sync 1 DAGs
[2021-10-16 23:39:19,261] {logging_mixin.py:109} INFO - [2021-10-16 23:39:19,261] {dag.py:2914} INFO - Setting next_dagrun for example_complex to None
[2021-10-16 23:39:19,272] {processor.py:171} INFO - Processing /home/airflow/.local/lib/python3.6/site-packages/airflow/example_dags/example_complex.py took 0.111 seconds
[2021-10-16 23:39:49,688] {processor.py:163} INFO - Started process (PID=949) to work on /home/airflow/.local/lib/python3.6/site-packages/airflow/example_dags/example_complex.py
[2021-10-16 23:39:49,690] {processor.py:620} INFO - Processing file /home/airflow/.local/lib/python3.6/site-packages/airflow/example_dags/example_complex.py for tasks to queue
[2021-10-16 23:39:49,691] {logging_mixin.py:109} INFO - [2021-10-16 23:39:49,691] {dagbag.py:500} INFO - Filling up the DagBag from /home/airflow/.local/lib/python3.6/site-packages/airflow/example_dags/example_complex.py
[2021-10-16 23:39:49,729] {processor.py:632} INFO - DAG(s) dict_keys(['example_complex']) retrieved from /home/airflow/.local/lib/python3.6/site-packages/airflow/example_dags/example_complex.py
[2021-10-16 23:39:49,748] {logging_mixin.py:109} INFO - [2021-10-16 23:39:49,748] {dag.py:2389} INFO - Sync 1 DAGs
[2021-10-16 23:39:49,765] {logging_mixin.py:109} INFO - [2021-10-16 23:39:49,764] {dag.py:2914} INFO - Setting next_dagrun for example_complex to None
[2021-10-16 23:39:49,774] {processor.py:171} INFO - Processing /home/airflow/.local/lib/python3.6/site-packages/airflow/example_dags/example_complex.py took 0.089 seconds
[2021-10-16 23:40:19,826] {processor.py:163} INFO - Started process (PID=1004) to work on /home/airflow/.local/lib/python3.6/site-packages/airflow/example_dags/example_complex.py
[2021-10-16 23:40:19,827] {processor.py:620} INFO - Processing file /home/airflow/.local/lib/python3.6/site-packages/airflow/example_dags/example_complex.py for tasks to queue
[2021-10-16 23:40:19,828] {logging_mixin.py:109} INFO - [2021-10-16 23:40:19,828] {dagbag.py:500} INFO - Filling up the DagBag from /home/airflow/.local/lib/python3.6/site-packages/airflow/example_dags/example_complex.py
[2021-10-16 23:40:19,863] {processor.py:632} INFO - DAG(s) dict_keys(['example_complex']) retrieved from /home/airflow/.local/lib/python3.6/site-packages/airflow/example_dags/example_complex.py
[2021-10-16 23:40:19,880] {logging_mixin.py:109} INFO - [2021-10-16 23:40:19,880] {dag.py:2389} INFO - Sync 1 DAGs
[2021-10-16 23:40:19,895] {logging_mixin.py:109} INFO - [2021-10-16 23:40:19,895] {dag.py:2914} INFO - Setting next_dagrun for example_complex to None
[2021-10-16 23:40:19,903] {processor.py:171} INFO - Processing /home/airflow/.local/lib/python3.6/site-packages/airflow/example_dags/example_complex.py took 0.079 seconds
[2021-10-16 23:40:50,149] {processor.py:163} INFO - Started process (PID=1071) to work on /home/airflow/.local/lib/python3.6/site-packages/airflow/example_dags/example_complex.py
[2021-10-16 23:40:50,150] {processor.py:620} INFO - Processing file /home/airflow/.local/lib/python3.6/site-packages/airflow/example_dags/example_complex.py for tasks to queue
[2021-10-16 23:40:50,151] {logging_mixin.py:109} INFO - [2021-10-16 23:40:50,151] {dagbag.py:500} INFO - Filling up the DagBag from /home/airflow/.local/lib/python3.6/site-packages/airflow/example_dags/example_complex.py
[2021-10-16 23:40:50,192] {processor.py:632} INFO - DAG(s) dict_keys(['example_complex']) retrieved from /home/airflow/.local/lib/python3.6/site-packages/airflow/example_dags/example_complex.py
[2021-10-16 23:40:50,214] {logging_mixin.py:109} INFO - [2021-10-16 23:40:50,214] {dag.py:2389} INFO - Sync 1 DAGs
[2021-10-16 23:40:50,230] {logging_mixin.py:109} INFO - [2021-10-16 23:40:50,230] {dag.py:2914} INFO - Setting next_dagrun for example_complex to None
[2021-10-16 23:40:50,238] {processor.py:171} INFO - Processing /home/airflow/.local/lib/python3.6/site-packages/airflow/example_dags/example_complex.py took 0.092 seconds
[2021-10-16 23:41:20,513] {processor.py:163} INFO - Started process (PID=1126) to work on /home/airflow/.local/lib/python3.6/site-packages/airflow/example_dags/example_complex.py
[2021-10-16 23:41:20,514] {processor.py:620} INFO - Processing file /home/airflow/.local/lib/python3.6/site-packages/airflow/example_dags/example_complex.py for tasks to queue
[2021-10-16 23:41:20,515] {logging_mixin.py:109} INFO - [2021-10-16 23:41:20,515] {dagbag.py:500} INFO - Filling up the DagBag from /home/airflow/.local/lib/python3.6/site-packages/airflow/example_dags/example_complex.py
[2021-10-16 23:41:20,557] {processor.py:632} INFO - DAG(s) dict_keys(['example_complex']) retrieved from /home/airflow/.local/lib/python3.6/site-packages/airflow/example_dags/example_complex.py
[2021-10-16 23:41:20,577] {logging_mixin.py:109} INFO - [2021-10-16 23:41:20,577] {dag.py:2389} INFO - Sync 1 DAGs
[2021-10-16 23:41:20,592] {logging_mixin.py:109} INFO - [2021-10-16 23:41:20,592] {dag.py:2914} INFO - Setting next_dagrun for example_complex to None
[2021-10-16 23:41:20,600] {processor.py:171} INFO - Processing /home/airflow/.local/lib/python3.6/site-packages/airflow/example_dags/example_complex.py took 0.090 seconds
[2021-10-16 23:41:51,419] {processor.py:163} INFO - Started process (PID=1191) to work on /home/airflow/.local/lib/python3.6/site-packages/airflow/example_dags/example_complex.py
[2021-10-16 23:41:51,421] {processor.py:620} INFO - Processing file /home/airflow/.local/lib/python3.6/site-packages/airflow/example_dags/example_complex.py for tasks to queue
[2021-10-16 23:41:51,421] {logging_mixin.py:109} INFO - [2021-10-16 23:41:51,421] {dagbag.py:500} INFO - Filling up the DagBag from /home/airflow/.local/lib/python3.6/site-packages/airflow/example_dags/example_complex.py
[2021-10-16 23:41:51,473] {processor.py:632} INFO - DAG(s) dict_keys(['example_complex']) retrieved from /home/airflow/.local/lib/python3.6/site-packages/airflow/example_dags/example_complex.py
[2021-10-16 23:41:51,503] {logging_mixin.py:109} INFO - [2021-10-16 23:41:51,503] {dag.py:2389} INFO - Sync 1 DAGs
[2021-10-16 23:41:51,524] {logging_mixin.py:109} INFO - [2021-10-16 23:41:51,524] {dag.py:2914} INFO - Setting next_dagrun for example_complex to None
[2021-10-16 23:41:51,536] {processor.py:171} INFO - Processing /home/airflow/.local/lib/python3.6/site-packages/airflow/example_dags/example_complex.py took 0.120 seconds
[2021-10-16 23:42:21,643] {processor.py:163} INFO - Started process (PID=1246) to work on /home/airflow/.local/lib/python3.6/site-packages/airflow/example_dags/example_complex.py
[2021-10-16 23:42:21,644] {processor.py:620} INFO - Processing file /home/airflow/.local/lib/python3.6/site-packages/airflow/example_dags/example_complex.py for tasks to queue
[2021-10-16 23:42:21,645] {logging_mixin.py:109} INFO - [2021-10-16 23:42:21,644] {dagbag.py:500} INFO - Filling up the DagBag from /home/airflow/.local/lib/python3.6/site-packages/airflow/example_dags/example_complex.py
[2021-10-16 23:42:21,680] {processor.py:632} INFO - DAG(s) dict_keys(['example_complex']) retrieved from /home/airflow/.local/lib/python3.6/site-packages/airflow/example_dags/example_complex.py
[2021-10-16 23:42:21,701] {logging_mixin.py:109} INFO - [2021-10-16 23:42:21,701] {dag.py:2389} INFO - Sync 1 DAGs
[2021-10-16 23:42:21,716] {logging_mixin.py:109} INFO - [2021-10-16 23:42:21,716] {dag.py:2914} INFO - Setting next_dagrun for example_complex to None
[2021-10-16 23:42:21,724] {processor.py:171} INFO - Processing /home/airflow/.local/lib/python3.6/site-packages/airflow/example_dags/example_complex.py took 0.084 seconds
[2021-10-16 23:42:51,862] {processor.py:163} INFO - Started process (PID=1301) to work on /home/airflow/.local/lib/python3.6/site-packages/airflow/example_dags/example_complex.py
[2021-10-16 23:42:51,864] {processor.py:620} INFO - Processing file /home/airflow/.local/lib/python3.6/site-packages/airflow/example_dags/example_complex.py for tasks to queue
[2021-10-16 23:42:51,865] {logging_mixin.py:109} INFO - [2021-10-16 23:42:51,864] {dagbag.py:500} INFO - Filling up the DagBag from /home/airflow/.local/lib/python3.6/site-packages/airflow/example_dags/example_complex.py
[2021-10-16 23:42:51,903] {processor.py:632} INFO - DAG(s) dict_keys(['example_complex']) retrieved from /home/airflow/.local/lib/python3.6/site-packages/airflow/example_dags/example_complex.py
[2021-10-16 23:42:51,925] {logging_mixin.py:109} INFO - [2021-10-16 23:42:51,924] {dag.py:2389} INFO - Sync 1 DAGs
[2021-10-16 23:42:51,942] {logging_mixin.py:109} INFO - [2021-10-16 23:42:51,942] {dag.py:2914} INFO - Setting next_dagrun for example_complex to None
[2021-10-16 23:42:51,951] {processor.py:171} INFO - Processing /home/airflow/.local/lib/python3.6/site-packages/airflow/example_dags/example_complex.py took 0.092 seconds
[2021-10-16 23:43:22,071] {processor.py:163} INFO - Started process (PID=1367) to work on /home/airflow/.local/lib/python3.6/site-packages/airflow/example_dags/example_complex.py
[2021-10-16 23:43:22,073] {processor.py:620} INFO - Processing file /home/airflow/.local/lib/python3.6/site-packages/airflow/example_dags/example_complex.py for tasks to queue
[2021-10-16 23:43:22,074] {logging_mixin.py:109} INFO - [2021-10-16 23:43:22,074] {dagbag.py:500} INFO - Filling up the DagBag from /home/airflow/.local/lib/python3.6/site-packages/airflow/example_dags/example_complex.py
[2021-10-16 23:43:22,135] {processor.py:632} INFO - DAG(s) dict_keys(['example_complex']) retrieved from /home/airflow/.local/lib/python3.6/site-packages/airflow/example_dags/example_complex.py
[2021-10-16 23:43:22,165] {logging_mixin.py:109} INFO - [2021-10-16 23:43:22,165] {dag.py:2389} INFO - Sync 1 DAGs
[2021-10-16 23:43:22,193] {logging_mixin.py:109} INFO - [2021-10-16 23:43:22,193] {dag.py:2914} INFO - Setting next_dagrun for example_complex to None
[2021-10-16 23:43:22,209] {processor.py:171} INFO - Processing /home/airflow/.local/lib/python3.6/site-packages/airflow/example_dags/example_complex.py took 0.143 seconds
[2021-10-16 23:43:52,773] {processor.py:163} INFO - Started process (PID=1424) to work on /home/airflow/.local/lib/python3.6/site-packages/airflow/example_dags/example_complex.py
[2021-10-16 23:43:52,774] {processor.py:620} INFO - Processing file /home/airflow/.local/lib/python3.6/site-packages/airflow/example_dags/example_complex.py for tasks to queue
[2021-10-16 23:43:52,775] {logging_mixin.py:109} INFO - [2021-10-16 23:43:52,774] {dagbag.py:500} INFO - Filling up the DagBag from /home/airflow/.local/lib/python3.6/site-packages/airflow/example_dags/example_complex.py
[2021-10-16 23:43:52,810] {processor.py:632} INFO - DAG(s) dict_keys(['example_complex']) retrieved from /home/airflow/.local/lib/python3.6/site-packages/airflow/example_dags/example_complex.py
[2021-10-16 23:43:52,827] {logging_mixin.py:109} INFO - [2021-10-16 23:43:52,827] {dag.py:2389} INFO - Sync 1 DAGs
[2021-10-16 23:43:52,842] {logging_mixin.py:109} INFO - [2021-10-16 23:43:52,842] {dag.py:2914} INFO - Setting next_dagrun for example_complex to None
[2021-10-16 23:43:52,851] {processor.py:171} INFO - Processing /home/airflow/.local/lib/python3.6/site-packages/airflow/example_dags/example_complex.py took 0.080 seconds
[2021-10-16 23:44:23,011] {processor.py:163} INFO - Started process (PID=1490) to work on /home/airflow/.local/lib/python3.6/site-packages/airflow/example_dags/example_complex.py
[2021-10-16 23:44:23,012] {processor.py:620} INFO - Processing file /home/airflow/.local/lib/python3.6/site-packages/airflow/example_dags/example_complex.py for tasks to queue
[2021-10-16 23:44:23,013] {logging_mixin.py:109} INFO - [2021-10-16 23:44:23,012] {dagbag.py:500} INFO - Filling up the DagBag from /home/airflow/.local/lib/python3.6/site-packages/airflow/example_dags/example_complex.py
[2021-10-16 23:44:23,049] {processor.py:632} INFO - DAG(s) dict_keys(['example_complex']) retrieved from /home/airflow/.local/lib/python3.6/site-packages/airflow/example_dags/example_complex.py
[2021-10-16 23:44:23,077] {logging_mixin.py:109} INFO - [2021-10-16 23:44:23,077] {dag.py:2389} INFO - Sync 1 DAGs
[2021-10-16 23:44:23,098] {logging_mixin.py:109} INFO - [2021-10-16 23:44:23,097] {dag.py:2914} INFO - Setting next_dagrun for example_complex to None
[2021-10-16 23:44:23,107] {processor.py:171} INFO - Processing /home/airflow/.local/lib/python3.6/site-packages/airflow/example_dags/example_complex.py took 0.099 seconds
[2021-10-16 23:44:53,458] {processor.py:163} INFO - Started process (PID=1545) to work on /home/airflow/.local/lib/python3.6/site-packages/airflow/example_dags/example_complex.py
[2021-10-16 23:44:53,459] {processor.py:620} INFO - Processing file /home/airflow/.local/lib/python3.6/site-packages/airflow/example_dags/example_complex.py for tasks to queue
[2021-10-16 23:44:53,460] {logging_mixin.py:109} INFO - [2021-10-16 23:44:53,460] {dagbag.py:500} INFO - Filling up the DagBag from /home/airflow/.local/lib/python3.6/site-packages/airflow/example_dags/example_complex.py
[2021-10-16 23:44:53,495] {processor.py:632} INFO - DAG(s) dict_keys(['example_complex']) retrieved from /home/airflow/.local/lib/python3.6/site-packages/airflow/example_dags/example_complex.py
[2021-10-16 23:44:53,512] {logging_mixin.py:109} INFO - [2021-10-16 23:44:53,512] {dag.py:2389} INFO - Sync 1 DAGs
[2021-10-16 23:44:53,528] {logging_mixin.py:109} INFO - [2021-10-16 23:44:53,528] {dag.py:2914} INFO - Setting next_dagrun for example_complex to None
[2021-10-16 23:44:53,537] {processor.py:171} INFO - Processing /home/airflow/.local/lib/python3.6/site-packages/airflow/example_dags/example_complex.py took 0.081 seconds
[2021-10-16 23:45:23,945] {processor.py:163} INFO - Started process (PID=1600) to work on /home/airflow/.local/lib/python3.6/site-packages/airflow/example_dags/example_complex.py
[2021-10-16 23:45:23,947] {processor.py:620} INFO - Processing file /home/airflow/.local/lib/python3.6/site-packages/airflow/example_dags/example_complex.py for tasks to queue
[2021-10-16 23:45:23,948] {logging_mixin.py:109} INFO - [2021-10-16 23:45:23,948] {dagbag.py:500} INFO - Filling up the DagBag from /home/airflow/.local/lib/python3.6/site-packages/airflow/example_dags/example_complex.py
[2021-10-16 23:45:24,011] {processor.py:632} INFO - DAG(s) dict_keys(['example_complex']) retrieved from /home/airflow/.local/lib/python3.6/site-packages/airflow/example_dags/example_complex.py
[2021-10-16 23:45:24,035] {logging_mixin.py:109} INFO - [2021-10-16 23:45:24,034] {dag.py:2389} INFO - Sync 1 DAGs
[2021-10-16 23:45:24,050] {logging_mixin.py:109} INFO - [2021-10-16 23:45:24,050] {dag.py:2914} INFO - Setting next_dagrun for example_complex to None
[2021-10-16 23:45:24,062] {processor.py:171} INFO - Processing /home/airflow/.local/lib/python3.6/site-packages/airflow/example_dags/example_complex.py took 0.122 seconds
[2021-10-16 23:45:54,381] {processor.py:163} INFO - Started process (PID=1666) to work on /home/airflow/.local/lib/python3.6/site-packages/airflow/example_dags/example_complex.py
[2021-10-16 23:45:54,382] {processor.py:620} INFO - Processing file /home/airflow/.local/lib/python3.6/site-packages/airflow/example_dags/example_complex.py for tasks to queue
[2021-10-16 23:45:54,383] {logging_mixin.py:109} INFO - [2021-10-16 23:45:54,383] {dagbag.py:500} INFO - Filling up the DagBag from /home/airflow/.local/lib/python3.6/site-packages/airflow/example_dags/example_complex.py
[2021-10-16 23:45:54,416] {processor.py:632} INFO - DAG(s) dict_keys(['example_complex']) retrieved from /home/airflow/.local/lib/python3.6/site-packages/airflow/example_dags/example_complex.py
[2021-10-16 23:45:54,432] {logging_mixin.py:109} INFO - [2021-10-16 23:45:54,432] {dag.py:2389} INFO - Sync 1 DAGs
[2021-10-16 23:45:54,446] {logging_mixin.py:109} INFO - [2021-10-16 23:45:54,446] {dag.py:2914} INFO - Setting next_dagrun for example_complex to None
[2021-10-16 23:45:54,454] {processor.py:171} INFO - Processing /home/airflow/.local/lib/python3.6/site-packages/airflow/example_dags/example_complex.py took 0.075 seconds
[2021-10-16 23:46:24,741] {processor.py:163} INFO - Started process (PID=1721) to work on /home/airflow/.local/lib/python3.6/site-packages/airflow/example_dags/example_complex.py
[2021-10-16 23:46:24,742] {processor.py:620} INFO - Processing file /home/airflow/.local/lib/python3.6/site-packages/airflow/example_dags/example_complex.py for tasks to queue
[2021-10-16 23:46:24,743] {logging_mixin.py:109} INFO - [2021-10-16 23:46:24,743] {dagbag.py:500} INFO - Filling up the DagBag from /home/airflow/.local/lib/python3.6/site-packages/airflow/example_dags/example_complex.py
[2021-10-16 23:46:24,805] {processor.py:632} INFO - DAG(s) dict_keys(['example_complex']) retrieved from /home/airflow/.local/lib/python3.6/site-packages/airflow/example_dags/example_complex.py
[2021-10-16 23:46:24,837] {logging_mixin.py:109} INFO - [2021-10-16 23:46:24,837] {dag.py:2389} INFO - Sync 1 DAGs
[2021-10-16 23:46:24,863] {logging_mixin.py:109} INFO - [2021-10-16 23:46:24,863] {dag.py:2914} INFO - Setting next_dagrun for example_complex to None
[2021-10-16 23:46:24,879] {processor.py:171} INFO - Processing /home/airflow/.local/lib/python3.6/site-packages/airflow/example_dags/example_complex.py took 0.141 seconds
[2021-10-16 23:46:55,169] {processor.py:163} INFO - Started process (PID=1787) to work on /home/airflow/.local/lib/python3.6/site-packages/airflow/example_dags/example_complex.py
[2021-10-16 23:46:55,170] {processor.py:620} INFO - Processing file /home/airflow/.local/lib/python3.6/site-packages/airflow/example_dags/example_complex.py for tasks to queue
[2021-10-16 23:46:55,171] {logging_mixin.py:109} INFO - [2021-10-16 23:46:55,171] {dagbag.py:500} INFO - Filling up the DagBag from /home/airflow/.local/lib/python3.6/site-packages/airflow/example_dags/example_complex.py
[2021-10-16 23:46:55,210] {processor.py:632} INFO - DAG(s) dict_keys(['example_complex']) retrieved from /home/airflow/.local/lib/python3.6/site-packages/airflow/example_dags/example_complex.py
[2021-10-16 23:46:55,254] {logging_mixin.py:109} INFO - [2021-10-16 23:46:55,254] {dag.py:2389} INFO - Sync 1 DAGs
[2021-10-16 23:46:55,275] {logging_mixin.py:109} INFO - [2021-10-16 23:46:55,274] {dag.py:2914} INFO - Setting next_dagrun for example_complex to None
[2021-10-16 23:46:55,287] {processor.py:171} INFO - Processing /home/airflow/.local/lib/python3.6/site-packages/airflow/example_dags/example_complex.py took 0.121 seconds
[2021-10-16 23:47:25,904] {processor.py:163} INFO - Started process (PID=1843) to work on /home/airflow/.local/lib/python3.6/site-packages/airflow/example_dags/example_complex.py
[2021-10-16 23:47:25,905] {processor.py:620} INFO - Processing file /home/airflow/.local/lib/python3.6/site-packages/airflow/example_dags/example_complex.py for tasks to queue
[2021-10-16 23:47:25,905] {logging_mixin.py:109} INFO - [2021-10-16 23:47:25,905] {dagbag.py:500} INFO - Filling up the DagBag from /home/airflow/.local/lib/python3.6/site-packages/airflow/example_dags/example_complex.py
[2021-10-16 23:47:25,941] {processor.py:632} INFO - DAG(s) dict_keys(['example_complex']) retrieved from /home/airflow/.local/lib/python3.6/site-packages/airflow/example_dags/example_complex.py
[2021-10-16 23:47:25,959] {logging_mixin.py:109} INFO - [2021-10-16 23:47:25,959] {dag.py:2389} INFO - Sync 1 DAGs
[2021-10-16 23:47:25,975] {logging_mixin.py:109} INFO - [2021-10-16 23:47:25,975] {dag.py:2914} INFO - Setting next_dagrun for example_complex to None
[2021-10-16 23:47:25,984] {processor.py:171} INFO - Processing /home/airflow/.local/lib/python3.6/site-packages/airflow/example_dags/example_complex.py took 0.083 seconds
[2021-10-16 23:47:56,077] {processor.py:163} INFO - Started process (PID=1898) to work on /home/airflow/.local/lib/python3.6/site-packages/airflow/example_dags/example_complex.py
[2021-10-16 23:47:56,078] {processor.py:620} INFO - Processing file /home/airflow/.local/lib/python3.6/site-packages/airflow/example_dags/example_complex.py for tasks to queue
[2021-10-16 23:47:56,078] {logging_mixin.py:109} INFO - [2021-10-16 23:47:56,078] {dagbag.py:500} INFO - Filling up the DagBag from /home/airflow/.local/lib/python3.6/site-packages/airflow/example_dags/example_complex.py
[2021-10-16 23:47:56,113] {processor.py:632} INFO - DAG(s) dict_keys(['example_complex']) retrieved from /home/airflow/.local/lib/python3.6/site-packages/airflow/example_dags/example_complex.py
[2021-10-16 23:47:56,135] {logging_mixin.py:109} INFO - [2021-10-16 23:47:56,135] {dag.py:2389} INFO - Sync 1 DAGs
[2021-10-16 23:47:56,153] {logging_mixin.py:109} INFO - [2021-10-16 23:47:56,153] {dag.py:2914} INFO - Setting next_dagrun for example_complex to None
[2021-10-16 23:47:56,164] {processor.py:171} INFO - Processing /home/airflow/.local/lib/python3.6/site-packages/airflow/example_dags/example_complex.py took 0.090 seconds
[2021-10-16 23:48:26,204] {processor.py:163} INFO - Started process (PID=1963) to work on /home/airflow/.local/lib/python3.6/site-packages/airflow/example_dags/example_complex.py
[2021-10-16 23:48:26,206] {processor.py:620} INFO - Processing file /home/airflow/.local/lib/python3.6/site-packages/airflow/example_dags/example_complex.py for tasks to queue
[2021-10-16 23:48:26,206] {logging_mixin.py:109} INFO - [2021-10-16 23:48:26,206] {dagbag.py:500} INFO - Filling up the DagBag from /home/airflow/.local/lib/python3.6/site-packages/airflow/example_dags/example_complex.py
[2021-10-16 23:48:26,239] {processor.py:632} INFO - DAG(s) dict_keys(['example_complex']) retrieved from /home/airflow/.local/lib/python3.6/site-packages/airflow/example_dags/example_complex.py
[2021-10-16 23:48:26,255] {logging_mixin.py:109} INFO - [2021-10-16 23:48:26,255] {dag.py:2389} INFO - Sync 1 DAGs
[2021-10-16 23:48:26,269] {logging_mixin.py:109} INFO - [2021-10-16 23:48:26,269] {dag.py:2914} INFO - Setting next_dagrun for example_complex to None
[2021-10-16 23:48:26,277] {processor.py:171} INFO - Processing /home/airflow/.local/lib/python3.6/site-packages/airflow/example_dags/example_complex.py took 0.075 seconds
[2021-10-16 23:48:56,489] {processor.py:163} INFO - Started process (PID=2018) to work on /home/airflow/.local/lib/python3.6/site-packages/airflow/example_dags/example_complex.py
[2021-10-16 23:48:56,490] {processor.py:620} INFO - Processing file /home/airflow/.local/lib/python3.6/site-packages/airflow/example_dags/example_complex.py for tasks to queue
[2021-10-16 23:48:56,490] {logging_mixin.py:109} INFO - [2021-10-16 23:48:56,490] {dagbag.py:500} INFO - Filling up the DagBag from /home/airflow/.local/lib/python3.6/site-packages/airflow/example_dags/example_complex.py
[2021-10-16 23:48:56,527] {processor.py:632} INFO - DAG(s) dict_keys(['example_complex']) retrieved from /home/airflow/.local/lib/python3.6/site-packages/airflow/example_dags/example_complex.py
[2021-10-16 23:48:56,549] {logging_mixin.py:109} INFO - [2021-10-16 23:48:56,549] {dag.py:2389} INFO - Sync 1 DAGs
[2021-10-16 23:48:56,566] {logging_mixin.py:109} INFO - [2021-10-16 23:48:56,566] {dag.py:2914} INFO - Setting next_dagrun for example_complex to None
[2021-10-16 23:48:56,575] {processor.py:171} INFO - Processing /home/airflow/.local/lib/python3.6/site-packages/airflow/example_dags/example_complex.py took 0.089 seconds
[2021-10-16 23:49:26,870] {processor.py:163} INFO - Started process (PID=2084) to work on /home/airflow/.local/lib/python3.6/site-packages/airflow/example_dags/example_complex.py
[2021-10-16 23:49:26,872] {processor.py:620} INFO - Processing file /home/airflow/.local/lib/python3.6/site-packages/airflow/example_dags/example_complex.py for tasks to queue
[2021-10-16 23:49:26,873] {logging_mixin.py:109} INFO - [2021-10-16 23:49:26,873] {dagbag.py:500} INFO - Filling up the DagBag from /home/airflow/.local/lib/python3.6/site-packages/airflow/example_dags/example_complex.py
[2021-10-16 23:49:26,932] {processor.py:632} INFO - DAG(s) dict_keys(['example_complex']) retrieved from /home/airflow/.local/lib/python3.6/site-packages/airflow/example_dags/example_complex.py
[2021-10-16 23:49:26,961] {logging_mixin.py:109} INFO - [2021-10-16 23:49:26,961] {dag.py:2389} INFO - Sync 1 DAGs
[2021-10-16 23:49:26,981] {logging_mixin.py:109} INFO - [2021-10-16 23:49:26,981] {dag.py:2914} INFO - Setting next_dagrun for example_complex to None
[2021-10-16 23:49:26,992] {processor.py:171} INFO - Processing /home/airflow/.local/lib/python3.6/site-packages/airflow/example_dags/example_complex.py took 0.127 seconds
[2021-10-16 23:49:57,052] {processor.py:163} INFO - Started process (PID=2140) to work on /home/airflow/.local/lib/python3.6/site-packages/airflow/example_dags/example_complex.py
[2021-10-16 23:49:57,053] {processor.py:620} INFO - Processing file /home/airflow/.local/lib/python3.6/site-packages/airflow/example_dags/example_complex.py for tasks to queue
[2021-10-16 23:49:57,054] {logging_mixin.py:109} INFO - [2021-10-16 23:49:57,054] {dagbag.py:500} INFO - Filling up the DagBag from /home/airflow/.local/lib/python3.6/site-packages/airflow/example_dags/example_complex.py
[2021-10-16 23:49:57,095] {processor.py:632} INFO - DAG(s) dict_keys(['example_complex']) retrieved from /home/airflow/.local/lib/python3.6/site-packages/airflow/example_dags/example_complex.py
[2021-10-16 23:49:57,114] {logging_mixin.py:109} INFO - [2021-10-16 23:49:57,114] {dag.py:2389} INFO - Sync 1 DAGs
[2021-10-16 23:49:57,130] {logging_mixin.py:109} INFO - [2021-10-16 23:49:57,129] {dag.py:2914} INFO - Setting next_dagrun for example_complex to None
[2021-10-16 23:49:57,140] {processor.py:171} INFO - Processing /home/airflow/.local/lib/python3.6/site-packages/airflow/example_dags/example_complex.py took 0.091 seconds
[2021-10-16 23:50:27,541] {processor.py:163} INFO - Started process (PID=2196) to work on /home/airflow/.local/lib/python3.6/site-packages/airflow/example_dags/example_complex.py
[2021-10-16 23:50:27,543] {processor.py:620} INFO - Processing file /home/airflow/.local/lib/python3.6/site-packages/airflow/example_dags/example_complex.py for tasks to queue
[2021-10-16 23:50:27,543] {logging_mixin.py:109} INFO - [2021-10-16 23:50:27,543] {dagbag.py:500} INFO - Filling up the DagBag from /home/airflow/.local/lib/python3.6/site-packages/airflow/example_dags/example_complex.py
[2021-10-16 23:50:27,577] {processor.py:632} INFO - DAG(s) dict_keys(['example_complex']) retrieved from /home/airflow/.local/lib/python3.6/site-packages/airflow/example_dags/example_complex.py
[2021-10-16 23:50:27,600] {logging_mixin.py:109} INFO - [2021-10-16 23:50:27,600] {dag.py:2389} INFO - Sync 1 DAGs
[2021-10-16 23:50:27,618] {logging_mixin.py:109} INFO - [2021-10-16 23:50:27,618] {dag.py:2914} INFO - Setting next_dagrun for example_complex to None
[2021-10-16 23:50:27,628] {processor.py:171} INFO - Processing /home/airflow/.local/lib/python3.6/site-packages/airflow/example_dags/example_complex.py took 0.089 seconds
[2021-10-16 23:50:58,581] {processor.py:163} INFO - Started process (PID=2261) to work on /home/airflow/.local/lib/python3.6/site-packages/airflow/example_dags/example_complex.py
[2021-10-16 23:50:58,582] {processor.py:620} INFO - Processing file /home/airflow/.local/lib/python3.6/site-packages/airflow/example_dags/example_complex.py for tasks to queue
[2021-10-16 23:50:58,583] {logging_mixin.py:109} INFO - [2021-10-16 23:50:58,583] {dagbag.py:500} INFO - Filling up the DagBag from /home/airflow/.local/lib/python3.6/site-packages/airflow/example_dags/example_complex.py
[2021-10-16 23:50:58,618] {processor.py:632} INFO - DAG(s) dict_keys(['example_complex']) retrieved from /home/airflow/.local/lib/python3.6/site-packages/airflow/example_dags/example_complex.py
[2021-10-16 23:50:58,637] {logging_mixin.py:109} INFO - [2021-10-16 23:50:58,636] {dag.py:2389} INFO - Sync 1 DAGs
[2021-10-16 23:50:58,660] {logging_mixin.py:109} INFO - [2021-10-16 23:50:58,660] {dag.py:2914} INFO - Setting next_dagrun for example_complex to None
[2021-10-16 23:50:58,674] {processor.py:171} INFO - Processing /home/airflow/.local/lib/python3.6/site-packages/airflow/example_dags/example_complex.py took 0.095 seconds
[2021-10-16 23:51:29,380] {processor.py:163} INFO - Started process (PID=2316) to work on /home/airflow/.local/lib/python3.6/site-packages/airflow/example_dags/example_complex.py
[2021-10-16 23:51:29,381] {processor.py:620} INFO - Processing file /home/airflow/.local/lib/python3.6/site-packages/airflow/example_dags/example_complex.py for tasks to queue
[2021-10-16 23:51:29,382] {logging_mixin.py:109} INFO - [2021-10-16 23:51:29,382] {dagbag.py:500} INFO - Filling up the DagBag from /home/airflow/.local/lib/python3.6/site-packages/airflow/example_dags/example_complex.py
[2021-10-16 23:51:29,421] {processor.py:632} INFO - DAG(s) dict_keys(['example_complex']) retrieved from /home/airflow/.local/lib/python3.6/site-packages/airflow/example_dags/example_complex.py
[2021-10-16 23:51:29,437] {logging_mixin.py:109} INFO - [2021-10-16 23:51:29,437] {dag.py:2389} INFO - Sync 1 DAGs
[2021-10-16 23:51:29,451] {logging_mixin.py:109} INFO - [2021-10-16 23:51:29,451] {dag.py:2914} INFO - Setting next_dagrun for example_complex to None
[2021-10-16 23:51:29,460] {processor.py:171} INFO - Processing /home/airflow/.local/lib/python3.6/site-packages/airflow/example_dags/example_complex.py took 0.083 seconds
[2021-10-16 23:51:59,474] {processor.py:163} INFO - Started process (PID=2383) to work on /home/airflow/.local/lib/python3.6/site-packages/airflow/example_dags/example_complex.py
[2021-10-16 23:51:59,475] {processor.py:620} INFO - Processing file /home/airflow/.local/lib/python3.6/site-packages/airflow/example_dags/example_complex.py for tasks to queue
[2021-10-16 23:51:59,476] {logging_mixin.py:109} INFO - [2021-10-16 23:51:59,476] {dagbag.py:500} INFO - Filling up the DagBag from /home/airflow/.local/lib/python3.6/site-packages/airflow/example_dags/example_complex.py
[2021-10-16 23:51:59,508] {processor.py:632} INFO - DAG(s) dict_keys(['example_complex']) retrieved from /home/airflow/.local/lib/python3.6/site-packages/airflow/example_dags/example_complex.py
[2021-10-16 23:51:59,525] {logging_mixin.py:109} INFO - [2021-10-16 23:51:59,525] {dag.py:2389} INFO - Sync 1 DAGs
[2021-10-16 23:51:59,540] {logging_mixin.py:109} INFO - [2021-10-16 23:51:59,540] {dag.py:2914} INFO - Setting next_dagrun for example_complex to None
[2021-10-16 23:51:59,548] {processor.py:171} INFO - Processing /home/airflow/.local/lib/python3.6/site-packages/airflow/example_dags/example_complex.py took 0.076 seconds
[2021-10-16 23:52:29,841] {processor.py:163} INFO - Started process (PID=2438) to work on /home/airflow/.local/lib/python3.6/site-packages/airflow/example_dags/example_complex.py
[2021-10-16 23:52:29,843] {processor.py:620} INFO - Processing file /home/airflow/.local/lib/python3.6/site-packages/airflow/example_dags/example_complex.py for tasks to queue
[2021-10-16 23:52:29,844] {logging_mixin.py:109} INFO - [2021-10-16 23:52:29,844] {dagbag.py:500} INFO - Filling up the DagBag from /home/airflow/.local/lib/python3.6/site-packages/airflow/example_dags/example_complex.py
[2021-10-16 23:52:29,908] {processor.py:632} INFO - DAG(s) dict_keys(['example_complex']) retrieved from /home/airflow/.local/lib/python3.6/site-packages/airflow/example_dags/example_complex.py
[2021-10-16 23:52:29,934] {logging_mixin.py:109} INFO - [2021-10-16 23:52:29,934] {dag.py:2389} INFO - Sync 1 DAGs
[2021-10-16 23:52:29,959] {logging_mixin.py:109} INFO - [2021-10-16 23:52:29,959] {dag.py:2914} INFO - Setting next_dagrun for example_complex to None
[2021-10-16 23:52:29,971] {processor.py:171} INFO - Processing /home/airflow/.local/lib/python3.6/site-packages/airflow/example_dags/example_complex.py took 0.137 seconds
[2021-10-16 23:53:00,366] {processor.py:163} INFO - Started process (PID=2494) to work on /home/airflow/.local/lib/python3.6/site-packages/airflow/example_dags/example_complex.py
[2021-10-16 23:53:00,368] {processor.py:620} INFO - Processing file /home/airflow/.local/lib/python3.6/site-packages/airflow/example_dags/example_complex.py for tasks to queue
[2021-10-16 23:53:00,368] {logging_mixin.py:109} INFO - [2021-10-16 23:53:00,368] {dagbag.py:500} INFO - Filling up the DagBag from /home/airflow/.local/lib/python3.6/site-packages/airflow/example_dags/example_complex.py
[2021-10-16 23:53:00,411] {processor.py:632} INFO - DAG(s) dict_keys(['example_complex']) retrieved from /home/airflow/.local/lib/python3.6/site-packages/airflow/example_dags/example_complex.py
[2021-10-16 23:53:00,438] {logging_mixin.py:109} INFO - [2021-10-16 23:53:00,438] {dag.py:2389} INFO - Sync 1 DAGs
[2021-10-16 23:53:00,461] {logging_mixin.py:109} INFO - [2021-10-16 23:53:00,461] {dag.py:2914} INFO - Setting next_dagrun for example_complex to None
[2021-10-16 23:53:00,474] {processor.py:171} INFO - Processing /home/airflow/.local/lib/python3.6/site-packages/airflow/example_dags/example_complex.py took 0.112 seconds
[2021-10-16 23:53:30,759] {processor.py:163} INFO - Started process (PID=2562) to work on /home/airflow/.local/lib/python3.6/site-packages/airflow/example_dags/example_complex.py
[2021-10-16 23:53:30,760] {processor.py:620} INFO - Processing file /home/airflow/.local/lib/python3.6/site-packages/airflow/example_dags/example_complex.py for tasks to queue
[2021-10-16 23:53:30,761] {logging_mixin.py:109} INFO - [2021-10-16 23:53:30,761] {dagbag.py:500} INFO - Filling up the DagBag from /home/airflow/.local/lib/python3.6/site-packages/airflow/example_dags/example_complex.py
[2021-10-16 23:53:30,806] {processor.py:632} INFO - DAG(s) dict_keys(['example_complex']) retrieved from /home/airflow/.local/lib/python3.6/site-packages/airflow/example_dags/example_complex.py
[2021-10-16 23:53:30,825] {logging_mixin.py:109} INFO - [2021-10-16 23:53:30,825] {dag.py:2389} INFO - Sync 1 DAGs
[2021-10-16 23:53:30,842] {logging_mixin.py:109} INFO - [2021-10-16 23:53:30,842] {dag.py:2914} INFO - Setting next_dagrun for example_complex to None
[2021-10-16 23:53:30,852] {processor.py:171} INFO - Processing /home/airflow/.local/lib/python3.6/site-packages/airflow/example_dags/example_complex.py took 0.097 seconds
[2021-10-16 23:54:01,156] {processor.py:163} INFO - Started process (PID=2617) to work on /home/airflow/.local/lib/python3.6/site-packages/airflow/example_dags/example_complex.py
[2021-10-16 23:54:01,158] {processor.py:620} INFO - Processing file /home/airflow/.local/lib/python3.6/site-packages/airflow/example_dags/example_complex.py for tasks to queue
[2021-10-16 23:54:01,158] {logging_mixin.py:109} INFO - [2021-10-16 23:54:01,158] {dagbag.py:500} INFO - Filling up the DagBag from /home/airflow/.local/lib/python3.6/site-packages/airflow/example_dags/example_complex.py
[2021-10-16 23:54:01,216] {processor.py:632} INFO - DAG(s) dict_keys(['example_complex']) retrieved from /home/airflow/.local/lib/python3.6/site-packages/airflow/example_dags/example_complex.py
[2021-10-16 23:54:01,246] {logging_mixin.py:109} INFO - [2021-10-16 23:54:01,246] {dag.py:2389} INFO - Sync 1 DAGs
[2021-10-16 23:54:01,273] {logging_mixin.py:109} INFO - [2021-10-16 23:54:01,273] {dag.py:2914} INFO - Setting next_dagrun for example_complex to None
[2021-10-16 23:54:01,292] {processor.py:171} INFO - Processing /home/airflow/.local/lib/python3.6/site-packages/airflow/example_dags/example_complex.py took 0.140 seconds
[2021-10-16 23:54:31,335] {processor.py:163} INFO - Started process (PID=2672) to work on /home/airflow/.local/lib/python3.6/site-packages/airflow/example_dags/example_complex.py
[2021-10-16 23:54:31,337] {processor.py:620} INFO - Processing file /home/airflow/.local/lib/python3.6/site-packages/airflow/example_dags/example_complex.py for tasks to queue
[2021-10-16 23:54:31,338] {logging_mixin.py:109} INFO - [2021-10-16 23:54:31,338] {dagbag.py:500} INFO - Filling up the DagBag from /home/airflow/.local/lib/python3.6/site-packages/airflow/example_dags/example_complex.py
[2021-10-16 23:54:31,381] {processor.py:632} INFO - DAG(s) dict_keys(['example_complex']) retrieved from /home/airflow/.local/lib/python3.6/site-packages/airflow/example_dags/example_complex.py
[2021-10-16 23:54:31,401] {logging_mixin.py:109} INFO - [2021-10-16 23:54:31,401] {dag.py:2389} INFO - Sync 1 DAGs
[2021-10-16 23:54:31,418] {logging_mixin.py:109} INFO - [2021-10-16 23:54:31,418] {dag.py:2914} INFO - Setting next_dagrun for example_complex to None
[2021-10-16 23:54:31,427] {processor.py:171} INFO - Processing /home/airflow/.local/lib/python3.6/site-packages/airflow/example_dags/example_complex.py took 0.095 seconds
[2021-10-16 23:55:01,724] {processor.py:163} INFO - Started process (PID=2739) to work on /home/airflow/.local/lib/python3.6/site-packages/airflow/example_dags/example_complex.py
[2021-10-16 23:55:01,725] {processor.py:620} INFO - Processing file /home/airflow/.local/lib/python3.6/site-packages/airflow/example_dags/example_complex.py for tasks to queue
[2021-10-16 23:55:01,726] {logging_mixin.py:109} INFO - [2021-10-16 23:55:01,725] {dagbag.py:500} INFO - Filling up the DagBag from /home/airflow/.local/lib/python3.6/site-packages/airflow/example_dags/example_complex.py
[2021-10-16 23:55:01,759] {processor.py:632} INFO - DAG(s) dict_keys(['example_complex']) retrieved from /home/airflow/.local/lib/python3.6/site-packages/airflow/example_dags/example_complex.py
[2021-10-16 23:55:01,776] {logging_mixin.py:109} INFO - [2021-10-16 23:55:01,776] {dag.py:2389} INFO - Sync 1 DAGs
[2021-10-16 23:55:01,790] {logging_mixin.py:109} INFO - [2021-10-16 23:55:01,790] {dag.py:2914} INFO - Setting next_dagrun for example_complex to None
[2021-10-16 23:55:01,798] {processor.py:171} INFO - Processing /home/airflow/.local/lib/python3.6/site-packages/airflow/example_dags/example_complex.py took 0.077 seconds
[2021-10-16 23:55:32,006] {processor.py:163} INFO - Started process (PID=2796) to work on /home/airflow/.local/lib/python3.6/site-packages/airflow/example_dags/example_complex.py
[2021-10-16 23:55:32,006] {processor.py:620} INFO - Processing file /home/airflow/.local/lib/python3.6/site-packages/airflow/example_dags/example_complex.py for tasks to queue
[2021-10-16 23:55:32,007] {logging_mixin.py:109} INFO - [2021-10-16 23:55:32,007] {dagbag.py:500} INFO - Filling up the DagBag from /home/airflow/.local/lib/python3.6/site-packages/airflow/example_dags/example_complex.py
[2021-10-16 23:55:32,039] {processor.py:632} INFO - DAG(s) dict_keys(['example_complex']) retrieved from /home/airflow/.local/lib/python3.6/site-packages/airflow/example_dags/example_complex.py
[2021-10-16 23:55:32,056] {logging_mixin.py:109} INFO - [2021-10-16 23:55:32,056] {dag.py:2389} INFO - Sync 1 DAGs
[2021-10-16 23:55:32,070] {logging_mixin.py:109} INFO - [2021-10-16 23:55:32,070] {dag.py:2914} INFO - Setting next_dagrun for example_complex to None
[2021-10-16 23:55:32,078] {processor.py:171} INFO - Processing /home/airflow/.local/lib/python3.6/site-packages/airflow/example_dags/example_complex.py took 0.074 seconds
[2021-10-16 23:56:02,273] {processor.py:163} INFO - Started process (PID=2852) to work on /home/airflow/.local/lib/python3.6/site-packages/airflow/example_dags/example_complex.py
[2021-10-16 23:56:02,274] {processor.py:620} INFO - Processing file /home/airflow/.local/lib/python3.6/site-packages/airflow/example_dags/example_complex.py for tasks to queue
[2021-10-16 23:56:02,275] {logging_mixin.py:109} INFO - [2021-10-16 23:56:02,275] {dagbag.py:500} INFO - Filling up the DagBag from /home/airflow/.local/lib/python3.6/site-packages/airflow/example_dags/example_complex.py
[2021-10-16 23:56:02,332] {processor.py:632} INFO - DAG(s) dict_keys(['example_complex']) retrieved from /home/airflow/.local/lib/python3.6/site-packages/airflow/example_dags/example_complex.py
[2021-10-16 23:56:02,364] {logging_mixin.py:109} INFO - [2021-10-16 23:56:02,364] {dag.py:2389} INFO - Sync 1 DAGs
[2021-10-16 23:56:02,390] {logging_mixin.py:109} INFO - [2021-10-16 23:56:02,389] {dag.py:2914} INFO - Setting next_dagrun for example_complex to None
[2021-10-16 23:56:02,404] {processor.py:171} INFO - Processing /home/airflow/.local/lib/python3.6/site-packages/airflow/example_dags/example_complex.py took 0.136 seconds
[2021-10-16 23:56:33,330] {processor.py:163} INFO - Started process (PID=2919) to work on /home/airflow/.local/lib/python3.6/site-packages/airflow/example_dags/example_complex.py
[2021-10-16 23:56:33,332] {processor.py:620} INFO - Processing file /home/airflow/.local/lib/python3.6/site-packages/airflow/example_dags/example_complex.py for tasks to queue
[2021-10-16 23:56:33,332] {logging_mixin.py:109} INFO - [2021-10-16 23:56:33,332] {dagbag.py:500} INFO - Filling up the DagBag from /home/airflow/.local/lib/python3.6/site-packages/airflow/example_dags/example_complex.py
[2021-10-16 23:56:33,368] {processor.py:632} INFO - DAG(s) dict_keys(['example_complex']) retrieved from /home/airflow/.local/lib/python3.6/site-packages/airflow/example_dags/example_complex.py
[2021-10-16 23:56:33,385] {logging_mixin.py:109} INFO - [2021-10-16 23:56:33,385] {dag.py:2389} INFO - Sync 1 DAGs
[2021-10-16 23:56:33,399] {logging_mixin.py:109} INFO - [2021-10-16 23:56:33,399] {dag.py:2914} INFO - Setting next_dagrun for example_complex to None
[2021-10-16 23:56:33,407] {processor.py:171} INFO - Processing /home/airflow/.local/lib/python3.6/site-packages/airflow/example_dags/example_complex.py took 0.080 seconds
[2021-10-16 23:57:03,501] {processor.py:163} INFO - Started process (PID=2974) to work on /home/airflow/.local/lib/python3.6/site-packages/airflow/example_dags/example_complex.py
[2021-10-16 23:57:03,503] {processor.py:620} INFO - Processing file /home/airflow/.local/lib/python3.6/site-packages/airflow/example_dags/example_complex.py for tasks to queue
[2021-10-16 23:57:03,503] {logging_mixin.py:109} INFO - [2021-10-16 23:57:03,503] {dagbag.py:500} INFO - Filling up the DagBag from /home/airflow/.local/lib/python3.6/site-packages/airflow/example_dags/example_complex.py
[2021-10-16 23:57:03,542] {processor.py:632} INFO - DAG(s) dict_keys(['example_complex']) retrieved from /home/airflow/.local/lib/python3.6/site-packages/airflow/example_dags/example_complex.py
[2021-10-16 23:57:03,561] {logging_mixin.py:109} INFO - [2021-10-16 23:57:03,561] {dag.py:2389} INFO - Sync 1 DAGs
[2021-10-16 23:57:03,578] {logging_mixin.py:109} INFO - [2021-10-16 23:57:03,578] {dag.py:2914} INFO - Setting next_dagrun for example_complex to None
[2021-10-16 23:57:03,587] {processor.py:171} INFO - Processing /home/airflow/.local/lib/python3.6/site-packages/airflow/example_dags/example_complex.py took 0.089 seconds
[2021-10-16 23:57:33,958] {processor.py:163} INFO - Started process (PID=3030) to work on /home/airflow/.local/lib/python3.6/site-packages/airflow/example_dags/example_complex.py
[2021-10-16 23:57:33,959] {processor.py:620} INFO - Processing file /home/airflow/.local/lib/python3.6/site-packages/airflow/example_dags/example_complex.py for tasks to queue
[2021-10-16 23:57:33,960] {logging_mixin.py:109} INFO - [2021-10-16 23:57:33,960] {dagbag.py:500} INFO - Filling up the DagBag from /home/airflow/.local/lib/python3.6/site-packages/airflow/example_dags/example_complex.py
[2021-10-16 23:57:34,000] {processor.py:632} INFO - DAG(s) dict_keys(['example_complex']) retrieved from /home/airflow/.local/lib/python3.6/site-packages/airflow/example_dags/example_complex.py
[2021-10-16 23:57:34,021] {logging_mixin.py:109} INFO - [2021-10-16 23:57:34,021] {dag.py:2389} INFO - Sync 1 DAGs
[2021-10-16 23:57:34,039] {logging_mixin.py:109} INFO - [2021-10-16 23:57:34,039] {dag.py:2914} INFO - Setting next_dagrun for example_complex to None
[2021-10-16 23:57:34,049] {processor.py:171} INFO - Processing /home/airflow/.local/lib/python3.6/site-packages/airflow/example_dags/example_complex.py took 0.095 seconds
[2021-10-16 23:58:04,544] {processor.py:163} INFO - Started process (PID=3096) to work on /home/airflow/.local/lib/python3.6/site-packages/airflow/example_dags/example_complex.py
[2021-10-16 23:58:04,545] {processor.py:620} INFO - Processing file /home/airflow/.local/lib/python3.6/site-packages/airflow/example_dags/example_complex.py for tasks to queue
[2021-10-16 23:58:04,546] {logging_mixin.py:109} INFO - [2021-10-16 23:58:04,546] {dagbag.py:500} INFO - Filling up the DagBag from /home/airflow/.local/lib/python3.6/site-packages/airflow/example_dags/example_complex.py
[2021-10-16 23:58:04,608] {processor.py:632} INFO - DAG(s) dict_keys(['example_complex']) retrieved from /home/airflow/.local/lib/python3.6/site-packages/airflow/example_dags/example_complex.py
[2021-10-16 23:58:04,634] {logging_mixin.py:109} INFO - [2021-10-16 23:58:04,634] {dag.py:2389} INFO - Sync 1 DAGs
[2021-10-16 23:58:04,664] {logging_mixin.py:109} INFO - [2021-10-16 23:58:04,664] {dag.py:2914} INFO - Setting next_dagrun for example_complex to None
[2021-10-16 23:58:04,680] {processor.py:171} INFO - Processing /home/airflow/.local/lib/python3.6/site-packages/airflow/example_dags/example_complex.py took 0.140 seconds
[2021-10-16 23:58:35,611] {processor.py:163} INFO - Started process (PID=3153) to work on /home/airflow/.local/lib/python3.6/site-packages/airflow/example_dags/example_complex.py
[2021-10-16 23:58:35,612] {processor.py:620} INFO - Processing file /home/airflow/.local/lib/python3.6/site-packages/airflow/example_dags/example_complex.py for tasks to queue
[2021-10-16 23:58:35,613] {logging_mixin.py:109} INFO - [2021-10-16 23:58:35,613] {dagbag.py:500} INFO - Filling up the DagBag from /home/airflow/.local/lib/python3.6/site-packages/airflow/example_dags/example_complex.py
[2021-10-16 23:58:35,662] {processor.py:632} INFO - DAG(s) dict_keys(['example_complex']) retrieved from /home/airflow/.local/lib/python3.6/site-packages/airflow/example_dags/example_complex.py
[2021-10-16 23:58:35,684] {logging_mixin.py:109} INFO - [2021-10-16 23:58:35,684] {dag.py:2389} INFO - Sync 1 DAGs
[2021-10-16 23:58:35,702] {logging_mixin.py:109} INFO - [2021-10-16 23:58:35,702] {dag.py:2914} INFO - Setting next_dagrun for example_complex to None
[2021-10-16 23:58:35,713] {processor.py:171} INFO - Processing /home/airflow/.local/lib/python3.6/site-packages/airflow/example_dags/example_complex.py took 0.107 seconds
[2021-10-16 23:59:05,981] {processor.py:163} INFO - Started process (PID=3209) to work on /home/airflow/.local/lib/python3.6/site-packages/airflow/example_dags/example_complex.py
[2021-10-16 23:59:05,982] {processor.py:620} INFO - Processing file /home/airflow/.local/lib/python3.6/site-packages/airflow/example_dags/example_complex.py for tasks to queue
[2021-10-16 23:59:05,982] {logging_mixin.py:109} INFO - [2021-10-16 23:59:05,982] {dagbag.py:500} INFO - Filling up the DagBag from /home/airflow/.local/lib/python3.6/site-packages/airflow/example_dags/example_complex.py
[2021-10-16 23:59:06,021] {processor.py:632} INFO - DAG(s) dict_keys(['example_complex']) retrieved from /home/airflow/.local/lib/python3.6/site-packages/airflow/example_dags/example_complex.py
[2021-10-16 23:59:06,044] {logging_mixin.py:109} INFO - [2021-10-16 23:59:06,044] {dag.py:2389} INFO - Sync 1 DAGs
[2021-10-16 23:59:06,062] {logging_mixin.py:109} INFO - [2021-10-16 23:59:06,062] {dag.py:2914} INFO - Setting next_dagrun for example_complex to None
[2021-10-16 23:59:06,071] {processor.py:171} INFO - Processing /home/airflow/.local/lib/python3.6/site-packages/airflow/example_dags/example_complex.py took 0.093 seconds
[2021-10-16 23:59:36,605] {processor.py:163} INFO - Started process (PID=3275) to work on /home/airflow/.local/lib/python3.6/site-packages/airflow/example_dags/example_complex.py
[2021-10-16 23:59:36,607] {processor.py:620} INFO - Processing file /home/airflow/.local/lib/python3.6/site-packages/airflow/example_dags/example_complex.py for tasks to queue
[2021-10-16 23:59:36,608] {logging_mixin.py:109} INFO - [2021-10-16 23:59:36,607] {dagbag.py:500} INFO - Filling up the DagBag from /home/airflow/.local/lib/python3.6/site-packages/airflow/example_dags/example_complex.py
[2021-10-16 23:59:36,643] {processor.py:632} INFO - DAG(s) dict_keys(['example_complex']) retrieved from /home/airflow/.local/lib/python3.6/site-packages/airflow/example_dags/example_complex.py
[2021-10-16 23:59:36,659] {logging_mixin.py:109} INFO - [2021-10-16 23:59:36,659] {dag.py:2389} INFO - Sync 1 DAGs
[2021-10-16 23:59:36,676] {logging_mixin.py:109} INFO - [2021-10-16 23:59:36,676] {dag.py:2914} INFO - Setting next_dagrun for example_complex to None
[2021-10-16 23:59:36,686] {processor.py:171} INFO - Processing /home/airflow/.local/lib/python3.6/site-packages/airflow/example_dags/example_complex.py took 0.085 seconds
