[2021-10-16 23:32:13,498] {processor.py:163} INFO - Started process (PID=65) to work on /home/airflow/.local/lib/python3.6/site-packages/airflow/example_dags/example_dag_decorator.py
[2021-10-16 23:32:13,502] {processor.py:620} INFO - Processing file /home/airflow/.local/lib/python3.6/site-packages/airflow/example_dags/example_dag_decorator.py for tasks to queue
[2021-10-16 23:32:13,503] {logging_mixin.py:109} INFO - [2021-10-16 23:32:13,503] {dagbag.py:500} INFO - Filling up the DagBag from /home/airflow/.local/lib/python3.6/site-packages/airflow/example_dags/example_dag_decorator.py
[2021-10-16 23:32:13,566] {processor.py:632} INFO - DAG(s) dict_keys(['example_dag_decorator']) retrieved from /home/airflow/.local/lib/python3.6/site-packages/airflow/example_dags/example_dag_decorator.py
[2021-10-16 23:32:13,989] {logging_mixin.py:109} INFO - [2021-10-16 23:32:13,989] {dag.py:2389} INFO - Sync 1 DAGs
[2021-10-16 23:32:14,018] {logging_mixin.py:109} INFO - [2021-10-16 23:32:14,018] {dag.py:2914} INFO - Setting next_dagrun for example_dag_decorator to None
[2021-10-16 23:32:14,051] {processor.py:171} INFO - Processing /home/airflow/.local/lib/python3.6/site-packages/airflow/example_dags/example_dag_decorator.py took 0.557 seconds
[2021-10-16 23:32:44,507] {processor.py:163} INFO - Started process (PID=134) to work on /home/airflow/.local/lib/python3.6/site-packages/airflow/example_dags/example_dag_decorator.py
[2021-10-16 23:32:44,509] {processor.py:620} INFO - Processing file /home/airflow/.local/lib/python3.6/site-packages/airflow/example_dags/example_dag_decorator.py for tasks to queue
[2021-10-16 23:32:44,510] {logging_mixin.py:109} INFO - [2021-10-16 23:32:44,510] {dagbag.py:500} INFO - Filling up the DagBag from /home/airflow/.local/lib/python3.6/site-packages/airflow/example_dags/example_dag_decorator.py
[2021-10-16 23:32:44,567] {processor.py:632} INFO - DAG(s) dict_keys(['example_dag_decorator']) retrieved from /home/airflow/.local/lib/python3.6/site-packages/airflow/example_dags/example_dag_decorator.py
[2021-10-16 23:32:44,831] {logging_mixin.py:109} INFO - [2021-10-16 23:32:44,831] {dag.py:2389} INFO - Sync 1 DAGs
[2021-10-16 23:32:44,846] {logging_mixin.py:109} INFO - [2021-10-16 23:32:44,846] {dag.py:2914} INFO - Setting next_dagrun for example_dag_decorator to None
[2021-10-16 23:32:44,857] {processor.py:171} INFO - Processing /home/airflow/.local/lib/python3.6/site-packages/airflow/example_dags/example_dag_decorator.py took 0.354 seconds
[2021-10-16 23:33:15,573] {processor.py:163} INFO - Started process (PID=186) to work on /home/airflow/.local/lib/python3.6/site-packages/airflow/example_dags/example_dag_decorator.py
[2021-10-16 23:33:15,574] {processor.py:620} INFO - Processing file /home/airflow/.local/lib/python3.6/site-packages/airflow/example_dags/example_dag_decorator.py for tasks to queue
[2021-10-16 23:33:15,575] {logging_mixin.py:109} INFO - [2021-10-16 23:33:15,575] {dagbag.py:500} INFO - Filling up the DagBag from /home/airflow/.local/lib/python3.6/site-packages/airflow/example_dags/example_dag_decorator.py
[2021-10-16 23:33:15,610] {processor.py:632} INFO - DAG(s) dict_keys(['example_dag_decorator']) retrieved from /home/airflow/.local/lib/python3.6/site-packages/airflow/example_dags/example_dag_decorator.py
[2021-10-16 23:33:15,858] {logging_mixin.py:109} INFO - [2021-10-16 23:33:15,858] {dag.py:2389} INFO - Sync 1 DAGs
[2021-10-16 23:33:15,874] {logging_mixin.py:109} INFO - [2021-10-16 23:33:15,874] {dag.py:2914} INFO - Setting next_dagrun for example_dag_decorator to None
[2021-10-16 23:33:15,886] {processor.py:171} INFO - Processing /home/airflow/.local/lib/python3.6/site-packages/airflow/example_dags/example_dag_decorator.py took 0.315 seconds
[2021-10-16 23:33:46,550] {processor.py:163} INFO - Started process (PID=244) to work on /home/airflow/.local/lib/python3.6/site-packages/airflow/example_dags/example_dag_decorator.py
[2021-10-16 23:33:46,552] {processor.py:620} INFO - Processing file /home/airflow/.local/lib/python3.6/site-packages/airflow/example_dags/example_dag_decorator.py for tasks to queue
[2021-10-16 23:33:46,553] {logging_mixin.py:109} INFO - [2021-10-16 23:33:46,553] {dagbag.py:500} INFO - Filling up the DagBag from /home/airflow/.local/lib/python3.6/site-packages/airflow/example_dags/example_dag_decorator.py
[2021-10-16 23:33:46,626] {processor.py:632} INFO - DAG(s) dict_keys(['example_dag_decorator']) retrieved from /home/airflow/.local/lib/python3.6/site-packages/airflow/example_dags/example_dag_decorator.py
[2021-10-16 23:33:47,095] {logging_mixin.py:109} INFO - [2021-10-16 23:33:47,095] {dag.py:2389} INFO - Sync 1 DAGs
[2021-10-16 23:33:47,128] {logging_mixin.py:109} INFO - [2021-10-16 23:33:47,128] {dag.py:2914} INFO - Setting next_dagrun for example_dag_decorator to None
[2021-10-16 23:33:47,148] {processor.py:171} INFO - Processing /home/airflow/.local/lib/python3.6/site-packages/airflow/example_dags/example_dag_decorator.py took 0.604 seconds
[2021-10-16 23:34:17,703] {processor.py:163} INFO - Started process (PID=315) to work on /home/airflow/.local/lib/python3.6/site-packages/airflow/example_dags/example_dag_decorator.py
[2021-10-16 23:34:17,704] {processor.py:620} INFO - Processing file /home/airflow/.local/lib/python3.6/site-packages/airflow/example_dags/example_dag_decorator.py for tasks to queue
[2021-10-16 23:34:17,705] {logging_mixin.py:109} INFO - [2021-10-16 23:34:17,705] {dagbag.py:500} INFO - Filling up the DagBag from /home/airflow/.local/lib/python3.6/site-packages/airflow/example_dags/example_dag_decorator.py
[2021-10-16 23:34:17,763] {processor.py:632} INFO - DAG(s) dict_keys(['example_dag_decorator']) retrieved from /home/airflow/.local/lib/python3.6/site-packages/airflow/example_dags/example_dag_decorator.py
[2021-10-16 23:34:18,199] {logging_mixin.py:109} INFO - [2021-10-16 23:34:18,198] {dag.py:2389} INFO - Sync 1 DAGs
[2021-10-16 23:34:18,218] {logging_mixin.py:109} INFO - [2021-10-16 23:34:18,218] {dag.py:2914} INFO - Setting next_dagrun for example_dag_decorator to None
[2021-10-16 23:34:18,235] {processor.py:171} INFO - Processing /home/airflow/.local/lib/python3.6/site-packages/airflow/example_dags/example_dag_decorator.py took 0.536 seconds
[2021-10-16 23:34:48,816] {processor.py:163} INFO - Started process (PID=372) to work on /home/airflow/.local/lib/python3.6/site-packages/airflow/example_dags/example_dag_decorator.py
[2021-10-16 23:34:48,817] {processor.py:620} INFO - Processing file /home/airflow/.local/lib/python3.6/site-packages/airflow/example_dags/example_dag_decorator.py for tasks to queue
[2021-10-16 23:34:48,818] {logging_mixin.py:109} INFO - [2021-10-16 23:34:48,818] {dagbag.py:500} INFO - Filling up the DagBag from /home/airflow/.local/lib/python3.6/site-packages/airflow/example_dags/example_dag_decorator.py
[2021-10-16 23:34:48,872] {processor.py:632} INFO - DAG(s) dict_keys(['example_dag_decorator']) retrieved from /home/airflow/.local/lib/python3.6/site-packages/airflow/example_dags/example_dag_decorator.py
[2021-10-16 23:34:49,250] {logging_mixin.py:109} INFO - [2021-10-16 23:34:49,250] {dag.py:2389} INFO - Sync 1 DAGs
[2021-10-16 23:34:49,274] {logging_mixin.py:109} INFO - [2021-10-16 23:34:49,273] {dag.py:2914} INFO - Setting next_dagrun for example_dag_decorator to None
[2021-10-16 23:34:49,289] {processor.py:171} INFO - Processing /home/airflow/.local/lib/python3.6/site-packages/airflow/example_dags/example_dag_decorator.py took 0.478 seconds
[2021-10-16 23:35:19,913] {processor.py:163} INFO - Started process (PID=431) to work on /home/airflow/.local/lib/python3.6/site-packages/airflow/example_dags/example_dag_decorator.py
[2021-10-16 23:35:19,915] {processor.py:620} INFO - Processing file /home/airflow/.local/lib/python3.6/site-packages/airflow/example_dags/example_dag_decorator.py for tasks to queue
[2021-10-16 23:35:19,915] {logging_mixin.py:109} INFO - [2021-10-16 23:35:19,915] {dagbag.py:500} INFO - Filling up the DagBag from /home/airflow/.local/lib/python3.6/site-packages/airflow/example_dags/example_dag_decorator.py
[2021-10-16 23:35:19,961] {processor.py:632} INFO - DAG(s) dict_keys(['example_dag_decorator']) retrieved from /home/airflow/.local/lib/python3.6/site-packages/airflow/example_dags/example_dag_decorator.py
[2021-10-16 23:35:20,283] {logging_mixin.py:109} INFO - [2021-10-16 23:35:20,283] {dag.py:2389} INFO - Sync 1 DAGs
[2021-10-16 23:35:20,305] {logging_mixin.py:109} INFO - [2021-10-16 23:35:20,305] {dag.py:2914} INFO - Setting next_dagrun for example_dag_decorator to None
[2021-10-16 23:35:20,317] {processor.py:171} INFO - Processing /home/airflow/.local/lib/python3.6/site-packages/airflow/example_dags/example_dag_decorator.py took 0.407 seconds
[2021-10-16 23:35:50,796] {processor.py:163} INFO - Started process (PID=496) to work on /home/airflow/.local/lib/python3.6/site-packages/airflow/example_dags/example_dag_decorator.py
[2021-10-16 23:35:50,798] {processor.py:620} INFO - Processing file /home/airflow/.local/lib/python3.6/site-packages/airflow/example_dags/example_dag_decorator.py for tasks to queue
[2021-10-16 23:35:50,799] {logging_mixin.py:109} INFO - [2021-10-16 23:35:50,799] {dagbag.py:500} INFO - Filling up the DagBag from /home/airflow/.local/lib/python3.6/site-packages/airflow/example_dags/example_dag_decorator.py
[2021-10-16 23:35:50,849] {processor.py:632} INFO - DAG(s) dict_keys(['example_dag_decorator']) retrieved from /home/airflow/.local/lib/python3.6/site-packages/airflow/example_dags/example_dag_decorator.py
[2021-10-16 23:35:51,132] {logging_mixin.py:109} INFO - [2021-10-16 23:35:51,132] {dag.py:2389} INFO - Sync 1 DAGs
[2021-10-16 23:35:51,154] {logging_mixin.py:109} INFO - [2021-10-16 23:35:51,154] {dag.py:2914} INFO - Setting next_dagrun for example_dag_decorator to None
[2021-10-16 23:35:51,167] {processor.py:171} INFO - Processing /home/airflow/.local/lib/python3.6/site-packages/airflow/example_dags/example_dag_decorator.py took 0.374 seconds
[2021-10-16 23:36:21,276] {processor.py:163} INFO - Started process (PID=555) to work on /home/airflow/.local/lib/python3.6/site-packages/airflow/example_dags/example_dag_decorator.py
[2021-10-16 23:36:21,277] {processor.py:620} INFO - Processing file /home/airflow/.local/lib/python3.6/site-packages/airflow/example_dags/example_dag_decorator.py for tasks to queue
[2021-10-16 23:36:21,278] {logging_mixin.py:109} INFO - [2021-10-16 23:36:21,277] {dagbag.py:500} INFO - Filling up the DagBag from /home/airflow/.local/lib/python3.6/site-packages/airflow/example_dags/example_dag_decorator.py
[2021-10-16 23:36:21,310] {processor.py:632} INFO - DAG(s) dict_keys(['example_dag_decorator']) retrieved from /home/airflow/.local/lib/python3.6/site-packages/airflow/example_dags/example_dag_decorator.py
[2021-10-16 23:36:21,508] {logging_mixin.py:109} INFO - [2021-10-16 23:36:21,508] {dag.py:2389} INFO - Sync 1 DAGs
[2021-10-16 23:36:21,520] {logging_mixin.py:109} INFO - [2021-10-16 23:36:21,520] {dag.py:2914} INFO - Setting next_dagrun for example_dag_decorator to None
[2021-10-16 23:36:21,529] {processor.py:171} INFO - Processing /home/airflow/.local/lib/python3.6/site-packages/airflow/example_dags/example_dag_decorator.py took 0.256 seconds
[2021-10-16 23:36:51,610] {processor.py:163} INFO - Started process (PID=610) to work on /home/airflow/.local/lib/python3.6/site-packages/airflow/example_dags/example_dag_decorator.py
[2021-10-16 23:36:51,611] {processor.py:620} INFO - Processing file /home/airflow/.local/lib/python3.6/site-packages/airflow/example_dags/example_dag_decorator.py for tasks to queue
[2021-10-16 23:36:51,612] {logging_mixin.py:109} INFO - [2021-10-16 23:36:51,612] {dagbag.py:500} INFO - Filling up the DagBag from /home/airflow/.local/lib/python3.6/site-packages/airflow/example_dags/example_dag_decorator.py
[2021-10-16 23:36:51,647] {processor.py:632} INFO - DAG(s) dict_keys(['example_dag_decorator']) retrieved from /home/airflow/.local/lib/python3.6/site-packages/airflow/example_dags/example_dag_decorator.py
[2021-10-16 23:36:51,866] {logging_mixin.py:109} INFO - [2021-10-16 23:36:51,866] {dag.py:2389} INFO - Sync 1 DAGs
[2021-10-16 23:36:51,878] {logging_mixin.py:109} INFO - [2021-10-16 23:36:51,878] {dag.py:2914} INFO - Setting next_dagrun for example_dag_decorator to None
[2021-10-16 23:36:51,887] {processor.py:171} INFO - Processing /home/airflow/.local/lib/python3.6/site-packages/airflow/example_dags/example_dag_decorator.py took 0.280 seconds
[2021-10-16 23:37:22,733] {processor.py:163} INFO - Started process (PID=676) to work on /home/airflow/.local/lib/python3.6/site-packages/airflow/example_dags/example_dag_decorator.py
[2021-10-16 23:37:22,735] {processor.py:620} INFO - Processing file /home/airflow/.local/lib/python3.6/site-packages/airflow/example_dags/example_dag_decorator.py for tasks to queue
[2021-10-16 23:37:22,737] {logging_mixin.py:109} INFO - [2021-10-16 23:37:22,736] {dagbag.py:500} INFO - Filling up the DagBag from /home/airflow/.local/lib/python3.6/site-packages/airflow/example_dags/example_dag_decorator.py
[2021-10-16 23:37:22,805] {processor.py:632} INFO - DAG(s) dict_keys(['example_dag_decorator']) retrieved from /home/airflow/.local/lib/python3.6/site-packages/airflow/example_dags/example_dag_decorator.py
[2021-10-16 23:37:23,244] {logging_mixin.py:109} INFO - [2021-10-16 23:37:23,244] {dag.py:2389} INFO - Sync 1 DAGs
[2021-10-16 23:37:23,268] {logging_mixin.py:109} INFO - [2021-10-16 23:37:23,268] {dag.py:2914} INFO - Setting next_dagrun for example_dag_decorator to None
[2021-10-16 23:37:23,284] {processor.py:171} INFO - Processing /home/airflow/.local/lib/python3.6/site-packages/airflow/example_dags/example_dag_decorator.py took 0.556 seconds
[2021-10-16 23:37:53,329] {processor.py:163} INFO - Started process (PID=731) to work on /home/airflow/.local/lib/python3.6/site-packages/airflow/example_dags/example_dag_decorator.py
[2021-10-16 23:37:53,330] {processor.py:620} INFO - Processing file /home/airflow/.local/lib/python3.6/site-packages/airflow/example_dags/example_dag_decorator.py for tasks to queue
[2021-10-16 23:37:53,331] {logging_mixin.py:109} INFO - [2021-10-16 23:37:53,331] {dagbag.py:500} INFO - Filling up the DagBag from /home/airflow/.local/lib/python3.6/site-packages/airflow/example_dags/example_dag_decorator.py
[2021-10-16 23:37:53,374] {processor.py:632} INFO - DAG(s) dict_keys(['example_dag_decorator']) retrieved from /home/airflow/.local/lib/python3.6/site-packages/airflow/example_dags/example_dag_decorator.py
[2021-10-16 23:37:53,588] {logging_mixin.py:109} INFO - [2021-10-16 23:37:53,588] {dag.py:2389} INFO - Sync 1 DAGs
[2021-10-16 23:37:53,602] {logging_mixin.py:109} INFO - [2021-10-16 23:37:53,601] {dag.py:2914} INFO - Setting next_dagrun for example_dag_decorator to None
[2021-10-16 23:37:53,611] {processor.py:171} INFO - Processing /home/airflow/.local/lib/python3.6/site-packages/airflow/example_dags/example_dag_decorator.py took 0.285 seconds
[2021-10-16 23:38:23,720] {processor.py:163} INFO - Started process (PID=788) to work on /home/airflow/.local/lib/python3.6/site-packages/airflow/example_dags/example_dag_decorator.py
[2021-10-16 23:38:23,721] {processor.py:620} INFO - Processing file /home/airflow/.local/lib/python3.6/site-packages/airflow/example_dags/example_dag_decorator.py for tasks to queue
[2021-10-16 23:38:23,722] {logging_mixin.py:109} INFO - [2021-10-16 23:38:23,722] {dagbag.py:500} INFO - Filling up the DagBag from /home/airflow/.local/lib/python3.6/site-packages/airflow/example_dags/example_dag_decorator.py
[2021-10-16 23:38:23,760] {processor.py:632} INFO - DAG(s) dict_keys(['example_dag_decorator']) retrieved from /home/airflow/.local/lib/python3.6/site-packages/airflow/example_dags/example_dag_decorator.py
[2021-10-16 23:38:23,977] {logging_mixin.py:109} INFO - [2021-10-16 23:38:23,977] {dag.py:2389} INFO - Sync 1 DAGs
[2021-10-16 23:38:23,991] {logging_mixin.py:109} INFO - [2021-10-16 23:38:23,991] {dag.py:2914} INFO - Setting next_dagrun for example_dag_decorator to None
[2021-10-16 23:38:24,001] {processor.py:171} INFO - Processing /home/airflow/.local/lib/python3.6/site-packages/airflow/example_dags/example_dag_decorator.py took 0.284 seconds
[2021-10-16 23:38:54,114] {processor.py:163} INFO - Started process (PID=853) to work on /home/airflow/.local/lib/python3.6/site-packages/airflow/example_dags/example_dag_decorator.py
[2021-10-16 23:38:54,116] {processor.py:620} INFO - Processing file /home/airflow/.local/lib/python3.6/site-packages/airflow/example_dags/example_dag_decorator.py for tasks to queue
[2021-10-16 23:38:54,116] {logging_mixin.py:109} INFO - [2021-10-16 23:38:54,116] {dagbag.py:500} INFO - Filling up the DagBag from /home/airflow/.local/lib/python3.6/site-packages/airflow/example_dags/example_dag_decorator.py
[2021-10-16 23:38:54,156] {processor.py:632} INFO - DAG(s) dict_keys(['example_dag_decorator']) retrieved from /home/airflow/.local/lib/python3.6/site-packages/airflow/example_dags/example_dag_decorator.py
[2021-10-16 23:38:54,350] {logging_mixin.py:109} INFO - [2021-10-16 23:38:54,350] {dag.py:2389} INFO - Sync 1 DAGs
[2021-10-16 23:38:54,362] {logging_mixin.py:109} INFO - [2021-10-16 23:38:54,362] {dag.py:2914} INFO - Setting next_dagrun for example_dag_decorator to None
[2021-10-16 23:38:54,371] {processor.py:171} INFO - Processing /home/airflow/.local/lib/python3.6/site-packages/airflow/example_dags/example_dag_decorator.py took 0.261 seconds
[2021-10-16 23:39:24,457] {processor.py:163} INFO - Started process (PID=909) to work on /home/airflow/.local/lib/python3.6/site-packages/airflow/example_dags/example_dag_decorator.py
[2021-10-16 23:39:24,458] {processor.py:620} INFO - Processing file /home/airflow/.local/lib/python3.6/site-packages/airflow/example_dags/example_dag_decorator.py for tasks to queue
[2021-10-16 23:39:24,459] {logging_mixin.py:109} INFO - [2021-10-16 23:39:24,459] {dagbag.py:500} INFO - Filling up the DagBag from /home/airflow/.local/lib/python3.6/site-packages/airflow/example_dags/example_dag_decorator.py
[2021-10-16 23:39:24,505] {processor.py:632} INFO - DAG(s) dict_keys(['example_dag_decorator']) retrieved from /home/airflow/.local/lib/python3.6/site-packages/airflow/example_dags/example_dag_decorator.py
[2021-10-16 23:39:24,899] {logging_mixin.py:109} INFO - [2021-10-16 23:39:24,899] {dag.py:2389} INFO - Sync 1 DAGs
[2021-10-16 23:39:24,923] {logging_mixin.py:109} INFO - [2021-10-16 23:39:24,923] {dag.py:2914} INFO - Setting next_dagrun for example_dag_decorator to None
[2021-10-16 23:39:24,942] {processor.py:171} INFO - Processing /home/airflow/.local/lib/python3.6/site-packages/airflow/example_dags/example_dag_decorator.py took 0.488 seconds
[2021-10-16 23:39:55,015] {processor.py:163} INFO - Started process (PID=974) to work on /home/airflow/.local/lib/python3.6/site-packages/airflow/example_dags/example_dag_decorator.py
[2021-10-16 23:39:55,016] {processor.py:620} INFO - Processing file /home/airflow/.local/lib/python3.6/site-packages/airflow/example_dags/example_dag_decorator.py for tasks to queue
[2021-10-16 23:39:55,016] {logging_mixin.py:109} INFO - [2021-10-16 23:39:55,016] {dagbag.py:500} INFO - Filling up the DagBag from /home/airflow/.local/lib/python3.6/site-packages/airflow/example_dags/example_dag_decorator.py
[2021-10-16 23:39:55,049] {processor.py:632} INFO - DAG(s) dict_keys(['example_dag_decorator']) retrieved from /home/airflow/.local/lib/python3.6/site-packages/airflow/example_dags/example_dag_decorator.py
[2021-10-16 23:39:55,278] {logging_mixin.py:109} INFO - [2021-10-16 23:39:55,278] {dag.py:2389} INFO - Sync 1 DAGs
[2021-10-16 23:39:55,297] {logging_mixin.py:109} INFO - [2021-10-16 23:39:55,297] {dag.py:2914} INFO - Setting next_dagrun for example_dag_decorator to None
[2021-10-16 23:39:55,309] {processor.py:171} INFO - Processing /home/airflow/.local/lib/python3.6/site-packages/airflow/example_dags/example_dag_decorator.py took 0.296 seconds
[2021-10-16 23:40:26,137] {processor.py:163} INFO - Started process (PID=1033) to work on /home/airflow/.local/lib/python3.6/site-packages/airflow/example_dags/example_dag_decorator.py
[2021-10-16 23:40:26,139] {processor.py:620} INFO - Processing file /home/airflow/.local/lib/python3.6/site-packages/airflow/example_dags/example_dag_decorator.py for tasks to queue
[2021-10-16 23:40:26,140] {logging_mixin.py:109} INFO - [2021-10-16 23:40:26,140] {dagbag.py:500} INFO - Filling up the DagBag from /home/airflow/.local/lib/python3.6/site-packages/airflow/example_dags/example_dag_decorator.py
[2021-10-16 23:40:26,179] {processor.py:632} INFO - DAG(s) dict_keys(['example_dag_decorator']) retrieved from /home/airflow/.local/lib/python3.6/site-packages/airflow/example_dags/example_dag_decorator.py
[2021-10-16 23:40:26,475] {logging_mixin.py:109} INFO - [2021-10-16 23:40:26,475] {dag.py:2389} INFO - Sync 1 DAGs
[2021-10-16 23:40:26,494] {logging_mixin.py:109} INFO - [2021-10-16 23:40:26,494] {dag.py:2914} INFO - Setting next_dagrun for example_dag_decorator to None
[2021-10-16 23:40:26,505] {processor.py:171} INFO - Processing /home/airflow/.local/lib/python3.6/site-packages/airflow/example_dags/example_dag_decorator.py took 0.372 seconds
[2021-10-16 23:40:57,180] {processor.py:163} INFO - Started process (PID=1088) to work on /home/airflow/.local/lib/python3.6/site-packages/airflow/example_dags/example_dag_decorator.py
[2021-10-16 23:40:57,184] {processor.py:620} INFO - Processing file /home/airflow/.local/lib/python3.6/site-packages/airflow/example_dags/example_dag_decorator.py for tasks to queue
[2021-10-16 23:40:57,186] {logging_mixin.py:109} INFO - [2021-10-16 23:40:57,185] {dagbag.py:500} INFO - Filling up the DagBag from /home/airflow/.local/lib/python3.6/site-packages/airflow/example_dags/example_dag_decorator.py
[2021-10-16 23:40:57,238] {processor.py:632} INFO - DAG(s) dict_keys(['example_dag_decorator']) retrieved from /home/airflow/.local/lib/python3.6/site-packages/airflow/example_dags/example_dag_decorator.py
[2021-10-16 23:40:57,443] {logging_mixin.py:109} INFO - [2021-10-16 23:40:57,443] {dag.py:2389} INFO - Sync 1 DAGs
[2021-10-16 23:40:57,456] {logging_mixin.py:109} INFO - [2021-10-16 23:40:57,456] {dag.py:2914} INFO - Setting next_dagrun for example_dag_decorator to None
[2021-10-16 23:40:57,464] {processor.py:171} INFO - Processing /home/airflow/.local/lib/python3.6/site-packages/airflow/example_dags/example_dag_decorator.py took 0.294 seconds
[2021-10-16 23:41:27,537] {processor.py:163} INFO - Started process (PID=1153) to work on /home/airflow/.local/lib/python3.6/site-packages/airflow/example_dags/example_dag_decorator.py
[2021-10-16 23:41:27,539] {processor.py:620} INFO - Processing file /home/airflow/.local/lib/python3.6/site-packages/airflow/example_dags/example_dag_decorator.py for tasks to queue
[2021-10-16 23:41:27,539] {logging_mixin.py:109} INFO - [2021-10-16 23:41:27,539] {dagbag.py:500} INFO - Filling up the DagBag from /home/airflow/.local/lib/python3.6/site-packages/airflow/example_dags/example_dag_decorator.py
[2021-10-16 23:41:27,577] {processor.py:632} INFO - DAG(s) dict_keys(['example_dag_decorator']) retrieved from /home/airflow/.local/lib/python3.6/site-packages/airflow/example_dags/example_dag_decorator.py
[2021-10-16 23:41:27,804] {logging_mixin.py:109} INFO - [2021-10-16 23:41:27,803] {dag.py:2389} INFO - Sync 1 DAGs
[2021-10-16 23:41:27,818] {logging_mixin.py:109} INFO - [2021-10-16 23:41:27,818] {dag.py:2914} INFO - Setting next_dagrun for example_dag_decorator to None
[2021-10-16 23:41:27,829] {processor.py:171} INFO - Processing /home/airflow/.local/lib/python3.6/site-packages/airflow/example_dags/example_dag_decorator.py took 0.294 seconds
[2021-10-16 23:41:58,512] {processor.py:163} INFO - Started process (PID=1208) to work on /home/airflow/.local/lib/python3.6/site-packages/airflow/example_dags/example_dag_decorator.py
[2021-10-16 23:41:58,513] {processor.py:620} INFO - Processing file /home/airflow/.local/lib/python3.6/site-packages/airflow/example_dags/example_dag_decorator.py for tasks to queue
[2021-10-16 23:41:58,514] {logging_mixin.py:109} INFO - [2021-10-16 23:41:58,514] {dagbag.py:500} INFO - Filling up the DagBag from /home/airflow/.local/lib/python3.6/site-packages/airflow/example_dags/example_dag_decorator.py
[2021-10-16 23:41:58,549] {processor.py:632} INFO - DAG(s) dict_keys(['example_dag_decorator']) retrieved from /home/airflow/.local/lib/python3.6/site-packages/airflow/example_dags/example_dag_decorator.py
[2021-10-16 23:41:58,798] {logging_mixin.py:109} INFO - [2021-10-16 23:41:58,798] {dag.py:2389} INFO - Sync 1 DAGs
[2021-10-16 23:41:58,811] {logging_mixin.py:109} INFO - [2021-10-16 23:41:58,811] {dag.py:2914} INFO - Setting next_dagrun for example_dag_decorator to None
[2021-10-16 23:41:58,820] {processor.py:171} INFO - Processing /home/airflow/.local/lib/python3.6/site-packages/airflow/example_dags/example_dag_decorator.py took 0.310 seconds
[2021-10-16 23:42:28,857] {processor.py:163} INFO - Started process (PID=1273) to work on /home/airflow/.local/lib/python3.6/site-packages/airflow/example_dags/example_dag_decorator.py
[2021-10-16 23:42:28,858] {processor.py:620} INFO - Processing file /home/airflow/.local/lib/python3.6/site-packages/airflow/example_dags/example_dag_decorator.py for tasks to queue
[2021-10-16 23:42:28,858] {logging_mixin.py:109} INFO - [2021-10-16 23:42:28,858] {dagbag.py:500} INFO - Filling up the DagBag from /home/airflow/.local/lib/python3.6/site-packages/airflow/example_dags/example_dag_decorator.py
[2021-10-16 23:42:28,898] {processor.py:632} INFO - DAG(s) dict_keys(['example_dag_decorator']) retrieved from /home/airflow/.local/lib/python3.6/site-packages/airflow/example_dags/example_dag_decorator.py
[2021-10-16 23:42:29,125] {logging_mixin.py:109} INFO - [2021-10-16 23:42:29,125] {dag.py:2389} INFO - Sync 1 DAGs
[2021-10-16 23:42:29,146] {logging_mixin.py:109} INFO - [2021-10-16 23:42:29,145] {dag.py:2914} INFO - Setting next_dagrun for example_dag_decorator to None
[2021-10-16 23:42:29,159] {processor.py:171} INFO - Processing /home/airflow/.local/lib/python3.6/site-packages/airflow/example_dags/example_dag_decorator.py took 0.305 seconds
[2021-10-16 23:42:59,796] {processor.py:163} INFO - Started process (PID=1329) to work on /home/airflow/.local/lib/python3.6/site-packages/airflow/example_dags/example_dag_decorator.py
[2021-10-16 23:42:59,799] {processor.py:620} INFO - Processing file /home/airflow/.local/lib/python3.6/site-packages/airflow/example_dags/example_dag_decorator.py for tasks to queue
[2021-10-16 23:42:59,801] {logging_mixin.py:109} INFO - [2021-10-16 23:42:59,801] {dagbag.py:500} INFO - Filling up the DagBag from /home/airflow/.local/lib/python3.6/site-packages/airflow/example_dags/example_dag_decorator.py
[2021-10-16 23:42:59,844] {processor.py:632} INFO - DAG(s) dict_keys(['example_dag_decorator']) retrieved from /home/airflow/.local/lib/python3.6/site-packages/airflow/example_dags/example_dag_decorator.py
[2021-10-16 23:43:00,043] {logging_mixin.py:109} INFO - [2021-10-16 23:43:00,043] {dag.py:2389} INFO - Sync 1 DAGs
[2021-10-16 23:43:00,056] {logging_mixin.py:109} INFO - [2021-10-16 23:43:00,056] {dag.py:2914} INFO - Setting next_dagrun for example_dag_decorator to None
[2021-10-16 23:43:00,066] {processor.py:171} INFO - Processing /home/airflow/.local/lib/python3.6/site-packages/airflow/example_dags/example_dag_decorator.py took 0.279 seconds
[2021-10-16 23:43:30,632] {processor.py:163} INFO - Started process (PID=1396) to work on /home/airflow/.local/lib/python3.6/site-packages/airflow/example_dags/example_dag_decorator.py
[2021-10-16 23:43:30,633] {processor.py:620} INFO - Processing file /home/airflow/.local/lib/python3.6/site-packages/airflow/example_dags/example_dag_decorator.py for tasks to queue
[2021-10-16 23:43:30,634] {logging_mixin.py:109} INFO - [2021-10-16 23:43:30,634] {dagbag.py:500} INFO - Filling up the DagBag from /home/airflow/.local/lib/python3.6/site-packages/airflow/example_dags/example_dag_decorator.py
[2021-10-16 23:43:30,668] {processor.py:632} INFO - DAG(s) dict_keys(['example_dag_decorator']) retrieved from /home/airflow/.local/lib/python3.6/site-packages/airflow/example_dags/example_dag_decorator.py
[2021-10-16 23:43:30,945] {logging_mixin.py:109} INFO - [2021-10-16 23:43:30,945] {dag.py:2389} INFO - Sync 1 DAGs
[2021-10-16 23:43:30,964] {logging_mixin.py:109} INFO - [2021-10-16 23:43:30,964] {dag.py:2914} INFO - Setting next_dagrun for example_dag_decorator to None
[2021-10-16 23:43:30,976] {processor.py:171} INFO - Processing /home/airflow/.local/lib/python3.6/site-packages/airflow/example_dags/example_dag_decorator.py took 0.346 seconds
[2021-10-16 23:44:01,001] {processor.py:163} INFO - Started process (PID=1451) to work on /home/airflow/.local/lib/python3.6/site-packages/airflow/example_dags/example_dag_decorator.py
[2021-10-16 23:44:01,002] {processor.py:620} INFO - Processing file /home/airflow/.local/lib/python3.6/site-packages/airflow/example_dags/example_dag_decorator.py for tasks to queue
[2021-10-16 23:44:01,002] {logging_mixin.py:109} INFO - [2021-10-16 23:44:01,002] {dagbag.py:500} INFO - Filling up the DagBag from /home/airflow/.local/lib/python3.6/site-packages/airflow/example_dags/example_dag_decorator.py
[2021-10-16 23:44:01,069] {processor.py:632} INFO - DAG(s) dict_keys(['example_dag_decorator']) retrieved from /home/airflow/.local/lib/python3.6/site-packages/airflow/example_dags/example_dag_decorator.py
[2021-10-16 23:44:01,270] {logging_mixin.py:109} INFO - [2021-10-16 23:44:01,269] {dag.py:2389} INFO - Sync 1 DAGs
[2021-10-16 23:44:01,283] {logging_mixin.py:109} INFO - [2021-10-16 23:44:01,282] {dag.py:2914} INFO - Setting next_dagrun for example_dag_decorator to None
[2021-10-16 23:44:01,292] {processor.py:171} INFO - Processing /home/airflow/.local/lib/python3.6/site-packages/airflow/example_dags/example_dag_decorator.py took 0.294 seconds
[2021-10-16 23:44:31,497] {processor.py:163} INFO - Started process (PID=1507) to work on /home/airflow/.local/lib/python3.6/site-packages/airflow/example_dags/example_dag_decorator.py
[2021-10-16 23:44:31,500] {processor.py:620} INFO - Processing file /home/airflow/.local/lib/python3.6/site-packages/airflow/example_dags/example_dag_decorator.py for tasks to queue
[2021-10-16 23:44:31,501] {logging_mixin.py:109} INFO - [2021-10-16 23:44:31,501] {dagbag.py:500} INFO - Filling up the DagBag from /home/airflow/.local/lib/python3.6/site-packages/airflow/example_dags/example_dag_decorator.py
[2021-10-16 23:44:31,549] {processor.py:632} INFO - DAG(s) dict_keys(['example_dag_decorator']) retrieved from /home/airflow/.local/lib/python3.6/site-packages/airflow/example_dags/example_dag_decorator.py
[2021-10-16 23:44:31,749] {logging_mixin.py:109} INFO - [2021-10-16 23:44:31,749] {dag.py:2389} INFO - Sync 1 DAGs
[2021-10-16 23:44:31,762] {logging_mixin.py:109} INFO - [2021-10-16 23:44:31,761] {dag.py:2914} INFO - Setting next_dagrun for example_dag_decorator to None
[2021-10-16 23:44:31,770] {processor.py:171} INFO - Processing /home/airflow/.local/lib/python3.6/site-packages/airflow/example_dags/example_dag_decorator.py took 0.282 seconds
[2021-10-16 23:45:01,803] {processor.py:163} INFO - Started process (PID=1572) to work on /home/airflow/.local/lib/python3.6/site-packages/airflow/example_dags/example_dag_decorator.py
[2021-10-16 23:45:01,807] {processor.py:620} INFO - Processing file /home/airflow/.local/lib/python3.6/site-packages/airflow/example_dags/example_dag_decorator.py for tasks to queue
[2021-10-16 23:45:01,808] {logging_mixin.py:109} INFO - [2021-10-16 23:45:01,808] {dagbag.py:500} INFO - Filling up the DagBag from /home/airflow/.local/lib/python3.6/site-packages/airflow/example_dags/example_dag_decorator.py
[2021-10-16 23:45:01,852] {processor.py:632} INFO - DAG(s) dict_keys(['example_dag_decorator']) retrieved from /home/airflow/.local/lib/python3.6/site-packages/airflow/example_dags/example_dag_decorator.py
[2021-10-16 23:45:02,050] {logging_mixin.py:109} INFO - [2021-10-16 23:45:02,050] {dag.py:2389} INFO - Sync 1 DAGs
[2021-10-16 23:45:02,062] {logging_mixin.py:109} INFO - [2021-10-16 23:45:02,062] {dag.py:2914} INFO - Setting next_dagrun for example_dag_decorator to None
[2021-10-16 23:45:02,071] {processor.py:171} INFO - Processing /home/airflow/.local/lib/python3.6/site-packages/airflow/example_dags/example_dag_decorator.py took 0.276 seconds
[2021-10-16 23:45:32,253] {processor.py:163} INFO - Started process (PID=1627) to work on /home/airflow/.local/lib/python3.6/site-packages/airflow/example_dags/example_dag_decorator.py
[2021-10-16 23:45:32,255] {processor.py:620} INFO - Processing file /home/airflow/.local/lib/python3.6/site-packages/airflow/example_dags/example_dag_decorator.py for tasks to queue
[2021-10-16 23:45:32,256] {logging_mixin.py:109} INFO - [2021-10-16 23:45:32,256] {dagbag.py:500} INFO - Filling up the DagBag from /home/airflow/.local/lib/python3.6/site-packages/airflow/example_dags/example_dag_decorator.py
[2021-10-16 23:45:32,311] {processor.py:632} INFO - DAG(s) dict_keys(['example_dag_decorator']) retrieved from /home/airflow/.local/lib/python3.6/site-packages/airflow/example_dags/example_dag_decorator.py
[2021-10-16 23:45:32,591] {logging_mixin.py:109} INFO - [2021-10-16 23:45:32,591] {dag.py:2389} INFO - Sync 1 DAGs
[2021-10-16 23:45:32,605] {logging_mixin.py:109} INFO - [2021-10-16 23:45:32,605] {dag.py:2914} INFO - Setting next_dagrun for example_dag_decorator to None
[2021-10-16 23:45:32,617] {processor.py:171} INFO - Processing /home/airflow/.local/lib/python3.6/site-packages/airflow/example_dags/example_dag_decorator.py took 0.367 seconds
[2021-10-16 23:46:02,700] {processor.py:163} INFO - Started process (PID=1694) to work on /home/airflow/.local/lib/python3.6/site-packages/airflow/example_dags/example_dag_decorator.py
[2021-10-16 23:46:02,701] {processor.py:620} INFO - Processing file /home/airflow/.local/lib/python3.6/site-packages/airflow/example_dags/example_dag_decorator.py for tasks to queue
[2021-10-16 23:46:02,701] {logging_mixin.py:109} INFO - [2021-10-16 23:46:02,701] {dagbag.py:500} INFO - Filling up the DagBag from /home/airflow/.local/lib/python3.6/site-packages/airflow/example_dags/example_dag_decorator.py
[2021-10-16 23:46:02,739] {processor.py:632} INFO - DAG(s) dict_keys(['example_dag_decorator']) retrieved from /home/airflow/.local/lib/python3.6/site-packages/airflow/example_dags/example_dag_decorator.py
[2021-10-16 23:46:02,982] {logging_mixin.py:109} INFO - [2021-10-16 23:46:02,982] {dag.py:2389} INFO - Sync 1 DAGs
[2021-10-16 23:46:02,996] {logging_mixin.py:109} INFO - [2021-10-16 23:46:02,996] {dag.py:2914} INFO - Setting next_dagrun for example_dag_decorator to None
[2021-10-16 23:46:03,007] {processor.py:171} INFO - Processing /home/airflow/.local/lib/python3.6/site-packages/airflow/example_dags/example_dag_decorator.py took 0.310 seconds
[2021-10-16 23:46:33,159] {processor.py:163} INFO - Started process (PID=1749) to work on /home/airflow/.local/lib/python3.6/site-packages/airflow/example_dags/example_dag_decorator.py
[2021-10-16 23:46:33,161] {processor.py:620} INFO - Processing file /home/airflow/.local/lib/python3.6/site-packages/airflow/example_dags/example_dag_decorator.py for tasks to queue
[2021-10-16 23:46:33,161] {logging_mixin.py:109} INFO - [2021-10-16 23:46:33,161] {dagbag.py:500} INFO - Filling up the DagBag from /home/airflow/.local/lib/python3.6/site-packages/airflow/example_dags/example_dag_decorator.py
[2021-10-16 23:46:33,202] {processor.py:632} INFO - DAG(s) dict_keys(['example_dag_decorator']) retrieved from /home/airflow/.local/lib/python3.6/site-packages/airflow/example_dags/example_dag_decorator.py
[2021-10-16 23:46:33,476] {logging_mixin.py:109} INFO - [2021-10-16 23:46:33,476] {dag.py:2389} INFO - Sync 1 DAGs
[2021-10-16 23:46:33,489] {logging_mixin.py:109} INFO - [2021-10-16 23:46:33,489] {dag.py:2914} INFO - Setting next_dagrun for example_dag_decorator to None
[2021-10-16 23:46:33,498] {processor.py:171} INFO - Processing /home/airflow/.local/lib/python3.6/site-packages/airflow/example_dags/example_dag_decorator.py took 0.341 seconds
[2021-10-16 23:47:03,677] {processor.py:163} INFO - Started process (PID=1804) to work on /home/airflow/.local/lib/python3.6/site-packages/airflow/example_dags/example_dag_decorator.py
[2021-10-16 23:47:03,678] {processor.py:620} INFO - Processing file /home/airflow/.local/lib/python3.6/site-packages/airflow/example_dags/example_dag_decorator.py for tasks to queue
[2021-10-16 23:47:03,679] {logging_mixin.py:109} INFO - [2021-10-16 23:47:03,679] {dagbag.py:500} INFO - Filling up the DagBag from /home/airflow/.local/lib/python3.6/site-packages/airflow/example_dags/example_dag_decorator.py
[2021-10-16 23:47:03,714] {processor.py:632} INFO - DAG(s) dict_keys(['example_dag_decorator']) retrieved from /home/airflow/.local/lib/python3.6/site-packages/airflow/example_dags/example_dag_decorator.py
[2021-10-16 23:47:03,999] {logging_mixin.py:109} INFO - [2021-10-16 23:47:03,999] {dag.py:2389} INFO - Sync 1 DAGs
[2021-10-16 23:47:04,019] {logging_mixin.py:109} INFO - [2021-10-16 23:47:04,018] {dag.py:2914} INFO - Setting next_dagrun for example_dag_decorator to None
[2021-10-16 23:47:04,033] {processor.py:171} INFO - Processing /home/airflow/.local/lib/python3.6/site-packages/airflow/example_dags/example_dag_decorator.py took 0.359 seconds
[2021-10-16 23:47:34,219] {processor.py:163} INFO - Started process (PID=1870) to work on /home/airflow/.local/lib/python3.6/site-packages/airflow/example_dags/example_dag_decorator.py
[2021-10-16 23:47:34,223] {processor.py:620} INFO - Processing file /home/airflow/.local/lib/python3.6/site-packages/airflow/example_dags/example_dag_decorator.py for tasks to queue
[2021-10-16 23:47:34,225] {logging_mixin.py:109} INFO - [2021-10-16 23:47:34,225] {dagbag.py:500} INFO - Filling up the DagBag from /home/airflow/.local/lib/python3.6/site-packages/airflow/example_dags/example_dag_decorator.py
[2021-10-16 23:47:34,274] {processor.py:632} INFO - DAG(s) dict_keys(['example_dag_decorator']) retrieved from /home/airflow/.local/lib/python3.6/site-packages/airflow/example_dags/example_dag_decorator.py
[2021-10-16 23:47:34,500] {logging_mixin.py:109} INFO - [2021-10-16 23:47:34,500] {dag.py:2389} INFO - Sync 1 DAGs
[2021-10-16 23:47:34,514] {logging_mixin.py:109} INFO - [2021-10-16 23:47:34,514] {dag.py:2914} INFO - Setting next_dagrun for example_dag_decorator to None
[2021-10-16 23:47:34,527] {processor.py:171} INFO - Processing /home/airflow/.local/lib/python3.6/site-packages/airflow/example_dags/example_dag_decorator.py took 0.319 seconds
[2021-10-16 23:48:05,217] {processor.py:163} INFO - Started process (PID=1925) to work on /home/airflow/.local/lib/python3.6/site-packages/airflow/example_dags/example_dag_decorator.py
[2021-10-16 23:48:05,221] {processor.py:620} INFO - Processing file /home/airflow/.local/lib/python3.6/site-packages/airflow/example_dags/example_dag_decorator.py for tasks to queue
[2021-10-16 23:48:05,224] {logging_mixin.py:109} INFO - [2021-10-16 23:48:05,223] {dagbag.py:500} INFO - Filling up the DagBag from /home/airflow/.local/lib/python3.6/site-packages/airflow/example_dags/example_dag_decorator.py
[2021-10-16 23:48:05,275] {processor.py:632} INFO - DAG(s) dict_keys(['example_dag_decorator']) retrieved from /home/airflow/.local/lib/python3.6/site-packages/airflow/example_dags/example_dag_decorator.py
[2021-10-16 23:48:05,492] {logging_mixin.py:109} INFO - [2021-10-16 23:48:05,492] {dag.py:2389} INFO - Sync 1 DAGs
[2021-10-16 23:48:05,508] {logging_mixin.py:109} INFO - [2021-10-16 23:48:05,508] {dag.py:2914} INFO - Setting next_dagrun for example_dag_decorator to None
[2021-10-16 23:48:05,517] {processor.py:171} INFO - Processing /home/airflow/.local/lib/python3.6/site-packages/airflow/example_dags/example_dag_decorator.py took 0.310 seconds
[2021-10-16 23:48:36,243] {processor.py:163} INFO - Started process (PID=1990) to work on /home/airflow/.local/lib/python3.6/site-packages/airflow/example_dags/example_dag_decorator.py
[2021-10-16 23:48:36,244] {processor.py:620} INFO - Processing file /home/airflow/.local/lib/python3.6/site-packages/airflow/example_dags/example_dag_decorator.py for tasks to queue
[2021-10-16 23:48:36,245] {logging_mixin.py:109} INFO - [2021-10-16 23:48:36,245] {dagbag.py:500} INFO - Filling up the DagBag from /home/airflow/.local/lib/python3.6/site-packages/airflow/example_dags/example_dag_decorator.py
[2021-10-16 23:48:36,280] {processor.py:632} INFO - DAG(s) dict_keys(['example_dag_decorator']) retrieved from /home/airflow/.local/lib/python3.6/site-packages/airflow/example_dags/example_dag_decorator.py
[2021-10-16 23:48:36,531] {logging_mixin.py:109} INFO - [2021-10-16 23:48:36,531] {dag.py:2389} INFO - Sync 1 DAGs
[2021-10-16 23:48:36,547] {logging_mixin.py:109} INFO - [2021-10-16 23:48:36,547] {dag.py:2914} INFO - Setting next_dagrun for example_dag_decorator to None
[2021-10-16 23:48:36,562] {processor.py:171} INFO - Processing /home/airflow/.local/lib/python3.6/site-packages/airflow/example_dags/example_dag_decorator.py took 0.321 seconds
[2021-10-16 23:49:06,870] {processor.py:163} INFO - Started process (PID=2045) to work on /home/airflow/.local/lib/python3.6/site-packages/airflow/example_dags/example_dag_decorator.py
[2021-10-16 23:49:06,871] {processor.py:620} INFO - Processing file /home/airflow/.local/lib/python3.6/site-packages/airflow/example_dags/example_dag_decorator.py for tasks to queue
[2021-10-16 23:49:06,872] {logging_mixin.py:109} INFO - [2021-10-16 23:49:06,872] {dagbag.py:500} INFO - Filling up the DagBag from /home/airflow/.local/lib/python3.6/site-packages/airflow/example_dags/example_dag_decorator.py
[2021-10-16 23:49:06,904] {processor.py:632} INFO - DAG(s) dict_keys(['example_dag_decorator']) retrieved from /home/airflow/.local/lib/python3.6/site-packages/airflow/example_dags/example_dag_decorator.py
[2021-10-16 23:49:07,097] {logging_mixin.py:109} INFO - [2021-10-16 23:49:07,097] {dag.py:2389} INFO - Sync 1 DAGs
[2021-10-16 23:49:07,110] {logging_mixin.py:109} INFO - [2021-10-16 23:49:07,110] {dag.py:2914} INFO - Setting next_dagrun for example_dag_decorator to None
[2021-10-16 23:49:07,121] {processor.py:171} INFO - Processing /home/airflow/.local/lib/python3.6/site-packages/airflow/example_dags/example_dag_decorator.py took 0.253 seconds
[2021-10-16 23:49:37,197] {processor.py:163} INFO - Started process (PID=2101) to work on /home/airflow/.local/lib/python3.6/site-packages/airflow/example_dags/example_dag_decorator.py
[2021-10-16 23:49:37,199] {processor.py:620} INFO - Processing file /home/airflow/.local/lib/python3.6/site-packages/airflow/example_dags/example_dag_decorator.py for tasks to queue
[2021-10-16 23:49:37,200] {logging_mixin.py:109} INFO - [2021-10-16 23:49:37,199] {dagbag.py:500} INFO - Filling up the DagBag from /home/airflow/.local/lib/python3.6/site-packages/airflow/example_dags/example_dag_decorator.py
[2021-10-16 23:49:37,235] {processor.py:632} INFO - DAG(s) dict_keys(['example_dag_decorator']) retrieved from /home/airflow/.local/lib/python3.6/site-packages/airflow/example_dags/example_dag_decorator.py
[2021-10-16 23:49:37,451] {logging_mixin.py:109} INFO - [2021-10-16 23:49:37,451] {dag.py:2389} INFO - Sync 1 DAGs
[2021-10-16 23:49:37,464] {logging_mixin.py:109} INFO - [2021-10-16 23:49:37,464] {dag.py:2914} INFO - Setting next_dagrun for example_dag_decorator to None
[2021-10-16 23:49:37,474] {processor.py:171} INFO - Processing /home/airflow/.local/lib/python3.6/site-packages/airflow/example_dags/example_dag_decorator.py took 0.281 seconds
[2021-10-16 23:50:07,709] {processor.py:163} INFO - Started process (PID=2170) to work on /home/airflow/.local/lib/python3.6/site-packages/airflow/example_dags/example_dag_decorator.py
[2021-10-16 23:50:07,711] {processor.py:620} INFO - Processing file /home/airflow/.local/lib/python3.6/site-packages/airflow/example_dags/example_dag_decorator.py for tasks to queue
[2021-10-16 23:50:07,711] {logging_mixin.py:109} INFO - [2021-10-16 23:50:07,711] {dagbag.py:500} INFO - Filling up the DagBag from /home/airflow/.local/lib/python3.6/site-packages/airflow/example_dags/example_dag_decorator.py
[2021-10-16 23:50:07,745] {processor.py:632} INFO - DAG(s) dict_keys(['example_dag_decorator']) retrieved from /home/airflow/.local/lib/python3.6/site-packages/airflow/example_dags/example_dag_decorator.py
[2021-10-16 23:50:07,955] {logging_mixin.py:109} INFO - [2021-10-16 23:50:07,955] {dag.py:2389} INFO - Sync 1 DAGs
[2021-10-16 23:50:07,968] {logging_mixin.py:109} INFO - [2021-10-16 23:50:07,968] {dag.py:2914} INFO - Setting next_dagrun for example_dag_decorator to None
[2021-10-16 23:50:07,977] {processor.py:171} INFO - Processing /home/airflow/.local/lib/python3.6/site-packages/airflow/example_dags/example_dag_decorator.py took 0.270 seconds
[2021-10-16 23:50:38,561] {processor.py:163} INFO - Started process (PID=2223) to work on /home/airflow/.local/lib/python3.6/site-packages/airflow/example_dags/example_dag_decorator.py
[2021-10-16 23:50:38,565] {processor.py:620} INFO - Processing file /home/airflow/.local/lib/python3.6/site-packages/airflow/example_dags/example_dag_decorator.py for tasks to queue
[2021-10-16 23:50:38,566] {logging_mixin.py:109} INFO - [2021-10-16 23:50:38,566] {dagbag.py:500} INFO - Filling up the DagBag from /home/airflow/.local/lib/python3.6/site-packages/airflow/example_dags/example_dag_decorator.py
[2021-10-16 23:50:38,611] {processor.py:632} INFO - DAG(s) dict_keys(['example_dag_decorator']) retrieved from /home/airflow/.local/lib/python3.6/site-packages/airflow/example_dags/example_dag_decorator.py
[2021-10-16 23:50:38,816] {logging_mixin.py:109} INFO - [2021-10-16 23:50:38,816] {dag.py:2389} INFO - Sync 1 DAGs
[2021-10-16 23:50:38,829] {logging_mixin.py:109} INFO - [2021-10-16 23:50:38,829] {dag.py:2914} INFO - Setting next_dagrun for example_dag_decorator to None
[2021-10-16 23:50:38,847] {processor.py:171} INFO - Processing /home/airflow/.local/lib/python3.6/site-packages/airflow/example_dags/example_dag_decorator.py took 0.294 seconds
[2021-10-16 23:51:09,516] {processor.py:163} INFO - Started process (PID=2288) to work on /home/airflow/.local/lib/python3.6/site-packages/airflow/example_dags/example_dag_decorator.py
[2021-10-16 23:51:09,517] {processor.py:620} INFO - Processing file /home/airflow/.local/lib/python3.6/site-packages/airflow/example_dags/example_dag_decorator.py for tasks to queue
[2021-10-16 23:51:09,518] {logging_mixin.py:109} INFO - [2021-10-16 23:51:09,517] {dagbag.py:500} INFO - Filling up the DagBag from /home/airflow/.local/lib/python3.6/site-packages/airflow/example_dags/example_dag_decorator.py
[2021-10-16 23:51:09,581] {processor.py:632} INFO - DAG(s) dict_keys(['example_dag_decorator']) retrieved from /home/airflow/.local/lib/python3.6/site-packages/airflow/example_dags/example_dag_decorator.py
[2021-10-16 23:51:09,591] {logging_mixin.py:109} INFO - [2021-10-16 23:51:09,591] {dag.py:2389} INFO - Sync 1 DAGs
[2021-10-16 23:51:09,607] {logging_mixin.py:109} INFO - [2021-10-16 23:51:09,607] {dag.py:2914} INFO - Setting next_dagrun for example_dag_decorator to None
[2021-10-16 23:51:09,615] {processor.py:171} INFO - Processing /home/airflow/.local/lib/python3.6/site-packages/airflow/example_dags/example_dag_decorator.py took 0.103 seconds
[2021-10-16 23:51:40,428] {processor.py:163} INFO - Started process (PID=2344) to work on /home/airflow/.local/lib/python3.6/site-packages/airflow/example_dags/example_dag_decorator.py
[2021-10-16 23:51:40,430] {processor.py:620} INFO - Processing file /home/airflow/.local/lib/python3.6/site-packages/airflow/example_dags/example_dag_decorator.py for tasks to queue
[2021-10-16 23:51:40,430] {logging_mixin.py:109} INFO - [2021-10-16 23:51:40,430] {dagbag.py:500} INFO - Filling up the DagBag from /home/airflow/.local/lib/python3.6/site-packages/airflow/example_dags/example_dag_decorator.py
[2021-10-16 23:51:40,462] {processor.py:632} INFO - DAG(s) dict_keys(['example_dag_decorator']) retrieved from /home/airflow/.local/lib/python3.6/site-packages/airflow/example_dags/example_dag_decorator.py
[2021-10-16 23:51:40,703] {logging_mixin.py:109} INFO - [2021-10-16 23:51:40,703] {dag.py:2389} INFO - Sync 1 DAGs
[2021-10-16 23:51:40,718] {logging_mixin.py:109} INFO - [2021-10-16 23:51:40,718] {dag.py:2914} INFO - Setting next_dagrun for example_dag_decorator to None
[2021-10-16 23:51:40,727] {processor.py:171} INFO - Processing /home/airflow/.local/lib/python3.6/site-packages/airflow/example_dags/example_dag_decorator.py took 0.302 seconds
[2021-10-16 23:52:10,747] {processor.py:163} INFO - Started process (PID=2410) to work on /home/airflow/.local/lib/python3.6/site-packages/airflow/example_dags/example_dag_decorator.py
[2021-10-16 23:52:10,748] {processor.py:620} INFO - Processing file /home/airflow/.local/lib/python3.6/site-packages/airflow/example_dags/example_dag_decorator.py for tasks to queue
[2021-10-16 23:52:10,749] {logging_mixin.py:109} INFO - [2021-10-16 23:52:10,749] {dagbag.py:500} INFO - Filling up the DagBag from /home/airflow/.local/lib/python3.6/site-packages/airflow/example_dags/example_dag_decorator.py
[2021-10-16 23:52:10,789] {processor.py:632} INFO - DAG(s) dict_keys(['example_dag_decorator']) retrieved from /home/airflow/.local/lib/python3.6/site-packages/airflow/example_dags/example_dag_decorator.py
[2021-10-16 23:52:11,025] {logging_mixin.py:109} INFO - [2021-10-16 23:52:11,025] {dag.py:2389} INFO - Sync 1 DAGs
[2021-10-16 23:52:11,037] {logging_mixin.py:109} INFO - [2021-10-16 23:52:11,037] {dag.py:2914} INFO - Setting next_dagrun for example_dag_decorator to None
[2021-10-16 23:52:11,047] {processor.py:171} INFO - Processing /home/airflow/.local/lib/python3.6/site-packages/airflow/example_dags/example_dag_decorator.py took 0.303 seconds
[2021-10-16 23:52:41,143] {processor.py:163} INFO - Started process (PID=2463) to work on /home/airflow/.local/lib/python3.6/site-packages/airflow/example_dags/example_dag_decorator.py
[2021-10-16 23:52:41,144] {processor.py:620} INFO - Processing file /home/airflow/.local/lib/python3.6/site-packages/airflow/example_dags/example_dag_decorator.py for tasks to queue
[2021-10-16 23:52:41,144] {logging_mixin.py:109} INFO - [2021-10-16 23:52:41,144] {dagbag.py:500} INFO - Filling up the DagBag from /home/airflow/.local/lib/python3.6/site-packages/airflow/example_dags/example_dag_decorator.py
[2021-10-16 23:52:41,183] {processor.py:632} INFO - DAG(s) dict_keys(['example_dag_decorator']) retrieved from /home/airflow/.local/lib/python3.6/site-packages/airflow/example_dags/example_dag_decorator.py
[2021-10-16 23:52:41,451] {logging_mixin.py:109} INFO - [2021-10-16 23:52:41,451] {dag.py:2389} INFO - Sync 1 DAGs
[2021-10-16 23:52:41,469] {logging_mixin.py:109} INFO - [2021-10-16 23:52:41,469] {dag.py:2914} INFO - Setting next_dagrun for example_dag_decorator to None
[2021-10-16 23:52:41,480] {processor.py:171} INFO - Processing /home/airflow/.local/lib/python3.6/site-packages/airflow/example_dags/example_dag_decorator.py took 0.340 seconds
[2021-10-16 23:53:11,558] {processor.py:163} INFO - Started process (PID=2520) to work on /home/airflow/.local/lib/python3.6/site-packages/airflow/example_dags/example_dag_decorator.py
[2021-10-16 23:53:11,559] {processor.py:620} INFO - Processing file /home/airflow/.local/lib/python3.6/site-packages/airflow/example_dags/example_dag_decorator.py for tasks to queue
[2021-10-16 23:53:11,560] {logging_mixin.py:109} INFO - [2021-10-16 23:53:11,560] {dagbag.py:500} INFO - Filling up the DagBag from /home/airflow/.local/lib/python3.6/site-packages/airflow/example_dags/example_dag_decorator.py
[2021-10-16 23:53:11,593] {processor.py:632} INFO - DAG(s) dict_keys(['example_dag_decorator']) retrieved from /home/airflow/.local/lib/python3.6/site-packages/airflow/example_dags/example_dag_decorator.py
[2021-10-16 23:53:11,788] {logging_mixin.py:109} INFO - [2021-10-16 23:53:11,788] {dag.py:2389} INFO - Sync 1 DAGs
[2021-10-16 23:53:11,800] {logging_mixin.py:109} INFO - [2021-10-16 23:53:11,800] {dag.py:2914} INFO - Setting next_dagrun for example_dag_decorator to None
[2021-10-16 23:53:11,810] {processor.py:171} INFO - Processing /home/airflow/.local/lib/python3.6/site-packages/airflow/example_dags/example_dag_decorator.py took 0.254 seconds
[2021-10-16 23:53:42,194] {processor.py:163} INFO - Started process (PID=2587) to work on /home/airflow/.local/lib/python3.6/site-packages/airflow/example_dags/example_dag_decorator.py
[2021-10-16 23:53:42,195] {processor.py:620} INFO - Processing file /home/airflow/.local/lib/python3.6/site-packages/airflow/example_dags/example_dag_decorator.py for tasks to queue
[2021-10-16 23:53:42,196] {logging_mixin.py:109} INFO - [2021-10-16 23:53:42,196] {dagbag.py:500} INFO - Filling up the DagBag from /home/airflow/.local/lib/python3.6/site-packages/airflow/example_dags/example_dag_decorator.py
[2021-10-16 23:53:42,253] {processor.py:632} INFO - DAG(s) dict_keys(['example_dag_decorator']) retrieved from /home/airflow/.local/lib/python3.6/site-packages/airflow/example_dags/example_dag_decorator.py
[2021-10-16 23:53:42,486] {logging_mixin.py:109} INFO - [2021-10-16 23:53:42,486] {dag.py:2389} INFO - Sync 1 DAGs
[2021-10-16 23:53:42,500] {logging_mixin.py:109} INFO - [2021-10-16 23:53:42,500] {dag.py:2914} INFO - Setting next_dagrun for example_dag_decorator to None
[2021-10-16 23:53:42,511] {processor.py:171} INFO - Processing /home/airflow/.local/lib/python3.6/site-packages/airflow/example_dags/example_dag_decorator.py took 0.322 seconds
[2021-10-16 23:54:12,572] {processor.py:163} INFO - Started process (PID=2642) to work on /home/airflow/.local/lib/python3.6/site-packages/airflow/example_dags/example_dag_decorator.py
[2021-10-16 23:54:12,574] {processor.py:620} INFO - Processing file /home/airflow/.local/lib/python3.6/site-packages/airflow/example_dags/example_dag_decorator.py for tasks to queue
[2021-10-16 23:54:12,575] {logging_mixin.py:109} INFO - [2021-10-16 23:54:12,575] {dagbag.py:500} INFO - Filling up the DagBag from /home/airflow/.local/lib/python3.6/site-packages/airflow/example_dags/example_dag_decorator.py
[2021-10-16 23:54:12,612] {processor.py:632} INFO - DAG(s) dict_keys(['example_dag_decorator']) retrieved from /home/airflow/.local/lib/python3.6/site-packages/airflow/example_dags/example_dag_decorator.py
[2021-10-16 23:54:12,832] {logging_mixin.py:109} INFO - [2021-10-16 23:54:12,832] {dag.py:2389} INFO - Sync 1 DAGs
[2021-10-16 23:54:12,848] {logging_mixin.py:109} INFO - [2021-10-16 23:54:12,848] {dag.py:2914} INFO - Setting next_dagrun for example_dag_decorator to None
[2021-10-16 23:54:12,858] {processor.py:171} INFO - Processing /home/airflow/.local/lib/python3.6/site-packages/airflow/example_dags/example_dag_decorator.py took 0.289 seconds
[2021-10-16 23:54:43,581] {processor.py:163} INFO - Started process (PID=2697) to work on /home/airflow/.local/lib/python3.6/site-packages/airflow/example_dags/example_dag_decorator.py
[2021-10-16 23:54:43,583] {processor.py:620} INFO - Processing file /home/airflow/.local/lib/python3.6/site-packages/airflow/example_dags/example_dag_decorator.py for tasks to queue
[2021-10-16 23:54:43,583] {logging_mixin.py:109} INFO - [2021-10-16 23:54:43,583] {dagbag.py:500} INFO - Filling up the DagBag from /home/airflow/.local/lib/python3.6/site-packages/airflow/example_dags/example_dag_decorator.py
[2021-10-16 23:54:43,623] {processor.py:632} INFO - DAG(s) dict_keys(['example_dag_decorator']) retrieved from /home/airflow/.local/lib/python3.6/site-packages/airflow/example_dags/example_dag_decorator.py
[2021-10-16 23:54:43,906] {logging_mixin.py:109} INFO - [2021-10-16 23:54:43,906] {dag.py:2389} INFO - Sync 1 DAGs
[2021-10-16 23:54:43,922] {logging_mixin.py:109} INFO - [2021-10-16 23:54:43,922] {dag.py:2914} INFO - Setting next_dagrun for example_dag_decorator to None
[2021-10-16 23:54:43,932] {processor.py:171} INFO - Processing /home/airflow/.local/lib/python3.6/site-packages/airflow/example_dags/example_dag_decorator.py took 0.355 seconds
[2021-10-16 23:55:14,425] {processor.py:163} INFO - Started process (PID=2762) to work on /home/airflow/.local/lib/python3.6/site-packages/airflow/example_dags/example_dag_decorator.py
[2021-10-16 23:55:14,426] {processor.py:620} INFO - Processing file /home/airflow/.local/lib/python3.6/site-packages/airflow/example_dags/example_dag_decorator.py for tasks to queue
[2021-10-16 23:55:14,427] {logging_mixin.py:109} INFO - [2021-10-16 23:55:14,427] {dagbag.py:500} INFO - Filling up the DagBag from /home/airflow/.local/lib/python3.6/site-packages/airflow/example_dags/example_dag_decorator.py
[2021-10-16 23:55:14,460] {processor.py:632} INFO - DAG(s) dict_keys(['example_dag_decorator']) retrieved from /home/airflow/.local/lib/python3.6/site-packages/airflow/example_dags/example_dag_decorator.py
[2021-10-16 23:55:14,678] {logging_mixin.py:109} INFO - [2021-10-16 23:55:14,678] {dag.py:2389} INFO - Sync 1 DAGs
[2021-10-16 23:55:14,693] {logging_mixin.py:109} INFO - [2021-10-16 23:55:14,693] {dag.py:2914} INFO - Setting next_dagrun for example_dag_decorator to None
[2021-10-16 23:55:14,704] {processor.py:171} INFO - Processing /home/airflow/.local/lib/python3.6/site-packages/airflow/example_dags/example_dag_decorator.py took 0.281 seconds
[2021-10-16 23:55:45,013] {processor.py:163} INFO - Started process (PID=2819) to work on /home/airflow/.local/lib/python3.6/site-packages/airflow/example_dags/example_dag_decorator.py
[2021-10-16 23:55:45,014] {processor.py:620} INFO - Processing file /home/airflow/.local/lib/python3.6/site-packages/airflow/example_dags/example_dag_decorator.py for tasks to queue
[2021-10-16 23:55:45,014] {logging_mixin.py:109} INFO - [2021-10-16 23:55:45,014] {dagbag.py:500} INFO - Filling up the DagBag from /home/airflow/.local/lib/python3.6/site-packages/airflow/example_dags/example_dag_decorator.py
[2021-10-16 23:55:45,050] {processor.py:632} INFO - DAG(s) dict_keys(['example_dag_decorator']) retrieved from /home/airflow/.local/lib/python3.6/site-packages/airflow/example_dags/example_dag_decorator.py
[2021-10-16 23:55:45,060] {logging_mixin.py:109} INFO - [2021-10-16 23:55:45,060] {dag.py:2389} INFO - Sync 1 DAGs
[2021-10-16 23:55:45,077] {logging_mixin.py:109} INFO - [2021-10-16 23:55:45,077] {dag.py:2914} INFO - Setting next_dagrun for example_dag_decorator to None
[2021-10-16 23:55:45,088] {processor.py:171} INFO - Processing /home/airflow/.local/lib/python3.6/site-packages/airflow/example_dags/example_dag_decorator.py took 0.078 seconds
[2021-10-16 23:56:15,483] {processor.py:163} INFO - Started process (PID=2874) to work on /home/airflow/.local/lib/python3.6/site-packages/airflow/example_dags/example_dag_decorator.py
[2021-10-16 23:56:15,485] {processor.py:620} INFO - Processing file /home/airflow/.local/lib/python3.6/site-packages/airflow/example_dags/example_dag_decorator.py for tasks to queue
[2021-10-16 23:56:15,485] {logging_mixin.py:109} INFO - [2021-10-16 23:56:15,485] {dagbag.py:500} INFO - Filling up the DagBag from /home/airflow/.local/lib/python3.6/site-packages/airflow/example_dags/example_dag_decorator.py
[2021-10-16 23:56:15,521] {processor.py:632} INFO - DAG(s) dict_keys(['example_dag_decorator']) retrieved from /home/airflow/.local/lib/python3.6/site-packages/airflow/example_dags/example_dag_decorator.py
[2021-10-16 23:56:15,883] {logging_mixin.py:109} INFO - [2021-10-16 23:56:15,883] {dag.py:2389} INFO - Sync 1 DAGs
[2021-10-16 23:56:15,900] {logging_mixin.py:109} INFO - [2021-10-16 23:56:15,900] {dag.py:2914} INFO - Setting next_dagrun for example_dag_decorator to None
[2021-10-16 23:56:15,910] {processor.py:171} INFO - Processing /home/airflow/.local/lib/python3.6/site-packages/airflow/example_dags/example_dag_decorator.py took 0.429 seconds
[2021-10-16 23:56:46,295] {processor.py:163} INFO - Started process (PID=2941) to work on /home/airflow/.local/lib/python3.6/site-packages/airflow/example_dags/example_dag_decorator.py
[2021-10-16 23:56:46,297] {processor.py:620} INFO - Processing file /home/airflow/.local/lib/python3.6/site-packages/airflow/example_dags/example_dag_decorator.py for tasks to queue
[2021-10-16 23:56:46,298] {logging_mixin.py:109} INFO - [2021-10-16 23:56:46,298] {dagbag.py:500} INFO - Filling up the DagBag from /home/airflow/.local/lib/python3.6/site-packages/airflow/example_dags/example_dag_decorator.py
[2021-10-16 23:56:46,347] {processor.py:632} INFO - DAG(s) dict_keys(['example_dag_decorator']) retrieved from /home/airflow/.local/lib/python3.6/site-packages/airflow/example_dags/example_dag_decorator.py
[2021-10-16 23:56:46,647] {logging_mixin.py:109} INFO - [2021-10-16 23:56:46,646] {dag.py:2389} INFO - Sync 1 DAGs
[2021-10-16 23:56:46,681] {logging_mixin.py:109} INFO - [2021-10-16 23:56:46,681] {dag.py:2914} INFO - Setting next_dagrun for example_dag_decorator to None
[2021-10-16 23:56:46,701] {processor.py:171} INFO - Processing /home/airflow/.local/lib/python3.6/site-packages/airflow/example_dags/example_dag_decorator.py took 0.410 seconds
[2021-10-16 23:57:17,560] {processor.py:163} INFO - Started process (PID=2997) to work on /home/airflow/.local/lib/python3.6/site-packages/airflow/example_dags/example_dag_decorator.py
[2021-10-16 23:57:17,561] {processor.py:620} INFO - Processing file /home/airflow/.local/lib/python3.6/site-packages/airflow/example_dags/example_dag_decorator.py for tasks to queue
[2021-10-16 23:57:17,562] {logging_mixin.py:109} INFO - [2021-10-16 23:57:17,562] {dagbag.py:500} INFO - Filling up the DagBag from /home/airflow/.local/lib/python3.6/site-packages/airflow/example_dags/example_dag_decorator.py
[2021-10-16 23:57:17,601] {processor.py:632} INFO - DAG(s) dict_keys(['example_dag_decorator']) retrieved from /home/airflow/.local/lib/python3.6/site-packages/airflow/example_dags/example_dag_decorator.py
[2021-10-16 23:57:17,841] {logging_mixin.py:109} INFO - [2021-10-16 23:57:17,841] {dag.py:2389} INFO - Sync 1 DAGs
[2021-10-16 23:57:17,854] {logging_mixin.py:109} INFO - [2021-10-16 23:57:17,854] {dag.py:2914} INFO - Setting next_dagrun for example_dag_decorator to None
[2021-10-16 23:57:17,863] {processor.py:171} INFO - Processing /home/airflow/.local/lib/python3.6/site-packages/airflow/example_dags/example_dag_decorator.py took 0.307 seconds
[2021-10-16 23:57:48,182] {processor.py:163} INFO - Started process (PID=3065) to work on /home/airflow/.local/lib/python3.6/site-packages/airflow/example_dags/example_dag_decorator.py
[2021-10-16 23:57:48,184] {processor.py:620} INFO - Processing file /home/airflow/.local/lib/python3.6/site-packages/airflow/example_dags/example_dag_decorator.py for tasks to queue
[2021-10-16 23:57:48,185] {logging_mixin.py:109} INFO - [2021-10-16 23:57:48,185] {dagbag.py:500} INFO - Filling up the DagBag from /home/airflow/.local/lib/python3.6/site-packages/airflow/example_dags/example_dag_decorator.py
[2021-10-16 23:57:48,240] {processor.py:632} INFO - DAG(s) dict_keys(['example_dag_decorator']) retrieved from /home/airflow/.local/lib/python3.6/site-packages/airflow/example_dags/example_dag_decorator.py
[2021-10-16 23:57:48,508] {logging_mixin.py:109} INFO - [2021-10-16 23:57:48,508] {dag.py:2389} INFO - Sync 1 DAGs
[2021-10-16 23:57:48,525] {logging_mixin.py:109} INFO - [2021-10-16 23:57:48,524] {dag.py:2914} INFO - Setting next_dagrun for example_dag_decorator to None
[2021-10-16 23:57:48,535] {processor.py:171} INFO - Processing /home/airflow/.local/lib/python3.6/site-packages/airflow/example_dags/example_dag_decorator.py took 0.358 seconds
[2021-10-16 23:58:18,851] {processor.py:163} INFO - Started process (PID=3122) to work on /home/airflow/.local/lib/python3.6/site-packages/airflow/example_dags/example_dag_decorator.py
[2021-10-16 23:58:18,853] {processor.py:620} INFO - Processing file /home/airflow/.local/lib/python3.6/site-packages/airflow/example_dags/example_dag_decorator.py for tasks to queue
[2021-10-16 23:58:18,854] {logging_mixin.py:109} INFO - [2021-10-16 23:58:18,854] {dagbag.py:500} INFO - Filling up the DagBag from /home/airflow/.local/lib/python3.6/site-packages/airflow/example_dags/example_dag_decorator.py
[2021-10-16 23:58:18,904] {processor.py:632} INFO - DAG(s) dict_keys(['example_dag_decorator']) retrieved from /home/airflow/.local/lib/python3.6/site-packages/airflow/example_dags/example_dag_decorator.py
[2021-10-16 23:58:19,189] {logging_mixin.py:109} INFO - [2021-10-16 23:58:19,189] {dag.py:2389} INFO - Sync 1 DAGs
[2021-10-16 23:58:19,209] {logging_mixin.py:109} INFO - [2021-10-16 23:58:19,209] {dag.py:2914} INFO - Setting next_dagrun for example_dag_decorator to None
[2021-10-16 23:58:19,221] {processor.py:171} INFO - Processing /home/airflow/.local/lib/python3.6/site-packages/airflow/example_dags/example_dag_decorator.py took 0.375 seconds
[2021-10-16 23:58:49,634] {processor.py:163} INFO - Started process (PID=3177) to work on /home/airflow/.local/lib/python3.6/site-packages/airflow/example_dags/example_dag_decorator.py
[2021-10-16 23:58:49,635] {processor.py:620} INFO - Processing file /home/airflow/.local/lib/python3.6/site-packages/airflow/example_dags/example_dag_decorator.py for tasks to queue
[2021-10-16 23:58:49,636] {logging_mixin.py:109} INFO - [2021-10-16 23:58:49,636] {dagbag.py:500} INFO - Filling up the DagBag from /home/airflow/.local/lib/python3.6/site-packages/airflow/example_dags/example_dag_decorator.py
[2021-10-16 23:58:49,672] {processor.py:632} INFO - DAG(s) dict_keys(['example_dag_decorator']) retrieved from /home/airflow/.local/lib/python3.6/site-packages/airflow/example_dags/example_dag_decorator.py
[2021-10-16 23:58:49,864] {logging_mixin.py:109} INFO - [2021-10-16 23:58:49,864] {dag.py:2389} INFO - Sync 1 DAGs
[2021-10-16 23:58:49,877] {logging_mixin.py:109} INFO - [2021-10-16 23:58:49,877] {dag.py:2914} INFO - Setting next_dagrun for example_dag_decorator to None
[2021-10-16 23:58:49,885] {processor.py:171} INFO - Processing /home/airflow/.local/lib/python3.6/site-packages/airflow/example_dags/example_dag_decorator.py took 0.254 seconds
[2021-10-16 23:59:20,193] {processor.py:163} INFO - Started process (PID=3245) to work on /home/airflow/.local/lib/python3.6/site-packages/airflow/example_dags/example_dag_decorator.py
[2021-10-16 23:59:20,195] {processor.py:620} INFO - Processing file /home/airflow/.local/lib/python3.6/site-packages/airflow/example_dags/example_dag_decorator.py for tasks to queue
[2021-10-16 23:59:20,195] {logging_mixin.py:109} INFO - [2021-10-16 23:59:20,195] {dagbag.py:500} INFO - Filling up the DagBag from /home/airflow/.local/lib/python3.6/site-packages/airflow/example_dags/example_dag_decorator.py
[2021-10-16 23:59:20,239] {processor.py:632} INFO - DAG(s) dict_keys(['example_dag_decorator']) retrieved from /home/airflow/.local/lib/python3.6/site-packages/airflow/example_dags/example_dag_decorator.py
[2021-10-16 23:59:20,471] {logging_mixin.py:109} INFO - [2021-10-16 23:59:20,470] {dag.py:2389} INFO - Sync 1 DAGs
[2021-10-16 23:59:20,487] {logging_mixin.py:109} INFO - [2021-10-16 23:59:20,487] {dag.py:2914} INFO - Setting next_dagrun for example_dag_decorator to None
[2021-10-16 23:59:20,497] {processor.py:171} INFO - Processing /home/airflow/.local/lib/python3.6/site-packages/airflow/example_dags/example_dag_decorator.py took 0.308 seconds
[2021-10-16 23:59:50,617] {processor.py:163} INFO - Started process (PID=3299) to work on /home/airflow/.local/lib/python3.6/site-packages/airflow/example_dags/example_dag_decorator.py
[2021-10-16 23:59:50,618] {processor.py:620} INFO - Processing file /home/airflow/.local/lib/python3.6/site-packages/airflow/example_dags/example_dag_decorator.py for tasks to queue
[2021-10-16 23:59:50,619] {logging_mixin.py:109} INFO - [2021-10-16 23:59:50,619] {dagbag.py:500} INFO - Filling up the DagBag from /home/airflow/.local/lib/python3.6/site-packages/airflow/example_dags/example_dag_decorator.py
[2021-10-16 23:59:50,672] {processor.py:632} INFO - DAG(s) dict_keys(['example_dag_decorator']) retrieved from /home/airflow/.local/lib/python3.6/site-packages/airflow/example_dags/example_dag_decorator.py
[2021-10-16 23:59:50,949] {logging_mixin.py:109} INFO - [2021-10-16 23:59:50,949] {dag.py:2389} INFO - Sync 1 DAGs
[2021-10-16 23:59:50,963] {logging_mixin.py:109} INFO - [2021-10-16 23:59:50,963] {dag.py:2914} INFO - Setting next_dagrun for example_dag_decorator to None
[2021-10-16 23:59:50,973] {processor.py:171} INFO - Processing /home/airflow/.local/lib/python3.6/site-packages/airflow/example_dags/example_dag_decorator.py took 0.359 seconds
