[2021-10-16 23:32:13,407] {processor.py:163} INFO - Started process (PID=64) to work on /home/airflow/.local/lib/python3.6/site-packages/airflow/example_dags/tutorial.py
[2021-10-16 23:32:13,409] {processor.py:620} INFO - Processing file /home/airflow/.local/lib/python3.6/site-packages/airflow/example_dags/tutorial.py for tasks to queue
[2021-10-16 23:32:13,410] {logging_mixin.py:109} INFO - [2021-10-16 23:32:13,410] {dagbag.py:500} INFO - Filling up the DagBag from /home/airflow/.local/lib/python3.6/site-packages/airflow/example_dags/tutorial.py
[2021-10-16 23:32:13,493] {processor.py:632} INFO - DAG(s) dict_keys(['tutorial']) retrieved from /home/airflow/.local/lib/python3.6/site-packages/airflow/example_dags/tutorial.py
[2021-10-16 23:32:13,515] {logging_mixin.py:109} INFO - [2021-10-16 23:32:13,515] {dag.py:2389} INFO - Sync 1 DAGs
[2021-10-16 23:32:13,541] {logging_mixin.py:109} INFO - [2021-10-16 23:32:13,541] {dag.py:2914} INFO - Setting next_dagrun for tutorial to 2021-10-15T23:32:13.541388+00:00
[2021-10-16 23:32:13,556] {processor.py:171} INFO - Processing /home/airflow/.local/lib/python3.6/site-packages/airflow/example_dags/tutorial.py took 0.156 seconds
[2021-10-16 23:32:44,331] {processor.py:163} INFO - Started process (PID=129) to work on /home/airflow/.local/lib/python3.6/site-packages/airflow/example_dags/tutorial.py
[2021-10-16 23:32:44,332] {processor.py:620} INFO - Processing file /home/airflow/.local/lib/python3.6/site-packages/airflow/example_dags/tutorial.py for tasks to queue
[2021-10-16 23:32:44,333] {logging_mixin.py:109} INFO - [2021-10-16 23:32:44,333] {dagbag.py:500} INFO - Filling up the DagBag from /home/airflow/.local/lib/python3.6/site-packages/airflow/example_dags/tutorial.py
[2021-10-16 23:32:44,366] {processor.py:632} INFO - DAG(s) dict_keys(['tutorial']) retrieved from /home/airflow/.local/lib/python3.6/site-packages/airflow/example_dags/tutorial.py
[2021-10-16 23:32:44,378] {logging_mixin.py:109} INFO - [2021-10-16 23:32:44,378] {dag.py:2389} INFO - Sync 1 DAGs
[2021-10-16 23:32:44,394] {logging_mixin.py:109} INFO - [2021-10-16 23:32:44,394] {dag.py:2914} INFO - Setting next_dagrun for tutorial to 2021-10-15T23:32:44.394458+00:00
[2021-10-16 23:32:44,404] {processor.py:171} INFO - Processing /home/airflow/.local/lib/python3.6/site-packages/airflow/example_dags/tutorial.py took 0.076 seconds
[2021-10-16 23:33:15,565] {processor.py:163} INFO - Started process (PID=185) to work on /home/airflow/.local/lib/python3.6/site-packages/airflow/example_dags/tutorial.py
[2021-10-16 23:33:15,566] {processor.py:620} INFO - Processing file /home/airflow/.local/lib/python3.6/site-packages/airflow/example_dags/tutorial.py for tasks to queue
[2021-10-16 23:33:15,567] {logging_mixin.py:109} INFO - [2021-10-16 23:33:15,567] {dagbag.py:500} INFO - Filling up the DagBag from /home/airflow/.local/lib/python3.6/site-packages/airflow/example_dags/tutorial.py
[2021-10-16 23:33:15,595] {processor.py:632} INFO - DAG(s) dict_keys(['tutorial']) retrieved from /home/airflow/.local/lib/python3.6/site-packages/airflow/example_dags/tutorial.py
[2021-10-16 23:33:15,605] {logging_mixin.py:109} INFO - [2021-10-16 23:33:15,605] {dag.py:2389} INFO - Sync 1 DAGs
[2021-10-16 23:33:15,621] {logging_mixin.py:109} INFO - [2021-10-16 23:33:15,621] {dag.py:2914} INFO - Setting next_dagrun for tutorial to 2021-10-15T23:33:15.621230+00:00
[2021-10-16 23:33:15,630] {processor.py:171} INFO - Processing /home/airflow/.local/lib/python3.6/site-packages/airflow/example_dags/tutorial.py took 0.069 seconds
[2021-10-16 23:33:46,380] {processor.py:163} INFO - Started process (PID=242) to work on /home/airflow/.local/lib/python3.6/site-packages/airflow/example_dags/tutorial.py
[2021-10-16 23:33:46,382] {processor.py:620} INFO - Processing file /home/airflow/.local/lib/python3.6/site-packages/airflow/example_dags/tutorial.py for tasks to queue
[2021-10-16 23:33:46,383] {logging_mixin.py:109} INFO - [2021-10-16 23:33:46,383] {dagbag.py:500} INFO - Filling up the DagBag from /home/airflow/.local/lib/python3.6/site-packages/airflow/example_dags/tutorial.py
[2021-10-16 23:33:46,443] {processor.py:632} INFO - DAG(s) dict_keys(['tutorial']) retrieved from /home/airflow/.local/lib/python3.6/site-packages/airflow/example_dags/tutorial.py
[2021-10-16 23:33:46,469] {logging_mixin.py:109} INFO - [2021-10-16 23:33:46,469] {dag.py:2389} INFO - Sync 1 DAGs
[2021-10-16 23:33:46,502] {logging_mixin.py:109} INFO - [2021-10-16 23:33:46,501] {dag.py:2914} INFO - Setting next_dagrun for tutorial to 2021-10-15T23:33:46.501490+00:00
[2021-10-16 23:33:46,523] {processor.py:171} INFO - Processing /home/airflow/.local/lib/python3.6/site-packages/airflow/example_dags/tutorial.py took 0.148 seconds
[2021-10-16 23:34:17,480] {processor.py:163} INFO - Started process (PID=311) to work on /home/airflow/.local/lib/python3.6/site-packages/airflow/example_dags/tutorial.py
[2021-10-16 23:34:17,481] {processor.py:620} INFO - Processing file /home/airflow/.local/lib/python3.6/site-packages/airflow/example_dags/tutorial.py for tasks to queue
[2021-10-16 23:34:17,482] {logging_mixin.py:109} INFO - [2021-10-16 23:34:17,481] {dagbag.py:500} INFO - Filling up the DagBag from /home/airflow/.local/lib/python3.6/site-packages/airflow/example_dags/tutorial.py
[2021-10-16 23:34:17,517] {processor.py:632} INFO - DAG(s) dict_keys(['tutorial']) retrieved from /home/airflow/.local/lib/python3.6/site-packages/airflow/example_dags/tutorial.py
[2021-10-16 23:34:17,531] {logging_mixin.py:109} INFO - [2021-10-16 23:34:17,530] {dag.py:2389} INFO - Sync 1 DAGs
[2021-10-16 23:34:17,549] {logging_mixin.py:109} INFO - [2021-10-16 23:34:17,549] {dag.py:2914} INFO - Setting next_dagrun for tutorial to 2021-10-15T23:34:17.548957+00:00
[2021-10-16 23:34:17,560] {processor.py:171} INFO - Processing /home/airflow/.local/lib/python3.6/site-packages/airflow/example_dags/tutorial.py took 0.082 seconds
[2021-10-16 23:34:48,807] {processor.py:163} INFO - Started process (PID=371) to work on /home/airflow/.local/lib/python3.6/site-packages/airflow/example_dags/tutorial.py
[2021-10-16 23:34:48,809] {processor.py:620} INFO - Processing file /home/airflow/.local/lib/python3.6/site-packages/airflow/example_dags/tutorial.py for tasks to queue
[2021-10-16 23:34:48,810] {logging_mixin.py:109} INFO - [2021-10-16 23:34:48,810] {dagbag.py:500} INFO - Filling up the DagBag from /home/airflow/.local/lib/python3.6/site-packages/airflow/example_dags/tutorial.py
[2021-10-16 23:34:48,849] {processor.py:632} INFO - DAG(s) dict_keys(['tutorial']) retrieved from /home/airflow/.local/lib/python3.6/site-packages/airflow/example_dags/tutorial.py
[2021-10-16 23:34:48,866] {logging_mixin.py:109} INFO - [2021-10-16 23:34:48,866] {dag.py:2389} INFO - Sync 1 DAGs
[2021-10-16 23:34:48,889] {logging_mixin.py:109} INFO - [2021-10-16 23:34:48,889] {dag.py:2914} INFO - Setting next_dagrun for tutorial to 2021-10-15T23:34:48.889056+00:00
[2021-10-16 23:34:48,904] {processor.py:171} INFO - Processing /home/airflow/.local/lib/python3.6/site-packages/airflow/example_dags/tutorial.py took 0.100 seconds
[2021-10-16 23:35:19,903] {processor.py:163} INFO - Started process (PID=430) to work on /home/airflow/.local/lib/python3.6/site-packages/airflow/example_dags/tutorial.py
[2021-10-16 23:35:19,905] {processor.py:620} INFO - Processing file /home/airflow/.local/lib/python3.6/site-packages/airflow/example_dags/tutorial.py for tasks to queue
[2021-10-16 23:35:19,906] {logging_mixin.py:109} INFO - [2021-10-16 23:35:19,906] {dagbag.py:500} INFO - Filling up the DagBag from /home/airflow/.local/lib/python3.6/site-packages/airflow/example_dags/tutorial.py
[2021-10-16 23:35:19,943] {processor.py:632} INFO - DAG(s) dict_keys(['tutorial']) retrieved from /home/airflow/.local/lib/python3.6/site-packages/airflow/example_dags/tutorial.py
[2021-10-16 23:35:19,956] {logging_mixin.py:109} INFO - [2021-10-16 23:35:19,956] {dag.py:2389} INFO - Sync 1 DAGs
[2021-10-16 23:35:19,976] {logging_mixin.py:109} INFO - [2021-10-16 23:35:19,976] {dag.py:2914} INFO - Setting next_dagrun for tutorial to 2021-10-15T23:35:19.975932+00:00
[2021-10-16 23:35:19,987] {processor.py:171} INFO - Processing /home/airflow/.local/lib/python3.6/site-packages/airflow/example_dags/tutorial.py took 0.087 seconds
[2021-10-16 23:35:50,779] {processor.py:163} INFO - Started process (PID=495) to work on /home/airflow/.local/lib/python3.6/site-packages/airflow/example_dags/tutorial.py
[2021-10-16 23:35:50,781] {processor.py:620} INFO - Processing file /home/airflow/.local/lib/python3.6/site-packages/airflow/example_dags/tutorial.py for tasks to queue
[2021-10-16 23:35:50,782] {logging_mixin.py:109} INFO - [2021-10-16 23:35:50,781] {dagbag.py:500} INFO - Filling up the DagBag from /home/airflow/.local/lib/python3.6/site-packages/airflow/example_dags/tutorial.py
[2021-10-16 23:35:50,821] {processor.py:632} INFO - DAG(s) dict_keys(['tutorial']) retrieved from /home/airflow/.local/lib/python3.6/site-packages/airflow/example_dags/tutorial.py
[2021-10-16 23:35:50,837] {logging_mixin.py:109} INFO - [2021-10-16 23:35:50,837] {dag.py:2389} INFO - Sync 1 DAGs
[2021-10-16 23:35:50,856] {logging_mixin.py:109} INFO - [2021-10-16 23:35:50,856] {dag.py:2914} INFO - Setting next_dagrun for tutorial to 2021-10-15T23:35:50.855734+00:00
[2021-10-16 23:35:50,866] {processor.py:171} INFO - Processing /home/airflow/.local/lib/python3.6/site-packages/airflow/example_dags/tutorial.py took 0.091 seconds
[2021-10-16 23:36:21,131] {processor.py:163} INFO - Started process (PID=552) to work on /home/airflow/.local/lib/python3.6/site-packages/airflow/example_dags/tutorial.py
[2021-10-16 23:36:21,132] {processor.py:620} INFO - Processing file /home/airflow/.local/lib/python3.6/site-packages/airflow/example_dags/tutorial.py for tasks to queue
[2021-10-16 23:36:21,132] {logging_mixin.py:109} INFO - [2021-10-16 23:36:21,132] {dagbag.py:500} INFO - Filling up the DagBag from /home/airflow/.local/lib/python3.6/site-packages/airflow/example_dags/tutorial.py
[2021-10-16 23:36:21,157] {processor.py:632} INFO - DAG(s) dict_keys(['tutorial']) retrieved from /home/airflow/.local/lib/python3.6/site-packages/airflow/example_dags/tutorial.py
[2021-10-16 23:36:21,167] {logging_mixin.py:109} INFO - [2021-10-16 23:36:21,167] {dag.py:2389} INFO - Sync 1 DAGs
[2021-10-16 23:36:21,180] {logging_mixin.py:109} INFO - [2021-10-16 23:36:21,180] {dag.py:2914} INFO - Setting next_dagrun for tutorial to 2021-10-15T23:36:21.179877+00:00
[2021-10-16 23:36:21,188] {processor.py:171} INFO - Processing /home/airflow/.local/lib/python3.6/site-packages/airflow/example_dags/tutorial.py took 0.059 seconds
[2021-10-16 23:36:51,526] {processor.py:163} INFO - Started process (PID=607) to work on /home/airflow/.local/lib/python3.6/site-packages/airflow/example_dags/tutorial.py
[2021-10-16 23:36:51,527] {processor.py:620} INFO - Processing file /home/airflow/.local/lib/python3.6/site-packages/airflow/example_dags/tutorial.py for tasks to queue
[2021-10-16 23:36:51,527] {logging_mixin.py:109} INFO - [2021-10-16 23:36:51,527] {dagbag.py:500} INFO - Filling up the DagBag from /home/airflow/.local/lib/python3.6/site-packages/airflow/example_dags/tutorial.py
[2021-10-16 23:36:51,554] {processor.py:632} INFO - DAG(s) dict_keys(['tutorial']) retrieved from /home/airflow/.local/lib/python3.6/site-packages/airflow/example_dags/tutorial.py
[2021-10-16 23:36:51,564] {logging_mixin.py:109} INFO - [2021-10-16 23:36:51,563] {dag.py:2389} INFO - Sync 1 DAGs
[2021-10-16 23:36:51,578] {logging_mixin.py:109} INFO - [2021-10-16 23:36:51,578] {dag.py:2914} INFO - Setting next_dagrun for tutorial to 2021-10-15T23:36:51.577780+00:00
[2021-10-16 23:36:51,586] {processor.py:171} INFO - Processing /home/airflow/.local/lib/python3.6/site-packages/airflow/example_dags/tutorial.py took 0.062 seconds
[2021-10-16 23:37:22,457] {processor.py:163} INFO - Started process (PID=672) to work on /home/airflow/.local/lib/python3.6/site-packages/airflow/example_dags/tutorial.py
[2021-10-16 23:37:22,459] {processor.py:620} INFO - Processing file /home/airflow/.local/lib/python3.6/site-packages/airflow/example_dags/tutorial.py for tasks to queue
[2021-10-16 23:37:22,460] {logging_mixin.py:109} INFO - [2021-10-16 23:37:22,460] {dagbag.py:500} INFO - Filling up the DagBag from /home/airflow/.local/lib/python3.6/site-packages/airflow/example_dags/tutorial.py
[2021-10-16 23:37:22,506] {processor.py:632} INFO - DAG(s) dict_keys(['tutorial']) retrieved from /home/airflow/.local/lib/python3.6/site-packages/airflow/example_dags/tutorial.py
[2021-10-16 23:37:22,530] {logging_mixin.py:109} INFO - [2021-10-16 23:37:22,530] {dag.py:2389} INFO - Sync 1 DAGs
[2021-10-16 23:37:22,555] {logging_mixin.py:109} INFO - [2021-10-16 23:37:22,554] {dag.py:2914} INFO - Setting next_dagrun for tutorial to 2021-10-15T23:37:22.554498+00:00
[2021-10-16 23:37:22,568] {processor.py:171} INFO - Processing /home/airflow/.local/lib/python3.6/site-packages/airflow/example_dags/tutorial.py took 0.115 seconds
[2021-10-16 23:37:53,177] {processor.py:163} INFO - Started process (PID=727) to work on /home/airflow/.local/lib/python3.6/site-packages/airflow/example_dags/tutorial.py
[2021-10-16 23:37:53,178] {processor.py:620} INFO - Processing file /home/airflow/.local/lib/python3.6/site-packages/airflow/example_dags/tutorial.py for tasks to queue
[2021-10-16 23:37:53,179] {logging_mixin.py:109} INFO - [2021-10-16 23:37:53,179] {dagbag.py:500} INFO - Filling up the DagBag from /home/airflow/.local/lib/python3.6/site-packages/airflow/example_dags/tutorial.py
[2021-10-16 23:37:53,208] {processor.py:632} INFO - DAG(s) dict_keys(['tutorial']) retrieved from /home/airflow/.local/lib/python3.6/site-packages/airflow/example_dags/tutorial.py
[2021-10-16 23:37:53,218] {logging_mixin.py:109} INFO - [2021-10-16 23:37:53,218] {dag.py:2389} INFO - Sync 1 DAGs
[2021-10-16 23:37:53,231] {logging_mixin.py:109} INFO - [2021-10-16 23:37:53,231] {dag.py:2914} INFO - Setting next_dagrun for tutorial to 2021-10-15T23:37:53.231151+00:00
[2021-10-16 23:37:53,238] {processor.py:171} INFO - Processing /home/airflow/.local/lib/python3.6/site-packages/airflow/example_dags/tutorial.py took 0.064 seconds
[2021-10-16 23:38:23,539] {processor.py:163} INFO - Started process (PID=784) to work on /home/airflow/.local/lib/python3.6/site-packages/airflow/example_dags/tutorial.py
[2021-10-16 23:38:23,540] {processor.py:620} INFO - Processing file /home/airflow/.local/lib/python3.6/site-packages/airflow/example_dags/tutorial.py for tasks to queue
[2021-10-16 23:38:23,541] {logging_mixin.py:109} INFO - [2021-10-16 23:38:23,541] {dagbag.py:500} INFO - Filling up the DagBag from /home/airflow/.local/lib/python3.6/site-packages/airflow/example_dags/tutorial.py
[2021-10-16 23:38:23,576] {processor.py:632} INFO - DAG(s) dict_keys(['tutorial']) retrieved from /home/airflow/.local/lib/python3.6/site-packages/airflow/example_dags/tutorial.py
[2021-10-16 23:38:23,588] {logging_mixin.py:109} INFO - [2021-10-16 23:38:23,588] {dag.py:2389} INFO - Sync 1 DAGs
[2021-10-16 23:38:23,608] {logging_mixin.py:109} INFO - [2021-10-16 23:38:23,608] {dag.py:2914} INFO - Setting next_dagrun for tutorial to 2021-10-15T23:38:23.608333+00:00
[2021-10-16 23:38:23,618] {processor.py:171} INFO - Processing /home/airflow/.local/lib/python3.6/site-packages/airflow/example_dags/tutorial.py took 0.083 seconds
[2021-10-16 23:38:53,707] {processor.py:163} INFO - Started process (PID=849) to work on /home/airflow/.local/lib/python3.6/site-packages/airflow/example_dags/tutorial.py
[2021-10-16 23:38:53,708] {processor.py:620} INFO - Processing file /home/airflow/.local/lib/python3.6/site-packages/airflow/example_dags/tutorial.py for tasks to queue
[2021-10-16 23:38:53,709] {logging_mixin.py:109} INFO - [2021-10-16 23:38:53,709] {dagbag.py:500} INFO - Filling up the DagBag from /home/airflow/.local/lib/python3.6/site-packages/airflow/example_dags/tutorial.py
[2021-10-16 23:38:53,739] {processor.py:632} INFO - DAG(s) dict_keys(['tutorial']) retrieved from /home/airflow/.local/lib/python3.6/site-packages/airflow/example_dags/tutorial.py
[2021-10-16 23:38:53,754] {logging_mixin.py:109} INFO - [2021-10-16 23:38:53,754] {dag.py:2389} INFO - Sync 1 DAGs
[2021-10-16 23:38:53,774] {logging_mixin.py:109} INFO - [2021-10-16 23:38:53,774] {dag.py:2914} INFO - Setting next_dagrun for tutorial to 2021-10-15T23:38:53.774235+00:00
[2021-10-16 23:38:53,786] {processor.py:171} INFO - Processing /home/airflow/.local/lib/python3.6/site-packages/airflow/example_dags/tutorial.py took 0.082 seconds
[2021-10-16 23:39:24,276] {processor.py:163} INFO - Started process (PID=905) to work on /home/airflow/.local/lib/python3.6/site-packages/airflow/example_dags/tutorial.py
[2021-10-16 23:39:24,278] {processor.py:620} INFO - Processing file /home/airflow/.local/lib/python3.6/site-packages/airflow/example_dags/tutorial.py for tasks to queue
[2021-10-16 23:39:24,278] {logging_mixin.py:109} INFO - [2021-10-16 23:39:24,278] {dagbag.py:500} INFO - Filling up the DagBag from /home/airflow/.local/lib/python3.6/site-packages/airflow/example_dags/tutorial.py
[2021-10-16 23:39:24,310] {processor.py:632} INFO - DAG(s) dict_keys(['tutorial']) retrieved from /home/airflow/.local/lib/python3.6/site-packages/airflow/example_dags/tutorial.py
[2021-10-16 23:39:24,321] {logging_mixin.py:109} INFO - [2021-10-16 23:39:24,320] {dag.py:2389} INFO - Sync 1 DAGs
[2021-10-16 23:39:24,336] {logging_mixin.py:109} INFO - [2021-10-16 23:39:24,336] {dag.py:2914} INFO - Setting next_dagrun for tutorial to 2021-10-15T23:39:24.335888+00:00
[2021-10-16 23:39:24,344] {processor.py:171} INFO - Processing /home/airflow/.local/lib/python3.6/site-packages/airflow/example_dags/tutorial.py took 0.070 seconds
[2021-10-16 23:39:54,680] {processor.py:163} INFO - Started process (PID=960) to work on /home/airflow/.local/lib/python3.6/site-packages/airflow/example_dags/tutorial.py
[2021-10-16 23:39:54,681] {processor.py:620} INFO - Processing file /home/airflow/.local/lib/python3.6/site-packages/airflow/example_dags/tutorial.py for tasks to queue
[2021-10-16 23:39:54,681] {logging_mixin.py:109} INFO - [2021-10-16 23:39:54,681] {dagbag.py:500} INFO - Filling up the DagBag from /home/airflow/.local/lib/python3.6/site-packages/airflow/example_dags/tutorial.py
[2021-10-16 23:39:54,708] {processor.py:632} INFO - DAG(s) dict_keys(['tutorial']) retrieved from /home/airflow/.local/lib/python3.6/site-packages/airflow/example_dags/tutorial.py
[2021-10-16 23:39:54,720] {logging_mixin.py:109} INFO - [2021-10-16 23:39:54,720] {dag.py:2389} INFO - Sync 1 DAGs
[2021-10-16 23:39:54,735] {logging_mixin.py:109} INFO - [2021-10-16 23:39:54,735] {dag.py:2914} INFO - Setting next_dagrun for tutorial to 2021-10-15T23:39:54.734833+00:00
[2021-10-16 23:39:54,743] {processor.py:171} INFO - Processing /home/airflow/.local/lib/python3.6/site-packages/airflow/example_dags/tutorial.py took 0.066 seconds
[2021-10-16 23:40:25,626] {processor.py:163} INFO - Started process (PID=1026) to work on /home/airflow/.local/lib/python3.6/site-packages/airflow/example_dags/tutorial.py
[2021-10-16 23:40:25,628] {processor.py:620} INFO - Processing file /home/airflow/.local/lib/python3.6/site-packages/airflow/example_dags/tutorial.py for tasks to queue
[2021-10-16 23:40:25,629] {logging_mixin.py:109} INFO - [2021-10-16 23:40:25,629] {dagbag.py:500} INFO - Filling up the DagBag from /home/airflow/.local/lib/python3.6/site-packages/airflow/example_dags/tutorial.py
[2021-10-16 23:40:25,663] {processor.py:632} INFO - DAG(s) dict_keys(['tutorial']) retrieved from /home/airflow/.local/lib/python3.6/site-packages/airflow/example_dags/tutorial.py
[2021-10-16 23:40:25,677] {logging_mixin.py:109} INFO - [2021-10-16 23:40:25,676] {dag.py:2389} INFO - Sync 1 DAGs
[2021-10-16 23:40:25,695] {logging_mixin.py:109} INFO - [2021-10-16 23:40:25,694] {dag.py:2914} INFO - Setting next_dagrun for tutorial to 2021-10-15T23:40:25.694557+00:00
[2021-10-16 23:40:25,704] {processor.py:171} INFO - Processing /home/airflow/.local/lib/python3.6/site-packages/airflow/example_dags/tutorial.py took 0.081 seconds
[2021-10-16 23:40:55,922] {processor.py:163} INFO - Started process (PID=1082) to work on /home/airflow/.local/lib/python3.6/site-packages/airflow/example_dags/tutorial.py
[2021-10-16 23:40:55,923] {processor.py:620} INFO - Processing file /home/airflow/.local/lib/python3.6/site-packages/airflow/example_dags/tutorial.py for tasks to queue
[2021-10-16 23:40:55,924] {logging_mixin.py:109} INFO - [2021-10-16 23:40:55,924] {dagbag.py:500} INFO - Filling up the DagBag from /home/airflow/.local/lib/python3.6/site-packages/airflow/example_dags/tutorial.py
[2021-10-16 23:40:55,952] {processor.py:632} INFO - DAG(s) dict_keys(['tutorial']) retrieved from /home/airflow/.local/lib/python3.6/site-packages/airflow/example_dags/tutorial.py
[2021-10-16 23:40:55,964] {logging_mixin.py:109} INFO - [2021-10-16 23:40:55,964] {dag.py:2389} INFO - Sync 1 DAGs
[2021-10-16 23:40:55,978] {logging_mixin.py:109} INFO - [2021-10-16 23:40:55,978] {dag.py:2914} INFO - Setting next_dagrun for tutorial to 2021-10-15T23:40:55.978478+00:00
[2021-10-16 23:40:55,987] {processor.py:171} INFO - Processing /home/airflow/.local/lib/python3.6/site-packages/airflow/example_dags/tutorial.py took 0.068 seconds
[2021-10-16 23:41:26,259] {processor.py:163} INFO - Started process (PID=1147) to work on /home/airflow/.local/lib/python3.6/site-packages/airflow/example_dags/tutorial.py
[2021-10-16 23:41:26,260] {processor.py:620} INFO - Processing file /home/airflow/.local/lib/python3.6/site-packages/airflow/example_dags/tutorial.py for tasks to queue
[2021-10-16 23:41:26,261] {logging_mixin.py:109} INFO - [2021-10-16 23:41:26,261] {dagbag.py:500} INFO - Filling up the DagBag from /home/airflow/.local/lib/python3.6/site-packages/airflow/example_dags/tutorial.py
[2021-10-16 23:41:26,286] {processor.py:632} INFO - DAG(s) dict_keys(['tutorial']) retrieved from /home/airflow/.local/lib/python3.6/site-packages/airflow/example_dags/tutorial.py
[2021-10-16 23:41:26,296] {logging_mixin.py:109} INFO - [2021-10-16 23:41:26,295] {dag.py:2389} INFO - Sync 1 DAGs
[2021-10-16 23:41:26,309] {logging_mixin.py:109} INFO - [2021-10-16 23:41:26,309] {dag.py:2914} INFO - Setting next_dagrun for tutorial to 2021-10-15T23:41:26.309577+00:00
[2021-10-16 23:41:26,318] {processor.py:171} INFO - Processing /home/airflow/.local/lib/python3.6/site-packages/airflow/example_dags/tutorial.py took 0.062 seconds
[2021-10-16 23:41:57,253] {processor.py:163} INFO - Started process (PID=1202) to work on /home/airflow/.local/lib/python3.6/site-packages/airflow/example_dags/tutorial.py
[2021-10-16 23:41:57,254] {processor.py:620} INFO - Processing file /home/airflow/.local/lib/python3.6/site-packages/airflow/example_dags/tutorial.py for tasks to queue
[2021-10-16 23:41:57,255] {logging_mixin.py:109} INFO - [2021-10-16 23:41:57,254] {dagbag.py:500} INFO - Filling up the DagBag from /home/airflow/.local/lib/python3.6/site-packages/airflow/example_dags/tutorial.py
[2021-10-16 23:41:57,286] {processor.py:632} INFO - DAG(s) dict_keys(['tutorial']) retrieved from /home/airflow/.local/lib/python3.6/site-packages/airflow/example_dags/tutorial.py
[2021-10-16 23:41:57,296] {logging_mixin.py:109} INFO - [2021-10-16 23:41:57,296] {dag.py:2389} INFO - Sync 1 DAGs
[2021-10-16 23:41:57,311] {logging_mixin.py:109} INFO - [2021-10-16 23:41:57,311] {dag.py:2914} INFO - Setting next_dagrun for tutorial to 2021-10-15T23:41:57.310818+00:00
[2021-10-16 23:41:57,318] {processor.py:171} INFO - Processing /home/airflow/.local/lib/python3.6/site-packages/airflow/example_dags/tutorial.py took 0.069 seconds
[2021-10-16 23:42:27,606] {processor.py:163} INFO - Started process (PID=1267) to work on /home/airflow/.local/lib/python3.6/site-packages/airflow/example_dags/tutorial.py
[2021-10-16 23:42:27,607] {processor.py:620} INFO - Processing file /home/airflow/.local/lib/python3.6/site-packages/airflow/example_dags/tutorial.py for tasks to queue
[2021-10-16 23:42:27,608] {logging_mixin.py:109} INFO - [2021-10-16 23:42:27,607] {dagbag.py:500} INFO - Filling up the DagBag from /home/airflow/.local/lib/python3.6/site-packages/airflow/example_dags/tutorial.py
[2021-10-16 23:42:27,637] {processor.py:632} INFO - DAG(s) dict_keys(['tutorial']) retrieved from /home/airflow/.local/lib/python3.6/site-packages/airflow/example_dags/tutorial.py
[2021-10-16 23:42:27,647] {logging_mixin.py:109} INFO - [2021-10-16 23:42:27,647] {dag.py:2389} INFO - Sync 1 DAGs
[2021-10-16 23:42:27,662] {logging_mixin.py:109} INFO - [2021-10-16 23:42:27,662] {dag.py:2914} INFO - Setting next_dagrun for tutorial to 2021-10-15T23:42:27.661893+00:00
[2021-10-16 23:42:27,670] {processor.py:171} INFO - Processing /home/airflow/.local/lib/python3.6/site-packages/airflow/example_dags/tutorial.py took 0.067 seconds
[2021-10-16 23:42:58,523] {processor.py:163} INFO - Started process (PID=1323) to work on /home/airflow/.local/lib/python3.6/site-packages/airflow/example_dags/tutorial.py
[2021-10-16 23:42:58,524] {processor.py:620} INFO - Processing file /home/airflow/.local/lib/python3.6/site-packages/airflow/example_dags/tutorial.py for tasks to queue
[2021-10-16 23:42:58,524] {logging_mixin.py:109} INFO - [2021-10-16 23:42:58,524] {dagbag.py:500} INFO - Filling up the DagBag from /home/airflow/.local/lib/python3.6/site-packages/airflow/example_dags/tutorial.py
[2021-10-16 23:42:58,559] {processor.py:632} INFO - DAG(s) dict_keys(['tutorial']) retrieved from /home/airflow/.local/lib/python3.6/site-packages/airflow/example_dags/tutorial.py
[2021-10-16 23:42:58,572] {logging_mixin.py:109} INFO - [2021-10-16 23:42:58,572] {dag.py:2389} INFO - Sync 1 DAGs
[2021-10-16 23:42:58,590] {logging_mixin.py:109} INFO - [2021-10-16 23:42:58,589] {dag.py:2914} INFO - Setting next_dagrun for tutorial to 2021-10-15T23:42:58.589653+00:00
[2021-10-16 23:42:58,599] {processor.py:171} INFO - Processing /home/airflow/.local/lib/python3.6/site-packages/airflow/example_dags/tutorial.py took 0.079 seconds
[2021-10-16 23:43:29,261] {processor.py:163} INFO - Started process (PID=1378) to work on /home/airflow/.local/lib/python3.6/site-packages/airflow/example_dags/tutorial.py
[2021-10-16 23:43:29,263] {processor.py:620} INFO - Processing file /home/airflow/.local/lib/python3.6/site-packages/airflow/example_dags/tutorial.py for tasks to queue
[2021-10-16 23:43:29,264] {logging_mixin.py:109} INFO - [2021-10-16 23:43:29,264] {dagbag.py:500} INFO - Filling up the DagBag from /home/airflow/.local/lib/python3.6/site-packages/airflow/example_dags/tutorial.py
[2021-10-16 23:43:29,332] {processor.py:632} INFO - DAG(s) dict_keys(['tutorial']) retrieved from /home/airflow/.local/lib/python3.6/site-packages/airflow/example_dags/tutorial.py
[2021-10-16 23:43:29,343] {logging_mixin.py:109} INFO - [2021-10-16 23:43:29,343] {dag.py:2389} INFO - Sync 1 DAGs
[2021-10-16 23:43:29,363] {logging_mixin.py:109} INFO - [2021-10-16 23:43:29,363] {dag.py:2914} INFO - Setting next_dagrun for tutorial to 2021-10-15T23:43:29.362767+00:00
[2021-10-16 23:43:29,375] {processor.py:171} INFO - Processing /home/airflow/.local/lib/python3.6/site-packages/airflow/example_dags/tutorial.py took 0.117 seconds
[2021-10-16 23:43:59,776] {processor.py:163} INFO - Started process (PID=1445) to work on /home/airflow/.local/lib/python3.6/site-packages/airflow/example_dags/tutorial.py
[2021-10-16 23:43:59,777] {processor.py:620} INFO - Processing file /home/airflow/.local/lib/python3.6/site-packages/airflow/example_dags/tutorial.py for tasks to queue
[2021-10-16 23:43:59,778] {logging_mixin.py:109} INFO - [2021-10-16 23:43:59,778] {dagbag.py:500} INFO - Filling up the DagBag from /home/airflow/.local/lib/python3.6/site-packages/airflow/example_dags/tutorial.py
[2021-10-16 23:43:59,806] {processor.py:632} INFO - DAG(s) dict_keys(['tutorial']) retrieved from /home/airflow/.local/lib/python3.6/site-packages/airflow/example_dags/tutorial.py
[2021-10-16 23:43:59,817] {logging_mixin.py:109} INFO - [2021-10-16 23:43:59,816] {dag.py:2389} INFO - Sync 1 DAGs
[2021-10-16 23:43:59,831] {logging_mixin.py:109} INFO - [2021-10-16 23:43:59,831] {dag.py:2914} INFO - Setting next_dagrun for tutorial to 2021-10-15T23:43:59.831500+00:00
[2021-10-16 23:43:59,841] {processor.py:171} INFO - Processing /home/airflow/.local/lib/python3.6/site-packages/airflow/example_dags/tutorial.py took 0.067 seconds
[2021-10-16 23:44:30,214] {processor.py:163} INFO - Started process (PID=1501) to work on /home/airflow/.local/lib/python3.6/site-packages/airflow/example_dags/tutorial.py
[2021-10-16 23:44:30,215] {processor.py:620} INFO - Processing file /home/airflow/.local/lib/python3.6/site-packages/airflow/example_dags/tutorial.py for tasks to queue
[2021-10-16 23:44:30,216] {logging_mixin.py:109} INFO - [2021-10-16 23:44:30,216] {dagbag.py:500} INFO - Filling up the DagBag from /home/airflow/.local/lib/python3.6/site-packages/airflow/example_dags/tutorial.py
[2021-10-16 23:44:30,242] {processor.py:632} INFO - DAG(s) dict_keys(['tutorial']) retrieved from /home/airflow/.local/lib/python3.6/site-packages/airflow/example_dags/tutorial.py
[2021-10-16 23:44:30,252] {logging_mixin.py:109} INFO - [2021-10-16 23:44:30,252] {dag.py:2389} INFO - Sync 1 DAGs
[2021-10-16 23:44:30,265] {logging_mixin.py:109} INFO - [2021-10-16 23:44:30,265] {dag.py:2914} INFO - Setting next_dagrun for tutorial to 2021-10-15T23:44:30.265349+00:00
[2021-10-16 23:44:30,274] {processor.py:171} INFO - Processing /home/airflow/.local/lib/python3.6/site-packages/airflow/example_dags/tutorial.py took 0.062 seconds
[2021-10-16 23:45:00,526] {processor.py:163} INFO - Started process (PID=1566) to work on /home/airflow/.local/lib/python3.6/site-packages/airflow/example_dags/tutorial.py
[2021-10-16 23:45:00,527] {processor.py:620} INFO - Processing file /home/airflow/.local/lib/python3.6/site-packages/airflow/example_dags/tutorial.py for tasks to queue
[2021-10-16 23:45:00,528] {logging_mixin.py:109} INFO - [2021-10-16 23:45:00,528] {dagbag.py:500} INFO - Filling up the DagBag from /home/airflow/.local/lib/python3.6/site-packages/airflow/example_dags/tutorial.py
[2021-10-16 23:45:00,556] {processor.py:632} INFO - DAG(s) dict_keys(['tutorial']) retrieved from /home/airflow/.local/lib/python3.6/site-packages/airflow/example_dags/tutorial.py
[2021-10-16 23:45:00,567] {logging_mixin.py:109} INFO - [2021-10-16 23:45:00,567] {dag.py:2389} INFO - Sync 1 DAGs
[2021-10-16 23:45:00,582] {logging_mixin.py:109} INFO - [2021-10-16 23:45:00,582] {dag.py:2914} INFO - Setting next_dagrun for tutorial to 2021-10-15T23:45:00.582352+00:00
[2021-10-16 23:45:00,593] {processor.py:171} INFO - Processing /home/airflow/.local/lib/python3.6/site-packages/airflow/example_dags/tutorial.py took 0.071 seconds
[2021-10-16 23:45:30,984] {processor.py:163} INFO - Started process (PID=1621) to work on /home/airflow/.local/lib/python3.6/site-packages/airflow/example_dags/tutorial.py
[2021-10-16 23:45:30,986] {processor.py:620} INFO - Processing file /home/airflow/.local/lib/python3.6/site-packages/airflow/example_dags/tutorial.py for tasks to queue
[2021-10-16 23:45:30,986] {logging_mixin.py:109} INFO - [2021-10-16 23:45:30,986] {dagbag.py:500} INFO - Filling up the DagBag from /home/airflow/.local/lib/python3.6/site-packages/airflow/example_dags/tutorial.py
[2021-10-16 23:45:31,012] {processor.py:632} INFO - DAG(s) dict_keys(['tutorial']) retrieved from /home/airflow/.local/lib/python3.6/site-packages/airflow/example_dags/tutorial.py
[2021-10-16 23:45:31,025] {logging_mixin.py:109} INFO - [2021-10-16 23:45:31,025] {dag.py:2389} INFO - Sync 1 DAGs
[2021-10-16 23:45:31,042] {logging_mixin.py:109} INFO - [2021-10-16 23:45:31,042] {dag.py:2914} INFO - Setting next_dagrun for tutorial to 2021-10-15T23:45:31.042294+00:00
[2021-10-16 23:45:31,052] {processor.py:171} INFO - Processing /home/airflow/.local/lib/python3.6/site-packages/airflow/example_dags/tutorial.py took 0.070 seconds
[2021-10-16 23:46:01,383] {processor.py:163} INFO - Started process (PID=1677) to work on /home/airflow/.local/lib/python3.6/site-packages/airflow/example_dags/tutorial.py
[2021-10-16 23:46:01,384] {processor.py:620} INFO - Processing file /home/airflow/.local/lib/python3.6/site-packages/airflow/example_dags/tutorial.py for tasks to queue
[2021-10-16 23:46:01,385] {logging_mixin.py:109} INFO - [2021-10-16 23:46:01,385] {dagbag.py:500} INFO - Filling up the DagBag from /home/airflow/.local/lib/python3.6/site-packages/airflow/example_dags/tutorial.py
[2021-10-16 23:46:01,411] {processor.py:632} INFO - DAG(s) dict_keys(['tutorial']) retrieved from /home/airflow/.local/lib/python3.6/site-packages/airflow/example_dags/tutorial.py
[2021-10-16 23:46:01,421] {logging_mixin.py:109} INFO - [2021-10-16 23:46:01,421] {dag.py:2389} INFO - Sync 1 DAGs
[2021-10-16 23:46:01,436] {logging_mixin.py:109} INFO - [2021-10-16 23:46:01,436] {dag.py:2914} INFO - Setting next_dagrun for tutorial to 2021-10-15T23:46:01.436621+00:00
[2021-10-16 23:46:01,445] {processor.py:171} INFO - Processing /home/airflow/.local/lib/python3.6/site-packages/airflow/example_dags/tutorial.py took 0.065 seconds
[2021-10-16 23:46:31,821] {processor.py:163} INFO - Started process (PID=1743) to work on /home/airflow/.local/lib/python3.6/site-packages/airflow/example_dags/tutorial.py
[2021-10-16 23:46:31,823] {processor.py:620} INFO - Processing file /home/airflow/.local/lib/python3.6/site-packages/airflow/example_dags/tutorial.py for tasks to queue
[2021-10-16 23:46:31,823] {logging_mixin.py:109} INFO - [2021-10-16 23:46:31,823] {dagbag.py:500} INFO - Filling up the DagBag from /home/airflow/.local/lib/python3.6/site-packages/airflow/example_dags/tutorial.py
[2021-10-16 23:46:31,851] {processor.py:632} INFO - DAG(s) dict_keys(['tutorial']) retrieved from /home/airflow/.local/lib/python3.6/site-packages/airflow/example_dags/tutorial.py
[2021-10-16 23:46:31,864] {logging_mixin.py:109} INFO - [2021-10-16 23:46:31,864] {dag.py:2389} INFO - Sync 1 DAGs
[2021-10-16 23:46:31,880] {logging_mixin.py:109} INFO - [2021-10-16 23:46:31,880] {dag.py:2914} INFO - Setting next_dagrun for tutorial to 2021-10-15T23:46:31.880098+00:00
[2021-10-16 23:46:31,889] {processor.py:171} INFO - Processing /home/airflow/.local/lib/python3.6/site-packages/airflow/example_dags/tutorial.py took 0.070 seconds
[2021-10-16 23:47:02,371] {processor.py:163} INFO - Started process (PID=1798) to work on /home/airflow/.local/lib/python3.6/site-packages/airflow/example_dags/tutorial.py
[2021-10-16 23:47:02,372] {processor.py:620} INFO - Processing file /home/airflow/.local/lib/python3.6/site-packages/airflow/example_dags/tutorial.py for tasks to queue
[2021-10-16 23:47:02,373] {logging_mixin.py:109} INFO - [2021-10-16 23:47:02,373] {dagbag.py:500} INFO - Filling up the DagBag from /home/airflow/.local/lib/python3.6/site-packages/airflow/example_dags/tutorial.py
[2021-10-16 23:47:02,401] {processor.py:632} INFO - DAG(s) dict_keys(['tutorial']) retrieved from /home/airflow/.local/lib/python3.6/site-packages/airflow/example_dags/tutorial.py
[2021-10-16 23:47:02,412] {logging_mixin.py:109} INFO - [2021-10-16 23:47:02,412] {dag.py:2389} INFO - Sync 1 DAGs
[2021-10-16 23:47:02,429] {logging_mixin.py:109} INFO - [2021-10-16 23:47:02,429] {dag.py:2914} INFO - Setting next_dagrun for tutorial to 2021-10-15T23:47:02.429310+00:00
[2021-10-16 23:47:02,439] {processor.py:171} INFO - Processing /home/airflow/.local/lib/python3.6/site-packages/airflow/example_dags/tutorial.py took 0.070 seconds
[2021-10-16 23:47:32,914] {processor.py:163} INFO - Started process (PID=1864) to work on /home/airflow/.local/lib/python3.6/site-packages/airflow/example_dags/tutorial.py
[2021-10-16 23:47:32,915] {processor.py:620} INFO - Processing file /home/airflow/.local/lib/python3.6/site-packages/airflow/example_dags/tutorial.py for tasks to queue
[2021-10-16 23:47:32,915] {logging_mixin.py:109} INFO - [2021-10-16 23:47:32,915] {dagbag.py:500} INFO - Filling up the DagBag from /home/airflow/.local/lib/python3.6/site-packages/airflow/example_dags/tutorial.py
[2021-10-16 23:47:32,945] {processor.py:632} INFO - DAG(s) dict_keys(['tutorial']) retrieved from /home/airflow/.local/lib/python3.6/site-packages/airflow/example_dags/tutorial.py
[2021-10-16 23:47:32,955] {logging_mixin.py:109} INFO - [2021-10-16 23:47:32,955] {dag.py:2389} INFO - Sync 1 DAGs
[2021-10-16 23:47:32,972] {logging_mixin.py:109} INFO - [2021-10-16 23:47:32,971] {dag.py:2914} INFO - Setting next_dagrun for tutorial to 2021-10-15T23:47:32.971613+00:00
[2021-10-16 23:47:32,987] {processor.py:171} INFO - Processing /home/airflow/.local/lib/python3.6/site-packages/airflow/example_dags/tutorial.py took 0.077 seconds
[2021-10-16 23:48:03,821] {processor.py:163} INFO - Started process (PID=1919) to work on /home/airflow/.local/lib/python3.6/site-packages/airflow/example_dags/tutorial.py
[2021-10-16 23:48:03,822] {processor.py:620} INFO - Processing file /home/airflow/.local/lib/python3.6/site-packages/airflow/example_dags/tutorial.py for tasks to queue
[2021-10-16 23:48:03,823] {logging_mixin.py:109} INFO - [2021-10-16 23:48:03,823] {dagbag.py:500} INFO - Filling up the DagBag from /home/airflow/.local/lib/python3.6/site-packages/airflow/example_dags/tutorial.py
[2021-10-16 23:48:03,851] {processor.py:632} INFO - DAG(s) dict_keys(['tutorial']) retrieved from /home/airflow/.local/lib/python3.6/site-packages/airflow/example_dags/tutorial.py
[2021-10-16 23:48:03,860] {logging_mixin.py:109} INFO - [2021-10-16 23:48:03,860] {dag.py:2389} INFO - Sync 1 DAGs
[2021-10-16 23:48:03,874] {logging_mixin.py:109} INFO - [2021-10-16 23:48:03,874] {dag.py:2914} INFO - Setting next_dagrun for tutorial to 2021-10-15T23:48:03.874209+00:00
[2021-10-16 23:48:03,882] {processor.py:171} INFO - Processing /home/airflow/.local/lib/python3.6/site-packages/airflow/example_dags/tutorial.py took 0.064 seconds
[2021-10-16 23:48:34,860] {processor.py:163} INFO - Started process (PID=1983) to work on /home/airflow/.local/lib/python3.6/site-packages/airflow/example_dags/tutorial.py
[2021-10-16 23:48:34,861] {processor.py:620} INFO - Processing file /home/airflow/.local/lib/python3.6/site-packages/airflow/example_dags/tutorial.py for tasks to queue
[2021-10-16 23:48:34,862] {logging_mixin.py:109} INFO - [2021-10-16 23:48:34,862] {dagbag.py:500} INFO - Filling up the DagBag from /home/airflow/.local/lib/python3.6/site-packages/airflow/example_dags/tutorial.py
[2021-10-16 23:48:34,892] {processor.py:632} INFO - DAG(s) dict_keys(['tutorial']) retrieved from /home/airflow/.local/lib/python3.6/site-packages/airflow/example_dags/tutorial.py
[2021-10-16 23:48:34,905] {logging_mixin.py:109} INFO - [2021-10-16 23:48:34,905] {dag.py:2389} INFO - Sync 1 DAGs
[2021-10-16 23:48:34,924] {logging_mixin.py:109} INFO - [2021-10-16 23:48:34,924] {dag.py:2914} INFO - Setting next_dagrun for tutorial to 2021-10-15T23:48:34.924022+00:00
[2021-10-16 23:48:34,934] {processor.py:171} INFO - Processing /home/airflow/.local/lib/python3.6/site-packages/airflow/example_dags/tutorial.py took 0.077 seconds
[2021-10-16 23:49:05,328] {processor.py:163} INFO - Started process (PID=2039) to work on /home/airflow/.local/lib/python3.6/site-packages/airflow/example_dags/tutorial.py
[2021-10-16 23:49:05,330] {processor.py:620} INFO - Processing file /home/airflow/.local/lib/python3.6/site-packages/airflow/example_dags/tutorial.py for tasks to queue
[2021-10-16 23:49:05,331] {logging_mixin.py:109} INFO - [2021-10-16 23:49:05,331] {dagbag.py:500} INFO - Filling up the DagBag from /home/airflow/.local/lib/python3.6/site-packages/airflow/example_dags/tutorial.py
[2021-10-16 23:49:05,366] {processor.py:632} INFO - DAG(s) dict_keys(['tutorial']) retrieved from /home/airflow/.local/lib/python3.6/site-packages/airflow/example_dags/tutorial.py
[2021-10-16 23:49:05,379] {logging_mixin.py:109} INFO - [2021-10-16 23:49:05,379] {dag.py:2389} INFO - Sync 1 DAGs
[2021-10-16 23:49:05,401] {logging_mixin.py:109} INFO - [2021-10-16 23:49:05,401] {dag.py:2914} INFO - Setting next_dagrun for tutorial to 2021-10-15T23:49:05.401444+00:00
[2021-10-16 23:49:05,413] {processor.py:171} INFO - Processing /home/airflow/.local/lib/python3.6/site-packages/airflow/example_dags/tutorial.py took 0.089 seconds
[2021-10-16 23:49:35,752] {processor.py:163} INFO - Started process (PID=2094) to work on /home/airflow/.local/lib/python3.6/site-packages/airflow/example_dags/tutorial.py
[2021-10-16 23:49:35,753] {processor.py:620} INFO - Processing file /home/airflow/.local/lib/python3.6/site-packages/airflow/example_dags/tutorial.py for tasks to queue
[2021-10-16 23:49:35,754] {logging_mixin.py:109} INFO - [2021-10-16 23:49:35,754] {dagbag.py:500} INFO - Filling up the DagBag from /home/airflow/.local/lib/python3.6/site-packages/airflow/example_dags/tutorial.py
[2021-10-16 23:49:35,779] {processor.py:632} INFO - DAG(s) dict_keys(['tutorial']) retrieved from /home/airflow/.local/lib/python3.6/site-packages/airflow/example_dags/tutorial.py
[2021-10-16 23:49:35,789] {logging_mixin.py:109} INFO - [2021-10-16 23:49:35,789] {dag.py:2389} INFO - Sync 1 DAGs
[2021-10-16 23:49:35,802] {logging_mixin.py:109} INFO - [2021-10-16 23:49:35,802] {dag.py:2914} INFO - Setting next_dagrun for tutorial to 2021-10-15T23:49:35.802023+00:00
[2021-10-16 23:49:35,809] {processor.py:171} INFO - Processing /home/airflow/.local/lib/python3.6/site-packages/airflow/example_dags/tutorial.py took 0.060 seconds
[2021-10-16 23:50:06,830] {processor.py:163} INFO - Started process (PID=2162) to work on /home/airflow/.local/lib/python3.6/site-packages/airflow/example_dags/tutorial.py
[2021-10-16 23:50:06,831] {processor.py:620} INFO - Processing file /home/airflow/.local/lib/python3.6/site-packages/airflow/example_dags/tutorial.py for tasks to queue
[2021-10-16 23:50:06,832] {logging_mixin.py:109} INFO - [2021-10-16 23:50:06,832] {dagbag.py:500} INFO - Filling up the DagBag from /home/airflow/.local/lib/python3.6/site-packages/airflow/example_dags/tutorial.py
[2021-10-16 23:50:06,910] {processor.py:632} INFO - DAG(s) dict_keys(['tutorial']) retrieved from /home/airflow/.local/lib/python3.6/site-packages/airflow/example_dags/tutorial.py
[2021-10-16 23:50:06,923] {logging_mixin.py:109} INFO - [2021-10-16 23:50:06,923] {dag.py:2389} INFO - Sync 1 DAGs
[2021-10-16 23:50:06,942] {logging_mixin.py:109} INFO - [2021-10-16 23:50:06,942] {dag.py:2914} INFO - Setting next_dagrun for tutorial to 2021-10-15T23:50:06.942142+00:00
[2021-10-16 23:50:06,952] {processor.py:171} INFO - Processing /home/airflow/.local/lib/python3.6/site-packages/airflow/example_dags/tutorial.py took 0.125 seconds
[2021-10-16 23:50:37,171] {processor.py:163} INFO - Started process (PID=2217) to work on /home/airflow/.local/lib/python3.6/site-packages/airflow/example_dags/tutorial.py
[2021-10-16 23:50:37,173] {processor.py:620} INFO - Processing file /home/airflow/.local/lib/python3.6/site-packages/airflow/example_dags/tutorial.py for tasks to queue
[2021-10-16 23:50:37,173] {logging_mixin.py:109} INFO - [2021-10-16 23:50:37,173] {dagbag.py:500} INFO - Filling up the DagBag from /home/airflow/.local/lib/python3.6/site-packages/airflow/example_dags/tutorial.py
[2021-10-16 23:50:37,203] {processor.py:632} INFO - DAG(s) dict_keys(['tutorial']) retrieved from /home/airflow/.local/lib/python3.6/site-packages/airflow/example_dags/tutorial.py
[2021-10-16 23:50:37,214] {logging_mixin.py:109} INFO - [2021-10-16 23:50:37,213] {dag.py:2389} INFO - Sync 1 DAGs
[2021-10-16 23:50:37,227] {logging_mixin.py:109} INFO - [2021-10-16 23:50:37,227] {dag.py:2914} INFO - Setting next_dagrun for tutorial to 2021-10-15T23:50:37.227491+00:00
[2021-10-16 23:50:37,236] {processor.py:171} INFO - Processing /home/airflow/.local/lib/python3.6/site-packages/airflow/example_dags/tutorial.py took 0.068 seconds
[2021-10-16 23:51:08,218] {processor.py:163} INFO - Started process (PID=2282) to work on /home/airflow/.local/lib/python3.6/site-packages/airflow/example_dags/tutorial.py
[2021-10-16 23:51:08,219] {processor.py:620} INFO - Processing file /home/airflow/.local/lib/python3.6/site-packages/airflow/example_dags/tutorial.py for tasks to queue
[2021-10-16 23:51:08,219] {logging_mixin.py:109} INFO - [2021-10-16 23:51:08,219] {dagbag.py:500} INFO - Filling up the DagBag from /home/airflow/.local/lib/python3.6/site-packages/airflow/example_dags/tutorial.py
[2021-10-16 23:51:08,246] {processor.py:632} INFO - DAG(s) dict_keys(['tutorial']) retrieved from /home/airflow/.local/lib/python3.6/site-packages/airflow/example_dags/tutorial.py
[2021-10-16 23:51:08,255] {logging_mixin.py:109} INFO - [2021-10-16 23:51:08,255] {dag.py:2389} INFO - Sync 1 DAGs
[2021-10-16 23:51:08,269] {logging_mixin.py:109} INFO - [2021-10-16 23:51:08,269] {dag.py:2914} INFO - Setting next_dagrun for tutorial to 2021-10-15T23:51:08.269492+00:00
[2021-10-16 23:51:08,278] {processor.py:171} INFO - Processing /home/airflow/.local/lib/python3.6/site-packages/airflow/example_dags/tutorial.py took 0.062 seconds
[2021-10-16 23:51:39,087] {processor.py:163} INFO - Started process (PID=2338) to work on /home/airflow/.local/lib/python3.6/site-packages/airflow/example_dags/tutorial.py
[2021-10-16 23:51:39,088] {processor.py:620} INFO - Processing file /home/airflow/.local/lib/python3.6/site-packages/airflow/example_dags/tutorial.py for tasks to queue
[2021-10-16 23:51:39,089] {logging_mixin.py:109} INFO - [2021-10-16 23:51:39,089] {dagbag.py:500} INFO - Filling up the DagBag from /home/airflow/.local/lib/python3.6/site-packages/airflow/example_dags/tutorial.py
[2021-10-16 23:51:39,116] {processor.py:632} INFO - DAG(s) dict_keys(['tutorial']) retrieved from /home/airflow/.local/lib/python3.6/site-packages/airflow/example_dags/tutorial.py
[2021-10-16 23:51:39,125] {logging_mixin.py:109} INFO - [2021-10-16 23:51:39,125] {dag.py:2389} INFO - Sync 1 DAGs
[2021-10-16 23:51:39,139] {logging_mixin.py:109} INFO - [2021-10-16 23:51:39,139] {dag.py:2914} INFO - Setting next_dagrun for tutorial to 2021-10-15T23:51:39.138845+00:00
[2021-10-16 23:51:39,146] {processor.py:171} INFO - Processing /home/airflow/.local/lib/python3.6/site-packages/airflow/example_dags/tutorial.py took 0.062 seconds
[2021-10-16 23:52:10,403] {processor.py:163} INFO - Started process (PID=2404) to work on /home/airflow/.local/lib/python3.6/site-packages/airflow/example_dags/tutorial.py
[2021-10-16 23:52:10,404] {processor.py:620} INFO - Processing file /home/airflow/.local/lib/python3.6/site-packages/airflow/example_dags/tutorial.py for tasks to queue
[2021-10-16 23:52:10,405] {logging_mixin.py:109} INFO - [2021-10-16 23:52:10,405] {dagbag.py:500} INFO - Filling up the DagBag from /home/airflow/.local/lib/python3.6/site-packages/airflow/example_dags/tutorial.py
[2021-10-16 23:52:10,466] {processor.py:632} INFO - DAG(s) dict_keys(['tutorial']) retrieved from /home/airflow/.local/lib/python3.6/site-packages/airflow/example_dags/tutorial.py
[2021-10-16 23:52:10,475] {logging_mixin.py:109} INFO - [2021-10-16 23:52:10,475] {dag.py:2389} INFO - Sync 1 DAGs
[2021-10-16 23:52:10,489] {logging_mixin.py:109} INFO - [2021-10-16 23:52:10,489] {dag.py:2914} INFO - Setting next_dagrun for tutorial to 2021-10-15T23:52:10.489322+00:00
[2021-10-16 23:52:10,500] {processor.py:171} INFO - Processing /home/airflow/.local/lib/python3.6/site-packages/airflow/example_dags/tutorial.py took 0.099 seconds
[2021-10-16 23:52:40,984] {processor.py:163} INFO - Started process (PID=2460) to work on /home/airflow/.local/lib/python3.6/site-packages/airflow/example_dags/tutorial.py
[2021-10-16 23:52:40,985] {processor.py:620} INFO - Processing file /home/airflow/.local/lib/python3.6/site-packages/airflow/example_dags/tutorial.py for tasks to queue
[2021-10-16 23:52:40,986] {logging_mixin.py:109} INFO - [2021-10-16 23:52:40,986] {dagbag.py:500} INFO - Filling up the DagBag from /home/airflow/.local/lib/python3.6/site-packages/airflow/example_dags/tutorial.py
[2021-10-16 23:52:41,015] {processor.py:632} INFO - DAG(s) dict_keys(['tutorial']) retrieved from /home/airflow/.local/lib/python3.6/site-packages/airflow/example_dags/tutorial.py
[2021-10-16 23:52:41,026] {logging_mixin.py:109} INFO - [2021-10-16 23:52:41,026] {dag.py:2389} INFO - Sync 1 DAGs
[2021-10-16 23:52:41,040] {logging_mixin.py:109} INFO - [2021-10-16 23:52:41,040] {dag.py:2914} INFO - Setting next_dagrun for tutorial to 2021-10-15T23:52:41.040589+00:00
[2021-10-16 23:52:41,048] {processor.py:171} INFO - Processing /home/airflow/.local/lib/python3.6/site-packages/airflow/example_dags/tutorial.py took 0.067 seconds
[2021-10-16 23:53:11,342] {processor.py:163} INFO - Started process (PID=2516) to work on /home/airflow/.local/lib/python3.6/site-packages/airflow/example_dags/tutorial.py
[2021-10-16 23:53:11,343] {processor.py:620} INFO - Processing file /home/airflow/.local/lib/python3.6/site-packages/airflow/example_dags/tutorial.py for tasks to queue
[2021-10-16 23:53:11,344] {logging_mixin.py:109} INFO - [2021-10-16 23:53:11,343] {dagbag.py:500} INFO - Filling up the DagBag from /home/airflow/.local/lib/python3.6/site-packages/airflow/example_dags/tutorial.py
[2021-10-16 23:53:11,369] {processor.py:632} INFO - DAG(s) dict_keys(['tutorial']) retrieved from /home/airflow/.local/lib/python3.6/site-packages/airflow/example_dags/tutorial.py
[2021-10-16 23:53:11,379] {logging_mixin.py:109} INFO - [2021-10-16 23:53:11,379] {dag.py:2389} INFO - Sync 1 DAGs
[2021-10-16 23:53:11,393] {logging_mixin.py:109} INFO - [2021-10-16 23:53:11,393] {dag.py:2914} INFO - Setting next_dagrun for tutorial to 2021-10-15T23:53:11.393301+00:00
[2021-10-16 23:53:11,402] {processor.py:171} INFO - Processing /home/airflow/.local/lib/python3.6/site-packages/airflow/example_dags/tutorial.py took 0.063 seconds
[2021-10-16 23:53:41,954] {processor.py:163} INFO - Started process (PID=2583) to work on /home/airflow/.local/lib/python3.6/site-packages/airflow/example_dags/tutorial.py
[2021-10-16 23:53:41,956] {processor.py:620} INFO - Processing file /home/airflow/.local/lib/python3.6/site-packages/airflow/example_dags/tutorial.py for tasks to queue
[2021-10-16 23:53:41,956] {logging_mixin.py:109} INFO - [2021-10-16 23:53:41,956] {dagbag.py:500} INFO - Filling up the DagBag from /home/airflow/.local/lib/python3.6/site-packages/airflow/example_dags/tutorial.py
[2021-10-16 23:53:41,985] {processor.py:632} INFO - DAG(s) dict_keys(['tutorial']) retrieved from /home/airflow/.local/lib/python3.6/site-packages/airflow/example_dags/tutorial.py
[2021-10-16 23:53:41,997] {logging_mixin.py:109} INFO - [2021-10-16 23:53:41,997] {dag.py:2389} INFO - Sync 1 DAGs
[2021-10-16 23:53:42,016] {logging_mixin.py:109} INFO - [2021-10-16 23:53:42,016] {dag.py:2914} INFO - Setting next_dagrun for tutorial to 2021-10-15T23:53:42.016031+00:00
[2021-10-16 23:53:42,029] {processor.py:171} INFO - Processing /home/airflow/.local/lib/python3.6/site-packages/airflow/example_dags/tutorial.py took 0.078 seconds
[2021-10-16 23:54:12,344] {processor.py:163} INFO - Started process (PID=2638) to work on /home/airflow/.local/lib/python3.6/site-packages/airflow/example_dags/tutorial.py
[2021-10-16 23:54:12,345] {processor.py:620} INFO - Processing file /home/airflow/.local/lib/python3.6/site-packages/airflow/example_dags/tutorial.py for tasks to queue
[2021-10-16 23:54:12,346] {logging_mixin.py:109} INFO - [2021-10-16 23:54:12,346] {dagbag.py:500} INFO - Filling up the DagBag from /home/airflow/.local/lib/python3.6/site-packages/airflow/example_dags/tutorial.py
[2021-10-16 23:54:12,378] {processor.py:632} INFO - DAG(s) dict_keys(['tutorial']) retrieved from /home/airflow/.local/lib/python3.6/site-packages/airflow/example_dags/tutorial.py
[2021-10-16 23:54:12,390] {logging_mixin.py:109} INFO - [2021-10-16 23:54:12,390] {dag.py:2389} INFO - Sync 1 DAGs
[2021-10-16 23:54:12,406] {logging_mixin.py:109} INFO - [2021-10-16 23:54:12,406] {dag.py:2914} INFO - Setting next_dagrun for tutorial to 2021-10-15T23:54:12.406420+00:00
[2021-10-16 23:54:12,417] {processor.py:171} INFO - Processing /home/airflow/.local/lib/python3.6/site-packages/airflow/example_dags/tutorial.py took 0.076 seconds
[2021-10-16 23:54:43,262] {processor.py:163} INFO - Started process (PID=2693) to work on /home/airflow/.local/lib/python3.6/site-packages/airflow/example_dags/tutorial.py
[2021-10-16 23:54:43,263] {processor.py:620} INFO - Processing file /home/airflow/.local/lib/python3.6/site-packages/airflow/example_dags/tutorial.py for tasks to queue
[2021-10-16 23:54:43,263] {logging_mixin.py:109} INFO - [2021-10-16 23:54:43,263] {dagbag.py:500} INFO - Filling up the DagBag from /home/airflow/.local/lib/python3.6/site-packages/airflow/example_dags/tutorial.py
[2021-10-16 23:54:43,297] {processor.py:632} INFO - DAG(s) dict_keys(['tutorial']) retrieved from /home/airflow/.local/lib/python3.6/site-packages/airflow/example_dags/tutorial.py
[2021-10-16 23:54:43,310] {logging_mixin.py:109} INFO - [2021-10-16 23:54:43,310] {dag.py:2389} INFO - Sync 1 DAGs
[2021-10-16 23:54:43,329] {logging_mixin.py:109} INFO - [2021-10-16 23:54:43,329] {dag.py:2914} INFO - Setting next_dagrun for tutorial to 2021-10-15T23:54:43.328889+00:00
[2021-10-16 23:54:43,340] {processor.py:171} INFO - Processing /home/airflow/.local/lib/python3.6/site-packages/airflow/example_dags/tutorial.py took 0.081 seconds
[2021-10-16 23:55:14,354] {processor.py:163} INFO - Started process (PID=2761) to work on /home/airflow/.local/lib/python3.6/site-packages/airflow/example_dags/tutorial.py
[2021-10-16 23:55:14,355] {processor.py:620} INFO - Processing file /home/airflow/.local/lib/python3.6/site-packages/airflow/example_dags/tutorial.py for tasks to queue
[2021-10-16 23:55:14,356] {logging_mixin.py:109} INFO - [2021-10-16 23:55:14,356] {dagbag.py:500} INFO - Filling up the DagBag from /home/airflow/.local/lib/python3.6/site-packages/airflow/example_dags/tutorial.py
[2021-10-16 23:55:14,381] {processor.py:632} INFO - DAG(s) dict_keys(['tutorial']) retrieved from /home/airflow/.local/lib/python3.6/site-packages/airflow/example_dags/tutorial.py
[2021-10-16 23:55:14,391] {logging_mixin.py:109} INFO - [2021-10-16 23:55:14,391] {dag.py:2389} INFO - Sync 1 DAGs
[2021-10-16 23:55:14,404] {logging_mixin.py:109} INFO - [2021-10-16 23:55:14,404] {dag.py:2914} INFO - Setting next_dagrun for tutorial to 2021-10-15T23:55:14.404289+00:00
[2021-10-16 23:55:14,413] {processor.py:171} INFO - Processing /home/airflow/.local/lib/python3.6/site-packages/airflow/example_dags/tutorial.py took 0.061 seconds
[2021-10-16 23:55:45,009] {processor.py:163} INFO - Started process (PID=2818) to work on /home/airflow/.local/lib/python3.6/site-packages/airflow/example_dags/tutorial.py
[2021-10-16 23:55:45,010] {processor.py:620} INFO - Processing file /home/airflow/.local/lib/python3.6/site-packages/airflow/example_dags/tutorial.py for tasks to queue
[2021-10-16 23:55:45,011] {logging_mixin.py:109} INFO - [2021-10-16 23:55:45,011] {dagbag.py:500} INFO - Filling up the DagBag from /home/airflow/.local/lib/python3.6/site-packages/airflow/example_dags/tutorial.py
[2021-10-16 23:55:45,040] {processor.py:632} INFO - DAG(s) dict_keys(['tutorial']) retrieved from /home/airflow/.local/lib/python3.6/site-packages/airflow/example_dags/tutorial.py
[2021-10-16 23:55:45,050] {logging_mixin.py:109} INFO - [2021-10-16 23:55:45,050] {dag.py:2389} INFO - Sync 1 DAGs
[2021-10-16 23:55:45,066] {logging_mixin.py:109} INFO - [2021-10-16 23:55:45,065] {dag.py:2914} INFO - Setting next_dagrun for tutorial to 2021-10-15T23:55:45.065554+00:00
[2021-10-16 23:55:45,078] {processor.py:171} INFO - Processing /home/airflow/.local/lib/python3.6/site-packages/airflow/example_dags/tutorial.py took 0.071 seconds
[2021-10-16 23:56:15,398] {processor.py:163} INFO - Started process (PID=2873) to work on /home/airflow/.local/lib/python3.6/site-packages/airflow/example_dags/tutorial.py
[2021-10-16 23:56:15,400] {processor.py:620} INFO - Processing file /home/airflow/.local/lib/python3.6/site-packages/airflow/example_dags/tutorial.py for tasks to queue
[2021-10-16 23:56:15,401] {logging_mixin.py:109} INFO - [2021-10-16 23:56:15,401] {dagbag.py:500} INFO - Filling up the DagBag from /home/airflow/.local/lib/python3.6/site-packages/airflow/example_dags/tutorial.py
[2021-10-16 23:56:15,436] {processor.py:632} INFO - DAG(s) dict_keys(['tutorial']) retrieved from /home/airflow/.local/lib/python3.6/site-packages/airflow/example_dags/tutorial.py
[2021-10-16 23:56:15,447] {logging_mixin.py:109} INFO - [2021-10-16 23:56:15,447] {dag.py:2389} INFO - Sync 1 DAGs
[2021-10-16 23:56:15,463] {logging_mixin.py:109} INFO - [2021-10-16 23:56:15,462] {dag.py:2914} INFO - Setting next_dagrun for tutorial to 2021-10-15T23:56:15.462655+00:00
[2021-10-16 23:56:15,471] {processor.py:171} INFO - Processing /home/airflow/.local/lib/python3.6/site-packages/airflow/example_dags/tutorial.py took 0.078 seconds
[2021-10-16 23:56:46,192] {processor.py:163} INFO - Started process (PID=2940) to work on /home/airflow/.local/lib/python3.6/site-packages/airflow/example_dags/tutorial.py
[2021-10-16 23:56:46,193] {processor.py:620} INFO - Processing file /home/airflow/.local/lib/python3.6/site-packages/airflow/example_dags/tutorial.py for tasks to queue
[2021-10-16 23:56:46,194] {logging_mixin.py:109} INFO - [2021-10-16 23:56:46,194] {dagbag.py:500} INFO - Filling up the DagBag from /home/airflow/.local/lib/python3.6/site-packages/airflow/example_dags/tutorial.py
[2021-10-16 23:56:46,230] {processor.py:632} INFO - DAG(s) dict_keys(['tutorial']) retrieved from /home/airflow/.local/lib/python3.6/site-packages/airflow/example_dags/tutorial.py
[2021-10-16 23:56:46,243] {logging_mixin.py:109} INFO - [2021-10-16 23:56:46,243] {dag.py:2389} INFO - Sync 1 DAGs
[2021-10-16 23:56:46,264] {logging_mixin.py:109} INFO - [2021-10-16 23:56:46,263] {dag.py:2914} INFO - Setting next_dagrun for tutorial to 2021-10-15T23:56:46.263665+00:00
[2021-10-16 23:56:46,275] {processor.py:171} INFO - Processing /home/airflow/.local/lib/python3.6/site-packages/airflow/example_dags/tutorial.py took 0.088 seconds
[2021-10-16 23:57:17,556] {processor.py:163} INFO - Started process (PID=2996) to work on /home/airflow/.local/lib/python3.6/site-packages/airflow/example_dags/tutorial.py
[2021-10-16 23:57:17,557] {processor.py:620} INFO - Processing file /home/airflow/.local/lib/python3.6/site-packages/airflow/example_dags/tutorial.py for tasks to queue
[2021-10-16 23:57:17,557] {logging_mixin.py:109} INFO - [2021-10-16 23:57:17,557] {dagbag.py:500} INFO - Filling up the DagBag from /home/airflow/.local/lib/python3.6/site-packages/airflow/example_dags/tutorial.py
[2021-10-16 23:57:17,586] {processor.py:632} INFO - DAG(s) dict_keys(['tutorial']) retrieved from /home/airflow/.local/lib/python3.6/site-packages/airflow/example_dags/tutorial.py
[2021-10-16 23:57:17,600] {logging_mixin.py:109} INFO - [2021-10-16 23:57:17,600] {dag.py:2389} INFO - Sync 1 DAGs
[2021-10-16 23:57:17,614] {logging_mixin.py:109} INFO - [2021-10-16 23:57:17,614] {dag.py:2914} INFO - Setting next_dagrun for tutorial to 2021-10-15T23:57:17.614561+00:00
[2021-10-16 23:57:17,623] {processor.py:171} INFO - Processing /home/airflow/.local/lib/python3.6/site-packages/airflow/example_dags/tutorial.py took 0.070 seconds
[2021-10-16 23:57:47,864] {processor.py:163} INFO - Started process (PID=3061) to work on /home/airflow/.local/lib/python3.6/site-packages/airflow/example_dags/tutorial.py
[2021-10-16 23:57:47,866] {processor.py:620} INFO - Processing file /home/airflow/.local/lib/python3.6/site-packages/airflow/example_dags/tutorial.py for tasks to queue
[2021-10-16 23:57:47,867] {logging_mixin.py:109} INFO - [2021-10-16 23:57:47,867] {dagbag.py:500} INFO - Filling up the DagBag from /home/airflow/.local/lib/python3.6/site-packages/airflow/example_dags/tutorial.py
[2021-10-16 23:57:47,915] {processor.py:632} INFO - DAG(s) dict_keys(['tutorial']) retrieved from /home/airflow/.local/lib/python3.6/site-packages/airflow/example_dags/tutorial.py
[2021-10-16 23:57:47,934] {logging_mixin.py:109} INFO - [2021-10-16 23:57:47,934] {dag.py:2389} INFO - Sync 1 DAGs
[2021-10-16 23:57:47,961] {logging_mixin.py:109} INFO - [2021-10-16 23:57:47,961] {dag.py:2914} INFO - Setting next_dagrun for tutorial to 2021-10-15T23:57:47.961353+00:00
[2021-10-16 23:57:47,973] {processor.py:171} INFO - Processing /home/airflow/.local/lib/python3.6/site-packages/airflow/example_dags/tutorial.py took 0.115 seconds
[2021-10-16 23:58:18,578] {processor.py:163} INFO - Started process (PID=3118) to work on /home/airflow/.local/lib/python3.6/site-packages/airflow/example_dags/tutorial.py
[2021-10-16 23:58:18,579] {processor.py:620} INFO - Processing file /home/airflow/.local/lib/python3.6/site-packages/airflow/example_dags/tutorial.py for tasks to queue
[2021-10-16 23:58:18,580] {logging_mixin.py:109} INFO - [2021-10-16 23:58:18,580] {dagbag.py:500} INFO - Filling up the DagBag from /home/airflow/.local/lib/python3.6/site-packages/airflow/example_dags/tutorial.py
[2021-10-16 23:58:18,623] {processor.py:632} INFO - DAG(s) dict_keys(['tutorial']) retrieved from /home/airflow/.local/lib/python3.6/site-packages/airflow/example_dags/tutorial.py
[2021-10-16 23:58:18,638] {logging_mixin.py:109} INFO - [2021-10-16 23:58:18,638] {dag.py:2389} INFO - Sync 1 DAGs
[2021-10-16 23:58:18,657] {logging_mixin.py:109} INFO - [2021-10-16 23:58:18,657] {dag.py:2914} INFO - Setting next_dagrun for tutorial to 2021-10-15T23:58:18.657423+00:00
[2021-10-16 23:58:18,671] {processor.py:171} INFO - Processing /home/airflow/.local/lib/python3.6/site-packages/airflow/example_dags/tutorial.py took 0.097 seconds
[2021-10-16 23:58:49,485] {processor.py:163} INFO - Started process (PID=3173) to work on /home/airflow/.local/lib/python3.6/site-packages/airflow/example_dags/tutorial.py
[2021-10-16 23:58:49,487] {processor.py:620} INFO - Processing file /home/airflow/.local/lib/python3.6/site-packages/airflow/example_dags/tutorial.py for tasks to queue
[2021-10-16 23:58:49,487] {logging_mixin.py:109} INFO - [2021-10-16 23:58:49,487] {dagbag.py:500} INFO - Filling up the DagBag from /home/airflow/.local/lib/python3.6/site-packages/airflow/example_dags/tutorial.py
[2021-10-16 23:58:49,513] {processor.py:632} INFO - DAG(s) dict_keys(['tutorial']) retrieved from /home/airflow/.local/lib/python3.6/site-packages/airflow/example_dags/tutorial.py
[2021-10-16 23:58:49,522] {logging_mixin.py:109} INFO - [2021-10-16 23:58:49,522] {dag.py:2389} INFO - Sync 1 DAGs
[2021-10-16 23:58:49,535] {logging_mixin.py:109} INFO - [2021-10-16 23:58:49,535] {dag.py:2914} INFO - Setting next_dagrun for tutorial to 2021-10-15T23:58:49.535363+00:00
[2021-10-16 23:58:49,543] {processor.py:171} INFO - Processing /home/airflow/.local/lib/python3.6/site-packages/airflow/example_dags/tutorial.py took 0.060 seconds
[2021-10-16 23:59:19,846] {processor.py:163} INFO - Started process (PID=3240) to work on /home/airflow/.local/lib/python3.6/site-packages/airflow/example_dags/tutorial.py
[2021-10-16 23:59:19,847] {processor.py:620} INFO - Processing file /home/airflow/.local/lib/python3.6/site-packages/airflow/example_dags/tutorial.py for tasks to queue
[2021-10-16 23:59:19,847] {logging_mixin.py:109} INFO - [2021-10-16 23:59:19,847] {dagbag.py:500} INFO - Filling up the DagBag from /home/airflow/.local/lib/python3.6/site-packages/airflow/example_dags/tutorial.py
[2021-10-16 23:59:19,876] {processor.py:632} INFO - DAG(s) dict_keys(['tutorial']) retrieved from /home/airflow/.local/lib/python3.6/site-packages/airflow/example_dags/tutorial.py
[2021-10-16 23:59:19,890] {logging_mixin.py:109} INFO - [2021-10-16 23:59:19,890] {dag.py:2389} INFO - Sync 1 DAGs
[2021-10-16 23:59:19,907] {logging_mixin.py:109} INFO - [2021-10-16 23:59:19,907] {dag.py:2914} INFO - Setting next_dagrun for tutorial to 2021-10-15T23:59:19.907334+00:00
[2021-10-16 23:59:19,918] {processor.py:171} INFO - Processing /home/airflow/.local/lib/python3.6/site-packages/airflow/example_dags/tutorial.py took 0.075 seconds
[2021-10-16 23:59:50,032] {processor.py:163} INFO - Started process (PID=3294) to work on /home/airflow/.local/lib/python3.6/site-packages/airflow/example_dags/tutorial.py
[2021-10-16 23:59:50,033] {processor.py:620} INFO - Processing file /home/airflow/.local/lib/python3.6/site-packages/airflow/example_dags/tutorial.py for tasks to queue
[2021-10-16 23:59:50,033] {logging_mixin.py:109} INFO - [2021-10-16 23:59:50,033] {dagbag.py:500} INFO - Filling up the DagBag from /home/airflow/.local/lib/python3.6/site-packages/airflow/example_dags/tutorial.py
[2021-10-16 23:59:50,067] {processor.py:632} INFO - DAG(s) dict_keys(['tutorial']) retrieved from /home/airflow/.local/lib/python3.6/site-packages/airflow/example_dags/tutorial.py
[2021-10-16 23:59:50,079] {logging_mixin.py:109} INFO - [2021-10-16 23:59:50,079] {dag.py:2389} INFO - Sync 1 DAGs
[2021-10-16 23:59:50,098] {logging_mixin.py:109} INFO - [2021-10-16 23:59:50,098] {dag.py:2914} INFO - Setting next_dagrun for tutorial to 2021-10-15T23:59:50.098542+00:00
[2021-10-16 23:59:50,109] {processor.py:171} INFO - Processing /home/airflow/.local/lib/python3.6/site-packages/airflow/example_dags/tutorial.py took 0.081 seconds
