[2021-10-16 23:32:14,403] {processor.py:163} INFO - Started process (PID=73) to work on /home/airflow/.local/lib/python3.6/site-packages/airflow/example_dags/tutorial_etl_dag.py
[2021-10-16 23:32:14,404] {processor.py:620} INFO - Processing file /home/airflow/.local/lib/python3.6/site-packages/airflow/example_dags/tutorial_etl_dag.py for tasks to queue
[2021-10-16 23:32:14,404] {logging_mixin.py:109} INFO - [2021-10-16 23:32:14,404] {dagbag.py:500} INFO - Filling up the DagBag from /home/airflow/.local/lib/python3.6/site-packages/airflow/example_dags/tutorial_etl_dag.py
[2021-10-16 23:32:14,433] {processor.py:632} INFO - DAG(s) dict_keys(['tutorial_etl_dag']) retrieved from /home/airflow/.local/lib/python3.6/site-packages/airflow/example_dags/tutorial_etl_dag.py
[2021-10-16 23:32:14,445] {logging_mixin.py:109} INFO - [2021-10-16 23:32:14,445] {dag.py:2389} INFO - Sync 1 DAGs
[2021-10-16 23:32:14,462] {logging_mixin.py:109} INFO - [2021-10-16 23:32:14,462] {dag.py:2914} INFO - Setting next_dagrun for tutorial_etl_dag to None
[2021-10-16 23:32:14,471] {processor.py:171} INFO - Processing /home/airflow/.local/lib/python3.6/site-packages/airflow/example_dags/tutorial_etl_dag.py took 0.072 seconds
[2021-10-16 23:32:45,016] {processor.py:163} INFO - Started process (PID=139) to work on /home/airflow/.local/lib/python3.6/site-packages/airflow/example_dags/tutorial_etl_dag.py
[2021-10-16 23:32:45,017] {processor.py:620} INFO - Processing file /home/airflow/.local/lib/python3.6/site-packages/airflow/example_dags/tutorial_etl_dag.py for tasks to queue
[2021-10-16 23:32:45,017] {logging_mixin.py:109} INFO - [2021-10-16 23:32:45,017] {dagbag.py:500} INFO - Filling up the DagBag from /home/airflow/.local/lib/python3.6/site-packages/airflow/example_dags/tutorial_etl_dag.py
[2021-10-16 23:32:45,047] {processor.py:632} INFO - DAG(s) dict_keys(['tutorial_etl_dag']) retrieved from /home/airflow/.local/lib/python3.6/site-packages/airflow/example_dags/tutorial_etl_dag.py
[2021-10-16 23:32:45,057] {logging_mixin.py:109} INFO - [2021-10-16 23:32:45,057] {dag.py:2389} INFO - Sync 1 DAGs
[2021-10-16 23:32:45,074] {logging_mixin.py:109} INFO - [2021-10-16 23:32:45,074] {dag.py:2914} INFO - Setting next_dagrun for tutorial_etl_dag to None
[2021-10-16 23:32:45,084] {processor.py:171} INFO - Processing /home/airflow/.local/lib/python3.6/site-packages/airflow/example_dags/tutorial_etl_dag.py took 0.072 seconds
[2021-10-16 23:33:16,194] {processor.py:163} INFO - Started process (PID=194) to work on /home/airflow/.local/lib/python3.6/site-packages/airflow/example_dags/tutorial_etl_dag.py
[2021-10-16 23:33:16,195] {processor.py:620} INFO - Processing file /home/airflow/.local/lib/python3.6/site-packages/airflow/example_dags/tutorial_etl_dag.py for tasks to queue
[2021-10-16 23:33:16,195] {logging_mixin.py:109} INFO - [2021-10-16 23:33:16,195] {dagbag.py:500} INFO - Filling up the DagBag from /home/airflow/.local/lib/python3.6/site-packages/airflow/example_dags/tutorial_etl_dag.py
[2021-10-16 23:33:16,219] {processor.py:632} INFO - DAG(s) dict_keys(['tutorial_etl_dag']) retrieved from /home/airflow/.local/lib/python3.6/site-packages/airflow/example_dags/tutorial_etl_dag.py
[2021-10-16 23:33:16,231] {logging_mixin.py:109} INFO - [2021-10-16 23:33:16,231] {dag.py:2389} INFO - Sync 1 DAGs
[2021-10-16 23:33:16,249] {logging_mixin.py:109} INFO - [2021-10-16 23:33:16,249] {dag.py:2914} INFO - Setting next_dagrun for tutorial_etl_dag to None
[2021-10-16 23:33:16,259] {processor.py:171} INFO - Processing /home/airflow/.local/lib/python3.6/site-packages/airflow/example_dags/tutorial_etl_dag.py took 0.067 seconds
[2021-10-16 23:33:47,540] {processor.py:163} INFO - Started process (PID=251) to work on /home/airflow/.local/lib/python3.6/site-packages/airflow/example_dags/tutorial_etl_dag.py
[2021-10-16 23:33:47,541] {processor.py:620} INFO - Processing file /home/airflow/.local/lib/python3.6/site-packages/airflow/example_dags/tutorial_etl_dag.py for tasks to queue
[2021-10-16 23:33:47,542] {logging_mixin.py:109} INFO - [2021-10-16 23:33:47,542] {dagbag.py:500} INFO - Filling up the DagBag from /home/airflow/.local/lib/python3.6/site-packages/airflow/example_dags/tutorial_etl_dag.py
[2021-10-16 23:33:47,605] {processor.py:632} INFO - DAG(s) dict_keys(['tutorial_etl_dag']) retrieved from /home/airflow/.local/lib/python3.6/site-packages/airflow/example_dags/tutorial_etl_dag.py
[2021-10-16 23:33:47,620] {logging_mixin.py:109} INFO - [2021-10-16 23:33:47,620] {dag.py:2389} INFO - Sync 1 DAGs
[2021-10-16 23:33:47,647] {logging_mixin.py:109} INFO - [2021-10-16 23:33:47,647] {dag.py:2914} INFO - Setting next_dagrun for tutorial_etl_dag to None
[2021-10-16 23:33:47,661] {processor.py:171} INFO - Processing /home/airflow/.local/lib/python3.6/site-packages/airflow/example_dags/tutorial_etl_dag.py took 0.125 seconds
[2021-10-16 23:34:18,263] {processor.py:163} INFO - Started process (PID=320) to work on /home/airflow/.local/lib/python3.6/site-packages/airflow/example_dags/tutorial_etl_dag.py
[2021-10-16 23:34:18,264] {processor.py:620} INFO - Processing file /home/airflow/.local/lib/python3.6/site-packages/airflow/example_dags/tutorial_etl_dag.py for tasks to queue
[2021-10-16 23:34:18,265] {logging_mixin.py:109} INFO - [2021-10-16 23:34:18,265] {dagbag.py:500} INFO - Filling up the DagBag from /home/airflow/.local/lib/python3.6/site-packages/airflow/example_dags/tutorial_etl_dag.py
[2021-10-16 23:34:18,322] {processor.py:632} INFO - DAG(s) dict_keys(['tutorial_etl_dag']) retrieved from /home/airflow/.local/lib/python3.6/site-packages/airflow/example_dags/tutorial_etl_dag.py
[2021-10-16 23:34:18,342] {logging_mixin.py:109} INFO - [2021-10-16 23:34:18,342] {dag.py:2389} INFO - Sync 1 DAGs
[2021-10-16 23:34:18,369] {logging_mixin.py:109} INFO - [2021-10-16 23:34:18,368] {dag.py:2914} INFO - Setting next_dagrun for tutorial_etl_dag to None
[2021-10-16 23:34:18,380] {processor.py:171} INFO - Processing /home/airflow/.local/lib/python3.6/site-packages/airflow/example_dags/tutorial_etl_dag.py took 0.122 seconds
[2021-10-16 23:34:49,676] {processor.py:163} INFO - Started process (PID=380) to work on /home/airflow/.local/lib/python3.6/site-packages/airflow/example_dags/tutorial_etl_dag.py
[2021-10-16 23:34:49,678] {processor.py:620} INFO - Processing file /home/airflow/.local/lib/python3.6/site-packages/airflow/example_dags/tutorial_etl_dag.py for tasks to queue
[2021-10-16 23:34:49,679] {logging_mixin.py:109} INFO - [2021-10-16 23:34:49,679] {dagbag.py:500} INFO - Filling up the DagBag from /home/airflow/.local/lib/python3.6/site-packages/airflow/example_dags/tutorial_etl_dag.py
[2021-10-16 23:34:49,715] {processor.py:632} INFO - DAG(s) dict_keys(['tutorial_etl_dag']) retrieved from /home/airflow/.local/lib/python3.6/site-packages/airflow/example_dags/tutorial_etl_dag.py
[2021-10-16 23:34:49,734] {logging_mixin.py:109} INFO - [2021-10-16 23:34:49,733] {dag.py:2389} INFO - Sync 1 DAGs
[2021-10-16 23:34:49,759] {logging_mixin.py:109} INFO - [2021-10-16 23:34:49,759] {dag.py:2914} INFO - Setting next_dagrun for tutorial_etl_dag to None
[2021-10-16 23:34:49,774] {processor.py:171} INFO - Processing /home/airflow/.local/lib/python3.6/site-packages/airflow/example_dags/tutorial_etl_dag.py took 0.102 seconds
[2021-10-16 23:35:20,640] {processor.py:163} INFO - Started process (PID=439) to work on /home/airflow/.local/lib/python3.6/site-packages/airflow/example_dags/tutorial_etl_dag.py
[2021-10-16 23:35:20,642] {processor.py:620} INFO - Processing file /home/airflow/.local/lib/python3.6/site-packages/airflow/example_dags/tutorial_etl_dag.py for tasks to queue
[2021-10-16 23:35:20,642] {logging_mixin.py:109} INFO - [2021-10-16 23:35:20,642] {dagbag.py:500} INFO - Filling up the DagBag from /home/airflow/.local/lib/python3.6/site-packages/airflow/example_dags/tutorial_etl_dag.py
[2021-10-16 23:35:20,675] {processor.py:632} INFO - DAG(s) dict_keys(['tutorial_etl_dag']) retrieved from /home/airflow/.local/lib/python3.6/site-packages/airflow/example_dags/tutorial_etl_dag.py
[2021-10-16 23:35:20,687] {logging_mixin.py:109} INFO - [2021-10-16 23:35:20,687] {dag.py:2389} INFO - Sync 1 DAGs
[2021-10-16 23:35:20,710] {logging_mixin.py:109} INFO - [2021-10-16 23:35:20,709] {dag.py:2914} INFO - Setting next_dagrun for tutorial_etl_dag to None
[2021-10-16 23:35:20,720] {processor.py:171} INFO - Processing /home/airflow/.local/lib/python3.6/site-packages/airflow/example_dags/tutorial_etl_dag.py took 0.084 seconds
[2021-10-16 23:35:51,510] {processor.py:163} INFO - Started process (PID=505) to work on /home/airflow/.local/lib/python3.6/site-packages/airflow/example_dags/tutorial_etl_dag.py
[2021-10-16 23:35:51,512] {processor.py:620} INFO - Processing file /home/airflow/.local/lib/python3.6/site-packages/airflow/example_dags/tutorial_etl_dag.py for tasks to queue
[2021-10-16 23:35:51,512] {logging_mixin.py:109} INFO - [2021-10-16 23:35:51,512] {dagbag.py:500} INFO - Filling up the DagBag from /home/airflow/.local/lib/python3.6/site-packages/airflow/example_dags/tutorial_etl_dag.py
[2021-10-16 23:35:51,540] {processor.py:632} INFO - DAG(s) dict_keys(['tutorial_etl_dag']) retrieved from /home/airflow/.local/lib/python3.6/site-packages/airflow/example_dags/tutorial_etl_dag.py
[2021-10-16 23:35:51,550] {logging_mixin.py:109} INFO - [2021-10-16 23:35:51,550] {dag.py:2389} INFO - Sync 1 DAGs
[2021-10-16 23:35:51,570] {logging_mixin.py:109} INFO - [2021-10-16 23:35:51,570] {dag.py:2914} INFO - Setting next_dagrun for tutorial_etl_dag to None
[2021-10-16 23:35:51,580] {processor.py:171} INFO - Processing /home/airflow/.local/lib/python3.6/site-packages/airflow/example_dags/tutorial_etl_dag.py took 0.073 seconds
[2021-10-16 23:36:21,891] {processor.py:163} INFO - Started process (PID=561) to work on /home/airflow/.local/lib/python3.6/site-packages/airflow/example_dags/tutorial_etl_dag.py
[2021-10-16 23:36:21,892] {processor.py:620} INFO - Processing file /home/airflow/.local/lib/python3.6/site-packages/airflow/example_dags/tutorial_etl_dag.py for tasks to queue
[2021-10-16 23:36:21,893] {logging_mixin.py:109} INFO - [2021-10-16 23:36:21,893] {dagbag.py:500} INFO - Filling up the DagBag from /home/airflow/.local/lib/python3.6/site-packages/airflow/example_dags/tutorial_etl_dag.py
[2021-10-16 23:36:21,917] {processor.py:632} INFO - DAG(s) dict_keys(['tutorial_etl_dag']) retrieved from /home/airflow/.local/lib/python3.6/site-packages/airflow/example_dags/tutorial_etl_dag.py
[2021-10-16 23:36:21,927] {logging_mixin.py:109} INFO - [2021-10-16 23:36:21,927] {dag.py:2389} INFO - Sync 1 DAGs
[2021-10-16 23:36:21,944] {logging_mixin.py:109} INFO - [2021-10-16 23:36:21,944] {dag.py:2914} INFO - Setting next_dagrun for tutorial_etl_dag to None
[2021-10-16 23:36:21,953] {processor.py:171} INFO - Processing /home/airflow/.local/lib/python3.6/site-packages/airflow/example_dags/tutorial_etl_dag.py took 0.064 seconds
[2021-10-16 23:36:51,973] {processor.py:163} INFO - Started process (PID=616) to work on /home/airflow/.local/lib/python3.6/site-packages/airflow/example_dags/tutorial_etl_dag.py
[2021-10-16 23:36:51,973] {processor.py:620} INFO - Processing file /home/airflow/.local/lib/python3.6/site-packages/airflow/example_dags/tutorial_etl_dag.py for tasks to queue
[2021-10-16 23:36:51,974] {logging_mixin.py:109} INFO - [2021-10-16 23:36:51,974] {dagbag.py:500} INFO - Filling up the DagBag from /home/airflow/.local/lib/python3.6/site-packages/airflow/example_dags/tutorial_etl_dag.py
[2021-10-16 23:36:51,997] {processor.py:632} INFO - DAG(s) dict_keys(['tutorial_etl_dag']) retrieved from /home/airflow/.local/lib/python3.6/site-packages/airflow/example_dags/tutorial_etl_dag.py
[2021-10-16 23:36:52,006] {logging_mixin.py:109} INFO - [2021-10-16 23:36:52,006] {dag.py:2389} INFO - Sync 1 DAGs
[2021-10-16 23:36:52,020] {logging_mixin.py:109} INFO - [2021-10-16 23:36:52,020] {dag.py:2914} INFO - Setting next_dagrun for tutorial_etl_dag to None
[2021-10-16 23:36:52,028] {processor.py:171} INFO - Processing /home/airflow/.local/lib/python3.6/site-packages/airflow/example_dags/tutorial_etl_dag.py took 0.058 seconds
[2021-10-16 23:37:23,475] {processor.py:163} INFO - Started process (PID=681) to work on /home/airflow/.local/lib/python3.6/site-packages/airflow/example_dags/tutorial_etl_dag.py
[2021-10-16 23:37:23,476] {processor.py:620} INFO - Processing file /home/airflow/.local/lib/python3.6/site-packages/airflow/example_dags/tutorial_etl_dag.py for tasks to queue
[2021-10-16 23:37:23,477] {logging_mixin.py:109} INFO - [2021-10-16 23:37:23,477] {dagbag.py:500} INFO - Filling up the DagBag from /home/airflow/.local/lib/python3.6/site-packages/airflow/example_dags/tutorial_etl_dag.py
[2021-10-16 23:37:23,514] {processor.py:632} INFO - DAG(s) dict_keys(['tutorial_etl_dag']) retrieved from /home/airflow/.local/lib/python3.6/site-packages/airflow/example_dags/tutorial_etl_dag.py
[2021-10-16 23:37:23,530] {logging_mixin.py:109} INFO - [2021-10-16 23:37:23,530] {dag.py:2389} INFO - Sync 1 DAGs
[2021-10-16 23:37:23,553] {logging_mixin.py:109} INFO - [2021-10-16 23:37:23,552] {dag.py:2914} INFO - Setting next_dagrun for tutorial_etl_dag to None
[2021-10-16 23:37:23,563] {processor.py:171} INFO - Processing /home/airflow/.local/lib/python3.6/site-packages/airflow/example_dags/tutorial_etl_dag.py took 0.093 seconds
[2021-10-16 23:37:53,777] {processor.py:163} INFO - Started process (PID=736) to work on /home/airflow/.local/lib/python3.6/site-packages/airflow/example_dags/tutorial_etl_dag.py
[2021-10-16 23:37:53,778] {processor.py:620} INFO - Processing file /home/airflow/.local/lib/python3.6/site-packages/airflow/example_dags/tutorial_etl_dag.py for tasks to queue
[2021-10-16 23:37:53,778] {logging_mixin.py:109} INFO - [2021-10-16 23:37:53,778] {dagbag.py:500} INFO - Filling up the DagBag from /home/airflow/.local/lib/python3.6/site-packages/airflow/example_dags/tutorial_etl_dag.py
[2021-10-16 23:37:53,803] {processor.py:632} INFO - DAG(s) dict_keys(['tutorial_etl_dag']) retrieved from /home/airflow/.local/lib/python3.6/site-packages/airflow/example_dags/tutorial_etl_dag.py
[2021-10-16 23:37:53,813] {logging_mixin.py:109} INFO - [2021-10-16 23:37:53,813] {dag.py:2389} INFO - Sync 1 DAGs
[2021-10-16 23:37:53,828] {logging_mixin.py:109} INFO - [2021-10-16 23:37:53,828] {dag.py:2914} INFO - Setting next_dagrun for tutorial_etl_dag to None
[2021-10-16 23:37:53,836] {processor.py:171} INFO - Processing /home/airflow/.local/lib/python3.6/site-packages/airflow/example_dags/tutorial_etl_dag.py took 0.062 seconds
[2021-10-16 23:38:24,132] {processor.py:163} INFO - Started process (PID=793) to work on /home/airflow/.local/lib/python3.6/site-packages/airflow/example_dags/tutorial_etl_dag.py
[2021-10-16 23:38:24,133] {processor.py:620} INFO - Processing file /home/airflow/.local/lib/python3.6/site-packages/airflow/example_dags/tutorial_etl_dag.py for tasks to queue
[2021-10-16 23:38:24,134] {logging_mixin.py:109} INFO - [2021-10-16 23:38:24,133] {dagbag.py:500} INFO - Filling up the DagBag from /home/airflow/.local/lib/python3.6/site-packages/airflow/example_dags/tutorial_etl_dag.py
[2021-10-16 23:38:24,157] {processor.py:632} INFO - DAG(s) dict_keys(['tutorial_etl_dag']) retrieved from /home/airflow/.local/lib/python3.6/site-packages/airflow/example_dags/tutorial_etl_dag.py
[2021-10-16 23:38:24,167] {logging_mixin.py:109} INFO - [2021-10-16 23:38:24,166] {dag.py:2389} INFO - Sync 1 DAGs
[2021-10-16 23:38:24,185] {logging_mixin.py:109} INFO - [2021-10-16 23:38:24,185] {dag.py:2914} INFO - Setting next_dagrun for tutorial_etl_dag to None
[2021-10-16 23:38:24,196] {processor.py:171} INFO - Processing /home/airflow/.local/lib/python3.6/site-packages/airflow/example_dags/tutorial_etl_dag.py took 0.067 seconds
[2021-10-16 23:38:54,520] {processor.py:163} INFO - Started process (PID=858) to work on /home/airflow/.local/lib/python3.6/site-packages/airflow/example_dags/tutorial_etl_dag.py
[2021-10-16 23:38:54,521] {processor.py:620} INFO - Processing file /home/airflow/.local/lib/python3.6/site-packages/airflow/example_dags/tutorial_etl_dag.py for tasks to queue
[2021-10-16 23:38:54,521] {logging_mixin.py:109} INFO - [2021-10-16 23:38:54,521] {dagbag.py:500} INFO - Filling up the DagBag from /home/airflow/.local/lib/python3.6/site-packages/airflow/example_dags/tutorial_etl_dag.py
[2021-10-16 23:38:54,544] {processor.py:632} INFO - DAG(s) dict_keys(['tutorial_etl_dag']) retrieved from /home/airflow/.local/lib/python3.6/site-packages/airflow/example_dags/tutorial_etl_dag.py
[2021-10-16 23:38:54,553] {logging_mixin.py:109} INFO - [2021-10-16 23:38:54,553] {dag.py:2389} INFO - Sync 1 DAGs
[2021-10-16 23:38:54,568] {logging_mixin.py:109} INFO - [2021-10-16 23:38:54,567] {dag.py:2914} INFO - Setting next_dagrun for tutorial_etl_dag to None
[2021-10-16 23:38:54,575] {processor.py:171} INFO - Processing /home/airflow/.local/lib/python3.6/site-packages/airflow/example_dags/tutorial_etl_dag.py took 0.058 seconds
[2021-10-16 23:39:24,963] {processor.py:163} INFO - Started process (PID=914) to work on /home/airflow/.local/lib/python3.6/site-packages/airflow/example_dags/tutorial_etl_dag.py
[2021-10-16 23:39:24,965] {processor.py:620} INFO - Processing file /home/airflow/.local/lib/python3.6/site-packages/airflow/example_dags/tutorial_etl_dag.py for tasks to queue
[2021-10-16 23:39:24,966] {logging_mixin.py:109} INFO - [2021-10-16 23:39:24,966] {dagbag.py:500} INFO - Filling up the DagBag from /home/airflow/.local/lib/python3.6/site-packages/airflow/example_dags/tutorial_etl_dag.py
[2021-10-16 23:39:25,002] {processor.py:632} INFO - DAG(s) dict_keys(['tutorial_etl_dag']) retrieved from /home/airflow/.local/lib/python3.6/site-packages/airflow/example_dags/tutorial_etl_dag.py
[2021-10-16 23:39:25,016] {logging_mixin.py:109} INFO - [2021-10-16 23:39:25,016] {dag.py:2389} INFO - Sync 1 DAGs
[2021-10-16 23:39:25,037] {logging_mixin.py:109} INFO - [2021-10-16 23:39:25,037] {dag.py:2914} INFO - Setting next_dagrun for tutorial_etl_dag to None
[2021-10-16 23:39:25,048] {processor.py:171} INFO - Processing /home/airflow/.local/lib/python3.6/site-packages/airflow/example_dags/tutorial_etl_dag.py took 0.089 seconds
[2021-10-16 23:39:55,243] {processor.py:163} INFO - Started process (PID=978) to work on /home/airflow/.local/lib/python3.6/site-packages/airflow/example_dags/tutorial_etl_dag.py
[2021-10-16 23:39:55,244] {processor.py:620} INFO - Processing file /home/airflow/.local/lib/python3.6/site-packages/airflow/example_dags/tutorial_etl_dag.py for tasks to queue
[2021-10-16 23:39:55,245] {logging_mixin.py:109} INFO - [2021-10-16 23:39:55,245] {dagbag.py:500} INFO - Filling up the DagBag from /home/airflow/.local/lib/python3.6/site-packages/airflow/example_dags/tutorial_etl_dag.py
[2021-10-16 23:39:55,270] {processor.py:632} INFO - DAG(s) dict_keys(['tutorial_etl_dag']) retrieved from /home/airflow/.local/lib/python3.6/site-packages/airflow/example_dags/tutorial_etl_dag.py
[2021-10-16 23:39:55,281] {logging_mixin.py:109} INFO - [2021-10-16 23:39:55,281] {dag.py:2389} INFO - Sync 1 DAGs
[2021-10-16 23:39:55,295] {logging_mixin.py:109} INFO - [2021-10-16 23:39:55,295] {dag.py:2914} INFO - Setting next_dagrun for tutorial_etl_dag to None
[2021-10-16 23:39:55,304] {processor.py:171} INFO - Processing /home/airflow/.local/lib/python3.6/site-packages/airflow/example_dags/tutorial_etl_dag.py took 0.063 seconds
[2021-10-16 23:40:26,481] {processor.py:163} INFO - Started process (PID=1035) to work on /home/airflow/.local/lib/python3.6/site-packages/airflow/example_dags/tutorial_etl_dag.py
[2021-10-16 23:40:26,482] {processor.py:620} INFO - Processing file /home/airflow/.local/lib/python3.6/site-packages/airflow/example_dags/tutorial_etl_dag.py for tasks to queue
[2021-10-16 23:40:26,483] {logging_mixin.py:109} INFO - [2021-10-16 23:40:26,483] {dagbag.py:500} INFO - Filling up the DagBag from /home/airflow/.local/lib/python3.6/site-packages/airflow/example_dags/tutorial_etl_dag.py
[2021-10-16 23:40:26,513] {processor.py:632} INFO - DAG(s) dict_keys(['tutorial_etl_dag']) retrieved from /home/airflow/.local/lib/python3.6/site-packages/airflow/example_dags/tutorial_etl_dag.py
[2021-10-16 23:40:26,529] {logging_mixin.py:109} INFO - [2021-10-16 23:40:26,529] {dag.py:2389} INFO - Sync 1 DAGs
[2021-10-16 23:40:26,552] {logging_mixin.py:109} INFO - [2021-10-16 23:40:26,552] {dag.py:2914} INFO - Setting next_dagrun for tutorial_etl_dag to None
[2021-10-16 23:40:26,562] {processor.py:171} INFO - Processing /home/airflow/.local/lib/python3.6/site-packages/airflow/example_dags/tutorial_etl_dag.py took 0.083 seconds
[2021-10-16 23:40:57,550] {processor.py:163} INFO - Started process (PID=1091) to work on /home/airflow/.local/lib/python3.6/site-packages/airflow/example_dags/tutorial_etl_dag.py
[2021-10-16 23:40:57,551] {processor.py:620} INFO - Processing file /home/airflow/.local/lib/python3.6/site-packages/airflow/example_dags/tutorial_etl_dag.py for tasks to queue
[2021-10-16 23:40:57,551] {logging_mixin.py:109} INFO - [2021-10-16 23:40:57,551] {dagbag.py:500} INFO - Filling up the DagBag from /home/airflow/.local/lib/python3.6/site-packages/airflow/example_dags/tutorial_etl_dag.py
[2021-10-16 23:40:57,576] {processor.py:632} INFO - DAG(s) dict_keys(['tutorial_etl_dag']) retrieved from /home/airflow/.local/lib/python3.6/site-packages/airflow/example_dags/tutorial_etl_dag.py
[2021-10-16 23:40:57,588] {logging_mixin.py:109} INFO - [2021-10-16 23:40:57,588] {dag.py:2389} INFO - Sync 1 DAGs
[2021-10-16 23:40:57,607] {logging_mixin.py:109} INFO - [2021-10-16 23:40:57,606] {dag.py:2914} INFO - Setting next_dagrun for tutorial_etl_dag to None
[2021-10-16 23:40:57,617] {processor.py:171} INFO - Processing /home/airflow/.local/lib/python3.6/site-packages/airflow/example_dags/tutorial_etl_dag.py took 0.070 seconds
[2021-10-16 23:41:27,695] {processor.py:163} INFO - Started process (PID=1156) to work on /home/airflow/.local/lib/python3.6/site-packages/airflow/example_dags/tutorial_etl_dag.py
[2021-10-16 23:41:27,696] {processor.py:620} INFO - Processing file /home/airflow/.local/lib/python3.6/site-packages/airflow/example_dags/tutorial_etl_dag.py for tasks to queue
[2021-10-16 23:41:27,696] {logging_mixin.py:109} INFO - [2021-10-16 23:41:27,696] {dagbag.py:500} INFO - Filling up the DagBag from /home/airflow/.local/lib/python3.6/site-packages/airflow/example_dags/tutorial_etl_dag.py
[2021-10-16 23:41:27,719] {processor.py:632} INFO - DAG(s) dict_keys(['tutorial_etl_dag']) retrieved from /home/airflow/.local/lib/python3.6/site-packages/airflow/example_dags/tutorial_etl_dag.py
[2021-10-16 23:41:27,728] {logging_mixin.py:109} INFO - [2021-10-16 23:41:27,728] {dag.py:2389} INFO - Sync 1 DAGs
[2021-10-16 23:41:27,742] {logging_mixin.py:109} INFO - [2021-10-16 23:41:27,742] {dag.py:2914} INFO - Setting next_dagrun for tutorial_etl_dag to None
[2021-10-16 23:41:27,751] {processor.py:171} INFO - Processing /home/airflow/.local/lib/python3.6/site-packages/airflow/example_dags/tutorial_etl_dag.py took 0.059 seconds
[2021-10-16 23:41:58,914] {processor.py:163} INFO - Started process (PID=1211) to work on /home/airflow/.local/lib/python3.6/site-packages/airflow/example_dags/tutorial_etl_dag.py
[2021-10-16 23:41:58,916] {processor.py:620} INFO - Processing file /home/airflow/.local/lib/python3.6/site-packages/airflow/example_dags/tutorial_etl_dag.py for tasks to queue
[2021-10-16 23:41:58,917] {logging_mixin.py:109} INFO - [2021-10-16 23:41:58,917] {dagbag.py:500} INFO - Filling up the DagBag from /home/airflow/.local/lib/python3.6/site-packages/airflow/example_dags/tutorial_etl_dag.py
[2021-10-16 23:41:58,945] {processor.py:632} INFO - DAG(s) dict_keys(['tutorial_etl_dag']) retrieved from /home/airflow/.local/lib/python3.6/site-packages/airflow/example_dags/tutorial_etl_dag.py
[2021-10-16 23:41:58,956] {logging_mixin.py:109} INFO - [2021-10-16 23:41:58,956] {dag.py:2389} INFO - Sync 1 DAGs
[2021-10-16 23:41:58,973] {logging_mixin.py:109} INFO - [2021-10-16 23:41:58,973] {dag.py:2914} INFO - Setting next_dagrun for tutorial_etl_dag to None
[2021-10-16 23:41:58,982] {processor.py:171} INFO - Processing /home/airflow/.local/lib/python3.6/site-packages/airflow/example_dags/tutorial_etl_dag.py took 0.070 seconds
[2021-10-16 23:42:29,228] {processor.py:163} INFO - Started process (PID=1276) to work on /home/airflow/.local/lib/python3.6/site-packages/airflow/example_dags/tutorial_etl_dag.py
[2021-10-16 23:42:29,229] {processor.py:620} INFO - Processing file /home/airflow/.local/lib/python3.6/site-packages/airflow/example_dags/tutorial_etl_dag.py for tasks to queue
[2021-10-16 23:42:29,230] {logging_mixin.py:109} INFO - [2021-10-16 23:42:29,230] {dagbag.py:500} INFO - Filling up the DagBag from /home/airflow/.local/lib/python3.6/site-packages/airflow/example_dags/tutorial_etl_dag.py
[2021-10-16 23:42:29,261] {processor.py:632} INFO - DAG(s) dict_keys(['tutorial_etl_dag']) retrieved from /home/airflow/.local/lib/python3.6/site-packages/airflow/example_dags/tutorial_etl_dag.py
[2021-10-16 23:42:29,275] {logging_mixin.py:109} INFO - [2021-10-16 23:42:29,275] {dag.py:2389} INFO - Sync 1 DAGs
[2021-10-16 23:42:29,295] {logging_mixin.py:109} INFO - [2021-10-16 23:42:29,295] {dag.py:2914} INFO - Setting next_dagrun for tutorial_etl_dag to None
[2021-10-16 23:42:29,305] {processor.py:171} INFO - Processing /home/airflow/.local/lib/python3.6/site-packages/airflow/example_dags/tutorial_etl_dag.py took 0.080 seconds
[2021-10-16 23:43:00,149] {processor.py:163} INFO - Started process (PID=1332) to work on /home/airflow/.local/lib/python3.6/site-packages/airflow/example_dags/tutorial_etl_dag.py
[2021-10-16 23:43:00,150] {processor.py:620} INFO - Processing file /home/airflow/.local/lib/python3.6/site-packages/airflow/example_dags/tutorial_etl_dag.py for tasks to queue
[2021-10-16 23:43:00,151] {logging_mixin.py:109} INFO - [2021-10-16 23:43:00,151] {dagbag.py:500} INFO - Filling up the DagBag from /home/airflow/.local/lib/python3.6/site-packages/airflow/example_dags/tutorial_etl_dag.py
[2021-10-16 23:43:00,175] {processor.py:632} INFO - DAG(s) dict_keys(['tutorial_etl_dag']) retrieved from /home/airflow/.local/lib/python3.6/site-packages/airflow/example_dags/tutorial_etl_dag.py
[2021-10-16 23:43:00,184] {logging_mixin.py:109} INFO - [2021-10-16 23:43:00,184] {dag.py:2389} INFO - Sync 1 DAGs
[2021-10-16 23:43:00,198] {logging_mixin.py:109} INFO - [2021-10-16 23:43:00,198] {dag.py:2914} INFO - Setting next_dagrun for tutorial_etl_dag to None
[2021-10-16 23:43:00,206] {processor.py:171} INFO - Processing /home/airflow/.local/lib/python3.6/site-packages/airflow/example_dags/tutorial_etl_dag.py took 0.060 seconds
[2021-10-16 23:43:30,836] {processor.py:163} INFO - Started process (PID=1399) to work on /home/airflow/.local/lib/python3.6/site-packages/airflow/example_dags/tutorial_etl_dag.py
[2021-10-16 23:43:30,837] {processor.py:620} INFO - Processing file /home/airflow/.local/lib/python3.6/site-packages/airflow/example_dags/tutorial_etl_dag.py for tasks to queue
[2021-10-16 23:43:30,838] {logging_mixin.py:109} INFO - [2021-10-16 23:43:30,838] {dagbag.py:500} INFO - Filling up the DagBag from /home/airflow/.local/lib/python3.6/site-packages/airflow/example_dags/tutorial_etl_dag.py
[2021-10-16 23:43:30,865] {processor.py:632} INFO - DAG(s) dict_keys(['tutorial_etl_dag']) retrieved from /home/airflow/.local/lib/python3.6/site-packages/airflow/example_dags/tutorial_etl_dag.py
[2021-10-16 23:43:30,879] {logging_mixin.py:109} INFO - [2021-10-16 23:43:30,879] {dag.py:2389} INFO - Sync 1 DAGs
[2021-10-16 23:43:30,899] {logging_mixin.py:109} INFO - [2021-10-16 23:43:30,899] {dag.py:2914} INFO - Setting next_dagrun for tutorial_etl_dag to None
[2021-10-16 23:43:30,910] {processor.py:171} INFO - Processing /home/airflow/.local/lib/python3.6/site-packages/airflow/example_dags/tutorial_etl_dag.py took 0.077 seconds
[2021-10-16 23:44:01,313] {processor.py:163} INFO - Started process (PID=1454) to work on /home/airflow/.local/lib/python3.6/site-packages/airflow/example_dags/tutorial_etl_dag.py
[2021-10-16 23:44:01,314] {processor.py:620} INFO - Processing file /home/airflow/.local/lib/python3.6/site-packages/airflow/example_dags/tutorial_etl_dag.py for tasks to queue
[2021-10-16 23:44:01,314] {logging_mixin.py:109} INFO - [2021-10-16 23:44:01,314] {dagbag.py:500} INFO - Filling up the DagBag from /home/airflow/.local/lib/python3.6/site-packages/airflow/example_dags/tutorial_etl_dag.py
[2021-10-16 23:44:01,339] {processor.py:632} INFO - DAG(s) dict_keys(['tutorial_etl_dag']) retrieved from /home/airflow/.local/lib/python3.6/site-packages/airflow/example_dags/tutorial_etl_dag.py
[2021-10-16 23:44:01,349] {logging_mixin.py:109} INFO - [2021-10-16 23:44:01,349] {dag.py:2389} INFO - Sync 1 DAGs
[2021-10-16 23:44:01,367] {logging_mixin.py:109} INFO - [2021-10-16 23:44:01,367] {dag.py:2914} INFO - Setting next_dagrun for tutorial_etl_dag to None
[2021-10-16 23:44:01,377] {processor.py:171} INFO - Processing /home/airflow/.local/lib/python3.6/site-packages/airflow/example_dags/tutorial_etl_dag.py took 0.066 seconds
[2021-10-16 23:44:31,792] {processor.py:163} INFO - Started process (PID=1510) to work on /home/airflow/.local/lib/python3.6/site-packages/airflow/example_dags/tutorial_etl_dag.py
[2021-10-16 23:44:31,793] {processor.py:620} INFO - Processing file /home/airflow/.local/lib/python3.6/site-packages/airflow/example_dags/tutorial_etl_dag.py for tasks to queue
[2021-10-16 23:44:31,794] {logging_mixin.py:109} INFO - [2021-10-16 23:44:31,794] {dagbag.py:500} INFO - Filling up the DagBag from /home/airflow/.local/lib/python3.6/site-packages/airflow/example_dags/tutorial_etl_dag.py
[2021-10-16 23:44:31,818] {processor.py:632} INFO - DAG(s) dict_keys(['tutorial_etl_dag']) retrieved from /home/airflow/.local/lib/python3.6/site-packages/airflow/example_dags/tutorial_etl_dag.py
[2021-10-16 23:44:31,829] {logging_mixin.py:109} INFO - [2021-10-16 23:44:31,829] {dag.py:2389} INFO - Sync 1 DAGs
[2021-10-16 23:44:31,844] {logging_mixin.py:109} INFO - [2021-10-16 23:44:31,844] {dag.py:2914} INFO - Setting next_dagrun for tutorial_etl_dag to None
[2021-10-16 23:44:31,852] {processor.py:171} INFO - Processing /home/airflow/.local/lib/python3.6/site-packages/airflow/example_dags/tutorial_etl_dag.py took 0.063 seconds
[2021-10-16 23:45:02,165] {processor.py:163} INFO - Started process (PID=1575) to work on /home/airflow/.local/lib/python3.6/site-packages/airflow/example_dags/tutorial_etl_dag.py
[2021-10-16 23:45:02,166] {processor.py:620} INFO - Processing file /home/airflow/.local/lib/python3.6/site-packages/airflow/example_dags/tutorial_etl_dag.py for tasks to queue
[2021-10-16 23:45:02,167] {logging_mixin.py:109} INFO - [2021-10-16 23:45:02,167] {dagbag.py:500} INFO - Filling up the DagBag from /home/airflow/.local/lib/python3.6/site-packages/airflow/example_dags/tutorial_etl_dag.py
[2021-10-16 23:45:02,190] {processor.py:632} INFO - DAG(s) dict_keys(['tutorial_etl_dag']) retrieved from /home/airflow/.local/lib/python3.6/site-packages/airflow/example_dags/tutorial_etl_dag.py
[2021-10-16 23:45:02,200] {logging_mixin.py:109} INFO - [2021-10-16 23:45:02,200] {dag.py:2389} INFO - Sync 1 DAGs
[2021-10-16 23:45:02,214] {logging_mixin.py:109} INFO - [2021-10-16 23:45:02,214] {dag.py:2914} INFO - Setting next_dagrun for tutorial_etl_dag to None
[2021-10-16 23:45:02,222] {processor.py:171} INFO - Processing /home/airflow/.local/lib/python3.6/site-packages/airflow/example_dags/tutorial_etl_dag.py took 0.059 seconds
[2021-10-16 23:45:32,367] {processor.py:163} INFO - Started process (PID=1629) to work on /home/airflow/.local/lib/python3.6/site-packages/airflow/example_dags/tutorial_etl_dag.py
[2021-10-16 23:45:32,368] {processor.py:620} INFO - Processing file /home/airflow/.local/lib/python3.6/site-packages/airflow/example_dags/tutorial_etl_dag.py for tasks to queue
[2021-10-16 23:45:32,369] {logging_mixin.py:109} INFO - [2021-10-16 23:45:32,369] {dagbag.py:500} INFO - Filling up the DagBag from /home/airflow/.local/lib/python3.6/site-packages/airflow/example_dags/tutorial_etl_dag.py
[2021-10-16 23:45:32,406] {processor.py:632} INFO - DAG(s) dict_keys(['tutorial_etl_dag']) retrieved from /home/airflow/.local/lib/python3.6/site-packages/airflow/example_dags/tutorial_etl_dag.py
[2021-10-16 23:45:32,419] {logging_mixin.py:109} INFO - [2021-10-16 23:45:32,418] {dag.py:2389} INFO - Sync 1 DAGs
[2021-10-16 23:45:32,439] {logging_mixin.py:109} INFO - [2021-10-16 23:45:32,439] {dag.py:2914} INFO - Setting next_dagrun for tutorial_etl_dag to None
[2021-10-16 23:45:32,451] {processor.py:171} INFO - Processing /home/airflow/.local/lib/python3.6/site-packages/airflow/example_dags/tutorial_etl_dag.py took 0.088 seconds
[2021-10-16 23:46:02,623] {processor.py:163} INFO - Started process (PID=1693) to work on /home/airflow/.local/lib/python3.6/site-packages/airflow/example_dags/tutorial_etl_dag.py
[2021-10-16 23:46:02,625] {processor.py:620} INFO - Processing file /home/airflow/.local/lib/python3.6/site-packages/airflow/example_dags/tutorial_etl_dag.py for tasks to queue
[2021-10-16 23:46:02,626] {logging_mixin.py:109} INFO - [2021-10-16 23:46:02,625] {dagbag.py:500} INFO - Filling up the DagBag from /home/airflow/.local/lib/python3.6/site-packages/airflow/example_dags/tutorial_etl_dag.py
[2021-10-16 23:46:02,650] {processor.py:632} INFO - DAG(s) dict_keys(['tutorial_etl_dag']) retrieved from /home/airflow/.local/lib/python3.6/site-packages/airflow/example_dags/tutorial_etl_dag.py
[2021-10-16 23:46:02,660] {logging_mixin.py:109} INFO - [2021-10-16 23:46:02,660] {dag.py:2389} INFO - Sync 1 DAGs
[2021-10-16 23:46:02,676] {logging_mixin.py:109} INFO - [2021-10-16 23:46:02,676] {dag.py:2914} INFO - Setting next_dagrun for tutorial_etl_dag to None
[2021-10-16 23:46:02,685] {processor.py:171} INFO - Processing /home/airflow/.local/lib/python3.6/site-packages/airflow/example_dags/tutorial_etl_dag.py took 0.064 seconds
[2021-10-16 23:46:33,259] {processor.py:163} INFO - Started process (PID=1751) to work on /home/airflow/.local/lib/python3.6/site-packages/airflow/example_dags/tutorial_etl_dag.py
[2021-10-16 23:46:33,261] {processor.py:620} INFO - Processing file /home/airflow/.local/lib/python3.6/site-packages/airflow/example_dags/tutorial_etl_dag.py for tasks to queue
[2021-10-16 23:46:33,262] {logging_mixin.py:109} INFO - [2021-10-16 23:46:33,262] {dagbag.py:500} INFO - Filling up the DagBag from /home/airflow/.local/lib/python3.6/site-packages/airflow/example_dags/tutorial_etl_dag.py
[2021-10-16 23:46:33,290] {processor.py:632} INFO - DAG(s) dict_keys(['tutorial_etl_dag']) retrieved from /home/airflow/.local/lib/python3.6/site-packages/airflow/example_dags/tutorial_etl_dag.py
[2021-10-16 23:46:33,299] {logging_mixin.py:109} INFO - [2021-10-16 23:46:33,299] {dag.py:2389} INFO - Sync 1 DAGs
[2021-10-16 23:46:33,314] {logging_mixin.py:109} INFO - [2021-10-16 23:46:33,314] {dag.py:2914} INFO - Setting next_dagrun for tutorial_etl_dag to None
[2021-10-16 23:46:33,324] {processor.py:171} INFO - Processing /home/airflow/.local/lib/python3.6/site-packages/airflow/example_dags/tutorial_etl_dag.py took 0.068 seconds
[2021-10-16 23:47:03,766] {processor.py:163} INFO - Started process (PID=1806) to work on /home/airflow/.local/lib/python3.6/site-packages/airflow/example_dags/tutorial_etl_dag.py
[2021-10-16 23:47:03,768] {processor.py:620} INFO - Processing file /home/airflow/.local/lib/python3.6/site-packages/airflow/example_dags/tutorial_etl_dag.py for tasks to queue
[2021-10-16 23:47:03,768] {logging_mixin.py:109} INFO - [2021-10-16 23:47:03,768] {dagbag.py:500} INFO - Filling up the DagBag from /home/airflow/.local/lib/python3.6/site-packages/airflow/example_dags/tutorial_etl_dag.py
[2021-10-16 23:47:03,794] {processor.py:632} INFO - DAG(s) dict_keys(['tutorial_etl_dag']) retrieved from /home/airflow/.local/lib/python3.6/site-packages/airflow/example_dags/tutorial_etl_dag.py
[2021-10-16 23:47:03,805] {logging_mixin.py:109} INFO - [2021-10-16 23:47:03,804] {dag.py:2389} INFO - Sync 1 DAGs
[2021-10-16 23:47:03,821] {logging_mixin.py:109} INFO - [2021-10-16 23:47:03,821] {dag.py:2914} INFO - Setting next_dagrun for tutorial_etl_dag to None
[2021-10-16 23:47:03,830] {processor.py:171} INFO - Processing /home/airflow/.local/lib/python3.6/site-packages/airflow/example_dags/tutorial_etl_dag.py took 0.066 seconds
[2021-10-16 23:47:34,317] {processor.py:163} INFO - Started process (PID=1872) to work on /home/airflow/.local/lib/python3.6/site-packages/airflow/example_dags/tutorial_etl_dag.py
[2021-10-16 23:47:34,319] {processor.py:620} INFO - Processing file /home/airflow/.local/lib/python3.6/site-packages/airflow/example_dags/tutorial_etl_dag.py for tasks to queue
[2021-10-16 23:47:34,319] {logging_mixin.py:109} INFO - [2021-10-16 23:47:34,319] {dagbag.py:500} INFO - Filling up the DagBag from /home/airflow/.local/lib/python3.6/site-packages/airflow/example_dags/tutorial_etl_dag.py
[2021-10-16 23:47:34,343] {processor.py:632} INFO - DAG(s) dict_keys(['tutorial_etl_dag']) retrieved from /home/airflow/.local/lib/python3.6/site-packages/airflow/example_dags/tutorial_etl_dag.py
[2021-10-16 23:47:34,353] {logging_mixin.py:109} INFO - [2021-10-16 23:47:34,352] {dag.py:2389} INFO - Sync 1 DAGs
[2021-10-16 23:47:34,366] {logging_mixin.py:109} INFO - [2021-10-16 23:47:34,366] {dag.py:2914} INFO - Setting next_dagrun for tutorial_etl_dag to None
[2021-10-16 23:47:34,374] {processor.py:171} INFO - Processing /home/airflow/.local/lib/python3.6/site-packages/airflow/example_dags/tutorial_etl_dag.py took 0.060 seconds
[2021-10-16 23:48:05,532] {processor.py:163} INFO - Started process (PID=1928) to work on /home/airflow/.local/lib/python3.6/site-packages/airflow/example_dags/tutorial_etl_dag.py
[2021-10-16 23:48:05,533] {processor.py:620} INFO - Processing file /home/airflow/.local/lib/python3.6/site-packages/airflow/example_dags/tutorial_etl_dag.py for tasks to queue
[2021-10-16 23:48:05,534] {logging_mixin.py:109} INFO - [2021-10-16 23:48:05,534] {dagbag.py:500} INFO - Filling up the DagBag from /home/airflow/.local/lib/python3.6/site-packages/airflow/example_dags/tutorial_etl_dag.py
[2021-10-16 23:48:05,558] {processor.py:632} INFO - DAG(s) dict_keys(['tutorial_etl_dag']) retrieved from /home/airflow/.local/lib/python3.6/site-packages/airflow/example_dags/tutorial_etl_dag.py
[2021-10-16 23:48:05,567] {logging_mixin.py:109} INFO - [2021-10-16 23:48:05,567] {dag.py:2389} INFO - Sync 1 DAGs
[2021-10-16 23:48:05,581] {logging_mixin.py:109} INFO - [2021-10-16 23:48:05,581] {dag.py:2914} INFO - Setting next_dagrun for tutorial_etl_dag to None
[2021-10-16 23:48:05,589] {processor.py:171} INFO - Processing /home/airflow/.local/lib/python3.6/site-packages/airflow/example_dags/tutorial_etl_dag.py took 0.060 seconds
[2021-10-16 23:48:36,578] {processor.py:163} INFO - Started process (PID=1993) to work on /home/airflow/.local/lib/python3.6/site-packages/airflow/example_dags/tutorial_etl_dag.py
[2021-10-16 23:48:36,579] {processor.py:620} INFO - Processing file /home/airflow/.local/lib/python3.6/site-packages/airflow/example_dags/tutorial_etl_dag.py for tasks to queue
[2021-10-16 23:48:36,580] {logging_mixin.py:109} INFO - [2021-10-16 23:48:36,580] {dagbag.py:500} INFO - Filling up the DagBag from /home/airflow/.local/lib/python3.6/site-packages/airflow/example_dags/tutorial_etl_dag.py
[2021-10-16 23:48:36,605] {processor.py:632} INFO - DAG(s) dict_keys(['tutorial_etl_dag']) retrieved from /home/airflow/.local/lib/python3.6/site-packages/airflow/example_dags/tutorial_etl_dag.py
[2021-10-16 23:48:36,617] {logging_mixin.py:109} INFO - [2021-10-16 23:48:36,617] {dag.py:2389} INFO - Sync 1 DAGs
[2021-10-16 23:48:36,639] {logging_mixin.py:109} INFO - [2021-10-16 23:48:36,639] {dag.py:2914} INFO - Setting next_dagrun for tutorial_etl_dag to None
[2021-10-16 23:48:36,648] {processor.py:171} INFO - Processing /home/airflow/.local/lib/python3.6/site-packages/airflow/example_dags/tutorial_etl_dag.py took 0.072 seconds
[2021-10-16 23:49:07,204] {processor.py:163} INFO - Started process (PID=2048) to work on /home/airflow/.local/lib/python3.6/site-packages/airflow/example_dags/tutorial_etl_dag.py
[2021-10-16 23:49:07,205] {processor.py:620} INFO - Processing file /home/airflow/.local/lib/python3.6/site-packages/airflow/example_dags/tutorial_etl_dag.py for tasks to queue
[2021-10-16 23:49:07,206] {logging_mixin.py:109} INFO - [2021-10-16 23:49:07,206] {dagbag.py:500} INFO - Filling up the DagBag from /home/airflow/.local/lib/python3.6/site-packages/airflow/example_dags/tutorial_etl_dag.py
[2021-10-16 23:49:07,229] {processor.py:632} INFO - DAG(s) dict_keys(['tutorial_etl_dag']) retrieved from /home/airflow/.local/lib/python3.6/site-packages/airflow/example_dags/tutorial_etl_dag.py
[2021-10-16 23:49:07,238] {logging_mixin.py:109} INFO - [2021-10-16 23:49:07,238] {dag.py:2389} INFO - Sync 1 DAGs
[2021-10-16 23:49:07,252] {logging_mixin.py:109} INFO - [2021-10-16 23:49:07,252] {dag.py:2914} INFO - Setting next_dagrun for tutorial_etl_dag to None
[2021-10-16 23:49:07,260] {processor.py:171} INFO - Processing /home/airflow/.local/lib/python3.6/site-packages/airflow/example_dags/tutorial_etl_dag.py took 0.059 seconds
[2021-10-16 23:49:37,355] {processor.py:163} INFO - Started process (PID=2104) to work on /home/airflow/.local/lib/python3.6/site-packages/airflow/example_dags/tutorial_etl_dag.py
[2021-10-16 23:49:37,356] {processor.py:620} INFO - Processing file /home/airflow/.local/lib/python3.6/site-packages/airflow/example_dags/tutorial_etl_dag.py for tasks to queue
[2021-10-16 23:49:37,357] {logging_mixin.py:109} INFO - [2021-10-16 23:49:37,357] {dagbag.py:500} INFO - Filling up the DagBag from /home/airflow/.local/lib/python3.6/site-packages/airflow/example_dags/tutorial_etl_dag.py
[2021-10-16 23:49:37,380] {processor.py:632} INFO - DAG(s) dict_keys(['tutorial_etl_dag']) retrieved from /home/airflow/.local/lib/python3.6/site-packages/airflow/example_dags/tutorial_etl_dag.py
[2021-10-16 23:49:37,389] {logging_mixin.py:109} INFO - [2021-10-16 23:49:37,389] {dag.py:2389} INFO - Sync 1 DAGs
[2021-10-16 23:49:37,403] {logging_mixin.py:109} INFO - [2021-10-16 23:49:37,403] {dag.py:2914} INFO - Setting next_dagrun for tutorial_etl_dag to None
[2021-10-16 23:49:37,411] {processor.py:171} INFO - Processing /home/airflow/.local/lib/python3.6/site-packages/airflow/example_dags/tutorial_etl_dag.py took 0.059 seconds
[2021-10-16 23:50:07,712] {processor.py:163} INFO - Started process (PID=2171) to work on /home/airflow/.local/lib/python3.6/site-packages/airflow/example_dags/tutorial_etl_dag.py
[2021-10-16 23:50:07,713] {processor.py:620} INFO - Processing file /home/airflow/.local/lib/python3.6/site-packages/airflow/example_dags/tutorial_etl_dag.py for tasks to queue
[2021-10-16 23:50:07,714] {logging_mixin.py:109} INFO - [2021-10-16 23:50:07,714] {dagbag.py:500} INFO - Filling up the DagBag from /home/airflow/.local/lib/python3.6/site-packages/airflow/example_dags/tutorial_etl_dag.py
[2021-10-16 23:50:07,737] {processor.py:632} INFO - DAG(s) dict_keys(['tutorial_etl_dag']) retrieved from /home/airflow/.local/lib/python3.6/site-packages/airflow/example_dags/tutorial_etl_dag.py
[2021-10-16 23:50:07,746] {logging_mixin.py:109} INFO - [2021-10-16 23:50:07,746] {dag.py:2389} INFO - Sync 1 DAGs
[2021-10-16 23:50:07,760] {logging_mixin.py:109} INFO - [2021-10-16 23:50:07,760] {dag.py:2914} INFO - Setting next_dagrun for tutorial_etl_dag to None
[2021-10-16 23:50:07,767] {processor.py:171} INFO - Processing /home/airflow/.local/lib/python3.6/site-packages/airflow/example_dags/tutorial_etl_dag.py took 0.058 seconds
[2021-10-16 23:50:38,964] {processor.py:163} INFO - Started process (PID=2226) to work on /home/airflow/.local/lib/python3.6/site-packages/airflow/example_dags/tutorial_etl_dag.py
[2021-10-16 23:50:38,965] {processor.py:620} INFO - Processing file /home/airflow/.local/lib/python3.6/site-packages/airflow/example_dags/tutorial_etl_dag.py for tasks to queue
[2021-10-16 23:50:38,966] {logging_mixin.py:109} INFO - [2021-10-16 23:50:38,965] {dagbag.py:500} INFO - Filling up the DagBag from /home/airflow/.local/lib/python3.6/site-packages/airflow/example_dags/tutorial_etl_dag.py
[2021-10-16 23:50:38,990] {processor.py:632} INFO - DAG(s) dict_keys(['tutorial_etl_dag']) retrieved from /home/airflow/.local/lib/python3.6/site-packages/airflow/example_dags/tutorial_etl_dag.py
[2021-10-16 23:50:39,001] {logging_mixin.py:109} INFO - [2021-10-16 23:50:39,001] {dag.py:2389} INFO - Sync 1 DAGs
[2021-10-16 23:50:39,019] {logging_mixin.py:109} INFO - [2021-10-16 23:50:39,019] {dag.py:2914} INFO - Setting next_dagrun for tutorial_etl_dag to None
[2021-10-16 23:50:39,028] {processor.py:171} INFO - Processing /home/airflow/.local/lib/python3.6/site-packages/airflow/example_dags/tutorial_etl_dag.py took 0.067 seconds
[2021-10-16 23:51:09,704] {processor.py:163} INFO - Started process (PID=2291) to work on /home/airflow/.local/lib/python3.6/site-packages/airflow/example_dags/tutorial_etl_dag.py
[2021-10-16 23:51:09,705] {processor.py:620} INFO - Processing file /home/airflow/.local/lib/python3.6/site-packages/airflow/example_dags/tutorial_etl_dag.py for tasks to queue
[2021-10-16 23:51:09,706] {logging_mixin.py:109} INFO - [2021-10-16 23:51:09,706] {dagbag.py:500} INFO - Filling up the DagBag from /home/airflow/.local/lib/python3.6/site-packages/airflow/example_dags/tutorial_etl_dag.py
[2021-10-16 23:51:09,729] {processor.py:632} INFO - DAG(s) dict_keys(['tutorial_etl_dag']) retrieved from /home/airflow/.local/lib/python3.6/site-packages/airflow/example_dags/tutorial_etl_dag.py
[2021-10-16 23:51:09,738] {logging_mixin.py:109} INFO - [2021-10-16 23:51:09,738] {dag.py:2389} INFO - Sync 1 DAGs
[2021-10-16 23:51:09,752] {logging_mixin.py:109} INFO - [2021-10-16 23:51:09,752] {dag.py:2914} INFO - Setting next_dagrun for tutorial_etl_dag to None
[2021-10-16 23:51:09,761] {processor.py:171} INFO - Processing /home/airflow/.local/lib/python3.6/site-packages/airflow/example_dags/tutorial_etl_dag.py took 0.059 seconds
[2021-10-16 23:51:40,648] {processor.py:163} INFO - Started process (PID=2347) to work on /home/airflow/.local/lib/python3.6/site-packages/airflow/example_dags/tutorial_etl_dag.py
[2021-10-16 23:51:40,649] {processor.py:620} INFO - Processing file /home/airflow/.local/lib/python3.6/site-packages/airflow/example_dags/tutorial_etl_dag.py for tasks to queue
[2021-10-16 23:51:40,650] {logging_mixin.py:109} INFO - [2021-10-16 23:51:40,650] {dagbag.py:500} INFO - Filling up the DagBag from /home/airflow/.local/lib/python3.6/site-packages/airflow/example_dags/tutorial_etl_dag.py
[2021-10-16 23:51:40,674] {processor.py:632} INFO - DAG(s) dict_keys(['tutorial_etl_dag']) retrieved from /home/airflow/.local/lib/python3.6/site-packages/airflow/example_dags/tutorial_etl_dag.py
[2021-10-16 23:51:40,684] {logging_mixin.py:109} INFO - [2021-10-16 23:51:40,684] {dag.py:2389} INFO - Sync 1 DAGs
[2021-10-16 23:51:40,699] {logging_mixin.py:109} INFO - [2021-10-16 23:51:40,699] {dag.py:2914} INFO - Setting next_dagrun for tutorial_etl_dag to None
[2021-10-16 23:51:40,707] {processor.py:171} INFO - Processing /home/airflow/.local/lib/python3.6/site-packages/airflow/example_dags/tutorial_etl_dag.py took 0.062 seconds
[2021-10-16 23:52:11,105] {processor.py:163} INFO - Started process (PID=2413) to work on /home/airflow/.local/lib/python3.6/site-packages/airflow/example_dags/tutorial_etl_dag.py
[2021-10-16 23:52:11,107] {processor.py:620} INFO - Processing file /home/airflow/.local/lib/python3.6/site-packages/airflow/example_dags/tutorial_etl_dag.py for tasks to queue
[2021-10-16 23:52:11,107] {logging_mixin.py:109} INFO - [2021-10-16 23:52:11,107] {dagbag.py:500} INFO - Filling up the DagBag from /home/airflow/.local/lib/python3.6/site-packages/airflow/example_dags/tutorial_etl_dag.py
[2021-10-16 23:52:11,130] {processor.py:632} INFO - DAG(s) dict_keys(['tutorial_etl_dag']) retrieved from /home/airflow/.local/lib/python3.6/site-packages/airflow/example_dags/tutorial_etl_dag.py
[2021-10-16 23:52:11,140] {logging_mixin.py:109} INFO - [2021-10-16 23:52:11,140] {dag.py:2389} INFO - Sync 1 DAGs
[2021-10-16 23:52:11,155] {logging_mixin.py:109} INFO - [2021-10-16 23:52:11,154] {dag.py:2914} INFO - Setting next_dagrun for tutorial_etl_dag to None
[2021-10-16 23:52:11,163] {processor.py:171} INFO - Processing /home/airflow/.local/lib/python3.6/site-packages/airflow/example_dags/tutorial_etl_dag.py took 0.060 seconds
[2021-10-16 23:52:41,661] {processor.py:163} INFO - Started process (PID=2469) to work on /home/airflow/.local/lib/python3.6/site-packages/airflow/example_dags/tutorial_etl_dag.py
[2021-10-16 23:52:41,662] {processor.py:620} INFO - Processing file /home/airflow/.local/lib/python3.6/site-packages/airflow/example_dags/tutorial_etl_dag.py for tasks to queue
[2021-10-16 23:52:41,663] {logging_mixin.py:109} INFO - [2021-10-16 23:52:41,663] {dagbag.py:500} INFO - Filling up the DagBag from /home/airflow/.local/lib/python3.6/site-packages/airflow/example_dags/tutorial_etl_dag.py
[2021-10-16 23:52:41,687] {processor.py:632} INFO - DAG(s) dict_keys(['tutorial_etl_dag']) retrieved from /home/airflow/.local/lib/python3.6/site-packages/airflow/example_dags/tutorial_etl_dag.py
[2021-10-16 23:52:41,696] {logging_mixin.py:109} INFO - [2021-10-16 23:52:41,696] {dag.py:2389} INFO - Sync 1 DAGs
[2021-10-16 23:52:41,711] {logging_mixin.py:109} INFO - [2021-10-16 23:52:41,711] {dag.py:2914} INFO - Setting next_dagrun for tutorial_etl_dag to None
[2021-10-16 23:52:41,719] {processor.py:171} INFO - Processing /home/airflow/.local/lib/python3.6/site-packages/airflow/example_dags/tutorial_etl_dag.py took 0.060 seconds
[2021-10-16 23:53:12,033] {processor.py:163} INFO - Started process (PID=2525) to work on /home/airflow/.local/lib/python3.6/site-packages/airflow/example_dags/tutorial_etl_dag.py
[2021-10-16 23:53:12,034] {processor.py:620} INFO - Processing file /home/airflow/.local/lib/python3.6/site-packages/airflow/example_dags/tutorial_etl_dag.py for tasks to queue
[2021-10-16 23:53:12,035] {logging_mixin.py:109} INFO - [2021-10-16 23:53:12,035] {dagbag.py:500} INFO - Filling up the DagBag from /home/airflow/.local/lib/python3.6/site-packages/airflow/example_dags/tutorial_etl_dag.py
[2021-10-16 23:53:12,059] {processor.py:632} INFO - DAG(s) dict_keys(['tutorial_etl_dag']) retrieved from /home/airflow/.local/lib/python3.6/site-packages/airflow/example_dags/tutorial_etl_dag.py
[2021-10-16 23:53:12,069] {logging_mixin.py:109} INFO - [2021-10-16 23:53:12,069] {dag.py:2389} INFO - Sync 1 DAGs
[2021-10-16 23:53:12,084] {logging_mixin.py:109} INFO - [2021-10-16 23:53:12,084] {dag.py:2914} INFO - Setting next_dagrun for tutorial_etl_dag to None
[2021-10-16 23:53:12,092] {processor.py:171} INFO - Processing /home/airflow/.local/lib/python3.6/site-packages/airflow/example_dags/tutorial_etl_dag.py took 0.062 seconds
[2021-10-16 23:53:42,705] {processor.py:163} INFO - Started process (PID=2592) to work on /home/airflow/.local/lib/python3.6/site-packages/airflow/example_dags/tutorial_etl_dag.py
[2021-10-16 23:53:42,706] {processor.py:620} INFO - Processing file /home/airflow/.local/lib/python3.6/site-packages/airflow/example_dags/tutorial_etl_dag.py for tasks to queue
[2021-10-16 23:53:42,706] {logging_mixin.py:109} INFO - [2021-10-16 23:53:42,706] {dagbag.py:500} INFO - Filling up the DagBag from /home/airflow/.local/lib/python3.6/site-packages/airflow/example_dags/tutorial_etl_dag.py
[2021-10-16 23:53:42,737] {processor.py:632} INFO - DAG(s) dict_keys(['tutorial_etl_dag']) retrieved from /home/airflow/.local/lib/python3.6/site-packages/airflow/example_dags/tutorial_etl_dag.py
[2021-10-16 23:53:42,749] {logging_mixin.py:109} INFO - [2021-10-16 23:53:42,748] {dag.py:2389} INFO - Sync 1 DAGs
[2021-10-16 23:53:42,769] {logging_mixin.py:109} INFO - [2021-10-16 23:53:42,769] {dag.py:2914} INFO - Setting next_dagrun for tutorial_etl_dag to None
[2021-10-16 23:53:42,782] {processor.py:171} INFO - Processing /home/airflow/.local/lib/python3.6/site-packages/airflow/example_dags/tutorial_etl_dag.py took 0.081 seconds
[2021-10-16 23:54:13,155] {processor.py:163} INFO - Started process (PID=2647) to work on /home/airflow/.local/lib/python3.6/site-packages/airflow/example_dags/tutorial_etl_dag.py
[2021-10-16 23:54:13,156] {processor.py:620} INFO - Processing file /home/airflow/.local/lib/python3.6/site-packages/airflow/example_dags/tutorial_etl_dag.py for tasks to queue
[2021-10-16 23:54:13,157] {logging_mixin.py:109} INFO - [2021-10-16 23:54:13,157] {dagbag.py:500} INFO - Filling up the DagBag from /home/airflow/.local/lib/python3.6/site-packages/airflow/example_dags/tutorial_etl_dag.py
[2021-10-16 23:54:13,190] {processor.py:632} INFO - DAG(s) dict_keys(['tutorial_etl_dag']) retrieved from /home/airflow/.local/lib/python3.6/site-packages/airflow/example_dags/tutorial_etl_dag.py
[2021-10-16 23:54:13,204] {logging_mixin.py:109} INFO - [2021-10-16 23:54:13,204] {dag.py:2389} INFO - Sync 1 DAGs
[2021-10-16 23:54:13,225] {logging_mixin.py:109} INFO - [2021-10-16 23:54:13,225] {dag.py:2914} INFO - Setting next_dagrun for tutorial_etl_dag to None
[2021-10-16 23:54:13,242] {processor.py:171} INFO - Processing /home/airflow/.local/lib/python3.6/site-packages/airflow/example_dags/tutorial_etl_dag.py took 0.091 seconds
[2021-10-16 23:54:44,055] {processor.py:163} INFO - Started process (PID=2702) to work on /home/airflow/.local/lib/python3.6/site-packages/airflow/example_dags/tutorial_etl_dag.py
[2021-10-16 23:54:44,057] {processor.py:620} INFO - Processing file /home/airflow/.local/lib/python3.6/site-packages/airflow/example_dags/tutorial_etl_dag.py for tasks to queue
[2021-10-16 23:54:44,057] {logging_mixin.py:109} INFO - [2021-10-16 23:54:44,057] {dagbag.py:500} INFO - Filling up the DagBag from /home/airflow/.local/lib/python3.6/site-packages/airflow/example_dags/tutorial_etl_dag.py
[2021-10-16 23:54:44,088] {processor.py:632} INFO - DAG(s) dict_keys(['tutorial_etl_dag']) retrieved from /home/airflow/.local/lib/python3.6/site-packages/airflow/example_dags/tutorial_etl_dag.py
[2021-10-16 23:54:44,098] {logging_mixin.py:109} INFO - [2021-10-16 23:54:44,098] {dag.py:2389} INFO - Sync 1 DAGs
[2021-10-16 23:54:44,118] {logging_mixin.py:109} INFO - [2021-10-16 23:54:44,117] {dag.py:2914} INFO - Setting next_dagrun for tutorial_etl_dag to None
[2021-10-16 23:54:44,128] {processor.py:171} INFO - Processing /home/airflow/.local/lib/python3.6/site-packages/airflow/example_dags/tutorial_etl_dag.py took 0.076 seconds
[2021-10-16 23:55:15,053] {processor.py:163} INFO - Started process (PID=2770) to work on /home/airflow/.local/lib/python3.6/site-packages/airflow/example_dags/tutorial_etl_dag.py
[2021-10-16 23:55:15,055] {processor.py:620} INFO - Processing file /home/airflow/.local/lib/python3.6/site-packages/airflow/example_dags/tutorial_etl_dag.py for tasks to queue
[2021-10-16 23:55:15,056] {logging_mixin.py:109} INFO - [2021-10-16 23:55:15,055] {dagbag.py:500} INFO - Filling up the DagBag from /home/airflow/.local/lib/python3.6/site-packages/airflow/example_dags/tutorial_etl_dag.py
[2021-10-16 23:55:15,089] {processor.py:632} INFO - DAG(s) dict_keys(['tutorial_etl_dag']) retrieved from /home/airflow/.local/lib/python3.6/site-packages/airflow/example_dags/tutorial_etl_dag.py
[2021-10-16 23:55:15,105] {logging_mixin.py:109} INFO - [2021-10-16 23:55:15,105] {dag.py:2389} INFO - Sync 1 DAGs
[2021-10-16 23:55:15,129] {logging_mixin.py:109} INFO - [2021-10-16 23:55:15,129] {dag.py:2914} INFO - Setting next_dagrun for tutorial_etl_dag to None
[2021-10-16 23:55:15,141] {processor.py:171} INFO - Processing /home/airflow/.local/lib/python3.6/site-packages/airflow/example_dags/tutorial_etl_dag.py took 0.091 seconds
[2021-10-16 23:55:45,489] {processor.py:163} INFO - Started process (PID=2827) to work on /home/airflow/.local/lib/python3.6/site-packages/airflow/example_dags/tutorial_etl_dag.py
[2021-10-16 23:55:45,490] {processor.py:620} INFO - Processing file /home/airflow/.local/lib/python3.6/site-packages/airflow/example_dags/tutorial_etl_dag.py for tasks to queue
[2021-10-16 23:55:45,490] {logging_mixin.py:109} INFO - [2021-10-16 23:55:45,490] {dagbag.py:500} INFO - Filling up the DagBag from /home/airflow/.local/lib/python3.6/site-packages/airflow/example_dags/tutorial_etl_dag.py
[2021-10-16 23:55:45,515] {processor.py:632} INFO - DAG(s) dict_keys(['tutorial_etl_dag']) retrieved from /home/airflow/.local/lib/python3.6/site-packages/airflow/example_dags/tutorial_etl_dag.py
[2021-10-16 23:55:45,525] {logging_mixin.py:109} INFO - [2021-10-16 23:55:45,525] {dag.py:2389} INFO - Sync 1 DAGs
[2021-10-16 23:55:45,544] {logging_mixin.py:109} INFO - [2021-10-16 23:55:45,544] {dag.py:2914} INFO - Setting next_dagrun for tutorial_etl_dag to None
[2021-10-16 23:55:45,555] {processor.py:171} INFO - Processing /home/airflow/.local/lib/python3.6/site-packages/airflow/example_dags/tutorial_etl_dag.py took 0.070 seconds
[2021-10-16 23:56:16,220] {processor.py:163} INFO - Started process (PID=2882) to work on /home/airflow/.local/lib/python3.6/site-packages/airflow/example_dags/tutorial_etl_dag.py
[2021-10-16 23:56:16,221] {processor.py:620} INFO - Processing file /home/airflow/.local/lib/python3.6/site-packages/airflow/example_dags/tutorial_etl_dag.py for tasks to queue
[2021-10-16 23:56:16,222] {logging_mixin.py:109} INFO - [2021-10-16 23:56:16,222] {dagbag.py:500} INFO - Filling up the DagBag from /home/airflow/.local/lib/python3.6/site-packages/airflow/example_dags/tutorial_etl_dag.py
[2021-10-16 23:56:16,247] {processor.py:632} INFO - DAG(s) dict_keys(['tutorial_etl_dag']) retrieved from /home/airflow/.local/lib/python3.6/site-packages/airflow/example_dags/tutorial_etl_dag.py
[2021-10-16 23:56:16,261] {logging_mixin.py:109} INFO - [2021-10-16 23:56:16,260] {dag.py:2389} INFO - Sync 1 DAGs
[2021-10-16 23:56:16,281] {logging_mixin.py:109} INFO - [2021-10-16 23:56:16,281] {dag.py:2914} INFO - Setting next_dagrun for tutorial_etl_dag to None
[2021-10-16 23:56:16,293] {processor.py:171} INFO - Processing /home/airflow/.local/lib/python3.6/site-packages/airflow/example_dags/tutorial_etl_dag.py took 0.076 seconds
[2021-10-16 23:56:47,150] {processor.py:163} INFO - Started process (PID=2949) to work on /home/airflow/.local/lib/python3.6/site-packages/airflow/example_dags/tutorial_etl_dag.py
[2021-10-16 23:56:47,153] {processor.py:620} INFO - Processing file /home/airflow/.local/lib/python3.6/site-packages/airflow/example_dags/tutorial_etl_dag.py for tasks to queue
[2021-10-16 23:56:47,154] {logging_mixin.py:109} INFO - [2021-10-16 23:56:47,154] {dagbag.py:500} INFO - Filling up the DagBag from /home/airflow/.local/lib/python3.6/site-packages/airflow/example_dags/tutorial_etl_dag.py
[2021-10-16 23:56:47,190] {processor.py:632} INFO - DAG(s) dict_keys(['tutorial_etl_dag']) retrieved from /home/airflow/.local/lib/python3.6/site-packages/airflow/example_dags/tutorial_etl_dag.py
[2021-10-16 23:56:47,203] {logging_mixin.py:109} INFO - [2021-10-16 23:56:47,203] {dag.py:2389} INFO - Sync 1 DAGs
[2021-10-16 23:56:47,224] {logging_mixin.py:109} INFO - [2021-10-16 23:56:47,224] {dag.py:2914} INFO - Setting next_dagrun for tutorial_etl_dag to None
[2021-10-16 23:56:47,238] {processor.py:171} INFO - Processing /home/airflow/.local/lib/python3.6/site-packages/airflow/example_dags/tutorial_etl_dag.py took 0.092 seconds
[2021-10-16 23:57:18,245] {processor.py:163} INFO - Started process (PID=3005) to work on /home/airflow/.local/lib/python3.6/site-packages/airflow/example_dags/tutorial_etl_dag.py
[2021-10-16 23:57:18,246] {processor.py:620} INFO - Processing file /home/airflow/.local/lib/python3.6/site-packages/airflow/example_dags/tutorial_etl_dag.py for tasks to queue
[2021-10-16 23:57:18,247] {logging_mixin.py:109} INFO - [2021-10-16 23:57:18,247] {dagbag.py:500} INFO - Filling up the DagBag from /home/airflow/.local/lib/python3.6/site-packages/airflow/example_dags/tutorial_etl_dag.py
[2021-10-16 23:57:18,279] {processor.py:632} INFO - DAG(s) dict_keys(['tutorial_etl_dag']) retrieved from /home/airflow/.local/lib/python3.6/site-packages/airflow/example_dags/tutorial_etl_dag.py
[2021-10-16 23:57:18,292] {logging_mixin.py:109} INFO - [2021-10-16 23:57:18,291] {dag.py:2389} INFO - Sync 1 DAGs
[2021-10-16 23:57:18,310] {logging_mixin.py:109} INFO - [2021-10-16 23:57:18,310] {dag.py:2914} INFO - Setting next_dagrun for tutorial_etl_dag to None
[2021-10-16 23:57:18,319] {processor.py:171} INFO - Processing /home/airflow/.local/lib/python3.6/site-packages/airflow/example_dags/tutorial_etl_dag.py took 0.079 seconds
[2021-10-16 23:57:48,702] {processor.py:163} INFO - Started process (PID=3071) to work on /home/airflow/.local/lib/python3.6/site-packages/airflow/example_dags/tutorial_etl_dag.py
[2021-10-16 23:57:48,703] {processor.py:620} INFO - Processing file /home/airflow/.local/lib/python3.6/site-packages/airflow/example_dags/tutorial_etl_dag.py for tasks to queue
[2021-10-16 23:57:48,703] {logging_mixin.py:109} INFO - [2021-10-16 23:57:48,703] {dagbag.py:500} INFO - Filling up the DagBag from /home/airflow/.local/lib/python3.6/site-packages/airflow/example_dags/tutorial_etl_dag.py
[2021-10-16 23:57:48,728] {processor.py:632} INFO - DAG(s) dict_keys(['tutorial_etl_dag']) retrieved from /home/airflow/.local/lib/python3.6/site-packages/airflow/example_dags/tutorial_etl_dag.py
[2021-10-16 23:57:48,740] {logging_mixin.py:109} INFO - [2021-10-16 23:57:48,740] {dag.py:2389} INFO - Sync 1 DAGs
[2021-10-16 23:57:48,757] {logging_mixin.py:109} INFO - [2021-10-16 23:57:48,757] {dag.py:2914} INFO - Setting next_dagrun for tutorial_etl_dag to None
[2021-10-16 23:57:48,766] {processor.py:171} INFO - Processing /home/airflow/.local/lib/python3.6/site-packages/airflow/example_dags/tutorial_etl_dag.py took 0.067 seconds
[2021-10-16 23:58:19,614] {processor.py:163} INFO - Started process (PID=3128) to work on /home/airflow/.local/lib/python3.6/site-packages/airflow/example_dags/tutorial_etl_dag.py
[2021-10-16 23:58:19,615] {processor.py:620} INFO - Processing file /home/airflow/.local/lib/python3.6/site-packages/airflow/example_dags/tutorial_etl_dag.py for tasks to queue
[2021-10-16 23:58:19,616] {logging_mixin.py:109} INFO - [2021-10-16 23:58:19,616] {dagbag.py:500} INFO - Filling up the DagBag from /home/airflow/.local/lib/python3.6/site-packages/airflow/example_dags/tutorial_etl_dag.py
[2021-10-16 23:58:19,652] {processor.py:632} INFO - DAG(s) dict_keys(['tutorial_etl_dag']) retrieved from /home/airflow/.local/lib/python3.6/site-packages/airflow/example_dags/tutorial_etl_dag.py
[2021-10-16 23:58:19,665] {logging_mixin.py:109} INFO - [2021-10-16 23:58:19,665] {dag.py:2389} INFO - Sync 1 DAGs
[2021-10-16 23:58:19,688] {logging_mixin.py:109} INFO - [2021-10-16 23:58:19,688] {dag.py:2914} INFO - Setting next_dagrun for tutorial_etl_dag to None
[2021-10-16 23:58:19,701] {processor.py:171} INFO - Processing /home/airflow/.local/lib/python3.6/site-packages/airflow/example_dags/tutorial_etl_dag.py took 0.091 seconds
[2021-10-16 23:58:50,119] {processor.py:163} INFO - Started process (PID=3183) to work on /home/airflow/.local/lib/python3.6/site-packages/airflow/example_dags/tutorial_etl_dag.py
[2021-10-16 23:58:50,120] {processor.py:620} INFO - Processing file /home/airflow/.local/lib/python3.6/site-packages/airflow/example_dags/tutorial_etl_dag.py for tasks to queue
[2021-10-16 23:58:50,121] {logging_mixin.py:109} INFO - [2021-10-16 23:58:50,121] {dagbag.py:500} INFO - Filling up the DagBag from /home/airflow/.local/lib/python3.6/site-packages/airflow/example_dags/tutorial_etl_dag.py
[2021-10-16 23:58:50,144] {processor.py:632} INFO - DAG(s) dict_keys(['tutorial_etl_dag']) retrieved from /home/airflow/.local/lib/python3.6/site-packages/airflow/example_dags/tutorial_etl_dag.py
[2021-10-16 23:58:50,153] {logging_mixin.py:109} INFO - [2021-10-16 23:58:50,153] {dag.py:2389} INFO - Sync 1 DAGs
[2021-10-16 23:58:50,167] {logging_mixin.py:109} INFO - [2021-10-16 23:58:50,167] {dag.py:2914} INFO - Setting next_dagrun for tutorial_etl_dag to None
[2021-10-16 23:58:50,174] {processor.py:171} INFO - Processing /home/airflow/.local/lib/python3.6/site-packages/airflow/example_dags/tutorial_etl_dag.py took 0.058 seconds
[2021-10-16 23:59:20,925] {processor.py:163} INFO - Started process (PID=3251) to work on /home/airflow/.local/lib/python3.6/site-packages/airflow/example_dags/tutorial_etl_dag.py
[2021-10-16 23:59:20,927] {processor.py:620} INFO - Processing file /home/airflow/.local/lib/python3.6/site-packages/airflow/example_dags/tutorial_etl_dag.py for tasks to queue
[2021-10-16 23:59:20,927] {logging_mixin.py:109} INFO - [2021-10-16 23:59:20,927] {dagbag.py:500} INFO - Filling up the DagBag from /home/airflow/.local/lib/python3.6/site-packages/airflow/example_dags/tutorial_etl_dag.py
[2021-10-16 23:59:20,955] {processor.py:632} INFO - DAG(s) dict_keys(['tutorial_etl_dag']) retrieved from /home/airflow/.local/lib/python3.6/site-packages/airflow/example_dags/tutorial_etl_dag.py
[2021-10-16 23:59:20,967] {logging_mixin.py:109} INFO - [2021-10-16 23:59:20,967] {dag.py:2389} INFO - Sync 1 DAGs
[2021-10-16 23:59:20,985] {logging_mixin.py:109} INFO - [2021-10-16 23:59:20,985] {dag.py:2914} INFO - Setting next_dagrun for tutorial_etl_dag to None
[2021-10-16 23:59:20,994] {processor.py:171} INFO - Processing /home/airflow/.local/lib/python3.6/site-packages/airflow/example_dags/tutorial_etl_dag.py took 0.071 seconds
[2021-10-16 23:59:51,180] {processor.py:163} INFO - Started process (PID=3305) to work on /home/airflow/.local/lib/python3.6/site-packages/airflow/example_dags/tutorial_etl_dag.py
[2021-10-16 23:59:51,182] {processor.py:620} INFO - Processing file /home/airflow/.local/lib/python3.6/site-packages/airflow/example_dags/tutorial_etl_dag.py for tasks to queue
[2021-10-16 23:59:51,183] {logging_mixin.py:109} INFO - [2021-10-16 23:59:51,183] {dagbag.py:500} INFO - Filling up the DagBag from /home/airflow/.local/lib/python3.6/site-packages/airflow/example_dags/tutorial_etl_dag.py
[2021-10-16 23:59:51,229] {processor.py:632} INFO - DAG(s) dict_keys(['tutorial_etl_dag']) retrieved from /home/airflow/.local/lib/python3.6/site-packages/airflow/example_dags/tutorial_etl_dag.py
[2021-10-16 23:59:51,243] {logging_mixin.py:109} INFO - [2021-10-16 23:59:51,243] {dag.py:2389} INFO - Sync 1 DAGs
[2021-10-16 23:59:51,266] {logging_mixin.py:109} INFO - [2021-10-16 23:59:51,266] {dag.py:2914} INFO - Setting next_dagrun for tutorial_etl_dag to None
[2021-10-16 23:59:51,279] {processor.py:171} INFO - Processing /home/airflow/.local/lib/python3.6/site-packages/airflow/example_dags/tutorial_etl_dag.py took 0.104 seconds
