[2021-10-16 23:32:12,976] {processor.py:163} INFO - Started process (PID=63) to work on /home/airflow/.local/lib/python3.6/site-packages/airflow/example_dags/tutorial_taskflow_api_etl.py
[2021-10-16 23:32:12,977] {processor.py:620} INFO - Processing file /home/airflow/.local/lib/python3.6/site-packages/airflow/example_dags/tutorial_taskflow_api_etl.py for tasks to queue
[2021-10-16 23:32:12,978] {logging_mixin.py:109} INFO - [2021-10-16 23:32:12,978] {dagbag.py:500} INFO - Filling up the DagBag from /home/airflow/.local/lib/python3.6/site-packages/airflow/example_dags/tutorial_taskflow_api_etl.py
[2021-10-16 23:32:13,018] {processor.py:632} INFO - DAG(s) dict_keys(['tutorial_taskflow_api_etl']) retrieved from /home/airflow/.local/lib/python3.6/site-packages/airflow/example_dags/tutorial_taskflow_api_etl.py
[2021-10-16 23:32:13,437] {logging_mixin.py:109} INFO - [2021-10-16 23:32:13,437] {dag.py:2389} INFO - Sync 1 DAGs
[2021-10-16 23:32:13,457] {logging_mixin.py:109} INFO - [2021-10-16 23:32:13,457] {dag.py:2914} INFO - Setting next_dagrun for tutorial_taskflow_api_etl to None
[2021-10-16 23:32:13,470] {processor.py:171} INFO - Processing /home/airflow/.local/lib/python3.6/site-packages/airflow/example_dags/tutorial_taskflow_api_etl.py took 0.498 seconds
[2021-10-16 23:32:44,014] {processor.py:163} INFO - Started process (PID=126) to work on /home/airflow/.local/lib/python3.6/site-packages/airflow/example_dags/tutorial_taskflow_api_etl.py
[2021-10-16 23:32:44,015] {processor.py:620} INFO - Processing file /home/airflow/.local/lib/python3.6/site-packages/airflow/example_dags/tutorial_taskflow_api_etl.py for tasks to queue
[2021-10-16 23:32:44,016] {logging_mixin.py:109} INFO - [2021-10-16 23:32:44,016] {dagbag.py:500} INFO - Filling up the DagBag from /home/airflow/.local/lib/python3.6/site-packages/airflow/example_dags/tutorial_taskflow_api_etl.py
[2021-10-16 23:32:44,045] {processor.py:632} INFO - DAG(s) dict_keys(['tutorial_taskflow_api_etl']) retrieved from /home/airflow/.local/lib/python3.6/site-packages/airflow/example_dags/tutorial_taskflow_api_etl.py
[2021-10-16 23:32:44,287] {logging_mixin.py:109} INFO - [2021-10-16 23:32:44,287] {dag.py:2389} INFO - Sync 1 DAGs
[2021-10-16 23:32:44,302] {logging_mixin.py:109} INFO - [2021-10-16 23:32:44,302] {dag.py:2914} INFO - Setting next_dagrun for tutorial_taskflow_api_etl to None
[2021-10-16 23:32:44,314] {processor.py:171} INFO - Processing /home/airflow/.local/lib/python3.6/site-packages/airflow/example_dags/tutorial_taskflow_api_etl.py took 0.303 seconds
[2021-10-16 23:33:15,267] {processor.py:163} INFO - Started process (PID=184) to work on /home/airflow/.local/lib/python3.6/site-packages/airflow/example_dags/tutorial_taskflow_api_etl.py
[2021-10-16 23:33:15,270] {processor.py:620} INFO - Processing file /home/airflow/.local/lib/python3.6/site-packages/airflow/example_dags/tutorial_taskflow_api_etl.py for tasks to queue
[2021-10-16 23:33:15,271] {logging_mixin.py:109} INFO - [2021-10-16 23:33:15,271] {dagbag.py:500} INFO - Filling up the DagBag from /home/airflow/.local/lib/python3.6/site-packages/airflow/example_dags/tutorial_taskflow_api_etl.py
[2021-10-16 23:33:15,305] {processor.py:632} INFO - DAG(s) dict_keys(['tutorial_taskflow_api_etl']) retrieved from /home/airflow/.local/lib/python3.6/site-packages/airflow/example_dags/tutorial_taskflow_api_etl.py
[2021-10-16 23:33:15,523] {logging_mixin.py:109} INFO - [2021-10-16 23:33:15,523] {dag.py:2389} INFO - Sync 1 DAGs
[2021-10-16 23:33:15,537] {logging_mixin.py:109} INFO - [2021-10-16 23:33:15,537] {dag.py:2914} INFO - Setting next_dagrun for tutorial_taskflow_api_etl to None
[2021-10-16 23:33:15,550] {processor.py:171} INFO - Processing /home/airflow/.local/lib/python3.6/site-packages/airflow/example_dags/tutorial_taskflow_api_etl.py took 0.294 seconds
[2021-10-16 23:33:45,791] {processor.py:163} INFO - Started process (PID=241) to work on /home/airflow/.local/lib/python3.6/site-packages/airflow/example_dags/tutorial_taskflow_api_etl.py
[2021-10-16 23:33:45,792] {processor.py:620} INFO - Processing file /home/airflow/.local/lib/python3.6/site-packages/airflow/example_dags/tutorial_taskflow_api_etl.py for tasks to queue
[2021-10-16 23:33:45,793] {logging_mixin.py:109} INFO - [2021-10-16 23:33:45,793] {dagbag.py:500} INFO - Filling up the DagBag from /home/airflow/.local/lib/python3.6/site-packages/airflow/example_dags/tutorial_taskflow_api_etl.py
[2021-10-16 23:33:45,843] {processor.py:632} INFO - DAG(s) dict_keys(['tutorial_taskflow_api_etl']) retrieved from /home/airflow/.local/lib/python3.6/site-packages/airflow/example_dags/tutorial_taskflow_api_etl.py
[2021-10-16 23:33:46,414] {logging_mixin.py:109} INFO - [2021-10-16 23:33:46,413] {dag.py:2389} INFO - Sync 1 DAGs
[2021-10-16 23:33:46,448] {logging_mixin.py:109} INFO - [2021-10-16 23:33:46,448] {dag.py:2914} INFO - Setting next_dagrun for tutorial_taskflow_api_etl to None
[2021-10-16 23:33:46,468] {processor.py:171} INFO - Processing /home/airflow/.local/lib/python3.6/site-packages/airflow/example_dags/tutorial_taskflow_api_etl.py took 0.681 seconds
[2021-10-16 23:34:17,163] {processor.py:163} INFO - Started process (PID=310) to work on /home/airflow/.local/lib/python3.6/site-packages/airflow/example_dags/tutorial_taskflow_api_etl.py
[2021-10-16 23:34:17,167] {processor.py:620} INFO - Processing file /home/airflow/.local/lib/python3.6/site-packages/airflow/example_dags/tutorial_taskflow_api_etl.py for tasks to queue
[2021-10-16 23:34:17,167] {logging_mixin.py:109} INFO - [2021-10-16 23:34:17,167] {dagbag.py:500} INFO - Filling up the DagBag from /home/airflow/.local/lib/python3.6/site-packages/airflow/example_dags/tutorial_taskflow_api_etl.py
[2021-10-16 23:34:17,197] {processor.py:632} INFO - DAG(s) dict_keys(['tutorial_taskflow_api_etl']) retrieved from /home/airflow/.local/lib/python3.6/site-packages/airflow/example_dags/tutorial_taskflow_api_etl.py
[2021-10-16 23:34:17,444] {logging_mixin.py:109} INFO - [2021-10-16 23:34:17,444] {dag.py:2389} INFO - Sync 1 DAGs
[2021-10-16 23:34:17,460] {logging_mixin.py:109} INFO - [2021-10-16 23:34:17,460] {dag.py:2914} INFO - Setting next_dagrun for tutorial_taskflow_api_etl to None
[2021-10-16 23:34:17,471] {processor.py:171} INFO - Processing /home/airflow/.local/lib/python3.6/site-packages/airflow/example_dags/tutorial_taskflow_api_etl.py took 0.310 seconds
[2021-10-16 23:34:48,315] {processor.py:163} INFO - Started process (PID=370) to work on /home/airflow/.local/lib/python3.6/site-packages/airflow/example_dags/tutorial_taskflow_api_etl.py
[2021-10-16 23:34:48,317] {processor.py:620} INFO - Processing file /home/airflow/.local/lib/python3.6/site-packages/airflow/example_dags/tutorial_taskflow_api_etl.py for tasks to queue
[2021-10-16 23:34:48,318] {logging_mixin.py:109} INFO - [2021-10-16 23:34:48,318] {dagbag.py:500} INFO - Filling up the DagBag from /home/airflow/.local/lib/python3.6/site-packages/airflow/example_dags/tutorial_taskflow_api_etl.py
[2021-10-16 23:34:48,371] {processor.py:632} INFO - DAG(s) dict_keys(['tutorial_taskflow_api_etl']) retrieved from /home/airflow/.local/lib/python3.6/site-packages/airflow/example_dags/tutorial_taskflow_api_etl.py
[2021-10-16 23:34:48,751] {logging_mixin.py:109} INFO - [2021-10-16 23:34:48,751] {dag.py:2389} INFO - Sync 1 DAGs
[2021-10-16 23:34:48,773] {logging_mixin.py:109} INFO - [2021-10-16 23:34:48,773] {dag.py:2914} INFO - Setting next_dagrun for tutorial_taskflow_api_etl to None
[2021-10-16 23:34:48,787] {processor.py:171} INFO - Processing /home/airflow/.local/lib/python3.6/site-packages/airflow/example_dags/tutorial_taskflow_api_etl.py took 0.477 seconds
[2021-10-16 23:35:19,555] {processor.py:163} INFO - Started process (PID=429) to work on /home/airflow/.local/lib/python3.6/site-packages/airflow/example_dags/tutorial_taskflow_api_etl.py
[2021-10-16 23:35:19,557] {processor.py:620} INFO - Processing file /home/airflow/.local/lib/python3.6/site-packages/airflow/example_dags/tutorial_taskflow_api_etl.py for tasks to queue
[2021-10-16 23:35:19,559] {logging_mixin.py:109} INFO - [2021-10-16 23:35:19,559] {dagbag.py:500} INFO - Filling up the DagBag from /home/airflow/.local/lib/python3.6/site-packages/airflow/example_dags/tutorial_taskflow_api_etl.py
[2021-10-16 23:35:19,599] {processor.py:632} INFO - DAG(s) dict_keys(['tutorial_taskflow_api_etl']) retrieved from /home/airflow/.local/lib/python3.6/site-packages/airflow/example_dags/tutorial_taskflow_api_etl.py
[2021-10-16 23:35:19,848] {logging_mixin.py:109} INFO - [2021-10-16 23:35:19,848] {dag.py:2389} INFO - Sync 1 DAGs
[2021-10-16 23:35:19,870] {logging_mixin.py:109} INFO - [2021-10-16 23:35:19,870] {dag.py:2914} INFO - Setting next_dagrun for tutorial_taskflow_api_etl to None
[2021-10-16 23:35:19,884] {processor.py:171} INFO - Processing /home/airflow/.local/lib/python3.6/site-packages/airflow/example_dags/tutorial_taskflow_api_etl.py took 0.335 seconds
[2021-10-16 23:35:50,428] {processor.py:163} INFO - Started process (PID=492) to work on /home/airflow/.local/lib/python3.6/site-packages/airflow/example_dags/tutorial_taskflow_api_etl.py
[2021-10-16 23:35:50,429] {processor.py:620} INFO - Processing file /home/airflow/.local/lib/python3.6/site-packages/airflow/example_dags/tutorial_taskflow_api_etl.py for tasks to queue
[2021-10-16 23:35:50,430] {logging_mixin.py:109} INFO - [2021-10-16 23:35:50,430] {dagbag.py:500} INFO - Filling up the DagBag from /home/airflow/.local/lib/python3.6/site-packages/airflow/example_dags/tutorial_taskflow_api_etl.py
[2021-10-16 23:35:50,470] {processor.py:632} INFO - DAG(s) dict_keys(['tutorial_taskflow_api_etl']) retrieved from /home/airflow/.local/lib/python3.6/site-packages/airflow/example_dags/tutorial_taskflow_api_etl.py
[2021-10-16 23:35:50,725] {logging_mixin.py:109} INFO - [2021-10-16 23:35:50,725] {dag.py:2389} INFO - Sync 1 DAGs
[2021-10-16 23:35:50,746] {logging_mixin.py:109} INFO - [2021-10-16 23:35:50,746] {dag.py:2914} INFO - Setting next_dagrun for tutorial_taskflow_api_etl to None
[2021-10-16 23:35:50,761] {processor.py:171} INFO - Processing /home/airflow/.local/lib/python3.6/site-packages/airflow/example_dags/tutorial_taskflow_api_etl.py took 0.336 seconds
[2021-10-16 23:36:20,853] {processor.py:163} INFO - Started process (PID=551) to work on /home/airflow/.local/lib/python3.6/site-packages/airflow/example_dags/tutorial_taskflow_api_etl.py
[2021-10-16 23:36:20,854] {processor.py:620} INFO - Processing file /home/airflow/.local/lib/python3.6/site-packages/airflow/example_dags/tutorial_taskflow_api_etl.py for tasks to queue
[2021-10-16 23:36:20,854] {logging_mixin.py:109} INFO - [2021-10-16 23:36:20,854] {dagbag.py:500} INFO - Filling up the DagBag from /home/airflow/.local/lib/python3.6/site-packages/airflow/example_dags/tutorial_taskflow_api_etl.py
[2021-10-16 23:36:20,880] {processor.py:632} INFO - DAG(s) dict_keys(['tutorial_taskflow_api_etl']) retrieved from /home/airflow/.local/lib/python3.6/site-packages/airflow/example_dags/tutorial_taskflow_api_etl.py
[2021-10-16 23:36:21,094] {logging_mixin.py:109} INFO - [2021-10-16 23:36:21,094] {dag.py:2389} INFO - Sync 1 DAGs
[2021-10-16 23:36:21,107] {logging_mixin.py:109} INFO - [2021-10-16 23:36:21,107] {dag.py:2914} INFO - Setting next_dagrun for tutorial_taskflow_api_etl to None
[2021-10-16 23:36:21,116] {processor.py:171} INFO - Processing /home/airflow/.local/lib/python3.6/site-packages/airflow/example_dags/tutorial_taskflow_api_etl.py took 0.266 seconds
[2021-10-16 23:36:51,259] {processor.py:163} INFO - Started process (PID=606) to work on /home/airflow/.local/lib/python3.6/site-packages/airflow/example_dags/tutorial_taskflow_api_etl.py
[2021-10-16 23:36:51,261] {processor.py:620} INFO - Processing file /home/airflow/.local/lib/python3.6/site-packages/airflow/example_dags/tutorial_taskflow_api_etl.py for tasks to queue
[2021-10-16 23:36:51,261] {logging_mixin.py:109} INFO - [2021-10-16 23:36:51,261] {dagbag.py:500} INFO - Filling up the DagBag from /home/airflow/.local/lib/python3.6/site-packages/airflow/example_dags/tutorial_taskflow_api_etl.py
[2021-10-16 23:36:51,292] {processor.py:632} INFO - DAG(s) dict_keys(['tutorial_taskflow_api_etl']) retrieved from /home/airflow/.local/lib/python3.6/site-packages/airflow/example_dags/tutorial_taskflow_api_etl.py
[2021-10-16 23:36:51,489] {logging_mixin.py:109} INFO - [2021-10-16 23:36:51,489] {dag.py:2389} INFO - Sync 1 DAGs
[2021-10-16 23:36:51,503] {logging_mixin.py:109} INFO - [2021-10-16 23:36:51,503] {dag.py:2914} INFO - Setting next_dagrun for tutorial_taskflow_api_etl to None
[2021-10-16 23:36:51,512] {processor.py:171} INFO - Processing /home/airflow/.local/lib/python3.6/site-packages/airflow/example_dags/tutorial_taskflow_api_etl.py took 0.256 seconds
[2021-10-16 23:37:21,789] {processor.py:163} INFO - Started process (PID=671) to work on /home/airflow/.local/lib/python3.6/site-packages/airflow/example_dags/tutorial_taskflow_api_etl.py
[2021-10-16 23:37:21,790] {processor.py:620} INFO - Processing file /home/airflow/.local/lib/python3.6/site-packages/airflow/example_dags/tutorial_taskflow_api_etl.py for tasks to queue
[2021-10-16 23:37:21,791] {logging_mixin.py:109} INFO - [2021-10-16 23:37:21,791] {dagbag.py:500} INFO - Filling up the DagBag from /home/airflow/.local/lib/python3.6/site-packages/airflow/example_dags/tutorial_taskflow_api_etl.py
[2021-10-16 23:37:21,866] {processor.py:632} INFO - DAG(s) dict_keys(['tutorial_taskflow_api_etl']) retrieved from /home/airflow/.local/lib/python3.6/site-packages/airflow/example_dags/tutorial_taskflow_api_etl.py
[2021-10-16 23:37:22,385] {logging_mixin.py:109} INFO - [2021-10-16 23:37:22,385] {dag.py:2389} INFO - Sync 1 DAGs
[2021-10-16 23:37:22,410] {logging_mixin.py:109} INFO - [2021-10-16 23:37:22,410] {dag.py:2914} INFO - Setting next_dagrun for tutorial_taskflow_api_etl to None
[2021-10-16 23:37:22,428] {processor.py:171} INFO - Processing /home/airflow/.local/lib/python3.6/site-packages/airflow/example_dags/tutorial_taskflow_api_etl.py took 0.643 seconds
[2021-10-16 23:37:52,914] {processor.py:163} INFO - Started process (PID=726) to work on /home/airflow/.local/lib/python3.6/site-packages/airflow/example_dags/tutorial_taskflow_api_etl.py
[2021-10-16 23:37:52,915] {processor.py:620} INFO - Processing file /home/airflow/.local/lib/python3.6/site-packages/airflow/example_dags/tutorial_taskflow_api_etl.py for tasks to queue
[2021-10-16 23:37:52,916] {logging_mixin.py:109} INFO - [2021-10-16 23:37:52,916] {dagbag.py:500} INFO - Filling up the DagBag from /home/airflow/.local/lib/python3.6/site-packages/airflow/example_dags/tutorial_taskflow_api_etl.py
[2021-10-16 23:37:52,945] {processor.py:632} INFO - DAG(s) dict_keys(['tutorial_taskflow_api_etl']) retrieved from /home/airflow/.local/lib/python3.6/site-packages/airflow/example_dags/tutorial_taskflow_api_etl.py
[2021-10-16 23:37:53,141] {logging_mixin.py:109} INFO - [2021-10-16 23:37:53,141] {dag.py:2389} INFO - Sync 1 DAGs
[2021-10-16 23:37:53,154] {logging_mixin.py:109} INFO - [2021-10-16 23:37:53,154] {dag.py:2914} INFO - Setting next_dagrun for tutorial_taskflow_api_etl to None
[2021-10-16 23:37:53,163] {processor.py:171} INFO - Processing /home/airflow/.local/lib/python3.6/site-packages/airflow/example_dags/tutorial_taskflow_api_etl.py took 0.252 seconds
[2021-10-16 23:38:23,247] {processor.py:163} INFO - Started process (PID=783) to work on /home/airflow/.local/lib/python3.6/site-packages/airflow/example_dags/tutorial_taskflow_api_etl.py
[2021-10-16 23:38:23,248] {processor.py:620} INFO - Processing file /home/airflow/.local/lib/python3.6/site-packages/airflow/example_dags/tutorial_taskflow_api_etl.py for tasks to queue
[2021-10-16 23:38:23,249] {logging_mixin.py:109} INFO - [2021-10-16 23:38:23,248] {dagbag.py:500} INFO - Filling up the DagBag from /home/airflow/.local/lib/python3.6/site-packages/airflow/example_dags/tutorial_taskflow_api_etl.py
[2021-10-16 23:38:23,274] {processor.py:632} INFO - DAG(s) dict_keys(['tutorial_taskflow_api_etl']) retrieved from /home/airflow/.local/lib/python3.6/site-packages/airflow/example_dags/tutorial_taskflow_api_etl.py
[2021-10-16 23:38:23,495] {logging_mixin.py:109} INFO - [2021-10-16 23:38:23,495] {dag.py:2389} INFO - Sync 1 DAGs
[2021-10-16 23:38:23,509] {logging_mixin.py:109} INFO - [2021-10-16 23:38:23,509] {dag.py:2914} INFO - Setting next_dagrun for tutorial_taskflow_api_etl to None
[2021-10-16 23:38:23,519] {processor.py:171} INFO - Processing /home/airflow/.local/lib/python3.6/site-packages/airflow/example_dags/tutorial_taskflow_api_etl.py took 0.275 seconds
[2021-10-16 23:38:53,610] {processor.py:163} INFO - Started process (PID=848) to work on /home/airflow/.local/lib/python3.6/site-packages/airflow/example_dags/tutorial_taskflow_api_etl.py
[2021-10-16 23:38:53,611] {processor.py:620} INFO - Processing file /home/airflow/.local/lib/python3.6/site-packages/airflow/example_dags/tutorial_taskflow_api_etl.py for tasks to queue
[2021-10-16 23:38:53,612] {logging_mixin.py:109} INFO - [2021-10-16 23:38:53,612] {dagbag.py:500} INFO - Filling up the DagBag from /home/airflow/.local/lib/python3.6/site-packages/airflow/example_dags/tutorial_taskflow_api_etl.py
[2021-10-16 23:38:53,645] {processor.py:632} INFO - DAG(s) dict_keys(['tutorial_taskflow_api_etl']) retrieved from /home/airflow/.local/lib/python3.6/site-packages/airflow/example_dags/tutorial_taskflow_api_etl.py
[2021-10-16 23:38:53,932] {logging_mixin.py:109} INFO - [2021-10-16 23:38:53,932] {dag.py:2389} INFO - Sync 1 DAGs
[2021-10-16 23:38:53,953] {logging_mixin.py:109} INFO - [2021-10-16 23:38:53,953] {dag.py:2914} INFO - Setting next_dagrun for tutorial_taskflow_api_etl to None
[2021-10-16 23:38:53,968] {processor.py:171} INFO - Processing /home/airflow/.local/lib/python3.6/site-packages/airflow/example_dags/tutorial_taskflow_api_etl.py took 0.362 seconds
[2021-10-16 23:39:23,991] {processor.py:163} INFO - Started process (PID=904) to work on /home/airflow/.local/lib/python3.6/site-packages/airflow/example_dags/tutorial_taskflow_api_etl.py
[2021-10-16 23:39:23,992] {processor.py:620} INFO - Processing file /home/airflow/.local/lib/python3.6/site-packages/airflow/example_dags/tutorial_taskflow_api_etl.py for tasks to queue
[2021-10-16 23:39:23,993] {logging_mixin.py:109} INFO - [2021-10-16 23:39:23,993] {dagbag.py:500} INFO - Filling up the DagBag from /home/airflow/.local/lib/python3.6/site-packages/airflow/example_dags/tutorial_taskflow_api_etl.py
[2021-10-16 23:39:24,020] {processor.py:632} INFO - DAG(s) dict_keys(['tutorial_taskflow_api_etl']) retrieved from /home/airflow/.local/lib/python3.6/site-packages/airflow/example_dags/tutorial_taskflow_api_etl.py
[2021-10-16 23:39:24,233] {logging_mixin.py:109} INFO - [2021-10-16 23:39:24,233] {dag.py:2389} INFO - Sync 1 DAGs
[2021-10-16 23:39:24,249] {logging_mixin.py:109} INFO - [2021-10-16 23:39:24,249] {dag.py:2914} INFO - Setting next_dagrun for tutorial_taskflow_api_etl to None
[2021-10-16 23:39:24,260] {processor.py:171} INFO - Processing /home/airflow/.local/lib/python3.6/site-packages/airflow/example_dags/tutorial_taskflow_api_etl.py took 0.271 seconds
[2021-10-16 23:39:54,400] {processor.py:163} INFO - Started process (PID=959) to work on /home/airflow/.local/lib/python3.6/site-packages/airflow/example_dags/tutorial_taskflow_api_etl.py
[2021-10-16 23:39:54,402] {processor.py:620} INFO - Processing file /home/airflow/.local/lib/python3.6/site-packages/airflow/example_dags/tutorial_taskflow_api_etl.py for tasks to queue
[2021-10-16 23:39:54,403] {logging_mixin.py:109} INFO - [2021-10-16 23:39:54,403] {dagbag.py:500} INFO - Filling up the DagBag from /home/airflow/.local/lib/python3.6/site-packages/airflow/example_dags/tutorial_taskflow_api_etl.py
[2021-10-16 23:39:54,439] {processor.py:632} INFO - DAG(s) dict_keys(['tutorial_taskflow_api_etl']) retrieved from /home/airflow/.local/lib/python3.6/site-packages/airflow/example_dags/tutorial_taskflow_api_etl.py
[2021-10-16 23:39:54,642] {logging_mixin.py:109} INFO - [2021-10-16 23:39:54,642] {dag.py:2389} INFO - Sync 1 DAGs
[2021-10-16 23:39:54,656] {logging_mixin.py:109} INFO - [2021-10-16 23:39:54,656] {dag.py:2914} INFO - Setting next_dagrun for tutorial_taskflow_api_etl to None
[2021-10-16 23:39:54,666] {processor.py:171} INFO - Processing /home/airflow/.local/lib/python3.6/site-packages/airflow/example_dags/tutorial_taskflow_api_etl.py took 0.275 seconds
[2021-10-16 23:40:25,231] {processor.py:163} INFO - Started process (PID=1025) to work on /home/airflow/.local/lib/python3.6/site-packages/airflow/example_dags/tutorial_taskflow_api_etl.py
[2021-10-16 23:40:25,233] {processor.py:620} INFO - Processing file /home/airflow/.local/lib/python3.6/site-packages/airflow/example_dags/tutorial_taskflow_api_etl.py for tasks to queue
[2021-10-16 23:40:25,233] {logging_mixin.py:109} INFO - [2021-10-16 23:40:25,233] {dagbag.py:500} INFO - Filling up the DagBag from /home/airflow/.local/lib/python3.6/site-packages/airflow/example_dags/tutorial_taskflow_api_etl.py
[2021-10-16 23:40:25,262] {processor.py:632} INFO - DAG(s) dict_keys(['tutorial_taskflow_api_etl']) retrieved from /home/airflow/.local/lib/python3.6/site-packages/airflow/example_dags/tutorial_taskflow_api_etl.py
[2021-10-16 23:40:25,572] {logging_mixin.py:109} INFO - [2021-10-16 23:40:25,572] {dag.py:2389} INFO - Sync 1 DAGs
[2021-10-16 23:40:25,590] {logging_mixin.py:109} INFO - [2021-10-16 23:40:25,590] {dag.py:2914} INFO - Setting next_dagrun for tutorial_taskflow_api_etl to None
[2021-10-16 23:40:25,607] {processor.py:171} INFO - Processing /home/airflow/.local/lib/python3.6/site-packages/airflow/example_dags/tutorial_taskflow_api_etl.py took 0.379 seconds
[2021-10-16 23:40:55,645] {processor.py:163} INFO - Started process (PID=1081) to work on /home/airflow/.local/lib/python3.6/site-packages/airflow/example_dags/tutorial_taskflow_api_etl.py
[2021-10-16 23:40:55,646] {processor.py:620} INFO - Processing file /home/airflow/.local/lib/python3.6/site-packages/airflow/example_dags/tutorial_taskflow_api_etl.py for tasks to queue
[2021-10-16 23:40:55,647] {logging_mixin.py:109} INFO - [2021-10-16 23:40:55,647] {dagbag.py:500} INFO - Filling up the DagBag from /home/airflow/.local/lib/python3.6/site-packages/airflow/example_dags/tutorial_taskflow_api_etl.py
[2021-10-16 23:40:55,677] {processor.py:632} INFO - DAG(s) dict_keys(['tutorial_taskflow_api_etl']) retrieved from /home/airflow/.local/lib/python3.6/site-packages/airflow/example_dags/tutorial_taskflow_api_etl.py
[2021-10-16 23:40:55,884] {logging_mixin.py:109} INFO - [2021-10-16 23:40:55,884] {dag.py:2389} INFO - Sync 1 DAGs
[2021-10-16 23:40:55,899] {logging_mixin.py:109} INFO - [2021-10-16 23:40:55,899] {dag.py:2914} INFO - Setting next_dagrun for tutorial_taskflow_api_etl to None
[2021-10-16 23:40:55,908] {processor.py:171} INFO - Processing /home/airflow/.local/lib/python3.6/site-packages/airflow/example_dags/tutorial_taskflow_api_etl.py took 0.267 seconds
[2021-10-16 23:41:25,949] {processor.py:163} INFO - Started process (PID=1146) to work on /home/airflow/.local/lib/python3.6/site-packages/airflow/example_dags/tutorial_taskflow_api_etl.py
[2021-10-16 23:41:25,950] {processor.py:620} INFO - Processing file /home/airflow/.local/lib/python3.6/site-packages/airflow/example_dags/tutorial_taskflow_api_etl.py for tasks to queue
[2021-10-16 23:41:25,951] {logging_mixin.py:109} INFO - [2021-10-16 23:41:25,951] {dagbag.py:500} INFO - Filling up the DagBag from /home/airflow/.local/lib/python3.6/site-packages/airflow/example_dags/tutorial_taskflow_api_etl.py
[2021-10-16 23:41:25,978] {processor.py:632} INFO - DAG(s) dict_keys(['tutorial_taskflow_api_etl']) retrieved from /home/airflow/.local/lib/python3.6/site-packages/airflow/example_dags/tutorial_taskflow_api_etl.py
[2021-10-16 23:41:26,224] {logging_mixin.py:109} INFO - [2021-10-16 23:41:26,224] {dag.py:2389} INFO - Sync 1 DAGs
[2021-10-16 23:41:26,239] {logging_mixin.py:109} INFO - [2021-10-16 23:41:26,239] {dag.py:2914} INFO - Setting next_dagrun for tutorial_taskflow_api_etl to None
[2021-10-16 23:41:26,248] {processor.py:171} INFO - Processing /home/airflow/.local/lib/python3.6/site-packages/airflow/example_dags/tutorial_taskflow_api_etl.py took 0.302 seconds
[2021-10-16 23:41:56,936] {processor.py:163} INFO - Started process (PID=1201) to work on /home/airflow/.local/lib/python3.6/site-packages/airflow/example_dags/tutorial_taskflow_api_etl.py
[2021-10-16 23:41:56,937] {processor.py:620} INFO - Processing file /home/airflow/.local/lib/python3.6/site-packages/airflow/example_dags/tutorial_taskflow_api_etl.py for tasks to queue
[2021-10-16 23:41:56,937] {logging_mixin.py:109} INFO - [2021-10-16 23:41:56,937] {dagbag.py:500} INFO - Filling up the DagBag from /home/airflow/.local/lib/python3.6/site-packages/airflow/example_dags/tutorial_taskflow_api_etl.py
[2021-10-16 23:41:56,969] {processor.py:632} INFO - DAG(s) dict_keys(['tutorial_taskflow_api_etl']) retrieved from /home/airflow/.local/lib/python3.6/site-packages/airflow/example_dags/tutorial_taskflow_api_etl.py
[2021-10-16 23:41:57,204] {logging_mixin.py:109} INFO - [2021-10-16 23:41:57,204] {dag.py:2389} INFO - Sync 1 DAGs
[2021-10-16 23:41:57,225] {logging_mixin.py:109} INFO - [2021-10-16 23:41:57,225] {dag.py:2914} INFO - Setting next_dagrun for tutorial_taskflow_api_etl to None
[2021-10-16 23:41:57,240] {processor.py:171} INFO - Processing /home/airflow/.local/lib/python3.6/site-packages/airflow/example_dags/tutorial_taskflow_api_etl.py took 0.307 seconds
[2021-10-16 23:42:27,349] {processor.py:163} INFO - Started process (PID=1266) to work on /home/airflow/.local/lib/python3.6/site-packages/airflow/example_dags/tutorial_taskflow_api_etl.py
[2021-10-16 23:42:27,350] {processor.py:620} INFO - Processing file /home/airflow/.local/lib/python3.6/site-packages/airflow/example_dags/tutorial_taskflow_api_etl.py for tasks to queue
[2021-10-16 23:42:27,351] {logging_mixin.py:109} INFO - [2021-10-16 23:42:27,350] {dagbag.py:500} INFO - Filling up the DagBag from /home/airflow/.local/lib/python3.6/site-packages/airflow/example_dags/tutorial_taskflow_api_etl.py
[2021-10-16 23:42:27,377] {processor.py:632} INFO - DAG(s) dict_keys(['tutorial_taskflow_api_etl']) retrieved from /home/airflow/.local/lib/python3.6/site-packages/airflow/example_dags/tutorial_taskflow_api_etl.py
[2021-10-16 23:42:27,571] {logging_mixin.py:109} INFO - [2021-10-16 23:42:27,570] {dag.py:2389} INFO - Sync 1 DAGs
[2021-10-16 23:42:27,583] {logging_mixin.py:109} INFO - [2021-10-16 23:42:27,583] {dag.py:2914} INFO - Setting next_dagrun for tutorial_taskflow_api_etl to None
[2021-10-16 23:42:27,592] {processor.py:171} INFO - Processing /home/airflow/.local/lib/python3.6/site-packages/airflow/example_dags/tutorial_taskflow_api_etl.py took 0.245 seconds
[2021-10-16 23:42:58,259] {processor.py:163} INFO - Started process (PID=1322) to work on /home/airflow/.local/lib/python3.6/site-packages/airflow/example_dags/tutorial_taskflow_api_etl.py
[2021-10-16 23:42:58,260] {processor.py:620} INFO - Processing file /home/airflow/.local/lib/python3.6/site-packages/airflow/example_dags/tutorial_taskflow_api_etl.py for tasks to queue
[2021-10-16 23:42:58,260] {logging_mixin.py:109} INFO - [2021-10-16 23:42:58,260] {dagbag.py:500} INFO - Filling up the DagBag from /home/airflow/.local/lib/python3.6/site-packages/airflow/example_dags/tutorial_taskflow_api_etl.py
[2021-10-16 23:42:58,289] {processor.py:632} INFO - DAG(s) dict_keys(['tutorial_taskflow_api_etl']) retrieved from /home/airflow/.local/lib/python3.6/site-packages/airflow/example_dags/tutorial_taskflow_api_etl.py
[2021-10-16 23:42:58,483] {logging_mixin.py:109} INFO - [2021-10-16 23:42:58,483] {dag.py:2389} INFO - Sync 1 DAGs
[2021-10-16 23:42:58,497] {logging_mixin.py:109} INFO - [2021-10-16 23:42:58,497] {dag.py:2914} INFO - Setting next_dagrun for tutorial_taskflow_api_etl to None
[2021-10-16 23:42:58,509] {processor.py:171} INFO - Processing /home/airflow/.local/lib/python3.6/site-packages/airflow/example_dags/tutorial_taskflow_api_etl.py took 0.253 seconds
[2021-10-16 23:43:28,860] {processor.py:163} INFO - Started process (PID=1377) to work on /home/airflow/.local/lib/python3.6/site-packages/airflow/example_dags/tutorial_taskflow_api_etl.py
[2021-10-16 23:43:28,861] {processor.py:620} INFO - Processing file /home/airflow/.local/lib/python3.6/site-packages/airflow/example_dags/tutorial_taskflow_api_etl.py for tasks to queue
[2021-10-16 23:43:28,862] {logging_mixin.py:109} INFO - [2021-10-16 23:43:28,862] {dagbag.py:500} INFO - Filling up the DagBag from /home/airflow/.local/lib/python3.6/site-packages/airflow/example_dags/tutorial_taskflow_api_etl.py
[2021-10-16 23:43:28,903] {processor.py:632} INFO - DAG(s) dict_keys(['tutorial_taskflow_api_etl']) retrieved from /home/airflow/.local/lib/python3.6/site-packages/airflow/example_dags/tutorial_taskflow_api_etl.py
[2021-10-16 23:43:29,207] {logging_mixin.py:109} INFO - [2021-10-16 23:43:29,207] {dag.py:2389} INFO - Sync 1 DAGs
[2021-10-16 23:43:29,232] {logging_mixin.py:109} INFO - [2021-10-16 23:43:29,231] {dag.py:2914} INFO - Setting next_dagrun for tutorial_taskflow_api_etl to None
[2021-10-16 23:43:29,247] {processor.py:171} INFO - Processing /home/airflow/.local/lib/python3.6/site-packages/airflow/example_dags/tutorial_taskflow_api_etl.py took 0.391 seconds
[2021-10-16 23:43:59,414] {processor.py:163} INFO - Started process (PID=1444) to work on /home/airflow/.local/lib/python3.6/site-packages/airflow/example_dags/tutorial_taskflow_api_etl.py
[2021-10-16 23:43:59,415] {processor.py:620} INFO - Processing file /home/airflow/.local/lib/python3.6/site-packages/airflow/example_dags/tutorial_taskflow_api_etl.py for tasks to queue
[2021-10-16 23:43:59,416] {logging_mixin.py:109} INFO - [2021-10-16 23:43:59,415] {dagbag.py:500} INFO - Filling up the DagBag from /home/airflow/.local/lib/python3.6/site-packages/airflow/example_dags/tutorial_taskflow_api_etl.py
[2021-10-16 23:43:59,470] {processor.py:632} INFO - DAG(s) dict_keys(['tutorial_taskflow_api_etl']) retrieved from /home/airflow/.local/lib/python3.6/site-packages/airflow/example_dags/tutorial_taskflow_api_etl.py
[2021-10-16 23:43:59,738] {logging_mixin.py:109} INFO - [2021-10-16 23:43:59,738] {dag.py:2389} INFO - Sync 1 DAGs
[2021-10-16 23:43:59,752] {logging_mixin.py:109} INFO - [2021-10-16 23:43:59,752] {dag.py:2914} INFO - Setting next_dagrun for tutorial_taskflow_api_etl to None
[2021-10-16 23:43:59,762] {processor.py:171} INFO - Processing /home/airflow/.local/lib/python3.6/site-packages/airflow/example_dags/tutorial_taskflow_api_etl.py took 0.352 seconds
[2021-10-16 23:44:29,927] {processor.py:163} INFO - Started process (PID=1500) to work on /home/airflow/.local/lib/python3.6/site-packages/airflow/example_dags/tutorial_taskflow_api_etl.py
[2021-10-16 23:44:29,930] {processor.py:620} INFO - Processing file /home/airflow/.local/lib/python3.6/site-packages/airflow/example_dags/tutorial_taskflow_api_etl.py for tasks to queue
[2021-10-16 23:44:29,932] {logging_mixin.py:109} INFO - [2021-10-16 23:44:29,931] {dagbag.py:500} INFO - Filling up the DagBag from /home/airflow/.local/lib/python3.6/site-packages/airflow/example_dags/tutorial_taskflow_api_etl.py
[2021-10-16 23:44:29,970] {processor.py:632} INFO - DAG(s) dict_keys(['tutorial_taskflow_api_etl']) retrieved from /home/airflow/.local/lib/python3.6/site-packages/airflow/example_dags/tutorial_taskflow_api_etl.py
[2021-10-16 23:44:30,178] {logging_mixin.py:109} INFO - [2021-10-16 23:44:30,178] {dag.py:2389} INFO - Sync 1 DAGs
[2021-10-16 23:44:30,192] {logging_mixin.py:109} INFO - [2021-10-16 23:44:30,191] {dag.py:2914} INFO - Setting next_dagrun for tutorial_taskflow_api_etl to None
[2021-10-16 23:44:30,201] {processor.py:171} INFO - Processing /home/airflow/.local/lib/python3.6/site-packages/airflow/example_dags/tutorial_taskflow_api_etl.py took 0.282 seconds
[2021-10-16 23:45:00,232] {processor.py:163} INFO - Started process (PID=1565) to work on /home/airflow/.local/lib/python3.6/site-packages/airflow/example_dags/tutorial_taskflow_api_etl.py
[2021-10-16 23:45:00,233] {processor.py:620} INFO - Processing file /home/airflow/.local/lib/python3.6/site-packages/airflow/example_dags/tutorial_taskflow_api_etl.py for tasks to queue
[2021-10-16 23:45:00,233] {logging_mixin.py:109} INFO - [2021-10-16 23:45:00,233] {dagbag.py:500} INFO - Filling up the DagBag from /home/airflow/.local/lib/python3.6/site-packages/airflow/example_dags/tutorial_taskflow_api_etl.py
[2021-10-16 23:45:00,259] {processor.py:632} INFO - DAG(s) dict_keys(['tutorial_taskflow_api_etl']) retrieved from /home/airflow/.local/lib/python3.6/site-packages/airflow/example_dags/tutorial_taskflow_api_etl.py
[2021-10-16 23:45:00,497] {logging_mixin.py:109} INFO - [2021-10-16 23:45:00,497] {dag.py:2389} INFO - Sync 1 DAGs
[2021-10-16 23:45:00,511] {logging_mixin.py:109} INFO - [2021-10-16 23:45:00,510] {dag.py:2914} INFO - Setting next_dagrun for tutorial_taskflow_api_etl to None
[2021-10-16 23:45:00,522] {processor.py:171} INFO - Processing /home/airflow/.local/lib/python3.6/site-packages/airflow/example_dags/tutorial_taskflow_api_etl.py took 0.293 seconds
[2021-10-16 23:45:30,713] {processor.py:163} INFO - Started process (PID=1620) to work on /home/airflow/.local/lib/python3.6/site-packages/airflow/example_dags/tutorial_taskflow_api_etl.py
[2021-10-16 23:45:30,714] {processor.py:620} INFO - Processing file /home/airflow/.local/lib/python3.6/site-packages/airflow/example_dags/tutorial_taskflow_api_etl.py for tasks to queue
[2021-10-16 23:45:30,715] {logging_mixin.py:109} INFO - [2021-10-16 23:45:30,715] {dagbag.py:500} INFO - Filling up the DagBag from /home/airflow/.local/lib/python3.6/site-packages/airflow/example_dags/tutorial_taskflow_api_etl.py
[2021-10-16 23:45:30,743] {processor.py:632} INFO - DAG(s) dict_keys(['tutorial_taskflow_api_etl']) retrieved from /home/airflow/.local/lib/python3.6/site-packages/airflow/example_dags/tutorial_taskflow_api_etl.py
[2021-10-16 23:45:30,947] {logging_mixin.py:109} INFO - [2021-10-16 23:45:30,947] {dag.py:2389} INFO - Sync 1 DAGs
[2021-10-16 23:45:30,961] {logging_mixin.py:109} INFO - [2021-10-16 23:45:30,961] {dag.py:2914} INFO - Setting next_dagrun for tutorial_taskflow_api_etl to None
[2021-10-16 23:45:30,970] {processor.py:171} INFO - Processing /home/airflow/.local/lib/python3.6/site-packages/airflow/example_dags/tutorial_taskflow_api_etl.py took 0.260 seconds
[2021-10-16 23:46:01,100] {processor.py:163} INFO - Started process (PID=1676) to work on /home/airflow/.local/lib/python3.6/site-packages/airflow/example_dags/tutorial_taskflow_api_etl.py
[2021-10-16 23:46:01,101] {processor.py:620} INFO - Processing file /home/airflow/.local/lib/python3.6/site-packages/airflow/example_dags/tutorial_taskflow_api_etl.py for tasks to queue
[2021-10-16 23:46:01,102] {logging_mixin.py:109} INFO - [2021-10-16 23:46:01,102] {dagbag.py:500} INFO - Filling up the DagBag from /home/airflow/.local/lib/python3.6/site-packages/airflow/example_dags/tutorial_taskflow_api_etl.py
[2021-10-16 23:46:01,135] {processor.py:632} INFO - DAG(s) dict_keys(['tutorial_taskflow_api_etl']) retrieved from /home/airflow/.local/lib/python3.6/site-packages/airflow/example_dags/tutorial_taskflow_api_etl.py
[2021-10-16 23:46:01,347] {logging_mixin.py:109} INFO - [2021-10-16 23:46:01,347] {dag.py:2389} INFO - Sync 1 DAGs
[2021-10-16 23:46:01,360] {logging_mixin.py:109} INFO - [2021-10-16 23:46:01,360] {dag.py:2914} INFO - Setting next_dagrun for tutorial_taskflow_api_etl to None
[2021-10-16 23:46:01,369] {processor.py:171} INFO - Processing /home/airflow/.local/lib/python3.6/site-packages/airflow/example_dags/tutorial_taskflow_api_etl.py took 0.273 seconds
[2021-10-16 23:46:31,730] {processor.py:163} INFO - Started process (PID=1742) to work on /home/airflow/.local/lib/python3.6/site-packages/airflow/example_dags/tutorial_taskflow_api_etl.py
[2021-10-16 23:46:31,731] {processor.py:620} INFO - Processing file /home/airflow/.local/lib/python3.6/site-packages/airflow/example_dags/tutorial_taskflow_api_etl.py for tasks to queue
[2021-10-16 23:46:31,732] {logging_mixin.py:109} INFO - [2021-10-16 23:46:31,732] {dagbag.py:500} INFO - Filling up the DagBag from /home/airflow/.local/lib/python3.6/site-packages/airflow/example_dags/tutorial_taskflow_api_etl.py
[2021-10-16 23:46:31,764] {processor.py:632} INFO - DAG(s) dict_keys(['tutorial_taskflow_api_etl']) retrieved from /home/airflow/.local/lib/python3.6/site-packages/airflow/example_dags/tutorial_taskflow_api_etl.py
[2021-10-16 23:46:32,012] {logging_mixin.py:109} INFO - [2021-10-16 23:46:32,012] {dag.py:2389} INFO - Sync 1 DAGs
[2021-10-16 23:46:32,029] {logging_mixin.py:109} INFO - [2021-10-16 23:46:32,029] {dag.py:2914} INFO - Setting next_dagrun for tutorial_taskflow_api_etl to None
[2021-10-16 23:46:32,041] {processor.py:171} INFO - Processing /home/airflow/.local/lib/python3.6/site-packages/airflow/example_dags/tutorial_taskflow_api_etl.py took 0.314 seconds
[2021-10-16 23:47:02,090] {processor.py:163} INFO - Started process (PID=1797) to work on /home/airflow/.local/lib/python3.6/site-packages/airflow/example_dags/tutorial_taskflow_api_etl.py
[2021-10-16 23:47:02,091] {processor.py:620} INFO - Processing file /home/airflow/.local/lib/python3.6/site-packages/airflow/example_dags/tutorial_taskflow_api_etl.py for tasks to queue
[2021-10-16 23:47:02,092] {logging_mixin.py:109} INFO - [2021-10-16 23:47:02,092] {dagbag.py:500} INFO - Filling up the DagBag from /home/airflow/.local/lib/python3.6/site-packages/airflow/example_dags/tutorial_taskflow_api_etl.py
[2021-10-16 23:47:02,124] {processor.py:632} INFO - DAG(s) dict_keys(['tutorial_taskflow_api_etl']) retrieved from /home/airflow/.local/lib/python3.6/site-packages/airflow/example_dags/tutorial_taskflow_api_etl.py
[2021-10-16 23:47:02,331] {logging_mixin.py:109} INFO - [2021-10-16 23:47:02,331] {dag.py:2389} INFO - Sync 1 DAGs
[2021-10-16 23:47:02,346] {logging_mixin.py:109} INFO - [2021-10-16 23:47:02,346] {dag.py:2914} INFO - Setting next_dagrun for tutorial_taskflow_api_etl to None
[2021-10-16 23:47:02,356] {processor.py:171} INFO - Processing /home/airflow/.local/lib/python3.6/site-packages/airflow/example_dags/tutorial_taskflow_api_etl.py took 0.270 seconds
[2021-10-16 23:47:32,622] {processor.py:163} INFO - Started process (PID=1863) to work on /home/airflow/.local/lib/python3.6/site-packages/airflow/example_dags/tutorial_taskflow_api_etl.py
[2021-10-16 23:47:32,624] {processor.py:620} INFO - Processing file /home/airflow/.local/lib/python3.6/site-packages/airflow/example_dags/tutorial_taskflow_api_etl.py for tasks to queue
[2021-10-16 23:47:32,624] {logging_mixin.py:109} INFO - [2021-10-16 23:47:32,624] {dagbag.py:500} INFO - Filling up the DagBag from /home/airflow/.local/lib/python3.6/site-packages/airflow/example_dags/tutorial_taskflow_api_etl.py
[2021-10-16 23:47:32,654] {processor.py:632} INFO - DAG(s) dict_keys(['tutorial_taskflow_api_etl']) retrieved from /home/airflow/.local/lib/python3.6/site-packages/airflow/example_dags/tutorial_taskflow_api_etl.py
[2021-10-16 23:47:32,875] {logging_mixin.py:109} INFO - [2021-10-16 23:47:32,875] {dag.py:2389} INFO - Sync 1 DAGs
[2021-10-16 23:47:32,895] {logging_mixin.py:109} INFO - [2021-10-16 23:47:32,895] {dag.py:2914} INFO - Setting next_dagrun for tutorial_taskflow_api_etl to None
[2021-10-16 23:47:32,908] {processor.py:171} INFO - Processing /home/airflow/.local/lib/python3.6/site-packages/airflow/example_dags/tutorial_taskflow_api_etl.py took 0.288 seconds
[2021-10-16 23:48:03,811] {processor.py:163} INFO - Started process (PID=1918) to work on /home/airflow/.local/lib/python3.6/site-packages/airflow/example_dags/tutorial_taskflow_api_etl.py
[2021-10-16 23:48:03,812] {processor.py:620} INFO - Processing file /home/airflow/.local/lib/python3.6/site-packages/airflow/example_dags/tutorial_taskflow_api_etl.py for tasks to queue
[2021-10-16 23:48:03,812] {logging_mixin.py:109} INFO - [2021-10-16 23:48:03,812] {dagbag.py:500} INFO - Filling up the DagBag from /home/airflow/.local/lib/python3.6/site-packages/airflow/example_dags/tutorial_taskflow_api_etl.py
[2021-10-16 23:48:03,841] {processor.py:632} INFO - DAG(s) dict_keys(['tutorial_taskflow_api_etl']) retrieved from /home/airflow/.local/lib/python3.6/site-packages/airflow/example_dags/tutorial_taskflow_api_etl.py
[2021-10-16 23:48:04,073] {logging_mixin.py:109} INFO - [2021-10-16 23:48:04,073] {dag.py:2389} INFO - Sync 1 DAGs
[2021-10-16 23:48:04,086] {logging_mixin.py:109} INFO - [2021-10-16 23:48:04,086] {dag.py:2914} INFO - Setting next_dagrun for tutorial_taskflow_api_etl to None
[2021-10-16 23:48:04,096] {processor.py:171} INFO - Processing /home/airflow/.local/lib/python3.6/site-packages/airflow/example_dags/tutorial_taskflow_api_etl.py took 0.288 seconds
[2021-10-16 23:48:34,843] {processor.py:163} INFO - Started process (PID=1982) to work on /home/airflow/.local/lib/python3.6/site-packages/airflow/example_dags/tutorial_taskflow_api_etl.py
[2021-10-16 23:48:34,845] {processor.py:620} INFO - Processing file /home/airflow/.local/lib/python3.6/site-packages/airflow/example_dags/tutorial_taskflow_api_etl.py for tasks to queue
[2021-10-16 23:48:34,845] {logging_mixin.py:109} INFO - [2021-10-16 23:48:34,845] {dagbag.py:500} INFO - Filling up the DagBag from /home/airflow/.local/lib/python3.6/site-packages/airflow/example_dags/tutorial_taskflow_api_etl.py
[2021-10-16 23:48:34,875] {processor.py:632} INFO - DAG(s) dict_keys(['tutorial_taskflow_api_etl']) retrieved from /home/airflow/.local/lib/python3.6/site-packages/airflow/example_dags/tutorial_taskflow_api_etl.py
[2021-10-16 23:48:35,124] {logging_mixin.py:109} INFO - [2021-10-16 23:48:35,123] {dag.py:2389} INFO - Sync 1 DAGs
[2021-10-16 23:48:35,138] {logging_mixin.py:109} INFO - [2021-10-16 23:48:35,138] {dag.py:2914} INFO - Setting next_dagrun for tutorial_taskflow_api_etl to None
[2021-10-16 23:48:35,150] {processor.py:171} INFO - Processing /home/airflow/.local/lib/python3.6/site-packages/airflow/example_dags/tutorial_taskflow_api_etl.py took 0.309 seconds
[2021-10-16 23:49:05,312] {processor.py:163} INFO - Started process (PID=2038) to work on /home/airflow/.local/lib/python3.6/site-packages/airflow/example_dags/tutorial_taskflow_api_etl.py
[2021-10-16 23:49:05,314] {processor.py:620} INFO - Processing file /home/airflow/.local/lib/python3.6/site-packages/airflow/example_dags/tutorial_taskflow_api_etl.py for tasks to queue
[2021-10-16 23:49:05,315] {logging_mixin.py:109} INFO - [2021-10-16 23:49:05,314] {dagbag.py:500} INFO - Filling up the DagBag from /home/airflow/.local/lib/python3.6/site-packages/airflow/example_dags/tutorial_taskflow_api_etl.py
[2021-10-16 23:49:05,360] {processor.py:632} INFO - DAG(s) dict_keys(['tutorial_taskflow_api_etl']) retrieved from /home/airflow/.local/lib/python3.6/site-packages/airflow/example_dags/tutorial_taskflow_api_etl.py
[2021-10-16 23:49:05,685] {logging_mixin.py:109} INFO - [2021-10-16 23:49:05,685] {dag.py:2389} INFO - Sync 1 DAGs
[2021-10-16 23:49:05,711] {logging_mixin.py:109} INFO - [2021-10-16 23:49:05,711] {dag.py:2914} INFO - Setting next_dagrun for tutorial_taskflow_api_etl to None
[2021-10-16 23:49:05,729] {processor.py:171} INFO - Processing /home/airflow/.local/lib/python3.6/site-packages/airflow/example_dags/tutorial_taskflow_api_etl.py took 0.421 seconds
[2021-10-16 23:49:35,822] {processor.py:163} INFO - Started process (PID=2095) to work on /home/airflow/.local/lib/python3.6/site-packages/airflow/example_dags/tutorial_taskflow_api_etl.py
[2021-10-16 23:49:35,824] {processor.py:620} INFO - Processing file /home/airflow/.local/lib/python3.6/site-packages/airflow/example_dags/tutorial_taskflow_api_etl.py for tasks to queue
[2021-10-16 23:49:35,824] {logging_mixin.py:109} INFO - [2021-10-16 23:49:35,824] {dagbag.py:500} INFO - Filling up the DagBag from /home/airflow/.local/lib/python3.6/site-packages/airflow/example_dags/tutorial_taskflow_api_etl.py
[2021-10-16 23:49:35,851] {processor.py:632} INFO - DAG(s) dict_keys(['tutorial_taskflow_api_etl']) retrieved from /home/airflow/.local/lib/python3.6/site-packages/airflow/example_dags/tutorial_taskflow_api_etl.py
[2021-10-16 23:49:36,079] {logging_mixin.py:109} INFO - [2021-10-16 23:49:36,078] {dag.py:2389} INFO - Sync 1 DAGs
[2021-10-16 23:49:36,096] {logging_mixin.py:109} INFO - [2021-10-16 23:49:36,096] {dag.py:2914} INFO - Setting next_dagrun for tutorial_taskflow_api_etl to None
[2021-10-16 23:49:36,107] {processor.py:171} INFO - Processing /home/airflow/.local/lib/python3.6/site-packages/airflow/example_dags/tutorial_taskflow_api_etl.py took 0.287 seconds
[2021-10-16 23:50:06,824] {processor.py:163} INFO - Started process (PID=2161) to work on /home/airflow/.local/lib/python3.6/site-packages/airflow/example_dags/tutorial_taskflow_api_etl.py
[2021-10-16 23:50:06,825] {processor.py:620} INFO - Processing file /home/airflow/.local/lib/python3.6/site-packages/airflow/example_dags/tutorial_taskflow_api_etl.py for tasks to queue
[2021-10-16 23:50:06,825] {logging_mixin.py:109} INFO - [2021-10-16 23:50:06,825] {dagbag.py:500} INFO - Filling up the DagBag from /home/airflow/.local/lib/python3.6/site-packages/airflow/example_dags/tutorial_taskflow_api_etl.py
[2021-10-16 23:50:06,860] {processor.py:632} INFO - DAG(s) dict_keys(['tutorial_taskflow_api_etl']) retrieved from /home/airflow/.local/lib/python3.6/site-packages/airflow/example_dags/tutorial_taskflow_api_etl.py
[2021-10-16 23:50:07,092] {logging_mixin.py:109} INFO - [2021-10-16 23:50:07,092] {dag.py:2389} INFO - Sync 1 DAGs
[2021-10-16 23:50:07,109] {logging_mixin.py:109} INFO - [2021-10-16 23:50:07,109] {dag.py:2914} INFO - Setting next_dagrun for tutorial_taskflow_api_etl to None
[2021-10-16 23:50:07,123] {processor.py:171} INFO - Processing /home/airflow/.local/lib/python3.6/site-packages/airflow/example_dags/tutorial_taskflow_api_etl.py took 0.302 seconds
[2021-10-16 23:50:37,163] {processor.py:163} INFO - Started process (PID=2216) to work on /home/airflow/.local/lib/python3.6/site-packages/airflow/example_dags/tutorial_taskflow_api_etl.py
[2021-10-16 23:50:37,164] {processor.py:620} INFO - Processing file /home/airflow/.local/lib/python3.6/site-packages/airflow/example_dags/tutorial_taskflow_api_etl.py for tasks to queue
[2021-10-16 23:50:37,165] {logging_mixin.py:109} INFO - [2021-10-16 23:50:37,165] {dagbag.py:500} INFO - Filling up the DagBag from /home/airflow/.local/lib/python3.6/site-packages/airflow/example_dags/tutorial_taskflow_api_etl.py
[2021-10-16 23:50:37,200] {processor.py:632} INFO - DAG(s) dict_keys(['tutorial_taskflow_api_etl']) retrieved from /home/airflow/.local/lib/python3.6/site-packages/airflow/example_dags/tutorial_taskflow_api_etl.py
[2021-10-16 23:50:37,431] {logging_mixin.py:109} INFO - [2021-10-16 23:50:37,431] {dag.py:2389} INFO - Sync 1 DAGs
[2021-10-16 23:50:37,444] {logging_mixin.py:109} INFO - [2021-10-16 23:50:37,444] {dag.py:2914} INFO - Setting next_dagrun for tutorial_taskflow_api_etl to None
[2021-10-16 23:50:37,453] {processor.py:171} INFO - Processing /home/airflow/.local/lib/python3.6/site-packages/airflow/example_dags/tutorial_taskflow_api_etl.py took 0.293 seconds
[2021-10-16 23:51:08,143] {processor.py:163} INFO - Started process (PID=2281) to work on /home/airflow/.local/lib/python3.6/site-packages/airflow/example_dags/tutorial_taskflow_api_etl.py
[2021-10-16 23:51:08,144] {processor.py:620} INFO - Processing file /home/airflow/.local/lib/python3.6/site-packages/airflow/example_dags/tutorial_taskflow_api_etl.py for tasks to queue
[2021-10-16 23:51:08,145] {logging_mixin.py:109} INFO - [2021-10-16 23:51:08,145] {dagbag.py:500} INFO - Filling up the DagBag from /home/airflow/.local/lib/python3.6/site-packages/airflow/example_dags/tutorial_taskflow_api_etl.py
[2021-10-16 23:51:08,173] {processor.py:632} INFO - DAG(s) dict_keys(['tutorial_taskflow_api_etl']) retrieved from /home/airflow/.local/lib/python3.6/site-packages/airflow/example_dags/tutorial_taskflow_api_etl.py
[2021-10-16 23:51:08,184] {logging_mixin.py:109} INFO - [2021-10-16 23:51:08,184] {dag.py:2389} INFO - Sync 1 DAGs
[2021-10-16 23:51:08,198] {logging_mixin.py:109} INFO - [2021-10-16 23:51:08,198] {dag.py:2914} INFO - Setting next_dagrun for tutorial_taskflow_api_etl to None
[2021-10-16 23:51:08,206] {processor.py:171} INFO - Processing /home/airflow/.local/lib/python3.6/site-packages/airflow/example_dags/tutorial_taskflow_api_etl.py took 0.065 seconds
[2021-10-16 23:51:39,078] {processor.py:163} INFO - Started process (PID=2337) to work on /home/airflow/.local/lib/python3.6/site-packages/airflow/example_dags/tutorial_taskflow_api_etl.py
[2021-10-16 23:51:39,079] {processor.py:620} INFO - Processing file /home/airflow/.local/lib/python3.6/site-packages/airflow/example_dags/tutorial_taskflow_api_etl.py for tasks to queue
[2021-10-16 23:51:39,079] {logging_mixin.py:109} INFO - [2021-10-16 23:51:39,079] {dagbag.py:500} INFO - Filling up the DagBag from /home/airflow/.local/lib/python3.6/site-packages/airflow/example_dags/tutorial_taskflow_api_etl.py
[2021-10-16 23:51:39,109] {processor.py:632} INFO - DAG(s) dict_keys(['tutorial_taskflow_api_etl']) retrieved from /home/airflow/.local/lib/python3.6/site-packages/airflow/example_dags/tutorial_taskflow_api_etl.py
[2021-10-16 23:51:39,319] {logging_mixin.py:109} INFO - [2021-10-16 23:51:39,319] {dag.py:2389} INFO - Sync 1 DAGs
[2021-10-16 23:51:39,332] {logging_mixin.py:109} INFO - [2021-10-16 23:51:39,332] {dag.py:2914} INFO - Setting next_dagrun for tutorial_taskflow_api_etl to None
[2021-10-16 23:51:39,341] {processor.py:171} INFO - Processing /home/airflow/.local/lib/python3.6/site-packages/airflow/example_dags/tutorial_taskflow_api_etl.py took 0.266 seconds
[2021-10-16 23:52:10,153] {processor.py:163} INFO - Started process (PID=2403) to work on /home/airflow/.local/lib/python3.6/site-packages/airflow/example_dags/tutorial_taskflow_api_etl.py
[2021-10-16 23:52:10,154] {processor.py:620} INFO - Processing file /home/airflow/.local/lib/python3.6/site-packages/airflow/example_dags/tutorial_taskflow_api_etl.py for tasks to queue
[2021-10-16 23:52:10,155] {logging_mixin.py:109} INFO - [2021-10-16 23:52:10,155] {dagbag.py:500} INFO - Filling up the DagBag from /home/airflow/.local/lib/python3.6/site-packages/airflow/example_dags/tutorial_taskflow_api_etl.py
[2021-10-16 23:52:10,181] {processor.py:632} INFO - DAG(s) dict_keys(['tutorial_taskflow_api_etl']) retrieved from /home/airflow/.local/lib/python3.6/site-packages/airflow/example_dags/tutorial_taskflow_api_etl.py
[2021-10-16 23:52:10,369] {logging_mixin.py:109} INFO - [2021-10-16 23:52:10,369] {dag.py:2389} INFO - Sync 1 DAGs
[2021-10-16 23:52:10,382] {logging_mixin.py:109} INFO - [2021-10-16 23:52:10,382] {dag.py:2914} INFO - Setting next_dagrun for tutorial_taskflow_api_etl to None
[2021-10-16 23:52:10,391] {processor.py:171} INFO - Processing /home/airflow/.local/lib/python3.6/site-packages/airflow/example_dags/tutorial_taskflow_api_etl.py took 0.240 seconds
[2021-10-16 23:52:40,642] {processor.py:163} INFO - Started process (PID=2459) to work on /home/airflow/.local/lib/python3.6/site-packages/airflow/example_dags/tutorial_taskflow_api_etl.py
[2021-10-16 23:52:40,643] {processor.py:620} INFO - Processing file /home/airflow/.local/lib/python3.6/site-packages/airflow/example_dags/tutorial_taskflow_api_etl.py for tasks to queue
[2021-10-16 23:52:40,644] {logging_mixin.py:109} INFO - [2021-10-16 23:52:40,644] {dagbag.py:500} INFO - Filling up the DagBag from /home/airflow/.local/lib/python3.6/site-packages/airflow/example_dags/tutorial_taskflow_api_etl.py
[2021-10-16 23:52:40,676] {processor.py:632} INFO - DAG(s) dict_keys(['tutorial_taskflow_api_etl']) retrieved from /home/airflow/.local/lib/python3.6/site-packages/airflow/example_dags/tutorial_taskflow_api_etl.py
[2021-10-16 23:52:40,951] {logging_mixin.py:109} INFO - [2021-10-16 23:52:40,951] {dag.py:2389} INFO - Sync 1 DAGs
[2021-10-16 23:52:40,963] {logging_mixin.py:109} INFO - [2021-10-16 23:52:40,963] {dag.py:2914} INFO - Setting next_dagrun for tutorial_taskflow_api_etl to None
[2021-10-16 23:52:40,971] {processor.py:171} INFO - Processing /home/airflow/.local/lib/python3.6/site-packages/airflow/example_dags/tutorial_taskflow_api_etl.py took 0.333 seconds
[2021-10-16 23:53:11,135] {processor.py:163} INFO - Started process (PID=2515) to work on /home/airflow/.local/lib/python3.6/site-packages/airflow/example_dags/tutorial_taskflow_api_etl.py
[2021-10-16 23:53:11,136] {processor.py:620} INFO - Processing file /home/airflow/.local/lib/python3.6/site-packages/airflow/example_dags/tutorial_taskflow_api_etl.py for tasks to queue
[2021-10-16 23:53:11,137] {logging_mixin.py:109} INFO - [2021-10-16 23:53:11,137] {dagbag.py:500} INFO - Filling up the DagBag from /home/airflow/.local/lib/python3.6/site-packages/airflow/example_dags/tutorial_taskflow_api_etl.py
[2021-10-16 23:53:11,164] {processor.py:632} INFO - DAG(s) dict_keys(['tutorial_taskflow_api_etl']) retrieved from /home/airflow/.local/lib/python3.6/site-packages/airflow/example_dags/tutorial_taskflow_api_etl.py
[2021-10-16 23:53:11,374] {logging_mixin.py:109} INFO - [2021-10-16 23:53:11,373] {dag.py:2389} INFO - Sync 1 DAGs
[2021-10-16 23:53:11,387] {logging_mixin.py:109} INFO - [2021-10-16 23:53:11,387] {dag.py:2914} INFO - Setting next_dagrun for tutorial_taskflow_api_etl to None
[2021-10-16 23:53:11,397] {processor.py:171} INFO - Processing /home/airflow/.local/lib/python3.6/site-packages/airflow/example_dags/tutorial_taskflow_api_etl.py took 0.264 seconds
[2021-10-16 23:53:41,610] {processor.py:163} INFO - Started process (PID=2582) to work on /home/airflow/.local/lib/python3.6/site-packages/airflow/example_dags/tutorial_taskflow_api_etl.py
[2021-10-16 23:53:41,611] {processor.py:620} INFO - Processing file /home/airflow/.local/lib/python3.6/site-packages/airflow/example_dags/tutorial_taskflow_api_etl.py for tasks to queue
[2021-10-16 23:53:41,612] {logging_mixin.py:109} INFO - [2021-10-16 23:53:41,612] {dagbag.py:500} INFO - Filling up the DagBag from /home/airflow/.local/lib/python3.6/site-packages/airflow/example_dags/tutorial_taskflow_api_etl.py
[2021-10-16 23:53:41,652] {processor.py:632} INFO - DAG(s) dict_keys(['tutorial_taskflow_api_etl']) retrieved from /home/airflow/.local/lib/python3.6/site-packages/airflow/example_dags/tutorial_taskflow_api_etl.py
[2021-10-16 23:53:41,908] {logging_mixin.py:109} INFO - [2021-10-16 23:53:41,908] {dag.py:2389} INFO - Sync 1 DAGs
[2021-10-16 23:53:41,927] {logging_mixin.py:109} INFO - [2021-10-16 23:53:41,927] {dag.py:2914} INFO - Setting next_dagrun for tutorial_taskflow_api_etl to None
[2021-10-16 23:53:41,941] {processor.py:171} INFO - Processing /home/airflow/.local/lib/python3.6/site-packages/airflow/example_dags/tutorial_taskflow_api_etl.py took 0.334 seconds
[2021-10-16 23:54:12,036] {processor.py:163} INFO - Started process (PID=2637) to work on /home/airflow/.local/lib/python3.6/site-packages/airflow/example_dags/tutorial_taskflow_api_etl.py
[2021-10-16 23:54:12,037] {processor.py:620} INFO - Processing file /home/airflow/.local/lib/python3.6/site-packages/airflow/example_dags/tutorial_taskflow_api_etl.py for tasks to queue
[2021-10-16 23:54:12,038] {logging_mixin.py:109} INFO - [2021-10-16 23:54:12,038] {dagbag.py:500} INFO - Filling up the DagBag from /home/airflow/.local/lib/python3.6/site-packages/airflow/example_dags/tutorial_taskflow_api_etl.py
[2021-10-16 23:54:12,071] {processor.py:632} INFO - DAG(s) dict_keys(['tutorial_taskflow_api_etl']) retrieved from /home/airflow/.local/lib/python3.6/site-packages/airflow/example_dags/tutorial_taskflow_api_etl.py
[2021-10-16 23:54:12,303] {logging_mixin.py:109} INFO - [2021-10-16 23:54:12,303] {dag.py:2389} INFO - Sync 1 DAGs
[2021-10-16 23:54:12,317] {logging_mixin.py:109} INFO - [2021-10-16 23:54:12,317] {dag.py:2914} INFO - Setting next_dagrun for tutorial_taskflow_api_etl to None
[2021-10-16 23:54:12,328] {processor.py:171} INFO - Processing /home/airflow/.local/lib/python3.6/site-packages/airflow/example_dags/tutorial_taskflow_api_etl.py took 0.295 seconds
[2021-10-16 23:54:43,217] {processor.py:163} INFO - Started process (PID=2692) to work on /home/airflow/.local/lib/python3.6/site-packages/airflow/example_dags/tutorial_taskflow_api_etl.py
[2021-10-16 23:54:43,218] {processor.py:620} INFO - Processing file /home/airflow/.local/lib/python3.6/site-packages/airflow/example_dags/tutorial_taskflow_api_etl.py for tasks to queue
[2021-10-16 23:54:43,219] {logging_mixin.py:109} INFO - [2021-10-16 23:54:43,219] {dagbag.py:500} INFO - Filling up the DagBag from /home/airflow/.local/lib/python3.6/site-packages/airflow/example_dags/tutorial_taskflow_api_etl.py
[2021-10-16 23:54:43,249] {processor.py:632} INFO - DAG(s) dict_keys(['tutorial_taskflow_api_etl']) retrieved from /home/airflow/.local/lib/python3.6/site-packages/airflow/example_dags/tutorial_taskflow_api_etl.py
[2021-10-16 23:54:43,530] {logging_mixin.py:109} INFO - [2021-10-16 23:54:43,530] {dag.py:2389} INFO - Sync 1 DAGs
[2021-10-16 23:54:43,550] {logging_mixin.py:109} INFO - [2021-10-16 23:54:43,550] {dag.py:2914} INFO - Setting next_dagrun for tutorial_taskflow_api_etl to None
[2021-10-16 23:54:43,562] {processor.py:171} INFO - Processing /home/airflow/.local/lib/python3.6/site-packages/airflow/example_dags/tutorial_taskflow_api_etl.py took 0.348 seconds
[2021-10-16 23:55:14,346] {processor.py:163} INFO - Started process (PID=2760) to work on /home/airflow/.local/lib/python3.6/site-packages/airflow/example_dags/tutorial_taskflow_api_etl.py
[2021-10-16 23:55:14,347] {processor.py:620} INFO - Processing file /home/airflow/.local/lib/python3.6/site-packages/airflow/example_dags/tutorial_taskflow_api_etl.py for tasks to queue
[2021-10-16 23:55:14,348] {logging_mixin.py:109} INFO - [2021-10-16 23:55:14,348] {dagbag.py:500} INFO - Filling up the DagBag from /home/airflow/.local/lib/python3.6/site-packages/airflow/example_dags/tutorial_taskflow_api_etl.py
[2021-10-16 23:55:14,376] {processor.py:632} INFO - DAG(s) dict_keys(['tutorial_taskflow_api_etl']) retrieved from /home/airflow/.local/lib/python3.6/site-packages/airflow/example_dags/tutorial_taskflow_api_etl.py
[2021-10-16 23:55:14,585] {logging_mixin.py:109} INFO - [2021-10-16 23:55:14,585] {dag.py:2389} INFO - Sync 1 DAGs
[2021-10-16 23:55:14,600] {logging_mixin.py:109} INFO - [2021-10-16 23:55:14,600] {dag.py:2914} INFO - Setting next_dagrun for tutorial_taskflow_api_etl to None
[2021-10-16 23:55:14,610] {processor.py:171} INFO - Processing /home/airflow/.local/lib/python3.6/site-packages/airflow/example_dags/tutorial_taskflow_api_etl.py took 0.266 seconds
[2021-10-16 23:55:44,735] {processor.py:163} INFO - Started process (PID=2817) to work on /home/airflow/.local/lib/python3.6/site-packages/airflow/example_dags/tutorial_taskflow_api_etl.py
[2021-10-16 23:55:44,736] {processor.py:620} INFO - Processing file /home/airflow/.local/lib/python3.6/site-packages/airflow/example_dags/tutorial_taskflow_api_etl.py for tasks to queue
[2021-10-16 23:55:44,736] {logging_mixin.py:109} INFO - [2021-10-16 23:55:44,736] {dagbag.py:500} INFO - Filling up the DagBag from /home/airflow/.local/lib/python3.6/site-packages/airflow/example_dags/tutorial_taskflow_api_etl.py
[2021-10-16 23:55:44,764] {processor.py:632} INFO - DAG(s) dict_keys(['tutorial_taskflow_api_etl']) retrieved from /home/airflow/.local/lib/python3.6/site-packages/airflow/example_dags/tutorial_taskflow_api_etl.py
[2021-10-16 23:55:44,971] {logging_mixin.py:109} INFO - [2021-10-16 23:55:44,971] {dag.py:2389} INFO - Sync 1 DAGs
[2021-10-16 23:55:44,986] {logging_mixin.py:109} INFO - [2021-10-16 23:55:44,985] {dag.py:2914} INFO - Setting next_dagrun for tutorial_taskflow_api_etl to None
[2021-10-16 23:55:44,995] {processor.py:171} INFO - Processing /home/airflow/.local/lib/python3.6/site-packages/airflow/example_dags/tutorial_taskflow_api_etl.py took 0.263 seconds
[2021-10-16 23:56:15,374] {processor.py:163} INFO - Started process (PID=2872) to work on /home/airflow/.local/lib/python3.6/site-packages/airflow/example_dags/tutorial_taskflow_api_etl.py
[2021-10-16 23:56:15,376] {processor.py:620} INFO - Processing file /home/airflow/.local/lib/python3.6/site-packages/airflow/example_dags/tutorial_taskflow_api_etl.py for tasks to queue
[2021-10-16 23:56:15,376] {logging_mixin.py:109} INFO - [2021-10-16 23:56:15,376] {dagbag.py:500} INFO - Filling up the DagBag from /home/airflow/.local/lib/python3.6/site-packages/airflow/example_dags/tutorial_taskflow_api_etl.py
[2021-10-16 23:56:15,417] {processor.py:632} INFO - DAG(s) dict_keys(['tutorial_taskflow_api_etl']) retrieved from /home/airflow/.local/lib/python3.6/site-packages/airflow/example_dags/tutorial_taskflow_api_etl.py
[2021-10-16 23:56:15,719] {logging_mixin.py:109} INFO - [2021-10-16 23:56:15,719] {dag.py:2389} INFO - Sync 1 DAGs
[2021-10-16 23:56:15,743] {logging_mixin.py:109} INFO - [2021-10-16 23:56:15,743] {dag.py:2914} INFO - Setting next_dagrun for tutorial_taskflow_api_etl to None
[2021-10-16 23:56:15,761] {processor.py:171} INFO - Processing /home/airflow/.local/lib/python3.6/site-packages/airflow/example_dags/tutorial_taskflow_api_etl.py took 0.390 seconds
[2021-10-16 23:56:46,180] {processor.py:163} INFO - Started process (PID=2939) to work on /home/airflow/.local/lib/python3.6/site-packages/airflow/example_dags/tutorial_taskflow_api_etl.py
[2021-10-16 23:56:46,182] {processor.py:620} INFO - Processing file /home/airflow/.local/lib/python3.6/site-packages/airflow/example_dags/tutorial_taskflow_api_etl.py for tasks to queue
[2021-10-16 23:56:46,182] {logging_mixin.py:109} INFO - [2021-10-16 23:56:46,182] {dagbag.py:500} INFO - Filling up the DagBag from /home/airflow/.local/lib/python3.6/site-packages/airflow/example_dags/tutorial_taskflow_api_etl.py
[2021-10-16 23:56:46,222] {processor.py:632} INFO - DAG(s) dict_keys(['tutorial_taskflow_api_etl']) retrieved from /home/airflow/.local/lib/python3.6/site-packages/airflow/example_dags/tutorial_taskflow_api_etl.py
[2021-10-16 23:56:46,508] {logging_mixin.py:109} INFO - [2021-10-16 23:56:46,508] {dag.py:2389} INFO - Sync 1 DAGs
[2021-10-16 23:56:46,529] {logging_mixin.py:109} INFO - [2021-10-16 23:56:46,529] {dag.py:2914} INFO - Setting next_dagrun for tutorial_taskflow_api_etl to None
[2021-10-16 23:56:46,544] {processor.py:171} INFO - Processing /home/airflow/.local/lib/python3.6/site-packages/airflow/example_dags/tutorial_taskflow_api_etl.py took 0.367 seconds
[2021-10-16 23:57:17,278] {processor.py:163} INFO - Started process (PID=2995) to work on /home/airflow/.local/lib/python3.6/site-packages/airflow/example_dags/tutorial_taskflow_api_etl.py
[2021-10-16 23:57:17,279] {processor.py:620} INFO - Processing file /home/airflow/.local/lib/python3.6/site-packages/airflow/example_dags/tutorial_taskflow_api_etl.py for tasks to queue
[2021-10-16 23:57:17,279] {logging_mixin.py:109} INFO - [2021-10-16 23:57:17,279] {dagbag.py:500} INFO - Filling up the DagBag from /home/airflow/.local/lib/python3.6/site-packages/airflow/example_dags/tutorial_taskflow_api_etl.py
[2021-10-16 23:57:17,306] {processor.py:632} INFO - DAG(s) dict_keys(['tutorial_taskflow_api_etl']) retrieved from /home/airflow/.local/lib/python3.6/site-packages/airflow/example_dags/tutorial_taskflow_api_etl.py
[2021-10-16 23:57:17,522] {logging_mixin.py:109} INFO - [2021-10-16 23:57:17,521] {dag.py:2389} INFO - Sync 1 DAGs
[2021-10-16 23:57:17,535] {logging_mixin.py:109} INFO - [2021-10-16 23:57:17,534] {dag.py:2914} INFO - Setting next_dagrun for tutorial_taskflow_api_etl to None
[2021-10-16 23:57:17,543] {processor.py:171} INFO - Processing /home/airflow/.local/lib/python3.6/site-packages/airflow/example_dags/tutorial_taskflow_api_etl.py took 0.268 seconds
[2021-10-16 23:57:47,831] {processor.py:163} INFO - Started process (PID=3060) to work on /home/airflow/.local/lib/python3.6/site-packages/airflow/example_dags/tutorial_taskflow_api_etl.py
[2021-10-16 23:57:47,833] {processor.py:620} INFO - Processing file /home/airflow/.local/lib/python3.6/site-packages/airflow/example_dags/tutorial_taskflow_api_etl.py for tasks to queue
[2021-10-16 23:57:47,833] {logging_mixin.py:109} INFO - [2021-10-16 23:57:47,833] {dagbag.py:500} INFO - Filling up the DagBag from /home/airflow/.local/lib/python3.6/site-packages/airflow/example_dags/tutorial_taskflow_api_etl.py
[2021-10-16 23:57:47,886] {processor.py:632} INFO - DAG(s) dict_keys(['tutorial_taskflow_api_etl']) retrieved from /home/airflow/.local/lib/python3.6/site-packages/airflow/example_dags/tutorial_taskflow_api_etl.py
[2021-10-16 23:57:48,202] {logging_mixin.py:109} INFO - [2021-10-16 23:57:48,202] {dag.py:2389} INFO - Sync 1 DAGs
[2021-10-16 23:57:48,227] {logging_mixin.py:109} INFO - [2021-10-16 23:57:48,226] {dag.py:2914} INFO - Setting next_dagrun for tutorial_taskflow_api_etl to None
[2021-10-16 23:57:48,242] {processor.py:171} INFO - Processing /home/airflow/.local/lib/python3.6/site-packages/airflow/example_dags/tutorial_taskflow_api_etl.py took 0.416 seconds
[2021-10-16 23:58:18,715] {processor.py:163} INFO - Started process (PID=3121) to work on /home/airflow/.local/lib/python3.6/site-packages/airflow/example_dags/tutorial_taskflow_api_etl.py
[2021-10-16 23:58:18,717] {processor.py:620} INFO - Processing file /home/airflow/.local/lib/python3.6/site-packages/airflow/example_dags/tutorial_taskflow_api_etl.py for tasks to queue
[2021-10-16 23:58:18,718] {logging_mixin.py:109} INFO - [2021-10-16 23:58:18,718] {dagbag.py:500} INFO - Filling up the DagBag from /home/airflow/.local/lib/python3.6/site-packages/airflow/example_dags/tutorial_taskflow_api_etl.py
[2021-10-16 23:58:18,833] {processor.py:632} INFO - DAG(s) dict_keys(['tutorial_taskflow_api_etl']) retrieved from /home/airflow/.local/lib/python3.6/site-packages/airflow/example_dags/tutorial_taskflow_api_etl.py
[2021-10-16 23:58:19,140] {logging_mixin.py:109} INFO - [2021-10-16 23:58:19,140] {dag.py:2389} INFO - Sync 1 DAGs
[2021-10-16 23:58:19,158] {logging_mixin.py:109} INFO - [2021-10-16 23:58:19,157] {dag.py:2914} INFO - Setting next_dagrun for tutorial_taskflow_api_etl to None
[2021-10-16 23:58:19,170] {processor.py:171} INFO - Processing /home/airflow/.local/lib/python3.6/site-packages/airflow/example_dags/tutorial_taskflow_api_etl.py took 0.461 seconds
[2021-10-16 23:58:49,629] {processor.py:163} INFO - Started process (PID=3176) to work on /home/airflow/.local/lib/python3.6/site-packages/airflow/example_dags/tutorial_taskflow_api_etl.py
[2021-10-16 23:58:49,631] {processor.py:620} INFO - Processing file /home/airflow/.local/lib/python3.6/site-packages/airflow/example_dags/tutorial_taskflow_api_etl.py for tasks to queue
[2021-10-16 23:58:49,631] {logging_mixin.py:109} INFO - [2021-10-16 23:58:49,631] {dagbag.py:500} INFO - Filling up the DagBag from /home/airflow/.local/lib/python3.6/site-packages/airflow/example_dags/tutorial_taskflow_api_etl.py
[2021-10-16 23:58:49,663] {processor.py:632} INFO - DAG(s) dict_keys(['tutorial_taskflow_api_etl']) retrieved from /home/airflow/.local/lib/python3.6/site-packages/airflow/example_dags/tutorial_taskflow_api_etl.py
[2021-10-16 23:58:49,859] {logging_mixin.py:109} INFO - [2021-10-16 23:58:49,859] {dag.py:2389} INFO - Sync 1 DAGs
[2021-10-16 23:58:49,872] {logging_mixin.py:109} INFO - [2021-10-16 23:58:49,872] {dag.py:2914} INFO - Setting next_dagrun for tutorial_taskflow_api_etl to None
[2021-10-16 23:58:49,882] {processor.py:171} INFO - Processing /home/airflow/.local/lib/python3.6/site-packages/airflow/example_dags/tutorial_taskflow_api_etl.py took 0.255 seconds
[2021-10-16 23:59:20,103] {processor.py:163} INFO - Started process (PID=3244) to work on /home/airflow/.local/lib/python3.6/site-packages/airflow/example_dags/tutorial_taskflow_api_etl.py
[2021-10-16 23:59:20,105] {processor.py:620} INFO - Processing file /home/airflow/.local/lib/python3.6/site-packages/airflow/example_dags/tutorial_taskflow_api_etl.py for tasks to queue
[2021-10-16 23:59:20,105] {logging_mixin.py:109} INFO - [2021-10-16 23:59:20,105] {dagbag.py:500} INFO - Filling up the DagBag from /home/airflow/.local/lib/python3.6/site-packages/airflow/example_dags/tutorial_taskflow_api_etl.py
[2021-10-16 23:59:20,135] {processor.py:632} INFO - DAG(s) dict_keys(['tutorial_taskflow_api_etl']) retrieved from /home/airflow/.local/lib/python3.6/site-packages/airflow/example_dags/tutorial_taskflow_api_etl.py
[2021-10-16 23:59:20,385] {logging_mixin.py:109} INFO - [2021-10-16 23:59:20,385] {dag.py:2389} INFO - Sync 1 DAGs
[2021-10-16 23:59:20,399] {logging_mixin.py:109} INFO - [2021-10-16 23:59:20,399] {dag.py:2914} INFO - Setting next_dagrun for tutorial_taskflow_api_etl to None
[2021-10-16 23:59:20,409] {processor.py:171} INFO - Processing /home/airflow/.local/lib/python3.6/site-packages/airflow/example_dags/tutorial_taskflow_api_etl.py took 0.308 seconds
[2021-10-16 23:59:50,501] {processor.py:163} INFO - Started process (PID=3298) to work on /home/airflow/.local/lib/python3.6/site-packages/airflow/example_dags/tutorial_taskflow_api_etl.py
[2021-10-16 23:59:50,502] {processor.py:620} INFO - Processing file /home/airflow/.local/lib/python3.6/site-packages/airflow/example_dags/tutorial_taskflow_api_etl.py for tasks to queue
[2021-10-16 23:59:50,503] {logging_mixin.py:109} INFO - [2021-10-16 23:59:50,503] {dagbag.py:500} INFO - Filling up the DagBag from /home/airflow/.local/lib/python3.6/site-packages/airflow/example_dags/tutorial_taskflow_api_etl.py
[2021-10-16 23:59:50,536] {processor.py:632} INFO - DAG(s) dict_keys(['tutorial_taskflow_api_etl']) retrieved from /home/airflow/.local/lib/python3.6/site-packages/airflow/example_dags/tutorial_taskflow_api_etl.py
[2021-10-16 23:59:50,853] {logging_mixin.py:109} INFO - [2021-10-16 23:59:50,853] {dag.py:2389} INFO - Sync 1 DAGs
[2021-10-16 23:59:50,866] {logging_mixin.py:109} INFO - [2021-10-16 23:59:50,866] {dag.py:2914} INFO - Setting next_dagrun for tutorial_taskflow_api_etl to None
[2021-10-16 23:59:50,876] {processor.py:171} INFO - Processing /home/airflow/.local/lib/python3.6/site-packages/airflow/example_dags/tutorial_taskflow_api_etl.py took 0.378 seconds
