[2021-10-24 22:55:12,855] {processor.py:163} INFO - Started process (PID=46) to work on /opt/airflow/dags/choose_best_dag.py
[2021-10-24 22:55:12,856] {processor.py:620} INFO - Processing file /opt/airflow/dags/choose_best_dag.py for tasks to queue
[2021-10-24 22:55:12,857] {logging_mixin.py:109} INFO - [2021-10-24 22:55:12,857] {dagbag.py:500} INFO - Filling up the DagBag from /opt/airflow/dags/choose_best_dag.py
[2021-10-24 22:55:12,890] {processor.py:632} INFO - DAG(s) dict_keys(['choose_best_model']) retrieved from /opt/airflow/dags/choose_best_dag.py
[2021-10-24 22:55:12,902] {logging_mixin.py:109} INFO - [2021-10-24 22:55:12,902] {dag.py:2389} INFO - Sync 1 DAGs
[2021-10-24 22:55:12,921] {logging_mixin.py:109} INFO - [2021-10-24 22:55:12,920] {dag.py:2914} INFO - Setting next_dagrun for choose_best_model to 2021-10-23 00:00:00+00:00
[2021-10-24 22:55:12,929] {processor.py:171} INFO - Processing /opt/airflow/dags/choose_best_dag.py took 0.077 seconds
[2021-10-24 22:55:43,049] {processor.py:163} INFO - Started process (PID=110) to work on /opt/airflow/dags/choose_best_dag.py
[2021-10-24 22:55:43,050] {processor.py:620} INFO - Processing file /opt/airflow/dags/choose_best_dag.py for tasks to queue
[2021-10-24 22:55:43,050] {logging_mixin.py:109} INFO - [2021-10-24 22:55:43,050] {dagbag.py:500} INFO - Filling up the DagBag from /opt/airflow/dags/choose_best_dag.py
[2021-10-24 22:55:43,076] {processor.py:632} INFO - DAG(s) dict_keys(['choose_best_model']) retrieved from /opt/airflow/dags/choose_best_dag.py
[2021-10-24 22:55:43,087] {logging_mixin.py:109} INFO - [2021-10-24 22:55:43,087] {dag.py:2389} INFO - Sync 1 DAGs
[2021-10-24 22:55:43,103] {logging_mixin.py:109} INFO - [2021-10-24 22:55:43,103] {dag.py:2914} INFO - Setting next_dagrun for choose_best_model to 2021-10-23 00:00:00+00:00
[2021-10-24 22:55:43,112] {processor.py:171} INFO - Processing /opt/airflow/dags/choose_best_dag.py took 0.066 seconds
[2021-10-24 22:56:13,377] {processor.py:163} INFO - Started process (PID=184) to work on /opt/airflow/dags/choose_best_dag.py
[2021-10-24 22:56:13,378] {processor.py:620} INFO - Processing file /opt/airflow/dags/choose_best_dag.py for tasks to queue
[2021-10-24 22:56:13,379] {logging_mixin.py:109} INFO - [2021-10-24 22:56:13,379] {dagbag.py:500} INFO - Filling up the DagBag from /opt/airflow/dags/choose_best_dag.py
[2021-10-24 22:56:13,414] {processor.py:632} INFO - DAG(s) dict_keys(['choose_best_model']) retrieved from /opt/airflow/dags/choose_best_dag.py
[2021-10-24 22:56:13,427] {logging_mixin.py:109} INFO - [2021-10-24 22:56:13,426] {dag.py:2389} INFO - Sync 1 DAGs
[2021-10-24 22:56:13,445] {logging_mixin.py:109} INFO - [2021-10-24 22:56:13,445] {dag.py:2914} INFO - Setting next_dagrun for choose_best_model to 2021-10-23 00:00:00+00:00
[2021-10-24 22:56:13,454] {processor.py:171} INFO - Processing /opt/airflow/dags/choose_best_dag.py took 0.082 seconds
[2021-10-24 22:57:25,840] {processor.py:163} INFO - Started process (PID=46) to work on /opt/airflow/dags/choose_best_dag.py
[2021-10-24 22:57:25,842] {processor.py:620} INFO - Processing file /opt/airflow/dags/choose_best_dag.py for tasks to queue
[2021-10-24 22:57:25,842] {logging_mixin.py:109} INFO - [2021-10-24 22:57:25,842] {dagbag.py:500} INFO - Filling up the DagBag from /opt/airflow/dags/choose_best_dag.py
[2021-10-24 22:57:25,878] {processor.py:632} INFO - DAG(s) dict_keys(['choose_best_model']) retrieved from /opt/airflow/dags/choose_best_dag.py
[2021-10-24 22:57:25,896] {logging_mixin.py:109} INFO - [2021-10-24 22:57:25,895] {dag.py:2389} INFO - Sync 1 DAGs
[2021-10-24 22:57:25,925] {logging_mixin.py:109} INFO - [2021-10-24 22:57:25,924] {dag.py:2914} INFO - Setting next_dagrun for choose_best_model to 2021-10-23 00:00:00+00:00
[2021-10-24 22:57:25,937] {processor.py:171} INFO - Processing /opt/airflow/dags/choose_best_dag.py took 0.101 seconds
[2021-10-24 22:57:56,014] {processor.py:163} INFO - Started process (PID=109) to work on /opt/airflow/dags/choose_best_dag.py
[2021-10-24 22:57:56,016] {processor.py:620} INFO - Processing file /opt/airflow/dags/choose_best_dag.py for tasks to queue
[2021-10-24 22:57:56,017] {logging_mixin.py:109} INFO - [2021-10-24 22:57:56,017] {dagbag.py:500} INFO - Filling up the DagBag from /opt/airflow/dags/choose_best_dag.py
[2021-10-24 22:57:56,048] {processor.py:632} INFO - DAG(s) dict_keys(['choose_best_model']) retrieved from /opt/airflow/dags/choose_best_dag.py
[2021-10-24 22:57:56,059] {logging_mixin.py:109} INFO - [2021-10-24 22:57:56,058] {dag.py:2389} INFO - Sync 1 DAGs
[2021-10-24 22:57:56,077] {logging_mixin.py:109} INFO - [2021-10-24 22:57:56,076] {dag.py:2914} INFO - Setting next_dagrun for choose_best_model to 2021-10-23 00:00:00+00:00
[2021-10-24 22:57:56,085] {processor.py:171} INFO - Processing /opt/airflow/dags/choose_best_dag.py took 0.075 seconds
[2021-10-24 22:58:26,637] {processor.py:163} INFO - Started process (PID=184) to work on /opt/airflow/dags/choose_best_dag.py
[2021-10-24 22:58:26,638] {processor.py:620} INFO - Processing file /opt/airflow/dags/choose_best_dag.py for tasks to queue
[2021-10-24 22:58:26,639] {logging_mixin.py:109} INFO - [2021-10-24 22:58:26,639] {dagbag.py:500} INFO - Filling up the DagBag from /opt/airflow/dags/choose_best_dag.py
[2021-10-24 22:58:26,675] {processor.py:632} INFO - DAG(s) dict_keys(['choose_best_model']) retrieved from /opt/airflow/dags/choose_best_dag.py
[2021-10-24 22:58:26,692] {logging_mixin.py:109} INFO - [2021-10-24 22:58:26,691] {dag.py:2389} INFO - Sync 1 DAGs
[2021-10-24 22:58:26,714] {logging_mixin.py:109} INFO - [2021-10-24 22:58:26,714] {dag.py:2914} INFO - Setting next_dagrun for choose_best_model to 2021-10-23 00:00:00+00:00
[2021-10-24 22:58:26,724] {processor.py:171} INFO - Processing /opt/airflow/dags/choose_best_dag.py took 0.090 seconds
[2021-10-24 22:58:56,846] {processor.py:163} INFO - Started process (PID=248) to work on /opt/airflow/dags/choose_best_dag.py
[2021-10-24 22:58:56,849] {processor.py:620} INFO - Processing file /opt/airflow/dags/choose_best_dag.py for tasks to queue
[2021-10-24 22:58:56,850] {logging_mixin.py:109} INFO - [2021-10-24 22:58:56,850] {dagbag.py:500} INFO - Filling up the DagBag from /opt/airflow/dags/choose_best_dag.py
[2021-10-24 22:58:56,889] {processor.py:632} INFO - DAG(s) dict_keys(['choose_best_model']) retrieved from /opt/airflow/dags/choose_best_dag.py
[2021-10-24 22:58:56,903] {logging_mixin.py:109} INFO - [2021-10-24 22:58:56,903] {dag.py:2389} INFO - Sync 1 DAGs
[2021-10-24 22:58:56,934] {logging_mixin.py:109} INFO - [2021-10-24 22:58:56,934] {dag.py:2914} INFO - Setting next_dagrun for choose_best_model to 2021-10-23 00:00:00+00:00
[2021-10-24 22:58:56,945] {processor.py:171} INFO - Processing /opt/airflow/dags/choose_best_dag.py took 0.109 seconds
[2021-10-24 22:59:27,651] {processor.py:163} INFO - Started process (PID=323) to work on /opt/airflow/dags/choose_best_dag.py
[2021-10-24 22:59:27,652] {processor.py:620} INFO - Processing file /opt/airflow/dags/choose_best_dag.py for tasks to queue
[2021-10-24 22:59:27,652] {logging_mixin.py:109} INFO - [2021-10-24 22:59:27,652] {dagbag.py:500} INFO - Filling up the DagBag from /opt/airflow/dags/choose_best_dag.py
[2021-10-24 22:59:27,681] {processor.py:632} INFO - DAG(s) dict_keys(['choose_best_model']) retrieved from /opt/airflow/dags/choose_best_dag.py
[2021-10-24 22:59:27,692] {logging_mixin.py:109} INFO - [2021-10-24 22:59:27,692] {dag.py:2389} INFO - Sync 1 DAGs
[2021-10-24 22:59:27,712] {logging_mixin.py:109} INFO - [2021-10-24 22:59:27,712] {dag.py:2914} INFO - Setting next_dagrun for choose_best_model to 2021-10-23 00:00:00+00:00
[2021-10-24 22:59:27,721] {processor.py:171} INFO - Processing /opt/airflow/dags/choose_best_dag.py took 0.073 seconds
[2021-10-24 23:47:48,241] {processor.py:163} INFO - Started process (PID=46) to work on /opt/airflow/dags/choose_best_dag.py
[2021-10-24 23:47:48,243] {processor.py:620} INFO - Processing file /opt/airflow/dags/choose_best_dag.py for tasks to queue
[2021-10-24 23:47:48,243] {logging_mixin.py:109} INFO - [2021-10-24 23:47:48,243] {dagbag.py:500} INFO - Filling up the DagBag from /opt/airflow/dags/choose_best_dag.py
[2021-10-24 23:47:48,299] {processor.py:632} INFO - DAG(s) dict_keys(['choose_best_model']) retrieved from /opt/airflow/dags/choose_best_dag.py
[2021-10-24 23:47:48,320] {logging_mixin.py:109} INFO - [2021-10-24 23:47:48,320] {dag.py:2389} INFO - Sync 1 DAGs
[2021-10-24 23:47:48,355] {logging_mixin.py:109} INFO - [2021-10-24 23:47:48,355] {dag.py:2914} INFO - Setting next_dagrun for choose_best_model to 2021-10-23 00:00:00+00:00
[2021-10-24 23:47:48,368] {processor.py:171} INFO - Processing /opt/airflow/dags/choose_best_dag.py took 0.132 seconds
[2021-10-24 23:48:19,041] {processor.py:163} INFO - Started process (PID=110) to work on /opt/airflow/dags/choose_best_dag.py
[2021-10-24 23:48:19,043] {processor.py:620} INFO - Processing file /opt/airflow/dags/choose_best_dag.py for tasks to queue
[2021-10-24 23:48:19,043] {logging_mixin.py:109} INFO - [2021-10-24 23:48:19,043] {dagbag.py:500} INFO - Filling up the DagBag from /opt/airflow/dags/choose_best_dag.py
[2021-10-24 23:48:19,100] {processor.py:632} INFO - DAG(s) dict_keys(['choose_best_model']) retrieved from /opt/airflow/dags/choose_best_dag.py
[2021-10-24 23:48:19,120] {logging_mixin.py:109} INFO - [2021-10-24 23:48:19,120] {dag.py:2389} INFO - Sync 1 DAGs
[2021-10-24 23:48:19,149] {logging_mixin.py:109} INFO - [2021-10-24 23:48:19,149] {dag.py:2914} INFO - Setting next_dagrun for choose_best_model to 2021-10-23 00:00:00+00:00
[2021-10-24 23:48:19,163] {processor.py:171} INFO - Processing /opt/airflow/dags/choose_best_dag.py took 0.127 seconds
[2021-10-24 23:48:49,448] {processor.py:163} INFO - Started process (PID=176) to work on /opt/airflow/dags/choose_best_dag.py
[2021-10-24 23:48:49,450] {processor.py:620} INFO - Processing file /opt/airflow/dags/choose_best_dag.py for tasks to queue
[2021-10-24 23:48:49,451] {logging_mixin.py:109} INFO - [2021-10-24 23:48:49,450] {dagbag.py:500} INFO - Filling up the DagBag from /opt/airflow/dags/choose_best_dag.py
[2021-10-24 23:48:49,518] {processor.py:632} INFO - DAG(s) dict_keys(['choose_best_model']) retrieved from /opt/airflow/dags/choose_best_dag.py
[2021-10-24 23:48:49,535] {logging_mixin.py:109} INFO - [2021-10-24 23:48:49,535] {dag.py:2389} INFO - Sync 1 DAGs
[2021-10-24 23:48:49,566] {logging_mixin.py:109} INFO - [2021-10-24 23:48:49,565] {dag.py:2914} INFO - Setting next_dagrun for choose_best_model to 2021-10-23 00:00:00+00:00
[2021-10-24 23:48:49,581] {processor.py:171} INFO - Processing /opt/airflow/dags/choose_best_dag.py took 0.138 seconds
[2021-10-24 23:49:19,809] {processor.py:163} INFO - Started process (PID=241) to work on /opt/airflow/dags/choose_best_dag.py
[2021-10-24 23:49:19,814] {processor.py:620} INFO - Processing file /opt/airflow/dags/choose_best_dag.py for tasks to queue
[2021-10-24 23:49:19,815] {logging_mixin.py:109} INFO - [2021-10-24 23:49:19,815] {dagbag.py:500} INFO - Filling up the DagBag from /opt/airflow/dags/choose_best_dag.py
[2021-10-24 23:49:19,858] {processor.py:632} INFO - DAG(s) dict_keys(['choose_best_model']) retrieved from /opt/airflow/dags/choose_best_dag.py
[2021-10-24 23:49:19,882] {logging_mixin.py:109} INFO - [2021-10-24 23:49:19,882] {dag.py:2389} INFO - Sync 1 DAGs
[2021-10-24 23:49:19,915] {logging_mixin.py:109} INFO - [2021-10-24 23:49:19,914] {dag.py:2914} INFO - Setting next_dagrun for choose_best_model to 2021-10-23 00:00:00+00:00
[2021-10-24 23:49:19,927] {processor.py:171} INFO - Processing /opt/airflow/dags/choose_best_dag.py took 0.122 seconds
[2021-10-24 23:49:49,990] {processor.py:163} INFO - Started process (PID=305) to work on /opt/airflow/dags/choose_best_dag.py
[2021-10-24 23:49:49,992] {processor.py:620} INFO - Processing file /opt/airflow/dags/choose_best_dag.py for tasks to queue
[2021-10-24 23:49:49,993] {logging_mixin.py:109} INFO - [2021-10-24 23:49:49,993] {dagbag.py:500} INFO - Filling up the DagBag from /opt/airflow/dags/choose_best_dag.py
[2021-10-24 23:49:50,037] {processor.py:632} INFO - DAG(s) dict_keys(['choose_best_model']) retrieved from /opt/airflow/dags/choose_best_dag.py
[2021-10-24 23:49:50,053] {logging_mixin.py:109} INFO - [2021-10-24 23:49:50,053] {dag.py:2389} INFO - Sync 1 DAGs
[2021-10-24 23:49:50,078] {logging_mixin.py:109} INFO - [2021-10-24 23:49:50,078] {dag.py:2914} INFO - Setting next_dagrun for choose_best_model to 2021-10-23 00:00:00+00:00
[2021-10-24 23:49:50,092] {processor.py:171} INFO - Processing /opt/airflow/dags/choose_best_dag.py took 0.106 seconds
[2021-10-24 23:50:20,745] {processor.py:163} INFO - Started process (PID=369) to work on /opt/airflow/dags/choose_best_dag.py
[2021-10-24 23:50:20,747] {processor.py:620} INFO - Processing file /opt/airflow/dags/choose_best_dag.py for tasks to queue
[2021-10-24 23:50:20,748] {logging_mixin.py:109} INFO - [2021-10-24 23:50:20,748] {dagbag.py:500} INFO - Filling up the DagBag from /opt/airflow/dags/choose_best_dag.py
[2021-10-24 23:50:20,798] {processor.py:632} INFO - DAG(s) dict_keys(['choose_best_model']) retrieved from /opt/airflow/dags/choose_best_dag.py
[2021-10-24 23:50:20,823] {logging_mixin.py:109} INFO - [2021-10-24 23:50:20,822] {dag.py:2389} INFO - Sync 1 DAGs
[2021-10-24 23:50:20,858] {logging_mixin.py:109} INFO - [2021-10-24 23:50:20,857] {dag.py:2914} INFO - Setting next_dagrun for choose_best_model to 2021-10-23 00:00:00+00:00
[2021-10-24 23:50:20,873] {processor.py:171} INFO - Processing /opt/airflow/dags/choose_best_dag.py took 0.132 seconds
[2021-10-24 23:50:51,092] {processor.py:163} INFO - Started process (PID=435) to work on /opt/airflow/dags/choose_best_dag.py
[2021-10-24 23:50:51,095] {processor.py:620} INFO - Processing file /opt/airflow/dags/choose_best_dag.py for tasks to queue
[2021-10-24 23:50:51,098] {logging_mixin.py:109} INFO - [2021-10-24 23:50:51,098] {dagbag.py:500} INFO - Filling up the DagBag from /opt/airflow/dags/choose_best_dag.py
[2021-10-24 23:50:51,195] {processor.py:632} INFO - DAG(s) dict_keys(['choose_best_model']) retrieved from /opt/airflow/dags/choose_best_dag.py
[2021-10-24 23:50:51,219] {logging_mixin.py:109} INFO - [2021-10-24 23:50:51,219] {dag.py:2389} INFO - Sync 1 DAGs
[2021-10-24 23:50:51,262] {logging_mixin.py:109} INFO - [2021-10-24 23:50:51,261] {dag.py:2914} INFO - Setting next_dagrun for choose_best_model to 2021-10-23 00:00:00+00:00
[2021-10-24 23:50:51,289] {processor.py:171} INFO - Processing /opt/airflow/dags/choose_best_dag.py took 0.202 seconds
[2021-10-24 23:51:22,091] {processor.py:163} INFO - Started process (PID=515) to work on /opt/airflow/dags/choose_best_dag.py
[2021-10-24 23:51:22,095] {processor.py:620} INFO - Processing file /opt/airflow/dags/choose_best_dag.py for tasks to queue
[2021-10-24 23:51:22,096] {logging_mixin.py:109} INFO - [2021-10-24 23:51:22,096] {dagbag.py:500} INFO - Filling up the DagBag from /opt/airflow/dags/choose_best_dag.py
[2021-10-24 23:51:22,149] {processor.py:632} INFO - DAG(s) dict_keys(['choose_best_model']) retrieved from /opt/airflow/dags/choose_best_dag.py
[2021-10-24 23:51:22,171] {logging_mixin.py:109} INFO - [2021-10-24 23:51:22,170] {dag.py:2389} INFO - Sync 1 DAGs
[2021-10-24 23:51:22,207] {logging_mixin.py:109} INFO - [2021-10-24 23:51:22,206] {dag.py:2914} INFO - Setting next_dagrun for choose_best_model to 2021-10-23 00:00:00+00:00
[2021-10-24 23:51:22,220] {processor.py:171} INFO - Processing /opt/airflow/dags/choose_best_dag.py took 0.136 seconds
[2021-10-24 23:51:53,197] {processor.py:163} INFO - Started process (PID=580) to work on /opt/airflow/dags/choose_best_dag.py
[2021-10-24 23:51:53,200] {processor.py:620} INFO - Processing file /opt/airflow/dags/choose_best_dag.py for tasks to queue
[2021-10-24 23:51:53,203] {logging_mixin.py:109} INFO - [2021-10-24 23:51:53,202] {dagbag.py:500} INFO - Filling up the DagBag from /opt/airflow/dags/choose_best_dag.py
[2021-10-24 23:51:53,259] {processor.py:632} INFO - DAG(s) dict_keys(['choose_best_model']) retrieved from /opt/airflow/dags/choose_best_dag.py
[2021-10-24 23:51:53,282] {logging_mixin.py:109} INFO - [2021-10-24 23:51:53,282] {dag.py:2389} INFO - Sync 1 DAGs
[2021-10-24 23:51:53,317] {logging_mixin.py:109} INFO - [2021-10-24 23:51:53,316] {dag.py:2914} INFO - Setting next_dagrun for choose_best_model to 2021-10-23 00:00:00+00:00
[2021-10-24 23:51:53,328] {processor.py:171} INFO - Processing /opt/airflow/dags/choose_best_dag.py took 0.135 seconds
[2021-10-24 23:52:24,031] {processor.py:163} INFO - Started process (PID=644) to work on /opt/airflow/dags/choose_best_dag.py
[2021-10-24 23:52:24,032] {processor.py:620} INFO - Processing file /opt/airflow/dags/choose_best_dag.py for tasks to queue
[2021-10-24 23:52:24,033] {logging_mixin.py:109} INFO - [2021-10-24 23:52:24,033] {dagbag.py:500} INFO - Filling up the DagBag from /opt/airflow/dags/choose_best_dag.py
[2021-10-24 23:52:24,091] {processor.py:632} INFO - DAG(s) dict_keys(['choose_best_model']) retrieved from /opt/airflow/dags/choose_best_dag.py
[2021-10-24 23:52:24,111] {logging_mixin.py:109} INFO - [2021-10-24 23:52:24,111] {dag.py:2389} INFO - Sync 1 DAGs
[2021-10-24 23:52:24,145] {logging_mixin.py:109} INFO - [2021-10-24 23:52:24,145] {dag.py:2914} INFO - Setting next_dagrun for choose_best_model to 2021-10-23 00:00:00+00:00
[2021-10-24 23:52:24,161] {processor.py:171} INFO - Processing /opt/airflow/dags/choose_best_dag.py took 0.133 seconds
[2021-10-24 23:52:54,375] {processor.py:163} INFO - Started process (PID=709) to work on /opt/airflow/dags/choose_best_dag.py
[2021-10-24 23:52:54,376] {processor.py:620} INFO - Processing file /opt/airflow/dags/choose_best_dag.py for tasks to queue
[2021-10-24 23:52:54,377] {logging_mixin.py:109} INFO - [2021-10-24 23:52:54,377] {dagbag.py:500} INFO - Filling up the DagBag from /opt/airflow/dags/choose_best_dag.py
[2021-10-24 23:52:54,433] {processor.py:632} INFO - DAG(s) dict_keys(['choose_best_model']) retrieved from /opt/airflow/dags/choose_best_dag.py
[2021-10-24 23:52:54,454] {logging_mixin.py:109} INFO - [2021-10-24 23:52:54,454] {dag.py:2389} INFO - Sync 1 DAGs
[2021-10-24 23:52:54,483] {logging_mixin.py:109} INFO - [2021-10-24 23:52:54,483] {dag.py:2914} INFO - Setting next_dagrun for choose_best_model to 2021-10-23 00:00:00+00:00
[2021-10-24 23:52:54,497] {processor.py:171} INFO - Processing /opt/airflow/dags/choose_best_dag.py took 0.125 seconds
[2021-10-24 23:53:24,696] {processor.py:163} INFO - Started process (PID=774) to work on /opt/airflow/dags/choose_best_dag.py
[2021-10-24 23:53:24,697] {processor.py:620} INFO - Processing file /opt/airflow/dags/choose_best_dag.py for tasks to queue
[2021-10-24 23:53:24,698] {logging_mixin.py:109} INFO - [2021-10-24 23:53:24,697] {dagbag.py:500} INFO - Filling up the DagBag from /opt/airflow/dags/choose_best_dag.py
[2021-10-24 23:53:24,726] {processor.py:632} INFO - DAG(s) dict_keys(['choose_best_model']) retrieved from /opt/airflow/dags/choose_best_dag.py
[2021-10-24 23:53:24,737] {logging_mixin.py:109} INFO - [2021-10-24 23:53:24,737] {dag.py:2389} INFO - Sync 1 DAGs
[2021-10-24 23:53:24,754] {logging_mixin.py:109} INFO - [2021-10-24 23:53:24,754] {dag.py:2914} INFO - Setting next_dagrun for choose_best_model to 2021-10-23 00:00:00+00:00
[2021-10-24 23:53:24,762] {processor.py:171} INFO - Processing /opt/airflow/dags/choose_best_dag.py took 0.069 seconds
[2021-10-24 23:53:55,196] {processor.py:163} INFO - Started process (PID=838) to work on /opt/airflow/dags/choose_best_dag.py
[2021-10-24 23:53:55,202] {processor.py:620} INFO - Processing file /opt/airflow/dags/choose_best_dag.py for tasks to queue
[2021-10-24 23:53:55,205] {logging_mixin.py:109} INFO - [2021-10-24 23:53:55,204] {dagbag.py:500} INFO - Filling up the DagBag from /opt/airflow/dags/choose_best_dag.py
[2021-10-24 23:53:55,288] {processor.py:632} INFO - DAG(s) dict_keys(['choose_best_model']) retrieved from /opt/airflow/dags/choose_best_dag.py
[2021-10-24 23:53:55,308] {logging_mixin.py:109} INFO - [2021-10-24 23:53:55,308] {dag.py:2389} INFO - Sync 1 DAGs
[2021-10-24 23:53:55,338] {logging_mixin.py:109} INFO - [2021-10-24 23:53:55,337] {dag.py:2914} INFO - Setting next_dagrun for choose_best_model to 2021-10-23 00:00:00+00:00
[2021-10-24 23:53:55,356] {processor.py:171} INFO - Processing /opt/airflow/dags/choose_best_dag.py took 0.174 seconds
[2021-10-24 23:54:25,916] {processor.py:163} INFO - Started process (PID=908) to work on /opt/airflow/dags/choose_best_dag.py
[2021-10-24 23:54:25,919] {processor.py:620} INFO - Processing file /opt/airflow/dags/choose_best_dag.py for tasks to queue
[2021-10-24 23:54:25,920] {logging_mixin.py:109} INFO - [2021-10-24 23:54:25,920] {dagbag.py:500} INFO - Filling up the DagBag from /opt/airflow/dags/choose_best_dag.py
[2021-10-24 23:54:25,957] {processor.py:632} INFO - DAG(s) dict_keys(['choose_best_model']) retrieved from /opt/airflow/dags/choose_best_dag.py
[2021-10-24 23:54:25,968] {logging_mixin.py:109} INFO - [2021-10-24 23:54:25,968] {dag.py:2389} INFO - Sync 1 DAGs
[2021-10-24 23:54:25,987] {logging_mixin.py:109} INFO - [2021-10-24 23:54:25,987] {dag.py:2914} INFO - Setting next_dagrun for choose_best_model to 2021-10-23 00:00:00+00:00
[2021-10-24 23:54:25,997] {processor.py:171} INFO - Processing /opt/airflow/dags/choose_best_dag.py took 0.085 seconds
[2021-10-24 23:54:56,094] {processor.py:163} INFO - Started process (PID=983) to work on /opt/airflow/dags/choose_best_dag.py
[2021-10-24 23:54:56,095] {processor.py:620} INFO - Processing file /opt/airflow/dags/choose_best_dag.py for tasks to queue
[2021-10-24 23:54:56,096] {logging_mixin.py:109} INFO - [2021-10-24 23:54:56,096] {dagbag.py:500} INFO - Filling up the DagBag from /opt/airflow/dags/choose_best_dag.py
[2021-10-24 23:54:56,121] {processor.py:632} INFO - DAG(s) dict_keys(['choose_best_model']) retrieved from /opt/airflow/dags/choose_best_dag.py
[2021-10-24 23:54:56,131] {logging_mixin.py:109} INFO - [2021-10-24 23:54:56,131] {dag.py:2389} INFO - Sync 1 DAGs
[2021-10-24 23:54:56,156] {logging_mixin.py:109} INFO - [2021-10-24 23:54:56,155] {dag.py:2914} INFO - Setting next_dagrun for choose_best_model to 2021-10-23 00:00:00+00:00
[2021-10-24 23:54:56,166] {processor.py:171} INFO - Processing /opt/airflow/dags/choose_best_dag.py took 0.074 seconds
[2021-10-24 23:55:26,225] {processor.py:163} INFO - Started process (PID=1047) to work on /opt/airflow/dags/choose_best_dag.py
[2021-10-24 23:55:26,227] {processor.py:620} INFO - Processing file /opt/airflow/dags/choose_best_dag.py for tasks to queue
[2021-10-24 23:55:26,227] {logging_mixin.py:109} INFO - [2021-10-24 23:55:26,227] {dagbag.py:500} INFO - Filling up the DagBag from /opt/airflow/dags/choose_best_dag.py
[2021-10-24 23:55:26,256] {processor.py:632} INFO - DAG(s) dict_keys(['choose_best_model']) retrieved from /opt/airflow/dags/choose_best_dag.py
[2021-10-24 23:55:26,268] {logging_mixin.py:109} INFO - [2021-10-24 23:55:26,268] {dag.py:2389} INFO - Sync 1 DAGs
[2021-10-24 23:55:26,288] {logging_mixin.py:109} INFO - [2021-10-24 23:55:26,287] {dag.py:2914} INFO - Setting next_dagrun for choose_best_model to 2021-10-23 00:00:00+00:00
[2021-10-24 23:55:26,297] {processor.py:171} INFO - Processing /opt/airflow/dags/choose_best_dag.py took 0.075 seconds
[2021-10-24 23:55:56,364] {processor.py:163} INFO - Started process (PID=1111) to work on /opt/airflow/dags/choose_best_dag.py
[2021-10-24 23:55:56,366] {processor.py:620} INFO - Processing file /opt/airflow/dags/choose_best_dag.py for tasks to queue
[2021-10-24 23:55:56,366] {logging_mixin.py:109} INFO - [2021-10-24 23:55:56,366] {dagbag.py:500} INFO - Filling up the DagBag from /opt/airflow/dags/choose_best_dag.py
[2021-10-24 23:55:56,401] {processor.py:632} INFO - DAG(s) dict_keys(['choose_best_model']) retrieved from /opt/airflow/dags/choose_best_dag.py
[2021-10-24 23:55:56,413] {logging_mixin.py:109} INFO - [2021-10-24 23:55:56,412] {dag.py:2389} INFO - Sync 1 DAGs
[2021-10-24 23:55:56,430] {logging_mixin.py:109} INFO - [2021-10-24 23:55:56,429] {dag.py:2914} INFO - Setting next_dagrun for choose_best_model to 2021-10-23 00:00:00+00:00
[2021-10-24 23:55:56,438] {processor.py:171} INFO - Processing /opt/airflow/dags/choose_best_dag.py took 0.077 seconds
[2021-10-24 23:56:26,875] {processor.py:163} INFO - Started process (PID=1186) to work on /opt/airflow/dags/choose_best_dag.py
[2021-10-24 23:56:26,876] {processor.py:620} INFO - Processing file /opt/airflow/dags/choose_best_dag.py for tasks to queue
[2021-10-24 23:56:26,877] {logging_mixin.py:109} INFO - [2021-10-24 23:56:26,877] {dagbag.py:500} INFO - Filling up the DagBag from /opt/airflow/dags/choose_best_dag.py
[2021-10-24 23:56:26,912] {processor.py:632} INFO - DAG(s) dict_keys(['choose_best_model']) retrieved from /opt/airflow/dags/choose_best_dag.py
[2021-10-24 23:56:26,926] {logging_mixin.py:109} INFO - [2021-10-24 23:56:26,926] {dag.py:2389} INFO - Sync 1 DAGs
[2021-10-24 23:56:26,946] {logging_mixin.py:109} INFO - [2021-10-24 23:56:26,946] {dag.py:2914} INFO - Setting next_dagrun for choose_best_model to 2021-10-23 00:00:00+00:00
[2021-10-24 23:56:26,956] {processor.py:171} INFO - Processing /opt/airflow/dags/choose_best_dag.py took 0.084 seconds
[2021-10-24 23:56:57,198] {processor.py:163} INFO - Started process (PID=1250) to work on /opt/airflow/dags/choose_best_dag.py
[2021-10-24 23:56:57,199] {processor.py:620} INFO - Processing file /opt/airflow/dags/choose_best_dag.py for tasks to queue
[2021-10-24 23:56:57,200] {logging_mixin.py:109} INFO - [2021-10-24 23:56:57,200] {dagbag.py:500} INFO - Filling up the DagBag from /opt/airflow/dags/choose_best_dag.py
[2021-10-24 23:56:57,227] {processor.py:632} INFO - DAG(s) dict_keys(['choose_best_model']) retrieved from /opt/airflow/dags/choose_best_dag.py
[2021-10-24 23:56:57,237] {logging_mixin.py:109} INFO - [2021-10-24 23:56:57,237] {dag.py:2389} INFO - Sync 1 DAGs
[2021-10-24 23:56:57,254] {logging_mixin.py:109} INFO - [2021-10-24 23:56:57,254] {dag.py:2914} INFO - Setting next_dagrun for choose_best_model to 2021-10-23 00:00:00+00:00
[2021-10-24 23:56:57,262] {processor.py:171} INFO - Processing /opt/airflow/dags/choose_best_dag.py took 0.068 seconds
[2021-10-24 23:57:27,880] {processor.py:163} INFO - Started process (PID=1325) to work on /opt/airflow/dags/choose_best_dag.py
[2021-10-24 23:57:27,886] {processor.py:620} INFO - Processing file /opt/airflow/dags/choose_best_dag.py for tasks to queue
[2021-10-24 23:57:27,886] {logging_mixin.py:109} INFO - [2021-10-24 23:57:27,886] {dagbag.py:500} INFO - Filling up the DagBag from /opt/airflow/dags/choose_best_dag.py
[2021-10-24 23:57:27,916] {processor.py:632} INFO - DAG(s) dict_keys(['choose_best_model']) retrieved from /opt/airflow/dags/choose_best_dag.py
[2021-10-24 23:57:27,937] {logging_mixin.py:109} INFO - [2021-10-24 23:57:27,937] {dag.py:2389} INFO - Sync 1 DAGs
[2021-10-24 23:57:27,959] {logging_mixin.py:109} INFO - [2021-10-24 23:57:27,959] {dag.py:2914} INFO - Setting next_dagrun for choose_best_model to 2021-10-23 00:00:00+00:00
[2021-10-24 23:57:27,967] {processor.py:171} INFO - Processing /opt/airflow/dags/choose_best_dag.py took 0.089 seconds
[2021-10-24 23:57:58,022] {processor.py:163} INFO - Started process (PID=1391) to work on /opt/airflow/dags/choose_best_dag.py
[2021-10-24 23:57:58,024] {processor.py:620} INFO - Processing file /opt/airflow/dags/choose_best_dag.py for tasks to queue
[2021-10-24 23:57:58,024] {logging_mixin.py:109} INFO - [2021-10-24 23:57:58,024] {dagbag.py:500} INFO - Filling up the DagBag from /opt/airflow/dags/choose_best_dag.py
[2021-10-24 23:57:58,068] {processor.py:632} INFO - DAG(s) dict_keys(['choose_best_model']) retrieved from /opt/airflow/dags/choose_best_dag.py
[2021-10-24 23:57:58,090] {logging_mixin.py:109} INFO - [2021-10-24 23:57:58,090] {dag.py:2389} INFO - Sync 1 DAGs
[2021-10-24 23:57:58,117] {logging_mixin.py:109} INFO - [2021-10-24 23:57:58,117] {dag.py:2914} INFO - Setting next_dagrun for choose_best_model to 2021-10-23 00:00:00+00:00
[2021-10-24 23:57:58,130] {processor.py:171} INFO - Processing /opt/airflow/dags/choose_best_dag.py took 0.112 seconds
[2021-10-24 23:58:28,528] {processor.py:163} INFO - Started process (PID=1458) to work on /opt/airflow/dags/choose_best_dag.py
[2021-10-24 23:58:28,529] {processor.py:620} INFO - Processing file /opt/airflow/dags/choose_best_dag.py for tasks to queue
[2021-10-24 23:58:28,530] {logging_mixin.py:109} INFO - [2021-10-24 23:58:28,530] {dagbag.py:500} INFO - Filling up the DagBag from /opt/airflow/dags/choose_best_dag.py
[2021-10-24 23:58:28,563] {processor.py:632} INFO - DAG(s) dict_keys(['choose_best_model']) retrieved from /opt/airflow/dags/choose_best_dag.py
[2021-10-24 23:58:28,579] {logging_mixin.py:109} INFO - [2021-10-24 23:58:28,579] {dag.py:2389} INFO - Sync 1 DAGs
[2021-10-24 23:58:28,602] {logging_mixin.py:109} INFO - [2021-10-24 23:58:28,602] {dag.py:2914} INFO - Setting next_dagrun for choose_best_model to 2021-10-23 00:00:00+00:00
[2021-10-24 23:58:28,613] {processor.py:171} INFO - Processing /opt/airflow/dags/choose_best_dag.py took 0.088 seconds
[2021-10-24 23:58:58,862] {processor.py:163} INFO - Started process (PID=1523) to work on /opt/airflow/dags/choose_best_dag.py
[2021-10-24 23:58:58,865] {processor.py:620} INFO - Processing file /opt/airflow/dags/choose_best_dag.py for tasks to queue
[2021-10-24 23:58:58,866] {logging_mixin.py:109} INFO - [2021-10-24 23:58:58,866] {dagbag.py:500} INFO - Filling up the DagBag from /opt/airflow/dags/choose_best_dag.py
[2021-10-24 23:58:58,941] {processor.py:632} INFO - DAG(s) dict_keys(['choose_best_model']) retrieved from /opt/airflow/dags/choose_best_dag.py
[2021-10-24 23:58:58,966] {logging_mixin.py:109} INFO - [2021-10-24 23:58:58,966] {dag.py:2389} INFO - Sync 1 DAGs
[2021-10-24 23:58:58,992] {logging_mixin.py:109} INFO - [2021-10-24 23:58:58,992] {dag.py:2914} INFO - Setting next_dagrun for choose_best_model to 2021-10-23 00:00:00+00:00
[2021-10-24 23:58:59,007] {processor.py:171} INFO - Processing /opt/airflow/dags/choose_best_dag.py took 0.151 seconds
[2021-10-24 23:59:29,250] {processor.py:163} INFO - Started process (PID=1600) to work on /opt/airflow/dags/choose_best_dag.py
[2021-10-24 23:59:29,252] {processor.py:620} INFO - Processing file /opt/airflow/dags/choose_best_dag.py for tasks to queue
[2021-10-24 23:59:29,252] {logging_mixin.py:109} INFO - [2021-10-24 23:59:29,252] {dagbag.py:500} INFO - Filling up the DagBag from /opt/airflow/dags/choose_best_dag.py
[2021-10-24 23:59:29,292] {processor.py:632} INFO - DAG(s) dict_keys(['choose_best_model']) retrieved from /opt/airflow/dags/choose_best_dag.py
[2021-10-24 23:59:29,310] {logging_mixin.py:109} INFO - [2021-10-24 23:59:29,310] {dag.py:2389} INFO - Sync 1 DAGs
[2021-10-24 23:59:29,339] {logging_mixin.py:109} INFO - [2021-10-24 23:59:29,339] {dag.py:2914} INFO - Setting next_dagrun for choose_best_model to 2021-10-23 00:00:00+00:00
[2021-10-24 23:59:29,352] {processor.py:171} INFO - Processing /opt/airflow/dags/choose_best_dag.py took 0.105 seconds
[2021-10-24 23:59:59,799] {processor.py:163} INFO - Started process (PID=1664) to work on /opt/airflow/dags/choose_best_dag.py
[2021-10-24 23:59:59,801] {processor.py:620} INFO - Processing file /opt/airflow/dags/choose_best_dag.py for tasks to queue
[2021-10-24 23:59:59,802] {logging_mixin.py:109} INFO - [2021-10-24 23:59:59,802] {dagbag.py:500} INFO - Filling up the DagBag from /opt/airflow/dags/choose_best_dag.py
[2021-10-24 23:59:59,840] {processor.py:632} INFO - DAG(s) dict_keys(['choose_best_model']) retrieved from /opt/airflow/dags/choose_best_dag.py
[2021-10-24 23:59:59,859] {logging_mixin.py:109} INFO - [2021-10-24 23:59:59,858] {dag.py:2389} INFO - Sync 1 DAGs
[2021-10-24 23:59:59,885] {logging_mixin.py:109} INFO - [2021-10-24 23:59:59,885] {dag.py:2914} INFO - Setting next_dagrun for choose_best_model to 2021-10-23 00:00:00+00:00
[2021-10-24 23:59:59,897] {processor.py:171} INFO - Processing /opt/airflow/dags/choose_best_dag.py took 0.101 seconds
