[2021-10-24 22:55:12,515] {processor.py:163} INFO - Started process (PID=45) to work on /opt/airflow/dags/postgres_hook_dag.py
[2021-10-24 22:55:12,517] {processor.py:620} INFO - Processing file /opt/airflow/dags/postgres_hook_dag.py for tasks to queue
[2021-10-24 22:55:12,517] {logging_mixin.py:109} INFO - [2021-10-24 22:55:12,517] {dagbag.py:500} INFO - Filling up the DagBag from /opt/airflow/dags/postgres_hook_dag.py
[2021-10-24 22:55:12,798] {processor.py:632} INFO - DAG(s) dict_keys(['postgres_hook_dag']) retrieved from /opt/airflow/dags/postgres_hook_dag.py
[2021-10-24 22:55:12,810] {logging_mixin.py:109} INFO - [2021-10-24 22:55:12,810] {dag.py:2389} INFO - Sync 1 DAGs
[2021-10-24 22:55:12,828] {logging_mixin.py:109} INFO - [2021-10-24 22:55:12,828] {dag.py:2914} INFO - Setting next_dagrun for postgres_hook_dag to None
[2021-10-24 22:55:12,838] {processor.py:171} INFO - Processing /opt/airflow/dags/postgres_hook_dag.py took 0.326 seconds
[2021-10-24 22:55:43,045] {processor.py:163} INFO - Started process (PID=109) to work on /opt/airflow/dags/postgres_hook_dag.py
[2021-10-24 22:55:43,046] {processor.py:620} INFO - Processing file /opt/airflow/dags/postgres_hook_dag.py for tasks to queue
[2021-10-24 22:55:43,046] {logging_mixin.py:109} INFO - [2021-10-24 22:55:43,046] {dagbag.py:500} INFO - Filling up the DagBag from /opt/airflow/dags/postgres_hook_dag.py
[2021-10-24 22:55:43,073] {processor.py:632} INFO - DAG(s) dict_keys(['postgres_hook_dag']) retrieved from /opt/airflow/dags/postgres_hook_dag.py
[2021-10-24 22:55:43,081] {logging_mixin.py:109} INFO - [2021-10-24 22:55:43,081] {dag.py:2389} INFO - Sync 1 DAGs
[2021-10-24 22:55:43,095] {logging_mixin.py:109} INFO - [2021-10-24 22:55:43,095] {dag.py:2914} INFO - Setting next_dagrun for postgres_hook_dag to None
[2021-10-24 22:55:43,101] {processor.py:171} INFO - Processing /opt/airflow/dags/postgres_hook_dag.py took 0.059 seconds
[2021-10-24 22:56:13,371] {processor.py:163} INFO - Started process (PID=183) to work on /opt/airflow/dags/postgres_hook_dag.py
[2021-10-24 22:56:13,373] {processor.py:620} INFO - Processing file /opt/airflow/dags/postgres_hook_dag.py for tasks to queue
[2021-10-24 22:56:13,374] {logging_mixin.py:109} INFO - [2021-10-24 22:56:13,374] {dagbag.py:500} INFO - Filling up the DagBag from /opt/airflow/dags/postgres_hook_dag.py
[2021-10-24 22:56:13,410] {processor.py:632} INFO - DAG(s) dict_keys(['postgres_hook_dag']) retrieved from /opt/airflow/dags/postgres_hook_dag.py
[2021-10-24 22:56:13,421] {logging_mixin.py:109} INFO - [2021-10-24 22:56:13,420] {dag.py:2389} INFO - Sync 1 DAGs
[2021-10-24 22:56:13,437] {logging_mixin.py:109} INFO - [2021-10-24 22:56:13,437] {dag.py:2914} INFO - Setting next_dagrun for postgres_hook_dag to None
[2021-10-24 22:56:13,446] {processor.py:171} INFO - Processing /opt/airflow/dags/postgres_hook_dag.py took 0.080 seconds
[2021-10-24 22:57:25,618] {processor.py:163} INFO - Started process (PID=45) to work on /opt/airflow/dags/postgres_hook_dag.py
[2021-10-24 22:57:25,619] {processor.py:620} INFO - Processing file /opt/airflow/dags/postgres_hook_dag.py for tasks to queue
[2021-10-24 22:57:25,620] {logging_mixin.py:109} INFO - [2021-10-24 22:57:25,620] {dagbag.py:500} INFO - Filling up the DagBag from /opt/airflow/dags/postgres_hook_dag.py
[2021-10-24 22:57:25,786] {processor.py:632} INFO - DAG(s) dict_keys(['postgres_hook_dag']) retrieved from /opt/airflow/dags/postgres_hook_dag.py
[2021-10-24 22:57:25,796] {logging_mixin.py:109} INFO - [2021-10-24 22:57:25,796] {dag.py:2389} INFO - Sync 1 DAGs
[2021-10-24 22:57:25,814] {logging_mixin.py:109} INFO - [2021-10-24 22:57:25,813] {dag.py:2914} INFO - Setting next_dagrun for postgres_hook_dag to None
[2021-10-24 22:57:25,823] {processor.py:171} INFO - Processing /opt/airflow/dags/postgres_hook_dag.py took 0.209 seconds
[2021-10-24 22:57:56,010] {processor.py:163} INFO - Started process (PID=108) to work on /opt/airflow/dags/postgres_hook_dag.py
[2021-10-24 22:57:56,011] {processor.py:620} INFO - Processing file /opt/airflow/dags/postgres_hook_dag.py for tasks to queue
[2021-10-24 22:57:56,012] {logging_mixin.py:109} INFO - [2021-10-24 22:57:56,012] {dagbag.py:500} INFO - Filling up the DagBag from /opt/airflow/dags/postgres_hook_dag.py
[2021-10-24 22:57:56,045] {processor.py:632} INFO - DAG(s) dict_keys(['postgres_hook_dag']) retrieved from /opt/airflow/dags/postgres_hook_dag.py
[2021-10-24 22:57:56,054] {logging_mixin.py:109} INFO - [2021-10-24 22:57:56,054] {dag.py:2389} INFO - Sync 1 DAGs
[2021-10-24 22:57:56,071] {logging_mixin.py:109} INFO - [2021-10-24 22:57:56,070] {dag.py:2914} INFO - Setting next_dagrun for postgres_hook_dag to None
[2021-10-24 22:57:56,078] {processor.py:171} INFO - Processing /opt/airflow/dags/postgres_hook_dag.py took 0.072 seconds
[2021-10-24 22:58:26,632] {processor.py:163} INFO - Started process (PID=183) to work on /opt/airflow/dags/postgres_hook_dag.py
[2021-10-24 22:58:26,634] {processor.py:620} INFO - Processing file /opt/airflow/dags/postgres_hook_dag.py for tasks to queue
[2021-10-24 22:58:26,635] {logging_mixin.py:109} INFO - [2021-10-24 22:58:26,635] {dagbag.py:500} INFO - Filling up the DagBag from /opt/airflow/dags/postgres_hook_dag.py
[2021-10-24 22:58:26,672] {processor.py:632} INFO - DAG(s) dict_keys(['postgres_hook_dag']) retrieved from /opt/airflow/dags/postgres_hook_dag.py
[2021-10-24 22:58:26,685] {logging_mixin.py:109} INFO - [2021-10-24 22:58:26,685] {dag.py:2389} INFO - Sync 1 DAGs
[2021-10-24 22:58:26,720] {logging_mixin.py:109} INFO - [2021-10-24 22:58:26,720] {dag.py:2914} INFO - Setting next_dagrun for postgres_hook_dag to None
[2021-10-24 22:58:26,730] {processor.py:171} INFO - Processing /opt/airflow/dags/postgres_hook_dag.py took 0.101 seconds
[2021-10-24 22:58:56,826] {processor.py:163} INFO - Started process (PID=247) to work on /opt/airflow/dags/postgres_hook_dag.py
[2021-10-24 22:58:56,829] {processor.py:620} INFO - Processing file /opt/airflow/dags/postgres_hook_dag.py for tasks to queue
[2021-10-24 22:58:56,831] {logging_mixin.py:109} INFO - [2021-10-24 22:58:56,831] {dagbag.py:500} INFO - Filling up the DagBag from /opt/airflow/dags/postgres_hook_dag.py
[2021-10-24 22:58:56,890] {processor.py:632} INFO - DAG(s) dict_keys(['postgres_hook_dag']) retrieved from /opt/airflow/dags/postgres_hook_dag.py
[2021-10-24 22:58:56,899] {logging_mixin.py:109} INFO - [2021-10-24 22:58:56,899] {dag.py:2389} INFO - Sync 1 DAGs
[2021-10-24 22:58:56,916] {logging_mixin.py:109} INFO - [2021-10-24 22:58:56,916] {dag.py:2914} INFO - Setting next_dagrun for postgres_hook_dag to None
[2021-10-24 22:58:56,927] {processor.py:171} INFO - Processing /opt/airflow/dags/postgres_hook_dag.py took 0.111 seconds
[2021-10-24 22:59:27,647] {processor.py:163} INFO - Started process (PID=322) to work on /opt/airflow/dags/postgres_hook_dag.py
[2021-10-24 22:59:27,648] {processor.py:620} INFO - Processing file /opt/airflow/dags/postgres_hook_dag.py for tasks to queue
[2021-10-24 22:59:27,649] {logging_mixin.py:109} INFO - [2021-10-24 22:59:27,649] {dagbag.py:500} INFO - Filling up the DagBag from /opt/airflow/dags/postgres_hook_dag.py
[2021-10-24 22:59:27,680] {processor.py:632} INFO - DAG(s) dict_keys(['postgres_hook_dag']) retrieved from /opt/airflow/dags/postgres_hook_dag.py
[2021-10-24 22:59:27,689] {logging_mixin.py:109} INFO - [2021-10-24 22:59:27,689] {dag.py:2389} INFO - Sync 1 DAGs
[2021-10-24 22:59:27,711] {logging_mixin.py:109} INFO - [2021-10-24 22:59:27,711] {dag.py:2914} INFO - Setting next_dagrun for postgres_hook_dag to None
[2021-10-24 22:59:27,721] {processor.py:171} INFO - Processing /opt/airflow/dags/postgres_hook_dag.py took 0.077 seconds
[2021-10-24 23:47:47,944] {processor.py:163} INFO - Started process (PID=45) to work on /opt/airflow/dags/postgres_hook_dag.py
[2021-10-24 23:47:47,946] {processor.py:620} INFO - Processing file /opt/airflow/dags/postgres_hook_dag.py for tasks to queue
[2021-10-24 23:47:47,946] {logging_mixin.py:109} INFO - [2021-10-24 23:47:47,946] {dagbag.py:500} INFO - Filling up the DagBag from /opt/airflow/dags/postgres_hook_dag.py
[2021-10-24 23:47:48,157] {processor.py:632} INFO - DAG(s) dict_keys(['postgres_hook_dag']) retrieved from /opt/airflow/dags/postgres_hook_dag.py
[2021-10-24 23:47:48,178] {logging_mixin.py:109} INFO - [2021-10-24 23:47:48,177] {dag.py:2389} INFO - Sync 1 DAGs
[2021-10-24 23:47:48,204] {logging_mixin.py:109} INFO - [2021-10-24 23:47:48,204] {dag.py:2914} INFO - Setting next_dagrun for postgres_hook_dag to None
[2021-10-24 23:47:48,218] {processor.py:171} INFO - Processing /opt/airflow/dags/postgres_hook_dag.py took 0.283 seconds
[2021-10-24 23:48:19,024] {processor.py:163} INFO - Started process (PID=109) to work on /opt/airflow/dags/postgres_hook_dag.py
[2021-10-24 23:48:19,025] {processor.py:620} INFO - Processing file /opt/airflow/dags/postgres_hook_dag.py for tasks to queue
[2021-10-24 23:48:19,027] {logging_mixin.py:109} INFO - [2021-10-24 23:48:19,027] {dagbag.py:500} INFO - Filling up the DagBag from /opt/airflow/dags/postgres_hook_dag.py
[2021-10-24 23:48:19,112] {processor.py:632} INFO - DAG(s) dict_keys(['postgres_hook_dag']) retrieved from /opt/airflow/dags/postgres_hook_dag.py
[2021-10-24 23:48:19,129] {logging_mixin.py:109} INFO - [2021-10-24 23:48:19,129] {dag.py:2389} INFO - Sync 1 DAGs
[2021-10-24 23:48:19,155] {logging_mixin.py:109} INFO - [2021-10-24 23:48:19,154] {dag.py:2914} INFO - Setting next_dagrun for postgres_hook_dag to None
[2021-10-24 23:48:19,174] {processor.py:171} INFO - Processing /opt/airflow/dags/postgres_hook_dag.py took 0.154 seconds
[2021-10-24 23:48:49,442] {processor.py:163} INFO - Started process (PID=175) to work on /opt/airflow/dags/postgres_hook_dag.py
[2021-10-24 23:48:49,444] {processor.py:620} INFO - Processing file /opt/airflow/dags/postgres_hook_dag.py for tasks to queue
[2021-10-24 23:48:49,444] {logging_mixin.py:109} INFO - [2021-10-24 23:48:49,444] {dagbag.py:500} INFO - Filling up the DagBag from /opt/airflow/dags/postgres_hook_dag.py
[2021-10-24 23:48:49,518] {processor.py:632} INFO - DAG(s) dict_keys(['postgres_hook_dag']) retrieved from /opt/airflow/dags/postgres_hook_dag.py
[2021-10-24 23:48:49,535] {logging_mixin.py:109} INFO - [2021-10-24 23:48:49,535] {dag.py:2389} INFO - Sync 1 DAGs
[2021-10-24 23:48:49,559] {logging_mixin.py:109} INFO - [2021-10-24 23:48:49,559] {dag.py:2914} INFO - Setting next_dagrun for postgres_hook_dag to None
[2021-10-24 23:48:49,579] {processor.py:171} INFO - Processing /opt/airflow/dags/postgres_hook_dag.py took 0.142 seconds
[2021-10-24 23:49:19,804] {processor.py:163} INFO - Started process (PID=240) to work on /opt/airflow/dags/postgres_hook_dag.py
[2021-10-24 23:49:19,806] {processor.py:620} INFO - Processing file /opt/airflow/dags/postgres_hook_dag.py for tasks to queue
[2021-10-24 23:49:19,806] {logging_mixin.py:109} INFO - [2021-10-24 23:49:19,806] {dagbag.py:500} INFO - Filling up the DagBag from /opt/airflow/dags/postgres_hook_dag.py
[2021-10-24 23:49:19,865] {processor.py:632} INFO - DAG(s) dict_keys(['postgres_hook_dag']) retrieved from /opt/airflow/dags/postgres_hook_dag.py
[2021-10-24 23:49:19,885] {logging_mixin.py:109} INFO - [2021-10-24 23:49:19,885] {dag.py:2389} INFO - Sync 1 DAGs
[2021-10-24 23:49:19,913] {logging_mixin.py:109} INFO - [2021-10-24 23:49:19,913] {dag.py:2914} INFO - Setting next_dagrun for postgres_hook_dag to None
[2021-10-24 23:49:19,926] {processor.py:171} INFO - Processing /opt/airflow/dags/postgres_hook_dag.py took 0.125 seconds
[2021-10-24 23:49:49,983] {processor.py:163} INFO - Started process (PID=304) to work on /opt/airflow/dags/postgres_hook_dag.py
[2021-10-24 23:49:49,984] {processor.py:620} INFO - Processing file /opt/airflow/dags/postgres_hook_dag.py for tasks to queue
[2021-10-24 23:49:49,985] {logging_mixin.py:109} INFO - [2021-10-24 23:49:49,985] {dagbag.py:500} INFO - Filling up the DagBag from /opt/airflow/dags/postgres_hook_dag.py
[2021-10-24 23:49:50,028] {processor.py:632} INFO - DAG(s) dict_keys(['postgres_hook_dag']) retrieved from /opt/airflow/dags/postgres_hook_dag.py
[2021-10-24 23:49:50,041] {logging_mixin.py:109} INFO - [2021-10-24 23:49:50,041] {dag.py:2389} INFO - Sync 1 DAGs
[2021-10-24 23:49:50,061] {logging_mixin.py:109} INFO - [2021-10-24 23:49:50,061] {dag.py:2914} INFO - Setting next_dagrun for postgres_hook_dag to None
[2021-10-24 23:49:50,073] {processor.py:171} INFO - Processing /opt/airflow/dags/postgres_hook_dag.py took 0.095 seconds
[2021-10-24 23:50:20,740] {processor.py:163} INFO - Started process (PID=368) to work on /opt/airflow/dags/postgres_hook_dag.py
[2021-10-24 23:50:20,741] {processor.py:620} INFO - Processing file /opt/airflow/dags/postgres_hook_dag.py for tasks to queue
[2021-10-24 23:50:20,742] {logging_mixin.py:109} INFO - [2021-10-24 23:50:20,742] {dagbag.py:500} INFO - Filling up the DagBag from /opt/airflow/dags/postgres_hook_dag.py
[2021-10-24 23:50:20,790] {processor.py:632} INFO - DAG(s) dict_keys(['postgres_hook_dag']) retrieved from /opt/airflow/dags/postgres_hook_dag.py
[2021-10-24 23:50:20,807] {logging_mixin.py:109} INFO - [2021-10-24 23:50:20,807] {dag.py:2389} INFO - Sync 1 DAGs
[2021-10-24 23:50:20,832] {logging_mixin.py:109} INFO - [2021-10-24 23:50:20,832] {dag.py:2914} INFO - Setting next_dagrun for postgres_hook_dag to None
[2021-10-24 23:50:20,852] {processor.py:171} INFO - Processing /opt/airflow/dags/postgres_hook_dag.py took 0.121 seconds
[2021-10-24 23:50:50,895] {processor.py:163} INFO - Started process (PID=434) to work on /opt/airflow/dags/postgres_hook_dag.py
[2021-10-24 23:50:50,898] {processor.py:620} INFO - Processing file /opt/airflow/dags/postgres_hook_dag.py for tasks to queue
[2021-10-24 23:50:50,900] {logging_mixin.py:109} INFO - [2021-10-24 23:50:50,900] {dagbag.py:500} INFO - Filling up the DagBag from /opt/airflow/dags/postgres_hook_dag.py
[2021-10-24 23:50:50,971] {processor.py:632} INFO - DAG(s) dict_keys(['postgres_hook_dag']) retrieved from /opt/airflow/dags/postgres_hook_dag.py
[2021-10-24 23:50:51,002] {logging_mixin.py:109} INFO - [2021-10-24 23:50:51,002] {dag.py:2389} INFO - Sync 1 DAGs
[2021-10-24 23:50:51,043] {logging_mixin.py:109} INFO - [2021-10-24 23:50:51,043] {dag.py:2914} INFO - Setting next_dagrun for postgres_hook_dag to None
[2021-10-24 23:50:51,054] {processor.py:171} INFO - Processing /opt/airflow/dags/postgres_hook_dag.py took 0.164 seconds
[2021-10-24 23:51:22,090] {processor.py:163} INFO - Started process (PID=514) to work on /opt/airflow/dags/postgres_hook_dag.py
[2021-10-24 23:51:22,092] {processor.py:620} INFO - Processing file /opt/airflow/dags/postgres_hook_dag.py for tasks to queue
[2021-10-24 23:51:22,093] {logging_mixin.py:109} INFO - [2021-10-24 23:51:22,093] {dagbag.py:500} INFO - Filling up the DagBag from /opt/airflow/dags/postgres_hook_dag.py
[2021-10-24 23:51:22,146] {processor.py:632} INFO - DAG(s) dict_keys(['postgres_hook_dag']) retrieved from /opt/airflow/dags/postgres_hook_dag.py
[2021-10-24 23:51:22,174] {logging_mixin.py:109} INFO - [2021-10-24 23:51:22,173] {dag.py:2389} INFO - Sync 1 DAGs
[2021-10-24 23:51:22,207] {logging_mixin.py:109} INFO - [2021-10-24 23:51:22,206] {dag.py:2914} INFO - Setting next_dagrun for postgres_hook_dag to None
[2021-10-24 23:51:22,220] {processor.py:171} INFO - Processing /opt/airflow/dags/postgres_hook_dag.py took 0.136 seconds
[2021-10-24 23:51:53,189] {processor.py:163} INFO - Started process (PID=579) to work on /opt/airflow/dags/postgres_hook_dag.py
[2021-10-24 23:51:53,190] {processor.py:620} INFO - Processing file /opt/airflow/dags/postgres_hook_dag.py for tasks to queue
[2021-10-24 23:51:53,191] {logging_mixin.py:109} INFO - [2021-10-24 23:51:53,191] {dagbag.py:500} INFO - Filling up the DagBag from /opt/airflow/dags/postgres_hook_dag.py
[2021-10-24 23:51:53,250] {processor.py:632} INFO - DAG(s) dict_keys(['postgres_hook_dag']) retrieved from /opt/airflow/dags/postgres_hook_dag.py
[2021-10-24 23:51:53,268] {logging_mixin.py:109} INFO - [2021-10-24 23:51:53,268] {dag.py:2389} INFO - Sync 1 DAGs
[2021-10-24 23:51:53,297] {logging_mixin.py:109} INFO - [2021-10-24 23:51:53,297] {dag.py:2914} INFO - Setting next_dagrun for postgres_hook_dag to None
[2021-10-24 23:51:53,315] {processor.py:171} INFO - Processing /opt/airflow/dags/postgres_hook_dag.py took 0.131 seconds
[2021-10-24 23:52:24,027] {processor.py:163} INFO - Started process (PID=643) to work on /opt/airflow/dags/postgres_hook_dag.py
[2021-10-24 23:52:24,029] {processor.py:620} INFO - Processing file /opt/airflow/dags/postgres_hook_dag.py for tasks to queue
[2021-10-24 23:52:24,029] {logging_mixin.py:109} INFO - [2021-10-24 23:52:24,029] {dagbag.py:500} INFO - Filling up the DagBag from /opt/airflow/dags/postgres_hook_dag.py
[2021-10-24 23:52:24,088] {processor.py:632} INFO - DAG(s) dict_keys(['postgres_hook_dag']) retrieved from /opt/airflow/dags/postgres_hook_dag.py
[2021-10-24 23:52:24,104] {logging_mixin.py:109} INFO - [2021-10-24 23:52:24,103] {dag.py:2389} INFO - Sync 1 DAGs
[2021-10-24 23:52:24,132] {logging_mixin.py:109} INFO - [2021-10-24 23:52:24,131] {dag.py:2914} INFO - Setting next_dagrun for postgres_hook_dag to None
[2021-10-24 23:52:24,147] {processor.py:171} INFO - Processing /opt/airflow/dags/postgres_hook_dag.py took 0.124 seconds
[2021-10-24 23:52:54,371] {processor.py:163} INFO - Started process (PID=708) to work on /opt/airflow/dags/postgres_hook_dag.py
[2021-10-24 23:52:54,372] {processor.py:620} INFO - Processing file /opt/airflow/dags/postgres_hook_dag.py for tasks to queue
[2021-10-24 23:52:54,373] {logging_mixin.py:109} INFO - [2021-10-24 23:52:54,373] {dagbag.py:500} INFO - Filling up the DagBag from /opt/airflow/dags/postgres_hook_dag.py
[2021-10-24 23:52:54,430] {processor.py:632} INFO - DAG(s) dict_keys(['postgres_hook_dag']) retrieved from /opt/airflow/dags/postgres_hook_dag.py
[2021-10-24 23:52:54,448] {logging_mixin.py:109} INFO - [2021-10-24 23:52:54,448] {dag.py:2389} INFO - Sync 1 DAGs
[2021-10-24 23:52:54,473] {logging_mixin.py:109} INFO - [2021-10-24 23:52:54,473] {dag.py:2914} INFO - Setting next_dagrun for postgres_hook_dag to None
[2021-10-24 23:52:54,493] {processor.py:171} INFO - Processing /opt/airflow/dags/postgres_hook_dag.py took 0.126 seconds
[2021-10-24 23:53:24,692] {processor.py:163} INFO - Started process (PID=773) to work on /opt/airflow/dags/postgres_hook_dag.py
[2021-10-24 23:53:24,693] {processor.py:620} INFO - Processing file /opt/airflow/dags/postgres_hook_dag.py for tasks to queue
[2021-10-24 23:53:24,694] {logging_mixin.py:109} INFO - [2021-10-24 23:53:24,694] {dagbag.py:500} INFO - Filling up the DagBag from /opt/airflow/dags/postgres_hook_dag.py
[2021-10-24 23:53:24,724] {processor.py:632} INFO - DAG(s) dict_keys(['postgres_hook_dag']) retrieved from /opt/airflow/dags/postgres_hook_dag.py
[2021-10-24 23:53:24,737] {logging_mixin.py:109} INFO - [2021-10-24 23:53:24,737] {dag.py:2389} INFO - Sync 1 DAGs
[2021-10-24 23:53:24,758] {logging_mixin.py:109} INFO - [2021-10-24 23:53:24,758] {dag.py:2914} INFO - Setting next_dagrun for postgres_hook_dag to None
[2021-10-24 23:53:24,767] {processor.py:171} INFO - Processing /opt/airflow/dags/postgres_hook_dag.py took 0.078 seconds
[2021-10-24 23:53:55,181] {processor.py:163} INFO - Started process (PID=837) to work on /opt/airflow/dags/postgres_hook_dag.py
[2021-10-24 23:53:55,194] {processor.py:620} INFO - Processing file /opt/airflow/dags/postgres_hook_dag.py for tasks to queue
[2021-10-24 23:53:55,197] {logging_mixin.py:109} INFO - [2021-10-24 23:53:55,196] {dagbag.py:500} INFO - Filling up the DagBag from /opt/airflow/dags/postgres_hook_dag.py
[2021-10-24 23:53:55,281] {processor.py:632} INFO - DAG(s) dict_keys(['postgres_hook_dag']) retrieved from /opt/airflow/dags/postgres_hook_dag.py
[2021-10-24 23:53:55,312] {logging_mixin.py:109} INFO - [2021-10-24 23:53:55,312] {dag.py:2389} INFO - Sync 1 DAGs
[2021-10-24 23:53:55,339] {logging_mixin.py:109} INFO - [2021-10-24 23:53:55,339] {dag.py:2914} INFO - Setting next_dagrun for postgres_hook_dag to None
[2021-10-24 23:53:55,356] {processor.py:171} INFO - Processing /opt/airflow/dags/postgres_hook_dag.py took 0.185 seconds
[2021-10-24 23:54:25,910] {processor.py:163} INFO - Started process (PID=907) to work on /opt/airflow/dags/postgres_hook_dag.py
[2021-10-24 23:54:25,912] {processor.py:620} INFO - Processing file /opt/airflow/dags/postgres_hook_dag.py for tasks to queue
[2021-10-24 23:54:25,913] {logging_mixin.py:109} INFO - [2021-10-24 23:54:25,913] {dagbag.py:500} INFO - Filling up the DagBag from /opt/airflow/dags/postgres_hook_dag.py
[2021-10-24 23:54:25,950] {processor.py:632} INFO - DAG(s) dict_keys(['postgres_hook_dag']) retrieved from /opt/airflow/dags/postgres_hook_dag.py
[2021-10-24 23:54:25,960] {logging_mixin.py:109} INFO - [2021-10-24 23:54:25,960] {dag.py:2389} INFO - Sync 1 DAGs
[2021-10-24 23:54:25,976] {logging_mixin.py:109} INFO - [2021-10-24 23:54:25,976] {dag.py:2914} INFO - Setting next_dagrun for postgres_hook_dag to None
[2021-10-24 23:54:25,985] {processor.py:171} INFO - Processing /opt/airflow/dags/postgres_hook_dag.py took 0.078 seconds
[2021-10-24 23:54:56,091] {processor.py:163} INFO - Started process (PID=982) to work on /opt/airflow/dags/postgres_hook_dag.py
[2021-10-24 23:54:56,092] {processor.py:620} INFO - Processing file /opt/airflow/dags/postgres_hook_dag.py for tasks to queue
[2021-10-24 23:54:56,093] {logging_mixin.py:109} INFO - [2021-10-24 23:54:56,092] {dagbag.py:500} INFO - Filling up the DagBag from /opt/airflow/dags/postgres_hook_dag.py
[2021-10-24 23:54:56,121] {processor.py:632} INFO - DAG(s) dict_keys(['postgres_hook_dag']) retrieved from /opt/airflow/dags/postgres_hook_dag.py
[2021-10-24 23:54:56,132] {logging_mixin.py:109} INFO - [2021-10-24 23:54:56,132] {dag.py:2389} INFO - Sync 1 DAGs
[2021-10-24 23:54:56,154] {logging_mixin.py:109} INFO - [2021-10-24 23:54:56,154] {dag.py:2914} INFO - Setting next_dagrun for postgres_hook_dag to None
[2021-10-24 23:54:56,165] {processor.py:171} INFO - Processing /opt/airflow/dags/postgres_hook_dag.py took 0.076 seconds
[2021-10-24 23:55:26,222] {processor.py:163} INFO - Started process (PID=1046) to work on /opt/airflow/dags/postgres_hook_dag.py
[2021-10-24 23:55:26,223] {processor.py:620} INFO - Processing file /opt/airflow/dags/postgres_hook_dag.py for tasks to queue
[2021-10-24 23:55:26,224] {logging_mixin.py:109} INFO - [2021-10-24 23:55:26,224] {dagbag.py:500} INFO - Filling up the DagBag from /opt/airflow/dags/postgres_hook_dag.py
[2021-10-24 23:55:26,254] {processor.py:632} INFO - DAG(s) dict_keys(['postgres_hook_dag']) retrieved from /opt/airflow/dags/postgres_hook_dag.py
[2021-10-24 23:55:26,266] {logging_mixin.py:109} INFO - [2021-10-24 23:55:26,265] {dag.py:2389} INFO - Sync 1 DAGs
[2021-10-24 23:55:26,282] {logging_mixin.py:109} INFO - [2021-10-24 23:55:26,282] {dag.py:2914} INFO - Setting next_dagrun for postgres_hook_dag to None
[2021-10-24 23:55:26,291] {processor.py:171} INFO - Processing /opt/airflow/dags/postgres_hook_dag.py took 0.072 seconds
[2021-10-24 23:55:56,360] {processor.py:163} INFO - Started process (PID=1110) to work on /opt/airflow/dags/postgres_hook_dag.py
[2021-10-24 23:55:56,362] {processor.py:620} INFO - Processing file /opt/airflow/dags/postgres_hook_dag.py for tasks to queue
[2021-10-24 23:55:56,363] {logging_mixin.py:109} INFO - [2021-10-24 23:55:56,362] {dagbag.py:500} INFO - Filling up the DagBag from /opt/airflow/dags/postgres_hook_dag.py
[2021-10-24 23:55:56,399] {processor.py:632} INFO - DAG(s) dict_keys(['postgres_hook_dag']) retrieved from /opt/airflow/dags/postgres_hook_dag.py
[2021-10-24 23:55:56,410] {logging_mixin.py:109} INFO - [2021-10-24 23:55:56,410] {dag.py:2389} INFO - Sync 1 DAGs
[2021-10-24 23:55:56,425] {logging_mixin.py:109} INFO - [2021-10-24 23:55:56,425] {dag.py:2914} INFO - Setting next_dagrun for postgres_hook_dag to None
[2021-10-24 23:55:56,433] {processor.py:171} INFO - Processing /opt/airflow/dags/postgres_hook_dag.py took 0.075 seconds
[2021-10-24 23:56:26,871] {processor.py:163} INFO - Started process (PID=1185) to work on /opt/airflow/dags/postgres_hook_dag.py
[2021-10-24 23:56:26,873] {processor.py:620} INFO - Processing file /opt/airflow/dags/postgres_hook_dag.py for tasks to queue
[2021-10-24 23:56:26,874] {logging_mixin.py:109} INFO - [2021-10-24 23:56:26,873] {dagbag.py:500} INFO - Filling up the DagBag from /opt/airflow/dags/postgres_hook_dag.py
[2021-10-24 23:56:26,910] {processor.py:632} INFO - DAG(s) dict_keys(['postgres_hook_dag']) retrieved from /opt/airflow/dags/postgres_hook_dag.py
[2021-10-24 23:56:26,922] {logging_mixin.py:109} INFO - [2021-10-24 23:56:26,922] {dag.py:2389} INFO - Sync 1 DAGs
[2021-10-24 23:56:26,941] {logging_mixin.py:109} INFO - [2021-10-24 23:56:26,941] {dag.py:2914} INFO - Setting next_dagrun for postgres_hook_dag to None
[2021-10-24 23:56:26,949] {processor.py:171} INFO - Processing /opt/airflow/dags/postgres_hook_dag.py took 0.081 seconds
[2021-10-24 23:56:57,194] {processor.py:163} INFO - Started process (PID=1249) to work on /opt/airflow/dags/postgres_hook_dag.py
[2021-10-24 23:56:57,195] {processor.py:620} INFO - Processing file /opt/airflow/dags/postgres_hook_dag.py for tasks to queue
[2021-10-24 23:56:57,196] {logging_mixin.py:109} INFO - [2021-10-24 23:56:57,196] {dagbag.py:500} INFO - Filling up the DagBag from /opt/airflow/dags/postgres_hook_dag.py
[2021-10-24 23:56:57,224] {processor.py:632} INFO - DAG(s) dict_keys(['postgres_hook_dag']) retrieved from /opt/airflow/dags/postgres_hook_dag.py
[2021-10-24 23:56:57,233] {logging_mixin.py:109} INFO - [2021-10-24 23:56:57,232] {dag.py:2389} INFO - Sync 1 DAGs
[2021-10-24 23:56:57,247] {logging_mixin.py:109} INFO - [2021-10-24 23:56:57,247] {dag.py:2914} INFO - Setting next_dagrun for postgres_hook_dag to None
[2021-10-24 23:56:57,254] {processor.py:171} INFO - Processing /opt/airflow/dags/postgres_hook_dag.py took 0.063 seconds
[2021-10-24 23:57:27,877] {processor.py:163} INFO - Started process (PID=1324) to work on /opt/airflow/dags/postgres_hook_dag.py
[2021-10-24 23:57:27,885] {processor.py:620} INFO - Processing file /opt/airflow/dags/postgres_hook_dag.py for tasks to queue
[2021-10-24 23:57:27,886] {logging_mixin.py:109} INFO - [2021-10-24 23:57:27,886] {dagbag.py:500} INFO - Filling up the DagBag from /opt/airflow/dags/postgres_hook_dag.py
[2021-10-24 23:57:27,916] {processor.py:632} INFO - DAG(s) dict_keys(['postgres_hook_dag']) retrieved from /opt/airflow/dags/postgres_hook_dag.py
[2021-10-24 23:57:27,930] {logging_mixin.py:109} INFO - [2021-10-24 23:57:27,930] {dag.py:2389} INFO - Sync 1 DAGs
[2021-10-24 23:57:27,953] {logging_mixin.py:109} INFO - [2021-10-24 23:57:27,953] {dag.py:2914} INFO - Setting next_dagrun for postgres_hook_dag to None
[2021-10-24 23:57:27,963] {processor.py:171} INFO - Processing /opt/airflow/dags/postgres_hook_dag.py took 0.089 seconds
[2021-10-24 23:57:58,017] {processor.py:163} INFO - Started process (PID=1390) to work on /opt/airflow/dags/postgres_hook_dag.py
[2021-10-24 23:57:58,018] {processor.py:620} INFO - Processing file /opt/airflow/dags/postgres_hook_dag.py for tasks to queue
[2021-10-24 23:57:58,019] {logging_mixin.py:109} INFO - [2021-10-24 23:57:58,018] {dagbag.py:500} INFO - Filling up the DagBag from /opt/airflow/dags/postgres_hook_dag.py
[2021-10-24 23:57:58,060] {processor.py:632} INFO - DAG(s) dict_keys(['postgres_hook_dag']) retrieved from /opt/airflow/dags/postgres_hook_dag.py
[2021-10-24 23:57:58,077] {logging_mixin.py:109} INFO - [2021-10-24 23:57:58,076] {dag.py:2389} INFO - Sync 1 DAGs
[2021-10-24 23:57:58,101] {logging_mixin.py:109} INFO - [2021-10-24 23:57:58,101] {dag.py:2914} INFO - Setting next_dagrun for postgres_hook_dag to None
[2021-10-24 23:57:58,112] {processor.py:171} INFO - Processing /opt/airflow/dags/postgres_hook_dag.py took 0.098 seconds
[2021-10-24 23:58:28,525] {processor.py:163} INFO - Started process (PID=1457) to work on /opt/airflow/dags/postgres_hook_dag.py
[2021-10-24 23:58:28,526] {processor.py:620} INFO - Processing file /opt/airflow/dags/postgres_hook_dag.py for tasks to queue
[2021-10-24 23:58:28,526] {logging_mixin.py:109} INFO - [2021-10-24 23:58:28,526] {dagbag.py:500} INFO - Filling up the DagBag from /opt/airflow/dags/postgres_hook_dag.py
[2021-10-24 23:58:28,559] {processor.py:632} INFO - DAG(s) dict_keys(['postgres_hook_dag']) retrieved from /opt/airflow/dags/postgres_hook_dag.py
[2021-10-24 23:58:28,571] {logging_mixin.py:109} INFO - [2021-10-24 23:58:28,571] {dag.py:2389} INFO - Sync 1 DAGs
[2021-10-24 23:58:28,591] {logging_mixin.py:109} INFO - [2021-10-24 23:58:28,591] {dag.py:2914} INFO - Setting next_dagrun for postgres_hook_dag to None
[2021-10-24 23:58:28,601] {processor.py:171} INFO - Processing /opt/airflow/dags/postgres_hook_dag.py took 0.079 seconds
[2021-10-24 23:58:58,854] {processor.py:163} INFO - Started process (PID=1522) to work on /opt/airflow/dags/postgres_hook_dag.py
[2021-10-24 23:58:58,857] {processor.py:620} INFO - Processing file /opt/airflow/dags/postgres_hook_dag.py for tasks to queue
[2021-10-24 23:58:58,858] {logging_mixin.py:109} INFO - [2021-10-24 23:58:58,858] {dagbag.py:500} INFO - Filling up the DagBag from /opt/airflow/dags/postgres_hook_dag.py
[2021-10-24 23:58:58,932] {processor.py:632} INFO - DAG(s) dict_keys(['postgres_hook_dag']) retrieved from /opt/airflow/dags/postgres_hook_dag.py
[2021-10-24 23:58:58,956] {logging_mixin.py:109} INFO - [2021-10-24 23:58:58,956] {dag.py:2389} INFO - Sync 1 DAGs
[2021-10-24 23:58:58,981] {logging_mixin.py:109} INFO - [2021-10-24 23:58:58,981] {dag.py:2914} INFO - Setting next_dagrun for postgres_hook_dag to None
[2021-10-24 23:58:58,992] {processor.py:171} INFO - Processing /opt/airflow/dags/postgres_hook_dag.py took 0.147 seconds
[2021-10-24 23:59:29,245] {processor.py:163} INFO - Started process (PID=1599) to work on /opt/airflow/dags/postgres_hook_dag.py
[2021-10-24 23:59:29,247] {processor.py:620} INFO - Processing file /opt/airflow/dags/postgres_hook_dag.py for tasks to queue
[2021-10-24 23:59:29,247] {logging_mixin.py:109} INFO - [2021-10-24 23:59:29,247] {dagbag.py:500} INFO - Filling up the DagBag from /opt/airflow/dags/postgres_hook_dag.py
[2021-10-24 23:59:29,283] {processor.py:632} INFO - DAG(s) dict_keys(['postgres_hook_dag']) retrieved from /opt/airflow/dags/postgres_hook_dag.py
[2021-10-24 23:59:29,295] {logging_mixin.py:109} INFO - [2021-10-24 23:59:29,294] {dag.py:2389} INFO - Sync 1 DAGs
[2021-10-24 23:59:29,314] {logging_mixin.py:109} INFO - [2021-10-24 23:59:29,314] {dag.py:2914} INFO - Setting next_dagrun for postgres_hook_dag to None
[2021-10-24 23:59:29,324] {processor.py:171} INFO - Processing /opt/airflow/dags/postgres_hook_dag.py took 0.082 seconds
[2021-10-24 23:59:59,795] {processor.py:163} INFO - Started process (PID=1663) to work on /opt/airflow/dags/postgres_hook_dag.py
[2021-10-24 23:59:59,797] {processor.py:620} INFO - Processing file /opt/airflow/dags/postgres_hook_dag.py for tasks to queue
[2021-10-24 23:59:59,798] {logging_mixin.py:109} INFO - [2021-10-24 23:59:59,797] {dagbag.py:500} INFO - Filling up the DagBag from /opt/airflow/dags/postgres_hook_dag.py
[2021-10-24 23:59:59,838] {processor.py:632} INFO - DAG(s) dict_keys(['postgres_hook_dag']) retrieved from /opt/airflow/dags/postgres_hook_dag.py
[2021-10-24 23:59:59,852] {logging_mixin.py:109} INFO - [2021-10-24 23:59:59,852] {dag.py:2389} INFO - Sync 1 DAGs
[2021-10-24 23:59:59,872] {logging_mixin.py:109} INFO - [2021-10-24 23:59:59,872] {dag.py:2914} INFO - Setting next_dagrun for postgres_hook_dag to None
[2021-10-24 23:59:59,885] {processor.py:171} INFO - Processing /opt/airflow/dags/postgres_hook_dag.py took 0.094 seconds
