[2021-10-16 23:32:14,667] {processor.py:163} INFO - Started process (PID=77) to work on /home/airflow/.local/lib/python3.6/site-packages/airflow/example_dags/plugins/workday.py
[2021-10-16 23:32:14,668] {processor.py:620} INFO - Processing file /home/airflow/.local/lib/python3.6/site-packages/airflow/example_dags/plugins/workday.py for tasks to queue
[2021-10-16 23:32:14,669] {logging_mixin.py:109} INFO - [2021-10-16 23:32:14,669] {dagbag.py:500} INFO - Filling up the DagBag from /home/airflow/.local/lib/python3.6/site-packages/airflow/example_dags/plugins/workday.py
[2021-10-16 23:32:14,686] {processor.py:634} WARNING - No viable dags retrieved from /home/airflow/.local/lib/python3.6/site-packages/airflow/example_dags/plugins/workday.py
[2021-10-16 23:32:14,689] {processor.py:171} INFO - Processing /home/airflow/.local/lib/python3.6/site-packages/airflow/example_dags/plugins/workday.py took 0.026 seconds
[2021-10-16 23:32:45,216] {processor.py:163} INFO - Started process (PID=143) to work on /home/airflow/.local/lib/python3.6/site-packages/airflow/example_dags/plugins/workday.py
[2021-10-16 23:32:45,217] {processor.py:620} INFO - Processing file /home/airflow/.local/lib/python3.6/site-packages/airflow/example_dags/plugins/workday.py for tasks to queue
[2021-10-16 23:32:45,218] {logging_mixin.py:109} INFO - [2021-10-16 23:32:45,218] {dagbag.py:500} INFO - Filling up the DagBag from /home/airflow/.local/lib/python3.6/site-packages/airflow/example_dags/plugins/workday.py
[2021-10-16 23:32:45,233] {processor.py:634} WARNING - No viable dags retrieved from /home/airflow/.local/lib/python3.6/site-packages/airflow/example_dags/plugins/workday.py
[2021-10-16 23:32:45,237] {processor.py:171} INFO - Processing /home/airflow/.local/lib/python3.6/site-packages/airflow/example_dags/plugins/workday.py took 0.023 seconds
[2021-10-16 23:33:16,636] {processor.py:163} INFO - Started process (PID=198) to work on /home/airflow/.local/lib/python3.6/site-packages/airflow/example_dags/plugins/workday.py
[2021-10-16 23:33:16,637] {processor.py:620} INFO - Processing file /home/airflow/.local/lib/python3.6/site-packages/airflow/example_dags/plugins/workday.py for tasks to queue
[2021-10-16 23:33:16,638] {logging_mixin.py:109} INFO - [2021-10-16 23:33:16,637] {dagbag.py:500} INFO - Filling up the DagBag from /home/airflow/.local/lib/python3.6/site-packages/airflow/example_dags/plugins/workday.py
[2021-10-16 23:33:16,653] {processor.py:634} WARNING - No viable dags retrieved from /home/airflow/.local/lib/python3.6/site-packages/airflow/example_dags/plugins/workday.py
[2021-10-16 23:33:16,655] {processor.py:171} INFO - Processing /home/airflow/.local/lib/python3.6/site-packages/airflow/example_dags/plugins/workday.py took 0.022 seconds
[2021-10-16 23:33:47,786] {processor.py:163} INFO - Started process (PID=255) to work on /home/airflow/.local/lib/python3.6/site-packages/airflow/example_dags/plugins/workday.py
[2021-10-16 23:33:47,788] {processor.py:620} INFO - Processing file /home/airflow/.local/lib/python3.6/site-packages/airflow/example_dags/plugins/workday.py for tasks to queue
[2021-10-16 23:33:47,788] {logging_mixin.py:109} INFO - [2021-10-16 23:33:47,788] {dagbag.py:500} INFO - Filling up the DagBag from /home/airflow/.local/lib/python3.6/site-packages/airflow/example_dags/plugins/workday.py
[2021-10-16 23:33:47,810] {processor.py:634} WARNING - No viable dags retrieved from /home/airflow/.local/lib/python3.6/site-packages/airflow/example_dags/plugins/workday.py
[2021-10-16 23:33:47,815] {processor.py:171} INFO - Processing /home/airflow/.local/lib/python3.6/site-packages/airflow/example_dags/plugins/workday.py took 0.032 seconds
[2021-10-16 23:34:18,535] {processor.py:163} INFO - Started process (PID=324) to work on /home/airflow/.local/lib/python3.6/site-packages/airflow/example_dags/plugins/workday.py
[2021-10-16 23:34:18,548] {processor.py:620} INFO - Processing file /home/airflow/.local/lib/python3.6/site-packages/airflow/example_dags/plugins/workday.py for tasks to queue
[2021-10-16 23:34:18,549] {logging_mixin.py:109} INFO - [2021-10-16 23:34:18,549] {dagbag.py:500} INFO - Filling up the DagBag from /home/airflow/.local/lib/python3.6/site-packages/airflow/example_dags/plugins/workday.py
[2021-10-16 23:34:18,591] {processor.py:634} WARNING - No viable dags retrieved from /home/airflow/.local/lib/python3.6/site-packages/airflow/example_dags/plugins/workday.py
[2021-10-16 23:34:18,597] {processor.py:171} INFO - Processing /home/airflow/.local/lib/python3.6/site-packages/airflow/example_dags/plugins/workday.py took 0.075 seconds
[2021-10-16 23:34:50,009] {processor.py:163} INFO - Started process (PID=384) to work on /home/airflow/.local/lib/python3.6/site-packages/airflow/example_dags/plugins/workday.py
[2021-10-16 23:34:50,011] {processor.py:620} INFO - Processing file /home/airflow/.local/lib/python3.6/site-packages/airflow/example_dags/plugins/workday.py for tasks to queue
[2021-10-16 23:34:50,012] {logging_mixin.py:109} INFO - [2021-10-16 23:34:50,012] {dagbag.py:500} INFO - Filling up the DagBag from /home/airflow/.local/lib/python3.6/site-packages/airflow/example_dags/plugins/workday.py
[2021-10-16 23:34:50,036] {processor.py:634} WARNING - No viable dags retrieved from /home/airflow/.local/lib/python3.6/site-packages/airflow/example_dags/plugins/workday.py
[2021-10-16 23:34:50,040] {processor.py:171} INFO - Processing /home/airflow/.local/lib/python3.6/site-packages/airflow/example_dags/plugins/workday.py took 0.034 seconds
[2021-10-16 23:35:20,931] {processor.py:163} INFO - Started process (PID=443) to work on /home/airflow/.local/lib/python3.6/site-packages/airflow/example_dags/plugins/workday.py
[2021-10-16 23:35:20,932] {processor.py:620} INFO - Processing file /home/airflow/.local/lib/python3.6/site-packages/airflow/example_dags/plugins/workday.py for tasks to queue
[2021-10-16 23:35:20,933] {logging_mixin.py:109} INFO - [2021-10-16 23:35:20,933] {dagbag.py:500} INFO - Filling up the DagBag from /home/airflow/.local/lib/python3.6/site-packages/airflow/example_dags/plugins/workday.py
[2021-10-16 23:35:20,951] {processor.py:634} WARNING - No viable dags retrieved from /home/airflow/.local/lib/python3.6/site-packages/airflow/example_dags/plugins/workday.py
[2021-10-16 23:35:20,955] {processor.py:171} INFO - Processing /home/airflow/.local/lib/python3.6/site-packages/airflow/example_dags/plugins/workday.py took 0.027 seconds
[2021-10-16 23:35:51,676] {processor.py:163} INFO - Started process (PID=508) to work on /home/airflow/.local/lib/python3.6/site-packages/airflow/example_dags/plugins/workday.py
[2021-10-16 23:35:51,678] {processor.py:620} INFO - Processing file /home/airflow/.local/lib/python3.6/site-packages/airflow/example_dags/plugins/workday.py for tasks to queue
[2021-10-16 23:35:51,678] {logging_mixin.py:109} INFO - [2021-10-16 23:35:51,678] {dagbag.py:500} INFO - Filling up the DagBag from /home/airflow/.local/lib/python3.6/site-packages/airflow/example_dags/plugins/workday.py
[2021-10-16 23:35:51,696] {processor.py:634} WARNING - No viable dags retrieved from /home/airflow/.local/lib/python3.6/site-packages/airflow/example_dags/plugins/workday.py
[2021-10-16 23:35:51,699] {processor.py:171} INFO - Processing /home/airflow/.local/lib/python3.6/site-packages/airflow/example_dags/plugins/workday.py took 0.025 seconds
[2021-10-16 23:36:22,022] {processor.py:163} INFO - Started process (PID=564) to work on /home/airflow/.local/lib/python3.6/site-packages/airflow/example_dags/plugins/workday.py
[2021-10-16 23:36:22,023] {processor.py:620} INFO - Processing file /home/airflow/.local/lib/python3.6/site-packages/airflow/example_dags/plugins/workday.py for tasks to queue
[2021-10-16 23:36:22,024] {logging_mixin.py:109} INFO - [2021-10-16 23:36:22,024] {dagbag.py:500} INFO - Filling up the DagBag from /home/airflow/.local/lib/python3.6/site-packages/airflow/example_dags/plugins/workday.py
[2021-10-16 23:36:22,040] {processor.py:634} WARNING - No viable dags retrieved from /home/airflow/.local/lib/python3.6/site-packages/airflow/example_dags/plugins/workday.py
[2021-10-16 23:36:22,043] {processor.py:171} INFO - Processing /home/airflow/.local/lib/python3.6/site-packages/airflow/example_dags/plugins/workday.py took 0.024 seconds
[2021-10-16 23:36:52,179] {processor.py:163} INFO - Started process (PID=619) to work on /home/airflow/.local/lib/python3.6/site-packages/airflow/example_dags/plugins/workday.py
[2021-10-16 23:36:52,179] {processor.py:620} INFO - Processing file /home/airflow/.local/lib/python3.6/site-packages/airflow/example_dags/plugins/workday.py for tasks to queue
[2021-10-16 23:36:52,180] {logging_mixin.py:109} INFO - [2021-10-16 23:36:52,180] {dagbag.py:500} INFO - Filling up the DagBag from /home/airflow/.local/lib/python3.6/site-packages/airflow/example_dags/plugins/workday.py
[2021-10-16 23:36:52,194] {processor.py:634} WARNING - No viable dags retrieved from /home/airflow/.local/lib/python3.6/site-packages/airflow/example_dags/plugins/workday.py
[2021-10-16 23:36:52,197] {processor.py:171} INFO - Processing /home/airflow/.local/lib/python3.6/site-packages/airflow/example_dags/plugins/workday.py took 0.021 seconds
[2021-10-16 23:37:23,783] {processor.py:163} INFO - Started process (PID=685) to work on /home/airflow/.local/lib/python3.6/site-packages/airflow/example_dags/plugins/workday.py
[2021-10-16 23:37:23,784] {processor.py:620} INFO - Processing file /home/airflow/.local/lib/python3.6/site-packages/airflow/example_dags/plugins/workday.py for tasks to queue
[2021-10-16 23:37:23,785] {logging_mixin.py:109} INFO - [2021-10-16 23:37:23,785] {dagbag.py:500} INFO - Filling up the DagBag from /home/airflow/.local/lib/python3.6/site-packages/airflow/example_dags/plugins/workday.py
[2021-10-16 23:37:23,804] {processor.py:634} WARNING - No viable dags retrieved from /home/airflow/.local/lib/python3.6/site-packages/airflow/example_dags/plugins/workday.py
[2021-10-16 23:37:23,808] {processor.py:171} INFO - Processing /home/airflow/.local/lib/python3.6/site-packages/airflow/example_dags/plugins/workday.py took 0.028 seconds
[2021-10-16 23:37:53,925] {processor.py:163} INFO - Started process (PID=739) to work on /home/airflow/.local/lib/python3.6/site-packages/airflow/example_dags/plugins/workday.py
[2021-10-16 23:37:53,926] {processor.py:620} INFO - Processing file /home/airflow/.local/lib/python3.6/site-packages/airflow/example_dags/plugins/workday.py for tasks to queue
[2021-10-16 23:37:53,926] {logging_mixin.py:109} INFO - [2021-10-16 23:37:53,926] {dagbag.py:500} INFO - Filling up the DagBag from /home/airflow/.local/lib/python3.6/site-packages/airflow/example_dags/plugins/workday.py
[2021-10-16 23:37:53,940] {processor.py:634} WARNING - No viable dags retrieved from /home/airflow/.local/lib/python3.6/site-packages/airflow/example_dags/plugins/workday.py
[2021-10-16 23:37:53,943] {processor.py:171} INFO - Processing /home/airflow/.local/lib/python3.6/site-packages/airflow/example_dags/plugins/workday.py took 0.020 seconds
[2021-10-16 23:38:24,281] {processor.py:163} INFO - Started process (PID=796) to work on /home/airflow/.local/lib/python3.6/site-packages/airflow/example_dags/plugins/workday.py
[2021-10-16 23:38:24,282] {processor.py:620} INFO - Processing file /home/airflow/.local/lib/python3.6/site-packages/airflow/example_dags/plugins/workday.py for tasks to queue
[2021-10-16 23:38:24,282] {logging_mixin.py:109} INFO - [2021-10-16 23:38:24,282] {dagbag.py:500} INFO - Filling up the DagBag from /home/airflow/.local/lib/python3.6/site-packages/airflow/example_dags/plugins/workday.py
[2021-10-16 23:38:24,296] {processor.py:634} WARNING - No viable dags retrieved from /home/airflow/.local/lib/python3.6/site-packages/airflow/example_dags/plugins/workday.py
[2021-10-16 23:38:24,299] {processor.py:171} INFO - Processing /home/airflow/.local/lib/python3.6/site-packages/airflow/example_dags/plugins/workday.py took 0.021 seconds
[2021-10-16 23:38:54,607] {processor.py:163} INFO - Started process (PID=861) to work on /home/airflow/.local/lib/python3.6/site-packages/airflow/example_dags/plugins/workday.py
[2021-10-16 23:38:54,607] {processor.py:620} INFO - Processing file /home/airflow/.local/lib/python3.6/site-packages/airflow/example_dags/plugins/workday.py for tasks to queue
[2021-10-16 23:38:54,608] {logging_mixin.py:109} INFO - [2021-10-16 23:38:54,608] {dagbag.py:500} INFO - Filling up the DagBag from /home/airflow/.local/lib/python3.6/site-packages/airflow/example_dags/plugins/workday.py
[2021-10-16 23:38:54,622] {processor.py:634} WARNING - No viable dags retrieved from /home/airflow/.local/lib/python3.6/site-packages/airflow/example_dags/plugins/workday.py
[2021-10-16 23:38:54,625] {processor.py:171} INFO - Processing /home/airflow/.local/lib/python3.6/site-packages/airflow/example_dags/plugins/workday.py took 0.021 seconds
[2021-10-16 23:39:25,087] {processor.py:163} INFO - Started process (PID=917) to work on /home/airflow/.local/lib/python3.6/site-packages/airflow/example_dags/plugins/workday.py
[2021-10-16 23:39:25,089] {processor.py:620} INFO - Processing file /home/airflow/.local/lib/python3.6/site-packages/airflow/example_dags/plugins/workday.py for tasks to queue
[2021-10-16 23:39:25,090] {logging_mixin.py:109} INFO - [2021-10-16 23:39:25,090] {dagbag.py:500} INFO - Filling up the DagBag from /home/airflow/.local/lib/python3.6/site-packages/airflow/example_dags/plugins/workday.py
[2021-10-16 23:39:25,110] {processor.py:634} WARNING - No viable dags retrieved from /home/airflow/.local/lib/python3.6/site-packages/airflow/example_dags/plugins/workday.py
[2021-10-16 23:39:25,113] {processor.py:171} INFO - Processing /home/airflow/.local/lib/python3.6/site-packages/airflow/example_dags/plugins/workday.py took 0.030 seconds
[2021-10-16 23:39:55,400] {processor.py:163} INFO - Started process (PID=981) to work on /home/airflow/.local/lib/python3.6/site-packages/airflow/example_dags/plugins/workday.py
[2021-10-16 23:39:55,401] {processor.py:620} INFO - Processing file /home/airflow/.local/lib/python3.6/site-packages/airflow/example_dags/plugins/workday.py for tasks to queue
[2021-10-16 23:39:55,402] {logging_mixin.py:109} INFO - [2021-10-16 23:39:55,402] {dagbag.py:500} INFO - Filling up the DagBag from /home/airflow/.local/lib/python3.6/site-packages/airflow/example_dags/plugins/workday.py
[2021-10-16 23:39:55,417] {processor.py:634} WARNING - No viable dags retrieved from /home/airflow/.local/lib/python3.6/site-packages/airflow/example_dags/plugins/workday.py
[2021-10-16 23:39:55,419] {processor.py:171} INFO - Processing /home/airflow/.local/lib/python3.6/site-packages/airflow/example_dags/plugins/workday.py took 0.022 seconds
[2021-10-16 23:40:26,638] {processor.py:163} INFO - Started process (PID=1038) to work on /home/airflow/.local/lib/python3.6/site-packages/airflow/example_dags/plugins/workday.py
[2021-10-16 23:40:26,640] {processor.py:620} INFO - Processing file /home/airflow/.local/lib/python3.6/site-packages/airflow/example_dags/plugins/workday.py for tasks to queue
[2021-10-16 23:40:26,641] {logging_mixin.py:109} INFO - [2021-10-16 23:40:26,641] {dagbag.py:500} INFO - Filling up the DagBag from /home/airflow/.local/lib/python3.6/site-packages/airflow/example_dags/plugins/workday.py
[2021-10-16 23:40:26,662] {processor.py:634} WARNING - No viable dags retrieved from /home/airflow/.local/lib/python3.6/site-packages/airflow/example_dags/plugins/workday.py
[2021-10-16 23:40:26,666] {processor.py:171} INFO - Processing /home/airflow/.local/lib/python3.6/site-packages/airflow/example_dags/plugins/workday.py took 0.031 seconds
[2021-10-16 23:40:57,639] {processor.py:163} INFO - Started process (PID=1094) to work on /home/airflow/.local/lib/python3.6/site-packages/airflow/example_dags/plugins/workday.py
[2021-10-16 23:40:57,640] {processor.py:620} INFO - Processing file /home/airflow/.local/lib/python3.6/site-packages/airflow/example_dags/plugins/workday.py for tasks to queue
[2021-10-16 23:40:57,640] {logging_mixin.py:109} INFO - [2021-10-16 23:40:57,640] {dagbag.py:500} INFO - Filling up the DagBag from /home/airflow/.local/lib/python3.6/site-packages/airflow/example_dags/plugins/workday.py
[2021-10-16 23:40:57,654] {processor.py:634} WARNING - No viable dags retrieved from /home/airflow/.local/lib/python3.6/site-packages/airflow/example_dags/plugins/workday.py
[2021-10-16 23:40:57,657] {processor.py:171} INFO - Processing /home/airflow/.local/lib/python3.6/site-packages/airflow/example_dags/plugins/workday.py took 0.021 seconds
[2021-10-16 23:41:27,844] {processor.py:163} INFO - Started process (PID=1158) to work on /home/airflow/.local/lib/python3.6/site-packages/airflow/example_dags/plugins/workday.py
[2021-10-16 23:41:27,845] {processor.py:620} INFO - Processing file /home/airflow/.local/lib/python3.6/site-packages/airflow/example_dags/plugins/workday.py for tasks to queue
[2021-10-16 23:41:27,845] {logging_mixin.py:109} INFO - [2021-10-16 23:41:27,845] {dagbag.py:500} INFO - Filling up the DagBag from /home/airflow/.local/lib/python3.6/site-packages/airflow/example_dags/plugins/workday.py
[2021-10-16 23:41:27,859] {processor.py:634} WARNING - No viable dags retrieved from /home/airflow/.local/lib/python3.6/site-packages/airflow/example_dags/plugins/workday.py
[2021-10-16 23:41:27,862] {processor.py:171} INFO - Processing /home/airflow/.local/lib/python3.6/site-packages/airflow/example_dags/plugins/workday.py took 0.021 seconds
[2021-10-16 23:41:59,000] {processor.py:163} INFO - Started process (PID=1214) to work on /home/airflow/.local/lib/python3.6/site-packages/airflow/example_dags/plugins/workday.py
[2021-10-16 23:41:59,001] {processor.py:620} INFO - Processing file /home/airflow/.local/lib/python3.6/site-packages/airflow/example_dags/plugins/workday.py for tasks to queue
[2021-10-16 23:41:59,002] {logging_mixin.py:109} INFO - [2021-10-16 23:41:59,002] {dagbag.py:500} INFO - Filling up the DagBag from /home/airflow/.local/lib/python3.6/site-packages/airflow/example_dags/plugins/workday.py
[2021-10-16 23:41:59,017] {processor.py:634} WARNING - No viable dags retrieved from /home/airflow/.local/lib/python3.6/site-packages/airflow/example_dags/plugins/workday.py
[2021-10-16 23:41:59,020] {processor.py:171} INFO - Processing /home/airflow/.local/lib/python3.6/site-packages/airflow/example_dags/plugins/workday.py took 0.022 seconds
[2021-10-16 23:42:29,382] {processor.py:163} INFO - Started process (PID=1279) to work on /home/airflow/.local/lib/python3.6/site-packages/airflow/example_dags/plugins/workday.py
[2021-10-16 23:42:29,384] {processor.py:620} INFO - Processing file /home/airflow/.local/lib/python3.6/site-packages/airflow/example_dags/plugins/workday.py for tasks to queue
[2021-10-16 23:42:29,384] {logging_mixin.py:109} INFO - [2021-10-16 23:42:29,384] {dagbag.py:500} INFO - Filling up the DagBag from /home/airflow/.local/lib/python3.6/site-packages/airflow/example_dags/plugins/workday.py
[2021-10-16 23:42:29,400] {processor.py:634} WARNING - No viable dags retrieved from /home/airflow/.local/lib/python3.6/site-packages/airflow/example_dags/plugins/workday.py
[2021-10-16 23:42:29,403] {processor.py:171} INFO - Processing /home/airflow/.local/lib/python3.6/site-packages/airflow/example_dags/plugins/workday.py took 0.023 seconds
[2021-10-16 23:43:00,228] {processor.py:163} INFO - Started process (PID=1335) to work on /home/airflow/.local/lib/python3.6/site-packages/airflow/example_dags/plugins/workday.py
[2021-10-16 23:43:00,230] {processor.py:620} INFO - Processing file /home/airflow/.local/lib/python3.6/site-packages/airflow/example_dags/plugins/workday.py for tasks to queue
[2021-10-16 23:43:00,230] {logging_mixin.py:109} INFO - [2021-10-16 23:43:00,230] {dagbag.py:500} INFO - Filling up the DagBag from /home/airflow/.local/lib/python3.6/site-packages/airflow/example_dags/plugins/workday.py
[2021-10-16 23:43:00,244] {processor.py:634} WARNING - No viable dags retrieved from /home/airflow/.local/lib/python3.6/site-packages/airflow/example_dags/plugins/workday.py
[2021-10-16 23:43:00,247] {processor.py:171} INFO - Processing /home/airflow/.local/lib/python3.6/site-packages/airflow/example_dags/plugins/workday.py took 0.021 seconds
[2021-10-16 23:43:31,013] {processor.py:163} INFO - Started process (PID=1402) to work on /home/airflow/.local/lib/python3.6/site-packages/airflow/example_dags/plugins/workday.py
[2021-10-16 23:43:31,014] {processor.py:620} INFO - Processing file /home/airflow/.local/lib/python3.6/site-packages/airflow/example_dags/plugins/workday.py for tasks to queue
[2021-10-16 23:43:31,015] {logging_mixin.py:109} INFO - [2021-10-16 23:43:31,015] {dagbag.py:500} INFO - Filling up the DagBag from /home/airflow/.local/lib/python3.6/site-packages/airflow/example_dags/plugins/workday.py
[2021-10-16 23:43:31,032] {processor.py:634} WARNING - No viable dags retrieved from /home/airflow/.local/lib/python3.6/site-packages/airflow/example_dags/plugins/workday.py
[2021-10-16 23:43:31,035] {processor.py:171} INFO - Processing /home/airflow/.local/lib/python3.6/site-packages/airflow/example_dags/plugins/workday.py took 0.027 seconds
[2021-10-16 23:44:01,468] {processor.py:163} INFO - Started process (PID=1457) to work on /home/airflow/.local/lib/python3.6/site-packages/airflow/example_dags/plugins/workday.py
[2021-10-16 23:44:01,469] {processor.py:620} INFO - Processing file /home/airflow/.local/lib/python3.6/site-packages/airflow/example_dags/plugins/workday.py for tasks to queue
[2021-10-16 23:44:01,470] {logging_mixin.py:109} INFO - [2021-10-16 23:44:01,470] {dagbag.py:500} INFO - Filling up the DagBag from /home/airflow/.local/lib/python3.6/site-packages/airflow/example_dags/plugins/workday.py
[2021-10-16 23:44:01,485] {processor.py:634} WARNING - No viable dags retrieved from /home/airflow/.local/lib/python3.6/site-packages/airflow/example_dags/plugins/workday.py
[2021-10-16 23:44:01,488] {processor.py:171} INFO - Processing /home/airflow/.local/lib/python3.6/site-packages/airflow/example_dags/plugins/workday.py took 0.023 seconds
[2021-10-16 23:44:31,967] {processor.py:163} INFO - Started process (PID=1513) to work on /home/airflow/.local/lib/python3.6/site-packages/airflow/example_dags/plugins/workday.py
[2021-10-16 23:44:31,968] {processor.py:620} INFO - Processing file /home/airflow/.local/lib/python3.6/site-packages/airflow/example_dags/plugins/workday.py for tasks to queue
[2021-10-16 23:44:31,969] {logging_mixin.py:109} INFO - [2021-10-16 23:44:31,969] {dagbag.py:500} INFO - Filling up the DagBag from /home/airflow/.local/lib/python3.6/site-packages/airflow/example_dags/plugins/workday.py
[2021-10-16 23:44:32,004] {processor.py:634} WARNING - No viable dags retrieved from /home/airflow/.local/lib/python3.6/site-packages/airflow/example_dags/plugins/workday.py
[2021-10-16 23:44:32,007] {processor.py:171} INFO - Processing /home/airflow/.local/lib/python3.6/site-packages/airflow/example_dags/plugins/workday.py took 0.044 seconds
[2021-10-16 23:45:02,382] {processor.py:163} INFO - Started process (PID=1578) to work on /home/airflow/.local/lib/python3.6/site-packages/airflow/example_dags/plugins/workday.py
[2021-10-16 23:45:02,383] {processor.py:620} INFO - Processing file /home/airflow/.local/lib/python3.6/site-packages/airflow/example_dags/plugins/workday.py for tasks to queue
[2021-10-16 23:45:02,384] {logging_mixin.py:109} INFO - [2021-10-16 23:45:02,384] {dagbag.py:500} INFO - Filling up the DagBag from /home/airflow/.local/lib/python3.6/site-packages/airflow/example_dags/plugins/workday.py
[2021-10-16 23:45:02,403] {processor.py:634} WARNING - No viable dags retrieved from /home/airflow/.local/lib/python3.6/site-packages/airflow/example_dags/plugins/workday.py
[2021-10-16 23:45:02,407] {processor.py:171} INFO - Processing /home/airflow/.local/lib/python3.6/site-packages/airflow/example_dags/plugins/workday.py took 0.029 seconds
[2021-10-16 23:45:32,766] {processor.py:163} INFO - Started process (PID=1633) to work on /home/airflow/.local/lib/python3.6/site-packages/airflow/example_dags/plugins/workday.py
[2021-10-16 23:45:32,767] {processor.py:620} INFO - Processing file /home/airflow/.local/lib/python3.6/site-packages/airflow/example_dags/plugins/workday.py for tasks to queue
[2021-10-16 23:45:32,768] {logging_mixin.py:109} INFO - [2021-10-16 23:45:32,768] {dagbag.py:500} INFO - Filling up the DagBag from /home/airflow/.local/lib/python3.6/site-packages/airflow/example_dags/plugins/workday.py
[2021-10-16 23:45:32,784] {processor.py:634} WARNING - No viable dags retrieved from /home/airflow/.local/lib/python3.6/site-packages/airflow/example_dags/plugins/workday.py
[2021-10-16 23:45:32,787] {processor.py:171} INFO - Processing /home/airflow/.local/lib/python3.6/site-packages/airflow/example_dags/plugins/workday.py took 0.023 seconds
[2021-10-16 23:46:03,196] {processor.py:163} INFO - Started process (PID=1699) to work on /home/airflow/.local/lib/python3.6/site-packages/airflow/example_dags/plugins/workday.py
[2021-10-16 23:46:03,197] {processor.py:620} INFO - Processing file /home/airflow/.local/lib/python3.6/site-packages/airflow/example_dags/plugins/workday.py for tasks to queue
[2021-10-16 23:46:03,197] {logging_mixin.py:109} INFO - [2021-10-16 23:46:03,197] {dagbag.py:500} INFO - Filling up the DagBag from /home/airflow/.local/lib/python3.6/site-packages/airflow/example_dags/plugins/workday.py
[2021-10-16 23:46:03,216] {processor.py:634} WARNING - No viable dags retrieved from /home/airflow/.local/lib/python3.6/site-packages/airflow/example_dags/plugins/workday.py
[2021-10-16 23:46:03,219] {processor.py:171} INFO - Processing /home/airflow/.local/lib/python3.6/site-packages/airflow/example_dags/plugins/workday.py took 0.026 seconds
[2021-10-16 23:46:33,600] {processor.py:163} INFO - Started process (PID=1755) to work on /home/airflow/.local/lib/python3.6/site-packages/airflow/example_dags/plugins/workday.py
[2021-10-16 23:46:33,602] {processor.py:620} INFO - Processing file /home/airflow/.local/lib/python3.6/site-packages/airflow/example_dags/plugins/workday.py for tasks to queue
[2021-10-16 23:46:33,603] {logging_mixin.py:109} INFO - [2021-10-16 23:46:33,603] {dagbag.py:500} INFO - Filling up the DagBag from /home/airflow/.local/lib/python3.6/site-packages/airflow/example_dags/plugins/workday.py
[2021-10-16 23:46:33,620] {processor.py:634} WARNING - No viable dags retrieved from /home/airflow/.local/lib/python3.6/site-packages/airflow/example_dags/plugins/workday.py
[2021-10-16 23:46:33,623] {processor.py:171} INFO - Processing /home/airflow/.local/lib/python3.6/site-packages/airflow/example_dags/plugins/workday.py took 0.027 seconds
[2021-10-16 23:47:04,038] {processor.py:163} INFO - Started process (PID=1809) to work on /home/airflow/.local/lib/python3.6/site-packages/airflow/example_dags/plugins/workday.py
[2021-10-16 23:47:04,039] {processor.py:620} INFO - Processing file /home/airflow/.local/lib/python3.6/site-packages/airflow/example_dags/plugins/workday.py for tasks to queue
[2021-10-16 23:47:04,040] {logging_mixin.py:109} INFO - [2021-10-16 23:47:04,039] {dagbag.py:500} INFO - Filling up the DagBag from /home/airflow/.local/lib/python3.6/site-packages/airflow/example_dags/plugins/workday.py
[2021-10-16 23:47:04,056] {processor.py:634} WARNING - No viable dags retrieved from /home/airflow/.local/lib/python3.6/site-packages/airflow/example_dags/plugins/workday.py
[2021-10-16 23:47:04,062] {processor.py:171} INFO - Processing /home/airflow/.local/lib/python3.6/site-packages/airflow/example_dags/plugins/workday.py took 0.027 seconds
[2021-10-16 23:47:34,546] {processor.py:163} INFO - Started process (PID=1875) to work on /home/airflow/.local/lib/python3.6/site-packages/airflow/example_dags/plugins/workday.py
[2021-10-16 23:47:34,548] {processor.py:620} INFO - Processing file /home/airflow/.local/lib/python3.6/site-packages/airflow/example_dags/plugins/workday.py for tasks to queue
[2021-10-16 23:47:34,549] {logging_mixin.py:109} INFO - [2021-10-16 23:47:34,549] {dagbag.py:500} INFO - Filling up the DagBag from /home/airflow/.local/lib/python3.6/site-packages/airflow/example_dags/plugins/workday.py
[2021-10-16 23:47:34,566] {processor.py:634} WARNING - No viable dags retrieved from /home/airflow/.local/lib/python3.6/site-packages/airflow/example_dags/plugins/workday.py
[2021-10-16 23:47:34,570] {processor.py:171} INFO - Processing /home/airflow/.local/lib/python3.6/site-packages/airflow/example_dags/plugins/workday.py took 0.027 seconds
[2021-10-16 23:48:05,684] {processor.py:163} INFO - Started process (PID=1931) to work on /home/airflow/.local/lib/python3.6/site-packages/airflow/example_dags/plugins/workday.py
[2021-10-16 23:48:05,685] {processor.py:620} INFO - Processing file /home/airflow/.local/lib/python3.6/site-packages/airflow/example_dags/plugins/workday.py for tasks to queue
[2021-10-16 23:48:05,686] {logging_mixin.py:109} INFO - [2021-10-16 23:48:05,686] {dagbag.py:500} INFO - Filling up the DagBag from /home/airflow/.local/lib/python3.6/site-packages/airflow/example_dags/plugins/workday.py
[2021-10-16 23:48:05,700] {processor.py:634} WARNING - No viable dags retrieved from /home/airflow/.local/lib/python3.6/site-packages/airflow/example_dags/plugins/workday.py
[2021-10-16 23:48:05,703] {processor.py:171} INFO - Processing /home/airflow/.local/lib/python3.6/site-packages/airflow/example_dags/plugins/workday.py took 0.022 seconds
[2021-10-16 23:48:36,748] {processor.py:163} INFO - Started process (PID=1996) to work on /home/airflow/.local/lib/python3.6/site-packages/airflow/example_dags/plugins/workday.py
[2021-10-16 23:48:36,749] {processor.py:620} INFO - Processing file /home/airflow/.local/lib/python3.6/site-packages/airflow/example_dags/plugins/workday.py for tasks to queue
[2021-10-16 23:48:36,749] {logging_mixin.py:109} INFO - [2021-10-16 23:48:36,749] {dagbag.py:500} INFO - Filling up the DagBag from /home/airflow/.local/lib/python3.6/site-packages/airflow/example_dags/plugins/workday.py
[2021-10-16 23:48:36,767] {processor.py:634} WARNING - No viable dags retrieved from /home/airflow/.local/lib/python3.6/site-packages/airflow/example_dags/plugins/workday.py
[2021-10-16 23:48:36,770] {processor.py:171} INFO - Processing /home/airflow/.local/lib/python3.6/site-packages/airflow/example_dags/plugins/workday.py took 0.025 seconds
[2021-10-16 23:49:07,282] {processor.py:163} INFO - Started process (PID=2051) to work on /home/airflow/.local/lib/python3.6/site-packages/airflow/example_dags/plugins/workday.py
[2021-10-16 23:49:07,283] {processor.py:620} INFO - Processing file /home/airflow/.local/lib/python3.6/site-packages/airflow/example_dags/plugins/workday.py for tasks to queue
[2021-10-16 23:49:07,284] {logging_mixin.py:109} INFO - [2021-10-16 23:49:07,284] {dagbag.py:500} INFO - Filling up the DagBag from /home/airflow/.local/lib/python3.6/site-packages/airflow/example_dags/plugins/workday.py
[2021-10-16 23:49:07,297] {processor.py:634} WARNING - No viable dags retrieved from /home/airflow/.local/lib/python3.6/site-packages/airflow/example_dags/plugins/workday.py
[2021-10-16 23:49:07,300] {processor.py:171} INFO - Processing /home/airflow/.local/lib/python3.6/site-packages/airflow/example_dags/plugins/workday.py took 0.020 seconds
[2021-10-16 23:49:37,503] {processor.py:163} INFO - Started process (PID=2107) to work on /home/airflow/.local/lib/python3.6/site-packages/airflow/example_dags/plugins/workday.py
[2021-10-16 23:49:37,504] {processor.py:620} INFO - Processing file /home/airflow/.local/lib/python3.6/site-packages/airflow/example_dags/plugins/workday.py for tasks to queue
[2021-10-16 23:49:37,505] {logging_mixin.py:109} INFO - [2021-10-16 23:49:37,504] {dagbag.py:500} INFO - Filling up the DagBag from /home/airflow/.local/lib/python3.6/site-packages/airflow/example_dags/plugins/workday.py
[2021-10-16 23:49:37,529] {processor.py:634} WARNING - No viable dags retrieved from /home/airflow/.local/lib/python3.6/site-packages/airflow/example_dags/plugins/workday.py
[2021-10-16 23:49:37,532] {processor.py:171} INFO - Processing /home/airflow/.local/lib/python3.6/site-packages/airflow/example_dags/plugins/workday.py took 0.033 seconds
[2021-10-16 23:50:07,917] {processor.py:163} INFO - Started process (PID=2174) to work on /home/airflow/.local/lib/python3.6/site-packages/airflow/example_dags/plugins/workday.py
[2021-10-16 23:50:07,918] {processor.py:620} INFO - Processing file /home/airflow/.local/lib/python3.6/site-packages/airflow/example_dags/plugins/workday.py for tasks to queue
[2021-10-16 23:50:07,918] {logging_mixin.py:109} INFO - [2021-10-16 23:50:07,918] {dagbag.py:500} INFO - Filling up the DagBag from /home/airflow/.local/lib/python3.6/site-packages/airflow/example_dags/plugins/workday.py
[2021-10-16 23:50:07,932] {processor.py:634} WARNING - No viable dags retrieved from /home/airflow/.local/lib/python3.6/site-packages/airflow/example_dags/plugins/workday.py
[2021-10-16 23:50:07,934] {processor.py:171} INFO - Processing /home/airflow/.local/lib/python3.6/site-packages/airflow/example_dags/plugins/workday.py took 0.020 seconds
[2021-10-16 23:50:39,048] {processor.py:163} INFO - Started process (PID=2229) to work on /home/airflow/.local/lib/python3.6/site-packages/airflow/example_dags/plugins/workday.py
[2021-10-16 23:50:39,049] {processor.py:620} INFO - Processing file /home/airflow/.local/lib/python3.6/site-packages/airflow/example_dags/plugins/workday.py for tasks to queue
[2021-10-16 23:50:39,050] {logging_mixin.py:109} INFO - [2021-10-16 23:50:39,050] {dagbag.py:500} INFO - Filling up the DagBag from /home/airflow/.local/lib/python3.6/site-packages/airflow/example_dags/plugins/workday.py
[2021-10-16 23:50:39,064] {processor.py:634} WARNING - No viable dags retrieved from /home/airflow/.local/lib/python3.6/site-packages/airflow/example_dags/plugins/workday.py
[2021-10-16 23:50:39,066] {processor.py:171} INFO - Processing /home/airflow/.local/lib/python3.6/site-packages/airflow/example_dags/plugins/workday.py took 0.021 seconds
[2021-10-16 23:51:09,851] {processor.py:163} INFO - Started process (PID=2294) to work on /home/airflow/.local/lib/python3.6/site-packages/airflow/example_dags/plugins/workday.py
[2021-10-16 23:51:09,852] {processor.py:620} INFO - Processing file /home/airflow/.local/lib/python3.6/site-packages/airflow/example_dags/plugins/workday.py for tasks to queue
[2021-10-16 23:51:09,853] {logging_mixin.py:109} INFO - [2021-10-16 23:51:09,853] {dagbag.py:500} INFO - Filling up the DagBag from /home/airflow/.local/lib/python3.6/site-packages/airflow/example_dags/plugins/workday.py
[2021-10-16 23:51:09,868] {processor.py:634} WARNING - No viable dags retrieved from /home/airflow/.local/lib/python3.6/site-packages/airflow/example_dags/plugins/workday.py
[2021-10-16 23:51:09,870] {processor.py:171} INFO - Processing /home/airflow/.local/lib/python3.6/site-packages/airflow/example_dags/plugins/workday.py took 0.022 seconds
[2021-10-16 23:51:40,811] {processor.py:163} INFO - Started process (PID=2350) to work on /home/airflow/.local/lib/python3.6/site-packages/airflow/example_dags/plugins/workday.py
[2021-10-16 23:51:40,812] {processor.py:620} INFO - Processing file /home/airflow/.local/lib/python3.6/site-packages/airflow/example_dags/plugins/workday.py for tasks to queue
[2021-10-16 23:51:40,813] {logging_mixin.py:109} INFO - [2021-10-16 23:51:40,812] {dagbag.py:500} INFO - Filling up the DagBag from /home/airflow/.local/lib/python3.6/site-packages/airflow/example_dags/plugins/workday.py
[2021-10-16 23:51:40,828] {processor.py:634} WARNING - No viable dags retrieved from /home/airflow/.local/lib/python3.6/site-packages/airflow/example_dags/plugins/workday.py
[2021-10-16 23:51:40,831] {processor.py:171} INFO - Processing /home/airflow/.local/lib/python3.6/site-packages/airflow/example_dags/plugins/workday.py took 0.023 seconds
[2021-10-16 23:52:11,229] {processor.py:163} INFO - Started process (PID=2416) to work on /home/airflow/.local/lib/python3.6/site-packages/airflow/example_dags/plugins/workday.py
[2021-10-16 23:52:11,230] {processor.py:620} INFO - Processing file /home/airflow/.local/lib/python3.6/site-packages/airflow/example_dags/plugins/workday.py for tasks to queue
[2021-10-16 23:52:11,231] {logging_mixin.py:109} INFO - [2021-10-16 23:52:11,231] {dagbag.py:500} INFO - Filling up the DagBag from /home/airflow/.local/lib/python3.6/site-packages/airflow/example_dags/plugins/workday.py
[2021-10-16 23:52:11,246] {processor.py:634} WARNING - No viable dags retrieved from /home/airflow/.local/lib/python3.6/site-packages/airflow/example_dags/plugins/workday.py
[2021-10-16 23:52:11,248] {processor.py:171} INFO - Processing /home/airflow/.local/lib/python3.6/site-packages/airflow/example_dags/plugins/workday.py took 0.023 seconds
[2021-10-16 23:52:41,753] {processor.py:163} INFO - Started process (PID=2472) to work on /home/airflow/.local/lib/python3.6/site-packages/airflow/example_dags/plugins/workday.py
[2021-10-16 23:52:41,754] {processor.py:620} INFO - Processing file /home/airflow/.local/lib/python3.6/site-packages/airflow/example_dags/plugins/workday.py for tasks to queue
[2021-10-16 23:52:41,755] {logging_mixin.py:109} INFO - [2021-10-16 23:52:41,755] {dagbag.py:500} INFO - Filling up the DagBag from /home/airflow/.local/lib/python3.6/site-packages/airflow/example_dags/plugins/workday.py
[2021-10-16 23:52:41,770] {processor.py:634} WARNING - No viable dags retrieved from /home/airflow/.local/lib/python3.6/site-packages/airflow/example_dags/plugins/workday.py
[2021-10-16 23:52:41,773] {processor.py:171} INFO - Processing /home/airflow/.local/lib/python3.6/site-packages/airflow/example_dags/plugins/workday.py took 0.022 seconds
[2021-10-16 23:53:12,197] {processor.py:163} INFO - Started process (PID=2528) to work on /home/airflow/.local/lib/python3.6/site-packages/airflow/example_dags/plugins/workday.py
[2021-10-16 23:53:12,198] {processor.py:620} INFO - Processing file /home/airflow/.local/lib/python3.6/site-packages/airflow/example_dags/plugins/workday.py for tasks to queue
[2021-10-16 23:53:12,198] {logging_mixin.py:109} INFO - [2021-10-16 23:53:12,198] {dagbag.py:500} INFO - Filling up the DagBag from /home/airflow/.local/lib/python3.6/site-packages/airflow/example_dags/plugins/workday.py
[2021-10-16 23:53:12,233] {processor.py:634} WARNING - No viable dags retrieved from /home/airflow/.local/lib/python3.6/site-packages/airflow/example_dags/plugins/workday.py
[2021-10-16 23:53:12,236] {processor.py:171} INFO - Processing /home/airflow/.local/lib/python3.6/site-packages/airflow/example_dags/plugins/workday.py took 0.043 seconds
[2021-10-16 23:53:42,940] {processor.py:163} INFO - Started process (PID=2595) to work on /home/airflow/.local/lib/python3.6/site-packages/airflow/example_dags/plugins/workday.py
[2021-10-16 23:53:42,942] {processor.py:620} INFO - Processing file /home/airflow/.local/lib/python3.6/site-packages/airflow/example_dags/plugins/workday.py for tasks to queue
[2021-10-16 23:53:42,943] {logging_mixin.py:109} INFO - [2021-10-16 23:53:42,943] {dagbag.py:500} INFO - Filling up the DagBag from /home/airflow/.local/lib/python3.6/site-packages/airflow/example_dags/plugins/workday.py
[2021-10-16 23:53:42,971] {processor.py:634} WARNING - No viable dags retrieved from /home/airflow/.local/lib/python3.6/site-packages/airflow/example_dags/plugins/workday.py
[2021-10-16 23:53:42,977] {processor.py:171} INFO - Processing /home/airflow/.local/lib/python3.6/site-packages/airflow/example_dags/plugins/workday.py took 0.044 seconds
[2021-10-16 23:54:13,410] {processor.py:163} INFO - Started process (PID=2650) to work on /home/airflow/.local/lib/python3.6/site-packages/airflow/example_dags/plugins/workday.py
[2021-10-16 23:54:13,412] {processor.py:620} INFO - Processing file /home/airflow/.local/lib/python3.6/site-packages/airflow/example_dags/plugins/workday.py for tasks to queue
[2021-10-16 23:54:13,414] {logging_mixin.py:109} INFO - [2021-10-16 23:54:13,413] {dagbag.py:500} INFO - Filling up the DagBag from /home/airflow/.local/lib/python3.6/site-packages/airflow/example_dags/plugins/workday.py
[2021-10-16 23:54:13,440] {processor.py:634} WARNING - No viable dags retrieved from /home/airflow/.local/lib/python3.6/site-packages/airflow/example_dags/plugins/workday.py
[2021-10-16 23:54:13,446] {processor.py:171} INFO - Processing /home/airflow/.local/lib/python3.6/site-packages/airflow/example_dags/plugins/workday.py took 0.041 seconds
[2021-10-16 23:54:44,221] {processor.py:163} INFO - Started process (PID=2705) to work on /home/airflow/.local/lib/python3.6/site-packages/airflow/example_dags/plugins/workday.py
[2021-10-16 23:54:44,222] {processor.py:620} INFO - Processing file /home/airflow/.local/lib/python3.6/site-packages/airflow/example_dags/plugins/workday.py for tasks to queue
[2021-10-16 23:54:44,222] {logging_mixin.py:109} INFO - [2021-10-16 23:54:44,222] {dagbag.py:500} INFO - Filling up the DagBag from /home/airflow/.local/lib/python3.6/site-packages/airflow/example_dags/plugins/workday.py
[2021-10-16 23:54:44,239] {processor.py:634} WARNING - No viable dags retrieved from /home/airflow/.local/lib/python3.6/site-packages/airflow/example_dags/plugins/workday.py
[2021-10-16 23:54:44,242] {processor.py:171} INFO - Processing /home/airflow/.local/lib/python3.6/site-packages/airflow/example_dags/plugins/workday.py took 0.024 seconds
[2021-10-16 23:55:15,181] {processor.py:163} INFO - Started process (PID=2773) to work on /home/airflow/.local/lib/python3.6/site-packages/airflow/example_dags/plugins/workday.py
[2021-10-16 23:55:15,182] {processor.py:620} INFO - Processing file /home/airflow/.local/lib/python3.6/site-packages/airflow/example_dags/plugins/workday.py for tasks to queue
[2021-10-16 23:55:15,183] {logging_mixin.py:109} INFO - [2021-10-16 23:55:15,183] {dagbag.py:500} INFO - Filling up the DagBag from /home/airflow/.local/lib/python3.6/site-packages/airflow/example_dags/plugins/workday.py
[2021-10-16 23:55:15,198] {processor.py:634} WARNING - No viable dags retrieved from /home/airflow/.local/lib/python3.6/site-packages/airflow/example_dags/plugins/workday.py
[2021-10-16 23:55:15,201] {processor.py:171} INFO - Processing /home/airflow/.local/lib/python3.6/site-packages/airflow/example_dags/plugins/workday.py took 0.023 seconds
[2021-10-16 23:55:45,589] {processor.py:163} INFO - Started process (PID=2830) to work on /home/airflow/.local/lib/python3.6/site-packages/airflow/example_dags/plugins/workday.py
[2021-10-16 23:55:45,590] {processor.py:620} INFO - Processing file /home/airflow/.local/lib/python3.6/site-packages/airflow/example_dags/plugins/workday.py for tasks to queue
[2021-10-16 23:55:45,591] {logging_mixin.py:109} INFO - [2021-10-16 23:55:45,591] {dagbag.py:500} INFO - Filling up the DagBag from /home/airflow/.local/lib/python3.6/site-packages/airflow/example_dags/plugins/workday.py
[2021-10-16 23:55:45,607] {processor.py:634} WARNING - No viable dags retrieved from /home/airflow/.local/lib/python3.6/site-packages/airflow/example_dags/plugins/workday.py
[2021-10-16 23:55:45,610] {processor.py:171} INFO - Processing /home/airflow/.local/lib/python3.6/site-packages/airflow/example_dags/plugins/workday.py took 0.024 seconds
[2021-10-16 23:56:16,437] {processor.py:163} INFO - Started process (PID=2893) to work on /home/airflow/.local/lib/python3.6/site-packages/airflow/example_dags/plugins/workday.py
[2021-10-16 23:56:16,438] {processor.py:620} INFO - Processing file /home/airflow/.local/lib/python3.6/site-packages/airflow/example_dags/plugins/workday.py for tasks to queue
[2021-10-16 23:56:16,439] {logging_mixin.py:109} INFO - [2021-10-16 23:56:16,439] {dagbag.py:500} INFO - Filling up the DagBag from /home/airflow/.local/lib/python3.6/site-packages/airflow/example_dags/plugins/workday.py
[2021-10-16 23:56:16,462] {processor.py:634} WARNING - No viable dags retrieved from /home/airflow/.local/lib/python3.6/site-packages/airflow/example_dags/plugins/workday.py
[2021-10-16 23:56:16,466] {processor.py:171} INFO - Processing /home/airflow/.local/lib/python3.6/site-packages/airflow/example_dags/plugins/workday.py took 0.033 seconds
[2021-10-16 23:56:47,562] {processor.py:163} INFO - Started process (PID=2952) to work on /home/airflow/.local/lib/python3.6/site-packages/airflow/example_dags/plugins/workday.py
[2021-10-16 23:56:47,564] {processor.py:620} INFO - Processing file /home/airflow/.local/lib/python3.6/site-packages/airflow/example_dags/plugins/workday.py for tasks to queue
[2021-10-16 23:56:47,565] {logging_mixin.py:109} INFO - [2021-10-16 23:56:47,565] {dagbag.py:500} INFO - Filling up the DagBag from /home/airflow/.local/lib/python3.6/site-packages/airflow/example_dags/plugins/workday.py
[2021-10-16 23:56:47,584] {processor.py:634} WARNING - No viable dags retrieved from /home/airflow/.local/lib/python3.6/site-packages/airflow/example_dags/plugins/workday.py
[2021-10-16 23:56:47,588] {processor.py:171} INFO - Processing /home/airflow/.local/lib/python3.6/site-packages/airflow/example_dags/plugins/workday.py took 0.030 seconds
[2021-10-16 23:57:18,414] {processor.py:163} INFO - Started process (PID=3008) to work on /home/airflow/.local/lib/python3.6/site-packages/airflow/example_dags/plugins/workday.py
[2021-10-16 23:57:18,415] {processor.py:620} INFO - Processing file /home/airflow/.local/lib/python3.6/site-packages/airflow/example_dags/plugins/workday.py for tasks to queue
[2021-10-16 23:57:18,416] {logging_mixin.py:109} INFO - [2021-10-16 23:57:18,416] {dagbag.py:500} INFO - Filling up the DagBag from /home/airflow/.local/lib/python3.6/site-packages/airflow/example_dags/plugins/workday.py
[2021-10-16 23:57:18,432] {processor.py:634} WARNING - No viable dags retrieved from /home/airflow/.local/lib/python3.6/site-packages/airflow/example_dags/plugins/workday.py
[2021-10-16 23:57:18,435] {processor.py:171} INFO - Processing /home/airflow/.local/lib/python3.6/site-packages/airflow/example_dags/plugins/workday.py took 0.024 seconds
[2021-10-16 23:57:48,862] {processor.py:163} INFO - Started process (PID=3074) to work on /home/airflow/.local/lib/python3.6/site-packages/airflow/example_dags/plugins/workday.py
[2021-10-16 23:57:48,863] {processor.py:620} INFO - Processing file /home/airflow/.local/lib/python3.6/site-packages/airflow/example_dags/plugins/workday.py for tasks to queue
[2021-10-16 23:57:48,864] {logging_mixin.py:109} INFO - [2021-10-16 23:57:48,864] {dagbag.py:500} INFO - Filling up the DagBag from /home/airflow/.local/lib/python3.6/site-packages/airflow/example_dags/plugins/workday.py
[2021-10-16 23:57:48,878] {processor.py:634} WARNING - No viable dags retrieved from /home/airflow/.local/lib/python3.6/site-packages/airflow/example_dags/plugins/workday.py
[2021-10-16 23:57:48,881] {processor.py:171} INFO - Processing /home/airflow/.local/lib/python3.6/site-packages/airflow/example_dags/plugins/workday.py took 0.023 seconds
[2021-10-16 23:58:19,785] {processor.py:163} INFO - Started process (PID=3131) to work on /home/airflow/.local/lib/python3.6/site-packages/airflow/example_dags/plugins/workday.py
[2021-10-16 23:58:19,786] {processor.py:620} INFO - Processing file /home/airflow/.local/lib/python3.6/site-packages/airflow/example_dags/plugins/workday.py for tasks to queue
[2021-10-16 23:58:19,787] {logging_mixin.py:109} INFO - [2021-10-16 23:58:19,787] {dagbag.py:500} INFO - Filling up the DagBag from /home/airflow/.local/lib/python3.6/site-packages/airflow/example_dags/plugins/workday.py
[2021-10-16 23:58:19,821] {processor.py:634} WARNING - No viable dags retrieved from /home/airflow/.local/lib/python3.6/site-packages/airflow/example_dags/plugins/workday.py
[2021-10-16 23:58:19,826] {processor.py:171} INFO - Processing /home/airflow/.local/lib/python3.6/site-packages/airflow/example_dags/plugins/workday.py took 0.045 seconds
[2021-10-16 23:58:50,326] {processor.py:163} INFO - Started process (PID=3186) to work on /home/airflow/.local/lib/python3.6/site-packages/airflow/example_dags/plugins/workday.py
[2021-10-16 23:58:50,328] {processor.py:620} INFO - Processing file /home/airflow/.local/lib/python3.6/site-packages/airflow/example_dags/plugins/workday.py for tasks to queue
[2021-10-16 23:58:50,328] {logging_mixin.py:109} INFO - [2021-10-16 23:58:50,328] {dagbag.py:500} INFO - Filling up the DagBag from /home/airflow/.local/lib/python3.6/site-packages/airflow/example_dags/plugins/workday.py
[2021-10-16 23:58:50,342] {processor.py:634} WARNING - No viable dags retrieved from /home/airflow/.local/lib/python3.6/site-packages/airflow/example_dags/plugins/workday.py
[2021-10-16 23:58:50,345] {processor.py:171} INFO - Processing /home/airflow/.local/lib/python3.6/site-packages/airflow/example_dags/plugins/workday.py took 0.021 seconds
[2021-10-16 23:59:21,108] {processor.py:163} INFO - Started process (PID=3254) to work on /home/airflow/.local/lib/python3.6/site-packages/airflow/example_dags/plugins/workday.py
[2021-10-16 23:59:21,110] {processor.py:620} INFO - Processing file /home/airflow/.local/lib/python3.6/site-packages/airflow/example_dags/plugins/workday.py for tasks to queue
[2021-10-16 23:59:21,110] {logging_mixin.py:109} INFO - [2021-10-16 23:59:21,110] {dagbag.py:500} INFO - Filling up the DagBag from /home/airflow/.local/lib/python3.6/site-packages/airflow/example_dags/plugins/workday.py
[2021-10-16 23:59:21,130] {processor.py:634} WARNING - No viable dags retrieved from /home/airflow/.local/lib/python3.6/site-packages/airflow/example_dags/plugins/workday.py
[2021-10-16 23:59:21,135] {processor.py:171} INFO - Processing /home/airflow/.local/lib/python3.6/site-packages/airflow/example_dags/plugins/workday.py took 0.030 seconds
[2021-10-16 23:59:51,480] {processor.py:163} INFO - Started process (PID=3308) to work on /home/airflow/.local/lib/python3.6/site-packages/airflow/example_dags/plugins/workday.py
[2021-10-16 23:59:51,482] {processor.py:620} INFO - Processing file /home/airflow/.local/lib/python3.6/site-packages/airflow/example_dags/plugins/workday.py for tasks to queue
[2021-10-16 23:59:51,482] {logging_mixin.py:109} INFO - [2021-10-16 23:59:51,482] {dagbag.py:500} INFO - Filling up the DagBag from /home/airflow/.local/lib/python3.6/site-packages/airflow/example_dags/plugins/workday.py
[2021-10-16 23:59:51,500] {processor.py:634} WARNING - No viable dags retrieved from /home/airflow/.local/lib/python3.6/site-packages/airflow/example_dags/plugins/workday.py
[2021-10-16 23:59:51,502] {processor.py:171} INFO - Processing /home/airflow/.local/lib/python3.6/site-packages/airflow/example_dags/plugins/workday.py took 0.025 seconds
