[2021-10-16 23:32:10,528] {processor.py:163} INFO - Started process (PID=45) to work on /opt/airflow/dags/choose_best_dag.py
[2021-10-16 23:32:10,529] {processor.py:620} INFO - Processing file /opt/airflow/dags/choose_best_dag.py for tasks to queue
[2021-10-16 23:32:10,530] {logging_mixin.py:109} INFO - [2021-10-16 23:32:10,530] {dagbag.py:500} INFO - Filling up the DagBag from /opt/airflow/dags/choose_best_dag.py
[2021-10-16 23:32:10,711] {processor.py:632} INFO - DAG(s) dict_keys(['choose_best_model']) retrieved from /opt/airflow/dags/choose_best_dag.py
[2021-10-16 23:32:10,728] {logging_mixin.py:109} INFO - [2021-10-16 23:32:10,728] {dag.py:2389} INFO - Sync 1 DAGs
[2021-10-16 23:32:10,755] {logging_mixin.py:109} INFO - [2021-10-16 23:32:10,755] {dag.py:2914} INFO - Setting next_dagrun for choose_best_model to 2021-10-15 00:00:00+00:00
[2021-10-16 23:32:10,768] {processor.py:171} INFO - Processing /opt/airflow/dags/choose_best_dag.py took 0.245 seconds
[2021-10-16 23:32:40,863] {processor.py:163} INFO - Started process (PID=101) to work on /opt/airflow/dags/choose_best_dag.py
[2021-10-16 23:32:40,864] {processor.py:620} INFO - Processing file /opt/airflow/dags/choose_best_dag.py for tasks to queue
[2021-10-16 23:32:40,864] {logging_mixin.py:109} INFO - [2021-10-16 23:32:40,864] {dagbag.py:500} INFO - Filling up the DagBag from /opt/airflow/dags/choose_best_dag.py
[2021-10-16 23:32:40,890] {processor.py:632} INFO - DAG(s) dict_keys(['choose_best_model']) retrieved from /opt/airflow/dags/choose_best_dag.py
[2021-10-16 23:32:40,902] {logging_mixin.py:109} INFO - [2021-10-16 23:32:40,902] {dag.py:2389} INFO - Sync 1 DAGs
[2021-10-16 23:32:40,920] {logging_mixin.py:109} INFO - [2021-10-16 23:32:40,919] {dag.py:2914} INFO - Setting next_dagrun for choose_best_model to 2021-10-15 00:00:00+00:00
[2021-10-16 23:32:40,928] {processor.py:171} INFO - Processing /opt/airflow/dags/choose_best_dag.py took 0.068 seconds
[2021-10-16 23:33:11,400] {processor.py:163} INFO - Started process (PID=166) to work on /opt/airflow/dags/choose_best_dag.py
[2021-10-16 23:33:11,401] {processor.py:620} INFO - Processing file /opt/airflow/dags/choose_best_dag.py for tasks to queue
[2021-10-16 23:33:11,402] {logging_mixin.py:109} INFO - [2021-10-16 23:33:11,402] {dagbag.py:500} INFO - Filling up the DagBag from /opt/airflow/dags/choose_best_dag.py
[2021-10-16 23:33:11,428] {processor.py:632} INFO - DAG(s) dict_keys(['choose_best_model']) retrieved from /opt/airflow/dags/choose_best_dag.py
[2021-10-16 23:33:11,440] {logging_mixin.py:109} INFO - [2021-10-16 23:33:11,439] {dag.py:2389} INFO - Sync 1 DAGs
[2021-10-16 23:33:11,459] {logging_mixin.py:109} INFO - [2021-10-16 23:33:11,459] {dag.py:2914} INFO - Setting next_dagrun for choose_best_model to 2021-10-15 00:00:00+00:00
[2021-10-16 23:33:11,468] {processor.py:171} INFO - Processing /opt/airflow/dags/choose_best_dag.py took 0.070 seconds
[2021-10-16 23:33:41,791] {processor.py:163} INFO - Started process (PID=223) to work on /opt/airflow/dags/choose_best_dag.py
[2021-10-16 23:33:41,793] {processor.py:620} INFO - Processing file /opt/airflow/dags/choose_best_dag.py for tasks to queue
[2021-10-16 23:33:41,793] {logging_mixin.py:109} INFO - [2021-10-16 23:33:41,793] {dagbag.py:500} INFO - Filling up the DagBag from /opt/airflow/dags/choose_best_dag.py
[2021-10-16 23:33:41,823] {processor.py:632} INFO - DAG(s) dict_keys(['choose_best_model']) retrieved from /opt/airflow/dags/choose_best_dag.py
[2021-10-16 23:33:41,835] {logging_mixin.py:109} INFO - [2021-10-16 23:33:41,835] {dag.py:2389} INFO - Sync 1 DAGs
[2021-10-16 23:33:41,854] {logging_mixin.py:109} INFO - [2021-10-16 23:33:41,854] {dag.py:2914} INFO - Setting next_dagrun for choose_best_model to 2021-10-15 00:00:00+00:00
[2021-10-16 23:33:41,863] {processor.py:171} INFO - Processing /opt/airflow/dags/choose_best_dag.py took 0.075 seconds
[2021-10-16 23:34:11,996] {processor.py:163} INFO - Started process (PID=281) to work on /opt/airflow/dags/choose_best_dag.py
[2021-10-16 23:34:12,004] {processor.py:620} INFO - Processing file /opt/airflow/dags/choose_best_dag.py for tasks to queue
[2021-10-16 23:34:12,005] {logging_mixin.py:109} INFO - [2021-10-16 23:34:12,004] {dagbag.py:500} INFO - Filling up the DagBag from /opt/airflow/dags/choose_best_dag.py
[2021-10-16 23:34:12,043] {processor.py:632} INFO - DAG(s) dict_keys(['choose_best_model']) retrieved from /opt/airflow/dags/choose_best_dag.py
[2021-10-16 23:34:12,060] {logging_mixin.py:109} INFO - [2021-10-16 23:34:12,060] {dag.py:2389} INFO - Sync 1 DAGs
[2021-10-16 23:34:12,092] {logging_mixin.py:109} INFO - [2021-10-16 23:34:12,092] {dag.py:2914} INFO - Setting next_dagrun for choose_best_model to 2021-10-15 00:00:00+00:00
[2021-10-16 23:34:12,108] {processor.py:171} INFO - Processing /opt/airflow/dags/choose_best_dag.py took 0.116 seconds
[2021-10-16 23:34:42,752] {processor.py:163} INFO - Started process (PID=339) to work on /opt/airflow/dags/choose_best_dag.py
[2021-10-16 23:34:42,754] {processor.py:620} INFO - Processing file /opt/airflow/dags/choose_best_dag.py for tasks to queue
[2021-10-16 23:34:42,755] {logging_mixin.py:109} INFO - [2021-10-16 23:34:42,755] {dagbag.py:500} INFO - Filling up the DagBag from /opt/airflow/dags/choose_best_dag.py
[2021-10-16 23:34:42,805] {processor.py:632} INFO - DAG(s) dict_keys(['choose_best_model']) retrieved from /opt/airflow/dags/choose_best_dag.py
[2021-10-16 23:34:42,827] {logging_mixin.py:109} INFO - [2021-10-16 23:34:42,826] {dag.py:2389} INFO - Sync 1 DAGs
[2021-10-16 23:34:42,857] {logging_mixin.py:109} INFO - [2021-10-16 23:34:42,857] {dag.py:2914} INFO - Setting next_dagrun for choose_best_model to 2021-10-15 00:00:00+00:00
[2021-10-16 23:34:42,877] {processor.py:171} INFO - Processing /opt/airflow/dags/choose_best_dag.py took 0.133 seconds
[2021-10-16 23:35:13,240] {processor.py:163} INFO - Started process (PID=411) to work on /opt/airflow/dags/choose_best_dag.py
[2021-10-16 23:35:13,241] {processor.py:620} INFO - Processing file /opt/airflow/dags/choose_best_dag.py for tasks to queue
[2021-10-16 23:35:13,242] {logging_mixin.py:109} INFO - [2021-10-16 23:35:13,242] {dagbag.py:500} INFO - Filling up the DagBag from /opt/airflow/dags/choose_best_dag.py
[2021-10-16 23:35:13,278] {processor.py:632} INFO - DAG(s) dict_keys(['choose_best_model']) retrieved from /opt/airflow/dags/choose_best_dag.py
[2021-10-16 23:35:13,297] {logging_mixin.py:109} INFO - [2021-10-16 23:35:13,297] {dag.py:2389} INFO - Sync 1 DAGs
[2021-10-16 23:35:13,323] {logging_mixin.py:109} INFO - [2021-10-16 23:35:13,323] {dag.py:2914} INFO - Setting next_dagrun for choose_best_model to 2021-10-15 00:00:00+00:00
[2021-10-16 23:35:13,335] {processor.py:171} INFO - Processing /opt/airflow/dags/choose_best_dag.py took 0.098 seconds
[2021-10-16 23:35:44,152] {processor.py:163} INFO - Started process (PID=467) to work on /opt/airflow/dags/choose_best_dag.py
[2021-10-16 23:35:44,154] {processor.py:620} INFO - Processing file /opt/airflow/dags/choose_best_dag.py for tasks to queue
[2021-10-16 23:35:44,154] {logging_mixin.py:109} INFO - [2021-10-16 23:35:44,154] {dagbag.py:500} INFO - Filling up the DagBag from /opt/airflow/dags/choose_best_dag.py
[2021-10-16 23:35:44,195] {processor.py:632} INFO - DAG(s) dict_keys(['choose_best_model']) retrieved from /opt/airflow/dags/choose_best_dag.py
[2021-10-16 23:35:44,215] {logging_mixin.py:109} INFO - [2021-10-16 23:35:44,214] {dag.py:2389} INFO - Sync 1 DAGs
[2021-10-16 23:35:44,240] {logging_mixin.py:109} INFO - [2021-10-16 23:35:44,240] {dag.py:2914} INFO - Setting next_dagrun for choose_best_model to 2021-10-15 00:00:00+00:00
[2021-10-16 23:35:44,254] {processor.py:171} INFO - Processing /opt/airflow/dags/choose_best_dag.py took 0.106 seconds
[2021-10-16 23:36:14,880] {processor.py:163} INFO - Started process (PID=522) to work on /opt/airflow/dags/choose_best_dag.py
[2021-10-16 23:36:14,881] {processor.py:620} INFO - Processing file /opt/airflow/dags/choose_best_dag.py for tasks to queue
[2021-10-16 23:36:14,882] {logging_mixin.py:109} INFO - [2021-10-16 23:36:14,882] {dagbag.py:500} INFO - Filling up the DagBag from /opt/airflow/dags/choose_best_dag.py
[2021-10-16 23:36:14,911] {processor.py:632} INFO - DAG(s) dict_keys(['choose_best_model']) retrieved from /opt/airflow/dags/choose_best_dag.py
[2021-10-16 23:36:14,925] {logging_mixin.py:109} INFO - [2021-10-16 23:36:14,924] {dag.py:2389} INFO - Sync 1 DAGs
[2021-10-16 23:36:14,942] {logging_mixin.py:109} INFO - [2021-10-16 23:36:14,942] {dag.py:2914} INFO - Setting next_dagrun for choose_best_model to 2021-10-15 00:00:00+00:00
[2021-10-16 23:36:14,950] {processor.py:171} INFO - Processing /opt/airflow/dags/choose_best_dag.py took 0.074 seconds
[2021-10-16 23:36:45,223] {processor.py:163} INFO - Started process (PID=588) to work on /opt/airflow/dags/choose_best_dag.py
[2021-10-16 23:36:45,224] {processor.py:620} INFO - Processing file /opt/airflow/dags/choose_best_dag.py for tasks to queue
[2021-10-16 23:36:45,225] {logging_mixin.py:109} INFO - [2021-10-16 23:36:45,224] {dagbag.py:500} INFO - Filling up the DagBag from /opt/airflow/dags/choose_best_dag.py
[2021-10-16 23:36:45,256] {processor.py:632} INFO - DAG(s) dict_keys(['choose_best_model']) retrieved from /opt/airflow/dags/choose_best_dag.py
[2021-10-16 23:36:45,267] {logging_mixin.py:109} INFO - [2021-10-16 23:36:45,267] {dag.py:2389} INFO - Sync 1 DAGs
[2021-10-16 23:36:45,284] {logging_mixin.py:109} INFO - [2021-10-16 23:36:45,284] {dag.py:2914} INFO - Setting next_dagrun for choose_best_model to 2021-10-15 00:00:00+00:00
[2021-10-16 23:36:45,292] {processor.py:171} INFO - Processing /opt/airflow/dags/choose_best_dag.py took 0.073 seconds
[2021-10-16 23:37:15,391] {processor.py:163} INFO - Started process (PID=643) to work on /opt/airflow/dags/choose_best_dag.py
[2021-10-16 23:37:15,401] {processor.py:620} INFO - Processing file /opt/airflow/dags/choose_best_dag.py for tasks to queue
[2021-10-16 23:37:15,402] {logging_mixin.py:109} INFO - [2021-10-16 23:37:15,402] {dagbag.py:500} INFO - Filling up the DagBag from /opt/airflow/dags/choose_best_dag.py
[2021-10-16 23:37:15,516] {processor.py:632} INFO - DAG(s) dict_keys(['choose_best_model']) retrieved from /opt/airflow/dags/choose_best_dag.py
[2021-10-16 23:37:15,547] {logging_mixin.py:109} INFO - [2021-10-16 23:37:15,547] {dag.py:2389} INFO - Sync 1 DAGs
[2021-10-16 23:37:15,583] {logging_mixin.py:109} INFO - [2021-10-16 23:37:15,583] {dag.py:2914} INFO - Setting next_dagrun for choose_best_model to 2021-10-15 00:00:00+00:00
[2021-10-16 23:37:15,601] {processor.py:171} INFO - Processing /opt/airflow/dags/choose_best_dag.py took 0.213 seconds
[2021-10-16 23:37:45,972] {processor.py:163} INFO - Started process (PID=698) to work on /opt/airflow/dags/choose_best_dag.py
[2021-10-16 23:37:45,973] {processor.py:620} INFO - Processing file /opt/airflow/dags/choose_best_dag.py for tasks to queue
[2021-10-16 23:37:45,974] {logging_mixin.py:109} INFO - [2021-10-16 23:37:45,974] {dagbag.py:500} INFO - Filling up the DagBag from /opt/airflow/dags/choose_best_dag.py
[2021-10-16 23:37:46,005] {processor.py:632} INFO - DAG(s) dict_keys(['choose_best_model']) retrieved from /opt/airflow/dags/choose_best_dag.py
[2021-10-16 23:37:46,018] {logging_mixin.py:109} INFO - [2021-10-16 23:37:46,018] {dag.py:2389} INFO - Sync 1 DAGs
[2021-10-16 23:37:46,040] {logging_mixin.py:109} INFO - [2021-10-16 23:37:46,040] {dag.py:2914} INFO - Setting next_dagrun for choose_best_model to 2021-10-15 00:00:00+00:00
[2021-10-16 23:37:46,052] {processor.py:171} INFO - Processing /opt/airflow/dags/choose_best_dag.py took 0.083 seconds
[2021-10-16 23:38:16,132] {processor.py:163} INFO - Started process (PID=765) to work on /opt/airflow/dags/choose_best_dag.py
[2021-10-16 23:38:16,133] {processor.py:620} INFO - Processing file /opt/airflow/dags/choose_best_dag.py for tasks to queue
[2021-10-16 23:38:16,134] {logging_mixin.py:109} INFO - [2021-10-16 23:38:16,134] {dagbag.py:500} INFO - Filling up the DagBag from /opt/airflow/dags/choose_best_dag.py
[2021-10-16 23:38:16,167] {processor.py:632} INFO - DAG(s) dict_keys(['choose_best_model']) retrieved from /opt/airflow/dags/choose_best_dag.py
[2021-10-16 23:38:16,178] {logging_mixin.py:109} INFO - [2021-10-16 23:38:16,178] {dag.py:2389} INFO - Sync 1 DAGs
[2021-10-16 23:38:16,194] {logging_mixin.py:109} INFO - [2021-10-16 23:38:16,194] {dag.py:2914} INFO - Setting next_dagrun for choose_best_model to 2021-10-15 00:00:00+00:00
[2021-10-16 23:38:16,202] {processor.py:171} INFO - Processing /opt/airflow/dags/choose_best_dag.py took 0.075 seconds
[2021-10-16 23:38:46,458] {processor.py:163} INFO - Started process (PID=820) to work on /opt/airflow/dags/choose_best_dag.py
[2021-10-16 23:38:46,460] {processor.py:620} INFO - Processing file /opt/airflow/dags/choose_best_dag.py for tasks to queue
[2021-10-16 23:38:46,460] {logging_mixin.py:109} INFO - [2021-10-16 23:38:46,460] {dagbag.py:500} INFO - Filling up the DagBag from /opt/airflow/dags/choose_best_dag.py
[2021-10-16 23:38:46,499] {processor.py:632} INFO - DAG(s) dict_keys(['choose_best_model']) retrieved from /opt/airflow/dags/choose_best_dag.py
[2021-10-16 23:38:46,512] {logging_mixin.py:109} INFO - [2021-10-16 23:38:46,512] {dag.py:2389} INFO - Sync 1 DAGs
[2021-10-16 23:38:46,531] {logging_mixin.py:109} INFO - [2021-10-16 23:38:46,531] {dag.py:2914} INFO - Setting next_dagrun for choose_best_model to 2021-10-15 00:00:00+00:00
[2021-10-16 23:38:46,540] {processor.py:171} INFO - Processing /opt/airflow/dags/choose_best_dag.py took 0.086 seconds
[2021-10-16 23:39:16,842] {processor.py:163} INFO - Started process (PID=876) to work on /opt/airflow/dags/choose_best_dag.py
[2021-10-16 23:39:16,843] {processor.py:620} INFO - Processing file /opt/airflow/dags/choose_best_dag.py for tasks to queue
[2021-10-16 23:39:16,843] {logging_mixin.py:109} INFO - [2021-10-16 23:39:16,843] {dagbag.py:500} INFO - Filling up the DagBag from /opt/airflow/dags/choose_best_dag.py
[2021-10-16 23:39:16,870] {processor.py:632} INFO - DAG(s) dict_keys(['choose_best_model']) retrieved from /opt/airflow/dags/choose_best_dag.py
[2021-10-16 23:39:16,881] {logging_mixin.py:109} INFO - [2021-10-16 23:39:16,881] {dag.py:2389} INFO - Sync 1 DAGs
[2021-10-16 23:39:16,898] {logging_mixin.py:109} INFO - [2021-10-16 23:39:16,898] {dag.py:2914} INFO - Setting next_dagrun for choose_best_model to 2021-10-15 00:00:00+00:00
[2021-10-16 23:39:16,907] {processor.py:171} INFO - Processing /opt/airflow/dags/choose_best_dag.py took 0.068 seconds
[2021-10-16 23:39:47,319] {processor.py:163} INFO - Started process (PID=941) to work on /opt/airflow/dags/choose_best_dag.py
[2021-10-16 23:39:47,320] {processor.py:620} INFO - Processing file /opt/airflow/dags/choose_best_dag.py for tasks to queue
[2021-10-16 23:39:47,321] {logging_mixin.py:109} INFO - [2021-10-16 23:39:47,321] {dagbag.py:500} INFO - Filling up the DagBag from /opt/airflow/dags/choose_best_dag.py
[2021-10-16 23:39:47,350] {processor.py:632} INFO - DAG(s) dict_keys(['choose_best_model']) retrieved from /opt/airflow/dags/choose_best_dag.py
[2021-10-16 23:39:47,362] {logging_mixin.py:109} INFO - [2021-10-16 23:39:47,362] {dag.py:2389} INFO - Sync 1 DAGs
[2021-10-16 23:39:47,382] {logging_mixin.py:109} INFO - [2021-10-16 23:39:47,382] {dag.py:2914} INFO - Setting next_dagrun for choose_best_model to 2021-10-15 00:00:00+00:00
[2021-10-16 23:39:47,391] {processor.py:171} INFO - Processing /opt/airflow/dags/choose_best_dag.py took 0.075 seconds
[2021-10-16 23:40:17,557] {processor.py:163} INFO - Started process (PID=996) to work on /opt/airflow/dags/choose_best_dag.py
[2021-10-16 23:40:17,558] {processor.py:620} INFO - Processing file /opt/airflow/dags/choose_best_dag.py for tasks to queue
[2021-10-16 23:40:17,559] {logging_mixin.py:109} INFO - [2021-10-16 23:40:17,559] {dagbag.py:500} INFO - Filling up the DagBag from /opt/airflow/dags/choose_best_dag.py
[2021-10-16 23:40:17,586] {processor.py:632} INFO - DAG(s) dict_keys(['choose_best_model']) retrieved from /opt/airflow/dags/choose_best_dag.py
[2021-10-16 23:40:17,596] {logging_mixin.py:109} INFO - [2021-10-16 23:40:17,596] {dag.py:2389} INFO - Sync 1 DAGs
[2021-10-16 23:40:17,615] {logging_mixin.py:109} INFO - [2021-10-16 23:40:17,615] {dag.py:2914} INFO - Setting next_dagrun for choose_best_model to 2021-10-15 00:00:00+00:00
[2021-10-16 23:40:17,624] {processor.py:171} INFO - Processing /opt/airflow/dags/choose_best_dag.py took 0.070 seconds
[2021-10-16 23:40:47,840] {processor.py:163} INFO - Started process (PID=1063) to work on /opt/airflow/dags/choose_best_dag.py
[2021-10-16 23:40:47,841] {processor.py:620} INFO - Processing file /opt/airflow/dags/choose_best_dag.py for tasks to queue
[2021-10-16 23:40:47,841] {logging_mixin.py:109} INFO - [2021-10-16 23:40:47,841] {dagbag.py:500} INFO - Filling up the DagBag from /opt/airflow/dags/choose_best_dag.py
[2021-10-16 23:40:47,867] {processor.py:632} INFO - DAG(s) dict_keys(['choose_best_model']) retrieved from /opt/airflow/dags/choose_best_dag.py
[2021-10-16 23:40:47,878] {logging_mixin.py:109} INFO - [2021-10-16 23:40:47,878] {dag.py:2389} INFO - Sync 1 DAGs
[2021-10-16 23:40:47,897] {logging_mixin.py:109} INFO - [2021-10-16 23:40:47,896] {dag.py:2914} INFO - Setting next_dagrun for choose_best_model to 2021-10-15 00:00:00+00:00
[2021-10-16 23:40:47,905] {processor.py:171} INFO - Processing /opt/airflow/dags/choose_best_dag.py took 0.068 seconds
[2021-10-16 23:41:18,117] {processor.py:163} INFO - Started process (PID=1118) to work on /opt/airflow/dags/choose_best_dag.py
[2021-10-16 23:41:18,118] {processor.py:620} INFO - Processing file /opt/airflow/dags/choose_best_dag.py for tasks to queue
[2021-10-16 23:41:18,119] {logging_mixin.py:109} INFO - [2021-10-16 23:41:18,119] {dagbag.py:500} INFO - Filling up the DagBag from /opt/airflow/dags/choose_best_dag.py
[2021-10-16 23:41:18,148] {processor.py:632} INFO - DAG(s) dict_keys(['choose_best_model']) retrieved from /opt/airflow/dags/choose_best_dag.py
[2021-10-16 23:41:18,159] {logging_mixin.py:109} INFO - [2021-10-16 23:41:18,159] {dag.py:2389} INFO - Sync 1 DAGs
[2021-10-16 23:41:18,178] {logging_mixin.py:109} INFO - [2021-10-16 23:41:18,178] {dag.py:2914} INFO - Setting next_dagrun for choose_best_model to 2021-10-15 00:00:00+00:00
[2021-10-16 23:41:18,185] {processor.py:171} INFO - Processing /opt/airflow/dags/choose_best_dag.py took 0.072 seconds
[2021-10-16 23:41:49,064] {processor.py:163} INFO - Started process (PID=1173) to work on /opt/airflow/dags/choose_best_dag.py
[2021-10-16 23:41:49,066] {processor.py:620} INFO - Processing file /opt/airflow/dags/choose_best_dag.py for tasks to queue
[2021-10-16 23:41:49,066] {logging_mixin.py:109} INFO - [2021-10-16 23:41:49,066] {dagbag.py:500} INFO - Filling up the DagBag from /opt/airflow/dags/choose_best_dag.py
[2021-10-16 23:41:49,097] {processor.py:632} INFO - DAG(s) dict_keys(['choose_best_model']) retrieved from /opt/airflow/dags/choose_best_dag.py
[2021-10-16 23:41:49,110] {logging_mixin.py:109} INFO - [2021-10-16 23:41:49,110] {dag.py:2389} INFO - Sync 1 DAGs
[2021-10-16 23:41:49,129] {logging_mixin.py:109} INFO - [2021-10-16 23:41:49,129] {dag.py:2914} INFO - Setting next_dagrun for choose_best_model to 2021-10-15 00:00:00+00:00
[2021-10-16 23:41:49,137] {processor.py:171} INFO - Processing /opt/airflow/dags/choose_best_dag.py took 0.077 seconds
[2021-10-16 23:42:19,232] {processor.py:163} INFO - Started process (PID=1238) to work on /opt/airflow/dags/choose_best_dag.py
[2021-10-16 23:42:19,234] {processor.py:620} INFO - Processing file /opt/airflow/dags/choose_best_dag.py for tasks to queue
[2021-10-16 23:42:19,236] {logging_mixin.py:109} INFO - [2021-10-16 23:42:19,235] {dagbag.py:500} INFO - Filling up the DagBag from /opt/airflow/dags/choose_best_dag.py
[2021-10-16 23:42:19,271] {processor.py:632} INFO - DAG(s) dict_keys(['choose_best_model']) retrieved from /opt/airflow/dags/choose_best_dag.py
[2021-10-16 23:42:19,288] {logging_mixin.py:109} INFO - [2021-10-16 23:42:19,287] {dag.py:2389} INFO - Sync 1 DAGs
[2021-10-16 23:42:19,309] {logging_mixin.py:109} INFO - [2021-10-16 23:42:19,309] {dag.py:2914} INFO - Setting next_dagrun for choose_best_model to 2021-10-15 00:00:00+00:00
[2021-10-16 23:42:19,318] {processor.py:171} INFO - Processing /opt/airflow/dags/choose_best_dag.py took 0.092 seconds
[2021-10-16 23:42:49,533] {processor.py:163} INFO - Started process (PID=1293) to work on /opt/airflow/dags/choose_best_dag.py
[2021-10-16 23:42:49,534] {processor.py:620} INFO - Processing file /opt/airflow/dags/choose_best_dag.py for tasks to queue
[2021-10-16 23:42:49,535] {logging_mixin.py:109} INFO - [2021-10-16 23:42:49,535] {dagbag.py:500} INFO - Filling up the DagBag from /opt/airflow/dags/choose_best_dag.py
[2021-10-16 23:42:49,568] {processor.py:632} INFO - DAG(s) dict_keys(['choose_best_model']) retrieved from /opt/airflow/dags/choose_best_dag.py
[2021-10-16 23:42:49,582] {logging_mixin.py:109} INFO - [2021-10-16 23:42:49,582] {dag.py:2389} INFO - Sync 1 DAGs
[2021-10-16 23:42:49,603] {logging_mixin.py:109} INFO - [2021-10-16 23:42:49,603] {dag.py:2914} INFO - Setting next_dagrun for choose_best_model to 2021-10-15 00:00:00+00:00
[2021-10-16 23:42:49,612] {processor.py:171} INFO - Processing /opt/airflow/dags/choose_best_dag.py took 0.083 seconds
[2021-10-16 23:43:19,666] {processor.py:163} INFO - Started process (PID=1359) to work on /opt/airflow/dags/choose_best_dag.py
[2021-10-16 23:43:19,667] {processor.py:620} INFO - Processing file /opt/airflow/dags/choose_best_dag.py for tasks to queue
[2021-10-16 23:43:19,667] {logging_mixin.py:109} INFO - [2021-10-16 23:43:19,667] {dagbag.py:500} INFO - Filling up the DagBag from /opt/airflow/dags/choose_best_dag.py
[2021-10-16 23:43:19,695] {processor.py:632} INFO - DAG(s) dict_keys(['choose_best_model']) retrieved from /opt/airflow/dags/choose_best_dag.py
[2021-10-16 23:43:19,709] {logging_mixin.py:109} INFO - [2021-10-16 23:43:19,709] {dag.py:2389} INFO - Sync 1 DAGs
[2021-10-16 23:43:19,729] {logging_mixin.py:109} INFO - [2021-10-16 23:43:19,729] {dag.py:2914} INFO - Setting next_dagrun for choose_best_model to 2021-10-15 00:00:00+00:00
[2021-10-16 23:43:19,739] {processor.py:171} INFO - Processing /opt/airflow/dags/choose_best_dag.py took 0.076 seconds
[2021-10-16 23:43:50,263] {processor.py:163} INFO - Started process (PID=1416) to work on /opt/airflow/dags/choose_best_dag.py
[2021-10-16 23:43:50,265] {processor.py:620} INFO - Processing file /opt/airflow/dags/choose_best_dag.py for tasks to queue
[2021-10-16 23:43:50,266] {logging_mixin.py:109} INFO - [2021-10-16 23:43:50,266] {dagbag.py:500} INFO - Filling up the DagBag from /opt/airflow/dags/choose_best_dag.py
[2021-10-16 23:43:50,302] {processor.py:632} INFO - DAG(s) dict_keys(['choose_best_model']) retrieved from /opt/airflow/dags/choose_best_dag.py
[2021-10-16 23:43:50,317] {logging_mixin.py:109} INFO - [2021-10-16 23:43:50,316] {dag.py:2389} INFO - Sync 1 DAGs
[2021-10-16 23:43:50,339] {logging_mixin.py:109} INFO - [2021-10-16 23:43:50,339] {dag.py:2914} INFO - Setting next_dagrun for choose_best_model to 2021-10-15 00:00:00+00:00
[2021-10-16 23:43:50,349] {processor.py:171} INFO - Processing /opt/airflow/dags/choose_best_dag.py took 0.096 seconds
[2021-10-16 23:44:20,637] {processor.py:163} INFO - Started process (PID=1471) to work on /opt/airflow/dags/choose_best_dag.py
[2021-10-16 23:44:20,638] {processor.py:620} INFO - Processing file /opt/airflow/dags/choose_best_dag.py for tasks to queue
[2021-10-16 23:44:20,639] {logging_mixin.py:109} INFO - [2021-10-16 23:44:20,639] {dagbag.py:500} INFO - Filling up the DagBag from /opt/airflow/dags/choose_best_dag.py
[2021-10-16 23:44:20,676] {processor.py:632} INFO - DAG(s) dict_keys(['choose_best_model']) retrieved from /opt/airflow/dags/choose_best_dag.py
[2021-10-16 23:44:20,690] {logging_mixin.py:109} INFO - [2021-10-16 23:44:20,690] {dag.py:2389} INFO - Sync 1 DAGs
[2021-10-16 23:44:20,713] {logging_mixin.py:109} INFO - [2021-10-16 23:44:20,713] {dag.py:2914} INFO - Setting next_dagrun for choose_best_model to 2021-10-15 00:00:00+00:00
[2021-10-16 23:44:20,724] {processor.py:171} INFO - Processing /opt/airflow/dags/choose_best_dag.py took 0.091 seconds
[2021-10-16 23:44:51,129] {processor.py:163} INFO - Started process (PID=1537) to work on /opt/airflow/dags/choose_best_dag.py
[2021-10-16 23:44:51,130] {processor.py:620} INFO - Processing file /opt/airflow/dags/choose_best_dag.py for tasks to queue
[2021-10-16 23:44:51,130] {logging_mixin.py:109} INFO - [2021-10-16 23:44:51,130] {dagbag.py:500} INFO - Filling up the DagBag from /opt/airflow/dags/choose_best_dag.py
[2021-10-16 23:44:51,155] {processor.py:632} INFO - DAG(s) dict_keys(['choose_best_model']) retrieved from /opt/airflow/dags/choose_best_dag.py
[2021-10-16 23:44:51,165] {logging_mixin.py:109} INFO - [2021-10-16 23:44:51,165] {dag.py:2389} INFO - Sync 1 DAGs
[2021-10-16 23:44:51,181] {logging_mixin.py:109} INFO - [2021-10-16 23:44:51,181] {dag.py:2914} INFO - Setting next_dagrun for choose_best_model to 2021-10-15 00:00:00+00:00
[2021-10-16 23:44:51,189] {processor.py:171} INFO - Processing /opt/airflow/dags/choose_best_dag.py took 0.063 seconds
[2021-10-16 23:45:21,523] {processor.py:163} INFO - Started process (PID=1592) to work on /opt/airflow/dags/choose_best_dag.py
[2021-10-16 23:45:21,524] {processor.py:620} INFO - Processing file /opt/airflow/dags/choose_best_dag.py for tasks to queue
[2021-10-16 23:45:21,525] {logging_mixin.py:109} INFO - [2021-10-16 23:45:21,524] {dagbag.py:500} INFO - Filling up the DagBag from /opt/airflow/dags/choose_best_dag.py
[2021-10-16 23:45:21,551] {processor.py:632} INFO - DAG(s) dict_keys(['choose_best_model']) retrieved from /opt/airflow/dags/choose_best_dag.py
[2021-10-16 23:45:21,562] {logging_mixin.py:109} INFO - [2021-10-16 23:45:21,562] {dag.py:2389} INFO - Sync 1 DAGs
[2021-10-16 23:45:21,579] {logging_mixin.py:109} INFO - [2021-10-16 23:45:21,579] {dag.py:2914} INFO - Setting next_dagrun for choose_best_model to 2021-10-15 00:00:00+00:00
[2021-10-16 23:45:21,588] {processor.py:171} INFO - Processing /opt/airflow/dags/choose_best_dag.py took 0.068 seconds
[2021-10-16 23:45:51,919] {processor.py:163} INFO - Started process (PID=1658) to work on /opt/airflow/dags/choose_best_dag.py
[2021-10-16 23:45:51,920] {processor.py:620} INFO - Processing file /opt/airflow/dags/choose_best_dag.py for tasks to queue
[2021-10-16 23:45:51,921] {logging_mixin.py:109} INFO - [2021-10-16 23:45:51,921] {dagbag.py:500} INFO - Filling up the DagBag from /opt/airflow/dags/choose_best_dag.py
[2021-10-16 23:45:51,954] {processor.py:632} INFO - DAG(s) dict_keys(['choose_best_model']) retrieved from /opt/airflow/dags/choose_best_dag.py
[2021-10-16 23:45:51,969] {logging_mixin.py:109} INFO - [2021-10-16 23:45:51,969] {dag.py:2389} INFO - Sync 1 DAGs
[2021-10-16 23:45:51,992] {logging_mixin.py:109} INFO - [2021-10-16 23:45:51,992] {dag.py:2914} INFO - Setting next_dagrun for choose_best_model to 2021-10-15 00:00:00+00:00
[2021-10-16 23:45:52,002] {processor.py:171} INFO - Processing /opt/airflow/dags/choose_best_dag.py took 0.086 seconds
[2021-10-16 23:46:22,457] {processor.py:163} INFO - Started process (PID=1713) to work on /opt/airflow/dags/choose_best_dag.py
[2021-10-16 23:46:22,458] {processor.py:620} INFO - Processing file /opt/airflow/dags/choose_best_dag.py for tasks to queue
[2021-10-16 23:46:22,459] {logging_mixin.py:109} INFO - [2021-10-16 23:46:22,459] {dagbag.py:500} INFO - Filling up the DagBag from /opt/airflow/dags/choose_best_dag.py
[2021-10-16 23:46:22,485] {processor.py:632} INFO - DAG(s) dict_keys(['choose_best_model']) retrieved from /opt/airflow/dags/choose_best_dag.py
[2021-10-16 23:46:22,498] {logging_mixin.py:109} INFO - [2021-10-16 23:46:22,498] {dag.py:2389} INFO - Sync 1 DAGs
[2021-10-16 23:46:22,520] {logging_mixin.py:109} INFO - [2021-10-16 23:46:22,520] {dag.py:2914} INFO - Setting next_dagrun for choose_best_model to 2021-10-15 00:00:00+00:00
[2021-10-16 23:46:22,529] {processor.py:171} INFO - Processing /opt/airflow/dags/choose_best_dag.py took 0.075 seconds
[2021-10-16 23:46:52,883] {processor.py:163} INFO - Started process (PID=1776) to work on /opt/airflow/dags/choose_best_dag.py
[2021-10-16 23:46:52,884] {processor.py:620} INFO - Processing file /opt/airflow/dags/choose_best_dag.py for tasks to queue
[2021-10-16 23:46:52,885] {logging_mixin.py:109} INFO - [2021-10-16 23:46:52,885] {dagbag.py:500} INFO - Filling up the DagBag from /opt/airflow/dags/choose_best_dag.py
[2021-10-16 23:46:52,913] {processor.py:632} INFO - DAG(s) dict_keys(['choose_best_model']) retrieved from /opt/airflow/dags/choose_best_dag.py
[2021-10-16 23:46:52,927] {logging_mixin.py:109} INFO - [2021-10-16 23:46:52,926] {dag.py:2389} INFO - Sync 1 DAGs
[2021-10-16 23:46:52,946] {logging_mixin.py:109} INFO - [2021-10-16 23:46:52,945] {dag.py:2914} INFO - Setting next_dagrun for choose_best_model to 2021-10-15 00:00:00+00:00
[2021-10-16 23:46:52,954] {processor.py:171} INFO - Processing /opt/airflow/dags/choose_best_dag.py took 0.073 seconds
[2021-10-16 23:47:23,535] {processor.py:163} INFO - Started process (PID=1835) to work on /opt/airflow/dags/choose_best_dag.py
[2021-10-16 23:47:23,537] {processor.py:620} INFO - Processing file /opt/airflow/dags/choose_best_dag.py for tasks to queue
[2021-10-16 23:47:23,537] {logging_mixin.py:109} INFO - [2021-10-16 23:47:23,537] {dagbag.py:500} INFO - Filling up the DagBag from /opt/airflow/dags/choose_best_dag.py
[2021-10-16 23:47:23,577] {processor.py:632} INFO - DAG(s) dict_keys(['choose_best_model']) retrieved from /opt/airflow/dags/choose_best_dag.py
[2021-10-16 23:47:23,597] {logging_mixin.py:109} INFO - [2021-10-16 23:47:23,596] {dag.py:2389} INFO - Sync 1 DAGs
[2021-10-16 23:47:23,625] {logging_mixin.py:109} INFO - [2021-10-16 23:47:23,625] {dag.py:2914} INFO - Setting next_dagrun for choose_best_model to 2021-10-15 00:00:00+00:00
[2021-10-16 23:47:23,635] {processor.py:171} INFO - Processing /opt/airflow/dags/choose_best_dag.py took 0.105 seconds
[2021-10-16 23:47:53,734] {processor.py:163} INFO - Started process (PID=1890) to work on /opt/airflow/dags/choose_best_dag.py
[2021-10-16 23:47:53,736] {processor.py:620} INFO - Processing file /opt/airflow/dags/choose_best_dag.py for tasks to queue
[2021-10-16 23:47:53,737] {logging_mixin.py:109} INFO - [2021-10-16 23:47:53,737] {dagbag.py:500} INFO - Filling up the DagBag from /opt/airflow/dags/choose_best_dag.py
[2021-10-16 23:47:53,768] {processor.py:632} INFO - DAG(s) dict_keys(['choose_best_model']) retrieved from /opt/airflow/dags/choose_best_dag.py
[2021-10-16 23:47:53,783] {logging_mixin.py:109} INFO - [2021-10-16 23:47:53,782] {dag.py:2389} INFO - Sync 1 DAGs
[2021-10-16 23:47:53,804] {logging_mixin.py:109} INFO - [2021-10-16 23:47:53,804] {dag.py:2914} INFO - Setting next_dagrun for choose_best_model to 2021-10-15 00:00:00+00:00
[2021-10-16 23:47:53,813] {processor.py:171} INFO - Processing /opt/airflow/dags/choose_best_dag.py took 0.086 seconds
[2021-10-16 23:48:23,881] {processor.py:163} INFO - Started process (PID=1955) to work on /opt/airflow/dags/choose_best_dag.py
[2021-10-16 23:48:23,882] {processor.py:620} INFO - Processing file /opt/airflow/dags/choose_best_dag.py for tasks to queue
[2021-10-16 23:48:23,883] {logging_mixin.py:109} INFO - [2021-10-16 23:48:23,883] {dagbag.py:500} INFO - Filling up the DagBag from /opt/airflow/dags/choose_best_dag.py
[2021-10-16 23:48:23,918] {processor.py:632} INFO - DAG(s) dict_keys(['choose_best_model']) retrieved from /opt/airflow/dags/choose_best_dag.py
[2021-10-16 23:48:23,932] {logging_mixin.py:109} INFO - [2021-10-16 23:48:23,932] {dag.py:2389} INFO - Sync 1 DAGs
[2021-10-16 23:48:23,955] {logging_mixin.py:109} INFO - [2021-10-16 23:48:23,955] {dag.py:2914} INFO - Setting next_dagrun for choose_best_model to 2021-10-15 00:00:00+00:00
[2021-10-16 23:48:23,966] {processor.py:171} INFO - Processing /opt/airflow/dags/choose_best_dag.py took 0.088 seconds
[2021-10-16 23:48:54,137] {processor.py:163} INFO - Started process (PID=2010) to work on /opt/airflow/dags/choose_best_dag.py
[2021-10-16 23:48:54,139] {processor.py:620} INFO - Processing file /opt/airflow/dags/choose_best_dag.py for tasks to queue
[2021-10-16 23:48:54,141] {logging_mixin.py:109} INFO - [2021-10-16 23:48:54,141] {dagbag.py:500} INFO - Filling up the DagBag from /opt/airflow/dags/choose_best_dag.py
[2021-10-16 23:48:54,175] {processor.py:632} INFO - DAG(s) dict_keys(['choose_best_model']) retrieved from /opt/airflow/dags/choose_best_dag.py
[2021-10-16 23:48:54,187] {logging_mixin.py:109} INFO - [2021-10-16 23:48:54,187] {dag.py:2389} INFO - Sync 1 DAGs
[2021-10-16 23:48:54,204] {logging_mixin.py:109} INFO - [2021-10-16 23:48:54,204] {dag.py:2914} INFO - Setting next_dagrun for choose_best_model to 2021-10-15 00:00:00+00:00
[2021-10-16 23:48:54,213] {processor.py:171} INFO - Processing /opt/airflow/dags/choose_best_dag.py took 0.084 seconds
[2021-10-16 23:49:24,470] {processor.py:163} INFO - Started process (PID=2065) to work on /opt/airflow/dags/choose_best_dag.py
[2021-10-16 23:49:24,472] {processor.py:620} INFO - Processing file /opt/airflow/dags/choose_best_dag.py for tasks to queue
[2021-10-16 23:49:24,474] {logging_mixin.py:109} INFO - [2021-10-16 23:49:24,474] {dagbag.py:500} INFO - Filling up the DagBag from /opt/airflow/dags/choose_best_dag.py
[2021-10-16 23:49:24,542] {processor.py:632} INFO - DAG(s) dict_keys(['choose_best_model']) retrieved from /opt/airflow/dags/choose_best_dag.py
[2021-10-16 23:49:24,566] {logging_mixin.py:109} INFO - [2021-10-16 23:49:24,566] {dag.py:2389} INFO - Sync 1 DAGs
[2021-10-16 23:49:24,607] {logging_mixin.py:109} INFO - [2021-10-16 23:49:24,606] {dag.py:2914} INFO - Setting next_dagrun for choose_best_model to 2021-10-15 00:00:00+00:00
[2021-10-16 23:49:24,624] {processor.py:171} INFO - Processing /opt/airflow/dags/choose_best_dag.py took 0.161 seconds
[2021-10-16 23:49:54,671] {processor.py:163} INFO - Started process (PID=2132) to work on /opt/airflow/dags/choose_best_dag.py
[2021-10-16 23:49:54,672] {processor.py:620} INFO - Processing file /opt/airflow/dags/choose_best_dag.py for tasks to queue
[2021-10-16 23:49:54,673] {logging_mixin.py:109} INFO - [2021-10-16 23:49:54,673] {dagbag.py:500} INFO - Filling up the DagBag from /opt/airflow/dags/choose_best_dag.py
[2021-10-16 23:49:54,698] {processor.py:632} INFO - DAG(s) dict_keys(['choose_best_model']) retrieved from /opt/airflow/dags/choose_best_dag.py
[2021-10-16 23:49:54,708] {logging_mixin.py:109} INFO - [2021-10-16 23:49:54,708] {dag.py:2389} INFO - Sync 1 DAGs
[2021-10-16 23:49:54,723] {logging_mixin.py:109} INFO - [2021-10-16 23:49:54,723] {dag.py:2914} INFO - Setting next_dagrun for choose_best_model to 2021-10-15 00:00:00+00:00
[2021-10-16 23:49:54,730] {processor.py:171} INFO - Processing /opt/airflow/dags/choose_best_dag.py took 0.062 seconds
[2021-10-16 23:50:25,084] {processor.py:163} INFO - Started process (PID=2188) to work on /opt/airflow/dags/choose_best_dag.py
[2021-10-16 23:50:25,085] {processor.py:620} INFO - Processing file /opt/airflow/dags/choose_best_dag.py for tasks to queue
[2021-10-16 23:50:25,086] {logging_mixin.py:109} INFO - [2021-10-16 23:50:25,086] {dagbag.py:500} INFO - Filling up the DagBag from /opt/airflow/dags/choose_best_dag.py
[2021-10-16 23:50:25,120] {processor.py:632} INFO - DAG(s) dict_keys(['choose_best_model']) retrieved from /opt/airflow/dags/choose_best_dag.py
[2021-10-16 23:50:25,132] {logging_mixin.py:109} INFO - [2021-10-16 23:50:25,132] {dag.py:2389} INFO - Sync 1 DAGs
[2021-10-16 23:50:25,149] {logging_mixin.py:109} INFO - [2021-10-16 23:50:25,149] {dag.py:2914} INFO - Setting next_dagrun for choose_best_model to 2021-10-15 00:00:00+00:00
[2021-10-16 23:50:25,156] {processor.py:171} INFO - Processing /opt/airflow/dags/choose_best_dag.py took 0.076 seconds
[2021-10-16 23:50:55,204] {processor.py:163} INFO - Started process (PID=2253) to work on /opt/airflow/dags/choose_best_dag.py
[2021-10-16 23:50:55,205] {processor.py:620} INFO - Processing file /opt/airflow/dags/choose_best_dag.py for tasks to queue
[2021-10-16 23:50:55,205] {logging_mixin.py:109} INFO - [2021-10-16 23:50:55,205] {dagbag.py:500} INFO - Filling up the DagBag from /opt/airflow/dags/choose_best_dag.py
[2021-10-16 23:50:55,231] {processor.py:632} INFO - DAG(s) dict_keys(['choose_best_model']) retrieved from /opt/airflow/dags/choose_best_dag.py
[2021-10-16 23:50:55,242] {logging_mixin.py:109} INFO - [2021-10-16 23:50:55,241] {dag.py:2389} INFO - Sync 1 DAGs
[2021-10-16 23:50:55,258] {logging_mixin.py:109} INFO - [2021-10-16 23:50:55,258] {dag.py:2914} INFO - Setting next_dagrun for choose_best_model to 2021-10-15 00:00:00+00:00
[2021-10-16 23:50:55,267] {processor.py:171} INFO - Processing /opt/airflow/dags/choose_best_dag.py took 0.066 seconds
[2021-10-16 23:51:26,060] {processor.py:163} INFO - Started process (PID=2308) to work on /opt/airflow/dags/choose_best_dag.py
[2021-10-16 23:51:26,061] {processor.py:620} INFO - Processing file /opt/airflow/dags/choose_best_dag.py for tasks to queue
[2021-10-16 23:51:26,062] {logging_mixin.py:109} INFO - [2021-10-16 23:51:26,062] {dagbag.py:500} INFO - Filling up the DagBag from /opt/airflow/dags/choose_best_dag.py
[2021-10-16 23:51:26,093] {processor.py:632} INFO - DAG(s) dict_keys(['choose_best_model']) retrieved from /opt/airflow/dags/choose_best_dag.py
[2021-10-16 23:51:26,108] {logging_mixin.py:109} INFO - [2021-10-16 23:51:26,108] {dag.py:2389} INFO - Sync 1 DAGs
[2021-10-16 23:51:26,129] {logging_mixin.py:109} INFO - [2021-10-16 23:51:26,129] {dag.py:2914} INFO - Setting next_dagrun for choose_best_model to 2021-10-15 00:00:00+00:00
[2021-10-16 23:51:26,138] {processor.py:171} INFO - Processing /opt/airflow/dags/choose_best_dag.py took 0.081 seconds
[2021-10-16 23:51:56,163] {processor.py:163} INFO - Started process (PID=2365) to work on /opt/airflow/dags/choose_best_dag.py
[2021-10-16 23:51:56,164] {processor.py:620} INFO - Processing file /opt/airflow/dags/choose_best_dag.py for tasks to queue
[2021-10-16 23:51:56,165] {logging_mixin.py:109} INFO - [2021-10-16 23:51:56,165] {dagbag.py:500} INFO - Filling up the DagBag from /opt/airflow/dags/choose_best_dag.py
[2021-10-16 23:51:56,192] {processor.py:632} INFO - DAG(s) dict_keys(['choose_best_model']) retrieved from /opt/airflow/dags/choose_best_dag.py
[2021-10-16 23:51:56,203] {logging_mixin.py:109} INFO - [2021-10-16 23:51:56,203] {dag.py:2389} INFO - Sync 1 DAGs
[2021-10-16 23:51:56,220] {logging_mixin.py:109} INFO - [2021-10-16 23:51:56,220] {dag.py:2914} INFO - Setting next_dagrun for choose_best_model to 2021-10-15 00:00:00+00:00
[2021-10-16 23:51:56,228] {processor.py:171} INFO - Processing /opt/airflow/dags/choose_best_dag.py took 0.068 seconds
[2021-10-16 23:52:26,448] {processor.py:163} INFO - Started process (PID=2430) to work on /opt/airflow/dags/choose_best_dag.py
[2021-10-16 23:52:26,452] {processor.py:620} INFO - Processing file /opt/airflow/dags/choose_best_dag.py for tasks to queue
[2021-10-16 23:52:26,454] {logging_mixin.py:109} INFO - [2021-10-16 23:52:26,454] {dagbag.py:500} INFO - Filling up the DagBag from /opt/airflow/dags/choose_best_dag.py
[2021-10-16 23:52:26,531] {processor.py:632} INFO - DAG(s) dict_keys(['choose_best_model']) retrieved from /opt/airflow/dags/choose_best_dag.py
[2021-10-16 23:52:26,548] {logging_mixin.py:109} INFO - [2021-10-16 23:52:26,547] {dag.py:2389} INFO - Sync 1 DAGs
[2021-10-16 23:52:26,574] {logging_mixin.py:109} INFO - [2021-10-16 23:52:26,573] {dag.py:2914} INFO - Setting next_dagrun for choose_best_model to 2021-10-15 00:00:00+00:00
[2021-10-16 23:52:26,586] {processor.py:171} INFO - Processing /opt/airflow/dags/choose_best_dag.py took 0.147 seconds
[2021-10-16 23:52:56,938] {processor.py:163} INFO - Started process (PID=2486) to work on /opt/airflow/dags/choose_best_dag.py
[2021-10-16 23:52:56,939] {processor.py:620} INFO - Processing file /opt/airflow/dags/choose_best_dag.py for tasks to queue
[2021-10-16 23:52:56,940] {logging_mixin.py:109} INFO - [2021-10-16 23:52:56,940] {dagbag.py:500} INFO - Filling up the DagBag from /opt/airflow/dags/choose_best_dag.py
[2021-10-16 23:52:56,977] {processor.py:632} INFO - DAG(s) dict_keys(['choose_best_model']) retrieved from /opt/airflow/dags/choose_best_dag.py
[2021-10-16 23:52:56,991] {logging_mixin.py:109} INFO - [2021-10-16 23:52:56,991] {dag.py:2389} INFO - Sync 1 DAGs
[2021-10-16 23:52:57,014] {logging_mixin.py:109} INFO - [2021-10-16 23:52:57,014] {dag.py:2914} INFO - Setting next_dagrun for choose_best_model to 2021-10-15 00:00:00+00:00
[2021-10-16 23:52:57,025] {processor.py:171} INFO - Processing /opt/airflow/dags/choose_best_dag.py took 0.091 seconds
[2021-10-16 23:53:27,391] {processor.py:163} INFO - Started process (PID=2554) to work on /opt/airflow/dags/choose_best_dag.py
[2021-10-16 23:53:27,392] {processor.py:620} INFO - Processing file /opt/airflow/dags/choose_best_dag.py for tasks to queue
[2021-10-16 23:53:27,393] {logging_mixin.py:109} INFO - [2021-10-16 23:53:27,392] {dagbag.py:500} INFO - Filling up the DagBag from /opt/airflow/dags/choose_best_dag.py
[2021-10-16 23:53:27,419] {processor.py:632} INFO - DAG(s) dict_keys(['choose_best_model']) retrieved from /opt/airflow/dags/choose_best_dag.py
[2021-10-16 23:53:27,431] {logging_mixin.py:109} INFO - [2021-10-16 23:53:27,431] {dag.py:2389} INFO - Sync 1 DAGs
[2021-10-16 23:53:27,447] {logging_mixin.py:109} INFO - [2021-10-16 23:53:27,447] {dag.py:2914} INFO - Setting next_dagrun for choose_best_model to 2021-10-15 00:00:00+00:00
[2021-10-16 23:53:27,455] {processor.py:171} INFO - Processing /opt/airflow/dags/choose_best_dag.py took 0.066 seconds
[2021-10-16 23:53:57,491] {processor.py:163} INFO - Started process (PID=2609) to work on /opt/airflow/dags/choose_best_dag.py
[2021-10-16 23:53:57,492] {processor.py:620} INFO - Processing file /opt/airflow/dags/choose_best_dag.py for tasks to queue
[2021-10-16 23:53:57,493] {logging_mixin.py:109} INFO - [2021-10-16 23:53:57,492] {dagbag.py:500} INFO - Filling up the DagBag from /opt/airflow/dags/choose_best_dag.py
[2021-10-16 23:53:57,531] {processor.py:632} INFO - DAG(s) dict_keys(['choose_best_model']) retrieved from /opt/airflow/dags/choose_best_dag.py
[2021-10-16 23:53:57,555] {logging_mixin.py:109} INFO - [2021-10-16 23:53:57,555] {dag.py:2389} INFO - Sync 1 DAGs
[2021-10-16 23:53:57,588] {logging_mixin.py:109} INFO - [2021-10-16 23:53:57,588] {dag.py:2914} INFO - Setting next_dagrun for choose_best_model to 2021-10-15 00:00:00+00:00
[2021-10-16 23:53:57,602] {processor.py:171} INFO - Processing /opt/airflow/dags/choose_best_dag.py took 0.114 seconds
[2021-10-16 23:54:27,832] {processor.py:163} INFO - Started process (PID=2664) to work on /opt/airflow/dags/choose_best_dag.py
[2021-10-16 23:54:27,833] {processor.py:620} INFO - Processing file /opt/airflow/dags/choose_best_dag.py for tasks to queue
[2021-10-16 23:54:27,834] {logging_mixin.py:109} INFO - [2021-10-16 23:54:27,833] {dagbag.py:500} INFO - Filling up the DagBag from /opt/airflow/dags/choose_best_dag.py
[2021-10-16 23:54:27,870] {processor.py:632} INFO - DAG(s) dict_keys(['choose_best_model']) retrieved from /opt/airflow/dags/choose_best_dag.py
[2021-10-16 23:54:27,892] {logging_mixin.py:109} INFO - [2021-10-16 23:54:27,891] {dag.py:2389} INFO - Sync 1 DAGs
[2021-10-16 23:54:27,921] {logging_mixin.py:109} INFO - [2021-10-16 23:54:27,921] {dag.py:2914} INFO - Setting next_dagrun for choose_best_model to 2021-10-15 00:00:00+00:00
[2021-10-16 23:54:27,937] {processor.py:171} INFO - Processing /opt/airflow/dags/choose_best_dag.py took 0.109 seconds
[2021-10-16 23:54:58,322] {processor.py:163} INFO - Started process (PID=2728) to work on /opt/airflow/dags/choose_best_dag.py
[2021-10-16 23:54:58,323] {processor.py:620} INFO - Processing file /opt/airflow/dags/choose_best_dag.py for tasks to queue
[2021-10-16 23:54:58,324] {logging_mixin.py:109} INFO - [2021-10-16 23:54:58,324] {dagbag.py:500} INFO - Filling up the DagBag from /opt/airflow/dags/choose_best_dag.py
[2021-10-16 23:54:58,353] {processor.py:632} INFO - DAG(s) dict_keys(['choose_best_model']) retrieved from /opt/airflow/dags/choose_best_dag.py
[2021-10-16 23:54:58,365] {logging_mixin.py:109} INFO - [2021-10-16 23:54:58,365] {dag.py:2389} INFO - Sync 1 DAGs
[2021-10-16 23:54:58,384] {logging_mixin.py:109} INFO - [2021-10-16 23:54:58,384] {dag.py:2914} INFO - Setting next_dagrun for choose_best_model to 2021-10-15 00:00:00+00:00
[2021-10-16 23:54:58,393] {processor.py:171} INFO - Processing /opt/airflow/dags/choose_best_dag.py took 0.073 seconds
[2021-10-16 23:55:28,546] {processor.py:163} INFO - Started process (PID=2788) to work on /opt/airflow/dags/choose_best_dag.py
[2021-10-16 23:55:28,547] {processor.py:620} INFO - Processing file /opt/airflow/dags/choose_best_dag.py for tasks to queue
[2021-10-16 23:55:28,548] {logging_mixin.py:109} INFO - [2021-10-16 23:55:28,548] {dagbag.py:500} INFO - Filling up the DagBag from /opt/airflow/dags/choose_best_dag.py
[2021-10-16 23:55:28,575] {processor.py:632} INFO - DAG(s) dict_keys(['choose_best_model']) retrieved from /opt/airflow/dags/choose_best_dag.py
[2021-10-16 23:55:28,592] {logging_mixin.py:109} INFO - [2021-10-16 23:55:28,592] {dag.py:2389} INFO - Sync 1 DAGs
[2021-10-16 23:55:28,625] {logging_mixin.py:109} INFO - [2021-10-16 23:55:28,624] {dag.py:2914} INFO - Setting next_dagrun for choose_best_model to 2021-10-15 00:00:00+00:00
[2021-10-16 23:55:28,637] {processor.py:171} INFO - Processing /opt/airflow/dags/choose_best_dag.py took 0.093 seconds
[2021-10-16 23:55:58,751] {processor.py:163} INFO - Started process (PID=2844) to work on /opt/airflow/dags/choose_best_dag.py
[2021-10-16 23:55:58,753] {processor.py:620} INFO - Processing file /opt/airflow/dags/choose_best_dag.py for tasks to queue
[2021-10-16 23:55:58,754] {logging_mixin.py:109} INFO - [2021-10-16 23:55:58,754] {dagbag.py:500} INFO - Filling up the DagBag from /opt/airflow/dags/choose_best_dag.py
[2021-10-16 23:55:58,794] {processor.py:632} INFO - DAG(s) dict_keys(['choose_best_model']) retrieved from /opt/airflow/dags/choose_best_dag.py
[2021-10-16 23:55:58,809] {logging_mixin.py:109} INFO - [2021-10-16 23:55:58,809] {dag.py:2389} INFO - Sync 1 DAGs
[2021-10-16 23:55:58,835] {logging_mixin.py:109} INFO - [2021-10-16 23:55:58,834] {dag.py:2914} INFO - Setting next_dagrun for choose_best_model to 2021-10-15 00:00:00+00:00
[2021-10-16 23:55:58,848] {processor.py:171} INFO - Processing /opt/airflow/dags/choose_best_dag.py took 0.102 seconds
[2021-10-16 23:56:28,912] {processor.py:163} INFO - Started process (PID=2900) to work on /opt/airflow/dags/choose_best_dag.py
[2021-10-16 23:56:28,913] {processor.py:620} INFO - Processing file /opt/airflow/dags/choose_best_dag.py for tasks to queue
[2021-10-16 23:56:28,913] {logging_mixin.py:109} INFO - [2021-10-16 23:56:28,913] {dagbag.py:500} INFO - Filling up the DagBag from /opt/airflow/dags/choose_best_dag.py
[2021-10-16 23:56:28,942] {processor.py:632} INFO - DAG(s) dict_keys(['choose_best_model']) retrieved from /opt/airflow/dags/choose_best_dag.py
[2021-10-16 23:56:28,955] {logging_mixin.py:109} INFO - [2021-10-16 23:56:28,955] {dag.py:2389} INFO - Sync 1 DAGs
[2021-10-16 23:56:28,975] {logging_mixin.py:109} INFO - [2021-10-16 23:56:28,975] {dag.py:2914} INFO - Setting next_dagrun for choose_best_model to 2021-10-15 00:00:00+00:00
[2021-10-16 23:56:28,985] {processor.py:171} INFO - Processing /opt/airflow/dags/choose_best_dag.py took 0.076 seconds
[2021-10-16 23:56:59,076] {processor.py:163} INFO - Started process (PID=2966) to work on /opt/airflow/dags/choose_best_dag.py
[2021-10-16 23:56:59,078] {processor.py:620} INFO - Processing file /opt/airflow/dags/choose_best_dag.py for tasks to queue
[2021-10-16 23:56:59,078] {logging_mixin.py:109} INFO - [2021-10-16 23:56:59,078] {dagbag.py:500} INFO - Filling up the DagBag from /opt/airflow/dags/choose_best_dag.py
[2021-10-16 23:56:59,117] {processor.py:632} INFO - DAG(s) dict_keys(['choose_best_model']) retrieved from /opt/airflow/dags/choose_best_dag.py
[2021-10-16 23:56:59,134] {logging_mixin.py:109} INFO - [2021-10-16 23:56:59,134] {dag.py:2389} INFO - Sync 1 DAGs
[2021-10-16 23:56:59,159] {logging_mixin.py:109} INFO - [2021-10-16 23:56:59,158] {dag.py:2914} INFO - Setting next_dagrun for choose_best_model to 2021-10-15 00:00:00+00:00
[2021-10-16 23:56:59,170] {processor.py:171} INFO - Processing /opt/airflow/dags/choose_best_dag.py took 0.097 seconds
[2021-10-16 23:57:29,534] {processor.py:163} INFO - Started process (PID=3022) to work on /opt/airflow/dags/choose_best_dag.py
[2021-10-16 23:57:29,535] {processor.py:620} INFO - Processing file /opt/airflow/dags/choose_best_dag.py for tasks to queue
[2021-10-16 23:57:29,536] {logging_mixin.py:109} INFO - [2021-10-16 23:57:29,536] {dagbag.py:500} INFO - Filling up the DagBag from /opt/airflow/dags/choose_best_dag.py
[2021-10-16 23:57:29,579] {processor.py:632} INFO - DAG(s) dict_keys(['choose_best_model']) retrieved from /opt/airflow/dags/choose_best_dag.py
[2021-10-16 23:57:29,599] {logging_mixin.py:109} INFO - [2021-10-16 23:57:29,599] {dag.py:2389} INFO - Sync 1 DAGs
[2021-10-16 23:57:29,623] {logging_mixin.py:109} INFO - [2021-10-16 23:57:29,623] {dag.py:2914} INFO - Setting next_dagrun for choose_best_model to 2021-10-15 00:00:00+00:00
[2021-10-16 23:57:29,635] {processor.py:171} INFO - Processing /opt/airflow/dags/choose_best_dag.py took 0.106 seconds
[2021-10-16 23:58:00,042] {processor.py:163} INFO - Started process (PID=3078) to work on /opt/airflow/dags/choose_best_dag.py
[2021-10-16 23:58:00,044] {processor.py:620} INFO - Processing file /opt/airflow/dags/choose_best_dag.py for tasks to queue
[2021-10-16 23:58:00,045] {logging_mixin.py:109} INFO - [2021-10-16 23:58:00,045] {dagbag.py:500} INFO - Filling up the DagBag from /opt/airflow/dags/choose_best_dag.py
[2021-10-16 23:58:00,082] {processor.py:632} INFO - DAG(s) dict_keys(['choose_best_model']) retrieved from /opt/airflow/dags/choose_best_dag.py
[2021-10-16 23:58:00,099] {logging_mixin.py:109} INFO - [2021-10-16 23:58:00,098] {dag.py:2389} INFO - Sync 1 DAGs
[2021-10-16 23:58:00,123] {logging_mixin.py:109} INFO - [2021-10-16 23:58:00,123] {dag.py:2914} INFO - Setting next_dagrun for choose_best_model to 2021-10-15 00:00:00+00:00
[2021-10-16 23:58:00,132] {processor.py:171} INFO - Processing /opt/airflow/dags/choose_best_dag.py took 0.098 seconds
[2021-10-16 23:58:30,320] {processor.py:163} INFO - Started process (PID=3145) to work on /opt/airflow/dags/choose_best_dag.py
[2021-10-16 23:58:30,321] {processor.py:620} INFO - Processing file /opt/airflow/dags/choose_best_dag.py for tasks to queue
[2021-10-16 23:58:30,322] {logging_mixin.py:109} INFO - [2021-10-16 23:58:30,322] {dagbag.py:500} INFO - Filling up the DagBag from /opt/airflow/dags/choose_best_dag.py
[2021-10-16 23:58:30,350] {processor.py:632} INFO - DAG(s) dict_keys(['choose_best_model']) retrieved from /opt/airflow/dags/choose_best_dag.py
[2021-10-16 23:58:30,360] {logging_mixin.py:109} INFO - [2021-10-16 23:58:30,360] {dag.py:2389} INFO - Sync 1 DAGs
[2021-10-16 23:58:30,378] {logging_mixin.py:109} INFO - [2021-10-16 23:58:30,378] {dag.py:2914} INFO - Setting next_dagrun for choose_best_model to 2021-10-15 00:00:00+00:00
[2021-10-16 23:58:30,385] {processor.py:171} INFO - Processing /opt/airflow/dags/choose_best_dag.py took 0.068 seconds
[2021-10-16 23:59:00,451] {processor.py:163} INFO - Started process (PID=3201) to work on /opt/airflow/dags/choose_best_dag.py
[2021-10-16 23:59:00,452] {processor.py:620} INFO - Processing file /opt/airflow/dags/choose_best_dag.py for tasks to queue
[2021-10-16 23:59:00,453] {logging_mixin.py:109} INFO - [2021-10-16 23:59:00,453] {dagbag.py:500} INFO - Filling up the DagBag from /opt/airflow/dags/choose_best_dag.py
[2021-10-16 23:59:00,482] {processor.py:632} INFO - DAG(s) dict_keys(['choose_best_model']) retrieved from /opt/airflow/dags/choose_best_dag.py
[2021-10-16 23:59:00,494] {logging_mixin.py:109} INFO - [2021-10-16 23:59:00,494] {dag.py:2389} INFO - Sync 1 DAGs
[2021-10-16 23:59:00,512] {logging_mixin.py:109} INFO - [2021-10-16 23:59:00,511] {dag.py:2914} INFO - Setting next_dagrun for choose_best_model to 2021-10-15 00:00:00+00:00
[2021-10-16 23:59:00,520] {processor.py:171} INFO - Processing /opt/airflow/dags/choose_best_dag.py took 0.071 seconds
[2021-10-16 23:59:31,200] {processor.py:163} INFO - Started process (PID=3258) to work on /opt/airflow/dags/choose_best_dag.py
[2021-10-16 23:59:31,201] {processor.py:620} INFO - Processing file /opt/airflow/dags/choose_best_dag.py for tasks to queue
[2021-10-16 23:59:31,202] {logging_mixin.py:109} INFO - [2021-10-16 23:59:31,202] {dagbag.py:500} INFO - Filling up the DagBag from /opt/airflow/dags/choose_best_dag.py
[2021-10-16 23:59:31,228] {processor.py:632} INFO - DAG(s) dict_keys(['choose_best_model']) retrieved from /opt/airflow/dags/choose_best_dag.py
[2021-10-16 23:59:31,238] {logging_mixin.py:109} INFO - [2021-10-16 23:59:31,238] {dag.py:2389} INFO - Sync 1 DAGs
[2021-10-16 23:59:31,254] {logging_mixin.py:109} INFO - [2021-10-16 23:59:31,254] {dag.py:2914} INFO - Setting next_dagrun for choose_best_model to 2021-10-15 00:00:00+00:00
[2021-10-16 23:59:31,261] {processor.py:171} INFO - Processing /opt/airflow/dags/choose_best_dag.py took 0.064 seconds
